Connect MD5 differential paths
Copyright (C) 2009 Marc Stevens
http://homepages.cwi.nl/~stevens/

delta_m[11] = [!13!]
Loading workdir4/paths16_0of1.bin.gz...done: 500000.
Loading workdir4/paths11_0of1.bin.gz...done: 500000.
t=12: 0%   10   20   30   40   50   60   70   80   90   100%
      |----|----|----|----|----|----|----|----|----|----|
      *Q-3:	|00110000 11101010 10011101 01110110|
Q-2:	|-011-01- +1000111 01110101 0110101-|
Q-1:	|+000-111 -0011011 01001011 10000-++|
Q0:	|+111--++ 0000+-01 +-110010 0110000-| ok p=0.55957
Q1:	|.-...-+- 1...0+.. 1+..0.10 ....-00+| ok p=0.700195
Q2:	|0-..1.+- ....1+^. 10..+.++ ...01..+| ok p=1
Q3:	|1+...1.+ ....---. .1..-0-0 ...01...| ok p=1
Q4:	|1-....0+ ..^!010. ....-1-1 ...+...0| ok p=1
Q5:	|1+0....+ ..+.011. ....---+ .!.-.0..| ok p=1
Q6:	|000..^.+ ..0..... 0...001- ...+.1..| ok p=1
Q7:	|10-0.-.- ..0..... 0...1+0- ...-.+..| ok p=1
Q8:	|..-1.0.1 ..1..... +...++1- ...-.1..| ok p=1
Q9:	|!..-.1.0 ....1..1 -..1+1-- ..!..1..| ok p=1
Q10:	|000-1010 0.1^1100 -..101+. 01.1.001| ok p=1
Q11:	|01100011 1^0--01- 1.1-+.10 11000110| ok p=1
Q12:	|++++++-+ +++1-+-+ 0^0-+^0. +-1+1--+| ok p=1
Q13:	|-+1----- -0-1+-0- -+-0++11 +++1+011| ok p=1
Q14:	|01+100+1 110011+1 01+010-0 .0101100| ok p=1
Q15:	|-110010- 110-1010 00--010- 001+10..| ok p=0.501953
Q16:	|..1..1-. .-.-.01. ..0...0+ .0......| ok p=0.774414
Q17:	|^.0..1.^ .0.0.1.. -.0^...1 .1.^.+..| ok p=0.728516
Q18:	|..0..+^. .+.1.-.. -.1....1 .+...+..| ok p=0.43457
Q19:	|..-..... ........ +.+....+ ....0-..| ok p=0.835938
Q20:	|0...0^.. .^...^.1 +...0... .^..1-..| ok p=1
Q21:	|1.^.1... .0.....1 +.^.1..^ ....-0..| ok p=0.514648
Q22:	|-...-... .1.....+ 1...+... .....0..| ok p=0.416016
Q23:	|........ .+.0...1 0......0 ....^...| ok p=0.994141
Q24:	|^...^.0. ...1...0 ....^..1 ...0....| ok p=0.999023
Q25:	|........ .^.-.... .......- ...1....| ok p=0.526367
Q26:	|.....0+. ........ ..0..... ...-....| ok p=1
Q27:	|.....1+. ...^.... ..1....^ ........| ok p=0.99707
Q28:	|.....+-. ........ ..+..... ...^....| ok p=0.990234
Q29:	|......0. ........ ..0..... ........| ok p=1
Q30:	|.....^1. ........ ..-..... ........| ok p=1
Q31:	|........ ........ ..-..... ........| ok p=0.994141
Q32:	|........ ........ ........ ........| ok p=1
Q33:	|........ ........ ..!..... ........| ok p=1
Q34:	|........ ........ ........ ........| ok p=1
Q35:	|........ ........ ........ ........| ok p=1
Q36:	|........ ........ ........ ........| ok p=1
Q37:	|........ ........ ........ ........| ok p=1
Q38:	|........ ........ ........ ........| ok p=1
Q39:	|........ ........ ........ ........| ok p=1
Q40:	|........ ........ ........ ........| ok p=1
Q41:	|........ ........ ........ ........| ok p=1
Q42:	|........ ........ ........ ........| ok p=1
Q43:	|........ ........ ........ ........| ok p=1
Q44:	|........ ........ ........ ........| ok p=1
Q45:	|........ ........ ........ ........| ok p=1
Q46:	|........ ........ ........ ........| ok p=1
Q47:	|........ ........ ........ ........| ok p=1
Q48:	|........ ........ ........ ........| ok p=1
Q49:	|........ ........ ........ ........| ok p=1
Q50:	|........ ........ ........ ........| ok p=1
Q51:	|........ ........ ........ ........| ok p=1
Q52:	|........ ........ ........ ........| ok p=1
Q53:	|........ ........ ........ ........| ok p=1
Q54:	|........ ........ ........ ........| ok p=1
Q55:	|........ ........ ........ ........| ok p=1
Q56:	|........ ........ ........ ........| ok p=1
Q57:	|........ ........ ........ ........| ok p=1
Q58:	|........ ........ ........ ........| ok p=1
Q59:	|........ ........ ........ ........| ok p=1
Q60:	|........ 0....... ........ ........| ok p=1
Q61:	|......10 1....... ........ ........| ok p=0.994141
Q62:	|......1. +....... ........ ........| ok p=1
Q63:	|......+- -....... ........ ........| ok p=0.995117
Q64:	|........ +....... .-...... ........|
Best path: totcompl=-31 tottunnel=34, totcond=557, p=0.00411791
Q-3:	|00110000 11101010 10011101 01110110|
Q-2:	|-011-01- +1000111 01110101 0110101-|
Q-1:	|+000-111 -0011011 01001011 10000-++|
Q0:	|+111--++ 0000+-01 +-110010 0110000-| ok p=0.538086
Q1:	|.-...-+- 1...0+.. 1+..0.10 ....-00+| ok p=0.750977
Q2:	|0-..1.+- ....1+^. 10..+.++ ...01..+| ok p=1
Q3:	|1+...1.+ ....---. .1..-0-0 ...01...| ok p=1
Q4:	|1-....0+ ..^!010. ....-1-1 ...+...0| ok p=1
Q5:	|1+0....+ ..+.011. ....---+ ..!-.0..| ok p=1
Q6:	|000..^.+ ..0..... 0...001- ...+.1..| ok p=1
Q7:	|10-0.-.- ..0..... 0...1+0- ...-.+..| ok p=1
Q8:	|..-1.0.1 ...!.... +...++1- ...-.1..| ok p=1
Q9:	|.!.-.1.0 ....1..0 -...+.-- .!...1..| ok p=1
Q10:	|.11-1010 0.1^1100 -^1011+. ...1010.| ok p=1
Q11:	|.1000011 1^0--01- 1+11-.10 1000001^| ok p=1
Q12:	|1-++++-+ +++1-+-+ 00+++^0. 011+-+-+| ok p=1
Q13:	|0-1----- -0-1+-0- -+-+0-10 +++1+101| ok p=1
Q14:	|01+010+1 110011+1 110000-0 01101100| ok p=1
Q15:	|-110010- 110-1010 01--.01- 111+10..| ok p=0.50293
Q16:	|..1..1-. .-.-.01. ..1...1+ .0......| ok p=0.758789
Q17:	|^.0..1.^ .0.0.1.. -.0^...1 .1.^.+..| ok p=0.6875
Q18:	|..0..+^. .+.1.-.. -.1....1 .+...+..| ok p=0.444336
Q19:	|..-..... ........ +.+....+ ....0-..| ok p=0.853516
Q20:	|0...0^.. .^...^.1 +...0... .^..1-..| ok p=1
Q21:	|1.^.1... .0.....1 +.^.1..^ ....-0..| ok p=0.489258
Q22:	|-...-... .1.....+ 1...+... .....0..| ok p=0.431641
Q23:	|........ .+.0...1 0......0 ....^...| ok p=0.99707
Q24:	|^...^.0. ...1...0 ....^..1 ...0....| ok p=0.999023
Q25:	|........ .^.-.... .......- ...1....| ok p=0.532227
Q26:	|.....0+. ........ ..0..... ...-....| ok p=1
Q27:	|.....1+. ...^.... ..1....^ ........| ok p=0.991211
Q28:	|.....+-. ........ ..+..... ...^....| ok p=0.990234
Q29:	|......0. ........ ..0..... ........| ok p=1
Q30:	|.....^1. ........ ..-..... ........| ok p=1
Q31:	|........ ........ ..-..... ........| ok p=0.993164
Q32:	|........ ........ ........ ........| ok p=1
Q33:	|........ ........ ..!..... ........| ok p=1
Q34:	|........ ........ ........ ........| ok p=1
Q35:	|........ ........ ........ ........| ok p=1
Q36:	|........ ........ ........ ........| ok p=1
Q37:	|........ ........ ........ ........| ok p=1
Q38:	|........ ........ ........ ........| ok p=1
Q39:	|........ ........ ........ ........| ok p=1
Q40:	|........ ........ ........ ........| ok p=1
Q41:	|........ ........ ........ ........| ok p=1
Q42:	|........ ........ ........ ........| ok p=1
Q43:	|........ ........ ........ ........| ok p=1
Q44:	|........ ........ ........ ........| ok p=1
Q45:	|........ ........ ........ ........| ok p=1
Q46:	|........ ........ ........ ........| ok p=1
Q47:	|........ ........ ........ ........| ok p=1
Q48:	|........ ........ ........ ........| ok p=1
Q49:	|........ ........ ........ ........| ok p=1
Q50:	|........ ........ ........ ........| ok p=1
Q51:	|........ ........ ........ ........| ok p=1
Q52:	|........ ........ ........ ........| ok p=1
Q53:	|........ ........ ........ ........| ok p=1
Q54:	|........ ........ ........ ........| ok p=1
Q55:	|........ ........ ........ ........| ok p=1
Q56:	|........ ........ ........ ........| ok p=1
Q57:	|........ ........ ........ ........| ok p=1
Q58:	|........ ........ ........ ........| ok p=1
Q59:	|........ ........ ........ ........| ok p=1
Q60:	|........ 0....... ........ ........| ok p=1
Q61:	|......10 1....... ........ ........| ok p=0.994141
Q62:	|......1. +....... ........ ........| ok p=1
Q63:	|......+- -....... ........ ........| ok p=0.994141
Q64:	|........ +....... .-...... ........|
Best path: totcompl=-31 tottunnel=34, totcond=554, p=0.00406579
Best paths: 2
Q-3:	|00110000 11101010 10011101 01110110|
Q-2:	|-011-01- +1000111 01110101 0110101-|
Q-1:	|+000-111 -0011011 01001011 10000-++|
Q0:	|+111--++ 0000+-01 +-110010 0110000-| ok p=0.568359
Q1:	|.-...-+- 1...0+.. 1+..0.10 ....-00+| ok p=0.733398
Q2:	|0-..1.+- ....1+^. 10..+.++ ...01..+| ok p=1
Q3:	|1+...1.+ ....---. .1..-0-0 ...01...| ok p=1
Q4:	|1-....0+ ..^!010. ....-1-1 ...+...0| ok p=1
Q5:	|1+0....+ ..+.011. ....---+ .!.-.0..| ok p=1
Q6:	|000..^.+ ..0..... 0...001- ...+.1..| ok p=1
Q7:	|10-0.-.- ..0..... 0...1+0- ...-.+..| ok p=1
Q8:	|..-1.0.1 ....!... +...++1- ...-.1..| ok p=1
Q9:	|.!.-.1.0 ....1..0 -...+.-- .!...1..| ok p=1
Q10:	|.11-1010 0.1^1100 -^1011+. ...1.00.| ok p=1
Q11:	|.1000011 1^0--01- 1+11-.10 1000011^| ok p=1
Q12:	|1-++++-+ +++1-+-+ 00+++^0. 011+1--+| ok p=1
Q13:	|0-1----- -0-1+-0- -+-+0-10 +++1+101| ok p=1
Q14:	|01+010+1 110011+1 110000-0 01101100| ok p=1
Q15:	|-110010- 110-1010 01--.01- 111+10..| ok p=0.536133
Q16:	|..1..1-. .-.-.01. ..1...1+ .0......| ok p=0.753906
Q17:	|^.0..1.^ .0.0.1.. -.0^...1 .1.^.+..| ok p=0.685547
Q18:	|..0..+^. .+.1.-.. -.1....1 .+...+..| ok p=0.44043
Q19:	|..-..... ........ +.+....+ ....0-..| ok p=0.860352
Q20:	|0...0^.. .^...^.1 +...0... .^..1-..| ok p=1
Q21:	|1.^.1... .0.....1 +.^.1..^ ....-0..| ok p=0.483398
Q22:	|-...-... .1.....+ 1...+... .....0..| ok p=0.361328
Q23:	|........ .+.0...1 0......0 ....^...| ok p=0.994141
Q24:	|^...^.0. ...1...0 ....^..1 ...0....| ok p=0.999023
Q25:	|........ .^.-.... .......- ...1....| ok p=0.537109
Q26:	|.....0+. ........ ..0..... ...-....| ok p=1
Q27:	|.....1+. ...^.... ..1....^ ........| ok p=0.994141
Q28:	|.....+-. ........ ..+..... ...^....| ok p=0.989258
Q29:	|......0. ........ ..0..... ........| ok p=1
Q30:	|.....^1. ........ ..-..... ........| ok p=1
Q31:	|........ ........ ..-..... ........| ok p=0.992188
Q32:	|........ ........ ........ ........| ok p=1
Q33:	|........ ........ ..!..... ........| ok p=1
Q34:	|........ ........ ........ ........| ok p=1
Q35:	|........ ........ ........ ........| ok p=1
Q36:	|........ ........ ........ ........| ok p=1
Q37:	|........ ........ ........ ........| ok p=1
Q38:	|........ ........ ........ ........| ok p=1
Q39:	|........ ........ ........ ........| ok p=1
Q40:	|........ ........ ........ ........| ok p=1
Q41:	|........ ........ ........ ........| ok p=1
Q42:	|........ ........ ........ ........| ok p=1
Q43:	|........ ........ ........ ........| ok p=1
Q44:	|........ ........ ........ ........| ok p=1
Q45:	|........ ........ ........ ........| ok p=1
Q46:	|........ ........ ........ ........| ok p=1
Q47:	|........ ........ ........ ........| ok p=1
Q48:	|........ ........ ........ ........| ok p=1
Q49:	|........ ........ ........ ........| ok p=1
Q50:	|........ ........ ........ ........| ok p=1
Q51:	|........ ........ ........ ........| ok p=1
Q52:	|........ ........ ........ ........| ok p=1
Q53:	|........ ........ ........ ........| ok p=1
Q54:	|........ ........ ........ ........| ok p=1
Q55:	|........ ........ ........ ........| ok p=1
Q56:	|........ ........ ........ ........| ok p=1
Q57:	|........ ........ ........ ........| ok p=1
Q58:	|........ ........ ........ ........| ok p=1
Q59:	|........ ........ ........ ........| ok p=1
Q60:	|........ 0....... ........ ........| ok p=1
Q61:	|......10 1....... ........ ........| ok p=0.998047
Q62:	|......1. +....... ........ ........| ok p=1
Q63:	|......+- -....... ........ ........| ok p=0.991211
Q64:	|........ +....... .-...... ........|
Best path: totcompl=-30 tottunnel=35, totcond=553, p=0.00461215
Best paths: 2
Q-3:	|00110000 11101010 10011101 01110110|
Q-2:	|-011-01- +1000111 01110101 0110101-|
Q-1:	|+000-111 -0011011 01001011 10000-++|
Q0:	|+111--++ 0000+-01 +-110010 0110000-| ok p=0.542969
Q1:	|.-...-+- 1...0+.. 1+..0.10 ....-00+| ok p=0.71875
Q2:	|0-..1.+- ....1+^. 10..+.++ ...01..+| ok p=1
Q3:	|1+...1.+ ....---. .1..-0-0 ...01...| ok p=1
Q4:	|1-....0+ ..^!010. ....-1-1 ...+...0| ok p=1
Q5:	|1+0....+ ..+.011. ....---+ ..!-.0..| ok p=1
Q6:	|000..^.+ ..0..... 0...001- ...+.1..| ok p=1
Q7:	|10-0.-.- ..0..... 0...1+0- ...-.+..| ok p=1
Q8:	|..-1.0.1 ...!.... +...++1- ...-.1..| ok p=1
Q9:	|!..-.1.0 ....1..0 -...+.-- .!...1..| ok p=1
Q10:	|.11-1010 0.1^1100 -^1011+. ...1.00.| ok p=1
Q11:	|.1000011 1^0--01- 1+11-.10 .100011^| ok p=1
Q12:	|1-++++-+ +++1-+-+ 00+++^0. ^01+1--+| ok p=1
Q13:	|0-1----- -0-1+-0- -+-+0-10 +++1+101| ok p=1
Q14:	|01+010+1 110011+1 110000-0 01101100| ok p=1
Q15:	|-110010- 110-1010 01--.01- 111+10..| ok p=0.542969
Q16:	|..1..1-. .-.-.01. ..1...1+ .0......| ok p=0.753906
Q17:	|^.0..1.^ .0.0.1.. -.0^...1 .1.^.+..| ok p=0.699219
Q18:	|..0..+^. .+.1.-.. -.1....1 .+...+..| ok p=0.433594
Q19:	|..-..... ........ +.+....+ ....0-..| ok p=0.861328
Q20:	|0...0^.. .^...^.1 +...0... .^..1-..| ok p=1
Q21:	|1.^.1... .0.....1 +.^.1..^ ....-0..| ok p=0.479492
Q22:	|-...-... .1.....+ 1...+... .....0..| ok p=0.410156
Q23:	|........ .+.0...1 0......0 ....^...| ok p=0.99707
Q24:	|^...^.0. ...1...0 ....^..1 ...0....| ok p=0.999023
Q25:	|........ .^.-.... .......- ...1....| ok p=0.521484
Q26:	|.....0+. ........ ..0..... ...-....| ok p=1
Q27:	|.....1+. ...^.... ..1....^ ........| ok p=0.992188
Q28:	|.....+-. ........ ..+..... ...^....| ok p=0.991211
Q29:	|......0. ........ ..0..... ........| ok p=1
Q30:	|.....^1. ........ ..-..... ........| ok p=1
Q31:	|........ ........ ..-..... ........| ok p=0.992188
Q32:	|........ ........ ........ ........| ok p=1
Q33:	|........ ........ ..!..... ........| ok p=1
Q34:	|........ ........ ........ ........| ok p=1
Q35:	|........ ........ ........ ........| ok p=1
Q36:	|........ ........ ........ ........| ok p=1
Q37:	|........ ........ ........ ........| ok p=1
Q38:	|........ ........ ........ ........| ok p=1
Q39:	|........ ........ ........ ........| ok p=1
Q40:	|........ ........ ........ ........| ok p=1
Q41:	|........ ........ ........ ........| ok p=1
Q42:	|........ ........ ........ ........| ok p=1
Q43:	|........ ........ ........ ........| ok p=1
Q44:	|........ ........ ........ ........| ok p=1
Q45:	|........ ........ ........ ........| ok p=1
Q46:	|........ ........ ........ ........| ok p=1
Q47:	|........ ........ ........ ........| ok p=1
Q48:	|........ ........ ........ ........| ok p=1
Q49:	|........ ........ ........ ........| ok p=1
Q50:	|........ ........ ........ ........| ok p=1
Q51:	|........ ........ ........ ........| ok p=1
Q52:	|........ ........ ........ ........| ok p=1
Q53:	|........ ........ ........ ........| ok p=1
Q54:	|........ ........ ........ ........| ok p=1
Q55:	|........ ........ ........ ........| ok p=1
Q56:	|........ ........ ........ ........| ok p=1
Q57:	|........ ........ ........ ........| ok p=1
Q58:	|........ ........ ........ ........| ok p=1
Q59:	|........ ........ ........ ........| ok p=1
Q60:	|........ 0....... ........ ........| ok p=1
Q61:	|......10 1....... ........ ........| ok p=0.994141
Q62:	|......1. +....... ........ ........| ok p=1
Q63:	|......+- -....... ........ ........| ok p=0.993164
Q64:	|........ +....... .-...... ........|
Best path: totcompl=-30 tottunnel=35, totcond=552, p=0.00390578
Best paths: 2
Q-3:	|00110000 11101010 10011101 01110110|
Q-2:	|-011-01- +1000111 01110101 0110101-|
Q-1:	|+000-111 -0011011 01001011 10000-++|
Q0:	|+111--++ 0000+-01 +-110010 0110000-| ok p=0.582031
Q1:	|.-...-+- 1...0+.. 1+..0.10 ....-00+| ok p=0.726562
Q2:	|0-..1.+- ....1+^. 10..+.++ ...01..+| ok p=1
Q3:	|1+...1.+ ....---. .1..-0-0 ...01...| ok p=1
Q4:	|1-....0+ ..^!010. ....-1-1 ...+...0| ok p=1
Q5:	|1+0....+ ..+.011. ....---+ ..!-.0..| ok p=1
Q6:	|000..^.+ ..0..... 0...001- ...+.1..| ok p=1
Q7:	|10-0.-.- ..0..... 0...1+0- ...-.+..| ok p=1
Q8:	|..-1.0.1 ...!.... +...++1- ...-.1..| ok p=1
Q9:	|!..-.1.0 .......0 -...+.-- ..!..1..| ok p=1
Q10:	|.11-1010 0.1^^000 -^1011+. ...1.00.| ok p=1
Q11:	|.1000011 1^0--11- 1+11-.10 1000011^| ok p=1
Q12:	|1-++++-+ +++10--+ 00+++^0. 011+1--+| ok p=1
Q13:	|0-1----- -0-1+-0- -+-+0-10 +++1+101| ok p=1
Q14:	|01+010+1 11001.+1 110000-0 01101100| ok p=1
Q15:	|-110010- 110-1010 01--.01- 111+10..| ok p=0.52832
Q16:	|..1..1-. .-.-.01. ..1...1+ .0......| ok p=0.744141
Q17:	|^.0..1.^ .0.0.1.. -.0^...1 .1.^.+..| ok p=0.698242
Q18:	|..0..+^. .+.1.-.. -.1....1 .+...+..| ok p=0.46582
Q19:	|..-..... ........ +.+....+ ....0-..| ok p=0.836914
Q20:	|0...0^.. .^...^.1 +...0... .^..1-..| ok p=1
Q21:	|1.^.1... .0.....1 +.^.1..^ ....-0..| ok p=0.489258
Q22:	|-...-... .1.....+ 1...+... .....0..| ok p=0.40918
Q23:	|........ .+.0...1 0......0 ....^...| ok p=0.994141
Q24:	|^...^.0. ...1...0 ....^..1 ...0....| ok p=0.999023
Q25:	|........ .^.-.... .......- ...1....| ok p=0.520508
Q26:	|.....0+. ........ ..0..... ...-....| ok p=1
Q27:	|.....1+. ...^.... ..1....^ ........| ok p=0.990234
Q28:	|.....+-. ........ ..+..... ...^....| ok p=0.992188
Q29:	|......0. ........ ..0..... ........| ok p=1
Q30:	|.....^1. ........ ..-..... ........| ok p=1
Q31:	|........ ........ ..-..... ........| ok p=0.995117
Q32:	|........ ........ ........ ........| ok p=1
Q33:	|........ ........ ..!..... ........| ok p=1
Q34:	|........ ........ ........ ........| ok p=1
Q35:	|........ ........ ........ ........| ok p=1
Q36:	|........ ........ ........ ........| ok p=1
Q37:	|........ ........ ........ ........| ok p=1
Q38:	|........ ........ ........ ........| ok p=1
Q39:	|........ ........ ........ ........| ok p=1
Q40:	|........ ........ ........ ........| ok p=1
Q41:	|........ ........ ........ ........| ok p=1
Q42:	|........ ........ ........ ........| ok p=1
Q43:	|........ ........ ........ ........| ok p=1
Q44:	|........ ........ ........ ........| ok p=1
Q45:	|........ ........ ........ ........| ok p=1
Q46:	|........ ........ ........ ........| ok p=1
Q47:	|........ ........ ........ ........| ok p=1
Q48:	|........ ........ ........ ........| ok p=1
Q49:	|........ ........ ........ ........| ok p=1
Q50:	|........ ........ ........ ........| ok p=1
Q51:	|........ ........ ........ ........| ok p=1
Q52:	|........ ........ ........ ........| ok p=1
Q53:	|........ ........ ........ ........| ok p=1
Q54:	|........ ........ ........ ........| ok p=1
Q55:	|........ ........ ........ ........| ok p=1
Q56:	|........ ........ ........ ........| ok p=1
Q57:	|........ ........ ........ ........| ok p=1
Q58:	|........ ........ ........ ........| ok p=1
Q59:	|........ ........ ........ ........| ok p=1
Q60:	|........ 0....... ........ ........| ok p=1
Q61:	|......10 1....... ........ ........| ok p=0.99707
Q62:	|......1. +....... ........ ........| ok p=1
Q63:	|......+- -....... ........ ........| ok p=0.994141
Q64:	|........ +....... .-...... ........|
Best path: totcompl=-28 tottunnel=37, totcond=551, p=0.00412244
Q-3:	|00110000 11101010 10011101 01110110|
Q-2:	|-011-01- +1000111 01110101 0110101-|
Q-1:	|+000-111 -0011011 01001011 10000-++|
Q0:	|+111--++ 0000+-01 +-110010 0110000-| ok p=0.55957
Q1:	|.-...-+- 1...0+.. 1+..0.10 ....-00+| ok p=0.729492
Q2:	|0-..1.+- ....1+^. 10..+.++ ...01..+| ok p=1
Q3:	|1+...1.+ ....---. .1..-0-0 ...01...| ok p=1
Q4:	|1-....0+ ..^!010. ....-1-1 ...+...0| ok p=1
Q5:	|1+0....+ ..+.011. ....---+ .!.-.0..| ok p=1
Q6:	|000..^.+ ..0..... 0...001- ...+.1..| ok p=1
Q7:	|10-0.-.- ..0..... 0...1+0- ...-.+..| ok p=1
Q8:	|..-1.0.1 ....!... +...++1- ...-.1..| ok p=1
Q9:	|!..-.1.0 .......0 -...+.-- ..!..1..| ok p=1
Q10:	|.11-11.1 0.1^^000 -^1011+. ...1.00.| ok p=1
Q11:	|.1000100 1^0--11- 1+11-.10 1000011^| ok p=1
Q12:	|1-++++1- +++10--+ 00+++^0. 011+1--+| ok p=1
Q13:	|0-1----- -0-1+-0- -+-+0-10 +++1+101| ok p=1
Q14:	|01+010+1 11001.+1 110000-0 01101100| ok p=1
Q15:	|-110010- 110-1010 01--.01- 111+10..| ok p=0.521484
Q16:	|..1..1-. .-.-.01. ..1...1+ .0......| ok p=0.725586
Q17:	|^.0..1.^ .0.0.1.. -.0^...1 .1.^.+..| ok p=0.709961
Q18:	|..0..+^. .+.1.-.. -.1....1 .+...+..| ok p=0.430664
Q19:	|..-..... ........ +.+....+ ....0-..| ok p=0.861328
Q20:	|0...0^.. .^...^.1 +...0... .^..1-..| ok p=1
Q21:	|1.^.1... .0.....1 +.^.1..^ ....-0..| ok p=0.475586
Q22:	|-...-... .1.....+ 1...+... .....0..| ok p=0.432617
Q23:	|........ .+.0...1 0......0 ....^...| ok p=0.996094
Q24:	|^...^.0. ...1...0 ....^..1 ...0....| ok p=1
Q25:	|........ .^.-.... .......- ...1....| ok p=0.536133
Q26:	|.....0+. ........ ..0..... ...-....| ok p=1
Q27:	|.....1+. ...^.... ..1....^ ........| ok p=0.990234
Q28:	|.....+-. ........ ..+..... ...^....| ok p=0.992188
Q29:	|......0. ........ ..0..... ........| ok p=1
Q30:	|.....^1. ........ ..-..... ........| ok p=1
Q31:	|........ ........ ..-..... ........| ok p=0.990234
Q32:	|........ ........ ........ ........| ok p=1
Q33:	|........ ........ ..!..... ........| ok p=1
Q34:	|........ ........ ........ ........| ok p=1
Q35:	|........ ........ ........ ........| ok p=1
Q36:	|........ ........ ........ ........| ok p=1
Q37:	|........ ........ ........ ........| ok p=1
Q38:	|........ ........ ........ ........| ok p=1
Q39:	|........ ........ ........ ........| ok p=1
Q40:	|........ ........ ........ ........| ok p=1
Q41:	|........ ........ ........ ........| ok p=1
Q42:	|........ ........ ........ ........| ok p=1
Q43:	|........ ........ ........ ........| ok p=1
Q44:	|........ ........ ........ ........| ok p=1
Q45:	|........ ........ ........ ........| ok p=1
Q46:	|........ ........ ........ ........| ok p=1
Q47:	|........ ........ ........ ........| ok p=1
Q48:	|........ ........ ........ ........| ok p=1
Q49:	|........ ........ ........ ........| ok p=1
Q50:	|........ ........ ........ ........| ok p=1
Q51:	|........ ........ ........ ........| ok p=1
Q52:	|........ ........ ........ ........| ok p=1
Q53:	|........ ........ ........ ........| ok p=1
Q54:	|........ ........ ........ ........| ok p=1
Q55:	|........ ........ ........ ........| ok p=1
Q56:	|........ ........ ........ ........| ok p=1
Q57:	|........ ........ ........ ........| ok p=1
Q58:	|........ ........ ........ ........| ok p=1
Q59:	|........ ........ ........ ........| ok p=1
Q60:	|........ 0....... ........ ........| ok p=1
Q61:	|......10 1....... ........ ........| ok p=0.995117
Q62:	|......1. +....... ........ ........| ok p=1
Q63:	|......+- -....... ........ ........| ok p=0.987305
Q64:	|........ +....... .-...... ........|
Best path: totcompl=-28 tottunnel=37, totcond=550, p=0.00410482
Q-3:	|00110000 11101010 10011101 01110110|
Q-2:	|-011-01- +1000111 01110101 0110101-|
Q-1:	|+000-111 -0011011 01001011 10000-++|
Q0:	|+111--++ 0000+-01 +-110010 0110000-| ok p=0.585938
Q1:	|.-...-+- 1...0+.. 1+..0.10 ....-00+| ok p=0.723633
Q2:	|0-..1.+- ....1+^. 10..+.++ ...01..+| ok p=1
Q3:	|1+...1.+ ....---. .1..-0-0 ...01...| ok p=1
Q4:	|1-....0+ ..^!010. ....-1-1 ...+...0| ok p=1
Q5:	|1+0....+ ..+.011. ....---+ .!.-.0..| ok p=1
Q6:	|000..^.+ ..0..... 0...001- ...+.1..| ok p=1
Q7:	|10-0.-.- ..0..... 0...1+0- ...-.+..| ok p=1
Q8:	|..-1.0.1 ...!.... +...++1- ...-.1..| ok p=1
Q9:	|!..-.1.0 ...01..1 -...+.-- ..!..1..| ok p=1
Q10:	|000-1.11 10011110 -..^11+1 0.01...1| ok p=1
Q11:	|01100.00 111--11- 111-+110 11100.^0| ok p=1
Q12:	|+++++^++ +++1-+-+ 0000--1+ -0--1.--| ok p=1
Q13:	|-+1---01 -0-0.+-- -+-+1-01 +++1+.01| ok p=0.509766
Q14:	|0.+10010 10111.+1 01+00.-0 10001.10| ok p=0.513672
Q15:	|-110001- 1-1-.100 00--.00- 001+10..| ok p=0.49707
Q16:	|..1..1-. .1.-.00. ..0...0+ .0......| ok p=0.773438
Q17:	|^.0..1.^ .1.0.1.. -.0^...1 .1.^.+..| ok p=0.708984
Q18:	|..0..+^. .+.1.-.. -.1....1 .+...+..| ok p=0.40918
Q19:	|..-..... ........ +.+....+ ....0-..| ok p=0.833984
Q20:	|0...0^.. .^...^.1 +...0... .^..1-..| ok p=1
Q21:	|1.^.1... .0.....1 +.^.1..^ ....-0..| ok p=0.514648
Q22:	|-...-... .1.....+ 1...+... .....0..| ok p=0.40625
Q23:	|........ .+.0...1 0......0 ....^...| ok p=0.994141
Q24:	|^...^.0. ...1...0 ....^..1 ...0....| ok p=1
Q25:	|........ .^.-.... .......- ...1....| ok p=0.538086
Q26:	|.....0+. ........ ..0..... ...-....| ok p=1
Q27:	|.....1+. ...^.... ..1....^ ........| ok p=0.990234
Q28:	|.....+-. ........ ..+..... ...^....| ok p=0.991211
Q29:	|......0. ........ ..0..... ........| ok p=1
Q30:	|.....^1. ........ ..-..... ........| ok p=1
Q31:	|........ ........ ..-..... ........| ok p=0.994141
Q32:	|........ ........ ........ ........| ok p=1
Q33:	|........ ........ ..!..... ........| ok p=1
Q34:	|........ ........ ........ ........| ok p=1
Q35:	|........ ........ ........ ........| ok p=1
Q36:	|........ ........ ........ ........| ok p=1
Q37:	|........ ........ ........ ........| ok p=1
Q38:	|........ ........ ........ ........| ok p=1
Q39:	|........ ........ ........ ........| ok p=1
Q40:	|........ ........ ........ ........| ok p=1
Q41:	|........ ........ ........ ........| ok p=1
Q42:	|........ ........ ........ ........| ok p=1
Q43:	|........ ........ ........ ........| ok p=1
Q44:	|........ ........ ........ ........| ok p=1
Q45:	|........ ........ ........ ........| ok p=1
Q46:	|........ ........ ........ ........| ok p=1
Q47:	|........ ........ ........ ........| ok p=1
Q48:	|........ ........ ........ ........| ok p=1
Q49:	|........ ........ ........ ........| ok p=1
Q50:	|........ ........ ........ ........| ok p=1
Q51:	|........ ........ ........ ........| ok p=1
Q52:	|........ ........ ........ ........| ok p=1
Q53:	|........ ........ ........ ........| ok p=1
Q54:	|........ ........ ........ ........| ok p=1
Q55:	|........ ........ ........ ........| ok p=1
Q56:	|........ ........ ........ ........| ok p=1
Q57:	|........ ........ ........ ........| ok p=1
Q58:	|........ ........ ........ ........| ok p=1
Q59:	|........ ........ ........ ........| ok p=1
Q60:	|........ 0....... ........ ........| ok p=1
Q61:	|......10 1....... ........ ........| ok p=0.998047
Q62:	|......1. +....... ........ ........| ok p=1
Q63:	|......+- -....... ........ ........| ok p=0.989258
Q64:	|........ +....... .-...... ........|
Best path: totcompl=-28 tottunnel=37, totcond=548, p=0.00104327
Best paths: 2
Best paths: 4
Q-3:	|00110000 11101010 10011101 01110110|
Q-2:	|-011-01- +1000111 01110101 0110101-|
Q-1:	|+000-111 -0011011 01001011 10000-++|
Q0:	|+111--++ 0000+-01 +-110010 0110000-| ok p=0.567383
Q1:	|.-...-+- 1...0+.. 1+..0.10 ....-00+| ok p=0.723633
Q2:	|0-..1.+- ....1+^. 10..+.++ ...01..+| ok p=1
Q3:	|1+...1.+ ....---. .1..-0-0 ...01...| ok p=1
Q4:	|1-....0+ ..^!010. ....-1-1 ...+...0| ok p=1
Q5:	|1+0....+ ..+.011. ....---+ ..!-.0..| ok p=1
Q6:	|000..^.+ ..0..... 0...001- ...+.1..| ok p=1
Q7:	|10-0.-.- ..0..... 0...1+0- ...-.+..| ok p=1
Q8:	|..-1.0.1 ..1..... +...++1- ...-.1..| ok p=1
Q9:	|!..-.1.0 ..0.1..1 -...+1-- .!...1..| ok p=1
Q10:	|.00-.1.1 000.0110 -.1101+0 0.01..00| ok p=1
Q11:	|.1100000 11-.+01- 1.00-011 11100.11| ok p=1
Q12:	|^+011-1- +++.1--+ 0^-+1+++ -0--1.--| ok p=1
Q13:	|+-1----1 -0-11+-- -+-+0-01 +++1+.01| ok p=1
Q14:	|10+00.10 1010.1+1 01+0.0-0 10001.10| ok p=1
Q15:	|-01001-+ 1-0-.100 00--.01- 001+10..| ok p=0.541992
Q16:	|..1..1-. .1.-.00. ..0...1+ .0......| ok p=0.749023
Q17:	|^.0..10^ .1.0.1.. -.0^...1 .1.^.+..| ok p=0.716797
Q18:	|..0..+0. .+.1.-.. -.1....1 .+...+..| ok p=0.460938
Q19:	|..-..... ........ +.+....+ ....0-..| ok p=0.870117
Q20:	|0...0^.. .^...^.1 +...0... .^..1-..| ok p=1
Q21:	|1.^.1... .0.....1 +.^.1..^ ....-0..| ok p=0.489258
Q22:	|-...-... .1.....+ 1...+... .....0..| ok p=0.431641
Q23:	|........ .+.0...1 0......0 ....^...| ok p=0.994141
Q24:	|^...^.0. ...1...0 ....^..1 ...0....| ok p=0.999023
Q25:	|........ .^.-.... .......- ...1....| ok p=0.516602
Q26:	|.....0+. ........ ..0..... ...-....| ok p=1
Q27:	|.....1+. ...^.... ..1....^ ........| ok p=0.991211
Q28:	|.....+-. ........ ..+..... ...^....| ok p=0.992188
Q29:	|......0. ........ ..0..... ........| ok p=1
Q30:	|.....^1. ........ ..-..... ........| ok p=1
Q31:	|........ ........ ..-..... ........| ok p=0.996094
Q32:	|........ ........ ........ ........| ok p=1
Q33:	|........ ........ ..!..... ........| ok p=1
Q34:	|........ ........ ........ ........| ok p=1
Q35:	|........ ........ ........ ........| ok p=1
Q36:	|........ ........ ........ ........| ok p=1
Q37:	|........ ........ ........ ........| ok p=1
Q38:	|........ ........ ........ ........| ok p=1
Q39:	|........ ........ ........ ........| ok p=1
Q40:	|........ ........ ........ ........| ok p=1
Q41:	|........ ........ ........ ........| ok p=1
Q42:	|........ ........ ........ ........| ok p=1
Q43:	|........ ........ ........ ........| ok p=1
Q44:	|........ ........ ........ ........| ok p=1
Q45:	|........ ........ ........ ........| ok p=1
Q46:	|........ ........ ........ ........| ok p=1
Q47:	|........ ........ ........ ........| ok p=1
Q48:	|........ ........ ........ ........| ok p=1
Q49:	|........ ........ ........ ........| ok p=1
Q50:	|........ ........ ........ ........| ok p=1
Q51:	|........ ........ ........ ........| ok p=1
Q52:	|........ ........ ........ ........| ok p=1
Q53:	|........ ........ ........ ........| ok p=1
Q54:	|........ ........ ........ ........| ok p=1
Q55:	|........ ........ ........ ........| ok p=1
Q56:	|........ ........ ........ ........| ok p=1
Q57:	|........ ........ ........ ........| ok p=1
Q58:	|........ ........ ........ ........| ok p=1
Q59:	|........ ........ ........ ........| ok p=1
Q60:	|........ 0....... ........ ........| ok p=1
Q61:	|......10 1....... ........ ........| ok p=0.995117
Q62:	|......1. +....... ........ ........| ok p=1
Q63:	|......+- -....... ........ ........| ok p=0.991211
Q64:	|........ +....... .-...... ........|
Best path: totcompl=-27 tottunnel=38, totcond=547, p=0.00389037
Best paths: 2
Best paths: 4
Q-3:	|00110000 11101010 10011101 01110110|
Q-2:	|-011-01- +1000111 01110101 0110101-|
Q-1:	|+000-111 -0011011 01001011 10000-++|
Q0:	|+111--++ 0000+-01 +-110010 0110000-| ok p=0.549805
Q1:	|.-...-+- 1...0+.. 1+..0.10 ....-00+| ok p=0.71875
Q2:	|0-..1.+- ....1+^. 10..+.++ ...01..+| ok p=1
Q3:	|1+...1.+ ....---. .1..-0-0 ...01...| ok p=1
Q4:	|1-....0+ ..^!010. ....-1-1 ...+...0| ok p=1
Q5:	|1+0....+ ..+.011. ....---+ ..!-.0..| ok p=1
Q6:	|000..^.+ ..0..... 0...001- ...+.1..| ok p=1
Q7:	|10-0.-.- ..0..... 0...1+0- ...-.+..| ok p=1
Q8:	|..-1.0.1 ....!... +...++1- ...-.1..| ok p=1
Q9:	|.!.-.1.0 ..010..0 -...+1-- ..!..1..| ok p=1
Q10:	|..0-1110 10000000 -..101+1 0011..1.| ok p=1
Q11:	|.1100011 11-+-11- 1.11-010 11000.0^| ok p=1
Q12:	|.0-+++-+ +++1-+-+ 0^0-+-+- ----1.--| ok p=1
Q13:	|0-1----- -0-1.+-- -+-+10-- 11-1+.11| ok p=1
Q14:	|00+110+1 10101.+1 010001-0 01.01.10| ok p=1
Q15:	|+110010- 1-0-.100 00--...- ..1+10..| ok p=0.5
Q16:	|..1..1-. .1.-.00. ..1...^+ .0......| ok p=0.750977
Q17:	|^.0..1.^ .1.0.1.. -.0^...1 .1.^.+..| ok p=0.723633
Q18:	|..0..+^. .+.1.-.. -.1....1 .+...+..| ok p=0.454102
Q19:	|..-..... ........ +.+....+ ....0-..| ok p=0.842773
Q20:	|0...0^.. .^...^.1 +...0... .^..1-..| ok p=1
Q21:	|1.^.1... .0.....1 +.^.1..^ ....-0..| ok p=0.514648
Q22:	|-...-... .1.....+ 1...+... .....0..| ok p=0.366211
Q23:	|........ .+.0...1 0......0 ....^...| ok p=0.99707
Q24:	|^...^.0. ...1...0 ....^..1 ...0....| ok p=1
Q25:	|........ .^.-.... .......- ...1....| ok p=0.53125
Q26:	|.....0+. ........ ..0..... ...-....| ok p=1
Q27:	|.....1+. ...^.... ..1....^ ........| ok p=0.998047
Q28:	|.....+-. ........ ..+..... ...^....| ok p=0.992188
Q29:	|......0. ........ ..0..... ........| ok p=1
Q30:	|.....^1. ........ ..-..... ........| ok p=1
Q31:	|........ ........ ..-..... ........| ok p=0.992188
Q32:	|........ ........ ........ ........| ok p=1
Q33:	|........ ........ ..!..... ........| ok p=1
Q34:	|........ ........ ........ ........| ok p=1
Q35:	|........ ........ ........ ........| ok p=1
Q36:	|........ ........ ........ ........| ok p=1
Q37:	|........ ........ ........ ........| ok p=1
Q38:	|........ ........ ........ ........| ok p=1
Q39:	|........ ........ ........ ........| ok p=1
Q40:	|........ ........ ........ ........| ok p=1
Q41:	|........ ........ ........ ........| ok p=1
Q42:	|........ ........ ........ ........| ok p=1
Q43:	|........ ........ ........ ........| ok p=1
Q44:	|........ ........ ........ ........| ok p=1
Q45:	|........ ........ ........ ........| ok p=1
Q46:	|........ ........ ........ ........| ok p=1
Q47:	|........ ........ ........ ........| ok p=1
Q48:	|........ ........ ........ ........| ok p=1
Q49:	|........ ........ ........ ........| ok p=1
Q50:	|........ ........ ........ ........| ok p=1
Q51:	|........ ........ ........ ........| ok p=1
Q52:	|........ ........ ........ ........| ok p=1
Q53:	|........ ........ ........ ........| ok p=1
Q54:	|........ ........ ........ ........| ok p=1
Q55:	|........ ........ ........ ........| ok p=1
Q56:	|........ ........ ........ ........| ok p=1
Q57:	|........ ........ ........ ........| ok p=1
Q58:	|........ ........ ........ ........| ok p=1
Q59:	|........ ........ ........ ........| ok p=1
Q60:	|........ 0....... ........ ........| ok p=1
Q61:	|......10 1....... ........ ........| ok p=0.995117
Q62:	|......1. +....... ........ ........| ok p=1
Q63:	|......+- -....... ........ ........| ok p=0.989258
Q64:	|........ +....... .-...... ........|
Best path: totcompl=-27 tottunnel=38, totcond=545, p=0.00422711
Best paths: 2
**Q-3:	|00110000 11101010 10011101 01110110|
Q-2:	|-011-01- +1000111 01110101 0110101-|
Q-1:	|+000-111 -0011011 01001011 10000-++|
Q0:	|+111--++ 0000+-01 +-110010 0110000-| ok p=0.557617
Q1:	|.-...-+- 1...0+.. 1+..0.10 ....-00+| ok p=0.728516
Q2:	|0-..1.+- ....1+^. 10..+.++ ...01..+| ok p=1
Q3:	|1+...1.+ ....---. .1..-0-0 ...01...| ok p=1
Q4:	|1-....0+ ..^!010. ....-1-1 ...+...0| ok p=1
Q5:	|1+0....+ ..+.011. ....---+ .!.-.0..| ok p=1
Q6:	|000..^.+ ..0..... 0...001- ...+.1..| ok p=1
Q7:	|10-0.-.- ..0..... 0...1+0- ...-.+..| ok p=1
Q8:	|..-1.0.1 ...!.... +...++0- ...-.1..| ok p=1
Q9:	|!..-.1.0 ..^.1... -0..+0-- .!...1..| ok p=1
Q10:	|.01-0.00 11+011.0 -1111+-. 0.0110..| ok p=1
Q11:	|.1.01.10 0001+111 --00-100 1^1111.^| ok p=1
Q12:	|1010-^++ ++++++1- 0+-++100 -+++++.-| ok p=1
Q13:	|0-1---1- -++0.+-- -10+-.+0 000--0.1| ok p=1
Q14:	|00+00010 00.00.+. 01000^-- 010+11.0| ok p=1
Q15:	|+1100011 --1-.010 0.1-0.0+ ...+10..| ok p=0.512695
Q16:	|..1..1-. .1.-.01. ..0...0+ .0.1....| ok p=0.749023
Q17:	|^.0..1.. ^1.0.1.. -.-^...1 .1.1.+..| ok p=0.789062
Q18:	|..0..+^. .-.1.-.. -.0....1 .+...+..| ok p=0.376953
Q19:	|..-..... ........ +.+....+ ....0-..| ok p=0.865234
Q20:	|0...0^.. .^...^.1 +...0... .^..1-..| ok p=1
Q21:	|1.^.1... .0.....1 +.^.1..^ ....-0..| ok p=0.490234
Q22:	|-...-... .1.....+ 1...+... .....0..| ok p=0.430664
Q23:	|........ .+.0...1 0......0 ....^...| ok p=0.998047
Q24:	|^...^.0. ...1...0 ....^..1 ...0....| ok p=1
Q25:	|........ .^.-.... .......- ...1....| ok p=0.519531
Q26:	|.....0+. ........ ..0..... ...-....| ok p=1
Q27:	|.....1+. ...^.... ..1....^ ........| ok p=0.992188
Q28:	|.....+-. ........ ..+..... ...^....| ok p=0.988281
Q29:	|......0. ........ ..0..... ........| ok p=1
Q30:	|.....^1. ........ ..-..... ........| ok p=1
Q31:	|........ ........ ..-..... ........| ok p=0.994141
Q32:	|........ ........ ........ ........| ok p=1
Q33:	|........ ........ ..!..... ........| ok p=1
Q34:	|........ ........ ........ ........| ok p=1
Q35:	|........ ........ ........ ........| ok p=1
Q36:	|........ ........ ........ ........| ok p=1
Q37:	|........ ........ ........ ........| ok p=1
Q38:	|........ ........ ........ ........| ok p=1
Q39:	|........ ........ ........ ........| ok p=1
Q40:	|........ ........ ........ ........| ok p=1
Q41:	|........ ........ ........ ........| ok p=1
Q42:	|........ ........ ........ ........| ok p=1
Q43:	|........ ........ ........ ........| ok p=1
Q44:	|........ ........ ........ ........| ok p=1
Q45:	|........ ........ ........ ........| ok p=1
Q46:	|........ ........ ........ ........| ok p=1
Q47:	|........ ........ ........ ........| ok p=1
Q48:	|........ ........ ........ ........| ok p=1
Q49:	|........ ........ ........ ........| ok p=1
Q50:	|........ ........ ........ ........| ok p=1
Q51:	|........ ........ ........ ........| ok p=1
Q52:	|........ ........ ........ ........| ok p=1
Q53:	|........ ........ ........ ........| ok p=1
Q54:	|........ ........ ........ ........| ok p=1
Q55:	|........ ........ ........ ........| ok p=1
Q56:	|........ ........ ........ ........| ok p=1
Q57:	|........ ........ ........ ........| ok p=1
Q58:	|........ ........ ........ ........| ok p=1
Q59:	|........ ........ ........ ........| ok p=1
Q60:	|........ 0....... ........ ........| ok p=1
Q61:	|......10 1....... ........ ........| ok p=0.998047
Q62:	|......1. +....... ........ ........| ok p=1
Q63:	|......+- -....... ........ ........| ok p=0.992188
Q64:	|........ +....... .-...... ........|
Best path: totcompl=-27 tottunnel=38, totcond=543, p=0.00375437
Best paths: 2
Q-3:	|00110000 11101010 10011101 01110110|
Q-2:	|-011-01- +1000111 01110101 0110101-|
Q-1:	|+000-111 -0011011 01001011 10000-++|
Q0:	|+111--++ 0000+-01 +-110010 0110000-| ok p=0.53125
Q1:	|.-...-+- 1...0+.. 1+..0.10 ....-00+| ok p=0.735352
Q2:	|0-..1.+- ....1+^. 10..+.++ ...01..+| ok p=1
Q3:	|1+...1.+ ....---. .1..-0-0 ...01...| ok p=1
Q4:	|1-....0+ ..^!010. ....-1-1 ...+...0| ok p=1
Q5:	|1+0....+ ..+.011. ....---+ .!.-.0..| ok p=1
Q6:	|000..^.+ ..0..... 0...001- ...+.1..| ok p=1
Q7:	|10-0.-.- ..0..... 0...1+0- ...-.+..| ok p=1
Q8:	|0.-0.0.1 ...!.... +...++1- ...-.1..| ok p=1
Q9:	|.!.-.1.0 ...0...0 -..1+1-- .!...1..| ok p=1
Q10:	|1.1-0100 1.11^000 -..101++ ..011...| ok p=1
Q11:	|1.100010 1^0--11- 1.1++1+- ..101^.^| ok p=1
Q12:	|-^++++-+ +++10--+ 0.1++-1+ ^^+--+.-| ok p=1
Q13:	|-+1----- -0-1+-0- -.++.-10 +++++0.1| ok p=1
Q14:	|01+100+1 11001.+1 0.+00.-0 01.111.0| ok p=1
Q15:	|-010010- 110-1010 0.--.00- 000+10..| ok p=0.506836
Q16:	|..1..1-. .-.-.01. ..0...0+ .0......| ok p=0.753906
Q17:	|^.0..1.^ .0.0.1.. -.0^...1 .1.^.+..| ok p=0.717773
Q18:	|..0..+^. .+.1.-.. -.1....1 .+...+..| ok p=0.461914
Q19:	|..-..... ........ +.+....+ ....0-..| ok p=0.833984
Q20:	|0...0^.. .^...^.1 +...0... .^..1-..| ok p=1
Q21:	|1.^.1... .0.....1 +.^.1..^ ....-0..| ok p=0.519531
Q22:	|-...-... .1.....+ 1...+... .....0..| ok p=0.400391
Q23:	|........ .+.0...1 0......0 ....^...| ok p=0.993164
Q24:	|^...^.0. ...1...0 ....^..1 ...0....| ok p=1
Q25:	|........ .^.-.... .......- ...1....| ok p=0.546875
Q26:	|.....0+. ........ ..0..... ...-....| ok p=1
Q27:	|.....1+. ...^.... ..1....^ ........| ok p=0.995117
Q28:	|.....+-. ........ ..+..... ...^....| ok p=0.994141
Q29:	|......0. ........ ..0..... ........| ok p=1
Q30:	|.....^1. ........ ..-..... ........| ok p=1
Q31:	|........ ........ ..-..... ........| ok p=0.992188
Q32:	|........ ........ ........ ........| ok p=1
Q33:	|........ ........ ..!..... ........| ok p=1
Q34:	|........ ........ ........ ........| ok p=1
Q35:	|........ ........ ........ ........| ok p=1
Q36:	|........ ........ ........ ........| ok p=1
Q37:	|........ ........ ........ ........| ok p=1
Q38:	|........ ........ ........ ........| ok p=1
Q39:	|........ ........ ........ ........| ok p=1
Q40:	|........ ........ ........ ........| ok p=1
Q41:	|........ ........ ........ ........| ok p=1
Q42:	|........ ........ ........ ........| ok p=1
Q43:	|........ ........ ........ ........| ok p=1
Q44:	|........ ........ ........ ........| ok p=1
Q45:	|........ ........ ........ ........| ok p=1
Q46:	|........ ........ ........ ........| ok p=1
Q47:	|........ ........ ........ ........| ok p=1
Q48:	|........ ........ ........ ........| ok p=1
Q49:	|........ ........ ........ ........| ok p=1
Q50:	|........ ........ ........ ........| ok p=1
Q51:	|........ ........ ........ ........| ok p=1
Q52:	|........ ........ ........ ........| ok p=1
Q53:	|........ ........ ........ ........| ok p=1
Q54:	|........ ........ ........ ........| ok p=1
Q55:	|........ ........ ........ ........| ok p=1
Q56:	|........ ........ ........ ........| ok p=1
Q57:	|........ ........ ........ ........| ok p=1
Q58:	|........ ........ ........ ........| ok p=1
Q59:	|........ ........ ........ ........| ok p=1
Q60:	|........ 0....... ........ ........| ok p=1
Q61:	|......10 1....... ........ ........| ok p=0.993164
Q62:	|......1. +....... ........ ........| ok p=1
Q63:	|......+- -....... ........ ........| ok p=0.993164
Q64:	|........ +....... .-...... ........|
Best path: totcompl=-27 tottunnel=38, totcond=542, p=0.00422221
Q-3:	|00110000 11101010 10011101 01110110|
Q-2:	|-011-01- +1000111 01110101 0110101-|
Q-1:	|+000-111 -0011011 01001011 10000-++|
Q0:	|+111--++ 0000+-01 +-110010 0110000-| ok p=0.574219
Q1:	|.-...-+- 1...0+.. 1+..0.10 ....-00+| ok p=0.726562
Q2:	|0-..1.+- ....1+^. 10..+.++ ...01..+| ok p=1
Q3:	|1+...1.+ ....---. .1..-0-0 ...01...| ok p=1
Q4:	|1-....0+ ..^!010. ....-1-1 ...+...0| ok p=1
Q5:	|1+0....+ ..+.011. ....---+ ..!-.0..| ok p=1
Q6:	|000..^.+ ..0..... 0...001- ...+.1..| ok p=1
Q7:	|10-0.-.- ..0..... 0...1+0- ...-.+..| ok p=1
Q8:	|.1-0.0.1 ...!.... +...++1- ...-.1..| ok p=1
Q9:	|.0.-.1.0 ...0...0 -.1.+.-- .!...1..| ok p=1
Q10:	|1.1-0100 1.11^000 -.1111++ ..01....| ok p=1
Q11:	|1.100010 1^0--11- 1.+0-1+- ..101^.^| ok p=1
Q12:	|-^++++-+ +++10--+ 0.+-+-1+ ^^+-0-.-| ok p=1
Q13:	|-+1----- -0-1+-0- -.++0-10 +++++0.1| ok p=1
Q14:	|01+100+1 11001.+1 0.+00.-0 01.111.0| ok p=1
Q15:	|-010010- 110-1010 0.--.00- 000+10..| ok p=0.479492
Q16:	|..1..1-. .-.-.01. ..0...0+ .0......| ok p=0.745117
Q17:	|^.0..1.^ .0.0.1.. -.0^...1 .1.^.+..| ok p=0.703125
Q18:	|..0..+^. .+.1.-.. -.1....1 .+...+..| ok p=0.423828
Q19:	|..-..... ........ +.+....+ ....0-..| ok p=0.832031
Q20:	|0...0^.. .^...^.1 +...0... .^..1-..| ok p=1
Q21:	|1.^.1... .0.....1 +.^.1..^ ....-0..| ok p=0.464844
Q22:	|-...-... .1.....+ 1...+... .....0..| ok p=0.401367
Q23:	|........ .+.0...1 0......0 ....^...| ok p=0.994141
Q24:	|^...^.0. ...1...0 ....^..1 ...0....| ok p=1
Q25:	|........ .^.-.... .......- ...1....| ok p=0.542969
Q26:	|.....0+. ........ ..0..... ...-....| ok p=1
Q27:	|.....1+. ...^.... ..1....^ ........| ok p=0.993164
Q28:	|.....+-. ........ ..+..... ...^....| ok p=0.984375
Q29:	|......0. ........ ..0..... ........| ok p=1
Q30:	|.....^1. ........ ..-..... ........| ok p=1
Q31:	|........ ........ ..-..... ........| ok p=0.993164
Q32:	|........ ........ ........ ........| ok p=1
Q33:	|........ ........ ..!..... ........| ok p=1
Q34:	|........ ........ ........ ........| ok p=1
Q35:	|........ ........ ........ ........| ok p=1
Q36:	|........ ........ ........ ........| ok p=1
Q37:	|........ ........ ........ ........| ok p=1
Q38:	|........ ........ ........ ........| ok p=1
Q39:	|........ ........ ........ ........| ok p=1
Q40:	|........ ........ ........ ........| ok p=1
Q41:	|........ ........ ........ ........| ok p=1
Q42:	|........ ........ ........ ........| ok p=1
Q43:	|........ ........ ........ ........| ok p=1
Q44:	|........ ........ ........ ........| ok p=1
Q45:	|........ ........ ........ ........| ok p=1
Q46:	|........ ........ ........ ........| ok p=1
Q47:	|........ ........ ........ ........| ok p=1
Q48:	|........ ........ ........ ........| ok p=1
Q49:	|........ ........ ........ ........| ok p=1
Q50:	|........ ........ ........ ........| ok p=1
Q51:	|........ ........ ........ ........| ok p=1
Q52:	|........ ........ ........ ........| ok p=1
Q53:	|........ ........ ........ ........| ok p=1
Q54:	|........ ........ ........ ........| ok p=1
Q55:	|........ ........ ........ ........| ok p=1
Q56:	|........ ........ ........ ........| ok p=1
Q57:	|........ ........ ........ ........| ok p=1
Q58:	|........ ........ ........ ........| ok p=1
Q59:	|........ ........ ........ ........| ok p=1
Q60:	|........ 0....... ........ ........| ok p=1
Q61:	|......10 1....... ........ ........| ok p=0.993164
Q62:	|......1. +....... ........ ........| ok p=1
Q63:	|......+- -....... ........ ........| ok p=0.982422
Q64:	|........ +....... .-...... ........|
Best path: totcompl=-26 tottunnel=39, totcond=542, p=0.00418627
Q-3:	|00110000 11101010 10011101 01110110|
Q-2:	|-011-01- +1000111 01110101 0110101-|
Q-1:	|+000-111 -0011011 01001011 10000-++|
Q0:	|+111--++ 0000+-01 +-110010 0110000-| ok p=0.551758
Q1:	|.-...-+- 1...0+.. 1+..0.10 ....-00+| ok p=0.735352
Q2:	|0-..1.+- ....1+^. 10..+.++ ...01..+| ok p=1
Q3:	|1+...1.+ ....---. .1..-0-0 ...01...| ok p=1
Q4:	|1-....0+ ..^!010. ....-1-1 ...+...0| ok p=1
Q5:	|1+0....+ ..+.011. ....---+ ..!-.0..| ok p=1
Q6:	|000..^.+ ..0..... 0...001- ...+.1..| ok p=1
Q7:	|10-0.-.- ..0..... 0...1+0- ...-.+..| ok p=1
Q8:	|.1-0.0.1 ...!.... +...++1- ...-.1..| ok p=1
Q9:	|.0.-.1.0 ...0...0 -.0.+.-- .!...1..| ok p=1
Q10:	|1.1-0100 1.11^000 -.0011++ ..01....| ok p=1
Q11:	|1.100010 1^0--11- 1.+1-1+- ..101^.^| ok p=1
Q12:	|-^++++-+ +++10--+ 0.+-+-1+ ^^+-0-.-| ok p=1
Q13:	|-+1----- -0-1+-0- -.++1-10 +++++0.1| ok p=1
Q14:	|01+100+1 11001.+1 0.+00.-0 01.111.0| ok p=1
Q15:	|-010010- 110-1010 0.--.00- 000+10..| ok p=0.527344
Q16:	|..1..1-. .-.-.01. ..0...0+ .0......| ok p=0.754883
Q17:	|^.0..1.^ .0.0.1.. -.0^...1 .1.^.+..| ok p=0.692383
Q18:	|..0..+^. .+.1.-.. -.1....1 .+...+..| ok p=0.432617
Q19:	|..-..... ........ +.+....+ ....0-..| ok p=0.856445
Q20:	|0...0^.. .^...^.1 +...0... .^..1-..| ok p=1
Q21:	|1.^.1... .0.....1 +.^.1..^ ....-0..| ok p=0.467773
Q22:	|-...-... .1.....+ 1...+... .....0..| ok p=0.410156
Q23:	|........ .+.0...1 0......0 ....^...| ok p=0.998047
Q24:	|^...^.0. ...1...0 ....^..1 ...0....| ok p=0.998047
Q25:	|........ .^.-.... .......- ...1....| ok p=0.532227
Q26:	|.....0+. ........ ..0..... ...-....| ok p=1
Q27:	|.....1+. ...^.... ..1....^ ........| ok p=0.993164
Q28:	|.....+-. ........ ..+..... ...^....| ok p=0.990234
Q29:	|......0. ........ ..0..... ........| ok p=1
Q30:	|.....^1. ........ ..-..... ........| ok p=1
Q31:	|........ ........ ..-..... ........| ok p=0.995117
Q32:	|........ ........ ........ ........| ok p=1
Q33:	|........ ........ ..!..... ........| ok p=1
Q34:	|........ ........ ........ ........| ok p=1
Q35:	|........ ........ ........ ........| ok p=1
Q36:	|........ ........ ........ ........| ok p=1
Q37:	|........ ........ ........ ........| ok p=1
Q38:	|........ ........ ........ ........| ok p=1
Q39:	|........ ........ ........ ........| ok p=1
Q40:	|........ ........ ........ ........| ok p=1
Q41:	|........ ........ ........ ........| ok p=1
Q42:	|........ ........ ........ ........| ok p=1
Q43:	|........ ........ ........ ........| ok p=1
Q44:	|........ ........ ........ ........| ok p=1
Q45:	|........ ........ ........ ........| ok p=1
Q46:	|........ ........ ........ ........| ok p=1
Q47:	|........ ........ ........ ........| ok p=1
Q48:	|........ ........ ........ ........| ok p=1
Q49:	|........ ........ ........ ........| ok p=1
Q50:	|........ ........ ........ ........| ok p=1
Q51:	|........ ........ ........ ........| ok p=1
Q52:	|........ ........ ........ ........| ok p=1
Q53:	|........ ........ ........ ........| ok p=1
Q54:	|........ ........ ........ ........| ok p=1
Q55:	|........ ........ ........ ........| ok p=1
Q56:	|........ ........ ........ ........| ok p=1
Q57:	|........ ........ ........ ........| ok p=1
Q58:	|........ ........ ........ ........| ok p=1
Q59:	|........ ........ ........ ........| ok p=1
Q60:	|........ 0....... ........ ........| ok p=1
Q61:	|......10 1....... ........ ........| ok p=0.995117
Q62:	|......1. +....... ........ ........| ok p=1
Q63:	|......+- -....... ........ ........| ok p=0.995117
Q64:	|........ +....... .-...... ........|
Best path: totcompl=-25 tottunnel=40, totcond=542, p=0.00397273
******Best paths: 2
Q-3:	|00110000 11101010 10011101 01110110|
Q-2:	|-011-01- +1000111 01110101 0110101-|
Q-1:	|+000-111 -0011011 01001011 10000-++|
Q0:	|+111--++ 0000+-01 +-110010 0110000-| ok p=0.583984
Q1:	|.-...-+- 1...0+.. 1+..0.10 ....-00+| ok p=0.719727
Q2:	|0-..1.+- ....1+^. 10..+.++ ...01..+| ok p=1
Q3:	|1+...1.+ ....---. .1..-0-0 ...01...| ok p=1
Q4:	|1-....0+ ..^!010. ....-1-1 ...+...0| ok p=1
Q5:	|1+0....+ ..+.011. ....---+ .!.-.0..| ok p=1
Q6:	|0000.^.+ ..0..... 0...001- ...+.1..| ok p=1
Q7:	|.0-1.-.- ..0..... 0...1+0- ...-.+..| ok p=1
Q8:	|.1-1.0.1 ....!... +...++1- ...-.1..| ok p=1
Q9:	|!..-01.0 ..0.1..0 -...+0-- ..!..1..| ok p=1
Q10:	|..0-0001 100.01.0 -.1010++ .011100.| ok p=1
Q11:	|.111+111 01-.+00- 0^11-1+- .101011^| ok p=1
Q12:	|.0-----+ +++.-+1- 1^-++-++ .+---+-+| ok p=1
Q13:	|1-1----- 10+.0+-- -+-+0-01 .1-1+101| ok p=1
Q14:	|00+...0+ 11.^1.+. 01000.-- .0.01100| ok p=1
Q15:	|-001101- .+0-.010 00--.00+ ..1+10..| ok p=0.515625
Q16:	|..0..1-0 .1.-.01. ..-...0+ .0......| ok p=0.705078
Q17:	|^.0..1.1 .1.0.1.. -.1^...1 .1.^.+..| ok p=0.744141
Q18:	|..0..+^. .-.1.-.. -.1....1 .+...+..| ok p=0.423828
Q19:	|..-..... ........ +.+....+ ....0-..| ok p=0.836914
Q20:	|0...0^.. .^...^.1 +...0... .^..1-..| ok p=1
Q21:	|1.^.1... .0.....1 +.^.1..^ ....-0..| ok p=0.464844
Q22:	|-...-... .1.....+ 1...+... .....0..| ok p=0.426758
Q23:	|........ .+.0...1 0......0 ....^...| ok p=0.995117
Q24:	|^...^.0. ...1...0 ....^..1 ...0....| ok p=1
Q25:	|........ .^.-.... .......- ...1....| ok p=0.543945
Q26:	|.....0+. ........ ..0..... ...-....| ok p=1
Q27:	|.....1+. ...^.... ..1....^ ........| ok p=0.992188
Q28:	|.....+-. ........ ..+..... ...^....| ok p=0.990234
Q29:	|......0. ........ ..0..... ........| ok p=1
Q30:	|.....^1. ........ ..-..... ........| ok p=1
Q31:	|........ ........ ..-..... ........| ok p=0.991211
Q32:	|........ ........ ........ ........| ok p=1
Q33:	|........ ........ ..!..... ........| ok p=1
Q34:	|........ ........ ........ ........| ok p=1
Q35:	|........ ........ ........ ........| ok p=1
Q36:	|........ ........ ........ ........| ok p=1
Q37:	|........ ........ ........ ........| ok p=1
Q38:	|........ ........ ........ ........| ok p=1
Q39:	|........ ........ ........ ........| ok p=1
Q40:	|........ ........ ........ ........| ok p=1
Q41:	|........ ........ ........ ........| ok p=1
Q42:	|........ ........ ........ ........| ok p=1
Q43:	|........ ........ ........ ........| ok p=1
Q44:	|........ ........ ........ ........| ok p=1
Q45:	|........ ........ ........ ........| ok p=1
Q46:	|........ ........ ........ ........| ok p=1
Q47:	|........ ........ ........ ........| ok p=1
Q48:	|........ ........ ........ ........| ok p=1
Q49:	|........ ........ ........ ........| ok p=1
Q50:	|........ ........ ........ ........| ok p=1
Q51:	|........ ........ ........ ........| ok p=1
Q52:	|........ ........ ........ ........| ok p=1
Q53:	|........ ........ ........ ........| ok p=1
Q54:	|........ ........ ........ ........| ok p=1
Q55:	|........ ........ ........ ........| ok p=1
Q56:	|........ ........ ........ ........| ok p=1
Q57:	|........ ........ ........ ........| ok p=1
Q58:	|........ ........ ........ ........| ok p=1
Q59:	|........ ........ ........ ........| ok p=1
Q60:	|........ 0....... ........ ........| ok p=1
Q61:	|......10 1....... ........ ........| ok p=0.996094
Q62:	|......1. +....... ........ ........| ok p=1
Q63:	|......+- -....... ........ ........| ok p=0.992188
Q64:	|........ +....... .-...... ........|
Best path: totcompl=-25 tottunnel=40, totcond=541, p=0.00403559
Q-3:	|00110000 11101010 10011101 01110110|
Q-2:	|-011-01- +1000111 01110101 0110101-|
Q-1:	|+000-111 -0011011 01001011 10000-++|
Q0:	|+111--++ 0000+-01 +-110010 0110000-| ok p=0.553711
Q1:	|.-...-+- 1...0+.. 1+..0.10 ....-00+| ok p=0.741211
Q2:	|0-..1.+- ....1+^. 10..+.++ ...01..+| ok p=1
Q3:	|1+...1.+ ....---. .1..-0-0 ...01...| ok p=1
Q4:	|1-....0+ ..^!010. ....-1-1 ...+...0| ok p=1
Q5:	|1+0....+ ..+.011. ....---+ ..!-.0..| ok p=1
Q6:	|0000.^.+ ..0..... 0...001- ...+.1..| ok p=1
Q7:	|.0-1.-.- ..0..... 0...1+0- ...-.+..| ok p=1
Q8:	|..-1!0.1 ....!... +...++1- ...-.1..| ok p=1
Q9:	|.!.-01.0 ..0.1..0 -...+0-- ..!..1..| ok p=1
Q10:	|..0-0001 100.01.0 -0..10++ .011100.| ok p=1
Q11:	|.111+111 01-.+00- 01.^-1+- .101011^| ok p=1
Q12:	|.0-----+ +++.-+1- 11^-0+++ .+---+-+| ok p=1
Q13:	|1-1----- 10+.0+-- -+-0++01 .1-1+101| ok p=1
Q14:	|00+...0+ 11.^1.+. 01000.-- .0.01100| ok p=1
Q15:	|-001101- .+0-.010 00--000+ ..1+10..| ok p=0.500977
Q16:	|..0..1-0 .1.-.01. ..-...0+ .0......| ok p=0.707031
Q17:	|^.0..1.1 .1.0.1.. -.1^...1 .1.^.+..| ok p=0.729492
Q18:	|..0..+^. .-.1.-.. -.1....1 .+...+..| ok p=0.46582
Q19:	|..-..... ........ +.+....+ ....0-..| ok p=0.84082
Q20:	|0...0^.. .^...^.1 +...0... .^..1-..| ok p=1
Q21:	|1.^.1... .0.....1 +.^.1..^ ....-0..| ok p=0.474609
Q22:	|-...-... .1.....+ 1...+... .....0..| ok p=0.40918
Q23:	|........ .+.0...1 0......0 ....^...| ok p=0.998047
Q24:	|^...^.0. ...1...0 ....^..1 ...0....| ok p=1
Q25:	|........ .^.-.... .......- ...1....| ok p=0.498047
Q26:	|.....0+. ........ ..0..... ...-....| ok p=1
Q27:	|.....1+. ...^.... ..1....^ ........| ok p=0.991211
Q28:	|.....+-. ........ ..+..... ...^....| ok p=0.985352
Q29:	|......0. ........ ..0..... ........| ok p=1
Q30:	|.....^1. ........ ..-..... ........| ok p=1
Q31:	|........ ........ ..-..... ........| ok p=0.995117
Q32:	|........ ........ ........ ........| ok p=1
Q33:	|........ ........ ..!..... ........| ok p=1
Q34:	|........ ........ ........ ........| ok p=1
Q35:	|........ ........ ........ ........| ok p=1
Q36:	|........ ........ ........ ........| ok p=1
Q37:	|........ ........ ........ ........| ok p=1
Q38:	|........ ........ ........ ........| ok p=1
Q39:	|........ ........ ........ ........| ok p=1
Q40:	|........ ........ ........ ........| ok p=1
Q41:	|........ ........ ........ ........| ok p=1
Q42:	|........ ........ ........ ........| ok p=1
Q43:	|........ ........ ........ ........| ok p=1
Q44:	|........ ........ ........ ........| ok p=1
Q45:	|........ ........ ........ ........| ok p=1
Q46:	|........ ........ ........ ........| ok p=1
Q47:	|........ ........ ........ ........| ok p=1
Q48:	|........ ........ ........ ........| ok p=1
Q49:	|........ ........ ........ ........| ok p=1
Q50:	|........ ........ ........ ........| ok p=1
Q51:	|........ ........ ........ ........| ok p=1
Q52:	|........ ........ ........ ........| ok p=1
Q53:	|........ ........ ........ ........| ok p=1
Q54:	|........ ........ ........ ........| ok p=1
Q55:	|........ ........ ........ ........| ok p=1
Q56:	|........ ........ ........ ........| ok p=1
Q57:	|........ ........ ........ ........| ok p=1
Q58:	|........ ........ ........ ........| ok p=1
Q59:	|........ ........ ........ ........| ok p=1
Q60:	|........ 0....... ........ ........| ok p=1
Q61:	|......10 1....... ........ ........| ok p=0.995117
Q62:	|......1. +....... ........ ........| ok p=1
Q63:	|......+- -....... ........ ........| ok p=0.991211
Q64:	|........ +....... .-...... ........|
Best path: totcompl=-25 tottunnel=40, totcond=540, p=0.00379217
****