Extend MD5 differential paths forward
Copyright (C) 2009 Marc Stevens
http://homepages.cwi.nl/~stevens/

delta_m[11] = [!13!]
Loading workdir4/lowerpath.bin.gz...done: 1.
Estimating maxcond for upper bound 8000000 (=2000000 * 4)...
t=1:  0%   10   20   30   40   50   60   70   80   90   100%
      |----|----|----|----|----|----|----|----|----|----|
e     ***************************************************
Found maxcond = 2176
t=1:  0%   10   20   30   40   50   60   70   80   90   100%
      |----|----|----|----|----|----|----|----|----|----|
      ***************************************************
Q-3:	|00110000 11101010 10011101 01110110|
Q-2:	|-011-01- +1000111 01110101 0110101-|
Q-1:	|+000-111 -0011011 01001011 10000-++|
Q0:	|+111--++ 0000+-01 +-110010 0110000-| ok p=0.477539
Q1:	|.-...0-- 1...0+.. 0+...... .....---| ok p=0.666992
Q2:	|.-..-..+ .....+.. .+.+.-.- ..+....+|
Saving 832 paths...done.
Autobalance parameters: maxcond=2176
Verified: 0 bad out of 832
Estimating maxcond for upper bound 8000000 (=2000000 * 4)...
t=2:  0%   10   20   30   40   50   60   70   80   90   100%
      |----|----|----|----|----|----|----|----|----|----|
e     ***************************************************
Found maxcond = 161
t=2:  0%   10   20   30   40   50   60   70   80   90   100%
      |----|----|----|----|----|----|----|----|----|----|
      ***************************************************
Q-3:	|00110000 11101010 10011101 01110110|
Q-2:	|-011-01- +1000111 01110101 0110101-|
Q-1:	|+000-111 -0011011 01001011 10000-++|
Q0:	|+111--++ 0000+-01 +-110010 0110000-| ok p=0.563477
Q1:	|.-...-1+ 0...0+.. +-.1.0.0 ....-01+| ok p=0.706055
Q2:	|1-..1+1+ ....1+.. ...-.-.- ....+..+| ok p=0.287109
Q3:	|.+...+.+ .....+.- .-.+.+.. ....+..+|
Saving 2000000 paths...done.
Autobalance parameters: maxcond=160
Verified: 102688 bad out of 3033049
Estimating maxcond for upper bound 8000000 (=2000000 * 4)...
t=3:  0%   10   20   30   40   50   60   70   80   90   100%
      |----|----|----|----|----|----|----|----|----|----|
e     ***************************************************
Found maxcond = 173
t=3:  0%   10   20   30   40   50   60   70   80   90   100%
      |----|----|----|----|----|----|----|----|----|----|
      ***************************************************
Q-3:	|00110000 11101010 10011101 01110110|
Q-2:	|-011-01- +1000111 01110101 0110101-|
Q-1:	|+000-111 -0011011 01001011 10000-++|
Q0:	|+111--++ 0000+-01 +-110010 0110000-| ok p=0.585938
Q1:	|.-...-1+ 0...0+V. 1+.1.0.1 ....-00+| ok p=0.630859
Q2:	|0-..1.1+ ....1+.. 10.+.-.- ....+..+| ok p=0.513672
Q3:	|.+...1.- ......+. .1.-.+.0 ....+...| ok p=0.764648
Q4:	|.+.....- ...+.... ....-.-. ..+..-..|
Saving 2000000 paths...done.
Autobalance parameters: maxcond=171
Verified: 216138 bad out of 3760110
Estimating maxcond for upper bound 8000000 (=2000000 * 4)...
t=4:  0%   10   20   30   40   50   60   70   80   90   100%
      |----|----|----|----|----|----|----|----|----|----|
e     ***************************************************
Found maxcond = 185
t=4:  0%   10   20   30   40   50   60   70   80   90   100%
      |----|----|----|----|----|----|----|----|----|----|
      ***************************************************
Q-3:	|00110000 11101010 10011101 01110110|
Q-2:	|-011-01- +1000111 01110101 0110101-|
Q-1:	|+000-111 -0011011 01001011 10000-++|
Q0:	|+111--++ 0000+-01 +-110010 0110000-| ok p=0.566406
Q1:	|.-...-+- 0...0+V. 1+..0.10 ....-00+| ok p=0.706055
Q2:	|0-..1..+ ....+-.. 10..+.++ ....-..+| ok p=0.495117
Q3:	|.+...10+ ....---. .1..-.-0 ....-...| ok p=0.408203
Q4:	|.-.....- ....0.0. .+..-.0- ....+..1| ok p=0.668945
Q5:	|.-...+.- .+....+. .-.-.... -.-.+..-|
Saving 2000000 paths...done.
Autobalance parameters: maxcond=184
Verified: 256554 bad out of 3537347
Estimating maxcond for upper bound 8000000 (=2000000 * 4)...
t=5:  0%   10   20   30   40   50   60   70   80   90   100%
      |----|----|----|----|----|----|----|----|----|----|
e     ***************************************************
Found maxcond = 197
t=5:  0%   10   20   30   40   50   60   70   80   90   100%
      |----|----|----|----|----|----|----|----|----|----|
      ***************************************************
Q-3:	|00110000 11101010 10011101 01110110|
Q-2:	|-011-01- +1000111 01110101 0110101-|
Q-1:	|+000-111 -0011011 01001011 10000-++|
Q0:	|+111--++ 0000+-01 +-110010 0110000-| ok p=0.733398
Q1:	|++...-1+ 0...0+V. 1+.1..01 ....-00+| ok p=0.737305
Q2:	|0-..1.0+ ....1+.. 00.+..++ ....+..+| ok p=0.587891
Q3:	|--...0.- ..V...+. +1.0..01 ....+..+| ok p=0.445312
Q4:	|-......- .....10. -..1..+1 ....-..+| ok p=0.508789
Q5:	|.1.....+ ..+...1. -.....++ ....-...| ok p=0.558594
Q6:	|.+....+. +..-.... ..+.+..- ....-...|
Saving 2000000 paths...done.
Autobalance parameters: maxcond=196
Verified: 82196 bad out of 2988653
Estimating maxcond for upper bound 8000000 (=2000000 * 4)...
t=6:  0%   10   20   30   40   50   60   70   80   90   100%
      |----|----|----|----|----|----|----|----|----|----|
e     ***************************************************
Found maxcond = 208
t=6:  0%   10   20   30   40   50   60   70   80   90   100%
      |----|----|----|----|----|----|----|----|----|----|
      ***************************************************
Q-3:	|00110000 11101010 10011101 01110110|
Q-2:	|-011-01- +1000111 01110101 0110101-|
Q-1:	|+000-111 -0011011 01001011 10000-++|
Q0:	|+111--++ 0000+-01 +-110010 0110000-| ok p=0.541016
Q1:	|.-...-+- 1...0+V. 1+..0.10 ....-00+| ok p=0.741211
Q2:	|0-..1.+- ....1+.. 10..+.++ ..V.1..+| ok p=0.473633
Q3:	|.+...1.+ ..V.---. .0..-V-0 ....1...| ok p=0.391602
Q4:	|.-....0+ ..1.010. ....-.-1 ..+....0| ok p=0.360352
Q5:	|.+.....+ ..+.101. ....--.- ..0.....| ok p=0.919922
Q6:	|.+.....+ ..+..... .....01- ..+.....| ok p=0.625
Q7:	|..+..-.+ ..+..... +....+.- .....+..|
Saving 2000000 paths...done.
Autobalance parameters: maxcond=207
Verified: 121747 bad out of 2893865
Estimating maxcond for upper bound 8000000 (=2000000 * 4)...
t=7:  0%   10   20   30   40   50   60   70   80   90   100%
      |----|----|----|----|----|----|----|----|----|----|
e     ***************************************************
Found maxcond = 220
t=7:  0%   10   20   30   40   50   60   70   80   90   100%
      |----|----|----|----|----|----|----|----|----|----|
      ***************************************************
Q-3:	|00110000 11101010 10011101 01110110|
Q-2:	|-011-01- +1000111 01110101 0110101-|
Q-1:	|+000-111 -0011011 01001011 10000-++|
Q0:	|+111--++ 0000+-01 +-110010 0110000-| ok p=0.56543
Q1:	|.-...-+- 1...0+V. 1+..0.10 ....-00+| ok p=0.736328
Q2:	|0-..1.+- ....1+.. 10..+.++ ..V.1..+| ok p=0.461914
Q3:	|.+...1.+ ..V.---. .0..-V-0 ....1...| ok p=0.369141
Q4:	|.-....0+ ..1.010. ....-.-1 ..+....0| ok p=0.360352
Q5:	|.+.V...+ ..+.011. ....--.- ..0..V..| ok p=0.651367
Q6:	|.0.....+ ..+..... .....10- ..+.....| ok p=0.811523
Q7:	|.-.+...+ ..+..... ....1+.- ..0..+..| ok p=0.707031
Q8:	|..+.-..+ ..+..... +..+.-.- .......+|
Saving 2000000 paths...done.
Autobalance parameters: maxcond=219
Verified: 24956 bad out of 3528053
Estimating maxcond for upper bound 8000000 (=2000000 * 4)...
t=8:  0%   10   20   30   40   50   60   70   80   90   100%
      |----|----|----|----|----|----|----|----|----|----|
e     ***************************************************
Found maxcond = 231
t=8:  0%   10   20   30   40   50   60   70   80   90   100%
      |----|----|----|----|----|----|----|----|----|----|
      ***************************************************
Q-3:	|00110000 11101010 10011101 01110110|
Q-2:	|-011-01- +1000111 01110101 0110101-|
Q-1:	|+000-111 -0011011 01001011 10000-++|
Q0:	|+111--++ 0000+-01 +-110010 0110000-| ok p=0.580078
Q1:	|.-...-+- 1..V0+V. 1+..0.10 ....-00+| ok p=0.714844
Q2:	|0-..1..+ ....1+.. 11..+.++ ..V.1..+| ok p=0.492188
Q3:	|.+...10+ ...-..+. .0..-.-0 ....0..+| ok p=0.418945
Q4:	|.-...1.- ...0.01. .+.0-.10 ..+....+| ok p=0.734375
Q5:	|.-...+.1 ...1.11. .-.1-.-- ..0..V..| ok p=0.5625
Q6:	|.....+.0 .V.+.0.. V-.+..1+ ..1....0| ok p=0.961914
Q7:	|.1...-.. ...+.+.. .-.+0.1+ .....+..| ok p=0.751953
Q8:	|.....+.. .+...+.. +..+.... .....0..| ok p=0.749023
Q9:	|...+..-. ....+... -..+.... ..-...+.|
Saving 2000000 paths...done.
Autobalance parameters: maxcond=230
Verified: 8596 bad out of 2401244
Estimating maxcond for upper bound 8000000 (=2000000 * 4)...
t=9:  0%   10   20   30   40   50   60   70   80   90   100%
      |----|----|----|----|----|----|----|----|----|----|
e     ***************************************************
Found maxcond = 243
t=9:  0%   10   20   30   40   50   60   70   80   90   100%
      |----|----|----|----|----|----|----|----|----|----|
      ***************************************************
Q-3:	|00110000 11101010 10011101 01110110|
Q-2:	|-011-01- +1000111 01110101 0110101-|
Q-1:	|+000-111 -0011011 01001011 10000-++|
Q0:	|+111--++ 0000+-01 +-110010 0110000-| ok p=0.582031
Q1:	|.-...-+- 1...0+V. 1+..0.10 ....-00+| ok p=0.725586
Q2:	|0-..1.+- ....1+.. 10..+.++ ..V.1..+| ok p=0.477539
Q3:	|.+...1.+ ..0.---. .0..-V-0 ....1.V.| ok p=0.504883
Q4:	|.-....1+ ..1.101. ....-.-1 ..+....0| ok p=0.378906
Q5:	|.+.V.... ..+.011. ....--.- ..0..V-.| ok p=0.739258
Q6:	|.0V....1 ..+..... .1..010- ..+...0.| ok p=0.869141
Q7:	|.-.+.... ..+...V. .0..10.+ ..1..+1.| ok p=0.603516
Q8:	|.1+0.... ..+..... .+..+..+ ..1..0..| ok p=1
Q9:	|.+01.... ......-. .-..+... .....1..| ok p=0.995117
Q10:	|.+...... ........ .-..+... .....+..|
Saving 2000000 paths...done.
Autobalance parameters: maxcond=242
Verified: 23670 bad out of 2352586
Estimating maxcond for upper bound 8000000 (=2000000 * 4)...
t=10: 0%   10   20   30   40   50   60   70   80   90   100%
      |----|----|----|----|----|----|----|----|----|----|
e     ***************************************************
Found maxcond = 252
t=10: 0%   10   20   30   40   50   60   70   80   90   100%
      |----|----|----|----|----|----|----|----|----|----|
      ***************************************************
Q-3:	|00110000 11101010 10011101 01110110|
Q-2:	|-011-01- +1000111 01110101 0110101-|
Q-1:	|+000-111 -0011011 01001011 10000-++|
Q0:	|+111--++ 0000+-01 +-110010 0110000-| ok p=0.573242
Q1:	|.-...-+- 1...0+V. 1+..0.10 ....-00+| ok p=0.727539
Q2:	|0-..1.+- ....1+.. 10..+.++ ..V.1..+| ok p=0.460938
Q3:	|.+...1.+ ..0.---. .0..-V-0 ....1.V.| ok p=0.480469
Q4:	|.-....1+ ..1.011. ....-.-1 ..+....0| ok p=0.357422
Q5:	|.+.V.... ..+.011. ....--.- ..0..V-.| ok p=0.743164
Q6:	|.0V....1 ..+..... .1..010- ..+...0.| ok p=0.87793
Q7:	|.-.+.... ..+...V. .0..10.+ ..1..+1.| ok p=0.617188
Q8:	|.1+0.... ..+..... .+..+..+ ..1..0..| ok p=1
Q9:	|.+01.... ......-. .-..+... .....0..| ok p=0.998047
Q10:	|.+1..... ..1...0. .0..+..1 .....+..| ok p=0.398438
Q11:	|.-.+..+. ....+... -.+.+... .+...+.+|
Saving 2000000 paths...done.
Autobalance parameters: maxcond=251
Verified: 30619 bad out of 2633818
Runtime: 87.3099
Extend MD5 differential paths forward
Copyright (C) 2009 Marc Stevens
http://homepages.cwi.nl/~stevens/

delta_m[11] = [!13!]
Loading workdir4/paths10_0of1...done: 2000000 (work:2000000).
Estimating maxcond for upper bound 2000000 (=500000 * 4)...
t=11: 0%   10   20   30   40   50   60   70   80   90   100%
      |----|----|----|----|----|----|----|----|----|----|
e     ***************************************************
Found maxcond = 262
t=11: 0%   10   20   30   40   50   60   70   80   90   100%
      |----|----|----|----|----|----|----|----|----|----|
      ***************************************************
Q-3:	|00110000 11101010 10011101 01110110|
Q-2:	|-011-01- +1000111 01110101 0110101-|
Q-1:	|+000-111 -0011011 01001011 10000-++|
Q0:	|+111--++ 0000+-01 +-110010 0110000-| ok p=0.573242
Q1:	|.-...-+- 1...0+V. 1+..0.10 ....-00+| ok p=0.742188
Q2:	|0-..1.+- ....1+.. 10..+.++ ..V.1..+| ok p=0.501953
Q3:	|.+...1.+ ..V.---. .0..-0-0 ....1...| ok p=0.266602
Q4:	|.-....0+ ....010. ....-1-1 ..+....0| ok p=0.360352
Q5:	|.+.V..1+ ..+.011. ....---+ ..0..1..| ok p=0.599609
Q6:	|.0V...0+ ..0..... .....1-+ ..+..0..| ok p=0.945312
Q7:	|.-1+..+- ..1.V... ....10++ ..1..+..| ok p=0.495117
Q8:	|.1+0..01 ....1.V. .....+-+ ..1..0..| ok p=0.804688
Q9:	|.1++..10 ....-.1. .....0++ .....1..| ok p=0.999023
Q10:	|.1++.... ....-.+. .....0++ ........| ok p=0.932617
Q11:	|.+...... ......+. .....+.+ ........| ok p=0.34668
Q12:	|.-...... ..+.-.-. .....+.- ....+..+|
Saving 500000 paths...done.
Autobalance parameters: maxcond=261
Verified: 2368 bad out of 691655
Runtime: 17.4283
