MD5 differential path toolbox
Copyright (C) 2009 Marc Stevens
http://homepages.cwi.nl/~stevens/

IHV1   = {820682102,2080731745,261835652,3142022507}
IHV1   = 769dea306172057c844b9b0f6b7547bb

IHV2   = {820682102,4077498976,2266712963,851932522}
IHV2   = 769dea3060b209f3834b1b876a75c732

dIHV   = {0,1996767231,2004877311,2004877311}
NC0: delta c = delta d = [!0,31!]
NC0: delta b           = [!0,23,31!]
NC1: delta c = delta d = [!23!]
NC1: delta b           = [!-14,23!]
NC2: delta c = delta d = [!27!]
NC2: delta b           = [!-18,27!]
NC0: prob=-10.9468
NC1: prob=-7.65328
NC2: prob=-7.81931
delta m_11 = [!13!]
Q-3:	|00110000 11101010 10011101 01110110|
Q-2:	|-011-01- +1000111 01110101 0110101-|
Q-1:	|+000-111 -0011011 01001011 10000-++|
Q0:	|+111--++ 0000+-01 +-110010 0110000-| ok p=0.591797
Q1:	|.-...-.+ .....+.. .+...... ....-..+|
Saved lower diff. path to 'workdir4/lowerpath.bin.gz'.

Q32:	|........ ........ ........ ........|
Q33:	|........ ........ ........ ........|
Q34:	|........ ........ ........ ........|
Q35:	|........ ........ ........ ........| ok p=1
Q36:	|........ ........ ........ ........| ok p=1
Q37:	|........ ........ ........ ........| ok p=1
Q38:	|........ ........ ........ ........| ok p=1
Q39:	|........ ........ ........ ........| ok p=1
Q40:	|........ ........ ........ ........| ok p=1
Q41:	|........ ........ ........ ........| ok p=1
Q42:	|........ ........ ........ ........| ok p=1
Q43:	|........ ........ ........ ........| ok p=1
Q44:	|........ ........ ........ ........| ok p=1
Q45:	|........ ........ ........ ........| ok p=1
Q46:	|........ ........ ........ ........| ok p=1
Q47:	|........ ........ ........ ........| ok p=1
Q48:	|........ ........ ........ ........| ok p=1
Q49:	|........ ........ ........ ........| ok p=1
Q50:	|........ ........ ........ ........| ok p=1
Q51:	|........ ........ ........ ........| ok p=1
Q52:	|........ ........ ........ ........| ok p=1
Q53:	|........ ........ ........ ........| ok p=1
Q54:	|........ ........ ........ ........| ok p=1
Q55:	|........ ........ ........ ........| ok p=1
Q56:	|........ ........ ........ ........| ok p=1
Q57:	|........ ........ ........ ........| ok p=1
Q58:	|........ ........ ........ ........| ok p=1
Q59:	|........ ........ ........ ........| ok p=1
Q60:	|........ 0....... ........ ........| ok p=1
Q61:	|......10 1....... ........ ........| ok p=0.999023
Q62:	|......1. +....... ........ ........| ok p=1
Q63:	|......+- -....... ........ ........| ok p=0.993164
Q64:	|........ +....... .-...... ........|
Saved upper diff. path to 'workdir4/upperpath.bin.gz'.
Saved 'md5diffpathforward.cfg'.
Saved 'md5diffpathbackward.cfg'.
Saved 'md5diffpathconnect.cfg'.
Saved 'md5diffpathhelper.cfg'.
