Connect MD5 differential paths
Copyright (C) 2009 Marc Stevens
http://homepages.cwi.nl/~stevens/

delta_m[11] = [!21!]
Loading workdir6/paths16_0of1.bin.gz...done: 500000.
Loading workdir6/paths11_0of1.bin.gz...done: 500000.
t=12: 0%   10   20   30   40   50   60   70   80   90   100%
      |----|----|----|----|----|----|----|----|----|----|
      *Q-3:	|11101101 11001000 00101101 10010010|
Q-2:	|+0000011 00011110 11100111 0000-+++|
Q-1:	|-1111101 00111110 10001110 1101001-|
Q0:	|-0010101 -1000001 01100000 110011-+| ok p=1
Q1:	|+......- +......0 ...0.... ......0-| ok p=1
Q2:	|+.....10 -.....10 01^-.... ......1-| ok p=1
Q3:	|+.....00 -.....0- 00-+...1 .......-| ok p=1
Q4:	|+0....-+ ......-0 +.0+...1 .......-| ok p=1
Q5:	|11....01 0....10- -.1+...- ...!....| ok p=1
Q6:	|01....10 ..1..0-1 +1.-...- ..0..^.1| ok p=1
Q7:	|.11..... ..100-1+ -1.-.... ..1..-..| ok p=1
Q8:	|.-0...^. ..-..-11 0+.-...1 ..+..0..| ok p=1
Q9:	|1-1...-. ..-^.-.1 0-...... ..+0.1.0| ok p=1
Q10:	|1++...01 .0--.-.1 0-11.1.1 11+0.0.1| ok p=1
Q11:	|0+1^0.11 ^110^+.0 -00010.0 01--011+| ok p=1
Q12:	|--0+1^+- --11-+^- +1-+0+.+ ++0+1-0+| ok p=1
Q13:	|01+0-+++ 1--10+-- -++1--.1 1---+++-| ok p=1
Q14:	|100+1100 1+000.0- 01100+.- 000101+0| ok p=1
Q15:	|..1-01+1 -0--.01- 111.1-.1 +010100+| ok p=0.499023
Q16:	|.0.-..+. .0-..1.+ .0...0.1 ..+..0-.| ok p=1
Q17:	|.1.0..1. ^.1^.-.- .1...+.. ^.-..1.^| ok p=0.570312
Q18:	|.+.1..-. ..1....+ .-...+.. ..1..+^.| ok p=0.658203
Q19:	|......-. 0.+..^.+ ....0-.. ..-.....| ok p=0.928711
Q20:	|.^....00 1...0..1 .^..1-.. 0...0^..| ok p=1
Q21:	|.0....11 -.^.1..1 ....-0.. 1.^.1...| ok p=0.764648
Q22:	|.1.....+ ....+... .....0.. +...-...| ok p=0.796875
Q23:	|.+.0.... ^......0 ....^... ........| ok p=0.741211
Q24:	|...1...^ ....^..1 ...0.... ^...^.0.| ok p=0.870117
Q25:	|.^.-.... .......- ...1.... ........| ok p=0.941406
Q26:	|........ ..0..... ...-.... .....0+.| ok p=0.768555
Q27:	|...^.... ..1....^ ........ .....1+.| ok p=0.999023
Q28:	|........ ..+..... ...^.... .....+-.| ok p=0.97168
Q29:	|........ ..0..... ........ ......0.| ok p=1
Q30:	|........ ..-..... ........ .....^1.| ok p=1
Q31:	|........ ..-..... ........ ........| ok p=0.998047
Q32:	|........ ........ ........ ........| ok p=1
Q33:	|........ ..!..... ........ ........| ok p=1
Q34:	|........ ........ ........ ........| ok p=1
Q35:	|........ ........ ........ ........| ok p=1
Q36:	|........ ........ ........ ........| ok p=1
Q37:	|........ ........ ........ ........| ok p=1
Q38:	|........ ........ ........ ........| ok p=1
Q39:	|........ ........ ........ ........| ok p=1
Q40:	|........ ........ ........ ........| ok p=1
Q41:	|........ ........ ........ ........| ok p=1
Q42:	|........ ........ ........ ........| ok p=1
Q43:	|........ ........ ........ ........| ok p=1
Q44:	|........ ........ ........ ........| ok p=1
Q45:	|........ ........ ........ ........| ok p=1
Q46:	|........ ........ ........ ........| ok p=1
Q47:	|........ ........ ........ ........| ok p=1
Q48:	|........ ........ ........ ........| ok p=1
Q49:	|........ ........ ........ ........| ok p=1
Q50:	|........ ........ ........ ........| ok p=1
Q51:	|........ ........ ........ ........| ok p=1
Q52:	|........ ........ ........ ........| ok p=1
Q53:	|........ ........ ........ ........| ok p=1
Q54:	|........ ........ ........ ........| ok p=1
Q55:	|........ ........ ........ ........| ok p=1
Q56:	|........ ........ ........ ........| ok p=1
Q57:	|........ ........ ........ ........| ok p=1
Q58:	|........ ........ ........ ........| ok p=1
Q59:	|........ ........ ........ ........| ok p=1
Q60:	|0....... ........ ........ .......0| ok p=1
Q61:	|1....... ........ ........ .....101| ok p=0.491211
Q62:	|+....... ........ ........ .....0.+| ok p=1
Q63:	|-....... ........ ........ .....+--| ok p=0.998047
Q64:	|-....... +....... ........ .......+|
Best path: totcompl=-32 tottunnel=36, totcond=536, p=0.0223501
Best paths: 2
Best paths: 4
Q-3:	|11101101 11001000 00101101 10010010|
Q-2:	|+0000011 00011110 11100111 0000-+++|
Q-1:	|-1111101 00111110 10001110 1101001-|
Q0:	|-0010101 -1000001 01100000 110011-+| ok p=1
Q1:	|+......- +......0 ..10.... ......0-| ok p=1
Q2:	|+......0 -......0 01-+.... ......1-| ok p=0.999023
Q3:	|+......0 -.....^- 0.0-.... ......0-| ok p=1
Q4:	|+0!...1- ......-0 +.1+.... ..1..0-+| ok p=1
Q5:	|11....0- 1.....0- -..+.... ..1..10-| ok p=1
Q6:	|0.....-1 ..0...0- -...!..^ ..-..+++| ok p=1
Q7:	|......-0 ..011... +..1...+ ..-..1-+| ok p=1
Q8:	|!..1..0- ..-01..1 -..1...1 ..+..1++| ok p=1
Q9:	|..00..-0 ..+.+..1 0..-...1 ..+!..+0| ok p=1
Q10:	|.11-00-1 0.+1+00- -1.-^!0. 0.1...+1| ok p=1
Q11:	|.00-1001 0.+0+111 +10+-.1^ 0.00..++| ok p=1
Q12:	|^+------ +.++---+ ++1+0^+- +.+0^^-+| ok p=1
Q13:	|----+++1 +^+10-+- -++-0+10 -.1+---1| ok p=1
Q14:	|00010111 1+00001- 1.10101- 0.-11010| ok p=1
Q15:	|001-10+. -1--.+1- 0010.-.1 +.1000--| ok p=0.486328
Q16:	|.0.-..+. .1-..0.+ .0...1.1 ..+..1-.| ok p=0.761719
Q17:	|.1.0..1. ^.1^.-.- .1...+.. ^.0..10^| ok p=0.624023
Q18:	|.+.1..-. ..1....+ .-...+.. ..0..+0.| ok p=0.646484
Q19:	|......-. 0.+..^.+ ....0-.. ..-.....| ok p=0.931641
Q20:	|.^....00 1...0..1 .^..1-.. 0...0^..| ok p=1
Q21:	|.0....11 -.^.1..1 ....-0.. 1.^.1...| ok p=0.792969
Q22:	|.1.....+ ....+... .....0.. +...-...| ok p=0.790039
Q23:	|.+.0.... ^......0 ....^... ........| ok p=0.768555
Q24:	|...1...^ ....^..1 ...0.... ^...^.0.| ok p=0.863281
Q25:	|.^.-.... .......- ...1.... ........| ok p=0.929688
Q26:	|........ ..0..... ...-.... .....0+.| ok p=0.762695
Q27:	|...^.... ..1....^ ........ .....1+.| ok p=1
Q28:	|........ ..+..... ...^.... .....+-.| ok p=0.964844
Q29:	|........ ..0..... ........ ......0.| ok p=1
Q30:	|........ ..-..... ........ .....^1.| ok p=1
Q31:	|........ ..-..... ........ ........| ok p=1
Q32:	|........ ........ ........ ........| ok p=1
Q33:	|........ ..!..... ........ ........| ok p=1
Q34:	|........ ........ ........ ........| ok p=1
Q35:	|........ ........ ........ ........| ok p=1
Q36:	|........ ........ ........ ........| ok p=1
Q37:	|........ ........ ........ ........| ok p=1
Q38:	|........ ........ ........ ........| ok p=1
Q39:	|........ ........ ........ ........| ok p=1
Q40:	|........ ........ ........ ........| ok p=1
Q41:	|........ ........ ........ ........| ok p=1
Q42:	|........ ........ ........ ........| ok p=1
Q43:	|........ ........ ........ ........| ok p=1
Q44:	|........ ........ ........ ........| ok p=1
Q45:	|........ ........ ........ ........| ok p=1
Q46:	|........ ........ ........ ........| ok p=1
Q47:	|........ ........ ........ ........| ok p=1
Q48:	|........ ........ ........ ........| ok p=1
Q49:	|........ ........ ........ ........| ok p=1
Q50:	|........ ........ ........ ........| ok p=1
Q51:	|........ ........ ........ ........| ok p=1
Q52:	|........ ........ ........ ........| ok p=1
Q53:	|........ ........ ........ ........| ok p=1
Q54:	|........ ........ ........ ........| ok p=1
Q55:	|........ ........ ........ ........| ok p=1
Q56:	|........ ........ ........ ........| ok p=1
Q57:	|........ ........ ........ ........| ok p=1
Q58:	|........ ........ ........ ........| ok p=1
Q59:	|........ ........ ........ ........| ok p=1
Q60:	|0....... ........ ........ .......0| ok p=1
Q61:	|1....... ........ ........ .....101| ok p=0.46875
Q62:	|+....... ........ ........ .....0.+| ok p=1
Q63:	|-....... ........ ........ .....+--| ok p=0.998047
Q64:	|-....... +....... ........ .......+|
Best path: totcompl=-32 tottunnel=36, totcond=534, p=0.0203847
Q-3:	|11101101 11001000 00101101 10010010|
Q-2:	|+0000011 00011110 11100111 0000-+++|
Q-1:	|-1111101 00111110 10001110 1101001-|
Q0:	|-0010101 -1000001 01100000 110011-+| ok p=1
Q1:	|+......- +......0 ..10.... ......0-| ok p=1
Q2:	|+......0 -......0 01-+.... ......1-| ok p=1
Q3:	|+!.....0 -.....^- 0.0-.... ......0-| ok p=0.998047
Q4:	|+0....1- ......-0 +.1+.... ..1..0-+| ok p=1
Q5:	|11....0- 1.....0- -..+.... ..1..10-| ok p=1
Q6:	|0.....-1 ..0...0- -...!..^ ..-..+++| ok p=1
Q7:	|......-0 ..011... +..1...+ ..-..1-+| ok p=1
Q8:	|..!1..0- ..-01..1 -..1...1 ..+..1++| ok p=1
Q9:	|..00..-0 ..+.+..1 0..-..11 .!+...+0| ok p=1
Q10:	|.11-00-1 0.+1+00- -1.-^.0. 1.1...+1| ok p=1
Q11:	|.00-1001 0.+0+111 +10+-.1. 1.0...++| ok p=1
Q12:	|^+------ +.++---+ ++1+0^+1 -.+.^^-+| ok p=1
Q13:	|----+++1 +^+10-+- -++-0+10 -!1.+--1| ok p=1
Q14:	|00010111 1+00001- 1.10101- 0.-.1010| ok p=1
Q15:	|001-10+. -1--.+1- 0010.-.1 +.1.00--| ok p=0.522461
Q16:	|.0.-..+. .1-..0.+ .0...1.1 ..+..1-.| ok p=0.734375
Q17:	|.1.0..1. ^.1^.-.- .1...+.. ^.0..10^| ok p=0.59082
Q18:	|.+.1..-. ..1....+ .-...+.. ..0..+0.| ok p=0.668945
Q19:	|......-. 0.+..^.+ ....0-.. ..-.....| ok p=0.928711
Q20:	|.^....00 1...0..1 .^..1-.. 0...0^..| ok p=1
Q21:	|.0....11 -.^.1..1 ....-0.. 1.^.1...| ok p=0.774414
Q22:	|.1.....+ ....+... .....0.. +...-...| ok p=0.796875
Q23:	|.+.0.... ^......0 ....^... ........| ok p=0.741211
Q24:	|...1...^ ....^..1 ...0.... ^...^.0.| ok p=0.857422
Q25:	|.^.-.... .......- ...1.... ........| ok p=0.946289
Q26:	|........ ..0..... ...-.... .....0+.| ok p=0.753906
Q27:	|...^.... ..1....^ ........ .....1+.| ok p=0.999023
Q28:	|........ ..+..... ...^.... .....+-.| ok p=0.97168
Q29:	|........ ..0..... ........ ......0.| ok p=1
Q30:	|........ ..-..... ........ .....^1.| ok p=1
Q31:	|........ ..-..... ........ ........| ok p=1
Q32:	|........ ........ ........ ........| ok p=1
Q33:	|........ ..!..... ........ ........| ok p=1
Q34:	|........ ........ ........ ........| ok p=1
Q35:	|........ ........ ........ ........| ok p=1
Q36:	|........ ........ ........ ........| ok p=1
Q37:	|........ ........ ........ ........| ok p=1
Q38:	|........ ........ ........ ........| ok p=1
Q39:	|........ ........ ........ ........| ok p=1
Q40:	|........ ........ ........ ........| ok p=1
Q41:	|........ ........ ........ ........| ok p=1
Q42:	|........ ........ ........ ........| ok p=1
Q43:	|........ ........ ........ ........| ok p=1
Q44:	|........ ........ ........ ........| ok p=1
Q45:	|........ ........ ........ ........| ok p=1
Q46:	|........ ........ ........ ........| ok p=1
Q47:	|........ ........ ........ ........| ok p=1
Q48:	|........ ........ ........ ........| ok p=1
Q49:	|........ ........ ........ ........| ok p=1
Q50:	|........ ........ ........ ........| ok p=1
Q51:	|........ ........ ........ ........| ok p=1
Q52:	|........ ........ ........ ........| ok p=1
Q53:	|........ ........ ........ ........| ok p=1
Q54:	|........ ........ ........ ........| ok p=1
Q55:	|........ ........ ........ ........| ok p=1
Q56:	|........ ........ ........ ........| ok p=1
Q57:	|........ ........ ........ ........| ok p=1
Q58:	|........ ........ ........ ........| ok p=1
Q59:	|........ ........ ........ ........| ok p=1
Q60:	|0....... ........ ........ .......0| ok p=1
Q61:	|1....... ........ ........ .....101| ok p=0.493164
Q62:	|+....... ........ ........ .....0.+| ok p=1
Q63:	|-....... ........ ........ .....+--| ok p=0.994141
Q64:	|-....... +....... ........ .......+|
Best path: totcompl=-30 tottunnel=38, totcond=529, p=0.0179324
Q-3:	|11101101 11001000 00101101 10010010|
Q-2:	|+0000011 00011110 11100111 0000-+++|
Q-1:	|-1111101 00111110 10001110 1101001-|
Q0:	|-0010101 -1000001 01100000 110011-+| ok p=1
Q1:	|+......- +......0 ..10.... ......0-| ok p=1
Q2:	|+......0 -......0 01-+.... ......1-| ok p=0.999023
Q3:	|+......0 -.....^- 0.0-.... ......0-| ok p=1
Q4:	|+1!...1- ......-0 +.1+.... ..1..0-+| ok p=1
Q5:	|00....0- 1.....0- -..+.... ..1..10-| ok p=1
Q6:	|0.....-1 ..0...0- -....!.^ ..-..+++| ok p=1
Q7:	|......-0 ..011... +..1...+ ..-..1-+| ok p=1
Q8:	|..!1..0- ..-01..1 -..1...1 ..+..1++| ok p=1
Q9:	|.0.0..-0 ..+.+..1 0..-...1 .!+...+0| ok p=1
Q10:	|.11-00-1 0.+1+00- -1.-^!0. 1.1...+1| ok p=1
Q11:	|.00-1001 0.+0+111 +10+-.1. 1.0...++| ok p=1
Q12:	|^+------ +.++---+ ++1+0^+0 -.+.^^-+| ok p=1
Q13:	|----+++1 +^+10-+- -++-0+11 -!1.+--1| ok p=1
Q14:	|00010111 1+00001- 1.10.00- 0.-.1010| ok p=1
Q15:	|001-10+. -1--.+1- 0010.-.1 +.1.00--| ok p=0.495117
Q16:	|.0.-..+. .1-..0.+ .0...1.1 ..+..1-.| ok p=0.755859
Q17:	|.1.0..1. ^.1^.-.- .1...+.. ^.0..10^| ok p=0.617188
Q18:	|.+.1..-. ..1....+ .-...+.. ..0..+0.| ok p=0.663086
Q19:	|......-. 0.+..^.+ ....0-.. ..-.....| ok p=0.93457
Q20:	|.^....00 1...0..1 .^..1-.. 0...0^..| ok p=1
Q21:	|.0....11 -.^.1..1 ....-0.. 1.^.1...| ok p=0.790039
Q22:	|.1.....+ ....+... .....0.. +...-...| ok p=0.836914
Q23:	|.+.0.... ^......0 ....^... ........| ok p=0.771484
Q24:	|...1...^ ....^..1 ...0.... ^...^.0.| ok p=0.873047
Q25:	|.^.-.... .......- ...1.... ........| ok p=0.925781
Q26:	|........ ..0..... ...-.... .....0+.| ok p=0.769531
Q27:	|...^.... ..1....^ ........ .....1+.| ok p=0.999023
Q28:	|........ ..+..... ...^.... .....+-.| ok p=0.96582
Q29:	|........ ..0..... ........ ......0.| ok p=0.999023
Q30:	|........ ..-..... ........ .....^1.| ok p=1
Q31:	|........ ..-..... ........ ........| ok p=1
Q32:	|........ ........ ........ ........| ok p=1
Q33:	|........ ..!..... ........ ........| ok p=1
Q34:	|........ ........ ........ ........| ok p=1
Q35:	|........ ........ ........ ........| ok p=1
Q36:	|........ ........ ........ ........| ok p=1
Q37:	|........ ........ ........ ........| ok p=1
Q38:	|........ ........ ........ ........| ok p=1
Q39:	|........ ........ ........ ........| ok p=1
Q40:	|........ ........ ........ ........| ok p=1
Q41:	|........ ........ ........ ........| ok p=1
Q42:	|........ ........ ........ ........| ok p=1
Q43:	|........ ........ ........ ........| ok p=1
Q44:	|........ ........ ........ ........| ok p=1
Q45:	|........ ........ ........ ........| ok p=1
Q46:	|........ ........ ........ ........| ok p=1
Q47:	|........ ........ ........ ........| ok p=1
Q48:	|........ ........ ........ ........| ok p=1
Q49:	|........ ........ ........ ........| ok p=1
Q50:	|........ ........ ........ ........| ok p=1
Q51:	|........ ........ ........ ........| ok p=1
Q52:	|........ ........ ........ ........| ok p=1
Q53:	|........ ........ ........ ........| ok p=1
Q54:	|........ ........ ........ ........| ok p=1
Q55:	|........ ........ ........ ........| ok p=1
Q56:	|........ ........ ........ ........| ok p=1
Q57:	|........ ........ ........ ........| ok p=1
Q58:	|........ ........ ........ ........| ok p=1
Q59:	|........ ........ ........ ........| ok p=1
Q60:	|0....... ........ ........ .......0| ok p=1
Q61:	|1....... ........ ........ .....101| ok p=0.491211
Q62:	|+....... ........ ........ .....0.+| ok p=1
Q63:	|-....... ........ ........ .....+--| ok p=0.99707
Q64:	|-....... +....... ........ .......+|
Best path: totcompl=-30 tottunnel=38, totcond=528, p=0.0183563
Best paths: 2
Q-3:	|11101101 11001000 00101101 10010010|
Q-2:	|+0000011 00011110 11100111 0000-+++|
Q-1:	|-1111101 00111110 10001110 1101001-|
Q0:	|-0010101 -1000001 01100000 110011-+| ok p=1
Q1:	|+......- +......0 ..10.... ......0-| ok p=1
Q2:	|+......0 -......0 0.-+.... ......1-| ok p=0.999023
Q3:	|+......0 -.....^- 0^0-.... ......0-| ok p=0.999023
Q4:	|+0....1- ......-0 +.1+.... ..1..0-+| ok p=1
Q5:	|11....0- 1.....0- -..+.... ..1..10-| ok p=1
Q6:	|0.....-1 ..0...0- -....!.^ ..-..+++| ok p=1
Q7:	|......-0 ..011... +..1...+ ..-..1-+| ok p=1
Q8:	|!..1..0- ..-01..1 -..1...1 ..+..1++| ok p=1
Q9:	|..00..-0 ..+.+..1 0..-...1 .!+...+0| ok p=1
Q10:	|.11-00-1 1.+1+00- -1.-^!0. 1.1...+1| ok p=1
Q11:	|.00-100. 1.+0+111 +10+-.1. 1.0...++| ok p=1
Q12:	|^+-----. -.++---+ ++1+0^+0 -.+.^^-+| ok p=1
Q13:	|----+++. +^+10-+- -++-0+11 -!1.+--1| ok p=1
Q14:	|0001011. 1+00001- 1.10.00- 0.-.1010| ok p=1
Q15:	|001-10+. -1--.+1- 0010.-.1 +.1.00--| ok p=0.509766
Q16:	|.0.-..+. .1-..0.+ .0...1.1 ..+..1-.| ok p=0.71875
Q17:	|.1.0..1. ^.1^.-.- .1...+.. ^.0..10^| ok p=0.600586
Q18:	|.+.1..-. ..1....+ .-...+.. ..0..+0.| ok p=0.660156
Q19:	|......-. 0.+..^.+ ....0-.. ..-.....| ok p=0.927734
Q20:	|.^....00 1...0..1 .^..1-.. 0...0^..| ok p=1
Q21:	|.0....11 -.^.1..1 ....-0.. 1.^.1...| ok p=0.785156
Q22:	|.1.....+ ....+... .....0.. +...-...| ok p=0.824219
Q23:	|.+.0.... ^......0 ....^... ........| ok p=0.733398
Q24:	|...1...^ ....^..1 ...0.... ^...^.0.| ok p=0.873047
Q25:	|.^.-.... .......- ...1.... ........| ok p=0.938477
Q26:	|........ ..0..... ...-.... .....0+.| ok p=0.734375
Q27:	|...^.... ..1....^ ........ .....1+.| ok p=1
Q28:	|........ ..+..... ...^.... .....+-.| ok p=0.96875
Q29:	|........ ..0..... ........ ......0.| ok p=1
Q30:	|........ ..-..... ........ .....^1.| ok p=1
Q31:	|........ ..-..... ........ ........| ok p=1
Q32:	|........ ........ ........ ........| ok p=1
Q33:	|........ ..!..... ........ ........| ok p=1
Q34:	|........ ........ ........ ........| ok p=1
Q35:	|........ ........ ........ ........| ok p=1
Q36:	|........ ........ ........ ........| ok p=1
Q37:	|........ ........ ........ ........| ok p=1
Q38:	|........ ........ ........ ........| ok p=1
Q39:	|........ ........ ........ ........| ok p=1
Q40:	|........ ........ ........ ........| ok p=1
Q41:	|........ ........ ........ ........| ok p=1
Q42:	|........ ........ ........ ........| ok p=1
Q43:	|........ ........ ........ ........| ok p=1
Q44:	|........ ........ ........ ........| ok p=1
Q45:	|........ ........ ........ ........| ok p=1
Q46:	|........ ........ ........ ........| ok p=1
Q47:	|........ ........ ........ ........| ok p=1
Q48:	|........ ........ ........ ........| ok p=1
Q49:	|........ ........ ........ ........| ok p=1
Q50:	|........ ........ ........ ........| ok p=1
Q51:	|........ ........ ........ ........| ok p=1
Q52:	|........ ........ ........ ........| ok p=1
Q53:	|........ ........ ........ ........| ok p=1
Q54:	|........ ........ ........ ........| ok p=1
Q55:	|........ ........ ........ ........| ok p=1
Q56:	|........ ........ ........ ........| ok p=1
Q57:	|........ ........ ........ ........| ok p=1
Q58:	|........ ........ ........ ........| ok p=1
Q59:	|........ ........ ........ ........| ok p=1
Q60:	|0....... ........ ........ .......0| ok p=1
Q61:	|1....... ........ ........ .....101| ok p=0.509766
Q62:	|+....... ........ ........ .....0.+| ok p=1
Q63:	|-....... ........ ........ .....+--| ok p=0.99707
Q64:	|-....... +....... ........ .......+|
Best path: totcompl=-29 tottunnel=39, totcond=523, p=0.0194049
Best paths: 2
Q-3:	|11101101 11001000 00101101 10010010|
Q-2:	|+0000011 00011110 11100111 0000-+++|
Q-1:	|-1111101 00111110 10001110 1101001-|
Q0:	|-0010101 -1000001 01100000 110011-+| ok p=1
Q1:	|+......- +......0 ..10.... ......0-| ok p=1
Q2:	|+......0 -......0 01-+.... ......1-| ok p=0.999023
Q3:	|+1.....0 -.....^- 0.0-.... ......0-| ok p=1
Q4:	|+0....1- ......-0 +.1+.... ..1..0-+| ok p=1
Q5:	|11....0- 1.....0- -..+.... ..1..10-| ok p=1
Q6:	|0.....-1 ..0...0- -....!.^ ..-..+++| ok p=1
Q7:	|......-0 ..011... +..1...+ ..-..1-+| ok p=1
Q8:	|!..1..0- ..-01..1 -..1...1 ..+..1++| ok p=1
Q9:	|..00..-0 ..+.+..1 0..-..11 .!+...+0| ok p=1
Q10:	|.11-00-1 1.+1+00- -1.-^.0. 1.1...+1| ok p=1
Q11:	|.00-100. 1.+0+111 +11+-.1. 1.0...++| ok p=1
Q12:	|^+-----. -.++---+ ++0+0^+0 -.+.^^-+| ok p=1
Q13:	|+---+++. +^+10-+- .-+-0+11 -!1.+--1| ok p=1
Q14:	|11.1011. 1+00001- 1110.00- 0.-.1010| ok p=1
Q15:	|001-10+. -1--.+1- .010.-.1 +.1.00--| ok p=0.496094
Q16:	|.0.-..+. .1-..0.+ .0...1.1 ..+..1-.| ok p=0.74707
Q17:	|.1.0..1. ^.1^.-.- .1...+.. ^.0..10^| ok p=0.585938
Q18:	|.+.1..-. ..1....+ .-...+.. ..0..+0.| ok p=0.668945
Q19:	|......-. 0.+..^.+ ....0-.. ..-.....| ok p=0.9375
Q20:	|.^....00 1...0..1 .^..1-.. 0...0^..| ok p=1
Q21:	|.0....11 -.^.1..1 ....-0.. 1.^.1...| ok p=0.772461
Q22:	|.1.....+ ....+... .....0.. +...-...| ok p=0.798828
Q23:	|.+.0.... ^......0 ....^... ........| ok p=0.735352
Q24:	|...1...^ ....^..1 ...0.... ^...^.0.| ok p=0.865234
Q25:	|.^.-.... .......- ...1.... ........| ok p=0.930664
Q26:	|........ ..0..... ...-.... .....0+.| ok p=0.777344
Q27:	|...^.... ..1....^ ........ .....1+.| ok p=1
Q28:	|........ ..+..... ...^.... .....+-.| ok p=0.964844
Q29:	|........ ..0..... ........ ......0.| ok p=1
Q30:	|........ ..-..... ........ .....^1.| ok p=1
Q31:	|........ ..-..... ........ ........| ok p=0.999023
Q32:	|........ ........ ........ ........| ok p=1
Q33:	|........ ..!..... ........ ........| ok p=1
Q34:	|........ ........ ........ ........| ok p=1
Q35:	|........ ........ ........ ........| ok p=1
Q36:	|........ ........ ........ ........| ok p=1
Q37:	|........ ........ ........ ........| ok p=1
Q38:	|........ ........ ........ ........| ok p=1
Q39:	|........ ........ ........ ........| ok p=1
Q40:	|........ ........ ........ ........| ok p=1
Q41:	|........ ........ ........ ........| ok p=1
Q42:	|........ ........ ........ ........| ok p=1
Q43:	|........ ........ ........ ........| ok p=1
Q44:	|........ ........ ........ ........| ok p=1
Q45:	|........ ........ ........ ........| ok p=1
Q46:	|........ ........ ........ ........| ok p=1
Q47:	|........ ........ ........ ........| ok p=1
Q48:	|........ ........ ........ ........| ok p=1
Q49:	|........ ........ ........ ........| ok p=1
Q50:	|........ ........ ........ ........| ok p=1
Q51:	|........ ........ ........ ........| ok p=1
Q52:	|........ ........ ........ ........| ok p=1
Q53:	|........ ........ ........ ........| ok p=1
Q54:	|........ ........ ........ ........| ok p=1
Q55:	|........ ........ ........ ........| ok p=1
Q56:	|........ ........ ........ ........| ok p=1
Q57:	|........ ........ ........ ........| ok p=1
Q58:	|........ ........ ........ ........| ok p=1
Q59:	|........ ........ ........ ........| ok p=1
Q60:	|0....... ........ ........ .......0| ok p=1
Q61:	|1....... ........ ........ .....101| ok p=0.49707
Q62:	|+....... ........ ........ .....0.+| ok p=1
Q63:	|-....... ........ ........ .....+--| ok p=0.993164
Q64:	|-....... +....... ........ .......+|
Best path: totcompl=-28 tottunnel=40, totcond=522, p=0.0205566
**************Q-3:	|11101101 11001000 00101101 10010010|
Q-2:	|+0000011 00011110 11100111 0000-+++|
Q-1:	|-1111101 00111110 10001110 1101001-|
Q0:	|-0010101 -1000001 01100000 110011-+| ok p=1
Q1:	|+......- +......0 ..10.... ......0-| ok p=1
Q2:	|+......0 -.....10 011-.... ......1-| ok p=1
Q3:	|+......0 -.....0- 0.-+.... ......0-| ok p=1
Q4:	|+1!....- ......-0 +.0+.... ..1..0-+| ok p=1
Q5:	|00.....1 1.....0- -.1+.... ..1..10-| ok p=1
Q6:	|1......1 ..1...0- -1..!..^ ..-..+++| ok p=1
Q7:	|........ ..1.10+0 -0.1..^- ..-..0-+| ok p=1
Q8:	|........ ..-^1.+1 --.1..-1 ..+..0++| ok p=0.999023
Q9:	|......0. ..0.+..1 ++.-..00 ..+..+-+| ok p=1
Q10:	|.0.0..11 ..00-.00 --.-..10 ..+..+-+| ok p=1
Q11:	|.1^1..-0 .^100^1- 0+.-^^00 .^00.--.| ok p=1
Q12:	|!---^^-+ ^+++++++ 0-.0---+ .--1^++1| ok p=1
Q13:	|^+0----- -1+-0111 -+.+10++ 001-+++1| ok p=1
Q14:	|.10011+1 10+1111- 01.1001- 10-11.+0| ok p=1
Q15:	|.0.-0110 -.--.0.- 00.1.-01 +.11100+| ok p=0.810547
Q16:	|.0.-..+. ..0..1.+ .0...1.0 ..+..0-.| ok p=1
Q17:	|.1.0..0. ^.0^.-.- .1...+.. ^.0..1.^| ok p=0.621094
Q18:	|.+.1..-. ..1....+ .-...+.. ..0..+^.| ok p=0.661133
Q19:	|......-. 0.+..^.+ ....0-.. ..-.....| ok p=0.918945
Q20:	|.^....00 1...0..1 .^..1-.. 0...0^..| ok p=1
Q21:	|.0....11 -.^.1..1 ....-0.. 1.^.1...| ok p=0.791992
Q22:	|.1.....+ ....+... .....0.. +...-...| ok p=0.785156
Q23:	|.+.0.... ^......0 ....^... ........| ok p=0.757812
Q24:	|...1...^ ....^..1 ...0.... ^...^.0.| ok p=0.863281
Q25:	|.^.-.... .......- ...1.... ........| ok p=0.921875
Q26:	|........ ..0..... ...-.... .....0+.| ok p=0.769531
Q27:	|...^.... ..1....^ ........ .....1+.| ok p=0.999023
Q28:	|........ ..+..... ...^.... .....+-.| ok p=0.96582
Q29:	|........ ..0..... ........ ......0.| ok p=1
Q30:	|........ ..-..... ........ .....^1.| ok p=1
Q31:	|........ ..-..... ........ ........| ok p=1
Q32:	|........ ........ ........ ........| ok p=1
Q33:	|........ ..!..... ........ ........| ok p=1
Q34:	|........ ........ ........ ........| ok p=1
Q35:	|........ ........ ........ ........| ok p=1
Q36:	|........ ........ ........ ........| ok p=1
Q37:	|........ ........ ........ ........| ok p=1
Q38:	|........ ........ ........ ........| ok p=1
Q39:	|........ ........ ........ ........| ok p=1
Q40:	|........ ........ ........ ........| ok p=1
Q41:	|........ ........ ........ ........| ok p=1
Q42:	|........ ........ ........ ........| ok p=1
Q43:	|........ ........ ........ ........| ok p=1
Q44:	|........ ........ ........ ........| ok p=1
Q45:	|........ ........ ........ ........| ok p=1
Q46:	|........ ........ ........ ........| ok p=1
Q47:	|........ ........ ........ ........| ok p=1
Q48:	|........ ........ ........ ........| ok p=1
Q49:	|........ ........ ........ ........| ok p=1
Q50:	|........ ........ ........ ........| ok p=1
Q51:	|........ ........ ........ ........| ok p=1
Q52:	|........ ........ ........ ........| ok p=1
Q53:	|........ ........ ........ ........| ok p=1
Q54:	|........ ........ ........ ........| ok p=1
Q55:	|........ ........ ........ ........| ok p=1
Q56:	|........ ........ ........ ........| ok p=1
Q57:	|........ ........ ........ ........| ok p=1
Q58:	|........ ........ ........ ........| ok p=1
Q59:	|........ ........ ........ ........| ok p=1
Q60:	|0....... ........ ........ .......0| ok p=1
Q61:	|1....... ........ ........ .....101| ok p=0.505859
Q62:	|+....... ........ ........ .....0.+| ok p=1
Q63:	|-....... ........ ........ .....+--| ok p=0.996094
Q64:	|-....... +....... ........ .......+|
Best path: totcompl=-25 tottunnel=43, totcond=520, p=0.0377202
******