Extend MD5 differential paths forward
Copyright (C) 2009 Marc Stevens
http://homepages.cwi.nl/~stevens/

delta_m[11] = [!21!]
Loading workdir6/lowerpath.bin.gz...done: 1.
Estimating maxcond for upper bound 8000000 (=2000000 * 4)...
t=1:  0%   10   20   30   40   50   60   70   80   90   100%
      |----|----|----|----|----|----|----|----|----|----|
e     ***************************************************
Found maxcond = 2176
t=1:  0%   10   20   30   40   50   60   70   80   90   100%
      |----|----|----|----|----|----|----|----|----|----|
      ***************************************************
Q-3:	|11101101 11001000 00101101 10010010|
Q-2:	|+0000011 00011110 11100111 0000-+++|
Q-1:	|-1111101 00111110 10001110 1101001-|
Q0:	|-0010101 -1000001 01100000 110011-+| ok p=1
Q1:	|+....... -....... ........ ......0-| ok p=0.999023
Q2:	|+....... -....... ...-.... ....-..-|
Saving 10 paths...done.
Autobalance parameters: maxcond=2176
Verified: 0 bad out of 10
Estimating maxcond for upper bound 8000000 (=2000000 * 4)...
t=2:  0%   10   20   30   40   50   60   70   80   90   100%
      |----|----|----|----|----|----|----|----|----|----|
e     ***************************************************
Found maxcond = 2176
t=2:  0%   10   20   30   40   50   60   70   80   90   100%
      |----|----|----|----|----|----|----|----|----|----|
      ***************************************************
Q-3:	|11101101 11001000 00101101 10010010|
Q-2:	|+0000011 00011110 11100111 0000-+++|
Q-1:	|-1111101 00111110 10001110 1101001-|
Q0:	|-0010101 -1000001 01100000 110011-+| ok p=1
Q1:	|+....... -....... ...0.... ....1.-+| ok p=0.999023
Q2:	|+....... -....... ...-.... ....-..-| ok p=0.508789
Q3:	|+....... -....-.+ ...-...- ....-..-|
Saving 1968 paths...done.
Autobalance parameters: maxcond=2176
Verified: 0 bad out of 1968
Estimating maxcond for upper bound 8000000 (=2000000 * 4)...
t=3:  0%   10   20   30   40   50   60   70   80   90   100%
      |----|----|----|----|----|----|----|----|----|----|
e     ***************************************************
Found maxcond = 160
t=3:  0%   10   20   30   40   50   60   70   80   90   100%
      |----|----|----|----|----|----|----|----|----|----|
      ***************************************************
Q-3:	|11101101 11001000 00101101 10010010|
Q-2:	|+0000011 00011110 11100111 0000-+++|
Q-1:	|-1111101 00111110 10001110 1101001-|
Q0:	|-0010101 -1000001 01100000 110011-+| ok p=1
Q1:	|-......- +.....V. ...0.... ......0-| ok p=1
Q2:	|-......- +....... ...-.... ......1-| ok p=1
Q3:	|+....... -.....-. ...-.... .......-| ok p=0.990234
Q4:	|+......- ......-. .-.-.... .....-.-|
Saving 2000000 paths...done.
Autobalance parameters: maxcond=158
Verified: 23290 bad out of 3235686
Estimating maxcond for upper bound 8000000 (=2000000 * 4)...
t=4:  0%   10   20   30   40   50   60   70   80   90   100%
      |----|----|----|----|----|----|----|----|----|----|
e     ***************************************************
Found maxcond = 166
t=4:  0%   10   20   30   40   50   60   70   80   90   100%
      |----|----|----|----|----|----|----|----|----|----|
      ***************************************************
Q-3:	|11101101 11001000 00101101 10010010|
Q-2:	|+0000011 00011110 11100111 0000-+++|
Q-1:	|-1111101 00111110 10001110 1101001-|
Q0:	|-0010101 -1000001 01100000 110011-+| ok p=1
Q1:	|+......- +......V ...0.... ......0-| ok p=1
Q2:	|+......0 -......1 ..V-.... .....V1-| ok p=0.537109
Q3:	|-......1 -......- ...-.... .......-| ok p=0.995117
Q4:	|+......- .......- ..--.... .....-.-| ok p=0.499023
Q5:	|+......- ....-..- .-.+...- .+..-.+.|
Saving 2000000 paths...done.
Autobalance parameters: maxcond=164
Verified: 149190 bad out of 3560776
Estimating maxcond for upper bound 8000000 (=2000000 * 4)...
t=5:  0%   10   20   30   40   50   60   70   80   90   100%
      |----|----|----|----|----|----|----|----|----|----|
e     ***************************************************
Found maxcond = 175
t=5:  0%   10   20   30   40   50   60   70   80   90   100%
      |----|----|----|----|----|----|----|----|----|----|
      ***************************************************
Q-3:	|11101101 11001000 00101101 10010010|
Q-2:	|+0000011 00011110 11100111 0000-+++|
Q-1:	|-1111101 00111110 10001110 1101001-|
Q0:	|-0010101 -1000001 01100000 110011-+| ok p=1
Q1:	|+......- +......V ..10.... ......0-| ok p=1
Q2:	|+......0 -......0 ..-+.... ......1-| ok p=0.629883
Q3:	|+......- +......- ..0-...V .......-| ok p=0.989258
Q4:	|+......- 1......- ..--.... .......-| ok p=0.508789
Q5:	|.......- -......- ..--...- .......-| ok p=0.898438
Q6:	|..-.+.+. +......- .-.-...- ..-.+..-|
Saving 2000000 paths...done.
Autobalance parameters: maxcond=174
Verified: 12079 bad out of 3000368
Estimating maxcond for upper bound 8000000 (=2000000 * 4)...
t=6:  0%   10   20   30   40   50   60   70   80   90   100%
      |----|----|----|----|----|----|----|----|----|----|
e     ***************************************************
Found maxcond = 186
t=6:  0%   10   20   30   40   50   60   70   80   90   100%
      |----|----|----|----|----|----|----|----|----|----|
      ***************************************************
Q-3:	|11101101 11001000 00101101 10010010|
Q-2:	|+0000011 00011110 11100111 0000-+++|
Q-1:	|-1111101 00111110 10001110 1101001-|
Q0:	|-0010101 -1000001 01100000 110011-+| ok p=1
Q1:	|+......- +......V ..V0.... ......0-| ok p=1
Q2:	|+......0 -......1 V..-.... ......1-| ok p=0.727539
Q3:	|+......0 -......- 1.-+.... ......0-| ok p=0.987305
Q4:	|+..V...- .......- -.0+.... ..V...-+| ok p=0.481445
Q5:	|.......- 0......- -.1+.... ......-+| ok p=0.9375
Q6:	|1..-...- .......- -.-..... ..-....-| ok p=0.43457
Q7:	|.-.-...- .....-.. -.-..-.+ ..-.-.+.|
Saving 2000000 paths...done.
Autobalance parameters: maxcond=184
Verified: 4370 bad out of 3433652
Estimating maxcond for upper bound 8000000 (=2000000 * 4)...
t=7:  0%   10   20   30   40   50   60   70   80   90   100%
      |----|----|----|----|----|----|----|----|----|----|
e     ***************************************************
Found maxcond = 198
t=7:  0%   10   20   30   40   50   60   70   80   90   100%
      |----|----|----|----|----|----|----|----|----|----|
      ***************************************************
Q-3:	|11101101 11001000 00101101 10010010|
Q-2:	|+0000011 00011110 11100111 0000-+++|
Q-1:	|-1111101 00111110 10001110 1101001-|
Q0:	|-0010101 -1000001 01100000 110011-+| ok p=1
Q1:	|+......- +......V ..V0.... ......0-| ok p=1
Q2:	|+.....10 -.....1. V..-.... ......1-| ok p=0.496094
Q3:	|+.....00 -.....0- 0.-+...V .......-| ok p=1
Q4:	|+.....-+ ......-0 +.0+...1 .......-| ok p=0.496094
Q5:	|......01 0....V0- -.1+...- ....V...| ok p=1
Q6:	|1.....10 ......0- -..-...- .......1| ok p=0.511719
Q7:	|........ .....-.. -..-.... ....-...| ok p=0.392578
Q8:	|.-...... ..-..-.- .+.-...- .+...-..|
Saving 2000000 paths...done.
Autobalance parameters: maxcond=196
Verified: 380463 bad out of 3907701
Estimating maxcond for upper bound 8000000 (=2000000 * 4)...
t=8:  0%   10   20   30   40   50   60   70   80   90   100%
      |----|----|----|----|----|----|----|----|----|----|
e     ***************************************************
Found maxcond = 209
t=8:  0%   10   20   30   40   50   60   70   80   90   100%
      |----|----|----|----|----|----|----|----|----|----|
      ***************************************************
Q-3:	|11101101 11001000 00101101 10010010|
Q-2:	|+0000011 00011110 11100111 0000-+++|
Q-1:	|-1111101 00111110 10001110 1101001-|
Q0:	|-0010101 -1000001 01100000 110011-+| ok p=1
Q1:	|+......- +......V ..V0.... ......0-| ok p=1
Q2:	|+......0 -.....V. V..-.... ......1-| ok p=0.476562
Q3:	|+......0 -......- 0.-+.... ......0-| ok p=0.999023
Q4:	|+......- ......-0 +.0+.... ..V...-+| ok p=0.499023
Q5:	|.......- 0.....0- -.1+.0.V ..1...0-| ok p=1
Q6:	|1.....V- ..V...-0 +....1.. ..-...1-| ok p=0.480469
Q7:	|.......- ......-- +..1.-.+ ..-...--| ok p=0.541992
Q8:	|......-. ..+...-- .....-.0 ......0.| ok p=0.981445
Q9:	|.....-.. ..+..+.+ ...-.-.- .......-|
Saving 2000000 paths...done.
Autobalance parameters: maxcond=208
Verified: 51436 bad out of 2195568
Estimating maxcond for upper bound 8000000 (=2000000 * 4)...
t=9:  0%   10   20   30   40   50   60   70   80   90   100%
      |----|----|----|----|----|----|----|----|----|----|
e     ***************************************************
Found maxcond = 223
t=9:  0%   10   20   30   40   50   60   70   80   90   100%
      |----|----|----|----|----|----|----|----|----|----|
      ***************************************************
Q-3:	|11101101 11001000 00101101 10010010|
Q-2:	|+0000011 00011110 11100111 0000-+++|
Q-1:	|-1111101 00111110 10001110 1101001-|
Q0:	|-0010101 -1000001 01100000 110011-+| ok p=1
Q1:	|+......- +......V ..V0.... ......0-| ok p=1
Q2:	|+.....10 -.....1. V..-.... ......1-| ok p=0.520508
Q3:	|+.....00 -.....0- 0.-+...V .......-| ok p=1
Q4:	|+.....-+ ......-0 +.0+...1 .......-| ok p=0.491211
Q5:	|......01 0....10- -.1+...- ......V.| ok p=1
Q6:	|0V....10 ..V..0-+ -1.-...- ......00| ok p=1
Q7:	|.1...V.. .....-1- -0.-.... ......-.| ok p=0.390625
Q8:	|.-...... ..-..-0- --.-...1 ......+.| ok p=0.964844
Q9:	|.-...-.. ..0..--. .-.-.... ......+.| ok p=0.667969
Q10:	|+.-.+.-. ..-.+.+. .-.-.... ......+.|
Saving 2000000 paths...done.
Autobalance parameters: maxcond=222
Verified: 116164 bad out of 3219418
Estimating maxcond for upper bound 8000000 (=2000000 * 4)...
t=10: 0%   10   20   30   40   50   60   70   80   90   100%
      |----|----|----|----|----|----|----|----|----|----|
e     ***************************************************
Found maxcond = 235
t=10: 0%   10   20   30   40   50   60   70   80   90   100%
      |----|----|----|----|----|----|----|----|----|----|
      ***************************************************
Q-3:	|11101101 11001000 00101101 10010010|
Q-2:	|+0000011 00011110 11100111 0000-+++|
Q-1:	|-1111101 00111110 10001110 1101001-|
Q0:	|-0010101 -1000001 01100000 110011-+| ok p=1
Q1:	|+......- +......V ..V0.... ......0-| ok p=1
Q2:	|+.....10 -.....1. V..-.... ......1-| ok p=0.5
Q3:	|+.....00 -.....0- 0.-+...V .......-| ok p=1
Q4:	|+.....-+ ......-0 +.0+...1 .......-| ok p=0.508789
Q5:	|......01 0.....0- -.1+...- ......V.| ok p=1
Q6:	|0V....10 ..V..1-+ -0.-...- ......01| ok p=1
Q7:	|.1...... V....0-- -1.-...0 ......-.| ok p=0.367188
Q8:	|.-.....V 0.-..-.1 .+.-...- ......+.| ok p=0.994141
Q9:	|.-...... -.1..-01 0-.-...- ......+.| ok p=0.500977
Q10:	|.+.....+ +.-..-.. .-.-...- ........| ok p=0.521484
Q11:	|........ -.-..-.- .+.-...- .-.-...+|
Saving 2000000 paths...done.
Autobalance parameters: maxcond=234
Verified: 5322 bad out of 2268776
Runtime: 73.3088
Extend MD5 differential paths forward
Copyright (C) 2009 Marc Stevens
http://homepages.cwi.nl/~stevens/

delta_m[11] = [!21!]
Loading workdir6/paths10_0of1...done: 2000000 (work:2000000).
Estimating maxcond for upper bound 2000000 (=500000 * 4)...
t=11: 0%   10   20   30   40   50   60   70   80   90   100%
      |----|----|----|----|----|----|----|----|----|----|
e     ***************************************************
Found maxcond = 247
t=11: 0%   10   20   30   40   50   60   70   80   90   100%
      |----|----|----|----|----|----|----|----|----|----|
      ***************************************************
Q-3:	|11101101 11001000 00101101 10010010|
Q-2:	|+0000011 00011110 11100111 0000-+++|
Q-1:	|-1111101 00111110 10001110 1101001-|
Q0:	|-0010101 -1000001 01100000 110011-+| ok p=1
Q1:	|+......- +......V ..V0.... ......0-| ok p=1
Q2:	|+......0 -.....1. V..-.... ......1-| ok p=0.480469
Q3:	|+......0 -.....0- 0.-+.... ......0-| ok p=1
Q4:	|+......- ......-0 +.0+.... ..V...-+| ok p=0.509766
Q5:	|.......1 0.....0- -.1+...V ..1..V0-| ok p=0.97168
Q6:	|1......1 ..V...-0 +1....0. ..-...-+| ok p=1
Q7:	|......V. .....0-- +0.1..1- ..-..-0+| ok p=0.49707
Q8:	|......1. ..-..1-- +-.1..-0 .....01+| ok p=0.994141
Q9:	|....V.-. .V0..+.. .+.-..-1 ..0..1.+| ok p=1
Q10:	|......-. ..1..101 1+.-..-. .......+| ok p=0.982422
Q11:	|....-... .-...-.. .+.-..-. ........| ok p=0.982422
Q12:	|....-... .+...-.. .-.-..-. -.-..-.-|
Saving 500000 paths...done.
Autobalance parameters: maxcond=246
Verified: 8924 bad out of 669605
Runtime: 16.4929
