MD5 differential path toolbox
Copyright (C) 2009 Marc Stevens
http://homepages.cwi.nl/~stevens/

IHV1   = {3989319058,2512478414,4248735443,52356872}
IHV1   = 922dc8edce60c195d38e3efd08e71e03

IHV2   = {3989319058,356606157,2101251794,2199840519}
IHV2   = 922dc8edcd604115d28e3e7d07e71e83

dIHV   = {0,2139095039,2147483647,2147483647}
NC0: delta c = delta d = [!0,31!]
NC0: delta b           = [!0,23,31!]
NC0: prob=-10.9549
delta m_11 = [!21!]
Q-3:	|11101101 11001000 00101101 10010010|
Q-2:	|+0000011 00011110 11100111 0000-+++|
Q-1:	|-1111101 00111110 10001110 1101001-|
Q0:	|-0010101 -1000001 01100000 110011-+| ok p=1
Q1:	|+....... -....... ........ .......-|
Saved lower diff. path to 'workdir6/lowerpath.bin.gz'.

Q32:	|........ ........ ........ ........|
Q33:	|........ ........ ........ ........|
Q34:	|........ ........ ........ ........|
Q35:	|........ ........ ........ ........| ok p=1
Q36:	|........ ........ ........ ........| ok p=1
Q37:	|........ ........ ........ ........| ok p=1
Q38:	|........ ........ ........ ........| ok p=1
Q39:	|........ ........ ........ ........| ok p=1
Q40:	|........ ........ ........ ........| ok p=1
Q41:	|........ ........ ........ ........| ok p=1
Q42:	|........ ........ ........ ........| ok p=1
Q43:	|........ ........ ........ ........| ok p=1
Q44:	|........ ........ ........ ........| ok p=1
Q45:	|........ ........ ........ ........| ok p=1
Q46:	|........ ........ ........ ........| ok p=1
Q47:	|........ ........ ........ ........| ok p=1
Q48:	|........ ........ ........ ........| ok p=1
Q49:	|........ ........ ........ ........| ok p=1
Q50:	|........ ........ ........ ........| ok p=1
Q51:	|........ ........ ........ ........| ok p=1
Q52:	|........ ........ ........ ........| ok p=1
Q53:	|........ ........ ........ ........| ok p=1
Q54:	|........ ........ ........ ........| ok p=1
Q55:	|........ ........ ........ ........| ok p=1
Q56:	|........ ........ ........ ........| ok p=1
Q57:	|........ ........ ........ ........| ok p=1
Q58:	|........ ........ ........ ........| ok p=1
Q59:	|........ ........ ........ ........| ok p=1
Q60:	|0....... ........ ........ .......0| ok p=1
Q61:	|1....... ........ ........ .....101| ok p=0.481445
Q62:	|+....... ........ ........ .....0.+| ok p=1
Q63:	|-....... ........ ........ .....+--| ok p=0.999023
Q64:	|-....... +....... ........ .......+|
Saved upper diff. path to 'workdir6/upperpath.bin.gz'.
Saved 'md5diffpathforward.cfg'.
Saved 'md5diffpathbackward.cfg'.
Saved 'md5diffpathconnect.cfg'.
Saved 'md5diffpathhelper.cfg'.
