Connect MD5 differential paths
Copyright (C) 2009 Marc Stevens
http://homepages.cwi.nl/~stevens/

delta_m[11] = [!-24!]
Loading workdir6/paths16_0of1.bin.gz...done: 500000.
Loading workdir6/paths11_0of1.bin.gz...done: 500000.
t=12: 0%   10   20   30   40   50   60   70   80   90   100%
      |----|----|----|----|----|----|----|----|----|----|
      *Q-3:	|10011010 00101011 11101110 10011110|
Q-2:	|01110010 10000101 11111001 11000+00|
Q-1:	|11011010 01000101 00100001 00001+00|
Q0:	|00110+1- -0010000 00001111 001+--00| ok p=1
Q1:	|+-...0+0 +.0.0... .0..1.-. ...00+..| ok p=0.755859
Q2:	|--...0+0 +.-.0... .+..-.+. ...01+..| ok p=1
Q3:	|+-....-1 +.0.+..^ !-..0.0. .....+..| ok p=1
Q4:	|++1...10 +.1.-..+ 01..1^1. .....+..| ok p=1
Q5:	|1+0...0+ -.-.-..0 00...+.. .1.!.+..| ok p=1
Q6:	|0+.....1 0.1.-..+ -...!0.. .0......| ok p=1
Q7:	|1-.^.0.1 0.1.+..0 +....10. .-1..1..| ok p=1
Q8:	|.-!+.1.+ ....+..1 +....-0. .01.....| ok p=1
Q9:	|!0.0.-.+ ....+... +....-+. .1+...1.| ok p=1
Q10:	|11.+0-.+ 0...+1.1 +1..1.-. 1-+0010.| ok p=1
Q11:	|00101+^1 0010+110 00.1010^ 001101+.| ok p=1
Q12:	|-101+1++ +101-+0- +-^0+1-- -1-----^| ok p=1
Q13:	|+0+-+-1+ --+-1+++ -+--1-11 1+----++| ok p=1
Q14:	|+101.1-. -0001.01 1001+0+1 11.-1.10| ok p=1
Q15:	|1.0-00-0 -10+0010 11001-11 .100+111| ok p=0.577148
Q16:	|+..-..+. 0..++.0. ....0.11 ..1+..0.| ok p=0.208008
Q17:	|...1..00 1..--.1. .....^.+ ..1.^.1.| ok p=0.304688
Q18:	|^..+..01 ...10.-. ..0....1 ..-^..-.| ok p=0.967773
Q19:	|...+.0.- ...1-... .00....- ........| ok p=0.474609
Q20:	|...001.. .0....^. .1+..0.. .0^...^.| ok p=1
Q21:	|...11-.^ .1..^... .+0..1.^ .1....0.| ok p=0.844727
Q22:	|....-... .+...... ..1..-.. .+....1.| ok p=0.904297
Q23:	|0....^.. ....0... .^...... ......-.| ok p=1
Q24:	|1...^... .^..1... 0....^.. .^.0....| ok p=0.508789
Q25:	|-....... ....+... 1....... ......^.| ok p=0.490234
Q26:	|.......0 ........ +....... ..0-....| ok p=1
Q27:	|^......1 ....^... ........ ..1-....| ok p=0.996094
Q28:	|.......- ........ ^....... ..-+....| ok p=0.526367
Q29:	|.......0 ........ ........ ...0....| ok p=0.990234
Q30:	|.......+ ........ ........ ..^1....| ok p=1
Q31:	|.......+ ........ ........ ........| ok p=0.993164
Q32:	|........ ........ ........ ........| ok p=1
Q33:	|.......! ........ ........ ........| ok p=1
Q34:	|........ ........ ........ ........| ok p=1
Q35:	|........ ........ ........ ........| ok p=1
Q36:	|........ ........ ........ ........| ok p=1
Q37:	|........ ........ ........ ........| ok p=1
Q38:	|........ ........ ........ ........| ok p=1
Q39:	|........ ........ ........ ........| ok p=1
Q40:	|........ ........ ........ ........| ok p=1
Q41:	|........ ........ ........ ........| ok p=1
Q42:	|........ ........ ........ ........| ok p=1
Q43:	|........ ........ ........ ........| ok p=1
Q44:	|........ ........ ........ ........| ok p=1
Q45:	|........ ........ ........ ........| ok p=1
Q46:	|........ ........ ........ ........| ok p=1
Q47:	|........ ........ ........ ........| ok p=1
Q48:	|........ ........ ........ ........| ok p=1
Q49:	|........ ........ ........ ........| ok p=1
Q50:	|........ ........ ........ ........| ok p=1
Q51:	|........ ........ ........ ........| ok p=1
Q52:	|........ ........ ........ ........| ok p=1
Q53:	|........ ........ ........ ........| ok p=1
Q54:	|........ ........ ........ ........| ok p=1
Q55:	|........ ........ ........ ........| ok p=1
Q56:	|........ ........ ........ ........| ok p=1
Q57:	|........ ........ ........ ........| ok p=1
Q58:	|........ ........ ........ ........| ok p=1
Q59:	|........ ........ ........ ........| ok p=1
Q60:	|........ ........ ........ .....0..| ok p=1
Q61:	|........ ........ ........ ...110..| ok p=1
Q62:	|........ ........ ........ ...01-..| ok p=1
Q63:	|........ ........ ........ ...-++..| ok p=0.992188
Q64:	|......-. -....... ........ .....-..|
Best path: totcompl=-31 tottunnel=34, totcond=545, p=0.00118312
Q-3:	|10011010 00101011 11101110 10011110|
Q-2:	|01110010 10000101 11111001 11000+00|
Q-1:	|11011010 01000101 00100001 00001+00|
Q0:	|00110+1- -0010000 00001111 001+--00| ok p=1
Q1:	|+-...0+0 +.0.0... .0..1.-. ...00+..| ok p=0.755859
Q2:	|--...0+0 +.-.0... .+..-.+. ...01+..| ok p=1
Q3:	|+-....-1 +.0.+..^ !-..0.0. .....+..| ok p=1
Q4:	|++0...10 +.1.-..+ 01..1^1. .0...+..| ok p=1
Q5:	|0+1...0+ -.-.-..0 00...+.. .1...+..| ok p=1
Q6:	|0+.!...1 0.1.-..+ -...!0.. .0......| ok p=1
Q7:	|1-.^.0.1 0.1.+..0 +....10. .-1..1..| ok p=1
Q8:	|0-.+.1.+ ....+..1 +....-0. .01.....| ok p=1
Q9:	|1..0.-.+ ....+... +....-+. .1+...1.| ok p=1
Q10:	|11!+0-.+ 0...+1.1 +1..1.-. 1-+00.0.| ok p=1
Q11:	|00101+^1 0010+110 00.1010^ 00110^+.| ok p=1
Q12:	|-101+1++ +101-+0- +-^0+1-- -1-----^| ok p=1
Q13:	|+.+-+-1+ --+-1+++ -+--1-11 1+---0-+| ok p=1
Q14:	|+!01.1-. -0001.01 1001+0+1 11.-11.0| ok p=1
Q15:	|1^0-00-0 -10+0010 11001-11 .100+.11| ok p=0.557617
Q16:	|+..-..+. 0..++.0. ....0.11 ..1+..0.| ok p=0.232422
Q17:	|...1..00 1..--.1. .....^.+ ..1.^.1.| ok p=0.314453
Q18:	|^..+..01 ...10.-. ..0....1 ..-^..-.| ok p=0.969727
Q19:	|...+.0.- ...1-... .00....- ........| ok p=0.457031
Q20:	|...001.. .0....^. .1+..0.. .0^...^.| ok p=1
Q21:	|...11-.^ .1..^... .+0..1.^ .1....0.| ok p=0.849609
Q22:	|....-... .+...... ..1..-.. .+....1.| ok p=0.90625
Q23:	|0....^.. ....0... .^...... ......-.| ok p=1
Q24:	|1...^... .^..1... 0....^.. .^.0....| ok p=0.511719
Q25:	|-....... ....+... 1....... ......^.| ok p=0.494141
Q26:	|.......0 ........ +....... ..0-....| ok p=1
Q27:	|^......1 ....^... ........ ..1-....| ok p=0.995117
Q28:	|.......- ........ ^....... ..-+....| ok p=0.557617
Q29:	|.......0 ........ ........ ...0....| ok p=0.996094
Q30:	|.......+ ........ ........ ..^1....| ok p=1
Q31:	|.......+ ........ ........ ........| ok p=0.996094
Q32:	|........ ........ ........ ........| ok p=1
Q33:	|.......! ........ ........ ........| ok p=1
Q34:	|........ ........ ........ ........| ok p=1
Q35:	|........ ........ ........ ........| ok p=1
Q36:	|........ ........ ........ ........| ok p=1
Q37:	|........ ........ ........ ........| ok p=1
Q38:	|........ ........ ........ ........| ok p=1
Q39:	|........ ........ ........ ........| ok p=1
Q40:	|........ ........ ........ ........| ok p=1
Q41:	|........ ........ ........ ........| ok p=1
Q42:	|........ ........ ........ ........| ok p=1
Q43:	|........ ........ ........ ........| ok p=1
Q44:	|........ ........ ........ ........| ok p=1
Q45:	|........ ........ ........ ........| ok p=1
Q46:	|........ ........ ........ ........| ok p=1
Q47:	|........ ........ ........ ........| ok p=1
Q48:	|........ ........ ........ ........| ok p=1
Q49:	|........ ........ ........ ........| ok p=1
Q50:	|........ ........ ........ ........| ok p=1
Q51:	|........ ........ ........ ........| ok p=1
Q52:	|........ ........ ........ ........| ok p=1
Q53:	|........ ........ ........ ........| ok p=1
Q54:	|........ ........ ........ ........| ok p=1
Q55:	|........ ........ ........ ........| ok p=1
Q56:	|........ ........ ........ ........| ok p=1
Q57:	|........ ........ ........ ........| ok p=1
Q58:	|........ ........ ........ ........| ok p=1
Q59:	|........ ........ ........ ........| ok p=1
Q60:	|........ ........ ........ .....0..| ok p=1
Q61:	|........ ........ ........ ...110..| ok p=1
Q62:	|........ ........ ........ ...01-..| ok p=1
Q63:	|........ ........ ........ ...-++..| ok p=0.990234
Q64:	|......-. -....... ........ .....-..|
Best path: totcompl=-31 tottunnel=34, totcond=544, p=0.00109601
Q-3:	|10011010 00101011 11101110 10011110|
Q-2:	|01110010 10000101 11111001 11000+00|
Q-1:	|11011010 01000101 00100001 00001+00|
Q0:	|00110+1- -0010000 00001111 001+--00| ok p=1
Q1:	|+-...0+0 +.0.0... .0..1.-. ...00+..| ok p=0.731445
Q2:	|--...0+0 +.-.0... .+..-.+. ...01+..| ok p=1
Q3:	|+-....-1 +.0.+..^ !-..0.0. .....+..| ok p=1
Q4:	|++1...10 +.1.-..+ 01..1^1. .0...+..| ok p=1
Q5:	|1+0...0+ -.-.-..0 00...+.. .1...+..| ok p=1
Q6:	|0+.....1 0.1.-..+ -...!0.. .0......| ok p=1
Q7:	|1-.^.0.1 0.1.+..0 +....10. .-1..1..| ok p=1
Q8:	|1-!+.1.+ ....+..1 +....-0. .01.....| ok p=1
Q9:	|0..0.-.+ ....+... +....-+. .1+...1.| ok p=1
Q10:	|11.+0-.+ 0...+1.1 +1..1.-. 1-+00.0.| ok p=1
Q11:	|00101+^1 0010+110 00.1010^ 00110^+.| ok p=1
Q12:	|-101+1++ +101-+0- +-^0+1-- -1-----^| ok p=1
Q13:	|+.+-+-1+ --+-1+++ -+--1-11 +----0-+| ok p=1
Q14:	|+!01.1-. -0001.01 1001+0+1 11.-11.0| ok p=1
Q15:	|1^0-00-0 -10+0010 11001-11 1100+.11| ok p=0.549805
Q16:	|+..-..+. 0..++.0. ....0.11 ..1+..0.| ok p=0.246094
Q17:	|...1..00 1..--.1. .....^.+ ..1.^.1.| ok p=0.339844
Q18:	|^..+..01 ...10.-. ..0....1 ..-^..-.| ok p=0.967773
Q19:	|...+.0.- ...1-... .00....- ........| ok p=0.474609
Q20:	|...001.. .0....^. .1+..0.. .0^...^.| ok p=1
Q21:	|...11-.^ .1..^... .+0..1.^ .1....0.| ok p=0.856445
Q22:	|....-... .+...... ..1..-.. .+....1.| ok p=0.896484
Q23:	|0....^.. ....0... .^...... ......-.| ok p=1
Q24:	|1...^... .^..1... 0....^.. .^.0....| ok p=0.509766
Q25:	|-....... ....+... 1....... ......^.| ok p=0.479492
Q26:	|.......0 ........ +....... ..0-....| ok p=1
Q27:	|^......1 ....^... ........ ..1-....| ok p=0.996094
Q28:	|.......- ........ ^....... ..-+....| ok p=0.552734
Q29:	|.......0 ........ ........ ...0....| ok p=0.998047
Q30:	|.......+ ........ ........ ..^1....| ok p=1
Q31:	|.......+ ........ ........ ........| ok p=0.995117
Q32:	|........ ........ ........ ........| ok p=1
Q33:	|.......! ........ ........ ........| ok p=1
Q34:	|........ ........ ........ ........| ok p=1
Q35:	|........ ........ ........ ........| ok p=1
Q36:	|........ ........ ........ ........| ok p=1
Q37:	|........ ........ ........ ........| ok p=1
Q38:	|........ ........ ........ ........| ok p=1
Q39:	|........ ........ ........ ........| ok p=1
Q40:	|........ ........ ........ ........| ok p=1
Q41:	|........ ........ ........ ........| ok p=1
Q42:	|........ ........ ........ ........| ok p=1
Q43:	|........ ........ ........ ........| ok p=1
Q44:	|........ ........ ........ ........| ok p=1
Q45:	|........ ........ ........ ........| ok p=1
Q46:	|........ ........ ........ ........| ok p=1
Q47:	|........ ........ ........ ........| ok p=1
Q48:	|........ ........ ........ ........| ok p=1
Q49:	|........ ........ ........ ........| ok p=1
Q50:	|........ ........ ........ ........| ok p=1
Q51:	|........ ........ ........ ........| ok p=1
Q52:	|........ ........ ........ ........| ok p=1
Q53:	|........ ........ ........ ........| ok p=1
Q54:	|........ ........ ........ ........| ok p=1
Q55:	|........ ........ ........ ........| ok p=1
Q56:	|........ ........ ........ ........| ok p=1
Q57:	|........ ........ ........ ........| ok p=1
Q58:	|........ ........ ........ ........| ok p=1
Q59:	|........ ........ ........ ........| ok p=1
Q60:	|........ ........ ........ .....0..| ok p=1
Q61:	|........ ........ ........ ...110..| ok p=1
Q62:	|........ ........ ........ ...01-..| ok p=1
Q63:	|........ ........ ........ ...-++..| ok p=0.990234
Q64:	|......-. -....... ........ .....-..|
Best path: totcompl=-30 tottunnel=35, totcond=544, p=0.00125462
Q-3:	|10011010 00101011 11101110 10011110|
Q-2:	|01110010 10000101 11111001 11000+00|
Q-1:	|11011010 01000101 00100001 00001+00|
Q0:	|00110+1- -0010000 00001111 001+--00| ok p=1
Q1:	|+-...0+0 +.0.0... .0..1.-. ...00+..| ok p=0.736328
Q2:	|--...0+0 +.-.0... .+..-.+. ...01+..| ok p=1
Q3:	|+-....-1 +.0.+..^ !-..0.0. .....+..| ok p=1
Q4:	|++1...10 +.1.-..+ 01..1^1. .0...+..| ok p=1
Q5:	|1+0...0+ -.-.-..0 00...+.. .1...+..| ok p=1
Q6:	|0+.....1 0.1.-..+ -...!0.. .0......| ok p=1
Q7:	|1-.^.0.1 0.1.+..0 +....10. .-1..1..| ok p=1
Q8:	|0-.+.1.+ ....+..1 +....-0. .01.....| ok p=1
Q9:	|10.0.-.+ ....+... +....-+. .1+...1.| ok p=1
Q10:	|11.+0-.+ 0...+1.1 +0..1.-. 1-+00.0.| ok p=1
Q11:	|00101+^1 0010+110 1100010^ 00110^+.| ok p=1
Q12:	|-101+1++ +101-+0- +-11+1-- -1-----^| ok p=1
Q13:	|+.+-+-1+ --+-1+++ -+--1-11 1+---0-+| ok p=1
Q14:	|+!01.1-. -0001.01 1001+0+1 11.-11.0| ok p=1
Q15:	|1^0-00-0 -10+0010 11001-11 .100+.11| ok p=0.572266
Q16:	|+..-..+. 0..++.0. ....0.11 ..1+..0.| ok p=0.222656
Q17:	|...1..00 1..--.1. .....^.+ ..1.^.1.| ok p=0.308594
Q18:	|^..+..01 ...10.-. ..0....1 ..-^..-.| ok p=0.959961
Q19:	|...+.0.- ...1-... .00....- ........| ok p=0.452148
Q20:	|...001.. .0....^. .1+..0.. .0^...^.| ok p=1
Q21:	|...11-.^ .1..^... .+0..1.^ .1....0.| ok p=0.84668
Q22:	|....-... .+...... ..1..-.. .+....1.| ok p=0.923828
Q23:	|0....^.. ....0... .^...... ......-.| ok p=1
Q24:	|1...^... .^..1... 0....^.. .^.0....| ok p=0.499023
Q25:	|-....... ....+... 1....... ......^.| ok p=0.47168
Q26:	|.......0 ........ +....... ..0-....| ok p=1
Q27:	|^......1 ....^... ........ ..1-....| ok p=0.996094
Q28:	|.......- ........ ^....... ..-+....| ok p=0.529297
Q29:	|.......0 ........ ........ ...0....| ok p=0.996094
Q30:	|.......+ ........ ........ ..^1....| ok p=1
Q31:	|.......+ ........ ........ ........| ok p=0.995117
Q32:	|........ ........ ........ ........| ok p=1
Q33:	|.......! ........ ........ ........| ok p=1
Q34:	|........ ........ ........ ........| ok p=1
Q35:	|........ ........ ........ ........| ok p=1
Q36:	|........ ........ ........ ........| ok p=1
Q37:	|........ ........ ........ ........| ok p=1
Q38:	|........ ........ ........ ........| ok p=1
Q39:	|........ ........ ........ ........| ok p=1
Q40:	|........ ........ ........ ........| ok p=1
Q41:	|........ ........ ........ ........| ok p=1
Q42:	|........ ........ ........ ........| ok p=1
Q43:	|........ ........ ........ ........| ok p=1
Q44:	|........ ........ ........ ........| ok p=1
Q45:	|........ ........ ........ ........| ok p=1
Q46:	|........ ........ ........ ........| ok p=1
Q47:	|........ ........ ........ ........| ok p=1
Q48:	|........ ........ ........ ........| ok p=1
Q49:	|........ ........ ........ ........| ok p=1
Q50:	|........ ........ ........ ........| ok p=1
Q51:	|........ ........ ........ ........| ok p=1
Q52:	|........ ........ ........ ........| ok p=1
Q53:	|........ ........ ........ ........| ok p=1
Q54:	|........ ........ ........ ........| ok p=1
Q55:	|........ ........ ........ ........| ok p=1
Q56:	|........ ........ ........ ........| ok p=1
Q57:	|........ ........ ........ ........| ok p=1
Q58:	|........ ........ ........ ........| ok p=1
Q59:	|........ ........ ........ ........| ok p=1
Q60:	|........ ........ ........ .....0..| ok p=1
Q61:	|........ ........ ........ ...110..| ok p=1
Q62:	|........ ........ ........ ...01-..| ok p=1
Q63:	|........ ........ ........ ...-++..| ok p=0.985352
Q64:	|......-. -....... ........ .....-..|
Best path: totcompl=-29 tottunnel=36, totcond=544, p=0.00105026
Best paths: 2
Q-3:	|10011010 00101011 11101110 10011110|
Q-2:	|01110010 10000101 11111001 11000+00|
Q-1:	|11011010 01000101 00100001 00001+00|
Q0:	|00110+1- -0010000 00001111 001+--00| ok p=1
Q1:	|+-...0+0 +.0.0... .0..1.-. ...00+..| ok p=0.756836
Q2:	|--...0+0 +.-.0... .+..-.+. ...01+..| ok p=1
Q3:	|+-....-1 +.0.+..^ !-..0.0. .....+..| ok p=1
Q4:	|++1...10 +.1.-..+ 01..1^1. .0...+..| ok p=1
Q5:	|1+0...0+ -.-.-..0 00...+.. .1...+..| ok p=1
Q6:	|0+.....1 0.1.-..+ -...!0.. .0......| ok p=1
Q7:	|1-.^.0.1 0.1.+..0 +....10. .-1..1..| ok p=1
Q8:	|1-!+.1.+ ....+..1 +....-0. .01.....| ok p=1
Q9:	|0..0.-.+ ....+... +....-+. .1+...1.| ok p=1
Q10:	|11.+0-.+ 0...+1.1 +1..1.-. 1-+00.0.| ok p=1
Q11:	|0.101+^1 0010+110 0010010^ 00110^+.| ok p=1
Q12:	|+^01+1++ +101-+0- +-01+1-- -1-----^| ok p=1
Q13:	|-.+-+-1+ --+-1+++ -+--1-11 1+---0-+| ok p=1
Q14:	|+101.1-. -0001.01 1001+0+1 11.-11.0| ok p=1
Q15:	|1.0-00-0 -10+0010 11001-11 .100+.11| ok p=0.568359
Q16:	|+..-..+. 0..++.0. ....0.11 ..1+..0.| ok p=0.220703
Q17:	|...1..00 1..--.1. .....^.+ ..1.^.1.| ok p=0.300781
Q18:	|^..+..01 ...10.-. ..0....1 ..-^..-.| ok p=0.961914
Q19:	|...+.0.- ...1-... .00....- ........| ok p=0.470703
Q20:	|...001.. .0....^. .1+..0.. .0^...^.| ok p=1
Q21:	|...11-.^ .1..^... .+0..1.^ .1....0.| ok p=0.859375
Q22:	|....-... .+...... ..1..-.. .+....1.| ok p=0.910156
Q23:	|0....^.. ....0... .^...... ......-.| ok p=1
Q24:	|1...^... .^..1... 0....^.. .^.0....| ok p=0.486328
Q25:	|-....... ....+... 1....... ......^.| ok p=0.500977
Q26:	|.......0 ........ +....... ..0-....| ok p=1
Q27:	|^......1 ....^... ........ ..1-....| ok p=0.999023
Q28:	|.......- ........ ^....... ..-+....| ok p=0.527344
Q29:	|.......0 ........ ........ ...0....| ok p=0.994141
Q30:	|.......+ ........ ........ ..^1....| ok p=1
Q31:	|.......+ ........ ........ ........| ok p=0.994141
Q32:	|........ ........ ........ ........| ok p=1
Q33:	|.......! ........ ........ ........| ok p=1
Q34:	|........ ........ ........ ........| ok p=1
Q35:	|........ ........ ........ ........| ok p=1
Q36:	|........ ........ ........ ........| ok p=1
Q37:	|........ ........ ........ ........| ok p=1
Q38:	|........ ........ ........ ........| ok p=1
Q39:	|........ ........ ........ ........| ok p=1
Q40:	|........ ........ ........ ........| ok p=1
Q41:	|........ ........ ........ ........| ok p=1
Q42:	|........ ........ ........ ........| ok p=1
Q43:	|........ ........ ........ ........| ok p=1
Q44:	|........ ........ ........ ........| ok p=1
Q45:	|........ ........ ........ ........| ok p=1
Q46:	|........ ........ ........ ........| ok p=1
Q47:	|........ ........ ........ ........| ok p=1
Q48:	|........ ........ ........ ........| ok p=1
Q49:	|........ ........ ........ ........| ok p=1
Q50:	|........ ........ ........ ........| ok p=1
Q51:	|........ ........ ........ ........| ok p=1
Q52:	|........ ........ ........ ........| ok p=1
Q53:	|........ ........ ........ ........| ok p=1
Q54:	|........ ........ ........ ........| ok p=1
Q55:	|........ ........ ........ ........| ok p=1
Q56:	|........ ........ ........ ........| ok p=1
Q57:	|........ ........ ........ ........| ok p=1
Q58:	|........ ........ ........ ........| ok p=1
Q59:	|........ ........ ........ ........| ok p=1
Q60:	|........ ........ ........ .....0..| ok p=1
Q61:	|........ ........ ........ ...110..| ok p=1
Q62:	|........ ........ ........ ...01-..| ok p=1
Q63:	|........ ........ ........ ...-++..| ok p=0.990234
Q64:	|......-. -....... ........ .....-..|
Best path: totcompl=-29 tottunnel=36, totcond=542, p=0.00148111
Q-3:	|10011010 00101011 11101110 10011110|
Q-2:	|01110010 10000101 11111001 11000+00|
Q-1:	|11011010 01000101 00100001 00001+00|
Q0:	|00110+1- -0010000 00001111 001+--00| ok p=1
Q1:	|+-...0+0 +.0.0... .0..1.-. ...00+..| ok p=0.742188
Q2:	|--...0+0 +.-.0... .+..-.+. ...01+..| ok p=1
Q3:	|+-....-1 +.0.+..^ !-..0.0. .....+..| ok p=1
Q4:	|++1...10 +.1.-..+ 01..1^1. .....+..| ok p=1
Q5:	|1+0...0+ -.-.-..0 00...+.. ..!..+..| ok p=1
Q6:	|0+.....1 0.1.-..+ -...!0.. .^......| ok p=1
Q7:	|1-...0.1 0.1.+..0 +....11. .-1..1..| ok p=1
Q8:	|.-.^.1.+ ....+..1 +....-1. .01.....| ok p=1
Q9:	|!.0-.-.+ .1..+... +....-+. .1+.....| ok p=1
Q10:	|0110.-.+ ^1.0+..0 +0..!-+. 01-...^.| ok p=1
Q11:	|1.0-.+01 ++.1+1.1 0100111. 111110+.| ok p=1
Q12:	|-^-+^-0+ 0-^-+0^- +-111+1^ +-00000^| ok p=1
Q13:	|++---++- --+0-.-+ -+---1-- ------++| ok p=1
Q14:	|+1.110-0 -.101.10 1000+0+1 1.1-1110| ok p=1
Q15:	|101-10-1 -00+0.10 11001-01 1100+101| ok p=0.37793
Q16:	|+..-..+. 0..++.0. ....1.01 ..1+..0.| ok p=0.277344
Q17:	|...1..00 1..--.1. .....^.+ ..1.^.1.| ok p=0.324219
Q18:	|^..+..01 ...10.-. ..0....1 ..-^..-.| ok p=0.960938
Q19:	|...+.0.- ...1-... .00....- ........| ok p=0.47168
Q20:	|...001.. .0....^. .1+..0.. .0^...^.| ok p=1
Q21:	|...11-.^ .1..^... .+0..1.^ .1....0.| ok p=0.875977
Q22:	|....-... .+...... ..1..-.. .+....1.| ok p=0.938477
Q23:	|0....^.. ....0... .^...... ......-.| ok p=1
Q24:	|1...^... .^..1... 0....^.. .^.0....| ok p=0.503906
Q25:	|-....... ....+... 1....... ......^.| ok p=0.499023
Q26:	|.......0 ........ +....... ..0-....| ok p=1
Q27:	|^......1 ....^... ........ ..1-....| ok p=0.990234
Q28:	|.......- ........ ^....... ..-+....| ok p=0.523438
Q29:	|.......0 ........ ........ ...0....| ok p=0.99707
Q30:	|.......+ ........ ........ ..^1....| ok p=1
Q31:	|.......+ ........ ........ ........| ok p=0.995117
Q32:	|........ ........ ........ ........| ok p=1
Q33:	|.......! ........ ........ ........| ok p=1
Q34:	|........ ........ ........ ........| ok p=1
Q35:	|........ ........ ........ ........| ok p=1
Q36:	|........ ........ ........ ........| ok p=1
Q37:	|........ ........ ........ ........| ok p=1
Q38:	|........ ........ ........ ........| ok p=1
Q39:	|........ ........ ........ ........| ok p=1
Q40:	|........ ........ ........ ........| ok p=1
Q41:	|........ ........ ........ ........| ok p=1
Q42:	|........ ........ ........ ........| ok p=1
Q43:	|........ ........ ........ ........| ok p=1
Q44:	|........ ........ ........ ........| ok p=1
Q45:	|........ ........ ........ ........| ok p=1
Q46:	|........ ........ ........ ........| ok p=1
Q47:	|........ ........ ........ ........| ok p=1
Q48:	|........ ........ ........ ........| ok p=1
Q49:	|........ ........ ........ ........| ok p=1
Q50:	|........ ........ ........ ........| ok p=1
Q51:	|........ ........ ........ ........| ok p=1
Q52:	|........ ........ ........ ........| ok p=1
Q53:	|........ ........ ........ ........| ok p=1
Q54:	|........ ........ ........ ........| ok p=1
Q55:	|........ ........ ........ ........| ok p=1
Q56:	|........ ........ ........ ........| ok p=1
Q57:	|........ ........ ........ ........| ok p=1
Q58:	|........ ........ ........ ........| ok p=1
Q59:	|........ ........ ........ ........| ok p=1
Q60:	|........ ........ ........ .....0..| ok p=1
Q61:	|........ ........ ........ ...110..| ok p=1
Q62:	|........ ........ ........ ...01-..| ok p=1
Q63:	|........ ........ ........ ...-++..| ok p=0.989258
Q64:	|......-. -....... ........ .....-..|
Best path: totcompl=-25 tottunnel=40, totcond=538, p=0.0012777
Q-3:	|10011010 00101011 11101110 10011110|
Q-2:	|01110010 10000101 11111001 11000+00|
Q-1:	|11011010 01000101 00100001 00001+00|
Q0:	|00110+1- -0010000 00001111 001+--00| ok p=1
Q1:	|+-...0+0 +.0.0... .0..1.-. ...00+..| ok p=0.748047
Q2:	|--...0+0 +.-.0... .+..-.+. ...01+..| ok p=1
Q3:	|+-....-1 +.0.+..^ !-..0.0. .....+..| ok p=1
Q4:	|++0...10 +.1.-..+ 11..1^1. .....+..| ok p=1
Q5:	|0+1...0+ -.-.-..0 10...+.. .!...+..| ok p=1
Q6:	|0+.!...1 0.1.-..1 +...!0.. .^......| ok p=1
Q7:	|1-...0.1 011.+1.. +....11. .-0..1..| ok p=1
Q8:	|.-.^.1.+ .1..+... +....-1. .00.....| ok p=1
Q9:	|!.0-.-.+ .+..+... +....-+. .1+.....| ok p=1
Q10:	|0010.-.+ 1+.0+..0 +1.1.-+. 00-...^.| ok p=1
Q11:	|1.0-.+.+ 1-.1+1.1 -0.1.1.^ 11100.+.| ok p=1
Q12:	|-^-+^-1+ -+^-+0^- 1-^+^+0+ --101^0^| ok p=1
Q13:	|++---+1+ -1-0-.-+ -+----01 0+----++| ok p=1
Q14:	|+1.110-. -1101.10 110+1--1 111-1110| ok p=1
Q15:	|101-10-1 -.0+0.10 10111-11 .100+101| ok p=0.400391
Q16:	|+..-..+. 0..++.0. ...1.111 ..1+..0.| ok p=0.291016
Q17:	|...1..00 1..--.1. .....1.+ ..1.^.1.| ok p=0.320312
Q18:	|^..+..01 ...10.-. ..0....1 ..-^..-.| ok p=0.962891
Q19:	|...+.0.- ...1-... .00....- ........| ok p=0.459961
Q20:	|...001.. .0....^. .1+..0.. .0^...^.| ok p=1
Q21:	|...11-.^ .1..^... .+0..1.^ .1....0.| ok p=0.84375
Q22:	|....-... .+...... ..1..-.. .+....1.| ok p=0.913086
Q23:	|0....^.. ....0... .^...... ......-.| ok p=1
Q24:	|1...^... .^..1... 0....^.. .^.0....| ok p=0.500977
Q25:	|-....... ....+... 1....... ......^.| ok p=0.478516
Q26:	|.......0 ........ +....... ..0-....| ok p=1
Q27:	|^......1 ....^... ........ ..1-....| ok p=0.99707
Q28:	|.......- ........ ^....... ..-+....| ok p=0.538086
Q29:	|.......0 ........ ........ ...0....| ok p=0.998047
Q30:	|.......+ ........ ........ ..^1....| ok p=1
Q31:	|.......+ ........ ........ ........| ok p=0.995117
Q32:	|........ ........ ........ ........| ok p=1
Q33:	|.......! ........ ........ ........| ok p=1
Q34:	|........ ........ ........ ........| ok p=1
Q35:	|........ ........ ........ ........| ok p=1
Q36:	|........ ........ ........ ........| ok p=1
Q37:	|........ ........ ........ ........| ok p=1
Q38:	|........ ........ ........ ........| ok p=1
Q39:	|........ ........ ........ ........| ok p=1
Q40:	|........ ........ ........ ........| ok p=1
Q41:	|........ ........ ........ ........| ok p=1
Q42:	|........ ........ ........ ........| ok p=1
Q43:	|........ ........ ........ ........| ok p=1
Q44:	|........ ........ ........ ........| ok p=1
Q45:	|........ ........ ........ ........| ok p=1
Q46:	|........ ........ ........ ........| ok p=1
Q47:	|........ ........ ........ ........| ok p=1
Q48:	|........ ........ ........ ........| ok p=1
Q49:	|........ ........ ........ ........| ok p=1
Q50:	|........ ........ ........ ........| ok p=1
Q51:	|........ ........ ........ ........| ok p=1
Q52:	|........ ........ ........ ........| ok p=1
Q53:	|........ ........ ........ ........| ok p=1
Q54:	|........ ........ ........ ........| ok p=1
Q55:	|........ ........ ........ ........| ok p=1
Q56:	|........ ........ ........ ........| ok p=1
Q57:	|........ ........ ........ ........| ok p=1
Q58:	|........ ........ ........ ........| ok p=1
Q59:	|........ ........ ........ ........| ok p=1
Q60:	|........ ........ ........ .....0..| ok p=1
Q61:	|........ ........ ........ ...110..| ok p=1
Q62:	|........ ........ ........ ...01-..| ok p=1
Q63:	|........ ........ ........ ...-++..| ok p=0.987305
Q64:	|......-. -....... ........ .....-..|
Best path: totcompl=-25 tottunnel=40, totcond=536, p=0.00140834
Q-3:	|10011010 00101011 11101110 10011110|
Q-2:	|01110010 10000101 11111001 11000+00|
Q-1:	|11011010 01000101 00100001 00001+00|
Q0:	|00110+1- -0010000 00001111 001+--00| ok p=1
Q1:	|+-...0+0 +.0.0... .0..1.-. ...00+..| ok p=0.763672
Q2:	|--...0+0 +.-.0... .+..-.+. ...01+..| ok p=1
Q3:	|+-....-1 +.0.+..^ !-..0.0. .....+..| ok p=1
Q4:	|++0...10 +.1.-..+ 11..1^1. .....+..| ok p=1
Q5:	|0+1...0+ -.-.-..0 10...+.. .!...+..| ok p=1
Q6:	|0+.!...1 0.1.-..1 +...!0.. .^......| ok p=1
Q7:	|1-...0.1 011.+... +....11. .-0..1..| ok p=1
Q8:	|0-.^.1.+ .1..+... +....-1. .00.....| ok p=1
Q9:	|1..-.-.+ .+..+... +....-+. .1+.....| ok p=1
Q10:	|0010.-.+ 1+.0+..0 +1.1.-+. 00-...^.| ok p=1
Q11:	|1.0-.+.+ 1-.1+1.1 -0.1.1.^ 11100.+.| ok p=1
Q12:	|-^-+^-1+ -+^-+0^- 1-^+^+0+ --101^0^| ok p=1
Q13:	|++---+1+ -1-0-.-+ -+----01 0+----++| ok p=1
Q14:	|+1.110-. -1101.10 110+1--0 001-1110| ok p=1
Q15:	|101-10-1 -.0+0.10 10111-11 .100+101| ok p=0.384766
Q16:	|+..-..+. 0..++.0. ...1.111 ..1+..0.| ok p=0.267578
Q17:	|...1..00 1..--.1. .....1.+ ..1.^.1.| ok p=0.302734
Q18:	|^..+..01 ...10.-. ..0....1 ..-^..-.| ok p=0.970703
Q19:	|...+.0.- ...1-... .00....- ........| ok p=0.464844
Q20:	|...001.. .0....^. .1+..0.. .0^...^.| ok p=1
Q21:	|...11-.^ .1..^... .+0..1.^ .1....0.| ok p=0.856445
Q22:	|....-... .+...... ..1..-.. .+....1.| ok p=0.900391
Q23:	|0....^.. ....0... .^...... ......-.| ok p=1
Q24:	|1...^... .^..1... 0....^.. .^.0....| ok p=0.510742
Q25:	|-....... ....+... 1....... ......^.| ok p=0.469727
Q26:	|.......0 ........ +....... ..0-....| ok p=1
Q27:	|^......1 ....^... ........ ..1-....| ok p=0.999023
Q28:	|.......- ........ ^....... ..-+....| ok p=0.522461
Q29:	|.......0 ........ ........ ...0....| ok p=0.996094
Q30:	|.......+ ........ ........ ..^1....| ok p=1
Q31:	|.......+ ........ ........ ........| ok p=0.996094
Q32:	|........ ........ ........ ........| ok p=1
Q33:	|.......! ........ ........ ........| ok p=1
Q34:	|........ ........ ........ ........| ok p=1
Q35:	|........ ........ ........ ........| ok p=1
Q36:	|........ ........ ........ ........| ok p=1
Q37:	|........ ........ ........ ........| ok p=1
Q38:	|........ ........ ........ ........| ok p=1
Q39:	|........ ........ ........ ........| ok p=1
Q40:	|........ ........ ........ ........| ok p=1
Q41:	|........ ........ ........ ........| ok p=1
Q42:	|........ ........ ........ ........| ok p=1
Q43:	|........ ........ ........ ........| ok p=1
Q44:	|........ ........ ........ ........| ok p=1
Q45:	|........ ........ ........ ........| ok p=1
Q46:	|........ ........ ........ ........| ok p=1
Q47:	|........ ........ ........ ........| ok p=1
Q48:	|........ ........ ........ ........| ok p=1
Q49:	|........ ........ ........ ........| ok p=1
Q50:	|........ ........ ........ ........| ok p=1
Q51:	|........ ........ ........ ........| ok p=1
Q52:	|........ ........ ........ ........| ok p=1
Q53:	|........ ........ ........ ........| ok p=1
Q54:	|........ ........ ........ ........| ok p=1
Q55:	|........ ........ ........ ........| ok p=1
Q56:	|........ ........ ........ ........| ok p=1
Q57:	|........ ........ ........ ........| ok p=1
Q58:	|........ ........ ........ ........| ok p=1
Q59:	|........ ........ ........ ........| ok p=1
Q60:	|........ ........ ........ .....0..| ok p=1
Q61:	|........ ........ ........ ...110..| ok p=1
Q62:	|........ ........ ........ ...01-..| ok p=1
Q63:	|........ ........ ........ ...-++..| ok p=0.985352
Q64:	|......-. -....... ........ .....-..|
Best path: totcompl=-25 tottunnel=40, totcond=535, p=0.0012024
Q-3:	|10011010 00101011 11101110 10011110|
Q-2:	|01110010 10000101 11111001 11000+00|
Q-1:	|11011010 01000101 00100001 00001+00|
Q0:	|00110+1- -0010000 00001111 001+--00| ok p=1
Q1:	|+-...0+0 +.0.0... .0..1.-. ...00+..| ok p=0.738281
Q2:	|--...0+0 +.-.0... .+..-.+. ...01+..| ok p=1
Q3:	|+-....-1 +.0.+..^ !-..0.0. .....+..| ok p=1
Q4:	|++1...10 +.1.-..+ 11..1^1. .....+..| ok p=1
Q5:	|1+0...0+ -.-.-..0 10...+.. ..!..+..| ok p=1
Q6:	|0+.....1 0.1.-..1 +...!0.. .^......| ok p=1
Q7:	|1-...0.1 011.+... +....11. .-0..1..| ok p=0.999023
Q8:	|0-.^.1.+ .1..+... +....-1. .00.....| ok p=1
Q9:	|1..-.-.+ .+..+... +....-+. .1+.....| ok p=1
Q10:	|0010.-.+ 1+.0+..0 +1.1.-+. 00-...^.| ok p=1
Q11:	|1.0-.+.+ 1-.1+1.1 -0.1.1.^ 11100.+.| ok p=1
Q12:	|-^-+^-1+ -+^-+0^- 1-^+^+0+ --101^0^| ok p=1
Q13:	|++---+1+ -1-0-.-+ -+----01 0+----++| ok p=1
Q14:	|+1.110-. -1101.10 000+1--1 111-1110| ok p=1
Q15:	|101-10-1 -.0+0.10 10111-11 .100+101| ok p=0.392578
Q16:	|+..-..+. 0..++.0. ...1.111 ..1+..0.| ok p=0.272461
Q17:	|...1..00 1..--.1. .....1.+ ..1.^.1.| ok p=0.321289
Q18:	|^..+..01 ...10.-. ..0....1 ..-^..-.| ok p=0.96582
Q19:	|...+.0.- ...1-... .00....- ........| ok p=0.450195
Q20:	|...001.. .0....^. .1+..0.. .0^...^.| ok p=1
Q21:	|...11-.^ .1..^... .+0..1.^ .1....0.| ok p=0.860352
Q22:	|....-... .+...... ..1..-.. .+....1.| ok p=0.901367
Q23:	|0....^.. ....0... .^...... ......-.| ok p=1
Q24:	|1...^... .^..1... 0....^.. .^.0....| ok p=0.511719
Q25:	|-....... ....+... 1....... ......^.| ok p=0.483398
Q26:	|.......0 ........ +....... ..0-....| ok p=1
Q27:	|^......1 ....^... ........ ..1-....| ok p=0.994141
Q28:	|.......- ........ ^....... ..-+....| ok p=0.507812
Q29:	|.......0 ........ ........ ...0....| ok p=0.992188
Q30:	|.......+ ........ ........ ..^1....| ok p=1
Q31:	|.......+ ........ ........ ........| ok p=0.996094
Q32:	|........ ........ ........ ........| ok p=1
Q33:	|.......! ........ ........ ........| ok p=1
Q34:	|........ ........ ........ ........| ok p=1
Q35:	|........ ........ ........ ........| ok p=1
Q36:	|........ ........ ........ ........| ok p=1
Q37:	|........ ........ ........ ........| ok p=1
Q38:	|........ ........ ........ ........| ok p=1
Q39:	|........ ........ ........ ........| ok p=1
Q40:	|........ ........ ........ ........| ok p=1
Q41:	|........ ........ ........ ........| ok p=1
Q42:	|........ ........ ........ ........| ok p=1
Q43:	|........ ........ ........ ........| ok p=1
Q44:	|........ ........ ........ ........| ok p=1
Q45:	|........ ........ ........ ........| ok p=1
Q46:	|........ ........ ........ ........| ok p=1
Q47:	|........ ........ ........ ........| ok p=1
Q48:	|........ ........ ........ ........| ok p=1
Q49:	|........ ........ ........ ........| ok p=1
Q50:	|........ ........ ........ ........| ok p=1
Q51:	|........ ........ ........ ........| ok p=1
Q52:	|........ ........ ........ ........| ok p=1
Q53:	|........ ........ ........ ........| ok p=1
Q54:	|........ ........ ........ ........| ok p=1
Q55:	|........ ........ ........ ........| ok p=1
Q56:	|........ ........ ........ ........| ok p=1
Q57:	|........ ........ ........ ........| ok p=1
Q58:	|........ ........ ........ ........| ok p=1
Q59:	|........ ........ ........ ........| ok p=1
Q60:	|........ ........ ........ .....0..| ok p=1
Q61:	|........ ........ ........ ...110..| ok p=1
Q62:	|........ ........ ........ ...01-..| ok p=1
Q63:	|........ ........ ........ ...-++..| ok p=0.99707
Q64:	|......-. -....... ........ .....-..|
Best path: totcompl=-25 tottunnel=40, totcond=534, p=0.00124805
Best paths: 2
Q-3:	|10011010 00101011 11101110 10011110|
Q-2:	|01110010 10000101 11111001 11000+00|
Q-1:	|11011010 01000101 00100001 00001+00|
Q0:	|00110+1- -0010000 00001111 001+--00| ok p=1
Q1:	|+-...0+0 +.0.0... .0..1.-. ...00+..| ok p=0.769531
Q2:	|--...0+0 +.-.0... .+..-.+. ...01+..| ok p=1
Q3:	|+-....-1 +.0.+..^ !-..0.0. .....+..| ok p=1
Q4:	|++0...10 +.1.-..+ 11..1^1. .....+..| ok p=1
Q5:	|0+1...0+ -.-.-..0 10...+.. ..!..+..| ok p=1
Q6:	|0+0....1 0.1.-..1 +...!0.. .^......| ok p=1
Q7:	|1-...0.1 011.+... +....11. .-0..1..| ok p=0.998047
Q8:	|0-.^.1.+ .1..+... +....-1. .00.....| ok p=1
Q9:	|1..-.-.+ .+..+... +....-+. .1+.....| ok p=1
Q10:	|0010.-.+ .+.0+..0 +1.1.-+. 00-...^.| ok p=1
Q11:	|1.0-.+.+ 1-.1+1.1 -0.1.1.^ 11100.+.| ok p=1
Q12:	|-^-+^-1+ 0-^-+0^- 1-^+^+0+ --101^0^| ok p=1
Q13:	|++---+1+ -.-0-.-+ -+----01 0+----++| ok p=1
Q14:	|+1.110-. -1101.10 110+1--0 001-1110| ok p=1
Q15:	|101-10-1 -.0+0.10 10111-11 .100+101| ok p=0.397461
Q16:	|+..-..+. 0..++.0. ...1.111 ..1+..0.| ok p=0.279297
Q17:	|...1..00 1..--.1. .....1.+ ..1.^.1.| ok p=0.336914
Q18:	|^..+..01 ...10.-. ..0....1 ..-^..-.| ok p=0.962891
Q19:	|...+.0.- ...1-... .00....- ........| ok p=0.448242
Q20:	|...001.. .0....^. .1+..0.. .0^...^.| ok p=1
Q21:	|...11-.^ .1..^... .+0..1.^ .1....0.| ok p=0.889648
Q22:	|....-... .+...... ..1..-.. .+....1.| ok p=0.927734
Q23:	|0....^.. ....0... .^...... ......-.| ok p=1
Q24:	|1...^... .^..1... 0....^.. .^.0....| ok p=0.49707
Q25:	|-....... ....+... 1....... ......^.| ok p=0.463867
Q26:	|.......0 ........ +....... ..0-....| ok p=1
Q27:	|^......1 ....^... ........ ..1-....| ok p=0.998047
Q28:	|.......- ........ ^....... ..-+....| ok p=0.542969
Q29:	|.......0 ........ ........ ...0....| ok p=0.99707
Q30:	|.......+ ........ ........ ..^1....| ok p=1
Q31:	|.......+ ........ ........ ........| ok p=0.998047
Q32:	|........ ........ ........ ........| ok p=1
Q33:	|.......! ........ ........ ........| ok p=1
Q34:	|........ ........ ........ ........| ok p=1
Q35:	|........ ........ ........ ........| ok p=1
Q36:	|........ ........ ........ ........| ok p=1
Q37:	|........ ........ ........ ........| ok p=1
Q38:	|........ ........ ........ ........| ok p=1
Q39:	|........ ........ ........ ........| ok p=1
Q40:	|........ ........ ........ ........| ok p=1
Q41:	|........ ........ ........ ........| ok p=1
Q42:	|........ ........ ........ ........| ok p=1
Q43:	|........ ........ ........ ........| ok p=1
Q44:	|........ ........ ........ ........| ok p=1
Q45:	|........ ........ ........ ........| ok p=1
Q46:	|........ ........ ........ ........| ok p=1
Q47:	|........ ........ ........ ........| ok p=1
Q48:	|........ ........ ........ ........| ok p=1
Q49:	|........ ........ ........ ........| ok p=1
Q50:	|........ ........ ........ ........| ok p=1
Q51:	|........ ........ ........ ........| ok p=1
Q52:	|........ ........ ........ ........| ok p=1
Q53:	|........ ........ ........ ........| ok p=1
Q54:	|........ ........ ........ ........| ok p=1
Q55:	|........ ........ ........ ........| ok p=1
Q56:	|........ ........ ........ ........| ok p=1
Q57:	|........ ........ ........ ........| ok p=1
Q58:	|........ ........ ........ ........| ok p=1
Q59:	|........ ........ ........ ........| ok p=1
Q60:	|........ ........ ........ .....0..| ok p=1
Q61:	|........ ........ ........ ...110..| ok p=1
Q62:	|........ ........ ........ ...01-..| ok p=1
Q63:	|........ ........ ........ ...-++..| ok p=0.989258
Q64:	|......-. -....... ........ .....-..|
Best path: totcompl=-25 tottunnel=40, totcond=533, p=0.00105368
Best paths: 2
Q-3:	|10011010 00101011 11101110 10011110|
Q-2:	|01110010 10000101 11111001 11000+00|
Q-1:	|11011010 01000101 00100001 00001+00|
Q0:	|00110+1- -0010000 00001111 001+--00| ok p=1
Q1:	|+-...0+0 +.0.0... .0..1.-. ...00+..| ok p=0.750977
Q2:	|--...0+0 +.-.0... .+..-.+. ...01+..| ok p=1
Q3:	|+-....-1 +.0.+..^ !-..0.0. .....+..| ok p=1
Q4:	|++1...10 +.1.-..+ 11..1^1. .....+..| ok p=1
Q5:	|1+0...0+ -.-.-..0 10...+.. ..!..+..| ok p=1
Q6:	|0+.....1 0.1.-..1 +...!0.. .^......| ok p=1
Q7:	|1-...0.1 011.+... +....11. .-0..1..| ok p=0.999023
Q8:	|0-.^.1.+ .1..+... +....-1. .00.....| ok p=1
Q9:	|1..-.-.+ .+..+... +....-+. .1+.....| ok p=1
Q10:	|0010.-.+ .+.0+..0 +1.1.-+. 00-...^.| ok p=1
Q11:	|1.0-.+.+ 1-.1+1.1 -0.1.1.^ 11100.+.| ok p=1
Q12:	|-^-+^-1+ 0-^-+0^- 1-^+^+0+ --101^0^| ok p=1
Q13:	|++---+1+ -.-0-.-+ -+----01 0+----++| ok p=1
Q14:	|+1.110-. -1101.10 000+1--0 001-1110| ok p=1
Q15:	|101-10-1 -.0+0.10 10111-11 .100+101| ok p=0.389648
Q16:	|+..-..+. 0..++.0. ...1.111 ..1+..0.| ok p=0.266602
Q17:	|...1..00 1..--.1. .....1.+ ..1.^.1.| ok p=0.318359
Q18:	|^..+..01 ...10.-. ..0....1 ..-^..-.| ok p=0.970703
Q19:	|...+.0.- ...1-... .00....- ........| ok p=0.463867
Q20:	|...001.. .0....^. .1+..0.. .0^...^.| ok p=1
Q21:	|...11-.^ .1..^... .+0..1.^ .1....0.| ok p=0.868164
Q22:	|....-... .+...... ..1..-.. .+....1.| ok p=0.922852
Q23:	|0....^.. ....0... .^...... ......-.| ok p=1
Q24:	|1...^... .^..1... 0....^.. .^.0....| ok p=0.483398
Q25:	|-....... ....+... 1....... ......^.| ok p=0.475586
Q26:	|.......0 ........ +....... ..0-....| ok p=1
Q27:	|^......1 ....^... ........ ..1-....| ok p=0.994141
Q28:	|.......- ........ ^....... ..-+....| ok p=0.569336
Q29:	|.......0 ........ ........ ...0....| ok p=0.99707
Q30:	|.......+ ........ ........ ..^1....| ok p=1
Q31:	|.......+ ........ ........ ........| ok p=0.991211
Q32:	|........ ........ ........ ........| ok p=1
Q33:	|.......! ........ ........ ........| ok p=1
Q34:	|........ ........ ........ ........| ok p=1
Q35:	|........ ........ ........ ........| ok p=1
Q36:	|........ ........ ........ ........| ok p=1
Q37:	|........ ........ ........ ........| ok p=1
Q38:	|........ ........ ........ ........| ok p=1
Q39:	|........ ........ ........ ........| ok p=1
Q40:	|........ ........ ........ ........| ok p=1
Q41:	|........ ........ ........ ........| ok p=1
Q42:	|........ ........ ........ ........| ok p=1
Q43:	|........ ........ ........ ........| ok p=1
Q44:	|........ ........ ........ ........| ok p=1
Q45:	|........ ........ ........ ........| ok p=1
Q46:	|........ ........ ........ ........| ok p=1
Q47:	|........ ........ ........ ........| ok p=1
Q48:	|........ ........ ........ ........| ok p=1
Q49:	|........ ........ ........ ........| ok p=1
Q50:	|........ ........ ........ ........| ok p=1
Q51:	|........ ........ ........ ........| ok p=1
Q52:	|........ ........ ........ ........| ok p=1
Q53:	|........ ........ ........ ........| ok p=1
Q54:	|........ ........ ........ ........| ok p=1
Q55:	|........ ........ ........ ........| ok p=1
Q56:	|........ ........ ........ ........| ok p=1
Q57:	|........ ........ ........ ........| ok p=1
Q58:	|........ ........ ........ ........| ok p=1
Q59:	|........ ........ ........ ........| ok p=1
Q60:	|........ ........ ........ .....0..| ok p=1
Q61:	|........ ........ ........ ...110..| ok p=1
Q62:	|........ ........ ........ ...01-..| ok p=1
Q63:	|........ ........ ........ ...-++..| ok p=0.990234
Q64:	|......-. -....... ........ .....-..|
Best path: totcompl=-25 tottunnel=40, totcond=532, p=0.000953368
Best paths: 2
Q-3:	|10011010 00101011 11101110 10011110|
Q-2:	|01110010 10000101 11111001 11000+00|
Q-1:	|11011010 01000101 00100001 00001+00|
Q0:	|00110+1- -0010000 00001111 001+--00| ok p=1
Q1:	|+-...0+0 +.0.0... .0..1.-. ...00+..| ok p=0.779297
Q2:	|--...0+0 +.-.0... .+..-.+. ...01+..| ok p=1
Q3:	|+-....-1 +.0.+..^ !-..0.0. .....+..| ok p=1
Q4:	|++0...10 +.1.-..+ 11..1^1. .....+..| ok p=1
Q5:	|0+1...0+ -.-.-..0 10...+.. .!...+..| ok p=1
Q6:	|0+.!...1 0.1.-..1 +...!0.. .^......| ok p=1
Q7:	|1-...0.1 011.+... +....11. .-0..1..| ok p=1
Q8:	|.-.^.1.+ .1..+... +....-1. .00.....| ok p=1
Q9:	|!0.-.-.+ .+..+... +....-+. .1+...1.| ok p=1
Q10:	|0110.-.+ .+.0+... +0.1.-+. .0-...0.| ok p=1
Q11:	|1.0-.+.+ 1-.1+.10 11.1.1.. 01100.+.| ok p=1
Q12:	|-^-+^-1. 1+^-+^01 --^+^+1. 1+101^0^| ok p=1
Q13:	|++---+10 +1-0--++ 1-----10 +-----++| ok p=1
Q14:	|+1.110-. -1101101 0.0+1--1 001-1110| ok p=1
Q15:	|101-10-. -.0+0110 .0111-11 1100+101| ok p=0.31543
Q16:	|+..-..+. 0..++.0. ...1.111 ..1+..0.| ok p=0.294922
Q17:	|...1..00 1..--.1. .....1.+ ..1.^.1.| ok p=0.331055
Q18:	|^..+..01 ...10.-. ..0....1 ..-^..-.| ok p=0.964844
Q19:	|...+.0.- ...1-... .00....- ........| ok p=0.480469
Q20:	|...001.. .0....^. .1+..0.. .0^...^.| ok p=1
Q21:	|...11-.^ .1..^... .+0..1.^ .1....0.| ok p=0.871094
Q22:	|....-... .+...... ..1..-.. .+....1.| ok p=0.930664
Q23:	|0....^.. ....0... .^...... ......-.| ok p=1
Q24:	|1...^... .^..1... 0....^.. .^.0....| ok p=0.496094
Q25:	|-....... ....+... 1....... ......^.| ok p=0.496094
Q26:	|.......0 ........ +....... ..0-....| ok p=1
Q27:	|^......1 ....^... ........ ..1-....| ok p=0.994141
Q28:	|.......- ........ ^....... ..-+....| ok p=0.529297
Q29:	|.......0 ........ ........ ...0....| ok p=0.996094
Q30:	|.......+ ........ ........ ..^1....| ok p=1
Q31:	|.......+ ........ ........ ........| ok p=0.995117
Q32:	|........ ........ ........ ........| ok p=1
Q33:	|.......! ........ ........ ........| ok p=1
Q34:	|........ ........ ........ ........| ok p=1
Q35:	|........ ........ ........ ........| ok p=1
Q36:	|........ ........ ........ ........| ok p=1
Q37:	|........ ........ ........ ........| ok p=1
Q38:	|........ ........ ........ ........| ok p=1
Q39:	|........ ........ ........ ........| ok p=1
Q40:	|........ ........ ........ ........| ok p=1
Q41:	|........ ........ ........ ........| ok p=1
Q42:	|........ ........ ........ ........| ok p=1
Q43:	|........ ........ ........ ........| ok p=1
Q44:	|........ ........ ........ ........| ok p=1
Q45:	|........ ........ ........ ........| ok p=1
Q46:	|........ ........ ........ ........| ok p=1
Q47:	|........ ........ ........ ........| ok p=1
Q48:	|........ ........ ........ ........| ok p=1
Q49:	|........ ........ ........ ........| ok p=1
Q50:	|........ ........ ........ ........| ok p=1
Q51:	|........ ........ ........ ........| ok p=1
Q52:	|........ ........ ........ ........| ok p=1
Q53:	|........ ........ ........ ........| ok p=1
Q54:	|........ ........ ........ ........| ok p=1
Q55:	|........ ........ ........ ........| ok p=1
Q56:	|........ ........ ........ ........| ok p=1
Q57:	|........ ........ ........ ........| ok p=1
Q58:	|........ ........ ........ ........| ok p=1
Q59:	|........ ........ ........ ........| ok p=1
Q60:	|........ ........ ........ .....0..| ok p=1
Q61:	|........ ........ ........ ...110..| ok p=1
Q62:	|........ ........ ........ ...01-..| ok p=1
Q63:	|........ ........ ........ ...-++..| ok p=0.992188
Q64:	|......-. -....... ........ .....-..|
Best path: totcompl=-24 tottunnel=41, totcond=531, p=0.00077444
Q-3:	|10011010 00101011 11101110 10011110|
Q-2:	|01110010 10000101 11111001 11000+00|
Q-1:	|11011010 01000101 00100001 00001+00|
Q0:	|00110+1- -0010000 00001111 001+--00| ok p=1
Q1:	|+-...0+0 +.0.0... .0..1.-. ...00+..| ok p=0.735352
Q2:	|--...0+0 +.-.0... .+..-.+. ...01+..| ok p=1
Q3:	|+-....-1 +.0.+..^ !-..0.0. .....+..| ok p=1
Q4:	|++0...10 +.1.-..+ 11..1^1. .....+..| ok p=1
Q5:	|0+1...0+ -.-.-..0 10...+.. .!...+..| ok p=1
Q6:	|0+..!..1 0.1.-..1 +...!0.. .^......| ok p=1
Q7:	|1-...0.1 011.+... +....11. .-0..1..| ok p=0.999023
Q8:	|.-.^.1.+ .1..+... +....-1. .00.....| ok p=1
Q9:	|!.0-.-.+ .+..+... +....-+. .1+...1.| ok p=1
Q10:	|0110.-.+ .+.0+... +0.1.-+. .0-...0.| ok p=1
Q11:	|1.0-.+.+ 1-.1+.10 11.1.1.. 01100.+.| ok p=1
Q12:	|-^-+^-1. 1+^-+^01 --^+^+1. 1+101^0^| ok p=1
Q13:	|++---+10 +1-0--++ 1-----1. +-----++| ok p=1
Q14:	|+1.110-. -1101101 0.0+1--^ 111-1110| ok p=1
Q15:	|101-10-. -.0+0110 .0111-11 1100+101| ok p=0.320312
Q16:	|+..-..+. 0..++.0. ...1.111 ..1+..0.| ok p=0.268555
Q17:	|...1..00 1..--.1. .....1.+ ..1.^.1.| ok p=0.293945
Q18:	|^..+..01 ...10.-. ..0....1 ..-^..-.| ok p=0.96875
Q19:	|...+.0.- ...1-... .00....- ........| ok p=0.460938
Q20:	|...001.. .0....^. .1+..0.. .0^...^.| ok p=1
Q21:	|...11-.^ .1..^... .+0..1.^ .1....0.| ok p=0.858398
Q22:	|....-... .+...... ..1..-.. .+....1.| ok p=0.911133
Q23:	|0....^.. ....0... .^...... ......-.| ok p=1
Q24:	|1...^... .^..1... 0....^.. .^.0....| ok p=0.496094
Q25:	|-....... ....+... 1....... ......^.| ok p=0.49707
Q26:	|.......0 ........ +....... ..0-....| ok p=1
Q27:	|^......1 ....^... ........ ..1-....| ok p=0.996094
Q28:	|.......- ........ ^....... ..-+....| ok p=0.555664
Q29:	|.......0 ........ ........ ...0....| ok p=0.99707
Q30:	|.......+ ........ ........ ..^1....| ok p=1
Q31:	|.......+ ........ ........ ........| ok p=0.996094
Q32:	|........ ........ ........ ........| ok p=1
Q33:	|.......! ........ ........ ........| ok p=1
Q34:	|........ ........ ........ ........| ok p=1
Q35:	|........ ........ ........ ........| ok p=1
Q36:	|........ ........ ........ ........| ok p=1
Q37:	|........ ........ ........ ........| ok p=1
Q38:	|........ ........ ........ ........| ok p=1
Q39:	|........ ........ ........ ........| ok p=1
Q40:	|........ ........ ........ ........| ok p=1
Q41:	|........ ........ ........ ........| ok p=1
Q42:	|........ ........ ........ ........| ok p=1
Q43:	|........ ........ ........ ........| ok p=1
Q44:	|........ ........ ........ ........| ok p=1
Q45:	|........ ........ ........ ........| ok p=1
Q46:	|........ ........ ........ ........| ok p=1
Q47:	|........ ........ ........ ........| ok p=1
Q48:	|........ ........ ........ ........| ok p=1
Q49:	|........ ........ ........ ........| ok p=1
Q50:	|........ ........ ........ ........| ok p=1
Q51:	|........ ........ ........ ........| ok p=1
Q52:	|........ ........ ........ ........| ok p=1
Q53:	|........ ........ ........ ........| ok p=1
Q54:	|........ ........ ........ ........| ok p=1
Q55:	|........ ........ ........ ........| ok p=1
Q56:	|........ ........ ........ ........| ok p=1
Q57:	|........ ........ ........ ........| ok p=1
Q58:	|........ ........ ........ ........| ok p=1
Q59:	|........ ........ ........ ........| ok p=1
Q60:	|........ ........ ........ .....0..| ok p=1
Q61:	|........ ........ ........ ...110..| ok p=1
Q62:	|........ ........ ........ ...01-..| ok p=1
Q63:	|........ ........ ........ ...-++..| ok p=0.992188
Q64:	|......-. -....... ........ .....-..|
Best path: totcompl=-23 tottunnel=42, totcond=530, p=0.000942151
Q-3:	|10011010 00101011 11101110 10011110|
Q-2:	|01110010 10000101 11111001 11000+00|
Q-1:	|11011010 01000101 00100001 00001+00|
Q0:	|00110+1- -0010000 00001111 001+--00| ok p=1
Q1:	|+-...0+0 +.0.0... .0..1.-. ...00+..| ok p=0.744141
Q2:	|--...0+0 +.-.0... .+..-.+. ...01+..| ok p=1
Q3:	|+-....-1 +.0.+..^ !-..0.0. .....+..| ok p=1
Q4:	|++1...10 +.1.-..+ 11..1^1. .....+..| ok p=1
Q5:	|1+0...0+ -.-.-..0 10...+.. .!...+..| ok p=1
Q6:	|0+.....1 0.1.-..1 +...!0.. .^......| ok p=1
Q7:	|1-...0.1 011.+... +....11. .-0..1..| ok p=1
Q8:	|.-.^.1.+ .1..+... +....-1. .00.....| ok p=1
Q9:	|!.0-.-.+ .+..+... +....-+. .1+...1.| ok p=1
Q10:	|0110.-.+ .+.0+..0 +0.1.-+. .0-...0.| ok p=1
Q11:	|1.0-.+.+ 1-.1+..1 11.1.1.. 01100.+.| ok p=1
Q12:	|-^-+^-1. 1+^-+^^- 0+^+^+1. 1+101^0^| ok p=1
Q13:	|++---+10 +1-0--+1 ++----10 +-----++| ok p=1
Q14:	|+1.110-. -1101101 0.0+1--. 111-1110| ok p=1
Q15:	|101-10-. -.0+011. 00111-11 1100+101| ok p=0.332031
Q16:	|+..-..+. 0..++.0. ...1.111 ..1+..0.| ok p=0.283203
Q17:	|...1..00 1..--.1. .....1.+ ..1.^.1.| ok p=0.31543
Q18:	|^..+..01 ...10.-. ..0....1 ..-^..-.| ok p=0.967773
Q19:	|...+.0.- ...1-... .00....- ........| ok p=0.477539
Q20:	|...001.. .0....^. .1+..0.. .0^...^.| ok p=1
Q21:	|...11-.^ .1..^... .+0..1.^ .1....0.| ok p=0.858398
Q22:	|....-... .+...... ..1..-.. .+....1.| ok p=0.905273
Q23:	|0....^.. ....0... .^...... ......-.| ok p=1
Q24:	|1...^... .^..1... 0....^.. .^.0....| ok p=0.485352
Q25:	|-....... ....+... 1....... ......^.| ok p=0.494141
Q26:	|.......0 ........ +....... ..0-....| ok p=1
Q27:	|^......1 ....^... ........ ..1-....| ok p=0.993164
Q28:	|.......- ........ ^....... ..-+....| ok p=0.508789
Q29:	|.......0 ........ ........ ...0....| ok p=0.99707
Q30:	|.......+ ........ ........ ..^1....| ok p=1
Q31:	|.......+ ........ ........ ........| ok p=0.991211
Q32:	|........ ........ ........ ........| ok p=1
Q33:	|.......! ........ ........ ........| ok p=1
Q34:	|........ ........ ........ ........| ok p=1
Q35:	|........ ........ ........ ........| ok p=1
Q36:	|........ ........ ........ ........| ok p=1
Q37:	|........ ........ ........ ........| ok p=1
Q38:	|........ ........ ........ ........| ok p=1
Q39:	|........ ........ ........ ........| ok p=1
Q40:	|........ ........ ........ ........| ok p=1
Q41:	|........ ........ ........ ........| ok p=1
Q42:	|........ ........ ........ ........| ok p=1
Q43:	|........ ........ ........ ........| ok p=1
Q44:	|........ ........ ........ ........| ok p=1
Q45:	|........ ........ ........ ........| ok p=1
Q46:	|........ ........ ........ ........| ok p=1
Q47:	|........ ........ ........ ........| ok p=1
Q48:	|........ ........ ........ ........| ok p=1
Q49:	|........ ........ ........ ........| ok p=1
Q50:	|........ ........ ........ ........| ok p=1
Q51:	|........ ........ ........ ........| ok p=1
Q52:	|........ ........ ........ ........| ok p=1
Q53:	|........ ........ ........ ........| ok p=1
Q54:	|........ ........ ........ ........| ok p=1
Q55:	|........ ........ ........ ........| ok p=1
Q56:	|........ ........ ........ ........| ok p=1
Q57:	|........ ........ ........ ........| ok p=1
Q58:	|........ ........ ........ ........| ok p=1
Q59:	|........ ........ ........ ........| ok p=1
Q60:	|........ ........ ........ .....0..| ok p=1
Q61:	|........ ........ ........ ...110..| ok p=1
Q62:	|........ ........ ........ ...01-..| ok p=1
Q63:	|........ ........ ........ ...-++..| ok p=0.986328
Q64:	|......-. -....... ........ .....-..|
Best path: totcompl=-22 tottunnel=43, totcond=529, p=0.000973445
****************************************