Extend MD5 differential paths forward
Copyright (C) 2009 Marc Stevens
http://homepages.cwi.nl/~stevens/

delta_m[11] = [!-24!]
Loading workdir6/lowerpath.bin.gz...done: 1.
Estimating maxcond for upper bound 8000000 (=2000000 * 4)...
t=1:  0%   10   20   30   40   50   60   70   80   90   100%
      |----|----|----|----|----|----|----|----|----|----|
e     ***************************************************
Found maxcond = 2176
t=1:  0%   10   20   30   40   50   60   70   80   90   100%
      |----|----|----|----|----|----|----|----|----|----|
      ***************************************************
Q-3:	|10011010 00101011 11101110 10011110|
Q-2:	|01110010 10000101 11111001 11000+00|
Q-1:	|11011010 01000101 00100001 00001+00|
Q0:	|00110+1- -0010000 00001111 001+--00| ok p=0.628906
Q1:	|.+...+.- -....... ......-. ...00+..| ok p=0.728516
Q2:	|.+....+. +.-..... .+..-.+. .+.-.-..|
Saving 92 paths...done.
Autobalance parameters: maxcond=2176
Verified: 0 bad out of 92
Estimating maxcond for upper bound 8000000 (=2000000 * 4)...
t=2:  0%   10   20   30   40   50   60   70   80   90   100%
      |----|----|----|----|----|----|----|----|----|----|
e     ***************************************************
Found maxcond = 2176
t=2:  0%   10   20   30   40   50   60   70   80   90   100%
      |----|----|----|----|----|----|----|----|----|----|
      ***************************************************
Q-3:	|10011010 00101011 11101110 10011110|
Q-2:	|01110010 10000101 11111001 11000+00|
Q-1:	|11011010 01000101 00100001 00001+00|
Q0:	|00110+1- -0010000 00001111 001+--00| ok p=0.576172
Q1:	|.+...0+0 +.0..... .0..1.-. ...00+..| ok p=0.774414
Q2:	|.+...1+1 +.-..... .+..-.+. ...11+..| ok p=0.724609
Q3:	|.+....-. +.-.+..+ .-..-.+. .....+..|
Saving 2000000 paths...done.
Autobalance parameters: maxcond=157
Verified: 0 bad out of 3717584
Estimating maxcond for upper bound 8000000 (=2000000 * 4)...
t=3:  0%   10   20   30   40   50   60   70   80   90   100%
      |----|----|----|----|----|----|----|----|----|----|
e     ***************************************************
Found maxcond = 168
t=3:  0%   10   20   30   40   50   60   70   80   90   100%
      |----|----|----|----|----|----|----|----|----|----|
      ***************************************************
Q-3:	|10011010 00101011 11101110 10011110|
Q-2:	|01110010 10000101 11111001 11000+00|
Q-1:	|11011010 01000101 00100001 00001+00|
Q0:	|00110+1- -0010000 00001111 001+--00| ok p=0.569336
Q1:	|.+...0+0 +.0..... .1...1-. ...0+-..| ok p=0.732422
Q2:	|.+...0+0 +.-..... .-...--. ...0+-..| ok p=0.37207
Q3:	|.-....+. +.0..... .+...0.. .....+..| ok p=0.361328
Q4:	|.+...+.. +..+..+. -....... ...-.+..|
Saving 2000000 paths...done.
Autobalance parameters: maxcond=166
Verified: 100149 bad out of 3706719
Estimating maxcond for upper bound 8000000 (=2000000 * 4)...
t=4:  0%   10   20   30   40   50   60   70   80   90   100%
      |----|----|----|----|----|----|----|----|----|----|
e     ***************************************************
Found maxcond = 179
t=4:  0%   10   20   30   40   50   60   70   80   90   100%
      |----|----|----|----|----|----|----|----|----|----|
      ***************************************************
Q-3:	|10011010 00101011 11101110 10011110|
Q-2:	|01110010 10000101 11111001 11000+00|
Q-1:	|11011010 01000101 00100001 00001+00|
Q0:	|00110+1- -0010000 00001111 001+--00| ok p=0.566406
Q1:	|.+...0+0 +.0.1... .0..1.-. ...01+..| ok p=0.75
Q2:	|.+...0+1 +.-.0..V .-..-.+. ...11+..| ok p=0.473633
Q3:	|.+.....- -.-.+... .+..0.+. .....+..| ok p=0.726562
Q4:	|.+....10 +...-..+ .+..-... .....+..| ok p=0.37793
Q5:	|+..-.... +...-..+ .+...-.. .-...+.+|
Saving 2000000 paths...done.
Autobalance parameters: maxcond=177
Verified: 423983 bad out of 3925115
Estimating maxcond for upper bound 8000000 (=2000000 * 4)...
t=5:  0%   10   20   30   40   50   60   70   80   90   100%
      |----|----|----|----|----|----|----|----|----|----|
e     ***************************************************
Found maxcond = 191
t=5:  0%   10   20   30   40   50   60   70   80   90   100%
      |----|----|----|----|----|----|----|----|----|----|
      ***************************************************
Q-3:	|10011010 00101011 11101110 10011110|
Q-2:	|01110010 10000101 11111001 11000+00|
Q-1:	|11011010 01000101 00100001 00001+00|
Q0:	|00110+1- -0010000 00001111 001+--00| ok p=0.125
Q1:	|0+...0+1 +.0..... .1...1-. ...0+-..| ok p=0.72168
Q2:	|+-...0+0 +.-....V .-...--. ...0--..| ok p=0.49707
Q3:	|1-....+. +V0..... .-...0.. ....--V.| ok p=0.519531
Q4:	|1+....+. +.-....+ .....11. ....--..| ok p=0.495117
Q5:	|.-....+. .+0....0 .1...-.. ....-.-.| ok p=0.693359
Q6:	|.-....-. -.+...-. +....... .+...+..|
Saving 2000000 paths...done.
Autobalance parameters: maxcond=190
Verified: 118001 bad out of 2626258
Estimating maxcond for upper bound 8000000 (=2000000 * 4)...
t=6:  0%   10   20   30   40   50   60   70   80   90   100%
      |----|----|----|----|----|----|----|----|----|----|
e     ***************************************************
Found maxcond = 203
t=6:  0%   10   20   30   40   50   60   70   80   90   100%
      |----|----|----|----|----|----|----|----|----|----|
      ***************************************************
Q-3:	|10011010 00101011 11101110 10011110|
Q-2:	|01110010 10000101 11111001 11000+00|
Q-1:	|11011010 01000101 00100001 00001+00|
Q0:	|00110+1- -0010000 00001111 001+--00| ok p=0.130859
Q1:	|0+...0+1 +.0..... .1...1-. ...0+-..| ok p=0.728516
Q2:	|--...0+0 +.-....V .-...--. ...0--V.| ok p=0.52832
Q3:	|0-....+. +.0..... .-...1.. ....--..| ok p=1
Q4:	|1+....+. +.1....+ V....11. .V..---.| ok p=0.424805
Q5:	|.-....+. +.-....0 .1...-.. ....--0.| ok p=0.697266
Q6:	|.-....-. ..0....- -....0.. .+....1.| ok p=0.388672
Q7:	|.+....-. .-.+..-. ....+.+. .+.....+|
Saving 2000000 paths...done.
Autobalance parameters: maxcond=202
Verified: 119937 bad out of 2812080
Estimating maxcond for upper bound 8000000 (=2000000 * 4)...
t=7:  0%   10   20   30   40   50   60   70   80   90   100%
      |----|----|----|----|----|----|----|----|----|----|
e     ***************************************************
Found maxcond = 215
t=7:  0%   10   20   30   40   50   60   70   80   90   100%
      |----|----|----|----|----|----|----|----|----|----|
      ***************************************************
Q-3:	|10011010 00101011 11101110 10011110|
Q-2:	|01110010 10000101 11111001 11000+00|
Q-1:	|11011010 01000101 00100001 00001+00|
Q0:	|00110+1- -0010000 00001111 001+--00| ok p=0.871094
Q1:	|--...0+0 +.0.V... .1..1.-. ...00+..| ok p=0.740234
Q2:	|0+...+-1 +.-.1..V .+..-.+. ...00+..| ok p=0.449219
Q3:	|++...0-. +.0.-... .+..0.-. .....+..| ok p=0.536133
Q4:	|++...1.. +.-.-..+ V...1.-. ...V.+..| ok p=0.485352
Q5:	|.+...10. +.1.-..0 11....+. ...0.+..| ok p=0.472656
Q6:	|1-...+.. ..1.-..1 +.....+. ...+....| ok p=0.479492
Q7:	|.+...0.. 1...+... +....... ...-.1..| ok p=0.736328
Q8:	|.+.....+ ....-... +..+.+.. .+.-....|
Saving 2000000 paths...done.
Autobalance parameters: maxcond=213
Verified: 434965 bad out of 3831144
Estimating maxcond for upper bound 8000000 (=2000000 * 4)...
t=8:  0%   10   20   30   40   50   60   70   80   90   100%
      |----|----|----|----|----|----|----|----|----|----|
e     ***************************************************
Found maxcond = 226
t=8:  0%   10   20   30   40   50   60   70   80   90   100%
      |----|----|----|----|----|----|----|----|----|----|
      ***************************************************
Q-3:	|10011010 00101011 11101110 10011110|
Q-2:	|01110010 10000101 11111001 11000+00|
Q-1:	|11011010 01000101 00100001 00001+00|
Q0:	|00110+1- -0010000 00001111 001+--00| ok p=1
Q1:	|+-...0+0 +.0.V... .0..1.-. ...00+..| ok p=0.757812
Q2:	|--...0+0 +.-.0..V .+..-.+. ...01+..| ok p=0.494141
Q3:	|+-....-1 +.0.+... .-..0V0. .....+..| ok p=1
Q4:	|++....10 +.1.-..+ V1..1.1. .....+..| ok p=0.490234
Q5:	|.+....0+ -.-.-..0 10...+.. .....+..| ok p=0.743164
Q6:	|0+.....1 0.0.-..1 +....0.. .V......| ok p=0.538086
Q7:	|.-.....1 0.1.+... +....1.. .....1..| ok p=0.987305
Q8:	|.-.....+ ....+... +....-.. .+......| ok p=0.609375
Q9:	|...-.-.+ .+..+... +.....-. +.-.....|
Saving 2000000 paths...done.
Autobalance parameters: maxcond=225
Verified: 113709 bad out of 2420462
Estimating maxcond for upper bound 8000000 (=2000000 * 4)...
t=9:  0%   10   20   30   40   50   60   70   80   90   100%
      |----|----|----|----|----|----|----|----|----|----|
e     ***************************************************
Found maxcond = 238
t=9:  0%   10   20   30   40   50   60   70   80   90   100%
      |----|----|----|----|----|----|----|----|----|----|
      ***************************************************
Q-3:	|10011010 00101011 11101110 10011110|
Q-2:	|01110010 10000101 11111001 11000+00|
Q-1:	|11011010 01000101 00100001 00001+00|
Q0:	|00110+1- -0010000 00001111 001+--00| ok p=1
Q1:	|+-...0+0 +.0.V... .0..1.-. ...00+..| ok p=0.762695
Q2:	|--...0+0 +.-.0..V .+..-.+. ...01+..| ok p=0.512695
Q3:	|+-....-. +.0.+... .-..0V0. ....1+..| ok p=1
Q4:	|++....1. +.1.-..+ .1..1.1. ...V0+..| ok p=0.512695
Q5:	|.+....0. +.-.-..0 .0...+V. .V.1+-..| ok p=0.652344
Q6:	|0+...... ..1.-..1 ..V..01. ...+11..| ok p=0.491211
Q7:	|.-.V.V.. 1.1.+... .....1-. .-.+10..| ok p=0.999023
Q8:	|.-...... ....+... ..+..--. .1.+....| ok p=0.629883
Q9:	|...-.-.. ....+... ..0..+.. .+.-....| ok p=0.991211
Q10:	|...-.-.. -.+.+.+. .....+.. .+.-....|
Saving 2000000 paths...done.
Autobalance parameters: maxcond=236
Verified: 85175 bad out of 3615049
Estimating maxcond for upper bound 8000000 (=2000000 * 4)...
t=10: 0%   10   20   30   40   50   60   70   80   90   100%
      |----|----|----|----|----|----|----|----|----|----|
e     ***************************************************
Found maxcond = 248
t=10: 0%   10   20   30   40   50   60   70   80   90   100%
      |----|----|----|----|----|----|----|----|----|----|
      ***************************************************
Q-3:	|10011010 00101011 11101110 10011110|
Q-2:	|01110010 10000101 11111001 11000+00|
Q-1:	|11011010 01000101 00100001 00001+00|
Q0:	|00110+1- -0010000 00001111 001+--00| ok p=1
Q1:	|+-...0+0 +.0.V... .0..1.-. ...00+..| ok p=0.739258
Q2:	|--...0+0 +.-.0..V .+..-.+. ...01+..| ok p=0.476562
Q3:	|+-....-1 +.0.+... .-..0V0. .....+..| ok p=1
Q4:	|++....10 +.1.-..+ V1..1.1. .....+..| ok p=0.520508
Q5:	|.+....0+ -.-.-..0 10...+.. .V...+..| ok p=0.751953
Q6:	|0+....V1 0.1.-..+ -....0.. ..V.....| ok p=0.491211
Q7:	|.-.V..01 0.1.+..0 +....1V. .-...0..| ok p=0.961914
Q8:	|.-....+. ....+..1 +....-0. .0-.....| ok p=0.833984
Q9:	|...-..-. ....+... +....-+. .10.....| ok p=0.929688
Q10:	|.1.0..-. ....+... +.....-. ..1.....| ok p=0.720703
Q11:	|....-.-. -...+... ......-. ..+...+.|
Saving 2000000 paths...done.
Autobalance parameters: maxcond=247
Verified: 28836 bad out of 2987527
Runtime: 84.5927
Extend MD5 differential paths forward
Copyright (C) 2009 Marc Stevens
http://homepages.cwi.nl/~stevens/

delta_m[11] = [!-24!]
Loading workdir6/paths10_0of1...done: 2000000 (work:2000000).
Estimating maxcond for upper bound 2000000 (=500000 * 4)...
t=11: 0%   10   20   30   40   50   60   70   80   90   100%
      |----|----|----|----|----|----|----|----|----|----|
e     ***************************************************
Found maxcond = 257
t=11: 0%   10   20   30   40   50   60   70   80   90   100%
      |----|----|----|----|----|----|----|----|----|----|
      ***************************************************
Q-3:	|10011010 00101011 11101110 10011110|
Q-2:	|01110010 10000101 11111001 11000+00|
Q-1:	|11011010 01000101 00100001 00001+00|
Q0:	|00110+1- -0010000 00001111 001+--00| ok p=1
Q1:	|+-...0+0 +.0.V... .0..1.-. ...00+..| ok p=0.733398
Q2:	|--...0+0 +.-.0..V .+..-.+. ...01+..| ok p=0.516602
Q3:	|+-....-1 +.0.+... .-..0V0. .....+..| ok p=1
Q4:	|++....10 +.1.-..+ V1..1.1. .....+..| ok p=0.509766
Q5:	|.+....0+ -.-.-..0 10...+.. .....+..| ok p=0.75
Q6:	|0+....V1 0.0.-..+ -....0.. ..V.....| ok p=0.481445
Q7:	|.-.V..01 0.1.+..0 +....1V. .V...0..| ok p=0.959961
Q8:	|.-....+. ....+..1 +....-0. .1+.....| ok p=0.821289
Q9:	|...-..-. ....+... +....0-. .+0...V.| ok p=0.938477
Q10:	|.1.0..-. ....+... +....0-. .+1.....| ok p=0.700195
Q11:	|...-..+. ....+... ......-. .++...+.| ok p=0.446289
Q12:	|+..+..+. ....-... .-....+. +.+....+|
Saving 500000 paths...done.
Autobalance parameters: maxcond=256
Verified: 7924 bad out of 827776
Runtime: 16.0513
