Extend MD5 differential paths backward
Copyright (C) 2009 Marc Stevens
http://homepages.cwi.nl/~stevens/

delta_m[11] = [!9!]
Loading workdir2/upperpath.bin.gz...done: 1.
Estimating maxcond for upper bound 262144 (=65536 * 4)...
t=34: 0%   10   20   30   40   50   60   70   80   90   100%
      |----|----|----|----|----|----|----|----|----|----|
e     ***************************************************
Found maxcond = 2176
t=34: 0%   10   20   30   40   50   60   70   80   90   100%
      |----|----|----|----|----|----|----|----|----|----|
      ***************************************************
Q31:	|........ ........ ......-. ........|
Q32:	|........ ........ ........ ........|
Q33:	|........ ........ ........ ........|
Q34:	|........ ........ ........ ........| ok p=1
Q35:	|........ ........ ........ ........| ok p=1
Q36:	|........ ........ ........ ........| ok p=1
Q37:	|........ ........ ........ ........| ok p=1
Q38:	|........ ........ ........ ........| ok p=1
Q39:	|........ ........ ........ ........| ok p=1
Q40:	|........ ........ ........ ........| ok p=1
Q41:	|........ ........ ........ ........| ok p=1
Q42:	|........ ........ ........ ........| ok p=1
Q43:	|........ ........ ........ ........| ok p=1
Q44:	|........ ........ ........ ........| ok p=1
Q45:	|........ ........ ........ ........| ok p=1
Q46:	|........ ........ ........ ........| ok p=1
Q47:	|........ ........ ........ ........| ok p=1
Q48:	|........ ........ ........ ........| ok p=1
Q49:	|........ ........ ........ ........| ok p=1
Q50:	|........ ........ ........ ........| ok p=1
Q51:	|........ ........ ........ ........| ok p=1
Q52:	|........ ........ ........ ........| ok p=1
Q53:	|........ ........ ........ ........| ok p=1
Q54:	|........ ........ ........ ........| ok p=1
Q55:	|........ ........ ........ ........| ok p=1
Q56:	|........ ........ ........ ........| ok p=1
Q57:	|........ ........ ........ ........| ok p=1
Q58:	|........ ........ ........ ........| ok p=1
Q59:	|........ ........ ........ ........| ok p=1
Q60:	|........ ....0... ........ ........| ok p=1
Q61:	|........ ....1... ........ ........| ok p=1
Q62:	|........ ....+... ........ ........| ok p=1
Q63:	|........ ....+... ........ ........| ok p=1
Q64:	|........ ....+... ........ ........|
Saving 1 paths...done.
Autobalance parameters: maxcond=2176
Verified: 0 bad out of 1
Estimating maxcond for upper bound 262144 (=65536 * 4)...
t=33: 0%   10   20   30   40   50   60   70   80   90   100%
      |----|----|----|----|----|----|----|----|----|----|
e     ***************************************************
Found maxcond = 35
t=33: 0%   10   20   30   40   50   60   70   80   90   100%
      |----|----|----|----|----|----|----|----|----|----|
      ***************************************************
Q30:	|........ ........ ......-. ........|
Q31:	|........ ........ ......-. ........|
Q32:	|........ ........ ........ ........|
Q33:	|........ ........ ......!. ........| ok p=1
Q34:	|........ ........ ........ ........| ok p=1
Q35:	|........ ........ ........ ........| ok p=1
Q36:	|........ ........ ........ ........| ok p=1
Q37:	|........ ........ ........ ........| ok p=1
Q38:	|........ ........ ........ ........| ok p=1
Q39:	|........ ........ ........ ........| ok p=1
Q40:	|........ ........ ........ ........| ok p=1
Q41:	|........ ........ ........ ........| ok p=1
Q42:	|........ ........ ........ ........| ok p=1
Q43:	|........ ........ ........ ........| ok p=1
Q44:	|........ ........ ........ ........| ok p=1
Q45:	|........ ........ ........ ........| ok p=1
Q46:	|........ ........ ........ ........| ok p=1
Q47:	|........ ........ ........ ........| ok p=1
Q48:	|........ ........ ........ ........| ok p=1
Q49:	|........ ........ ........ ........| ok p=1
Q50:	|........ ........ ........ ........| ok p=1
Q51:	|........ ........ ........ ........| ok p=1
Q52:	|........ ........ ........ ........| ok p=1
Q53:	|........ ........ ........ ........| ok p=1
Q54:	|........ ........ ........ ........| ok p=1
Q55:	|........ ........ ........ ........| ok p=1
Q56:	|........ ........ ........ ........| ok p=1
Q57:	|........ ........ ........ ........| ok p=1
Q58:	|........ ........ ........ ........| ok p=1
Q59:	|........ ........ ........ ........| ok p=1
Q60:	|........ ....0... ........ ........| ok p=1
Q61:	|........ ....1... ........ ........| ok p=1
Q62:	|........ ....+... ........ ........| ok p=1
Q63:	|........ ....+... ........ ........| ok p=1
Q64:	|........ ....+... ........ ........|
Saving 65536 paths...done.
Autobalance parameters: maxcond=31
Verified: 0 bad out of 65537
Estimating maxcond for upper bound 262144 (=65536 * 4)...
t=32: 0%   10   20   30   40   50   60   70   80   90   100%
      |----|----|----|----|----|----|----|----|----|----|
e     ***************************************************
Found maxcond = 25
t=32: 0%   10   20   30   40   50   60   70   80   90   100%
      |----|----|----|----|----|----|----|----|----|----|
      ***************************************************
Q29:	|........ ........ ........ ........|
Q30:	|........ ........ ......+. ........|
Q31:	|........ ........ ......-. ........|
Q32:	|........ ........ ........ ........| ok p=1
Q33:	|........ ........ ......^. ........| ok p=1
Q34:	|........ ........ ........ ........| ok p=1
Q35:	|........ ........ ........ ........| ok p=1
Q36:	|........ ........ ........ ........| ok p=1
Q37:	|........ ........ ........ ........| ok p=1
Q38:	|........ ........ ........ ........| ok p=1
Q39:	|........ ........ ........ ........| ok p=1
Q40:	|........ ........ ........ ........| ok p=1
Q41:	|........ ........ ........ ........| ok p=1
Q42:	|........ ........ ........ ........| ok p=1
Q43:	|........ ........ ........ ........| ok p=1
Q44:	|........ ........ ........ ........| ok p=1
Q45:	|........ ........ ........ ........| ok p=1
Q46:	|........ ........ ........ ........| ok p=1
Q47:	|........ ........ ........ ........| ok p=1
Q48:	|........ ........ ........ ........| ok p=1
Q49:	|........ ........ ........ ........| ok p=1
Q50:	|........ ........ ........ ........| ok p=1
Q51:	|........ ........ ........ ........| ok p=1
Q52:	|........ ........ ........ ........| ok p=1
Q53:	|........ ........ ........ ........| ok p=1
Q54:	|........ ........ ........ ........| ok p=1
Q55:	|........ ........ ........ ........| ok p=1
Q56:	|........ ........ ........ ........| ok p=1
Q57:	|........ ........ ........ ........| ok p=1
Q58:	|........ ........ ........ ........| ok p=1
Q59:	|........ ........ ........ ........| ok p=1
Q60:	|........ ....0... ........ ........| ok p=1
Q61:	|........ ....1... ........ ........| ok p=1
Q62:	|........ ....+... ........ ........| ok p=1
Q63:	|........ ....+... ........ ........| ok p=1
Q64:	|........ ....+... ........ ........|
Saving 65536 paths...done.
Autobalance parameters: maxcond=22
Verified: 0 bad out of 121471
Estimating maxcond for upper bound 262144 (=65536 * 4)...
t=31: 0%   10   20   30   40   50   60   70   80   90   100%
      |----|----|----|----|----|----|----|----|----|----|
e     ***************************************************
Found maxcond = 22
t=31: 0%   10   20   30   40   50   60   70   80   90   100%
      |----|----|----|----|----|----|----|----|----|----|
      ***************************************************
Q28:	|........ ..+..... ......+. ........|
Q29:	|........ ........ ........ ........|
Q30:	|........ ........ ......-. ........|
Q31:	|........ ........ ......-. ........| ok p=0.999023
Q32:	|........ ........ ........ ........| ok p=1
Q33:	|........ ........ ......!. ........| ok p=1
Q34:	|........ ........ ........ ........| ok p=1
Q35:	|........ ........ ........ ........| ok p=1
Q36:	|........ ........ ........ ........| ok p=1
Q37:	|........ ........ ........ ........| ok p=1
Q38:	|........ ........ ........ ........| ok p=1
Q39:	|........ ........ ........ ........| ok p=1
Q40:	|........ ........ ........ ........| ok p=1
Q41:	|........ ........ ........ ........| ok p=1
Q42:	|........ ........ ........ ........| ok p=1
Q43:	|........ ........ ........ ........| ok p=1
Q44:	|........ ........ ........ ........| ok p=1
Q45:	|........ ........ ........ ........| ok p=1
Q46:	|........ ........ ........ ........| ok p=1
Q47:	|........ ........ ........ ........| ok p=1
Q48:	|........ ........ ........ ........| ok p=1
Q49:	|........ ........ ........ ........| ok p=1
Q50:	|........ ........ ........ ........| ok p=1
Q51:	|........ ........ ........ ........| ok p=1
Q52:	|........ ........ ........ ........| ok p=1
Q53:	|........ ........ ........ ........| ok p=1
Q54:	|........ ........ ........ ........| ok p=1
Q55:	|........ ........ ........ ........| ok p=1
Q56:	|........ ........ ........ ........| ok p=1
Q57:	|........ ........ ........ ........| ok p=1
Q58:	|........ ........ ........ ........| ok p=1
Q59:	|........ ........ ........ ........| ok p=1
Q60:	|........ ....0... ........ ........| ok p=1
Q61:	|........ ....1... ........ ........| ok p=1
Q62:	|........ ....+... ........ ........| ok p=1
Q63:	|........ ....+... ........ ........| ok p=1
Q64:	|........ ....+... ........ ........|
Saving 65536 paths...done.
Autobalance parameters: maxcond=20
Verified: 0 bad out of 114412
Estimating maxcond for upper bound 262144 (=65536 * 4)...
t=30: 0%   10   20   30   40   50   60   70   80   90   100%
      |----|----|----|----|----|----|----|----|----|----|
e     ***************************************************
Found maxcond = 22
t=30: 0%   10   20   30   40   50   60   70   80   90   100%
      |----|----|----|----|----|----|----|----|----|----|
      ***************************************************
Q27:	|...-.... ........ ........ ........|
Q28:	|........ ..+..... ......-. ........|
Q29:	|........ ........ ......0. ........|
Q30:	|........ ..^..... ......+. ........| ok p=0.943359
Q31:	|........ ........ ......-. ........| ok p=0.999023
Q32:	|........ ........ ........ ........| ok p=1
Q33:	|........ ........ ......^. ........| ok p=1
Q34:	|........ ........ ........ ........| ok p=1
Q35:	|........ ........ ........ ........| ok p=1
Q36:	|........ ........ ........ ........| ok p=1
Q37:	|........ ........ ........ ........| ok p=1
Q38:	|........ ........ ........ ........| ok p=1
Q39:	|........ ........ ........ ........| ok p=1
Q40:	|........ ........ ........ ........| ok p=1
Q41:	|........ ........ ........ ........| ok p=1
Q42:	|........ ........ ........ ........| ok p=1
Q43:	|........ ........ ........ ........| ok p=1
Q44:	|........ ........ ........ ........| ok p=1
Q45:	|........ ........ ........ ........| ok p=1
Q46:	|........ ........ ........ ........| ok p=1
Q47:	|........ ........ ........ ........| ok p=1
Q48:	|........ ........ ........ ........| ok p=1
Q49:	|........ ........ ........ ........| ok p=1
Q50:	|........ ........ ........ ........| ok p=1
Q51:	|........ ........ ........ ........| ok p=1
Q52:	|........ ........ ........ ........| ok p=1
Q53:	|........ ........ ........ ........| ok p=1
Q54:	|........ ........ ........ ........| ok p=1
Q55:	|........ ........ ........ ........| ok p=1
Q56:	|........ ........ ........ ........| ok p=1
Q57:	|........ ........ ........ ........| ok p=1
Q58:	|........ ........ ........ ........| ok p=1
Q59:	|........ ........ ........ ........| ok p=1
Q60:	|........ ....0... ........ ........| ok p=1
Q61:	|........ ....1... ........ ........| ok p=1
Q62:	|........ ....+... ........ ........| ok p=1
Q63:	|........ ....+... ........ ........| ok p=1
Q64:	|........ ....+... ........ ........|
Saving 65536 paths...done.
Autobalance parameters: maxcond=19
Verified: 0 bad out of 135315
Runtime: 3.75435
Extend MD5 differential paths backward
Copyright (C) 2009 Marc Stevens
http://homepages.cwi.nl/~stevens/

delta_m[11] = [!9!]
Loading workdir2/paths30_0of1...done: 65536 (work:65536).
Estimating maxcond for upper bound 400000 (=100000 * 4)...
t=29: 0%   10   20   30   40   50   60   70   80   90   100%
      |----|----|----|----|----|----|----|----|----|----|
e     ***************************************************
Found maxcond = 23
t=29: 0%   10   20   30   40   50   60   70   80   90   100%
      |----|----|----|----|----|----|----|----|----|----|
      ***************************************************
Q26:	|........ ........ ......-. .......-|
Q27:	|........ ..1..... ......+. ........|
Q28:	|........ ..+..... ......+. ........|
Q29:	|........ ........ ......1. ........| ok p=1
Q30:	|........ ..^..... ......-. ........| ok p=1
Q31:	|........ ........ ......-. ........| ok p=0.999023
Q32:	|........ ........ ........ ........| ok p=1
Q33:	|........ ........ ......!. ........| ok p=1
Q34:	|........ ........ ........ ........| ok p=1
Q35:	|........ ........ ........ ........| ok p=1
Q36:	|........ ........ ........ ........| ok p=1
Q37:	|........ ........ ........ ........| ok p=1
Q38:	|........ ........ ........ ........| ok p=1
Q39:	|........ ........ ........ ........| ok p=1
Q40:	|........ ........ ........ ........| ok p=1
Q41:	|........ ........ ........ ........| ok p=1
Q42:	|........ ........ ........ ........| ok p=1
Q43:	|........ ........ ........ ........| ok p=1
Q44:	|........ ........ ........ ........| ok p=1
Q45:	|........ ........ ........ ........| ok p=1
Q46:	|........ ........ ........ ........| ok p=1
Q47:	|........ ........ ........ ........| ok p=1
Q48:	|........ ........ ........ ........| ok p=1
Q49:	|........ ........ ........ ........| ok p=1
Q50:	|........ ........ ........ ........| ok p=1
Q51:	|........ ........ ........ ........| ok p=1
Q52:	|........ ........ ........ ........| ok p=1
Q53:	|........ ........ ........ ........| ok p=1
Q54:	|........ ........ ........ ........| ok p=1
Q55:	|........ ........ ........ ........| ok p=1
Q56:	|........ ........ ........ ........| ok p=1
Q57:	|........ ........ ........ ........| ok p=1
Q58:	|........ ........ ........ ........| ok p=1
Q59:	|........ ........ ........ ........| ok p=1
Q60:	|........ ....0... ........ ........| ok p=1
Q61:	|........ ....1... ........ ........| ok p=1
Q62:	|........ ....+... ........ ........| ok p=1
Q63:	|........ ....+... ........ ........| ok p=1
Q64:	|........ ....+... ........ ........|
Saving 100000 paths...done.
Autobalance parameters: maxcond=21
Verified: 0 bad out of 158260
Estimating maxcond for upper bound 400000 (=100000 * 4)...
t=28: 0%   10   20   30   40   50   60   70   80   90   100%
      |----|----|----|----|----|----|----|----|----|----|
e     ***************************************************
Found maxcond = 25
t=28: 0%   10   20   30   40   50   60   70   80   90   100%
      |----|----|----|----|----|----|----|----|----|----|
      ***************************************************
Q25:	|........ .......- ......-. ...-....|
Q26:	|........ ..-..... ......-. .......-|
Q27:	|........ ..0..... ......+. ........|
Q28:	|........ ..+..... ......+. .......^| ok p=0.999023
Q29:	|........ ........ ......1. ........| ok p=1
Q30:	|........ ..^..... ......-. ........| ok p=1
Q31:	|........ ........ ......-. ........| ok p=0.999023
Q32:	|........ ........ ........ ........| ok p=1
Q33:	|........ ........ ......!. ........| ok p=1
Q34:	|........ ........ ........ ........| ok p=1
Q35:	|........ ........ ........ ........| ok p=1
Q36:	|........ ........ ........ ........| ok p=1
Q37:	|........ ........ ........ ........| ok p=1
Q38:	|........ ........ ........ ........| ok p=1
Q39:	|........ ........ ........ ........| ok p=1
Q40:	|........ ........ ........ ........| ok p=1
Q41:	|........ ........ ........ ........| ok p=1
Q42:	|........ ........ ........ ........| ok p=1
Q43:	|........ ........ ........ ........| ok p=1
Q44:	|........ ........ ........ ........| ok p=1
Q45:	|........ ........ ........ ........| ok p=1
Q46:	|........ ........ ........ ........| ok p=1
Q47:	|........ ........ ........ ........| ok p=1
Q48:	|........ ........ ........ ........| ok p=1
Q49:	|........ ........ ........ ........| ok p=1
Q50:	|........ ........ ........ ........| ok p=1
Q51:	|........ ........ ........ ........| ok p=1
Q52:	|........ ........ ........ ........| ok p=1
Q53:	|........ ........ ........ ........| ok p=1
Q54:	|........ ........ ........ ........| ok p=1
Q55:	|........ ........ ........ ........| ok p=1
Q56:	|........ ........ ........ ........| ok p=1
Q57:	|........ ........ ........ ........| ok p=1
Q58:	|........ ........ ........ ........| ok p=1
Q59:	|........ ........ ........ ........| ok p=1
Q60:	|........ ....0... ........ ........| ok p=1
Q61:	|........ ....1... ........ ........| ok p=1
Q62:	|........ ....+... ........ ........| ok p=1
Q63:	|........ ....+... ........ ........| ok p=1
Q64:	|........ ....+... ........ ........|
Saving 100000 paths...done.
Autobalance parameters: maxcond=23
Verified: 0 bad out of 166283
Estimating maxcond for upper bound 400000 (=100000 * 4)...
t=27: 0%   10   20   30   40   50   60   70   80   90   100%
      |----|----|----|----|----|----|----|----|----|----|
e     ***************************************************
Found maxcond = 28
t=27: 0%   10   20   30   40   50   60   70   80   90   100%
      |----|----|----|----|----|----|----|----|----|----|
      ***************************************************
Q24:	|........ ..+..... ........ ......+.|
Q25:	|........ .......- ........ ...-...1|
Q26:	|........ ..0..... ......0. .......-|
Q27:	|........ ..1....^ ......1. ...^....| ok p=0.99707
Q28:	|........ ..+..... ......+. .......^| ok p=1
Q29:	|........ ........ ......0. ........| ok p=1
Q30:	|........ ..^..... ......-. ........| ok p=1
Q31:	|........ ........ ......-. ........| ok p=1
Q32:	|........ ........ ........ ........| ok p=1
Q33:	|........ ........ ......!. ........| ok p=1
Q34:	|........ ........ ........ ........| ok p=1
Q35:	|........ ........ ........ ........| ok p=1
Q36:	|........ ........ ........ ........| ok p=1
Q37:	|........ ........ ........ ........| ok p=1
Q38:	|........ ........ ........ ........| ok p=1
Q39:	|........ ........ ........ ........| ok p=1
Q40:	|........ ........ ........ ........| ok p=1
Q41:	|........ ........ ........ ........| ok p=1
Q42:	|........ ........ ........ ........| ok p=1
Q43:	|........ ........ ........ ........| ok p=1
Q44:	|........ ........ ........ ........| ok p=1
Q45:	|........ ........ ........ ........| ok p=1
Q46:	|........ ........ ........ ........| ok p=1
Q47:	|........ ........ ........ ........| ok p=1
Q48:	|........ ........ ........ ........| ok p=1
Q49:	|........ ........ ........ ........| ok p=1
Q50:	|........ ........ ........ ........| ok p=1
Q51:	|........ ........ ........ ........| ok p=1
Q52:	|........ ........ ........ ........| ok p=1
Q53:	|........ ........ ........ ........| ok p=1
Q54:	|........ ........ ........ ........| ok p=1
Q55:	|........ ........ ........ ........| ok p=1
Q56:	|........ ........ ........ ........| ok p=1
Q57:	|........ ........ ........ ........| ok p=1
Q58:	|........ ........ ........ ........| ok p=1
Q59:	|........ ........ ........ ........| ok p=1
Q60:	|........ ....0... ........ ........| ok p=1
Q61:	|........ ....1... ........ ........| ok p=1
Q62:	|........ ....+... ........ ........| ok p=1
Q63:	|........ ....+... ........ ........| ok p=1
Q64:	|........ ....+... ........ ........|
Saving 100000 paths...done.
Autobalance parameters: maxcond=26
Verified: 0 bad out of 172481
Estimating maxcond for upper bound 400000 (=100000 * 4)...
t=26: 0%   10   20   30   40   50   60   70   80   90   100%
      |----|----|----|----|----|----|----|----|----|----|
e     ***************************************************
Found maxcond = 31
t=26: 0%   10   20   30   40   50   60   70   80   90   100%
      |----|----|----|----|----|----|----|----|----|----|
      ***************************************************
Q23:	|...+.... ..+..+.. .....+.- ........|
Q24:	|........ .......1 ........ ...1...+|
Q25:	|........ ..-....- ......-. ...-...0|
Q26:	|........ ..-..... ......-. .......-| ok p=0.935547
Q27:	|........ ..+....^ ......+. ...^....| ok p=1
Q28:	|........ ..+..... ......+. .......^| ok p=0.999023
Q29:	|........ ..1..... ......1. ........| ok p=1
Q30:	|........ ..0..... ......-. ........| ok p=1
Q31:	|........ ........ ......-. ........| ok p=1
Q32:	|........ ........ ........ ........| ok p=1
Q33:	|........ ........ ......!. ........| ok p=1
Q34:	|........ ........ ........ ........| ok p=1
Q35:	|........ ........ ........ ........| ok p=1
Q36:	|........ ........ ........ ........| ok p=1
Q37:	|........ ........ ........ ........| ok p=1
Q38:	|........ ........ ........ ........| ok p=1
Q39:	|........ ........ ........ ........| ok p=1
Q40:	|........ ........ ........ ........| ok p=1
Q41:	|........ ........ ........ ........| ok p=1
Q42:	|........ ........ ........ ........| ok p=1
Q43:	|........ ........ ........ ........| ok p=1
Q44:	|........ ........ ........ ........| ok p=1
Q45:	|........ ........ ........ ........| ok p=1
Q46:	|........ ........ ........ ........| ok p=1
Q47:	|........ ........ ........ ........| ok p=1
Q48:	|........ ........ ........ ........| ok p=1
Q49:	|........ ........ ........ ........| ok p=1
Q50:	|........ ........ ........ ........| ok p=1
Q51:	|........ ........ ........ ........| ok p=1
Q52:	|........ ........ ........ ........| ok p=1
Q53:	|........ ........ ........ ........| ok p=1
Q54:	|........ ........ ........ ........| ok p=1
Q55:	|........ ........ ........ ........| ok p=1
Q56:	|........ ........ ........ ........| ok p=1
Q57:	|........ ........ ........ ........| ok p=1
Q58:	|........ ........ ........ ........| ok p=1
Q59:	|........ ........ ........ ........| ok p=1
Q60:	|........ ....0... ........ ........| ok p=1
Q61:	|........ ....1... ........ ........| ok p=1
Q62:	|........ ....+... ........ ........| ok p=1
Q63:	|........ ....+... ........ ........| ok p=1
Q64:	|........ ....+... ........ ........|
Saving 100000 paths...done.
Autobalance parameters: maxcond=29
Verified: 0 bad out of 163236
Estimating maxcond for upper bound 400000 (=100000 * 4)...
t=25: 0%   10   20   30   40   50   60   70   80   90   100%
      |----|----|----|----|----|----|----|----|----|----|
e     ***************************************************
Found maxcond = 36
t=25: 0%   10   20   30   40   50   60   70   80   90   100%
      |----|----|----|----|----|----|----|----|----|----|
      ***************************************************
Q22:	|....+... -....... ........ +.......|
Q23:	|........ ..+..+.0 .......+ ...0....|
Q24:	|........ ..+....1 ........ ...1...0|
Q25:	|........ ..-..^.- .......^ ...-...1| ok p=0.979492
Q26:	|........ ..-..... ......0. .......-| ok p=1
Q27:	|........ ..+....^ ......1. ...^....| ok p=1
Q28:	|........ ..+..... ......+. .......^| ok p=0.999023
Q29:	|........ ..1..... ......0. ........| ok p=1
Q30:	|........ ..0..... ......-. ........| ok p=1
Q31:	|........ ........ ......-. ........| ok p=1
Q32:	|........ ........ ........ ........| ok p=1
Q33:	|........ ........ ......!. ........| ok p=1
Q34:	|........ ........ ........ ........| ok p=1
Q35:	|........ ........ ........ ........| ok p=1
Q36:	|........ ........ ........ ........| ok p=1
Q37:	|........ ........ ........ ........| ok p=1
Q38:	|........ ........ ........ ........| ok p=1
Q39:	|........ ........ ........ ........| ok p=1
Q40:	|........ ........ ........ ........| ok p=1
Q41:	|........ ........ ........ ........| ok p=1
Q42:	|........ ........ ........ ........| ok p=1
Q43:	|........ ........ ........ ........| ok p=1
Q44:	|........ ........ ........ ........| ok p=1
Q45:	|........ ........ ........ ........| ok p=1
Q46:	|........ ........ ........ ........| ok p=1
Q47:	|........ ........ ........ ........| ok p=1
Q48:	|........ ........ ........ ........| ok p=1
Q49:	|........ ........ ........ ........| ok p=1
Q50:	|........ ........ ........ ........| ok p=1
Q51:	|........ ........ ........ ........| ok p=1
Q52:	|........ ........ ........ ........| ok p=1
Q53:	|........ ........ ........ ........| ok p=1
Q54:	|........ ........ ........ ........| ok p=1
Q55:	|........ ........ ........ ........| ok p=1
Q56:	|........ ........ ........ ........| ok p=1
Q57:	|........ ........ ........ ........| ok p=1
Q58:	|........ ........ ........ ........| ok p=1
Q59:	|........ ........ ........ ........| ok p=1
Q60:	|........ ....0... ........ ........| ok p=1
Q61:	|........ ....1... ........ ........| ok p=1
Q62:	|........ ....+... ........ ........| ok p=1
Q63:	|........ ....+... ........ ........| ok p=1
Q64:	|........ ....+... ........ ........|
Saving 100000 paths...done.
Autobalance parameters: maxcond=35
Verified: 0 bad out of 133896
Estimating maxcond for upper bound 400000 (=100000 * 4)...
t=24: 0%   10   20   30   40   50   60   70   80   90   100%
      |----|----|----|----|----|----|----|----|----|----|
e     ***************************************************
Found maxcond = 44
t=24: 0%   10   20   30   40   50   60   70   80   90   100%
      |----|----|----|----|----|----|----|----|----|----|
      ***************************************************
Q21:	|+..-.... ..-...-. ....-... ......-.|
Q22:	|....+... .....1.. .......1 +.......|
Q23:	|........ ..+..+.0 .......+ ...0...+|
Q24:	|....^... ..+....1 ........ ^..1...+| ok p=0.581055
Q25:	|........ ..-..^.- .......^ ...-...-| ok p=0.972656
Q26:	|........ ..-..... ......0. .......-| ok p=0.999023
Q27:	|........ ..+....^ ......1. ...^...1| ok p=1
Q28:	|........ ..+..... ......+. .......0| ok p=1
Q29:	|........ ..1..... ......0. ........| ok p=1
Q30:	|........ ..0..... ......-. ........| ok p=1
Q31:	|........ ........ ......-. ........| ok p=0.999023
Q32:	|........ ........ ........ ........| ok p=1
Q33:	|........ ........ ......!. ........| ok p=1
Q34:	|........ ........ ........ ........| ok p=1
Q35:	|........ ........ ........ ........| ok p=1
Q36:	|........ ........ ........ ........| ok p=1
Q37:	|........ ........ ........ ........| ok p=1
Q38:	|........ ........ ........ ........| ok p=1
Q39:	|........ ........ ........ ........| ok p=1
Q40:	|........ ........ ........ ........| ok p=1
Q41:	|........ ........ ........ ........| ok p=1
Q42:	|........ ........ ........ ........| ok p=1
Q43:	|........ ........ ........ ........| ok p=1
Q44:	|........ ........ ........ ........| ok p=1
Q45:	|........ ........ ........ ........| ok p=1
Q46:	|........ ........ ........ ........| ok p=1
Q47:	|........ ........ ........ ........| ok p=1
Q48:	|........ ........ ........ ........| ok p=1
Q49:	|........ ........ ........ ........| ok p=1
Q50:	|........ ........ ........ ........| ok p=1
Q51:	|........ ........ ........ ........| ok p=1
Q52:	|........ ........ ........ ........| ok p=1
Q53:	|........ ........ ........ ........| ok p=1
Q54:	|........ ........ ........ ........| ok p=1
Q55:	|........ ........ ........ ........| ok p=1
Q56:	|........ ........ ........ ........| ok p=1
Q57:	|........ ........ ........ ........| ok p=1
Q58:	|........ ........ ........ ........| ok p=1
Q59:	|........ ........ ........ ........| ok p=1
Q60:	|........ ....0... ........ ........| ok p=1
Q61:	|........ ....1... ........ ........| ok p=1
Q62:	|........ ....+... ........ ........| ok p=1
Q63:	|........ ....+... ........ ........| ok p=1
Q64:	|........ ....+... ........ ........|
Saving 100000 paths...done.
Autobalance parameters: maxcond=43
Verified: 0 bad out of 167941
Estimating maxcond for upper bound 400000 (=100000 * 4)...
t=23: 0%   10   20   30   40   50   60   70   80   90   100%
      |----|----|----|----|----|----|----|----|----|----|
e     ***************************************************
Found maxcond = 53
t=23: 0%   10   20   30   40   50   60   70   80   90   100%
      |----|----|----|----|----|----|----|----|----|----|
      ***************************************************
Q20:	|.-...... ......-. ........ ...-....|
Q21:	|....1... 1....-.. ...1-... 1.......|
Q22:	|....+... -....0.. ...+.... +..+....|
Q23:	|........ .....+.0 ....^... ...+....| ok p=0.738281
Q24:	|....^... ^.0....1 ...^.... ^..-...0| ok p=1
Q25:	|........ .....^.- ........ ...-...1| ok p=0.969727
Q26:	|........ .0+..... ......0. ...1...-| ok p=1
Q27:	|........ .1+....^ ......1. ...0....| ok p=0.999023
Q28:	|........ .+-..... ......+. .......^| ok p=0.998047
Q29:	|........ ..0..... ......0. ........| ok p=1
Q30:	|........ .^1..... ......-. ........| ok p=1
Q31:	|........ ........ ......-. ........| ok p=0.999023
Q32:	|........ ........ ........ ........| ok p=1
Q33:	|........ ........ ......!. ........| ok p=1
Q34:	|........ ........ ........ ........| ok p=1
Q35:	|........ ........ ........ ........| ok p=1
Q36:	|........ ........ ........ ........| ok p=1
Q37:	|........ ........ ........ ........| ok p=1
Q38:	|........ ........ ........ ........| ok p=1
Q39:	|........ ........ ........ ........| ok p=1
Q40:	|........ ........ ........ ........| ok p=1
Q41:	|........ ........ ........ ........| ok p=1
Q42:	|........ ........ ........ ........| ok p=1
Q43:	|........ ........ ........ ........| ok p=1
Q44:	|........ ........ ........ ........| ok p=1
Q45:	|........ ........ ........ ........| ok p=1
Q46:	|........ ........ ........ ........| ok p=1
Q47:	|........ ........ ........ ........| ok p=1
Q48:	|........ ........ ........ ........| ok p=1
Q49:	|........ ........ ........ ........| ok p=1
Q50:	|........ ........ ........ ........| ok p=1
Q51:	|........ ........ ........ ........| ok p=1
Q52:	|........ ........ ........ ........| ok p=1
Q53:	|........ ........ ........ ........| ok p=1
Q54:	|........ ........ ........ ........| ok p=1
Q55:	|........ ........ ........ ........| ok p=1
Q56:	|........ ........ ........ ........| ok p=1
Q57:	|........ ........ ........ ........| ok p=1
Q58:	|........ ........ ........ ........| ok p=1
Q59:	|........ ........ ........ ........| ok p=1
Q60:	|........ ....0... ........ ........| ok p=1
Q61:	|........ ....1... ........ ........| ok p=1
Q62:	|........ ....+... ........ ........| ok p=1
Q63:	|........ ....+... ........ ........| ok p=1
Q64:	|........ ....+... ........ ........|
Saving 100000 paths...done.
Autobalance parameters: maxcond=52
Verified: 0 bad out of 125548
Estimating maxcond for upper bound 400000 (=100000 * 4)...
t=22: 0%   10   20   30   40   50   60   70   80   90   100%
      |----|----|----|----|----|----|----|----|----|----|
e     ***************************************************
Found maxcond = 60
t=22: 0%   10   20   30   40   50   60   70   80   90   100%
      |----|----|----|----|----|----|----|----|----|----|
      ***************************************************
Q19:	|.-....-. ........ ..-...+. ...+....|
Q20:	|1-..-... +....... ...01... -.......|
Q21:	|+...0... 0....0.. ...1-... 0.......|
Q22:	|.^..+... -....1.. ...+.... +.......| ok p=0.68457
Q23:	|^....... .....+.0 ....^... ...0....| ok p=0.734375
Q24:	|....^... ^.0....1 ...^.... ^..1...0| ok p=0.432617
Q25:	|........ .....^.- ........ ...-...1| ok p=0.977539
Q26:	|........ .0+..... ......0. .......-| ok p=1
Q27:	|........ .1+....^ ......1. ...^....| ok p=0.998047
Q28:	|........ .+-..... ......+. .......^| ok p=1
Q29:	|........ ..0..... ......0. ........| ok p=1
Q30:	|........ .^1..... ......-. ........| ok p=1
Q31:	|........ ........ ......-. ........| ok p=0.999023
Q32:	|........ ........ ........ ........| ok p=1
Q33:	|........ ........ ......!. ........| ok p=1
Q34:	|........ ........ ........ ........| ok p=1
Q35:	|........ ........ ........ ........| ok p=1
Q36:	|........ ........ ........ ........| ok p=1
Q37:	|........ ........ ........ ........| ok p=1
Q38:	|........ ........ ........ ........| ok p=1
Q39:	|........ ........ ........ ........| ok p=1
Q40:	|........ ........ ........ ........| ok p=1
Q41:	|........ ........ ........ ........| ok p=1
Q42:	|........ ........ ........ ........| ok p=1
Q43:	|........ ........ ........ ........| ok p=1
Q44:	|........ ........ ........ ........| ok p=1
Q45:	|........ ........ ........ ........| ok p=1
Q46:	|........ ........ ........ ........| ok p=1
Q47:	|........ ........ ........ ........| ok p=1
Q48:	|........ ........ ........ ........| ok p=1
Q49:	|........ ........ ........ ........| ok p=1
Q50:	|........ ........ ........ ........| ok p=1
Q51:	|........ ........ ........ ........| ok p=1
Q52:	|........ ........ ........ ........| ok p=1
Q53:	|........ ........ ........ ........| ok p=1
Q54:	|........ ........ ........ ........| ok p=1
Q55:	|........ ........ ........ ........| ok p=1
Q56:	|........ ........ ........ ........| ok p=1
Q57:	|........ ........ ........ ........| ok p=1
Q58:	|........ ........ ........ ........| ok p=1
Q59:	|........ ........ ........ ........| ok p=1
Q60:	|........ ....0... ........ ........| ok p=1
Q61:	|........ ....1... ........ ........| ok p=0.999023
Q62:	|........ ....+... ........ ........| ok p=1
Q63:	|........ ....+... ........ ........| ok p=1
Q64:	|........ ....+... ........ ........|
Saving 100000 paths...done.
Autobalance parameters: maxcond=58
Verified: 0 bad out of 181104
Estimating maxcond for upper bound 400000 (=100000 * 4)...
t=21: 0%   10   20   30   40   50   60   70   80   90   100%
      |----|----|----|----|----|----|----|----|----|----|
e     ***************************************************
Found maxcond = 71
t=21: 0%   10   20   30   40   50   60   70   80   90   100%
      |----|----|----|----|----|----|----|----|----|----|
      ***************************************************
Q18:	|.-...... .+...+.. ..-.-... ...+.-..|
Q19:	|.1....-. ........ ...--.+. ...+....|
Q20:	|-+..0... 0....... ...00... 0.......|
Q21:	|-0..1.^. 1....0.. ...1-.^. 1..^....| ok p=0.756836
Q22:	|11..+... -....1.. ...+.... +.......| ok p=0.682617
Q23:	|^....... .....+.0 ....^... ...0....| ok p=0.746094
Q24:	|....^... ^.0....1 ...^.... ^..1...0| ok p=0.423828
Q25:	|........ .....^.- ........ ...-...1| ok p=0.973633
Q26:	|........ .0+..... ......0. .......-| ok p=1
Q27:	|........ .1+....^ ......1. ...^....| ok p=1
Q28:	|........ .+-..... ......+. .......^| ok p=1
Q29:	|........ ..0..... ......0. ........| ok p=1
Q30:	|........ .^1..... ......-. ........| ok p=1
Q31:	|........ ........ ......-. ........| ok p=0.999023
Q32:	|........ ........ ........ ........| ok p=1
Q33:	|........ ........ ......!. ........| ok p=1
Q34:	|........ ........ ........ ........| ok p=1
Q35:	|........ ........ ........ ........| ok p=1
Q36:	|........ ........ ........ ........| ok p=1
Q37:	|........ ........ ........ ........| ok p=1
Q38:	|........ ........ ........ ........| ok p=1
Q39:	|........ ........ ........ ........| ok p=1
Q40:	|........ ........ ........ ........| ok p=1
Q41:	|........ ........ ........ ........| ok p=1
Q42:	|........ ........ ........ ........| ok p=1
Q43:	|........ ........ ........ ........| ok p=1
Q44:	|........ ........ ........ ........| ok p=1
Q45:	|........ ........ ........ ........| ok p=1
Q46:	|........ ........ ........ ........| ok p=1
Q47:	|........ ........ ........ ........| ok p=1
Q48:	|........ ........ ........ ........| ok p=1
Q49:	|........ ........ ........ ........| ok p=1
Q50:	|........ ........ ........ ........| ok p=1
Q51:	|........ ........ ........ ........| ok p=1
Q52:	|........ ........ ........ ........| ok p=1
Q53:	|........ ........ ........ ........| ok p=1
Q54:	|........ ........ ........ ........| ok p=1
Q55:	|........ ........ ........ ........| ok p=1
Q56:	|........ ........ ........ ........| ok p=1
Q57:	|........ ........ ........ ........| ok p=1
Q58:	|........ ........ ........ ........| ok p=1
Q59:	|........ ........ ........ ........| ok p=1
Q60:	|........ ....0... ........ ........| ok p=1
Q61:	|........ ....1... ........ ........| ok p=1
Q62:	|........ ....+... ........ ........| ok p=1
Q63:	|........ ....+... ........ ........| ok p=1
Q64:	|........ ....+... ........ ........|
Saving 100000 paths...done.
Autobalance parameters: maxcond=69
Verified: 13666 bad out of 206249
Runtime: 10.0981
Extend MD5 differential paths backward
Copyright (C) 2009 Marc Stevens
http://homepages.cwi.nl/~stevens/

delta_m[11] = [!9!]
Loading workdir2/paths21_0of1...done: 100000 (work:100000).
Estimating maxcond for upper bound 65536 (=16384 * 4)...
t=20: 0%   10   20   30   40   50   60   70   80   90   100%
      |----|----|----|----|----|----|----|----|----|----|
e     ***************************************************
Found maxcond = 83
t=20: 0%   10   20   30   40   50   60   70   80   90   100%
      |----|----|----|----|----|----|----|----|----|----|
      ***************************************************
Q17:	|.+....-. ........ ..+.-... .+......|
Q18:	|......1. .+...+.. .-..+.1. ...1.-..|
Q19:	|1-....-. ........ ...--.+. ...+....|
Q20:	|1-..0... 0^...^.. .^.-0... 0..0.^..| ok p=1
Q21:	|+1..1.^. 1....0.. ...0-.^. 1..1....| ok p=0.347656
Q22:	|.^..+... -....1.. ...+.... +.......| ok p=0.710938
Q23:	|^....... .....+.0 ....^... ...0....| ok p=0.748047
Q24:	|....^... ^.0....1 ...^.... ^..1...0| ok p=0.43457
Q25:	|........ .....^.- ........ ...-...1| ok p=0.962891
Q26:	|........ .0+..... ......0. .......-| ok p=1
Q27:	|........ .1+....^ ......1. ...^....| ok p=1
Q28:	|........ .+-..... ......+. .......^| ok p=1
Q29:	|........ ..0..... ......0. ........| ok p=1
Q30:	|........ .^1..... ......-. ........| ok p=1
Q31:	|........ ........ ......-. ........| ok p=0.999023
Q32:	|........ ........ ........ ........| ok p=1
Q33:	|........ ........ ......!. ........| ok p=1
Q34:	|........ ........ ........ ........| ok p=1
Q35:	|........ ........ ........ ........| ok p=1
Q36:	|........ ........ ........ ........| ok p=1
Q37:	|........ ........ ........ ........| ok p=1
Q38:	|........ ........ ........ ........| ok p=1
Q39:	|........ ........ ........ ........| ok p=1
Q40:	|........ ........ ........ ........| ok p=1
Q41:	|........ ........ ........ ........| ok p=1
Q42:	|........ ........ ........ ........| ok p=1
Q43:	|........ ........ ........ ........| ok p=1
Q44:	|........ ........ ........ ........| ok p=1
Q45:	|........ ........ ........ ........| ok p=1
Q46:	|........ ........ ........ ........| ok p=1
Q47:	|........ ........ ........ ........| ok p=1
Q48:	|........ ........ ........ ........| ok p=1
Q49:	|........ ........ ........ ........| ok p=1
Q50:	|........ ........ ........ ........| ok p=1
Q51:	|........ ........ ........ ........| ok p=1
Q52:	|........ ........ ........ ........| ok p=1
Q53:	|........ ........ ........ ........| ok p=1
Q54:	|........ ........ ........ ........| ok p=1
Q55:	|........ ........ ........ ........| ok p=1
Q56:	|........ ........ ........ ........| ok p=1
Q57:	|........ ........ ........ ........| ok p=1
Q58:	|........ ........ ........ ........| ok p=1
Q59:	|........ ........ ........ ........| ok p=1
Q60:	|........ ....0... ........ ........| ok p=1
Q61:	|........ ....1... ........ ........| ok p=1
Q62:	|........ ....+... ........ ........| ok p=1
Q63:	|........ ....+... ........ ........| ok p=1
Q64:	|........ ....+... ........ ........|
Saving 16384 paths...done.
Autobalance parameters: maxcond=82
Verified: 0 bad out of 20482
Runtime: 2.46587
Extend MD5 differential paths backward
Copyright (C) 2009 Marc Stevens
http://homepages.cwi.nl/~stevens/

delta_m[11] = [!9!]
Loading workdir2/paths20_0of1...done: 16384 (work:16384).
Estimating maxcond for upper bound 2000000 (=500000 * 4)...
t=19: 0%   10   20   30   40   50   60   70   80   90   100%
      |----|----|----|----|----|----|----|----|----|----|
e     ***************************************************
Found maxcond = 94
t=19: 0%   10   20   30   40   50   60   70   80   90   100%
      |----|----|----|----|----|----|----|----|----|----|
      ***************************************************
Q16:	|......+. ..-....- ..+..-.. ...+....|
Q17:	|......0. .1...1.. ......0. .-...1..|
Q18:	|.0....0. .+...+.. ..-...1. ...+.-..|
Q19:	|10....-. ........ ..-.0.+. .^.+....| ok p=0.982422
Q20:	|0-..0... 0^...^.. ..001... 0..0.^..| ok p=1
Q21:	|-1..1.^. 1....0.. ..11-.^. 1..^....| ok p=0.37207
Q22:	|.0..+... -....1.. ...+.... +.......| ok p=0.686523
Q23:	|^....... .....+.0 ....^... ...0....| ok p=0.725586
Q24:	|....^... ^.0....1 ...^.... ^..1...0| ok p=0.445312
Q25:	|........ .....^.- ........ ...-...1| ok p=0.964844
Q26:	|........ .0+..... ......0. .......-| ok p=1
Q27:	|........ .1+....^ ......1. ...^....| ok p=1
Q28:	|........ .+-..... ......+. .......^| ok p=0.998047
Q29:	|........ ..0..... ......0. ........| ok p=1
Q30:	|........ .^1..... ......-. ........| ok p=1
Q31:	|........ ........ ......-. ........| ok p=1
Q32:	|........ ........ ........ ........| ok p=1
Q33:	|........ ........ ......!. ........| ok p=1
Q34:	|........ ........ ........ ........| ok p=1
Q35:	|........ ........ ........ ........| ok p=1
Q36:	|........ ........ ........ ........| ok p=1
Q37:	|........ ........ ........ ........| ok p=1
Q38:	|........ ........ ........ ........| ok p=1
Q39:	|........ ........ ........ ........| ok p=1
Q40:	|........ ........ ........ ........| ok p=1
Q41:	|........ ........ ........ ........| ok p=1
Q42:	|........ ........ ........ ........| ok p=1
Q43:	|........ ........ ........ ........| ok p=1
Q44:	|........ ........ ........ ........| ok p=1
Q45:	|........ ........ ........ ........| ok p=1
Q46:	|........ ........ ........ ........| ok p=1
Q47:	|........ ........ ........ ........| ok p=1
Q48:	|........ ........ ........ ........| ok p=1
Q49:	|........ ........ ........ ........| ok p=1
Q50:	|........ ........ ........ ........| ok p=1
Q51:	|........ ........ ........ ........| ok p=1
Q52:	|........ ........ ........ ........| ok p=1
Q53:	|........ ........ ........ ........| ok p=1
Q54:	|........ ........ ........ ........| ok p=1
Q55:	|........ ........ ........ ........| ok p=1
Q56:	|........ ........ ........ ........| ok p=1
Q57:	|........ ........ ........ ........| ok p=1
Q58:	|........ ........ ........ ........| ok p=1
Q59:	|........ ........ ........ ........| ok p=1
Q60:	|........ ....0... ........ ........| ok p=1
Q61:	|........ ....1... ........ ........| ok p=1
Q62:	|........ ....+... ........ ........| ok p=1
Q63:	|........ ....+... ........ ........| ok p=1
Q64:	|........ ....+... ........ ........|
Saving 500000 paths...done.
Autobalance parameters: maxcond=93
Verified: 61792 bad out of 688905
Estimating maxcond for upper bound 2000000 (=500000 * 4)...
t=18: 0%   10   20   30   40   50   60   70   80   90   100%
      |----|----|----|----|----|----|----|----|----|----|
e     ***************************************************
Found maxcond = 106
t=18: 0%   10   20   30   40   50   60   70   80   90   100%
      |----|----|----|----|----|----|----|----|----|----|
      ***************************************************
Q15:	|....+... .-.+.... ...-.+.+ ...-....|
Q16:	|......+. .-+..-.- ..+..-.. .1.+.0..|
Q17:	|......-. .1...0.. ..0...0. .-.-.1..|
Q18:	|.0....1. .+^..+.^ ..-..^1. ...+.-..| ok p=0.928711
Q19:	|10....-. ........ ..-.0.+. .^.+....| ok p=0.986328
Q20:	|0-..0... 0^...^.. ..001... 0..1.^..| ok p=1
Q21:	|-1..1.^. 1....0.. ..11-.^. 1..^....| ok p=0.367188
Q22:	|.0..+... -....1.. ...+.... +.......| ok p=0.674805
Q23:	|^....... .....+.0 ....^... ...0....| ok p=0.728516
Q24:	|....^... ^.0....1 ...^.... ^..1...0| ok p=0.422852
Q25:	|........ .....^.- ........ ...-...1| ok p=0.972656
Q26:	|........ .0+..... ......0. .......-| ok p=1
Q27:	|........ .1+....^ ......1. ...^....| ok p=0.998047
Q28:	|........ .+-..... ......+. .......^| ok p=0.999023
Q29:	|........ ..0..... ......0. ........| ok p=1
Q30:	|........ .^1..... ......-. ........| ok p=1
Q31:	|........ ........ ......-. ........| ok p=1
Q32:	|........ ........ ........ ........| ok p=1
Q33:	|........ ........ ......!. ........| ok p=1
Q34:	|........ ........ ........ ........| ok p=1
Q35:	|........ ........ ........ ........| ok p=1
Q36:	|........ ........ ........ ........| ok p=1
Q37:	|........ ........ ........ ........| ok p=1
Q38:	|........ ........ ........ ........| ok p=1
Q39:	|........ ........ ........ ........| ok p=1
Q40:	|........ ........ ........ ........| ok p=1
Q41:	|........ ........ ........ ........| ok p=1
Q42:	|........ ........ ........ ........| ok p=1
Q43:	|........ ........ ........ ........| ok p=1
Q44:	|........ ........ ........ ........| ok p=1
Q45:	|........ ........ ........ ........| ok p=1
Q46:	|........ ........ ........ ........| ok p=1
Q47:	|........ ........ ........ ........| ok p=1
Q48:	|........ ........ ........ ........| ok p=1
Q49:	|........ ........ ........ ........| ok p=1
Q50:	|........ ........ ........ ........| ok p=1
Q51:	|........ ........ ........ ........| ok p=1
Q52:	|........ ........ ........ ........| ok p=1
Q53:	|........ ........ ........ ........| ok p=1
Q54:	|........ ........ ........ ........| ok p=1
Q55:	|........ ........ ........ ........| ok p=1
Q56:	|........ ........ ........ ........| ok p=1
Q57:	|........ ........ ........ ........| ok p=1
Q58:	|........ ........ ........ ........| ok p=1
Q59:	|........ ........ ........ ........| ok p=1
Q60:	|........ ....0... ........ ........| ok p=1
Q61:	|........ ....1... ........ ........| ok p=1
Q62:	|........ ....+... ........ ........| ok p=1
Q63:	|........ ....+... ........ ........| ok p=1
Q64:	|........ ....+... ........ ........|
Saving 500000 paths...done.
Autobalance parameters: maxcond=105
Verified: 0 bad out of 522558
Estimating maxcond for upper bound 2000000 (=500000 * 4)...
t=17: 0%   10   20   30   40   50   60   70   80   90   100%
      |----|----|----|----|----|----|----|----|----|----|
e     ***************************************************
Found maxcond = 121
t=17: 0%   10   20   30   40   50   60   70   80   90   100%
      |----|----|----|----|----|----|----|----|----|----|
      ***************************************************
Q14:	|.+.-..-. ........ .-....+. .+.-....|
Q15:	|....+.1. ..1+...1 ..+..-.. --.-....|
Q16:	|......+. .0+..0.- ..+..-.. .0.+.0..|
Q17:	|....^.0. .0.^.1.. ..1..00. ^-.-.1..| ok p=0.798828
Q18:	|.0....0. .-^..+.^ ..-..11. ...+.-..| ok p=0.916992
Q19:	|10....-. ........ ..-.0.+. .^.+....| ok p=0.983398
Q20:	|0-..0... 0^...^.. ..001... 0..1.^..| ok p=1
Q21:	|-1..1.^. 1....0.. ..11-.^. 1..^....| ok p=0.373047
Q22:	|.0..+... -....1.. ...+.... +.......| ok p=0.674805
Q23:	|^....... .....+.0 ....^... ...0....| ok p=0.726562
Q24:	|....^... ^.0....1 ...^.... ^..1...0| ok p=0.436523
Q25:	|........ .....^.- ........ ...-...1| ok p=0.980469
Q26:	|........ .0+..... ......0. .......-| ok p=1
Q27:	|........ .1+....^ ......1. ...^....| ok p=0.999023
Q28:	|........ .+-..... ......+. .......^| ok p=1
Q29:	|........ ..0..... ......0. ........| ok p=1
Q30:	|........ .^1..... ......-. ........| ok p=1
Q31:	|........ ........ ......-. ........| ok p=1
Q32:	|........ ........ ........ ........| ok p=1
Q33:	|........ ........ ......!. ........| ok p=1
Q34:	|........ ........ ........ ........| ok p=1
Q35:	|........ ........ ........ ........| ok p=1
Q36:	|........ ........ ........ ........| ok p=1
Q37:	|........ ........ ........ ........| ok p=1
Q38:	|........ ........ ........ ........| ok p=1
Q39:	|........ ........ ........ ........| ok p=1
Q40:	|........ ........ ........ ........| ok p=1
Q41:	|........ ........ ........ ........| ok p=1
Q42:	|........ ........ ........ ........| ok p=1
Q43:	|........ ........ ........ ........| ok p=1
Q44:	|........ ........ ........ ........| ok p=1
Q45:	|........ ........ ........ ........| ok p=1
Q46:	|........ ........ ........ ........| ok p=1
Q47:	|........ ........ ........ ........| ok p=1
Q48:	|........ ........ ........ ........| ok p=1
Q49:	|........ ........ ........ ........| ok p=1
Q50:	|........ ........ ........ ........| ok p=1
Q51:	|........ ........ ........ ........| ok p=1
Q52:	|........ ........ ........ ........| ok p=1
Q53:	|........ ........ ........ ........| ok p=1
Q54:	|........ ........ ........ ........| ok p=1
Q55:	|........ ........ ........ ........| ok p=1
Q56:	|........ ........ ........ ........| ok p=1
Q57:	|........ ........ ........ ........| ok p=1
Q58:	|........ ........ ........ ........| ok p=1
Q59:	|........ ........ ........ ........| ok p=1
Q60:	|........ ....0... ........ ........| ok p=1
Q61:	|........ ....1... ........ ........| ok p=0.999023
Q62:	|........ ....+... ........ ........| ok p=1
Q63:	|........ ....+... ........ ........| ok p=1
Q64:	|........ ....+... ........ ........|
Saving 500000 paths...done.
Autobalance parameters: maxcond=120
Verified: 0 bad out of 924928
Estimating maxcond for upper bound 2000000 (=500000 * 4)...
t=16: 0%   10   20   30   40   50   60   70   80   90   100%
      |----|----|----|----|----|----|----|----|----|----|
e     ***************************************************
Found maxcond = 133
t=16: 0%   10   20   30   40   50   60   70   80   90   100%
      |----|----|----|----|----|----|----|----|----|----|
      ***************************************************
Q13:	|......-. ...-...+ ...-.-.- ..+..-.+|
Q14:	|..+.+.-. ..01...+ ..-....+ ...-....|
Q15:	|....+.1. ..1+...0 ..1..-.- .0.-....|
Q16:	|..^.0.+. .0-..0.- ..+..-.1 .1.+.0..| ok p=1
Q17:	|....1.0. .1.^.1.. ..0..000 .-.-.1..| ok p=0.816406
Q18:	|.0....0. .-^..+.^ ..-..11. ...+.-..| ok p=0.916016
Q19:	|10....-. ........ ..-.0.+. .^.+....| ok p=0.983398
Q20:	|0-..0... 0^...^.. ..001... 0..1.^..| ok p=1
Q21:	|-1..1.^. 1....0.. ..11-.^. 1..^....| ok p=0.339844
Q22:	|.0..+... -....1.. ...+.... +.......| ok p=0.693359
Q23:	|^....... .....+.0 ....^... ...0....| ok p=0.745117
Q24:	|....^... ^.0....1 ...^.... ^..1...0| ok p=0.460938
Q25:	|........ .....^.- ........ ...-...1| ok p=0.974609
Q26:	|........ .0+..... ......0. .......-| ok p=1
Q27:	|........ .1+....^ ......1. ...^....| ok p=1
Q28:	|........ .+-..... ......+. .......^| ok p=1
Q29:	|........ ..0..... ......0. ........| ok p=1
Q30:	|........ .^1..... ......-. ........| ok p=1
Q31:	|........ ........ ......-. ........| ok p=0.999023
Q32:	|........ ........ ........ ........| ok p=1
Q33:	|........ ........ ......!. ........| ok p=1
Q34:	|........ ........ ........ ........| ok p=1
Q35:	|........ ........ ........ ........| ok p=1
Q36:	|........ ........ ........ ........| ok p=1
Q37:	|........ ........ ........ ........| ok p=1
Q38:	|........ ........ ........ ........| ok p=1
Q39:	|........ ........ ........ ........| ok p=1
Q40:	|........ ........ ........ ........| ok p=1
Q41:	|........ ........ ........ ........| ok p=1
Q42:	|........ ........ ........ ........| ok p=1
Q43:	|........ ........ ........ ........| ok p=1
Q44:	|........ ........ ........ ........| ok p=1
Q45:	|........ ........ ........ ........| ok p=1
Q46:	|........ ........ ........ ........| ok p=1
Q47:	|........ ........ ........ ........| ok p=1
Q48:	|........ ........ ........ ........| ok p=1
Q49:	|........ ........ ........ ........| ok p=1
Q50:	|........ ........ ........ ........| ok p=1
Q51:	|........ ........ ........ ........| ok p=1
Q52:	|........ ........ ........ ........| ok p=1
Q53:	|........ ........ ........ ........| ok p=1
Q54:	|........ ........ ........ ........| ok p=1
Q55:	|........ ........ ........ ........| ok p=1
Q56:	|........ ........ ........ ........| ok p=1
Q57:	|........ ........ ........ ........| ok p=1
Q58:	|........ ........ ........ ........| ok p=1
Q59:	|........ ........ ........ ........| ok p=1
Q60:	|........ ....0... ........ ........| ok p=1
Q61:	|........ ....1... ........ ........| ok p=1
Q62:	|........ ....+... ........ ........| ok p=1
Q63:	|........ ....+... ........ ........| ok p=1
Q64:	|........ ....+... ........ ........|
Saving 500000 paths...done.
Autobalance parameters: maxcond=132
Verified: 0 bad out of 634963
Runtime: 28.0081
