Connect MD5 differential paths
Copyright (C) 2009 Marc Stevens
http://homepages.cwi.nl/~stevens/

delta_m[11] = [!9!]
Loading workdir2/paths16_0of1.bin.gz...done: 500000.
Loading workdir2/paths11_0of1.bin.gz...done: 500000.
t=12: 0%   10   20   30   40   50   60   70   80   90   100%
      |----|----|----|----|----|----|----|----|----|----|
      *Q-3:	|11011101 11100010 01100111 01011000|
Q-2:	|1000011+ 1000-000 -0010111 +-1+--11|
Q-1:	|111000+- 010-+110 -110100+ --0+--10|
Q0:	|0-+1++00 -0-++-++ 10+10110 +111+-00| ok p=0.223633
Q1:	|.-0-1--0 1+01+10- 0.0...+0 +1.1--.-| ok p=0.50293
Q2:	|.++01--. +011.-1- 111...+. 0..1+..0| ok p=1
Q3:	|1++1.-.^ 11..0-.- -0...... 1..011.-| ok p=1
Q4:	|001...0- 1..!.-.0 0...1.1. -..--.^1| ok p=1
Q5:	|01+..1.0 ...^.-.+ 1...11.. +.!--.+1| ok p=1
Q6:	|-01....1 ..^+.+.+ -0..+0.. 1..+..0+| ok p=1
Q7:	|-.0....+ ..-0.+.0 -1..00.. 0^.11.1-| ok p=1
Q8:	|+1.....- ..0+.-.0 -...01.. --10...-| ok p=1
Q9:	|00.....1 1.--01.. .....-.. 010+...0| ok p=1
Q10:	|01.0.1.1 1.1+0-.. 00..1-^0 1011.01+| ok p=1
Q11:	|11^001^0 -.+1+01^ 111.10-1 -111100-| ok p=1
Q12:	|---+1-++ +^+--00- ++0^+-0+ --+10-+1| ok p=1
Q13:	|1+0+0+0+ +++0+1-1 01++-+-+ +--0-+0+| ok p=1
Q14:	|01+.+11. .1+1000+ 1-001011 0.0-0101| ok p=1
Q15:	|1101+011 100+0-11 11+10-1- 100-01.0| ok p=0.749023
Q16:	|..1.1.+. .0-..-.- .1+..-.. .1.+.0..| ok p=0.258789
Q17:	|....1.-. .1.^.+.. ..1..00^ .-.1.1..| ok p=0.835938
Q18:	|.0....1. .-^..+.^ ..-..11. ...+.-..| ok p=0.926758
Q19:	|10....-. .....1.. ..-.0.+. .^.+....| ok p=1
Q20:	|0-..0... 0^...0.. ..001... 0..0.^..| ok p=1
Q21:	|-1..1.^. 1....0.. ..11-.^. 1..0....| ok p=0.317383
Q22:	|.0..+... -....1.. ...+.... +.......| ok p=0.708008
Q23:	|^....... .....+.0 ....^... ...0....| ok p=0.760742
Q24:	|....^... ^.0....1 ...^.... ^..1...0| ok p=0.441406
Q25:	|........ .....^.- ........ ...-...1| ok p=0.977539
Q26:	|........ .0+..... ......0. .......-| ok p=1
Q27:	|........ .1+....^ ......1. ...^....| ok p=0.999023
Q28:	|........ .+-..... ......+. .......^| ok p=0.999023
Q29:	|........ ..0..... ......0. ........| ok p=1
Q30:	|........ .^1..... ......-. ........| ok p=1
Q31:	|........ ........ ......-. ........| ok p=1
Q32:	|........ ........ ........ ........| ok p=1
Q33:	|........ ........ ......!. ........| ok p=1
Q34:	|........ ........ ........ ........| ok p=1
Q35:	|........ ........ ........ ........| ok p=1
Q36:	|........ ........ ........ ........| ok p=1
Q37:	|........ ........ ........ ........| ok p=1
Q38:	|........ ........ ........ ........| ok p=1
Q39:	|........ ........ ........ ........| ok p=1
Q40:	|........ ........ ........ ........| ok p=1
Q41:	|........ ........ ........ ........| ok p=1
Q42:	|........ ........ ........ ........| ok p=1
Q43:	|........ ........ ........ ........| ok p=1
Q44:	|........ ........ ........ ........| ok p=1
Q45:	|........ ........ ........ ........| ok p=1
Q46:	|........ ........ ........ ........| ok p=1
Q47:	|........ ........ ........ ........| ok p=1
Q48:	|........ ........ ........ ........| ok p=1
Q49:	|........ ........ ........ ........| ok p=1
Q50:	|........ ........ ........ ........| ok p=1
Q51:	|........ ........ ........ ........| ok p=1
Q52:	|........ ........ ........ ........| ok p=1
Q53:	|........ ........ ........ ........| ok p=1
Q54:	|........ ........ ........ ........| ok p=1
Q55:	|........ ........ ........ ........| ok p=1
Q56:	|........ ........ ........ ........| ok p=1
Q57:	|........ ........ ........ ........| ok p=1
Q58:	|........ ........ ........ ........| ok p=1
Q59:	|........ ........ ........ ........| ok p=1
Q60:	|........ ....0... ........ ........| ok p=1
Q61:	|........ ....1... ........ ........| ok p=1
Q62:	|........ ....+... ........ ........| ok p=1
Q63:	|........ ....+... ........ ........| ok p=1
Q64:	|........ ....+... ........ ........|
Best path: totcompl=-29 tottunnel=30, totcond=581, p=0.00149017
Q-3:	|11011101 11100010 01100111 01011000|
Q-2:	|1000011+ 1000-000 -0010111 +-1+--11|
Q-1:	|111000+- 010-+110 -110100+ --0+--10|
Q0:	|0-+1++00 -0-++-++ 10+10110 +111+-00| ok p=0.256836
Q1:	|.-0-1--0 1+01+10- 0.0...+0 +1.1--.-| ok p=0.524414
Q2:	|.++01--. +011.-1- 1.1...+. 0..1+..0| ok p=1
Q3:	|1++1.-.^ 11..0-.- -^0..... 1..011.-| ok p=1
Q4:	|001...0- 1..!.-.0 0...1.1. -..--.^1| ok p=1
Q5:	|01+..1.0 ...^.-.+ 1...11.. +.!--.+1| ok p=1
Q6:	|-01....1 ..^+.+.+ -1..+0.. 1..+..0+| ok p=1
Q7:	|-.0....+ ..-0.+.1 -0..00.. 0^.11.1-| ok p=1
Q8:	|+1.....- ..0+.-.0 -...01.. --10...-| ok p=1
Q9:	|00.....1 1.--01.. .....-.. 010+...0| ok p=1
Q10:	|01.0.1.1 1.1+0-.. 00..1-^0 1011.01+| ok p=1
Q11:	|11^0.1^0 -.+1+01^ 111.10-1 -111100-| ok p=1
Q12:	|+--+1-++ +^+--00- ++0^+-0+ --+10-+1| ok p=1
Q13:	|1+0+0+0+ +++0+1-1 01++-+-+ +--0-+0+| ok p=1
Q14:	|01+.+11. .1+1000+ 1-001011 0.0-0101| ok p=1
Q15:	|1101+011 100+0-11 11+10-1- 100-01.0| ok p=0.759766
Q16:	|..1.1.+. .0-..-.- .1+..-.. .1.+.0..| ok p=0.216797
Q17:	|....1.-. .1.^.+.. ..1..00^ .-.1.1..| ok p=0.84082
Q18:	|.0....1. .-^..+.^ ..-..11. ...+.-..| ok p=0.923828
Q19:	|10....-. .....1.. ..-.0.+. .^.+....| ok p=1
Q20:	|0-..0... 0^...0.. ..001... 0..0.^..| ok p=1
Q21:	|-1..1.^. 1....0.. ..11-.^. 1..0....| ok p=0.352539
Q22:	|.0..+... -....1.. ...+.... +.......| ok p=0.717773
Q23:	|^....... .....+.0 ....^... ...0....| ok p=0.757812
Q24:	|....^... ^.0....1 ...^.... ^..1...0| ok p=0.414062
Q25:	|........ .....^.- ........ ...-...1| ok p=0.96875
Q26:	|........ .0+..... ......0. .......-| ok p=1
Q27:	|........ .1+....^ ......1. ...^....| ok p=1
Q28:	|........ .+-..... ......+. .......^| ok p=1
Q29:	|........ ..0..... ......0. ........| ok p=1
Q30:	|........ .^1..... ......-. ........| ok p=1
Q31:	|........ ........ ......-. ........| ok p=1
Q32:	|........ ........ ........ ........| ok p=1
Q33:	|........ ........ ......!. ........| ok p=1
Q34:	|........ ........ ........ ........| ok p=1
Q35:	|........ ........ ........ ........| ok p=1
Q36:	|........ ........ ........ ........| ok p=1
Q37:	|........ ........ ........ ........| ok p=1
Q38:	|........ ........ ........ ........| ok p=1
Q39:	|........ ........ ........ ........| ok p=1
Q40:	|........ ........ ........ ........| ok p=1
Q41:	|........ ........ ........ ........| ok p=1
Q42:	|........ ........ ........ ........| ok p=1
Q43:	|........ ........ ........ ........| ok p=1
Q44:	|........ ........ ........ ........| ok p=1
Q45:	|........ ........ ........ ........| ok p=1
Q46:	|........ ........ ........ ........| ok p=1
Q47:	|........ ........ ........ ........| ok p=1
Q48:	|........ ........ ........ ........| ok p=1
Q49:	|........ ........ ........ ........| ok p=1
Q50:	|........ ........ ........ ........| ok p=1
Q51:	|........ ........ ........ ........| ok p=1
Q52:	|........ ........ ........ ........| ok p=1
Q53:	|........ ........ ........ ........| ok p=1
Q54:	|........ ........ ........ ........| ok p=1
Q55:	|........ ........ ........ ........| ok p=1
Q56:	|........ ........ ........ ........| ok p=1
Q57:	|........ ........ ........ ........| ok p=1
Q58:	|........ ........ ........ ........| ok p=1
Q59:	|........ ........ ........ ........| ok p=1
Q60:	|........ ....0... ........ ........| ok p=1
Q61:	|........ ....1... ........ ........| ok p=1
Q62:	|........ ....+... ........ ........| ok p=1
Q63:	|........ ....+... ........ ........| ok p=1
Q64:	|........ ....+... ........ ........|
Best path: totcompl=-29 tottunnel=30, totcond=580, p=0.00134808
Q-3:	|11011101 11100010 01100111 01011000|
Q-2:	|1000011+ 1000-000 -0010111 +-1+--11|
Q-1:	|111000+- 010-+110 -110100+ --0+--10|
Q0:	|0-+1++00 -0-++-++ 10+10110 +111+-00| ok p=0.269531
Q1:	|.-0-1--0 1+01+10- 0.0...+0 +1.1--.-| ok p=0.484375
Q2:	|.++01--. +011.-1- 1.1...+. 0..1+..0| ok p=1
Q3:	|1++1.-.^ 11..0-.- -^0..... 1..011.-| ok p=1
Q4:	|001...0- 1.!..-.0 0...0.1. -..--.^1| ok p=1
Q5:	|01+..1.0 ...^.-.+ 1...00.. +!.--.+1| ok p=1
Q6:	|-01....1 ..^+.+.+ -0..+1.. 1..+..0+| ok p=1
Q7:	|-.0....+ ..-0.+.0 -1..00.. 0^.11.1-| ok p=1
Q8:	|-11....- ..0+.-.0 -...01.. --10...-| ok p=1
Q9:	|10.....1 ..--.10. .....-.0 110+...1| ok p=1
Q10:	|01.1...1 01000+00 0..0.-^1 1100^10+| ok p=1
Q11:	|.000..00 110010+1 1.^101-0 11-1+01-| ok p=1
Q12:	|^+0+1^1+ --0----- +^++1+1+ -+110++1| ok p=1
Q13:	|-1-+0++- +++11++1 0+1--+1- +--00-1+| ok p=1
Q14:	|11+.+111 10+1011+ 10-100.1 01++.101| ok p=1
Q15:	|1001+011 100+.-01 11100-.- 111-.1.0| ok p=0.739258
Q16:	|..0.1.+. .0-..-.- ..+..-.. .11+.0..| ok p=0.242188
Q17:	|....1.-. .1.^.+.. ..0..00^ .-.1.1..| ok p=0.848633
Q18:	|.0....1. .-^..+.^ ..-..11. ...+.-..| ok p=0.917969
Q19:	|10....-. .....1.. ..-.0.+. .^.+....| ok p=1
Q20:	|0-..0... 0^...0.. ..001... 0..0.^..| ok p=1
Q21:	|-1..1.^. 1....0.. ..11-.^. 1..0....| ok p=0.358398
Q22:	|.0..+... -....1.. ...+.... +.......| ok p=0.698242
Q23:	|^....... .....+.0 ....^... ...0....| ok p=0.767578
Q24:	|....^... ^.0....1 ...^.... ^..1...0| ok p=0.442383
Q25:	|........ .....^.- ........ ...-...1| ok p=0.979492
Q26:	|........ .0+..... ......0. .......-| ok p=1
Q27:	|........ .1+....^ ......1. ...^....| ok p=0.998047
Q28:	|........ .+-..... ......+. .......^| ok p=1
Q29:	|........ ..0..... ......0. ........| ok p=1
Q30:	|........ .^1..... ......-. ........| ok p=1
Q31:	|........ ........ ......-. ........| ok p=0.999023
Q32:	|........ ........ ........ ........| ok p=1
Q33:	|........ ........ ......!. ........| ok p=1
Q34:	|........ ........ ........ ........| ok p=1
Q35:	|........ ........ ........ ........| ok p=1
Q36:	|........ ........ ........ ........| ok p=1
Q37:	|........ ........ ........ ........| ok p=1
Q38:	|........ ........ ........ ........| ok p=1
Q39:	|........ ........ ........ ........| ok p=1
Q40:	|........ ........ ........ ........| ok p=1
Q41:	|........ ........ ........ ........| ok p=1
Q42:	|........ ........ ........ ........| ok p=1
Q43:	|........ ........ ........ ........| ok p=1
Q44:	|........ ........ ........ ........| ok p=1
Q45:	|........ ........ ........ ........| ok p=1
Q46:	|........ ........ ........ ........| ok p=1
Q47:	|........ ........ ........ ........| ok p=1
Q48:	|........ ........ ........ ........| ok p=1
Q49:	|........ ........ ........ ........| ok p=1
Q50:	|........ ........ ........ ........| ok p=1
Q51:	|........ ........ ........ ........| ok p=1
Q52:	|........ ........ ........ ........| ok p=1
Q53:	|........ ........ ........ ........| ok p=1
Q54:	|........ ........ ........ ........| ok p=1
Q55:	|........ ........ ........ ........| ok p=1
Q56:	|........ ........ ........ ........| ok p=1
Q57:	|........ ........ ........ ........| ok p=1
Q58:	|........ ........ ........ ........| ok p=1
Q59:	|........ ........ ........ ........| ok p=1
Q60:	|........ ....0... ........ ........| ok p=1
Q61:	|........ ....1... ........ ........| ok p=1
Q62:	|........ ....+... ........ ........| ok p=1
Q63:	|........ ....+... ........ ........| ok p=1
Q64:	|........ ....+... ........ ........|
Best path: totcompl=-28 tottunnel=31, totcond=580, p=0.00105364
Q-3:	|11011101 11100010 01100111 01011000|
Q-2:	|1000011+ 1000-000 -0010111 +-1+--11|
Q-1:	|111000+- 010-+110 -110100+ --0+--10|
Q0:	|0-+1++00 -0-++-++ 10+10110 +111+-00| ok p=0.24707
Q1:	|.-0-1--0 1+01+10- 0.0...+0 +1.1--.-| ok p=0.473633
Q2:	|.++01--. +011.-1- 111...+. 0..1+..0| ok p=1
Q3:	|1++1.-.^ 11..0-.- -0...... 1..011.-| ok p=1
Q4:	|001...0- 1.!..-.0 0...1.1. -..--.^1| ok p=1
Q5:	|01+..1.0 ...^.-.+ 1...11.. +.!--.+1| ok p=1
Q6:	|-01....1 ..^+.+.+ -1..+0.. 1..+..0+| ok p=1
Q7:	|-.0....+ ..-0.+.1 -0..00.. 0^.11.1-| ok p=1
Q8:	|-0.!...- ..0+.-.0 -...01.. --10...-| ok p=1
Q9:	|01.....1 ..--.10. .....-.. 110+1..1| ok p=1
Q10:	|01.1...1 01000+00 0..0.-^1 1100100+| ok p=1
Q11:	|.000..00 110010+1 1.^101-0 11-1+11-| ok p=1
Q12:	|^+0+1^1+ --0----- +^++1+1+ -+11+-+1| ok p=1
Q13:	|-1-+0++- +++11++1 0+1--+1- +--0.-1+| ok p=1
Q14:	|11+1+111 10+1011+ 10-100.1 01++1.01| ok p=1
Q15:	|1.01+011 100+.-01 11100-.- 111-.1.0| ok p=0.745117
Q16:	|..0.1.+. .0-..-.- ..+..-.. .11+.0..| ok p=0.240234
Q17:	|....1.-. .1.^.+.. ..0..00^ .-.1.1..| ok p=0.847656
Q18:	|.0....1. .-^..+.^ ..-..11. ...+.-..| ok p=0.922852
Q19:	|10....-. .....1.. ..-.0.+. .^.+....| ok p=1
Q20:	|0-..0... 0^...0.. ..001... 0..0.^..| ok p=1
Q21:	|-1..1.^. 1....0.. ..11-.^. 1..0....| ok p=0.350586
Q22:	|.0..+... -....1.. ...+.... +.......| ok p=0.691406
Q23:	|^....... .....+.0 ....^... ...0....| ok p=0.732422
Q24:	|....^... ^.0....1 ...^.... ^..1...0| ok p=0.452148
Q25:	|........ .....^.- ........ ...-...1| ok p=0.983398
Q26:	|........ .0+..... ......0. .......-| ok p=1
Q27:	|........ .1+....^ ......1. ...^....| ok p=1
Q28:	|........ .+-..... ......+. .......^| ok p=0.999023
Q29:	|........ ..0..... ......0. ........| ok p=1
Q30:	|........ .^1..... ......-. ........| ok p=1
Q31:	|........ ........ ......-. ........| ok p=1
Q32:	|........ ........ ........ ........| ok p=1
Q33:	|........ ........ ......!. ........| ok p=1
Q34:	|........ ........ ........ ........| ok p=1
Q35:	|........ ........ ........ ........| ok p=1
Q36:	|........ ........ ........ ........| ok p=1
Q37:	|........ ........ ........ ........| ok p=1
Q38:	|........ ........ ........ ........| ok p=1
Q39:	|........ ........ ........ ........| ok p=1
Q40:	|........ ........ ........ ........| ok p=1
Q41:	|........ ........ ........ ........| ok p=1
Q42:	|........ ........ ........ ........| ok p=1
Q43:	|........ ........ ........ ........| ok p=1
Q44:	|........ ........ ........ ........| ok p=1
Q45:	|........ ........ ........ ........| ok p=1
Q46:	|........ ........ ........ ........| ok p=1
Q47:	|........ ........ ........ ........| ok p=1
Q48:	|........ ........ ........ ........| ok p=1
Q49:	|........ ........ ........ ........| ok p=1
Q50:	|........ ........ ........ ........| ok p=1
Q51:	|........ ........ ........ ........| ok p=1
Q52:	|........ ........ ........ ........| ok p=1
Q53:	|........ ........ ........ ........| ok p=1
Q54:	|........ ........ ........ ........| ok p=1
Q55:	|........ ........ ........ ........| ok p=1
Q56:	|........ ........ ........ ........| ok p=1
Q57:	|........ ........ ........ ........| ok p=1
Q58:	|........ ........ ........ ........| ok p=1
Q59:	|........ ........ ........ ........| ok p=1
Q60:	|........ ....0... ........ ........| ok p=1
Q61:	|........ ....1... ........ ........| ok p=1
Q62:	|........ ....+... ........ ........| ok p=1
Q63:	|........ ....+... ........ ........| ok p=1
Q64:	|........ ....+... ........ ........|
Best path: totcompl=-28 tottunnel=31, totcond=579, p=0.00136761
Q-3:	|11011101 11100010 01100111 01011000|
Q-2:	|1000011+ 1000-000 -0010111 +-1+--11|
Q-1:	|111000+- 010-+110 -110100+ --0+--10|
Q0:	|0-+1++00 -0-++-++ 10+10110 +111+-00| ok p=0.262695
Q1:	|.-0-1--0 1+01+10- 0.0...+0 +1.1--.-| ok p=0.493164
Q2:	|.++01--. +011.-1- 1.1...+. 0..1+..0| ok p=1
Q3:	|1++1.-.^ 11..0-.- -^0..... 1..011.-| ok p=1
Q4:	|001...0- 1...1-.0 0...0.1. -..--.^1| ok p=1
Q5:	|01+..1.0 ...^.-.+ 1...00.. +!.--.+1| ok p=1
Q6:	|-01....1 ..^+.+.+ -1..+1.. 1..+..0+| ok p=1
Q7:	|-.0....+ .0-0.+.1 -0..01.. 0^.11.1-| ok p=1
Q8:	|-11....- .00+.-.1 -...01.. --10...-| ok p=1
Q9:	|10.....- .+0+01.. .....-.. 010+...1| ok p=1
Q10:	|000.0..0 0-0+1-.. 1.1..-00 111+..10| ok p=1
Q11:	|101.0^^0 11-0+10^ 0.0^0-10 010-101-| ok p=1
Q12:	|--+^--+- -----11- +.-+1+-+ +++-01-1| ok p=1
Q13:	|1---+110 1-0++--1 0^+0++0- 11+1-++-| ok p=1
Q14:	|1.+1+001 0.+0100+ 1-00001+ 11.-1101| ok p=1
Q15:	|.011+.1. .10+1011 10+.0-.- .00-0100| ok p=1
Q16:	|..0.1.+. .0-..0.- .1+..-.1 .1.+.0..| ok p=0.25293
Q17:	|....1.-. .1.^.1.. ..1..000 .-.1.1..| ok p=0.854492
Q18:	|.0....1. .-^..+.^ ..-..11. ...+.-..| ok p=0.919922
Q19:	|10....-. ........ ..-.0.+. .^.+....| ok p=0.985352
Q20:	|0-..0... 0^...^.. ..001... 0..0.^..| ok p=1
Q21:	|-1..1.^. 1....0.. ..11-.^. 1..0....| ok p=0.335938
Q22:	|.0..+... -....1.. ...+.... +.......| ok p=0.675781
Q23:	|^....... .....+.0 ....^... ...0....| ok p=0.734375
Q24:	|....^... ^.0....1 ...^.... ^..1...0| ok p=0.444336
Q25:	|........ .....^.- ........ ...-...1| ok p=0.973633
Q26:	|........ .0+..... ......0. .......-| ok p=1
Q27:	|........ .1+....^ ......1. ...^....| ok p=0.999023
Q28:	|........ .+-..... ......+. .......^| ok p=1
Q29:	|........ ..0..... ......0. ........| ok p=1
Q30:	|........ .^1..... ......-. ........| ok p=1
Q31:	|........ ........ ......-. ........| ok p=1
Q32:	|........ ........ ........ ........| ok p=1
Q33:	|........ ........ ......!. ........| ok p=1
Q34:	|........ ........ ........ ........| ok p=1
Q35:	|........ ........ ........ ........| ok p=1
Q36:	|........ ........ ........ ........| ok p=1
Q37:	|........ ........ ........ ........| ok p=1
Q38:	|........ ........ ........ ........| ok p=1
Q39:	|........ ........ ........ ........| ok p=1
Q40:	|........ ........ ........ ........| ok p=1
Q41:	|........ ........ ........ ........| ok p=1
Q42:	|........ ........ ........ ........| ok p=1
Q43:	|........ ........ ........ ........| ok p=1
Q44:	|........ ........ ........ ........| ok p=1
Q45:	|........ ........ ........ ........| ok p=1
Q46:	|........ ........ ........ ........| ok p=1
Q47:	|........ ........ ........ ........| ok p=1
Q48:	|........ ........ ........ ........| ok p=1
Q49:	|........ ........ ........ ........| ok p=1
Q50:	|........ ........ ........ ........| ok p=1
Q51:	|........ ........ ........ ........| ok p=1
Q52:	|........ ........ ........ ........| ok p=1
Q53:	|........ ........ ........ ........| ok p=1
Q54:	|........ ........ ........ ........| ok p=1
Q55:	|........ ........ ........ ........| ok p=1
Q56:	|........ ........ ........ ........| ok p=1
Q57:	|........ ........ ........ ........| ok p=1
Q58:	|........ ........ ........ ........| ok p=1
Q59:	|........ ........ ........ ........| ok p=1
Q60:	|........ ....0... ........ ........| ok p=1
Q61:	|........ ....1... ........ ........| ok p=1
Q62:	|........ ....+... ........ ........| ok p=1
Q63:	|........ ....+... ........ ........| ok p=1
Q64:	|........ ....+... ........ ........|
Best path: totcompl=-28 tottunnel=31, totcond=577, p=0.00205353
Q-3:	|11011101 11100010 01100111 01011000|
Q-2:	|1000011+ 1000-000 -0010111 +-1+--11|
Q-1:	|111000+- 010-+110 -110100+ --0+--10|
Q0:	|0-+1++00 -0-++-++ 10+10110 +111+-00| ok p=0.246094
Q1:	|.-0-1--0 1+01+10- 0.0...+0 +1.1--.-| ok p=0.488281
Q2:	|.++01--. +011.-1- 111...+. 0..1+..0| ok p=1
Q3:	|1++1.-.^ 11..0-.- -.0..... 1..011.-| ok p=1
Q4:	|001...0- 1..!.-.0 0...1.1. -..--.^1| ok p=1
Q5:	|01+..1.0 ...^.-.+ 1...11.. +.!--.+1| ok p=1
Q6:	|-01....1 ..^+.+.+ -1..+0.. 1..+..0+| ok p=1
Q7:	|-.0....+ .0-0.+.1 -0..01.. 0^.11.1-| ok p=1
Q8:	|-01....- .00+.-.1 -...01.. --10...-| ok p=1
Q9:	|01.....- .+0+01.. .....-.. 010+...1| ok p=1
Q10:	|000.0..0 0-0+1-.. 1.1..-00 111+..10| ok p=1
Q11:	|101.0.^0 11-0+10^ 0.0^0-10 010-101-| ok p=1
Q12:	|--+^-.-- -----11- +.-+1+-+ +++-01-1| ok p=1
Q13:	|1---+.10 1-0++--1 0^+0++0- 11+1-++-| ok p=1
Q14:	|1.+1+.01 0.+0100+ 1-00001+ 11.-1011| ok p=1
Q15:	|0011+.1. .10+1011 10+.0-.- .00-0100| ok p=1
Q16:	|..0.1.+. .0-..0.- .1+..-.1 .1.+.0..| ok p=0.240234
Q17:	|....1.-. .1.^.1.. ..1..000 .-.1.1..| ok p=0.847656
Q18:	|.0....1. .-^..+.^ ..-..11. ...+.-..| ok p=0.915039
Q19:	|10....-. ........ ..-.0.+. .^.+....| ok p=0.980469
Q20:	|0-..0... 0^...^.. ..001... 0..0.^..| ok p=1
Q21:	|-1..1.^. 1....0.. ..11-.^. 1..0....| ok p=0.374023
Q22:	|.0..+... -....1.. ...+.... +.......| ok p=0.69043
Q23:	|^....... .....+.0 ....^... ...0....| ok p=0.741211
Q24:	|....^... ^.0....1 ...^.... ^..1...0| ok p=0.414062
Q25:	|........ .....^.- ........ ...-...1| ok p=0.97168
Q26:	|........ .0+..... ......0. .......-| ok p=1
Q27:	|........ .1+....^ ......1. ...^....| ok p=0.999023
Q28:	|........ .+-..... ......+. .......^| ok p=1
Q29:	|........ ..0..... ......0. ........| ok p=1
Q30:	|........ .^1..... ......-. ........| ok p=1
Q31:	|........ ........ ......-. ........| ok p=0.999023
Q32:	|........ ........ ........ ........| ok p=1
Q33:	|........ ........ ......!. ........| ok p=1
Q34:	|........ ........ ........ ........| ok p=1
Q35:	|........ ........ ........ ........| ok p=1
Q36:	|........ ........ ........ ........| ok p=1
Q37:	|........ ........ ........ ........| ok p=1
Q38:	|........ ........ ........ ........| ok p=1
Q39:	|........ ........ ........ ........| ok p=1
Q40:	|........ ........ ........ ........| ok p=1
Q41:	|........ ........ ........ ........| ok p=1
Q42:	|........ ........ ........ ........| ok p=1
Q43:	|........ ........ ........ ........| ok p=1
Q44:	|........ ........ ........ ........| ok p=1
Q45:	|........ ........ ........ ........| ok p=1
Q46:	|........ ........ ........ ........| ok p=1
Q47:	|........ ........ ........ ........| ok p=1
Q48:	|........ ........ ........ ........| ok p=1
Q49:	|........ ........ ........ ........| ok p=1
Q50:	|........ ........ ........ ........| ok p=1
Q51:	|........ ........ ........ ........| ok p=1
Q52:	|........ ........ ........ ........| ok p=1
Q53:	|........ ........ ........ ........| ok p=1
Q54:	|........ ........ ........ ........| ok p=1
Q55:	|........ ........ ........ ........| ok p=1
Q56:	|........ ........ ........ ........| ok p=1
Q57:	|........ ........ ........ ........| ok p=1
Q58:	|........ ........ ........ ........| ok p=1
Q59:	|........ ........ ........ ........| ok p=1
Q60:	|........ ....0... ........ ........| ok p=1
Q61:	|........ ....1... ........ ........| ok p=1
Q62:	|........ ....+... ........ ........| ok p=1
Q63:	|........ ....+... ........ ........| ok p=1
Q64:	|........ ....+... ........ ........|
Best path: totcompl=-27 tottunnel=32, totcond=574, p=0.00155353
Q-3:	|11011101 11100010 01100111 01011000|
Q-2:	|1000011+ 1000-000 -0010111 +-1+--11|
Q-1:	|111000+- 010-+110 -110100+ --0+--10|
Q0:	|0-+1++00 -0-++-++ 10+10110 +111+-00| ok p=0.27832
Q1:	|.-0-1--0 1+01+10- 0.0...+0 +1.1--.-| ok p=0.487305
Q2:	|.++01--. +011.-1- 111...+. 0..1+..0| ok p=1
Q3:	|1++1.-.^ 11..0-.- -0...... 1..011.-| ok p=1
Q4:	|001...0- 1..!.-.0 0...0.1. -..--.^1| ok p=1
Q5:	|01+..1.0 ...^.-.+ 1...00.. +.!--.+1| ok p=1
Q6:	|-01....1 ..^+.+.+ -0..+1.. 1..+..0+| ok p=1
Q7:	|-.0....+ .0-0.+.0 -1..01.. 0^.11.1-| ok p=1
Q8:	|-0.!...- .00+.-.1 -...01.. --10...-| ok p=1
Q9:	|01.....- .+0+01.. .....-.. 010+...1| ok p=1
Q10:	|000.0..0 0-0+1-.. 1.1..-00 111+..10| ok p=1
Q11:	|101.0.^0 11-0+10^ 0.0^1-10 010-101-| ok p=1
Q12:	|--+^-.-- -----11- +.-+0+-+ +++-01-1| ok p=1
Q13:	|1---+.10 1-0++--1 0^+1++0- 11+1-++-| ok p=1
Q14:	|1.+1+.01 0.+0100+ 1-00001+ 11.-1011| ok p=1
Q15:	|.011+^1. .10+1011 10+.0-.- .00-0100| ok p=1
Q16:	|..0.1.+. .0-..0.- .1+..-.1 .1.+.0..| ok p=0.250977
Q17:	|....1.-. .1.^.1.. ..1..000 .-.1.1..| ok p=0.847656
Q18:	|.0....1. .-^..+.^ ..-..11. ...+.-..| ok p=0.919922
Q19:	|10....-. ........ ..-.0.+. .^.+....| ok p=0.982422
Q20:	|0-..0... 0^...^.. ..001... 0..0.^..| ok p=1
Q21:	|-1..1.^. 1....0.. ..11-.^. 1..0....| ok p=0.387695
Q22:	|.0..+... -....1.. ...+.... +.......| ok p=0.685547
Q23:	|^....... .....+.0 ....^... ...0....| ok p=0.729492
Q24:	|....^... ^.0....1 ...^.... ^..1...0| ok p=0.454102
Q25:	|........ .....^.- ........ ...-...1| ok p=0.967773
Q26:	|........ .0+..... ......0. .......-| ok p=1
Q27:	|........ .1+....^ ......1. ...^....| ok p=1
Q28:	|........ .+-..... ......+. .......^| ok p=0.999023
Q29:	|........ ..0..... ......0. ........| ok p=1
Q30:	|........ .^1..... ......-. ........| ok p=1
Q31:	|........ ........ ......-. ........| ok p=1
Q32:	|........ ........ ........ ........| ok p=1
Q33:	|........ ........ ......!. ........| ok p=1
Q34:	|........ ........ ........ ........| ok p=1
Q35:	|........ ........ ........ ........| ok p=1
Q36:	|........ ........ ........ ........| ok p=1
Q37:	|........ ........ ........ ........| ok p=1
Q38:	|........ ........ ........ ........| ok p=1
Q39:	|........ ........ ........ ........| ok p=1
Q40:	|........ ........ ........ ........| ok p=1
Q41:	|........ ........ ........ ........| ok p=1
Q42:	|........ ........ ........ ........| ok p=1
Q43:	|........ ........ ........ ........| ok p=1
Q44:	|........ ........ ........ ........| ok p=1
Q45:	|........ ........ ........ ........| ok p=1
Q46:	|........ ........ ........ ........| ok p=1
Q47:	|........ ........ ........ ........| ok p=1
Q48:	|........ ........ ........ ........| ok p=1
Q49:	|........ ........ ........ ........| ok p=1
Q50:	|........ ........ ........ ........| ok p=1
Q51:	|........ ........ ........ ........| ok p=1
Q52:	|........ ........ ........ ........| ok p=1
Q53:	|........ ........ ........ ........| ok p=1
Q54:	|........ ........ ........ ........| ok p=1
Q55:	|........ ........ ........ ........| ok p=1
Q56:	|........ ........ ........ ........| ok p=1
Q57:	|........ ........ ........ ........| ok p=1
Q58:	|........ ........ ........ ........| ok p=1
Q59:	|........ ........ ........ ........| ok p=1
Q60:	|........ ....0... ........ ........| ok p=1
Q61:	|........ ....1... ........ ........| ok p=1
Q62:	|........ ....+... ........ ........| ok p=1
Q63:	|........ ....+... ........ ........| ok p=1
Q64:	|........ ....+... ........ ........|
Best path: totcompl=-26 tottunnel=33, totcond=574, p=0.00174384
Best paths: 2
Best paths: 4
Q-3:	|11011101 11100010 01100111 01011000|
Q-2:	|1000011+ 1000-000 -0010111 +-1+--11|
Q-1:	|111000+- 010-+110 -110100+ --0+--10|
Q0:	|0-+1++00 -0-++-++ 10+10110 +111+-00| ok p=0.240234
Q1:	|.-0-1--0 1+01+10- 0.0...+0 +1.1--.-| ok p=0.503906
Q2:	|.++01--. +011.-1- 1.1...+. 0..1+..0| ok p=1
Q3:	|1++1.-.^ 11..0-.- -^0..... 1..011.-| ok p=1
Q4:	|001...0- 1..!.-.0 0...0.1. -..--.^1| ok p=1
Q5:	|01+..1.0 ...^.-.+ 1...00.. +.!--.+1| ok p=1
Q6:	|-01....1 ..^+.+.+ -1..+1.. 1..+..0+| ok p=1
Q7:	|-.0....+ .0-0.+.1 -0..00.. 0^.11.1-| ok p=1
Q8:	|-1.!...- .00+.-.1 -...00.. --00...-| ok p=1
Q9:	|10.....- .+0+.1.. ....0-.. 00.+...0| ok p=1
Q10:	|0001..11 1-.+00.0 1111-+.0 010+...0| ok p=1
Q11:	|1011.10- 111-1-.1 .0000-.1 101-.1.-| ok p=1
Q12:	|--+-10+1 ++01++^- ^+++0+^- +++-^0.-| ok p=1
Q13:	|+1-+0++0 +---11-1 --0--1++ 01+-++.+| ok p=1
Q14:	|11+1+1-. .011100+ 01-00001 11.-10.0| ok p=1
Q15:	|1.01+01. 1011++00 00100-1- .00-01.1| ok p=0.469727
Q16:	|..0.1.+. .0-..-.- ..+..-.. .1.+.0..| ok p=0.229492
Q17:	|....1.0. .1..^+.. ..0..00^ .-.1.1..| ok p=0.858398
Q18:	|.0....0. .-^..+.^ ..-..11. ...+.-..| ok p=0.926758
Q19:	|10....-. .....1.. ..-.0.+. .^.+....| ok p=1
Q20:	|0-..0... 0^...0.. ..001... 0..0.^..| ok p=1
Q21:	|-1..1.^. 1....0.. ..11-.^. 1..0....| ok p=0.334961
Q22:	|.0..+... -....1.. ...+.... +.......| ok p=0.691406
Q23:	|^....... .....+.0 ....^... ...0....| ok p=0.733398
Q24:	|....^... ^.0....1 ...^.... ^..1...0| ok p=0.443359
Q25:	|........ .....^.- ........ ...-...1| ok p=0.973633
Q26:	|........ .0+..... ......0. .......-| ok p=1
Q27:	|........ .1+....^ ......1. ...^....| ok p=1
Q28:	|........ .+-..... ......+. .......^| ok p=0.998047
Q29:	|........ ..0..... ......0. ........| ok p=1
Q30:	|........ .^1..... ......-. ........| ok p=1
Q31:	|........ ........ ......-. ........| ok p=1
Q32:	|........ ........ ........ ........| ok p=1
Q33:	|........ ........ ......!. ........| ok p=1
Q34:	|........ ........ ........ ........| ok p=1
Q35:	|........ ........ ........ ........| ok p=1
Q36:	|........ ........ ........ ........| ok p=1
Q37:	|........ ........ ........ ........| ok p=1
Q38:	|........ ........ ........ ........| ok p=1
Q39:	|........ ........ ........ ........| ok p=1
Q40:	|........ ........ ........ ........| ok p=1
Q41:	|........ ........ ........ ........| ok p=1
Q42:	|........ ........ ........ ........| ok p=1
Q43:	|........ ........ ........ ........| ok p=1
Q44:	|........ ........ ........ ........| ok p=1
Q45:	|........ ........ ........ ........| ok p=1
Q46:	|........ ........ ........ ........| ok p=1
Q47:	|........ ........ ........ ........| ok p=1
Q48:	|........ ........ ........ ........| ok p=1
Q49:	|........ ........ ........ ........| ok p=1
Q50:	|........ ........ ........ ........| ok p=1
Q51:	|........ ........ ........ ........| ok p=1
Q52:	|........ ........ ........ ........| ok p=1
Q53:	|........ ........ ........ ........| ok p=1
Q54:	|........ ........ ........ ........| ok p=1
Q55:	|........ ........ ........ ........| ok p=1
Q56:	|........ ........ ........ ........| ok p=1
Q57:	|........ ........ ........ ........| ok p=1
Q58:	|........ ........ ........ ........| ok p=1
Q59:	|........ ........ ........ ........| ok p=1
Q60:	|........ ....0... ........ ........| ok p=1
Q61:	|........ ....1... ........ ........| ok p=1
Q62:	|........ ....+... ........ ........| ok p=1
Q63:	|........ ....+... ........ ........| ok p=1
Q64:	|........ ....+... ........ ........|
Best path: totcompl=-25 tottunnel=34, totcond=574, p=0.000832386
Best paths: 2
Q-3:	|11011101 11100010 01100111 01011000|
Q-2:	|1000011+ 1000-000 -0010111 +-1+--11|
Q-1:	|111000+- 010-+110 -110100+ --0+--10|
Q0:	|0-+1++00 -0-++-++ 10+10110 +111+-00| ok p=0.230469
Q1:	|.-0-1--0 1+01+10- 0.0...+0 +1.1--.-| ok p=0.482422
Q2:	|.++01--. +011.-1- 1.1...+. 0..1+..0| ok p=1
Q3:	|1++1.-.^ 11..0-.- -^0..... 1..011.-| ok p=1
Q4:	|001...0- 1..!.-.0 0...0.1. -..--.^1| ok p=1
Q5:	|01+..1.0 ...^.-.+ 1...00.. +.!--.+1| ok p=1
Q6:	|-01....1 ..^+.+.+ -0..+1.. 1..+..0+| ok p=1
Q7:	|-.0....+ .0-0.+.0 -1..00.. 0^.11.1-| ok p=1
Q8:	|-01....- .00+.-.1 -...00.. --00...-| ok p=1
Q9:	|01.....- .+0+.1.. ....0-.. 00.+...0| ok p=1
Q10:	|0001..11 1-.+00.0 1111-+.. 010+...0| ok p=1
Q11:	|1011.10- 111-1-.1 .0000-.1 101-.1.-| ok p=1
Q12:	|--+-10+1 ++01++^- ^++++-^0 -++-^0.-| ok p=1
Q13:	|+1-+0++0 +---11-1 --0-1--+ 01+-++.+| ok p=1
Q14:	|01+1+1-. .011100+ 10-00101 11.-10.0| ok p=1
Q15:	|1.01+01. 1011++00 0010.-1- .00-01.1| ok p=0.467773
Q16:	|..0.1.+. .0-..-.- ..+..-.. .1.+.0..| ok p=0.240234
Q17:	|....1.0. .1..^+.. ..0..00^ .-.1.1..| ok p=0.865234
Q18:	|.0....0. .-^..+.^ ..-..11. ...+.-..| ok p=0.913086
Q19:	|10....-. .....1.. ..-.0.+. .^.+....| ok p=1
Q20:	|0-..0... 0^...0.. ..001... 0..0.^..| ok p=1
Q21:	|-1..1.^. 1....0.. ..11-.^. 1..0....| ok p=0.335938
Q22:	|.0..+... -....1.. ...+.... +.......| ok p=0.696289
Q23:	|^....... .....+.0 ....^... ...0....| ok p=0.75
Q24:	|....^... ^.0....1 ...^.... ^..1...0| ok p=0.428711
Q25:	|........ .....^.- ........ ...-...1| ok p=0.975586
Q26:	|........ .0+..... ......0. .......-| ok p=1
Q27:	|........ .1+....^ ......1. ...^....| ok p=1
Q28:	|........ .+-..... ......+. .......^| ok p=0.999023
Q29:	|........ ..0..... ......0. ........| ok p=1
Q30:	|........ .^1..... ......-. ........| ok p=1
Q31:	|........ ........ ......-. ........| ok p=1
Q32:	|........ ........ ........ ........| ok p=1
Q33:	|........ ........ ......!. ........| ok p=1
Q34:	|........ ........ ........ ........| ok p=1
Q35:	|........ ........ ........ ........| ok p=1
Q36:	|........ ........ ........ ........| ok p=1
Q37:	|........ ........ ........ ........| ok p=1
Q38:	|........ ........ ........ ........| ok p=1
Q39:	|........ ........ ........ ........| ok p=1
Q40:	|........ ........ ........ ........| ok p=1
Q41:	|........ ........ ........ ........| ok p=1
Q42:	|........ ........ ........ ........| ok p=1
Q43:	|........ ........ ........ ........| ok p=1
Q44:	|........ ........ ........ ........| ok p=1
Q45:	|........ ........ ........ ........| ok p=1
Q46:	|........ ........ ........ ........| ok p=1
Q47:	|........ ........ ........ ........| ok p=1
Q48:	|........ ........ ........ ........| ok p=1
Q49:	|........ ........ ........ ........| ok p=1
Q50:	|........ ........ ........ ........| ok p=1
Q51:	|........ ........ ........ ........| ok p=1
Q52:	|........ ........ ........ ........| ok p=1
Q53:	|........ ........ ........ ........| ok p=1
Q54:	|........ ........ ........ ........| ok p=1
Q55:	|........ ........ ........ ........| ok p=1
Q56:	|........ ........ ........ ........| ok p=1
Q57:	|........ ........ ........ ........| ok p=1
Q58:	|........ ........ ........ ........| ok p=1
Q59:	|........ ........ ........ ........| ok p=1
Q60:	|........ ....0... ........ ........| ok p=1
Q61:	|........ ....1... ........ ........| ok p=1
Q62:	|........ ....+... ........ ........| ok p=1
Q63:	|........ ....+... ........ ........| ok p=1
Q64:	|........ ....+... ........ ........|
Best path: totcompl=-25 tottunnel=34, totcond=572, p=0.000745503
Best paths: 2
Q-3:	|11011101 11100010 01100111 01011000|
Q-2:	|1000011+ 1000-000 -0010111 +-1+--11|
Q-1:	|111000+- 010-+110 -110100+ --0+--10|
Q0:	|0-+1++00 -0-++-++ 10+10110 +111+-00| ok p=0.25293
Q1:	|.-0-1--0 1+01+10- 0.0...+0 +1.1--.-| ok p=0.482422
Q2:	|.++01--. +011.-1- 1.1...+. 0..1+..0| ok p=1
Q3:	|1++1.-.^ 11..0-.- -^0..... 1..011.-| ok p=1
Q4:	|001...0- 1..!.-.0 0...0.1. -..--.^1| ok p=1
Q5:	|01+..1.0 ...^.-.+ 1...00.. +.!--.+1| ok p=1
Q6:	|-01....1 ..^+.+.+ -0..+1.. 1..+..0+| ok p=1
Q7:	|-.0....+ .0-0.+.0 -1..00.. 0^.11.1-| ok p=1
Q8:	|-0.!...- .00+.-.1 -...00.. --00...-| ok p=1
Q9:	|01.....- .+0+.1.. ....0-.. 00.+...0| ok p=1
Q10:	|0.01..11 1-.+00.0 1111-+.. 010+...0| ok p=1
Q11:	|1^11.10- 111-1-.1 .0000-.1 101-.1.-| ok p=1
Q12:	|+-+-10+1 ++01++^- ^++++-^0 -++-^0.-| ok p=1
Q13:	|-1-+0++0 +---11-1 --0-1--+ 01+-++.+| ok p=1
Q14:	|11+1+1-. .011100+ 01-00101 11.-10.0| ok p=1
Q15:	|1.01+01. 1011++00 0010.-1- .00-01.1| ok p=0.47168
Q16:	|..0.1.+. .0-..-.- ..+..-.. .1.+.0..| ok p=0.237305
Q17:	|....1.0. .1..^+.. ..0..00^ .-.1.1..| ok p=0.857422
Q18:	|.0....0. .-^..+.^ ..-..11. ...+.-..| ok p=0.918945
Q19:	|10....-. .....1.. ..-.0.+. .^.+....| ok p=1
Q20:	|0-..0... 0^...0.. ..001... 0..0.^..| ok p=1
Q21:	|-1..1.^. 1....0.. ..11-.^. 1..0....| ok p=0.365234
Q22:	|.0..+... -....1.. ...+.... +.......| ok p=0.708008
Q23:	|^....... .....+.0 ....^... ...0....| ok p=0.758789
Q24:	|....^... ^.0....1 ...^.... ^..1...0| ok p=0.464844
Q25:	|........ .....^.- ........ ...-...1| ok p=0.969727
Q26:	|........ .0+..... ......0. .......-| ok p=1
Q27:	|........ .1+....^ ......1. ...^....| ok p=0.998047
Q28:	|........ .+-..... ......+. .......^| ok p=1
Q29:	|........ ..0..... ......0. ........| ok p=1
Q30:	|........ .^1..... ......-. ........| ok p=1
Q31:	|........ ........ ......-. ........| ok p=0.999023
Q32:	|........ ........ ........ ........| ok p=1
Q33:	|........ ........ ......!. ........| ok p=1
Q34:	|........ ........ ........ ........| ok p=1
Q35:	|........ ........ ........ ........| ok p=1
Q36:	|........ ........ ........ ........| ok p=1
Q37:	|........ ........ ........ ........| ok p=1
Q38:	|........ ........ ........ ........| ok p=1
Q39:	|........ ........ ........ ........| ok p=1
Q40:	|........ ........ ........ ........| ok p=1
Q41:	|........ ........ ........ ........| ok p=1
Q42:	|........ ........ ........ ........| ok p=1
Q43:	|........ ........ ........ ........| ok p=1
Q44:	|........ ........ ........ ........| ok p=1
Q45:	|........ ........ ........ ........| ok p=1
Q46:	|........ ........ ........ ........| ok p=1
Q47:	|........ ........ ........ ........| ok p=1
Q48:	|........ ........ ........ ........| ok p=1
Q49:	|........ ........ ........ ........| ok p=1
Q50:	|........ ........ ........ ........| ok p=1
Q51:	|........ ........ ........ ........| ok p=1
Q52:	|........ ........ ........ ........| ok p=1
Q53:	|........ ........ ........ ........| ok p=1
Q54:	|........ ........ ........ ........| ok p=1
Q55:	|........ ........ ........ ........| ok p=1
Q56:	|........ ........ ........ ........| ok p=1
Q57:	|........ ........ ........ ........| ok p=1
Q58:	|........ ........ ........ ........| ok p=1
Q59:	|........ ........ ........ ........| ok p=1
Q60:	|........ ....0... ........ ........| ok p=1
Q61:	|........ ....1... ........ ........| ok p=0.999023
Q62:	|........ ....+... ........ ........| ok p=1
Q63:	|........ ....+... ........ ........| ok p=1
Q64:	|........ ....+... ........ ........|
Best path: totcompl=-25 tottunnel=34, totcond=571, p=0.000891497
Q-3:	|11011101 11100010 01100111 01011000|
Q-2:	|1000011+ 1000-000 -0010111 +-1+--11|
Q-1:	|111000+- 010-+110 -110100+ --0+--10|
Q0:	|0-+1++00 -0-++-++ 10+10110 +111+-00| ok p=0.270508
Q1:	|.-0-1--0 1+01+10- 0.0...+0 +1.1--.-| ok p=0.493164
Q2:	|.++01--. +011.-1- 111...+. 0..1+..0| ok p=1
Q3:	|1++1.-.^ 11..0-.- -0...... 1..011.-| ok p=1
Q4:	|001...0- 1..!.-.0 0...1.1. -..--.^1| ok p=1
Q5:	|01+..1.0 ...^.-.+ 1...11.. +!.--.+1| ok p=1
Q6:	|-01....1 ..^+.+.+ -0..+0.. 1..+..0+| ok p=1
Q7:	|-.0....+ ..-0.+.0 -1..00.. 0^.11.1-| ok p=1
Q8:	|-.1....- ..0+.-.0 -...01.. --101..-| ok p=1
Q9:	|1^0....1 ..--.1.. ....1-.. 11.+0..0| ok p=1
Q10:	|00.1.010 0100.+00 1.000-.1 11011..+| ok p=1
Q11:	|0100.100 10+0.011 1.11-+11 .01--1.1| ok p=1
Q12:	|--1+1-+1 +-01.1-+ +1++1+0- .-+--0^+| ok p=1
Q13:	|1---0+0+ ++1+.+-1 001--1++ .0+1.-+0| ok p=1
Q14:	|1.+0+110 .1+0.0.+ 0-00000+ .1.-1001| ok p=1
Q15:	|.011+010 000+.011 .0+00-1- .00-.00.| ok p=0.856445
Q16:	|..0.1.+. .0-..0.- .0+..-.1 .1.+.0..| ok p=0.71875
Q17:	|....1.-. .1.^.1.. ..1..000 .-.1.1..| ok p=0.844727
Q18:	|.0....1. .-^..+.^ ..-..11. ...+.-..| ok p=0.922852
Q19:	|10....-. ........ ..-.0.+. .^.+....| ok p=0.984375
Q20:	|0-..0... 0^...^.. ..001... 0..0.^..| ok p=1
Q21:	|-1..1.^. 1....0.. ..11-.^. 1..0....| ok p=0.34082
Q22:	|.0..+... -....1.. ...+.... +.......| ok p=0.683594
Q23:	|^....... .....+.0 ....^... ...0....| ok p=0.74707
Q24:	|....^... ^.0....1 ...^.... ^..1...0| ok p=0.423828
Q25:	|........ .....^.- ........ ...-...1| ok p=0.97168
Q26:	|........ .0+..... ......0. .......-| ok p=1
Q27:	|........ .1+....^ ......1. ...^....| ok p=1
Q28:	|........ .+-..... ......+. .......^| ok p=1
Q29:	|........ ..0..... ......0. ........| ok p=1
Q30:	|........ .^1..... ......-. ........| ok p=1
Q31:	|........ ........ ......-. ........| ok p=1
Q32:	|........ ........ ........ ........| ok p=1
Q33:	|........ ........ ......!. ........| ok p=1
Q34:	|........ ........ ........ ........| ok p=1
Q35:	|........ ........ ........ ........| ok p=1
Q36:	|........ ........ ........ ........| ok p=1
Q37:	|........ ........ ........ ........| ok p=1
Q38:	|........ ........ ........ ........| ok p=1
Q39:	|........ ........ ........ ........| ok p=1
Q40:	|........ ........ ........ ........| ok p=1
Q41:	|........ ........ ........ ........| ok p=1
Q42:	|........ ........ ........ ........| ok p=1
Q43:	|........ ........ ........ ........| ok p=1
Q44:	|........ ........ ........ ........| ok p=1
Q45:	|........ ........ ........ ........| ok p=1
Q46:	|........ ........ ........ ........| ok p=1
Q47:	|........ ........ ........ ........| ok p=1
Q48:	|........ ........ ........ ........| ok p=1
Q49:	|........ ........ ........ ........| ok p=1
Q50:	|........ ........ ........ ........| ok p=1
Q51:	|........ ........ ........ ........| ok p=1
Q52:	|........ ........ ........ ........| ok p=1
Q53:	|........ ........ ........ ........| ok p=1
Q54:	|........ ........ ........ ........| ok p=1
Q55:	|........ ........ ........ ........| ok p=1
Q56:	|........ ........ ........ ........| ok p=1
Q57:	|........ ........ ........ ........| ok p=1
Q58:	|........ ........ ........ ........| ok p=1
Q59:	|........ ........ ........ ........| ok p=1
Q60:	|........ ....0... ........ ........| ok p=1
Q61:	|........ ....1... ........ ........| ok p=1
Q62:	|........ ....+... ........ ........| ok p=1
Q63:	|........ ....+... ........ ........| ok p=1
Q64:	|........ ....+... ........ ........|
Best path: totcompl=-25 tottunnel=34, totcond=569, p=0.00556798
Best paths: 2
Best paths: 4
Q-3:	|11011101 11100010 01100111 01011000|
Q-2:	|1000011+ 1000-000 -0010111 +-1+--11|
Q-1:	|111000+- 010-+110 -110100+ --0+--10|
Q0:	|0-+1++00 -0-++-++ 10+10110 +111+-00| ok p=0.226562
Q1:	|.-0-1--0 1+01+10- 0.0...+0 +1.1--.-| ok p=0.493164
Q2:	|.++01--. +011.-1- 111...+. 0..1+..0| ok p=1
Q3:	|1++1.-.^ 11..0-.- -0...... 1..011.-| ok p=1
Q4:	|001...0- 1..!.-.0 0...1.1. -..--.^1| ok p=1
Q5:	|01+..1.0 ...^.-.+ 1...11.. +.!--.+1| ok p=1
Q6:	|-01....1 ..^+.+.+ -1..+0.. 1..+..0+| ok p=1
Q7:	|-.0....+ ..-0.+.1 -0..00.. 0^.11.1-| ok p=1
Q8:	|-01....- ..0+.-.0 -...01.. --101..-| ok p=1
Q9:	|01.....1 ..--.1.. ....1-.. 11.+0..0| ok p=1
Q10:	|00.1.010 0100.+00 1.000-.1 11011..+| ok p=1
Q11:	|0100.100 10+0.011 1.11-+11 .01--1.1| ok p=1
Q12:	|--1+0-+1 +-01.1-+ +1++1+0- .-+--0^+| ok p=1
Q13:	|1---0+0+ ++1+.+-1 001--1++ .0+1.-+0| ok p=1
Q14:	|1.+0+010 .1+0.0.+ 0-00000+ .1.-1001| ok p=1
Q15:	|.011+010 000+.011 .0+00-1- .00-.00.| ok p=0.87793
Q16:	|..0.1.+. .0-..0.- .0+..-.1 .1.+.0..| ok p=0.708008
Q17:	|....1.-. .1.^.1.. ..1..000 .-.1.1..| ok p=0.859375
Q18:	|.0....1. .-^..+.^ ..-..11. ...+.-..| ok p=0.917969
Q19:	|10....-. ........ ..-.0.+. .^.+....| ok p=0.985352
Q20:	|0-..0... 0^...^.. ..001... 0..0.^..| ok p=1
Q21:	|-1..1.^. 1....0.. ..11-.^. 1..0....| ok p=0.337891
Q22:	|.0..+... -....1.. ...+.... +.......| ok p=0.672852
Q23:	|^....... .....+.0 ....^... ...0....| ok p=0.762695
Q24:	|....^... ^.0....1 ...^.... ^..1...0| ok p=0.410156
Q25:	|........ .....^.- ........ ...-...1| ok p=0.974609
Q26:	|........ .0+..... ......0. .......-| ok p=1
Q27:	|........ .1+....^ ......1. ...^....| ok p=0.999023
Q28:	|........ .+-..... ......+. .......^| ok p=1
Q29:	|........ ..0..... ......0. ........| ok p=1
Q30:	|........ .^1..... ......-. ........| ok p=1
Q31:	|........ ........ ......-. ........| ok p=1
Q32:	|........ ........ ........ ........| ok p=1
Q33:	|........ ........ ......!. ........| ok p=1
Q34:	|........ ........ ........ ........| ok p=1
Q35:	|........ ........ ........ ........| ok p=1
Q36:	|........ ........ ........ ........| ok p=1
Q37:	|........ ........ ........ ........| ok p=1
Q38:	|........ ........ ........ ........| ok p=1
Q39:	|........ ........ ........ ........| ok p=1
Q40:	|........ ........ ........ ........| ok p=1
Q41:	|........ ........ ........ ........| ok p=1
Q42:	|........ ........ ........ ........| ok p=1
Q43:	|........ ........ ........ ........| ok p=1
Q44:	|........ ........ ........ ........| ok p=1
Q45:	|........ ........ ........ ........| ok p=1
Q46:	|........ ........ ........ ........| ok p=1
Q47:	|........ ........ ........ ........| ok p=1
Q48:	|........ ........ ........ ........| ok p=1
Q49:	|........ ........ ........ ........| ok p=1
Q50:	|........ ........ ........ ........| ok p=1
Q51:	|........ ........ ........ ........| ok p=1
Q52:	|........ ........ ........ ........| ok p=1
Q53:	|........ ........ ........ ........| ok p=1
Q54:	|........ ........ ........ ........| ok p=1
Q55:	|........ ........ ........ ........| ok p=1
Q56:	|........ ........ ........ ........| ok p=1
Q57:	|........ ........ ........ ........| ok p=1
Q58:	|........ ........ ........ ........| ok p=1
Q59:	|........ ........ ........ ........| ok p=1
Q60:	|........ ....0... ........ ........| ok p=1
Q61:	|........ ....1... ........ ........| ok p=1
Q62:	|........ ....+... ........ ........| ok p=1
Q63:	|........ ....+... ........ ........| ok p=1
Q64:	|........ ....+... ........ ........|
Best path: totcompl=-24 tottunnel=35, totcond=569, p=0.00561732
Best paths: 2
