Extend MD5 differential paths forward
Copyright (C) 2009 Marc Stevens
http://homepages.cwi.nl/~stevens/

delta_m[11] = [!9!]
Loading workdir2/lowerpath.bin.gz...done: 1.
Estimating maxcond for upper bound 8000000 (=2000000 * 4)...
t=1:  0%   10   20   30   40   50   60   70   80   90   100%
      |----|----|----|----|----|----|----|----|----|----|
e     ***************************************************
Found maxcond = 2176
t=1:  0%   10   20   30   40   50   60   70   80   90   100%
      |----|----|----|----|----|----|----|----|----|----|
      ***************************************************
Q-3:	|11011101 11100010 01100111 01011000|
Q-2:	|1000011+ 1000-000 -0010111 +-1+--11|
Q-1:	|111000+- 010-+110 -110100+ --0+--10|
Q0:	|0-+1++00 -0-++-++ 10+10110 +111+-00| ok p=0.257812
Q1:	|.--.+0+1 0+01.+++ 1.0...+1 +1.1--.-| ok p=0.701172
Q2:	|+..-..+. +..-.-.- .....+.+ ........|
Saving 964096 paths...done.
Autobalance parameters: maxcond=2176
Verified: 101888 bad out of 1065984
Estimating maxcond for upper bound 8000000 (=2000000 * 4)...
t=2:  0%   10   20   30   40   50   60   70   80   90   100%
      |----|----|----|----|----|----|----|----|----|----|
e     **************************************************Found maxcond = 170
t=2:  0%   10   20   30   40   50   60   70   80   90   100%
      |----|----|----|----|----|----|----|----|----|----|
      **************************************************Q-3:	|11011101 11100010 01100111 01011000|
Q-2:	|1000011+ 1000-000 -0010111 +-1+--11|
Q-1:	|111000+- 010-+110 -110100+ --0+--10|
Q0:	|0-+1++00 -0-++-++ 10+10110 +111+-00| ok p=0.53125
Q1:	|.-0-1--0 1+01+0-+ 1.1...+1 +1.0--.-| ok p=0.943359
Q2:	|..-0--0. 1+++.-0. ..1...+. ....+..0| ok p=0.854492
Q3:	|..-.-.-. ...-.-.. .-...+.. +..-.-.+|
Saving 2000000 paths...done.
Autobalance parameters: maxcond=169
Verified: 252288 bad out of 2351299
Estimating maxcond for upper bound 8000000 (=2000000 * 4)...
t=3:  0%   10   20   30   40   50   60   70   80   90   100%
      |----|----|----|----|----|----|----|----|----|----|
e     ***************************************************
Found maxcond = 186
t=3:  0%   10   20   30   40   50   60   70   80   90   100%
      |----|----|----|----|----|----|----|----|----|----|
      ***************************************************
Q-3:	|11011101 11100010 01100111 01011000|
Q-2:	|1000011+ 1000-000 -0010111 +-1+--11|
Q-1:	|111000+- 010-+110 -110100+ --0+--10|
Q0:	|0-+1++00 -0-++-++ 10+10110 +111+-00| ok p=0.251953
Q1:	|.-0-1-1- --01+01- 0.0...+0 +1.1--.-| ok p=0.978516
Q2:	|.-101-.- -1110-1- 0.0...+. 0...0..1| ok p=0.501953
Q3:	|...1.-.. .1..+0.. +....... +...11.-| ok p=0.416992
Q4:	|+.+..-.+ .-.-..+. ......-. ....+...|
Saving 2000000 paths...done.
Autobalance parameters: maxcond=185
Verified: 1841 bad out of 3111076
Estimating maxcond for upper bound 8000000 (=2000000 * 4)...
t=4:  0%   10   20   30   40   50   60   70   80   90   100%
      |----|----|----|----|----|----|----|----|----|----|
e     ***************************************************
Found maxcond = 200
t=4:  0%   10   20   30   40   50   60   70   80   90   100%
      |----|----|----|----|----|----|----|----|----|----|
      ***************************************************
Q-3:	|11011101 11100010 01100111 01011000|
Q-2:	|1000011+ 1000-000 -0010111 +-1+--11|
Q-1:	|111000+- 010-+110 -110100+ --0+--10|
Q0:	|0-+1++00 -0-++-++ 10+10110 +111+-00| ok p=0.251953
Q1:	|.--.+0+1 1+10+01- 1.0..+.- -1.1--.-| ok p=0.664062
Q2:	|.-0..0+. +0+1.-0- .V0..+.+ 1...--.0| ok p=0.547852
Q3:	|..0.0.+. 01+.0-.- ..-..+.- 0...-..-| ok p=0.580078
Q4:	|.1...... 1....... .+0....+ +....1.0| ok p=0.546875
Q5:	|.+.-...+ .....+.- .+..-..- ..-.-.-.|
Saving 2000000 paths...done.
Autobalance parameters: maxcond=199
Verified: 28902 bad out of 2530334
Estimating maxcond for upper bound 8000000 (=2000000 * 4)...
t=5:  0%   10   20   30   40   50   60   70   80   90   100%
      |----|----|----|----|----|----|----|----|----|----|
e     ***************************************************
Found maxcond = 215
t=5:  0%   10   20   30   40   50   60   70   80   90   100%
      |----|----|----|----|----|----|----|----|----|----|
      ***************************************************
Q-3:	|11011101 11100010 01100111 01011000|
Q-2:	|1000011+ 1000-000 -0010111 +-1+--11|
Q-1:	|111000+- 010-+110 -110100+ --0+--10|
Q0:	|0-+1++00 -0-++-++ 10+10110 +111+-00| ok p=0.226562
Q1:	|.-0-1--0 1+01+10- 0.1...+0 +1.1--.-| ok p=0.470703
Q2:	|.++01-1. +011.-1- 0.1...+. 1...+..0| ok p=0.368164
Q3:	|.++1..-V 11..0-.- -....V.. 0...10V-| ok p=0.914062
Q4:	|.0+..00. 1....-.0 0.....0. -...+..1| ok p=0.851562
Q5:	|.+....1+ .......- -....-.. +...+.++| ok p=0.251953
Q6:	|.-.-...+ ..+....- .....+.. .+.+..+.|
Saving 2000000 paths...done.
Autobalance parameters: maxcond=214
Verified: 31928 bad out of 2199121
Estimating maxcond for upper bound 8000000 (=2000000 * 4)...
t=6:  0%   10   20   30   40   50   60   70   80   90   100%
      |----|----|----|----|----|----|----|----|----|----|
e     ***************************************************
Found maxcond = 230
t=6:  0%   10   20   30   40   50   60   70   80   90   100%
      |----|----|----|----|----|----|----|----|----|----|
      ***************************************************
Q-3:	|11011101 11100010 01100111 01011000|
Q-2:	|1000011+ 1000-000 -0010111 +-1+--11|
Q-1:	|111000+- 010-+110 -110100+ --0+--10|
Q0:	|0-+1++00 -0-++-++ 10+10110 +111+-00| ok p=0.25293
Q1:	|.-0-1-1- --01+10- 1.0...+0 +1.1--.-| ok p=0.495117
Q2:	|.++01+.- -1111-1- 1.1...+. 0...0..1| ok p=0.942383
Q3:	|.++0.+.0 .1..+0.1 +....V1. +...-0.-| ok p=0.664062
Q4:	|..1..+.1 0-..+0.- 0.....0. 1...0..0| ok p=0.833984
Q5:	|.1-..+.+ .-..+..+ +....--. -...+..-| ok p=0.666992
Q6:	|..0..+.+ ....+..+ 0....00. 0...0..-| ok p=0.576172
Q7:	|....+.-. ....-.-. .-.+.... -.+.....|
Saving 2000000 paths...done.
Autobalance parameters: maxcond=229
Verified: 12206 bad out of 2285659
Estimating maxcond for upper bound 8000000 (=2000000 * 4)...
t=7:  0%   10   20   30   40   50   60   70   80   90   100%
      |----|----|----|----|----|----|----|----|----|----|
e     ***************************************************
Found maxcond = 245
t=7:  0%   10   20   30   40   50   60   70   80   90   100%
      |----|----|----|----|----|----|----|----|----|----|
      ***************************************************
Q-3:	|11011101 11100010 01100111 01011000|
Q-2:	|1000011+ 1000-000 -0010111 +-1+--11|
Q-1:	|111000+- 010-+110 -110100+ --0+--10|
Q0:	|0-+1++00 -0-++-++ 10+10110 +111+-00| ok p=0.240234
Q1:	|.-0-1-1- --01+10- 1.0...+0 +1.1--.-| ok p=0.435547
Q2:	|.++01+.- -1111-1- 1.1...+. 1...0..1| ok p=0.925781
Q3:	|.++0.+.0 .1..+0.1 +...0.1. +...-0.-| ok p=0.701172
Q4:	|..+..+.1 0-..+0.- 0...1.0. 1...0..0| ok p=0.857422
Q5:	|.01..+.+ .-..+V.+ +...-.+. -.V.+..-| ok p=0.459961
Q6:	|..+..+.0 .+..+..+ 0...-.-. 1...1..-| ok p=0.529297
Q7:	|..+..+.1 .+...+.. 1...+.-. -.+.1...| ok p=0.735352
Q8:	|.....+.. ...+..-. ....-.+. -.+...-.|
Saving 2000000 paths...done.
Autobalance parameters: maxcond=244
Verified: 139757 bad out of 2778055
Estimating maxcond for upper bound 8000000 (=2000000 * 4)...
t=8:  0%   10   20   30   40   50   60   70   80   90   100%
      |----|----|----|----|----|----|----|----|----|----|
e     ***************************************************
Found maxcond = 257
t=8:  0%   10   20   30   40   50   60   70   80   90   100%
      |----|----|----|----|----|----|----|----|----|----|
      ***************************************************
Q-3:	|11011101 11100010 01100111 01011000|
Q-2:	|1000011+ 1000-000 -0010111 +-1+--11|
Q-1:	|111000+- 010-+110 -110100+ --0+--10|
Q0:	|0-+1++00 -0-++-++ 10+10110 +111+-00| ok p=0.243164
Q1:	|.-0-1--0 1+01+10- 0.0...+0 +1.1--.-| ok p=0.46875
Q2:	|.++01--V +0110-1- 0.1...+. 0...+..0| ok p=0.345703
Q3:	|.++0.-.. 11..0-.- -....V.. 1...11V-| ok p=0.645508
Q4:	|..1...0- 1..0-..0 0....01. -..0+..1| ok p=0.892578
Q5:	|.1+..0.0 ...1-0.+ 1....-.. +..1+.+1| ok p=0.439453
Q6:	|..1....1 ...+...+ +....+.. 0V.-0.0+| ok p=0.53125
Q7:	|..1....- ...10... +....-.. 0..-+.1+| ok p=0.974609
Q8:	|.......+ ...1...1 .....-.. .+..-..+| ok p=0.529297
Q9:	|+.....-. .-....-. .+..-.+. .-..+...|
Saving 2000000 paths...done.
Autobalance parameters: maxcond=256
Verified: 9018 bad out of 2689600
Estimating maxcond for upper bound 8000000 (=2000000 * 4)...
t=9:  0%   10   20   30   40   50   60   70   80   90   100%
      |----|----|----|----|----|----|----|----|----|----|
e     ***************************************************
Found maxcond = 269
t=9:  0%   10   20   30   40   50   60   70   80   90   100%
      |----|----|----|----|----|----|----|----|----|----|
      ***************************************************
Q-3:	|11011101 11100010 01100111 01011000|
Q-2:	|1000011+ 1000-000 -0010111 +-1+--11|
Q-1:	|111000+- 010-+110 -110100+ --0+--10|
Q0:	|0-+1++00 -0-++-++ 10+10110 +111+-00| ok p=0.260742
Q1:	|.-0-1--0 1+01+10- 0.0...+0 +1.1--.-| ok p=0.486328
Q2:	|.++01--V +0110-1- 0.1...+. 0...+..0| ok p=0.306641
Q3:	|.++0.-.. 11..0-.- -....V.. 1...11V-| ok p=0.652344
Q4:	|..1...0- 1..0-..0 0....01. -..0+..1| ok p=0.892578
Q5:	|.1+..0.0 ...1-0.+ 1....-.. +..1+.+1| ok p=0.445312
Q6:	|..1....1 ...+...+ +....+.. 1V.-0.0+| ok p=0.988281
Q7:	|..1...V+ ...10..+ -V...-V. 0..1-.1+| ok p=1
Q8:	|.......+ ...1...+ -....-.. .+.++..+| ok p=0.754883
Q9:	|......-. .......- .-....+. .0.--..+| ok p=0.854492
Q10:	|..+...-. .......- ..-...+. ....-.+.|
Saving 2000000 paths...done.
Autobalance parameters: maxcond=268
Verified: 6523 bad out of 2775787
Estimating maxcond for upper bound 8000000 (=2000000 * 4)...
t=10: 0%   10   20   30   40   50   60   70   80   90   100%
      |----|----|----|----|----|----|----|----|----|----|
e     ***************************************************
Found maxcond = 283
t=10: 0%   10   20   30   40   50   60   70   80   90   100%
      |----|----|----|----|----|----|----|----|----|----|
      ***************************************************
Q-3:	|11011101 11100010 01100111 01011000|
Q-2:	|1000011+ 1000-000 -0010111 +-1+--11|
Q-1:	|111000+- 010-+110 -110100+ --0+--10|
Q0:	|0-+1++00 -0-++-++ 10+10110 +111+-00| ok p=0.25293
Q1:	|.-0-1--0 1+01+10- 0.0...+0 +1.1--.-| ok p=0.463867
Q2:	|.++01--1 +0110-1- 0.1...+. 0...+..0| ok p=0.345703
Q3:	|.++0.-.0 11..0-.- -....V.. 1...11.-| ok p=0.555664
Q4:	|..0...1- 0..0-..0 0....01. -..0+1.1| ok p=0.875977
Q5:	|.1-..0.0 ...1-1.+ 1....-.. +..1++.1| ok p=0.457031
Q6:	|..1....1 ...+...+ +....+.. 11.-1+.-| ok p=0.769531
Q7:	|..1..0.+ ...10.0. 1.V..-.. 00.1-+.-| ok p=1
Q8:	|.....1.0 ...0..10 1....-.. .+.+++.-| ok p=0.976562
Q9:	|.....+.+ ......-. ..+..... .-.+1-.-| ok p=0.955078
Q10:	|.....-.+ ......-. ..0..1.. .0..++..| ok p=0.949219
Q11:	|....-.-. -.+...+. ...+.-.. ...+.-..|
Saving 2000000 paths...done.
Autobalance parameters: maxcond=281
Verified: 9774 bad out of 3660944
Runtime: 130.138
Extend MD5 differential paths forward
Copyright (C) 2009 Marc Stevens
http://homepages.cwi.nl/~stevens/

delta_m[11] = [!9!]
Loading workdir2/paths10_0of1...done: 2000000 (work:2000000).
Estimating maxcond for upper bound 2000000 (=500000 * 4)...
t=11: 0%   10   20   30   40   50   60   70   80   90   100%
      |----|----|----|----|----|----|----|----|----|----|
e     ***************************************************
Found maxcond = 292
t=11: 0%   10   20   30   40   50   60   70   80   90   100%
      |----|----|----|----|----|----|----|----|----|----|
      ***************************************************
Q-3:	|11011101 11100010 01100111 01011000|
Q-2:	|1000011+ 1000-000 -0010111 +-1+--11|
Q-1:	|111000+- 010-+110 -110100+ --0+--10|
Q0:	|0-+1++00 -0-++-++ 10+10110 +111+-00| ok p=0.229492
Q1:	|.-0-1--0 1+01+10- 0.0...+0 +1.1--.-| ok p=0.488281
Q2:	|.++01--V +011.-1- 1.1...+. 0..1+..0| ok p=0.602539
Q3:	|.++1.-.. 11..0-.- -....... 1..011V-| ok p=0.53418
Q4:	|V.1...0- 1..V.-.0 0...V.1. -..--..1| ok p=0.674805
Q5:	|01+..1.0 ..V..-.+ 1....... +..--.+1| ok p=0.416992
Q6:	|-.1....1 ...+.+.+ -...+... 1V.+..0+| ok p=0.510742
Q7:	|-.0....+ ..-0.+.. -...00.. 0..11.1-| ok p=0.980469
Q8:	|-......- ..0+.-.0 -...01.. --.0...-| ok p=0.370117
Q9:	|.......1 ..--.1.. .....-.. 00.+...0| ok p=1
Q10:	|0......0 ..0+.0.. 1....-.. 11.0...+| ok p=0.99707
Q11:	|........ ..1+.-.. .....-.. .-.1...0| ok p=0.385742
Q12:	|.+...... ...-.-.. .-...... -.+....-|
Saving 500000 paths...done.
Autobalance parameters: maxcond=291
Verified: 530 bad out of 655522
Runtime: 15.1414
