MD5 differential path toolbox
Copyright (C) 2009 Marc Stevens
http://homepages.cwi.nl/~stevens/

IHV1   = {3722602328,1352963700,3780569294,2257098607}
IHV1   = 5867e2dd7496a450cee856e16f978886

IHV2   = {3722602328,1008449272,3796789522,2273318835}
IHV2   = 5867e2ddf8b61b3c12694ee2b3178087

dIHV   = {0,3950452868,16220228,16220228}
NC0: delta c = delta d = [!-2!]
NC0: delta b           = [!-2,-23,-25!]
NC1: delta c = delta d = [!-6!]
NC1: delta b           = [!-6,-27,29!]
NC2: delta c = delta d = [!15!]
NC2: delta b           = [!-6,15!]
NC3: delta c = delta d = [!19!]
NC3: delta b           = [!19!]
NC4: delta c = delta d = [!-24!]
NC4: delta b           = [!-13,15,-24!]
NC0: prob=-8.43686
NC1: prob=-6.46401
NC2: prob=-7.63617
NC3: prob=-3.49521
NC4: prob=-6.19111
delta m_11 = [!9!]
Q-3:	|11011101 11100010 01100111 01011000|
Q-2:	|1000011+ 1000-000 -0010111 +-1+--11|
Q-1:	|111000+- 010-+110 -110100+ --0+--10|
Q0:	|0-+1++00 -0-++-++ 10+10110 +111+-00| ok p=0.709961
Q1:	|+.+.+.+. .+..+..- ......+. +..-.+.-|
Saved lower diff. path to 'workdir2/lowerpath.bin.gz'.

Q32:	|........ ........ ........ ........|
Q33:	|........ ........ ........ ........|
Q34:	|........ ........ ........ ........|
Q35:	|........ ........ ........ ........| ok p=1
Q36:	|........ ........ ........ ........| ok p=1
Q37:	|........ ........ ........ ........| ok p=1
Q38:	|........ ........ ........ ........| ok p=1
Q39:	|........ ........ ........ ........| ok p=1
Q40:	|........ ........ ........ ........| ok p=1
Q41:	|........ ........ ........ ........| ok p=1
Q42:	|........ ........ ........ ........| ok p=1
Q43:	|........ ........ ........ ........| ok p=1
Q44:	|........ ........ ........ ........| ok p=1
Q45:	|........ ........ ........ ........| ok p=1
Q46:	|........ ........ ........ ........| ok p=1
Q47:	|........ ........ ........ ........| ok p=1
Q48:	|........ ........ ........ ........| ok p=1
Q49:	|........ ........ ........ ........| ok p=1
Q50:	|........ ........ ........ ........| ok p=1
Q51:	|........ ........ ........ ........| ok p=1
Q52:	|........ ........ ........ ........| ok p=1
Q53:	|........ ........ ........ ........| ok p=1
Q54:	|........ ........ ........ ........| ok p=1
Q55:	|........ ........ ........ ........| ok p=1
Q56:	|........ ........ ........ ........| ok p=1
Q57:	|........ ........ ........ ........| ok p=1
Q58:	|........ ........ ........ ........| ok p=1
Q59:	|........ ........ ........ ........| ok p=1
Q60:	|........ ....0... ........ ........| ok p=1
Q61:	|........ ....1... ........ ........| ok p=1
Q62:	|........ ....+... ........ ........| ok p=1
Q63:	|........ ....+... ........ ........| ok p=1
Q64:	|........ ....+... ........ ........|
Saved upper diff. path to 'workdir2/upperpath.bin.gz'.
Saved 'md5diffpathforward.cfg'.
Saved 'md5diffpathbackward.cfg'.
Saved 'md5diffpathconnect.cfg'.
Saved 'md5diffpathhelper.cfg'.
