Extend MD5 differential paths backward
Copyright (C) 2009 Marc Stevens
http://homepages.cwi.nl/~stevens/

delta_m[11] = [!18!]
Loading workdir1/upperpath.bin.gz...done: 1.
Estimating maxcond for upper bound 262144 (=65536 * 4)...
t=34: 0%   10   20   30   40   50   60   70   80   90   100%
      |----|----|----|----|----|----|----|----|----|----|
e     ***************************************************
Found maxcond = 2176
t=34: 0%   10   20   30   40   50   60   70   80   90   100%
      |----|----|----|----|----|----|----|----|----|----|
      ***************************************************
Q31:	|........ .....-.. ........ ........|
Q32:	|........ ........ ........ ........|
Q33:	|........ ........ ........ ........|
Q34:	|........ ........ ........ ........| ok p=1
Q35:	|........ ........ ........ ........| ok p=1
Q36:	|........ ........ ........ ........| ok p=1
Q37:	|........ ........ ........ ........| ok p=1
Q38:	|........ ........ ........ ........| ok p=1
Q39:	|........ ........ ........ ........| ok p=1
Q40:	|........ ........ ........ ........| ok p=1
Q41:	|........ ........ ........ ........| ok p=1
Q42:	|........ ........ ........ ........| ok p=1
Q43:	|........ ........ ........ ........| ok p=1
Q44:	|........ ........ ........ ........| ok p=1
Q45:	|........ ........ ........ ........| ok p=1
Q46:	|........ ........ ........ ........| ok p=1
Q47:	|........ ........ ........ ........| ok p=1
Q48:	|........ ........ ........ ........| ok p=1
Q49:	|........ ........ ........ ........| ok p=1
Q50:	|........ ........ ........ ........| ok p=1
Q51:	|........ ........ ........ ........| ok p=1
Q52:	|........ ........ ........ ........| ok p=1
Q53:	|........ ........ ........ ........| ok p=1
Q54:	|........ ........ ........ ........| ok p=1
Q55:	|........ ........ ........ ........| ok p=1
Q56:	|........ ........ ........ ........| ok p=1
Q57:	|........ ........ ........ ........| ok p=1
Q58:	|........ ........ ........ ........| ok p=1
Q59:	|........ ........ ........ ........| ok p=1
Q60:	|...0.... ........ ........ ........| ok p=1
Q61:	|...0.... ........ ........ ........| ok p=0.939453
Q62:	|...+.... ........ ........ ........| ok p=1
Q63:	|...+.... ........ ........ ........| ok p=0.938477
Q64:	|...+.... ......-. ........ ........|
Saving 1 paths...done.
Autobalance parameters: maxcond=2176
Verified: 0 bad out of 1
Estimating maxcond for upper bound 262144 (=65536 * 4)...
t=33: 0%   10   20   30   40   50   60   70   80   90   100%
      |----|----|----|----|----|----|----|----|----|----|
e     ***************************************************
Found maxcond = 2176
t=33: 0%   10   20   30   40   50   60   70   80   90   100%
      |----|----|----|----|----|----|----|----|----|----|
      ***************************************************
Q30:	|........ .....-.. ........ ........|
Q31:	|........ .....-.. ........ ........|
Q32:	|........ ........ ........ ........|
Q33:	|........ .....!.. ........ ........| ok p=1
Q34:	|........ ........ ........ ........| ok p=1
Q35:	|........ ........ ........ ........| ok p=1
Q36:	|........ ........ ........ ........| ok p=1
Q37:	|........ ........ ........ ........| ok p=1
Q38:	|........ ........ ........ ........| ok p=1
Q39:	|........ ........ ........ ........| ok p=1
Q40:	|........ ........ ........ ........| ok p=1
Q41:	|........ ........ ........ ........| ok p=1
Q42:	|........ ........ ........ ........| ok p=1
Q43:	|........ ........ ........ ........| ok p=1
Q44:	|........ ........ ........ ........| ok p=1
Q45:	|........ ........ ........ ........| ok p=1
Q46:	|........ ........ ........ ........| ok p=1
Q47:	|........ ........ ........ ........| ok p=1
Q48:	|........ ........ ........ ........| ok p=1
Q49:	|........ ........ ........ ........| ok p=1
Q50:	|........ ........ ........ ........| ok p=1
Q51:	|........ ........ ........ ........| ok p=1
Q52:	|........ ........ ........ ........| ok p=1
Q53:	|........ ........ ........ ........| ok p=1
Q54:	|........ ........ ........ ........| ok p=1
Q55:	|........ ........ ........ ........| ok p=1
Q56:	|........ ........ ........ ........| ok p=1
Q57:	|........ ........ ........ ........| ok p=1
Q58:	|........ ........ ........ ........| ok p=1
Q59:	|........ ........ ........ ........| ok p=1
Q60:	|...0.... ........ ........ ........| ok p=1
Q61:	|...0.... ........ ........ ........| ok p=0.923828
Q62:	|...+.... ........ ........ ........| ok p=1
Q63:	|...+.... ........ ........ ........| ok p=0.925781
Q64:	|...+.... ......-. ........ ........|
Saving 49150 paths...done.
Autobalance parameters: maxcond=2176
Verified: 0 bad out of 49150
Estimating maxcond for upper bound 262144 (=65536 * 4)...
t=32: 0%   10   20   30   40   50   60   70   80   90   100%
      |----|----|----|----|----|----|----|----|----|----|
e     ***************************************************
Found maxcond = 25
t=32: 0%   10   20   30   40   50   60   70   80   90   100%
      |----|----|----|----|----|----|----|----|----|----|
      ***************************************************
Q29:	|........ ........ ........ ........|
Q30:	|........ .....-.. ........ ........|
Q31:	|........ .....-.. ........ ........|
Q32:	|........ ........ ........ ........| ok p=1
Q33:	|........ .....!.. ........ ........| ok p=1
Q34:	|........ ........ ........ ........| ok p=1
Q35:	|........ ........ ........ ........| ok p=1
Q36:	|........ ........ ........ ........| ok p=1
Q37:	|........ ........ ........ ........| ok p=1
Q38:	|........ ........ ........ ........| ok p=1
Q39:	|........ ........ ........ ........| ok p=1
Q40:	|........ ........ ........ ........| ok p=1
Q41:	|........ ........ ........ ........| ok p=1
Q42:	|........ ........ ........ ........| ok p=1
Q43:	|........ ........ ........ ........| ok p=1
Q44:	|........ ........ ........ ........| ok p=1
Q45:	|........ ........ ........ ........| ok p=1
Q46:	|........ ........ ........ ........| ok p=1
Q47:	|........ ........ ........ ........| ok p=1
Q48:	|........ ........ ........ ........| ok p=1
Q49:	|........ ........ ........ ........| ok p=1
Q50:	|........ ........ ........ ........| ok p=1
Q51:	|........ ........ ........ ........| ok p=1
Q52:	|........ ........ ........ ........| ok p=1
Q53:	|........ ........ ........ ........| ok p=1
Q54:	|........ ........ ........ ........| ok p=1
Q55:	|........ ........ ........ ........| ok p=1
Q56:	|........ ........ ........ ........| ok p=1
Q57:	|........ ........ ........ ........| ok p=1
Q58:	|........ ........ ........ ........| ok p=1
Q59:	|........ ........ ........ ........| ok p=1
Q60:	|...0.... ........ ........ ........| ok p=1
Q61:	|...0.... ........ ........ ........| ok p=0.929688
Q62:	|...+.... ........ ........ ........| ok p=1
Q63:	|...+.... ........ ........ ........| ok p=0.93457
Q64:	|...+.... ......-. ........ ........|
Saving 65536 paths...done.
Autobalance parameters: maxcond=22
Verified: 0 bad out of 121785
Estimating maxcond for upper bound 262144 (=65536 * 4)...
t=31: 0%   10   20   30   40   50   60   70   80   90   100%
      |----|----|----|----|----|----|----|----|----|----|
e     ***************************************************
Found maxcond = 22
t=31: 0%   10   20   30   40   50   60   70   80   90   100%
      |----|----|----|----|----|----|----|----|----|----|
      ***************************************************
Q28:	|.+...... .....+.. ........ ........|
Q29:	|........ ........ ........ ........|
Q30:	|........ .....-.. ........ ........|
Q31:	|........ .....-.. ........ ........| ok p=0.733398
Q32:	|........ ........ ........ ........| ok p=1
Q33:	|........ .....!.. ........ ........| ok p=1
Q34:	|........ ........ ........ ........| ok p=1
Q35:	|........ ........ ........ ........| ok p=1
Q36:	|........ ........ ........ ........| ok p=1
Q37:	|........ ........ ........ ........| ok p=1
Q38:	|........ ........ ........ ........| ok p=1
Q39:	|........ ........ ........ ........| ok p=1
Q40:	|........ ........ ........ ........| ok p=1
Q41:	|........ ........ ........ ........| ok p=1
Q42:	|........ ........ ........ ........| ok p=1
Q43:	|........ ........ ........ ........| ok p=1
Q44:	|........ ........ ........ ........| ok p=1
Q45:	|........ ........ ........ ........| ok p=1
Q46:	|........ ........ ........ ........| ok p=1
Q47:	|........ ........ ........ ........| ok p=1
Q48:	|........ ........ ........ ........| ok p=1
Q49:	|........ ........ ........ ........| ok p=1
Q50:	|........ ........ ........ ........| ok p=1
Q51:	|........ ........ ........ ........| ok p=1
Q52:	|........ ........ ........ ........| ok p=1
Q53:	|........ ........ ........ ........| ok p=1
Q54:	|........ ........ ........ ........| ok p=1
Q55:	|........ ........ ........ ........| ok p=1
Q56:	|........ ........ ........ ........| ok p=1
Q57:	|........ ........ ........ ........| ok p=1
Q58:	|........ ........ ........ ........| ok p=1
Q59:	|........ ........ ........ ........| ok p=1
Q60:	|...0.... ........ ........ ........| ok p=1
Q61:	|...0.... ........ ........ ........| ok p=0.948242
Q62:	|...+.... ........ ........ ........| ok p=1
Q63:	|...+.... ........ ........ ........| ok p=0.928711
Q64:	|...+.... ......-. ........ ........|
Saving 65536 paths...done.
Autobalance parameters: maxcond=20
Verified: 0 bad out of 115184
Estimating maxcond for upper bound 262144 (=65536 * 4)...
t=30: 0%   10   20   30   40   50   60   70   80   90   100%
      |----|----|----|----|----|----|----|----|----|----|
e     ***************************************************
Found maxcond = 22
t=30: 0%   10   20   30   40   50   60   70   80   90   100%
      |----|----|----|----|----|----|----|----|----|----|
      ***************************************************
Q27:	|........ ........ ........ ..-.....|
Q28:	|.+...... .....-.. ........ ........|
Q29:	|........ .....0.. ........ ........|
Q30:	|.^...... .....+.. ........ ........| ok p=1
Q31:	|........ .....-.. ........ ........| ok p=0.75293
Q32:	|........ ........ ........ ........| ok p=1
Q33:	|........ .....^.. ........ ........| ok p=1
Q34:	|........ ........ ........ ........| ok p=1
Q35:	|........ ........ ........ ........| ok p=1
Q36:	|........ ........ ........ ........| ok p=1
Q37:	|........ ........ ........ ........| ok p=1
Q38:	|........ ........ ........ ........| ok p=1
Q39:	|........ ........ ........ ........| ok p=1
Q40:	|........ ........ ........ ........| ok p=1
Q41:	|........ ........ ........ ........| ok p=1
Q42:	|........ ........ ........ ........| ok p=1
Q43:	|........ ........ ........ ........| ok p=1
Q44:	|........ ........ ........ ........| ok p=1
Q45:	|........ ........ ........ ........| ok p=1
Q46:	|........ ........ ........ ........| ok p=1
Q47:	|........ ........ ........ ........| ok p=1
Q48:	|........ ........ ........ ........| ok p=1
Q49:	|........ ........ ........ ........| ok p=1
Q50:	|........ ........ ........ ........| ok p=1
Q51:	|........ ........ ........ ........| ok p=1
Q52:	|........ ........ ........ ........| ok p=1
Q53:	|........ ........ ........ ........| ok p=1
Q54:	|........ ........ ........ ........| ok p=1
Q55:	|........ ........ ........ ........| ok p=1
Q56:	|........ ........ ........ ........| ok p=1
Q57:	|........ ........ ........ ........| ok p=1
Q58:	|........ ........ ........ ........| ok p=1
Q59:	|........ ........ ........ ........| ok p=1
Q60:	|...0.... ........ ........ ........| ok p=1
Q61:	|...0.... ........ ........ ........| ok p=0.943359
Q62:	|...+.... ........ ........ ........| ok p=1
Q63:	|...+.... ........ ........ ........| ok p=0.933594
Q64:	|...+.... ......-. ........ ........|
Saving 65536 paths...done.
Autobalance parameters: maxcond=19
Verified: 0 bad out of 134618
Runtime: 3.47598
Extend MD5 differential paths backward
Copyright (C) 2009 Marc Stevens
http://homepages.cwi.nl/~stevens/

delta_m[11] = [!18!]
Loading workdir1/paths30_0of1...done: 65536 (work:65536).
Estimating maxcond for upper bound 400000 (=100000 * 4)...
t=29: 0%   10   20   30   40   50   60   70   80   90   100%
      |----|----|----|----|----|----|----|----|----|----|
e     ***************************************************
Found maxcond = 23
t=29: 0%   10   20   30   40   50   60   70   80   90   100%
      |----|----|----|----|----|----|----|----|----|----|
      ***************************************************
Q26:	|........ .....-.. ......-. ........|
Q27:	|.1...... .....+.. ........ ........|
Q28:	|.+...... .....+.. ........ ........|
Q29:	|........ .....1.. ........ ........| ok p=1
Q30:	|.^...... .....-.. ........ ........| ok p=1
Q31:	|........ .....-.. ........ ........| ok p=0.739258
Q32:	|........ ........ ........ ........| ok p=1
Q33:	|........ .....!.. ........ ........| ok p=1
Q34:	|........ ........ ........ ........| ok p=1
Q35:	|........ ........ ........ ........| ok p=1
Q36:	|........ ........ ........ ........| ok p=1
Q37:	|........ ........ ........ ........| ok p=1
Q38:	|........ ........ ........ ........| ok p=1
Q39:	|........ ........ ........ ........| ok p=1
Q40:	|........ ........ ........ ........| ok p=1
Q41:	|........ ........ ........ ........| ok p=1
Q42:	|........ ........ ........ ........| ok p=1
Q43:	|........ ........ ........ ........| ok p=1
Q44:	|........ ........ ........ ........| ok p=1
Q45:	|........ ........ ........ ........| ok p=1
Q46:	|........ ........ ........ ........| ok p=1
Q47:	|........ ........ ........ ........| ok p=1
Q48:	|........ ........ ........ ........| ok p=1
Q49:	|........ ........ ........ ........| ok p=1
Q50:	|........ ........ ........ ........| ok p=1
Q51:	|........ ........ ........ ........| ok p=1
Q52:	|........ ........ ........ ........| ok p=1
Q53:	|........ ........ ........ ........| ok p=1
Q54:	|........ ........ ........ ........| ok p=1
Q55:	|........ ........ ........ ........| ok p=1
Q56:	|........ ........ ........ ........| ok p=1
Q57:	|........ ........ ........ ........| ok p=1
Q58:	|........ ........ ........ ........| ok p=1
Q59:	|........ ........ ........ ........| ok p=1
Q60:	|...0.... ........ ........ ........| ok p=1
Q61:	|...0.... ........ ........ ........| ok p=0.942383
Q62:	|...+.... ........ ........ ........| ok p=1
Q63:	|...+.... ........ ........ ........| ok p=0.941406
Q64:	|...+.... ......-. ........ ........|
Saving 100000 paths...done.
Autobalance parameters: maxcond=21
Verified: 0 bad out of 173580
Estimating maxcond for upper bound 400000 (=100000 * 4)...
t=28: 0%   10   20   30   40   50   60   70   80   90   100%
      |----|----|----|----|----|----|----|----|----|----|
e     ***************************************************
Found maxcond = 24
t=28: 0%   10   20   30   40   50   60   70   80   90   100%
      |----|----|----|----|----|----|----|----|----|----|
      ***************************************************
Q25:	|......-. .....-.. ..-..... ........|
Q26:	|.-...... .....-.. ......-. ........|
Q27:	|.0...... .....+.. ........ ........|
Q28:	|.+...... .....+.. ......^. ........| ok p=0.75
Q29:	|........ .....1.. ........ ........| ok p=1
Q30:	|.^...... .....-.. ........ ........| ok p=1
Q31:	|........ .....-.. ........ ........| ok p=0.753906
Q32:	|........ ........ ........ ........| ok p=1
Q33:	|........ .....!.. ........ ........| ok p=1
Q34:	|........ ........ ........ ........| ok p=1
Q35:	|........ ........ ........ ........| ok p=1
Q36:	|........ ........ ........ ........| ok p=1
Q37:	|........ ........ ........ ........| ok p=1
Q38:	|........ ........ ........ ........| ok p=1
Q39:	|........ ........ ........ ........| ok p=1
Q40:	|........ ........ ........ ........| ok p=1
Q41:	|........ ........ ........ ........| ok p=1
Q42:	|........ ........ ........ ........| ok p=1
Q43:	|........ ........ ........ ........| ok p=1
Q44:	|........ ........ ........ ........| ok p=1
Q45:	|........ ........ ........ ........| ok p=1
Q46:	|........ ........ ........ ........| ok p=1
Q47:	|........ ........ ........ ........| ok p=1
Q48:	|........ ........ ........ ........| ok p=1
Q49:	|........ ........ ........ ........| ok p=1
Q50:	|........ ........ ........ ........| ok p=1
Q51:	|........ ........ ........ ........| ok p=1
Q52:	|........ ........ ........ ........| ok p=1
Q53:	|........ ........ ........ ........| ok p=1
Q54:	|........ ........ ........ ........| ok p=1
Q55:	|........ ........ ........ ........| ok p=1
Q56:	|........ ........ ........ ........| ok p=1
Q57:	|........ ........ ........ ........| ok p=1
Q58:	|........ ........ ........ ........| ok p=1
Q59:	|........ ........ ........ ........| ok p=1
Q60:	|...0.... ........ ........ ........| ok p=1
Q61:	|...0.... ........ ........ ........| ok p=0.935547
Q62:	|...+.... ........ ........ ........| ok p=1
Q63:	|...+.... ........ ........ ........| ok p=0.93457
Q64:	|...+.... ......-. ........ ........|
Saving 100000 paths...done.
Autobalance parameters: maxcond=22
Verified: 0 bad out of 157802
Estimating maxcond for upper bound 400000 (=100000 * 4)...
t=27: 0%   10   20   30   40   50   60   70   80   90   100%
      |----|----|----|----|----|----|----|----|----|----|
e     ***************************************************
Found maxcond = 27
t=27: 0%   10   20   30   40   50   60   70   80   90   100%
      |----|----|----|----|----|----|----|----|----|----|
      ***************************************************
Q24:	|.+...... ........ .....+.. ........|
Q25:	|......-. ........ ..-...1. ........|
Q26:	|.0...... .....0.. ......-. ........|
Q27:	|.1....^. .....1.. ..^..... ........| ok p=0.556641
Q28:	|.+...... .....+.. ......^. ........| ok p=0.769531
Q29:	|........ .....0.. ........ ........| ok p=1
Q30:	|.^...... .....-.. ........ ........| ok p=1
Q31:	|........ .....-.. ........ ........| ok p=0.749023
Q32:	|........ ........ ........ ........| ok p=1
Q33:	|........ .....!.. ........ ........| ok p=1
Q34:	|........ ........ ........ ........| ok p=1
Q35:	|........ ........ ........ ........| ok p=1
Q36:	|........ ........ ........ ........| ok p=1
Q37:	|........ ........ ........ ........| ok p=1
Q38:	|........ ........ ........ ........| ok p=1
Q39:	|........ ........ ........ ........| ok p=1
Q40:	|........ ........ ........ ........| ok p=1
Q41:	|........ ........ ........ ........| ok p=1
Q42:	|........ ........ ........ ........| ok p=1
Q43:	|........ ........ ........ ........| ok p=1
Q44:	|........ ........ ........ ........| ok p=1
Q45:	|........ ........ ........ ........| ok p=1
Q46:	|........ ........ ........ ........| ok p=1
Q47:	|........ ........ ........ ........| ok p=1
Q48:	|........ ........ ........ ........| ok p=1
Q49:	|........ ........ ........ ........| ok p=1
Q50:	|........ ........ ........ ........| ok p=1
Q51:	|........ ........ ........ ........| ok p=1
Q52:	|........ ........ ........ ........| ok p=1
Q53:	|........ ........ ........ ........| ok p=1
Q54:	|........ ........ ........ ........| ok p=1
Q55:	|........ ........ ........ ........| ok p=1
Q56:	|........ ........ ........ ........| ok p=1
Q57:	|........ ........ ........ ........| ok p=1
Q58:	|........ ........ ........ ........| ok p=1
Q59:	|........ ........ ........ ........| ok p=1
Q60:	|...0.... ........ ........ ........| ok p=1
Q61:	|...0.... ........ ........ ........| ok p=0.938477
Q62:	|...+.... ........ ........ ........| ok p=1
Q63:	|...+.... ........ ........ ........| ok p=0.936523
Q64:	|...+.... ......-. ........ ........|
Saving 100000 paths...done.
Autobalance parameters: maxcond=25
Verified: 8275 bad out of 171785
Estimating maxcond for upper bound 400000 (=100000 * 4)...
t=26: 0%   10   20   30   40   50   60   70   80   90   100%
      |----|----|----|----|----|----|----|----|----|----|
e     ***************************************************
Found maxcond = 30
t=26: 0%   10   20   30   40   50   60   70   80   90   100%
      |----|----|----|----|----|----|----|----|----|----|
      ***************************************************
Q23:	|.+..+... ......-. ........ ........|
Q24:	|.+....1. ........ ..1...+. ........|
Q25:	|.-....-. ........ ..-...0. ........|
Q26:	|.-...... .....0.. ......-. ........| ok p=0.493164
Q27:	|.+....^. .....1.. ..^..... ........| ok p=0.734375
Q28:	|.+...... .....+.. ......^. ........| ok p=0.748047
Q29:	|.1...... .....0.. ........ ........| ok p=1
Q30:	|.0...... .....-.. ........ ........| ok p=1
Q31:	|........ .....-.. ........ ........| ok p=0.751953
Q32:	|........ ........ ........ ........| ok p=1
Q33:	|........ .....!.. ........ ........| ok p=1
Q34:	|........ ........ ........ ........| ok p=1
Q35:	|........ ........ ........ ........| ok p=1
Q36:	|........ ........ ........ ........| ok p=1
Q37:	|........ ........ ........ ........| ok p=1
Q38:	|........ ........ ........ ........| ok p=1
Q39:	|........ ........ ........ ........| ok p=1
Q40:	|........ ........ ........ ........| ok p=1
Q41:	|........ ........ ........ ........| ok p=1
Q42:	|........ ........ ........ ........| ok p=1
Q43:	|........ ........ ........ ........| ok p=1
Q44:	|........ ........ ........ ........| ok p=1
Q45:	|........ ........ ........ ........| ok p=1
Q46:	|........ ........ ........ ........| ok p=1
Q47:	|........ ........ ........ ........| ok p=1
Q48:	|........ ........ ........ ........| ok p=1
Q49:	|........ ........ ........ ........| ok p=1
Q50:	|........ ........ ........ ........| ok p=1
Q51:	|........ ........ ........ ........| ok p=1
Q52:	|........ ........ ........ ........| ok p=1
Q53:	|........ ........ ........ ........| ok p=1
Q54:	|........ ........ ........ ........| ok p=1
Q55:	|........ ........ ........ ........| ok p=1
Q56:	|........ ........ ........ ........| ok p=1
Q57:	|........ ........ ........ ........| ok p=1
Q58:	|........ ........ ........ ........| ok p=1
Q59:	|........ ........ ........ ........| ok p=1
Q60:	|...0.... ........ ........ ........| ok p=1
Q61:	|...0.... ........ ........ ........| ok p=0.948242
Q62:	|...+.... ........ ........ ........| ok p=1
Q63:	|...+.... ........ ........ ........| ok p=0.928711
Q64:	|...+.... ......-. ........ ........|
Saving 100000 paths...done.
Autobalance parameters: maxcond=29
Verified: 5914 bad out of 137245
Estimating maxcond for upper bound 400000 (=100000 * 4)...
t=25: 0%   10   20   30   40   50   60   70   80   90   100%
      |----|----|----|----|----|----|----|----|----|----|
e     ***************************************************
Found maxcond = 36
t=25: 0%   10   20   30   40   50   60   70   80   90   100%
      |----|----|----|----|----|----|----|----|----|----|
      ***************************************************
Q22:	|........ .......+ ........ ...+...-|
Q23:	|.+..+.+. ......-. ..+..... ........|
Q24:	|.+....0. ........ ..0...0. ........|
Q25:	|.-..^.-. ......^. ..-...1. ........| ok p=0.987305
Q26:	|.-...... .....0.. ......-. ........| ok p=0.426758
Q27:	|.+....^. .....1.. ..^..... ........| ok p=0.744141
Q28:	|.+...... .....+.. ......^. ........| ok p=0.761719
Q29:	|.1...... .....0.. ........ ........| ok p=1
Q30:	|.0...... .....-.. ........ ........| ok p=1
Q31:	|........ .....-.. ........ ........| ok p=0.744141
Q32:	|........ ........ ........ ........| ok p=1
Q33:	|........ .....!.. ........ ........| ok p=1
Q34:	|........ ........ ........ ........| ok p=1
Q35:	|........ ........ ........ ........| ok p=1
Q36:	|........ ........ ........ ........| ok p=1
Q37:	|........ ........ ........ ........| ok p=1
Q38:	|........ ........ ........ ........| ok p=1
Q39:	|........ ........ ........ ........| ok p=1
Q40:	|........ ........ ........ ........| ok p=1
Q41:	|........ ........ ........ ........| ok p=1
Q42:	|........ ........ ........ ........| ok p=1
Q43:	|........ ........ ........ ........| ok p=1
Q44:	|........ ........ ........ ........| ok p=1
Q45:	|........ ........ ........ ........| ok p=1
Q46:	|........ ........ ........ ........| ok p=1
Q47:	|........ ........ ........ ........| ok p=1
Q48:	|........ ........ ........ ........| ok p=1
Q49:	|........ ........ ........ ........| ok p=1
Q50:	|........ ........ ........ ........| ok p=1
Q51:	|........ ........ ........ ........| ok p=1
Q52:	|........ ........ ........ ........| ok p=1
Q53:	|........ ........ ........ ........| ok p=1
Q54:	|........ ........ ........ ........| ok p=1
Q55:	|........ ........ ........ ........| ok p=1
Q56:	|........ ........ ........ ........| ok p=1
Q57:	|........ ........ ........ ........| ok p=1
Q58:	|........ ........ ........ ........| ok p=1
Q59:	|........ ........ ........ ........| ok p=1
Q60:	|...0.... ........ ........ ........| ok p=1
Q61:	|...0.... ........ ........ ........| ok p=0.936523
Q62:	|...+.... ........ ........ ........| ok p=1
Q63:	|...+.... ........ ........ ........| ok p=0.936523
Q64:	|...+.... ......-. ........ ........|
Saving 100000 paths...done.
Autobalance parameters: maxcond=35
Verified: 356 bad out of 159322
Estimating maxcond for upper bound 400000 (=100000 * 4)...
t=24: 0%   10   20   30   40   50   60   70   80   90   100%
      |----|----|----|----|----|----|----|----|----|----|
e     ***************************************************
Found maxcond = 44
t=24: 0%   10   20   30   40   50   60   70   80   90   100%
      |----|----|----|----|----|----|----|----|----|----|
      ***************************************************
Q21:	|.-...-.. ...-.... .......- ........|
Q22:	|....1... ......1+ ........ ...+...-|
Q23:	|.+..+.0. ......+. ..0..... ........|
Q24:	|.+....1. .......^ ..1...0. ...^...^| ok p=0.489258
Q25:	|.-..^.-. ......^. ..-...1. ........| ok p=0.991211
Q26:	|.-...... .....0.. ......-. ........| ok p=0.464844
Q27:	|.+....^. .....1.. ..^..... ........| ok p=0.735352
Q28:	|.+...... .....+.. ......^. ........| ok p=0.730469
Q29:	|.1...... .....0.. ........ ........| ok p=1
Q30:	|.0...... .....-.. ........ ........| ok p=1
Q31:	|........ .....-.. ........ ........| ok p=0.75293
Q32:	|........ ........ ........ ........| ok p=1
Q33:	|........ .....!.. ........ ........| ok p=1
Q34:	|........ ........ ........ ........| ok p=1
Q35:	|........ ........ ........ ........| ok p=1
Q36:	|........ ........ ........ ........| ok p=1
Q37:	|........ ........ ........ ........| ok p=1
Q38:	|........ ........ ........ ........| ok p=1
Q39:	|........ ........ ........ ........| ok p=1
Q40:	|........ ........ ........ ........| ok p=1
Q41:	|........ ........ ........ ........| ok p=1
Q42:	|........ ........ ........ ........| ok p=1
Q43:	|........ ........ ........ ........| ok p=1
Q44:	|........ ........ ........ ........| ok p=1
Q45:	|........ ........ ........ ........| ok p=1
Q46:	|........ ........ ........ ........| ok p=1
Q47:	|........ ........ ........ ........| ok p=1
Q48:	|........ ........ ........ ........| ok p=1
Q49:	|........ ........ ........ ........| ok p=1
Q50:	|........ ........ ........ ........| ok p=1
Q51:	|........ ........ ........ ........| ok p=1
Q52:	|........ ........ ........ ........| ok p=1
Q53:	|........ ........ ........ ........| ok p=1
Q54:	|........ ........ ........ ........| ok p=1
Q55:	|........ ........ ........ ........| ok p=1
Q56:	|........ ........ ........ ........| ok p=1
Q57:	|........ ........ ........ ........| ok p=1
Q58:	|........ ........ ........ ........| ok p=1
Q59:	|........ ........ ........ ........| ok p=1
Q60:	|...0.... ........ ........ ........| ok p=1
Q61:	|...0.... ........ ........ ........| ok p=0.935547
Q62:	|...+.... ........ ........ ........| ok p=1
Q63:	|...+.... ........ ........ ........| ok p=0.948242
Q64:	|...+.... ......-. ........ ........|
Saving 100000 paths...done.
Autobalance parameters: maxcond=42
Verified: 400 bad out of 177214
Estimating maxcond for upper bound 400000 (=100000 * 4)...
t=23: 0%   10   20   30   40   50   60   70   80   90   100%
      |----|----|----|----|----|----|----|----|----|----|
e     ***************************************************
Found maxcond = 53
t=23: 0%   10   20   30   40   50   60   70   80   90   100%
      |----|----|----|----|----|----|----|----|----|----|
      ***************************************************
Q20:	|.....-.. ........ ..-..... -.......|
Q21:	|....-... ..1-...1 ........ ...1...1|
Q22:	|....0... ..+....+ ..+..... ...+...-|
Q23:	|....+.0. ...^.... ..+..... ........| ok p=0.957031
Q24:	|.0....1. ..^....^ ..-...0. ...^...^| ok p=0.982422
Q25:	|....^.-. ........ ..-...1. ........| ok p=0.729492
Q26:	|0+...... .....0.. ..1...-. ........| ok p=1
Q27:	|1+....^. .....1.. ..0..... ........| ok p=0.75
Q28:	|+-...... .....+.. ......^. ........| ok p=0.749023
Q29:	|.0...... .....0.. ........ ........| ok p=1
Q30:	|^1...... .....-.. ........ ........| ok p=1
Q31:	|........ .....-.. ........ ........| ok p=0.736328
Q32:	|........ ........ ........ ........| ok p=1
Q33:	|........ .....!.. ........ ........| ok p=1
Q34:	|........ ........ ........ ........| ok p=1
Q35:	|........ ........ ........ ........| ok p=1
Q36:	|........ ........ ........ ........| ok p=1
Q37:	|........ ........ ........ ........| ok p=1
Q38:	|........ ........ ........ ........| ok p=1
Q39:	|........ ........ ........ ........| ok p=1
Q40:	|........ ........ ........ ........| ok p=1
Q41:	|........ ........ ........ ........| ok p=1
Q42:	|........ ........ ........ ........| ok p=1
Q43:	|........ ........ ........ ........| ok p=1
Q44:	|........ ........ ........ ........| ok p=1
Q45:	|........ ........ ........ ........| ok p=1
Q46:	|........ ........ ........ ........| ok p=1
Q47:	|........ ........ ........ ........| ok p=1
Q48:	|........ ........ ........ ........| ok p=1
Q49:	|........ ........ ........ ........| ok p=1
Q50:	|........ ........ ........ ........| ok p=1
Q51:	|........ ........ ........ ........| ok p=1
Q52:	|........ ........ ........ ........| ok p=1
Q53:	|........ ........ ........ ........| ok p=1
Q54:	|........ ........ ........ ........| ok p=1
Q55:	|........ ........ ........ ........| ok p=1
Q56:	|........ ........ ........ ........| ok p=1
Q57:	|........ ........ ........ ........| ok p=1
Q58:	|........ ........ ........ ........| ok p=1
Q59:	|........ ........ ........ ........| ok p=1
Q60:	|...0.... ........ ........ ........| ok p=1
Q61:	|...0.... ........ ........ ........| ok p=0.93457
Q62:	|...+.... ........ ........ ........| ok p=1
Q63:	|...+.... ........ ........ ........| ok p=0.930664
Q64:	|...+.... ......-. ........ ........|
Saving 100000 paths...done.
Autobalance parameters: maxcond=52
Verified: 0 bad out of 131851
Estimating maxcond for upper bound 400000 (=100000 * 4)...
t=22: 0%   10   20   30   40   50   60   70   80   90   100%
      |----|----|----|----|----|----|----|----|----|----|
e     ***************************************************
Found maxcond = 60
t=22: 0%   10   20   30   40   50   60   70   80   90   100%
      |----|----|----|----|----|----|----|----|----|----|
      ***************************************************
Q19:	|........ .-...+.. ..+..... -....-..|
Q20:	|........ ..-1...0 .......1 -..-...+|
Q21:	|....0... ..0-...1 .......- ...0...0|
Q22:	|....1... ..+....+ ........ ^..+...-| ok p=0.975586
Q23:	|....+.0. ...^.... ..0....^ ........| ok p=0.970703
Q24:	|.0....1. ..^....^ ..1...0. ...^...^| ok p=0.989258
Q25:	|....^.-. ........ ..-...1. ........| ok p=0.748047
Q26:	|0+...... .....0.. ......-. ........| ok p=0.949219
Q27:	|1+....^. .....1.. ..^..... ........| ok p=0.759766
Q28:	|+-...... .....+.. ......^. ........| ok p=0.729492
Q29:	|.0...... .....0.. ........ ........| ok p=1
Q30:	|^1...... .....-.. ........ ........| ok p=1
Q31:	|........ .....-.. ........ ........| ok p=0.726562
Q32:	|........ ........ ........ ........| ok p=1
Q33:	|........ .....!.. ........ ........| ok p=1
Q34:	|........ ........ ........ ........| ok p=1
Q35:	|........ ........ ........ ........| ok p=1
Q36:	|........ ........ ........ ........| ok p=1
Q37:	|........ ........ ........ ........| ok p=1
Q38:	|........ ........ ........ ........| ok p=1
Q39:	|........ ........ ........ ........| ok p=1
Q40:	|........ ........ ........ ........| ok p=1
Q41:	|........ ........ ........ ........| ok p=1
Q42:	|........ ........ ........ ........| ok p=1
Q43:	|........ ........ ........ ........| ok p=1
Q44:	|........ ........ ........ ........| ok p=1
Q45:	|........ ........ ........ ........| ok p=1
Q46:	|........ ........ ........ ........| ok p=1
Q47:	|........ ........ ........ ........| ok p=1
Q48:	|........ ........ ........ ........| ok p=1
Q49:	|........ ........ ........ ........| ok p=1
Q50:	|........ ........ ........ ........| ok p=1
Q51:	|........ ........ ........ ........| ok p=1
Q52:	|........ ........ ........ ........| ok p=1
Q53:	|........ ........ ........ ........| ok p=1
Q54:	|........ ........ ........ ........| ok p=1
Q55:	|........ ........ ........ ........| ok p=1
Q56:	|........ ........ ........ ........| ok p=1
Q57:	|........ ........ ........ ........| ok p=1
Q58:	|........ ........ ........ ........| ok p=1
Q59:	|........ ........ ........ ........| ok p=1
Q60:	|...0.... ........ ........ ........| ok p=1
Q61:	|...0.... ........ ........ ........| ok p=0.921875
Q62:	|...+.... ........ ........ ........| ok p=1
Q63:	|...+.... ........ ........ ........| ok p=0.936523
Q64:	|...+.... ......-. ........ ........|
Saving 100000 paths...done.
Autobalance parameters: maxcond=59
Verified: 0 bad out of 158166
Estimating maxcond for upper bound 400000 (=100000 * 4)...
t=21: 0%   10   20   30   40   50   60   70   80   90   100%
      |----|----|----|----|----|----|----|----|----|----|
e     ***************************************************
Found maxcond = 71
t=21: 0%   10   20   30   40   50   60   70   80   90   100%
      |----|----|----|----|----|----|----|----|----|----|
      ***************************************************
Q18:	|+...+... -..+.... ..+.-... +.......|
Q19:	|........ ..--.+.. ..+....0 -....-..|
Q20:	|........ ..-0...0 .......1 -..0...0|
Q21:	|....0... ..0-.^.1 ..^....- 0..1.^.1| ok p=0.469727
Q22:	|....1... ..+....+ ........ ^..+...-| ok p=0.974609
Q23:	|....+.0. ...^.... ..0....^ ........| ok p=0.962891
Q24:	|.0....1. ..^....^ ..1...0. ...^...^| ok p=0.979492
Q25:	|....^.-. ........ ..-...1. ........| ok p=0.762695
Q26:	|0+...... .....0.. ......-. ........| ok p=0.949219
Q27:	|1+....^. .....1.. ..^..... ........| ok p=0.739258
Q28:	|--...... .....+.. ......^. ........| ok p=0.744141
Q29:	|.0...... .....0.. ........ ........| ok p=1
Q30:	|^1...... .....-.. ........ ........| ok p=1
Q31:	|........ .....-.. ........ ........| ok p=0.749023
Q32:	|........ ........ ........ ........| ok p=1
Q33:	|........ .....!.. ........ ........| ok p=1
Q34:	|........ ........ ........ ........| ok p=1
Q35:	|........ ........ ........ ........| ok p=1
Q36:	|........ ........ ........ ........| ok p=1
Q37:	|........ ........ ........ ........| ok p=1
Q38:	|........ ........ ........ ........| ok p=1
Q39:	|........ ........ ........ ........| ok p=1
Q40:	|........ ........ ........ ........| ok p=1
Q41:	|........ ........ ........ ........| ok p=1
Q42:	|........ ........ ........ ........| ok p=1
Q43:	|........ ........ ........ ........| ok p=1
Q44:	|........ ........ ........ ........| ok p=1
Q45:	|........ ........ ........ ........| ok p=1
Q46:	|........ ........ ........ ........| ok p=1
Q47:	|........ ........ ........ ........| ok p=1
Q48:	|........ ........ ........ ........| ok p=1
Q49:	|........ ........ ........ ........| ok p=1
Q50:	|........ ........ ........ ........| ok p=1
Q51:	|........ ........ ........ ........| ok p=1
Q52:	|........ ........ ........ ........| ok p=1
Q53:	|........ ........ ........ ........| ok p=1
Q54:	|........ ........ ........ ........| ok p=1
Q55:	|........ ........ ........ ........| ok p=1
Q56:	|........ ........ ........ ........| ok p=1
Q57:	|........ ........ ........ ........| ok p=1
Q58:	|........ ........ ........ ........| ok p=1
Q59:	|........ ........ ........ ........| ok p=1
Q60:	|...0.... ........ ........ ........| ok p=1
Q61:	|...0.... ........ ........ ........| ok p=0.933594
Q62:	|...+.... ........ ........ ........| ok p=1
Q63:	|...+.... ........ ........ ........| ok p=0.936523
Q64:	|...+.... ......-. ........ ........|
Saving 100000 paths...done.
Autobalance parameters: maxcond=69
Verified: 11178 bad out of 200182
Runtime: 10.049
Extend MD5 differential paths backward
Copyright (C) 2009 Marc Stevens
http://homepages.cwi.nl/~stevens/

delta_m[11] = [!18!]
Loading workdir1/paths21_0of1...done: 100000 (work:100000).
Estimating maxcond for upper bound 65536 (=16384 * 4)...
t=20: 0%   10   20   30   40   50   60   70   80   90   100%
      |----|----|----|----|----|----|----|----|----|----|
e     ***************************************************
Found maxcond = 84
t=20: 0%   10   20   30   40   50   60   70   80   90   100%
      |----|----|----|----|----|----|----|----|----|----|
      ***************************************************
Q17:	|........ .+.-.... +....... +....-..|
Q18:	|+...+... -..+.1.. ..1.-..+ .....1..|
Q19:	|........ ..--.+.. ..+....+ -....-..|
Q20:	|^...^... ^.-0...0 ..0.^..0 -..0...0| ok p=0.999023
Q21:	|....0... ..0-.^.1 ..1....- 1..1.^.1| ok p=0.46875
Q22:	|....1... ..+....+ ........ ^..+...-| ok p=0.97168
Q23:	|....+.0. ...^.... ..0....^ ........| ok p=0.972656
Q24:	|.0....1. ..^....^ ..1...0. ...^...^| ok p=0.987305
Q25:	|....^.-. ........ ..-...1. ........| ok p=0.755859
Q26:	|0+...... .....0.. ......-. ........| ok p=0.938477
Q27:	|1+....^. .....1.. ..^..... ........| ok p=0.732422
Q28:	|+-...... .....+.. ......^. ........| ok p=0.748047
Q29:	|.0...... .....0.. ........ ........| ok p=1
Q30:	|^1...... .....-.. ........ ........| ok p=1
Q31:	|........ .....-.. ........ ........| ok p=0.765625
Q32:	|........ ........ ........ ........| ok p=1
Q33:	|........ .....!.. ........ ........| ok p=1
Q34:	|........ ........ ........ ........| ok p=1
Q35:	|........ ........ ........ ........| ok p=1
Q36:	|........ ........ ........ ........| ok p=1
Q37:	|........ ........ ........ ........| ok p=1
Q38:	|........ ........ ........ ........| ok p=1
Q39:	|........ ........ ........ ........| ok p=1
Q40:	|........ ........ ........ ........| ok p=1
Q41:	|........ ........ ........ ........| ok p=1
Q42:	|........ ........ ........ ........| ok p=1
Q43:	|........ ........ ........ ........| ok p=1
Q44:	|........ ........ ........ ........| ok p=1
Q45:	|........ ........ ........ ........| ok p=1
Q46:	|........ ........ ........ ........| ok p=1
Q47:	|........ ........ ........ ........| ok p=1
Q48:	|........ ........ ........ ........| ok p=1
Q49:	|........ ........ ........ ........| ok p=1
Q50:	|........ ........ ........ ........| ok p=1
Q51:	|........ ........ ........ ........| ok p=1
Q52:	|........ ........ ........ ........| ok p=1
Q53:	|........ ........ ........ ........| ok p=1
Q54:	|........ ........ ........ ........| ok p=1
Q55:	|........ ........ ........ ........| ok p=1
Q56:	|........ ........ ........ ........| ok p=1
Q57:	|........ ........ ........ ........| ok p=1
Q58:	|........ ........ ........ ........| ok p=1
Q59:	|........ ........ ........ ........| ok p=1
Q60:	|...0.... ........ ........ ........| ok p=1
Q61:	|...0.... ........ ........ ........| ok p=0.944336
Q62:	|...+.... ........ ........ ........| ok p=1
Q63:	|...+.... ........ ........ ........| ok p=0.928711
Q64:	|...+.... ......-. ........ ........|
Saving 16384 paths...done.
Autobalance parameters: maxcond=82
Verified: 0 bad out of 31580
Runtime: 2.70064
Extend MD5 differential paths backward
Copyright (C) 2009 Marc Stevens
http://homepages.cwi.nl/~stevens/

delta_m[11] = [!18!]
Loading workdir1/paths20_0of1...done: 16384 (work:16384).
Estimating maxcond for upper bound 2000000 (=500000 * 4)...
t=19: 0%   10   20   30   40   50   60   70   80   90   100%
      |----|----|----|----|----|----|----|----|----|----|
e     ***************************************************
Found maxcond = 95
t=19: 0%   10   20   30   40   50   60   70   80   90   100%
      |----|----|----|----|----|----|----|----|----|----|
      ***************************************************
Q16:	|.-....-. .+.-.... ..+..... -....+..|
Q17:	|1...1... .....-.. -...1... .....0..|
Q18:	|-...+... .-...0.. ..+.-... +....0..|
Q19:	|........ .-.0.+.. ^.+....0 +....-..| ok p=0.728516
Q20:	|^...^... .001...0 ..0.^..0 -..0...0| ok p=1
Q21:	|....0... .11-.^.1 ..^....- 1..1.^.1| ok p=0.422852
Q22:	|....1... ..+....+ ........ ^..+...-| ok p=0.973633
Q23:	|....+.0. ...^.... ..0....^ ........| ok p=0.970703
Q24:	|.0....1. ..^....^ ..1...0. ...^...^| ok p=0.984375
Q25:	|....^.-. ........ ..-...1. ........| ok p=0.730469
Q26:	|0+...... .....0.. ......-. ........| ok p=0.952148
Q27:	|1+....^. .....1.. ..^..... ........| ok p=0.751953
Q28:	|+-...... .....+.. ......^. ........| ok p=0.760742
Q29:	|.0...... .....0.. ........ ........| ok p=1
Q30:	|^1...... .....-.. ........ ........| ok p=1
Q31:	|........ .....-.. ........ ........| ok p=0.748047
Q32:	|........ ........ ........ ........| ok p=1
Q33:	|........ .....!.. ........ ........| ok p=1
Q34:	|........ ........ ........ ........| ok p=1
Q35:	|........ ........ ........ ........| ok p=1
Q36:	|........ ........ ........ ........| ok p=1
Q37:	|........ ........ ........ ........| ok p=1
Q38:	|........ ........ ........ ........| ok p=1
Q39:	|........ ........ ........ ........| ok p=1
Q40:	|........ ........ ........ ........| ok p=1
Q41:	|........ ........ ........ ........| ok p=1
Q42:	|........ ........ ........ ........| ok p=1
Q43:	|........ ........ ........ ........| ok p=1
Q44:	|........ ........ ........ ........| ok p=1
Q45:	|........ ........ ........ ........| ok p=1
Q46:	|........ ........ ........ ........| ok p=1
Q47:	|........ ........ ........ ........| ok p=1
Q48:	|........ ........ ........ ........| ok p=1
Q49:	|........ ........ ........ ........| ok p=1
Q50:	|........ ........ ........ ........| ok p=1
Q51:	|........ ........ ........ ........| ok p=1
Q52:	|........ ........ ........ ........| ok p=1
Q53:	|........ ........ ........ ........| ok p=1
Q54:	|........ ........ ........ ........| ok p=1
Q55:	|........ ........ ........ ........| ok p=1
Q56:	|........ ........ ........ ........| ok p=1
Q57:	|........ ........ ........ ........| ok p=1
Q58:	|........ ........ ........ ........| ok p=1
Q59:	|........ ........ ........ ........| ok p=1
Q60:	|...0.... ........ ........ ........| ok p=1
Q61:	|...0.... ........ ........ ........| ok p=0.943359
Q62:	|...+.... ........ ........ ........| ok p=1
Q63:	|...+.... ........ ........ ........| ok p=0.933594
Q64:	|...+.... ......-. ........ ........|
Saving 500000 paths...done.
Autobalance parameters: maxcond=93
Verified: 0 bad out of 862274
Estimating maxcond for upper bound 2000000 (=500000 * 4)...
t=18: 0%   10   20   30   40   50   60   70   80   90   100%
      |----|----|----|----|----|----|----|----|----|----|
e     ***************************************************
Found maxcond = 106
t=18: 0%   10   20   30   40   50   60   70   80   90   100%
      |----|----|----|----|----|----|----|----|----|----|
      ***************************************************
Q15:	|..+..-.. ..-.+.+. ..-..... -..+....|
Q16:	|0+..-.-. .+...... 1.+.0... .....+..|
Q17:	|0...0... .0...0.. -.1.1... +....0..|
Q18:	|+^..+.^. .-...1.. ..+.-... +....0..| ok p=0.366211
Q19:	|........ .-.0.+.. ^.+....0 -....-..| ok p=0.738281
Q20:	|^...^... .001...0 ..0.^..1 -..0...0| ok p=1
Q21:	|....0... .11-.^.1 ..^....- 0..1.^.1| ok p=0.444336
Q22:	|....1... ..+....+ ........ ^..+...-| ok p=0.976562
Q23:	|....+.0. ...^.... ..0....^ ........| ok p=0.972656
Q24:	|.0....1. ..^....^ ..1...0. ...^...^| ok p=0.982422
Q25:	|....^.-. ........ ..-...1. ........| ok p=0.745117
Q26:	|0+...... .....0.. ......-. ........| ok p=0.929688
Q27:	|1+....^. .....1.. ..^..... ........| ok p=0.758789
Q28:	|--...... .....+.. ......^. ........| ok p=0.762695
Q29:	|.0...... .....0.. ........ ........| ok p=1
Q30:	|^1...... .....-.. ........ ........| ok p=1
Q31:	|........ .....-.. ........ ........| ok p=0.739258
Q32:	|........ ........ ........ ........| ok p=1
Q33:	|........ .....!.. ........ ........| ok p=1
Q34:	|........ ........ ........ ........| ok p=1
Q35:	|........ ........ ........ ........| ok p=1
Q36:	|........ ........ ........ ........| ok p=1
Q37:	|........ ........ ........ ........| ok p=1
Q38:	|........ ........ ........ ........| ok p=1
Q39:	|........ ........ ........ ........| ok p=1
Q40:	|........ ........ ........ ........| ok p=1
Q41:	|........ ........ ........ ........| ok p=1
Q42:	|........ ........ ........ ........| ok p=1
Q43:	|........ ........ ........ ........| ok p=1
Q44:	|........ ........ ........ ........| ok p=1
Q45:	|........ ........ ........ ........| ok p=1
Q46:	|........ ........ ........ ........| ok p=1
Q47:	|........ ........ ........ ........| ok p=1
Q48:	|........ ........ ........ ........| ok p=1
Q49:	|........ ........ ........ ........| ok p=1
Q50:	|........ ........ ........ ........| ok p=1
Q51:	|........ ........ ........ ........| ok p=1
Q52:	|........ ........ ........ ........| ok p=1
Q53:	|........ ........ ........ ........| ok p=1
Q54:	|........ ........ ........ ........| ok p=1
Q55:	|........ ........ ........ ........| ok p=1
Q56:	|........ ........ ........ ........| ok p=1
Q57:	|........ ........ ........ ........| ok p=1
Q58:	|........ ........ ........ ........| ok p=1
Q59:	|........ ........ ........ ........| ok p=1
Q60:	|...0.... ........ ........ ........| ok p=1
Q61:	|...0.... ........ ........ ........| ok p=0.94043
Q62:	|...+.... ........ ........ ........| ok p=1
Q63:	|...+.... ........ ........ ........| ok p=0.932617
Q64:	|...+.... ......-. ........ ........|
Saving 500000 paths...done.
Autobalance parameters: maxcond=104
Verified: 0 bad out of 890648
Estimating maxcond for upper bound 2000000 (=500000 * 4)...
t=17: 0%   10   20   30   40   50   60   70   80   90   100%
      |----|----|----|----|----|----|----|----|----|----|
e     ***************************************************
Found maxcond = 122
t=17: 0%   10   20   30   40   50   60   70   80   90   100%
      |----|----|----|----|----|----|----|----|----|----|
      ***************************************************
Q14:	|........ -....+.. ..-..... .+.+.-..|
Q15:	|.1+...-. .+.-..-. 0.-..... -..+.1..|
Q16:	|0+..0.-. .+...... 1.+.0... 0....+..|
Q17:	|0.^.1.0. .1.^.0^. -.1.1... +..^.0..| ok p=0.556641
Q18:	|-^..+.1. .-...1.. ..+.-... +....0..| ok p=0.40918
Q19:	|........ .-.0.+.. ^.+....0 -....-..| ok p=0.723633
Q20:	|^...^... .001...0 ..0.^..1 -..0...0| ok p=1
Q21:	|....0... .11-.^.1 ..^....- 0..1.^.1| ok p=0.439453
Q22:	|....1... ..+....+ ........ ^..+...-| ok p=0.972656
Q23:	|....+.0. ...^.... ..0....^ ........| ok p=0.977539
Q24:	|.0....1. ..^....^ ..1...0. ...^...^| ok p=0.986328
Q25:	|....^.-. ........ ..-...1. ........| ok p=0.755859
Q26:	|0+...... .....0.. ......-. ........| ok p=0.941406
Q27:	|1+....^. .....1.. ..^..... ........| ok p=0.743164
Q28:	|--...... .....+.. ......^. ........| ok p=0.755859
Q29:	|.0...... .....0.. ........ ........| ok p=1
Q30:	|^1...... .....-.. ........ ........| ok p=1
Q31:	|........ .....-.. ........ ........| ok p=0.769531
Q32:	|........ ........ ........ ........| ok p=1
Q33:	|........ .....!.. ........ ........| ok p=1
Q34:	|........ ........ ........ ........| ok p=1
Q35:	|........ ........ ........ ........| ok p=1
Q36:	|........ ........ ........ ........| ok p=1
Q37:	|........ ........ ........ ........| ok p=1
Q38:	|........ ........ ........ ........| ok p=1
Q39:	|........ ........ ........ ........| ok p=1
Q40:	|........ ........ ........ ........| ok p=1
Q41:	|........ ........ ........ ........| ok p=1
Q42:	|........ ........ ........ ........| ok p=1
Q43:	|........ ........ ........ ........| ok p=1
Q44:	|........ ........ ........ ........| ok p=1
Q45:	|........ ........ ........ ........| ok p=1
Q46:	|........ ........ ........ ........| ok p=1
Q47:	|........ ........ ........ ........| ok p=1
Q48:	|........ ........ ........ ........| ok p=1
Q49:	|........ ........ ........ ........| ok p=1
Q50:	|........ ........ ........ ........| ok p=1
Q51:	|........ ........ ........ ........| ok p=1
Q52:	|........ ........ ........ ........| ok p=1
Q53:	|........ ........ ........ ........| ok p=1
Q54:	|........ ........ ........ ........| ok p=1
Q55:	|........ ........ ........ ........| ok p=1
Q56:	|........ ........ ........ ........| ok p=1
Q57:	|........ ........ ........ ........| ok p=1
Q58:	|........ ........ ........ ........| ok p=1
Q59:	|........ ........ ........ ........| ok p=1
Q60:	|...0.... ........ ........ ........| ok p=1
Q61:	|...0.... ........ ........ ........| ok p=0.950195
Q62:	|...+.... ........ ........ ........| ok p=1
Q63:	|...+.... ........ ........ ........| ok p=0.933594
Q64:	|...+.... ......-. ........ ........|
Saving 500000 paths...done.
Autobalance parameters: maxcond=121
Verified: 47928 bad out of 850742
Estimating maxcond for upper bound 2000000 (=500000 * 4)...
t=16: 0%   10   20   30   40   50   60   70   80   90   100%
      |----|----|----|----|----|----|----|----|----|----|
e     ***************************************************
Found maxcond = 134
t=16: 0%   10   20   30   40   50   60   70   80   90   100%
      |----|----|----|----|----|----|----|----|----|----|
      ***************************************************
Q13:	|..-..... .-.+..-. ....-.+. ........|
Q14:	|.-1..... ...1.+1. ..-..... 1..-.-..|
Q15:	|.0+...-. .+.-..-. 0.-..... -..+.1..|
Q16:	|0+..0.-. .+...^.. 1.+.0... 1..1.+..| ok p=0.515625
Q17:	|0.^.1.0. .1.^.0^. -.-.1... +..0.0..| ok p=0.455078
Q18:	|-^..+.1. .-...1.. ..+.-... +....0..| ok p=0.40918
Q19:	|........ .-.0.+.. ^.+....0 -....-..| ok p=0.766602
Q20:	|^...^... .001...0 ..1.^..1 -..0...0| ok p=1
Q21:	|....0... .11-.^.1 ..^....- 0..1.^.1| ok p=0.452148
Q22:	|....1... ..+....+ ........ ^..+...-| ok p=0.982422
Q23:	|....+.0. ...^.... ..0....^ ........| ok p=0.972656
Q24:	|.0....1. ..^....^ ..1...0. ...^...^| ok p=0.982422
Q25:	|....^.-. ........ ..-...1. ........| ok p=0.730469
Q26:	|0+...... .....0.. ......-. ........| ok p=0.925781
Q27:	|1+....^. .....1.. ..^..... ........| ok p=0.726562
Q28:	|--...... .....+.. ......^. ........| ok p=0.749023
Q29:	|.0...... .....0.. ........ ........| ok p=1
Q30:	|^1...... .....-.. ........ ........| ok p=1
Q31:	|........ .....-.. ........ ........| ok p=0.757812
Q32:	|........ ........ ........ ........| ok p=1
Q33:	|........ .....!.. ........ ........| ok p=1
Q34:	|........ ........ ........ ........| ok p=1
Q35:	|........ ........ ........ ........| ok p=1
Q36:	|........ ........ ........ ........| ok p=1
Q37:	|........ ........ ........ ........| ok p=1
Q38:	|........ ........ ........ ........| ok p=1
Q39:	|........ ........ ........ ........| ok p=1
Q40:	|........ ........ ........ ........| ok p=1
Q41:	|........ ........ ........ ........| ok p=1
Q42:	|........ ........ ........ ........| ok p=1
Q43:	|........ ........ ........ ........| ok p=1
Q44:	|........ ........ ........ ........| ok p=1
Q45:	|........ ........ ........ ........| ok p=1
Q46:	|........ ........ ........ ........| ok p=1
Q47:	|........ ........ ........ ........| ok p=1
Q48:	|........ ........ ........ ........| ok p=1
Q49:	|........ ........ ........ ........| ok p=1
Q50:	|........ ........ ........ ........| ok p=1
Q51:	|........ ........ ........ ........| ok p=1
Q52:	|........ ........ ........ ........| ok p=1
Q53:	|........ ........ ........ ........| ok p=1
Q54:	|........ ........ ........ ........| ok p=1
Q55:	|........ ........ ........ ........| ok p=1
Q56:	|........ ........ ........ ........| ok p=1
Q57:	|........ ........ ........ ........| ok p=1
Q58:	|........ ........ ........ ........| ok p=1
Q59:	|........ ........ ........ ........| ok p=1
Q60:	|...0.... ........ ........ ........| ok p=1
Q61:	|...0.... ........ ........ ........| ok p=0.941406
Q62:	|...+.... ........ ........ ........| ok p=1
Q63:	|...+.... ........ ........ ........| ok p=0.949219
Q64:	|...+.... ......-. ........ ........|
Saving 500000 paths...done.
Autobalance parameters: maxcond=133
Verified: 72 bad out of 647584
Runtime: 32.5565
