Connect MD5 differential paths
Copyright (C) 2009 Marc Stevens
http://homepages.cwi.nl/~stevens/

delta_m[11] = [!18!]
Loading workdir1/paths16_0of1.bin.gz...done: 500000.
Loading workdir1/paths11_0of1.bin.gz...done: 500000.
t=12: 0%   10   20   30   40   50   60   70   80   90   100%
      |----|----|----|----|----|----|----|----|----|----|
      ***Q-3:	|11001111 10100010 11100001 00100101|
Q-2:	|010-111+ 0110-0-+ +1111000 +-011+01|
Q-1:	|00-++--- 1001-010 -100110+ --10+-00|
Q0:	|+++0-0++ +1-++00+ 01+001+- -0+---01| ok p=1
Q1:	|1+0-10-0 +.+1+..+ 0.+.0.-- .0-11..-| ok p=0.354492
Q2:	|0-0-0.00 +.+1...+ +...+.-1 1.+010.1| ok p=1
Q3:	|.11-.01- ..0.0.^- 1.0.0..- ..+1...+| ok p=1
Q4:	|!+.+.0.0 1.-^1.+1 0...+.11 ..--0..1| ok p=1
Q5:	|^-.-.+.1 ..++..00 ....1..0 .!-00..-| ok p=1
Q6:	|!-.0.-.+ ..10.0+. ....1!.- ..0--..+| ok p=1
Q7:	|.-^0.-.+ ..01.1+. 0......- ..+1+.1-| ok p=1
Q8:	|^++..+.+ ...1.+-. 0....... ..+1+.1+| ok p=1
Q9:	|!10..10. ...1.0+. -....1.1 .^-..1+0| ok p=1
Q10:	|!1+.1000 1.1-01+. +0.110.1 111101+1| ok p=1
Q11:	|^0+.00-0 101+001^ 11.00+.0 01001++1| ok p=1
Q12:	|---^+--- -1+++--- 0+1+--^- --0---.+| ok p=1
Q13:	|11++--0- +++-01-1 011-++-0 1+1+0010| ok p=1
Q14:	|01100.0. 1-.110+1 +1-00101 00-01-.1| ok p=1
Q15:	|11+001-1 010-..-0 1.-1001. -11+.1..| ok p=0.714844
Q16:	|0-..0.-. .+....1. 1.+.0... 1.0..+..| ok p=0.699219
Q17:	|1.^.1.0. .0.^.00. -.-.1... +..^.0..| ok p=0.557617
Q18:	|+^..+.1. .-...1.. ..+.-... +....0..| ok p=0.418945
Q19:	|........ .-.0.+.. ^.+....0 -....-..| ok p=0.75293
Q20:	|^...^... .001...0 ..1.^..1 -..0...0| ok p=1
Q21:	|....0... .11-.^.1 ..1....- 0..1.^.1| ok p=0.44043
Q22:	|....1... ..+....+ ........ 0..+...-| ok p=0.978516
Q23:	|....+.0. ...^.... ..0....^ ........| ok p=0.973633
Q24:	|.0....1. ..^....^ ..1...0. ...^...^| ok p=0.980469
Q25:	|....^.-. ........ ..-...1. ........| ok p=0.714844
Q26:	|0+...... .....0.. ......-. ........| ok p=0.931641
Q27:	|1+....^. .....1.. ..^..... ........| ok p=0.740234
Q28:	|+-...... .....+.. ......^. ........| ok p=0.748047
Q29:	|.0...... .....0.. ........ ........| ok p=1
Q30:	|^1...... .....-.. ........ ........| ok p=1
Q31:	|........ .....-.. ........ ........| ok p=0.754883
Q32:	|........ ........ ........ ........| ok p=1
Q33:	|........ .....!.. ........ ........| ok p=1
Q34:	|........ ........ ........ ........| ok p=1
Q35:	|........ ........ ........ ........| ok p=1
Q36:	|........ ........ ........ ........| ok p=1
Q37:	|........ ........ ........ ........| ok p=1
Q38:	|........ ........ ........ ........| ok p=1
Q39:	|........ ........ ........ ........| ok p=1
Q40:	|........ ........ ........ ........| ok p=1
Q41:	|........ ........ ........ ........| ok p=1
Q42:	|........ ........ ........ ........| ok p=1
Q43:	|........ ........ ........ ........| ok p=1
Q44:	|........ ........ ........ ........| ok p=1
Q45:	|........ ........ ........ ........| ok p=1
Q46:	|........ ........ ........ ........| ok p=1
Q47:	|........ ........ ........ ........| ok p=1
Q48:	|........ ........ ........ ........| ok p=1
Q49:	|........ ........ ........ ........| ok p=1
Q50:	|........ ........ ........ ........| ok p=1
Q51:	|........ ........ ........ ........| ok p=1
Q52:	|........ ........ ........ ........| ok p=1
Q53:	|........ ........ ........ ........| ok p=1
Q54:	|........ ........ ........ ........| ok p=1
Q55:	|........ ........ ........ ........| ok p=1
Q56:	|........ ........ ........ ........| ok p=1
Q57:	|........ ........ ........ ........| ok p=1
Q58:	|........ ........ ........ ........| ok p=1
Q59:	|........ ........ ........ ........| ok p=1
Q60:	|...0.... ........ ........ ........| ok p=1
Q61:	|...0.... ........ ........ ........| ok p=0.926758
Q62:	|...+.... ........ ........ ........| ok p=1
Q63:	|...+.... ........ ........ ........| ok p=0.928711
Q64:	|...+.... ......-. ........ ........|
Best path: totcompl=-32 tottunnel=27, totcond=575, p=0.00300392
Best paths: 2
Q-3:	|11001111 10100010 11100001 00100101|
Q-2:	|010-111+ 0110-0-+ +1111000 +-011+01|
Q-1:	|00-++--- 1001-010 -100110+ --10+-00|
Q0:	|+++0-0++ +1-++00+ 01+001+- -0+---01| ok p=1
Q1:	|1+0-10-0 +.+1+..+ 0.+.0.-- .0-11..-| ok p=0.37207
Q2:	|0-0-0.00 +.+1...+ +...+.-1 1.+010.1| ok p=1
Q3:	|.11-.01- ..0.00^- 1.0.0..- ..+1...+| ok p=1
Q4:	|!+.+.0.0 1.-^..+1 0...+.11 ..--0..1| ok p=1
Q5:	|^-.-.+.1 ..++..00 ....1..0 .!-00..-| ok p=1
Q6:	|!-.0.-.+ ..10.0+. ....1!.- ..0--..+| ok p=0.998047
Q7:	|.-^0.-.+ ..01.1+. 0......- ..+1+.1-| ok p=1
Q8:	|^++..+.+ ...1.+-. 0....... ..+1+.1+| ok p=1
Q9:	|!10..10. ...1.0+. -....1.1 .^-..1+0| ok p=1
Q10:	|!1+.1000 1.1-01+. +0.110.1 111101+1| ok p=1
Q11:	|^0+.00-0 101+001^ 11.00+.0 01001++1| ok p=1
Q12:	|---^+--- -1+++--- 0+0+--^- --0---.+| ok p=1
Q13:	|11++--1- +++-01-1 011-++-0 1+1+1010| ok p=1
Q14:	|11111.0. 1-.110+1 10-10101 00-01-.1| ok p=1
Q15:	|.1+000-1 010-..-0 +.-1001. -11+.1..| ok p=0.401367
Q16:	|0-..0.-. .+....1. 0.+.0... 1.0..+..| ok p=0.680664
Q17:	|1.^.1.0. .0.^.00. -.-.1... +..^.0..| ok p=0.548828
Q18:	|+^..+.1. .-...1.. ..+.-... +....0..| ok p=0.400391
Q19:	|........ .-.0.+.. ^.+....0 -....-..| ok p=0.727539
Q20:	|^...^... .001...0 ..1.^..1 -..0...0| ok p=1
Q21:	|....0... .11-.^.1 ..1....- 0..1.^.1| ok p=0.464844
Q22:	|....1... ..+....+ ........ 0..+...-| ok p=0.972656
Q23:	|....+.0. ...^.... ..0....^ ........| ok p=0.972656
Q24:	|.0....1. ..^....^ ..1...0. ...^...^| ok p=0.97168
Q25:	|....^.-. ........ ..-...1. ........| ok p=0.743164
Q26:	|0+...... .....0.. ......-. ........| ok p=0.931641
Q27:	|1+....^. .....1.. ..^..... ........| ok p=0.754883
Q28:	|--...... .....+.. ......^. ........| ok p=0.736328
Q29:	|.0...... .....0.. ........ ........| ok p=1
Q30:	|^1...... .....-.. ........ ........| ok p=1
Q31:	|........ .....-.. ........ ........| ok p=0.743164
Q32:	|........ ........ ........ ........| ok p=1
Q33:	|........ .....!.. ........ ........| ok p=1
Q34:	|........ ........ ........ ........| ok p=1
Q35:	|........ ........ ........ ........| ok p=1
Q36:	|........ ........ ........ ........| ok p=1
Q37:	|........ ........ ........ ........| ok p=1
Q38:	|........ ........ ........ ........| ok p=1
Q39:	|........ ........ ........ ........| ok p=1
Q40:	|........ ........ ........ ........| ok p=1
Q41:	|........ ........ ........ ........| ok p=1
Q42:	|........ ........ ........ ........| ok p=1
Q43:	|........ ........ ........ ........| ok p=1
Q44:	|........ ........ ........ ........| ok p=1
Q45:	|........ ........ ........ ........| ok p=1
Q46:	|........ ........ ........ ........| ok p=1
Q47:	|........ ........ ........ ........| ok p=1
Q48:	|........ ........ ........ ........| ok p=1
Q49:	|........ ........ ........ ........| ok p=1
Q50:	|........ ........ ........ ........| ok p=1
Q51:	|........ ........ ........ ........| ok p=1
Q52:	|........ ........ ........ ........| ok p=1
Q53:	|........ ........ ........ ........| ok p=1
Q54:	|........ ........ ........ ........| ok p=1
Q55:	|........ ........ ........ ........| ok p=1
Q56:	|........ ........ ........ ........| ok p=1
Q57:	|........ ........ ........ ........| ok p=1
Q58:	|........ ........ ........ ........| ok p=1
Q59:	|........ ........ ........ ........| ok p=1
Q60:	|...0.... ........ ........ ........| ok p=1
Q61:	|...0.... ........ ........ ........| ok p=0.926758
Q62:	|...+.... ........ ........ ........| ok p=1
Q63:	|...+.... ........ ........ ........| ok p=0.936523
Q64:	|...+.... ......-. ........ ........|
Best path: totcompl=-32 tottunnel=27, totcond=574, p=0.00177966
Best paths: 2
**Best paths: 4
**Q-3:	|11001111 10100010 11100001 00100101|
Q-2:	|010-111+ 0110-0-+ +1111000 +-011+01|
Q-1:	|00-++--- 1001-010 -100110+ --10+-00|
Q0:	|+++0-0++ +1-++00+ 01+001+- -0+---01| ok p=1
Q1:	|1+0-10-0 +.+1+..+ 0.+.0.-- .0-11..-| ok p=0.362305
Q2:	|0-0-0.00 +.+1...+ +...+.-1 1.+010.1| ok p=1
Q3:	|.11-.01- ..0.00^- 1.0.0..- ..+1...+| ok p=1
Q4:	|!+.+.0.0 1.-^..+1 0...+.11 ..--1..1| ok p=1
Q5:	|^-.-.+.1 ..++..00 ....1..0 .!-01..-| ok p=1
Q6:	|.-!0.-1+ ..10..+. ....1!.- ..0--..+| ok p=1
Q7:	|.-^0.-0+ ..01..+. 0......- ..+0+..-| ok p=0.999023
Q8:	|^++..+++ ......+. 0...1... ..+1+..+| ok p=1
Q9:	|!00..10. ...^..+. -...10.1 .^-.1.^+| ok p=1
Q10:	|.+1.1100 010-11+1 +1..+11. 0.1.10+-| ok p=1
Q11:	|1+1.0.-1 000100+0 00.1+01^ 1^1^+01+| ok p=1
Q12:	|1+0.+^1+ -+-1++-+ ++00+1-- ++++-+--| ok p=1
Q13:	|-1+.0+00 -++-1011 011-++-1 +100+-11| ok p=1
Q14:	|1+0111+1 .1010+01 11-010.0 +0-11011| ok p=1
Q15:	|10+.01-. 100-.1-. 0.-1011. -.0+01..| ok p=0.683594
Q16:	|0-..0.-. .+...1.. 1.+.0... 0.0..+..| ok p=0.474609
Q17:	|1.^.1.0. .0.^.0^. -.-.1... +..^.-..| ok p=0.429688
Q18:	|+^..+.1. .-...1.. ..+.-... +....1..| ok p=0.413086
Q19:	|........ .-.0.+.. ^.+....0 -....-..| ok p=0.767578
Q20:	|^...^... .001...0 ..1.^..1 -..0...0| ok p=1
Q21:	|....0... .11-.^.1 ..1....- 0..1.^.1| ok p=0.441406
Q22:	|....1... ..+....+ ........ 0..+...-| ok p=0.977539
Q23:	|....+.0. ...^.... ..0....^ ........| ok p=0.96875
Q24:	|.0....1. ..^....^ ..1...0. ...^...^| ok p=0.987305
Q25:	|....^.-. ........ ..-...1. ........| ok p=0.735352
Q26:	|0+...... .....0.. ......-. ........| ok p=0.938477
Q27:	|1+....^. .....1.. ..^..... ........| ok p=0.757812
Q28:	|--...... .....+.. ......^. ........| ok p=0.736328
Q29:	|.0...... .....0.. ........ ........| ok p=1
Q30:	|^1...... .....-.. ........ ........| ok p=1
Q31:	|........ .....-.. ........ ........| ok p=0.745117
Q32:	|........ ........ ........ ........| ok p=1
Q33:	|........ .....!.. ........ ........| ok p=1
Q34:	|........ ........ ........ ........| ok p=1
Q35:	|........ ........ ........ ........| ok p=1
Q36:	|........ ........ ........ ........| ok p=1
Q37:	|........ ........ ........ ........| ok p=1
Q38:	|........ ........ ........ ........| ok p=1
Q39:	|........ ........ ........ ........| ok p=1
Q40:	|........ ........ ........ ........| ok p=1
Q41:	|........ ........ ........ ........| ok p=1
Q42:	|........ ........ ........ ........| ok p=1
Q43:	|........ ........ ........ ........| ok p=1
Q44:	|........ ........ ........ ........| ok p=1
Q45:	|........ ........ ........ ........| ok p=1
Q46:	|........ ........ ........ ........| ok p=1
Q47:	|........ ........ ........ ........| ok p=1
Q48:	|........ ........ ........ ........| ok p=1
Q49:	|........ ........ ........ ........| ok p=1
Q50:	|........ ........ ........ ........| ok p=1
Q51:	|........ ........ ........ ........| ok p=1
Q52:	|........ ........ ........ ........| ok p=1
Q53:	|........ ........ ........ ........| ok p=1
Q54:	|........ ........ ........ ........| ok p=1
Q55:	|........ ........ ........ ........| ok p=1
Q56:	|........ ........ ........ ........| ok p=1
Q57:	|........ ........ ........ ........| ok p=1
Q58:	|........ ........ ........ ........| ok p=1
Q59:	|........ ........ ........ ........| ok p=1
Q60:	|...0.... ........ ........ ........| ok p=1
Q61:	|...0.... ........ ........ ........| ok p=0.939453
Q62:	|...+.... ........ ........ ........| ok p=1
Q63:	|...+.... ........ ........ ........| ok p=0.935547
Q64:	|...+.... ......-. ........ ........|
Best path: totcompl=-31 tottunnel=28, totcond=570, p=0.00194326
Best paths: 2
Q-3:	|11001111 10100010 11100001 00100101|
Q-2:	|010-111+ 0110-0-+ +1111000 +-011+01|
Q-1:	|00-++--- 1001-010 -100110+ --10+-00|
Q0:	|+++0-0++ +1-++00+ 01+001+- -0+---01| ok p=1
Q1:	|1+0-10-0 +.+1+..+ 0.+.0.-- .0-11..-| ok p=0.376953
Q2:	|0-0-0.00 +.+1...+ +...+.-1 1.+010.1| ok p=1
Q3:	|.11-.01- ..0.00^- 1.0.0..- ..+1...+| ok p=1
Q4:	|!+.+.0.0 1.-^..+1 0...+.11 ..--1..1| ok p=1
Q5:	|^-.-.+.1 ..++..00 ....1..0 .!-01..-| ok p=1
Q6:	|!-.0.-1+ ..10..+. ....1!.- ..0--..+| ok p=0.999023
Q7:	|.-^0.-0+ ..01..+. 0......- ..+0+..-| ok p=0.999023
Q8:	|^++..+++ ......+. 0...1... ..+1+..+| ok p=1
Q9:	|!00..10. ...^..+. -...10.1 .^-.1.^+| ok p=1
Q10:	|.+1.1100 .00-11+1 +1..+1.. 0.1.10+-| ok p=1
Q11:	|1+1.0.-1 .10100+0 00.1+11^ 1^1^+01+| ok p=1
Q12:	|1+0.+^1+ ^--1++-+ ++001+0+ ++++-+--| ok p=1
Q13:	|-1+.0+00 -++-1011 011-++-1 +100+-11| ok p=1
Q14:	|1+0111+1 11010+01 11-00100 +0-11011| ok p=1
Q15:	|10+0.1-. 100-.1-. 0.-1011. -.0+01..| ok p=0.692383
Q16:	|0-..0.-. .+...1.. 1.+.0... 0.0..+..| ok p=0.464844
Q17:	|1.^.1.0. .0.^.0^. -.-.1... +..^.-..| ok p=0.413086
Q18:	|+^..+.1. .-...1.. ..+.-... +....1..| ok p=0.40332
Q19:	|........ .-.0.+.. ^.+....0 -....-..| ok p=0.74707
Q20:	|^...^... .001...0 ..1.^..1 -..0...0| ok p=1
Q21:	|....0... .11-.^.1 ..1....- 0..1.^.1| ok p=0.454102
Q22:	|....1... ..+....+ ........ 0..+...-| ok p=0.977539
Q23:	|....+.0. ...^.... ..0....^ ........| ok p=0.964844
Q24:	|.0....1. ..^....^ ..1...0. ...^...^| ok p=0.986328
Q25:	|....^.-. ........ ..-...1. ........| ok p=0.748047
Q26:	|0+...... .....0.. ......-. ........| ok p=0.9375
Q27:	|1+....^. .....1.. ..^..... ........| ok p=0.764648
Q28:	|+-...... .....+.. ......^. ........| ok p=0.756836
Q29:	|.0...... .....0.. ........ ........| ok p=1
Q30:	|^1...... .....-.. ........ ........| ok p=1
Q31:	|........ .....-.. ........ ........| ok p=0.75293
Q32:	|........ ........ ........ ........| ok p=1
Q33:	|........ .....!.. ........ ........| ok p=1
Q34:	|........ ........ ........ ........| ok p=1
Q35:	|........ ........ ........ ........| ok p=1
Q36:	|........ ........ ........ ........| ok p=1
Q37:	|........ ........ ........ ........| ok p=1
Q38:	|........ ........ ........ ........| ok p=1
Q39:	|........ ........ ........ ........| ok p=1
Q40:	|........ ........ ........ ........| ok p=1
Q41:	|........ ........ ........ ........| ok p=1
Q42:	|........ ........ ........ ........| ok p=1
Q43:	|........ ........ ........ ........| ok p=1
Q44:	|........ ........ ........ ........| ok p=1
Q45:	|........ ........ ........ ........| ok p=1
Q46:	|........ ........ ........ ........| ok p=1
Q47:	|........ ........ ........ ........| ok p=1
Q48:	|........ ........ ........ ........| ok p=1
Q49:	|........ ........ ........ ........| ok p=1
Q50:	|........ ........ ........ ........| ok p=1
Q51:	|........ ........ ........ ........| ok p=1
Q52:	|........ ........ ........ ........| ok p=1
Q53:	|........ ........ ........ ........| ok p=1
Q54:	|........ ........ ........ ........| ok p=1
Q55:	|........ ........ ........ ........| ok p=1
Q56:	|........ ........ ........ ........| ok p=1
Q57:	|........ ........ ........ ........| ok p=1
Q58:	|........ ........ ........ ........| ok p=1
Q59:	|........ ........ ........ ........| ok p=1
Q60:	|...0.... ........ ........ ........| ok p=1
Q61:	|...0.... ........ ........ ........| ok p=0.9375
Q62:	|...+.... ........ ........ ........| ok p=1
Q63:	|...+.... ........ ........ ........| ok p=0.939453
Q64:	|...+.... ......-. ........ ........|
Best path: totcompl=-31 tottunnel=28, totcond=569, p=0.00169553
Best paths: 2
********Q-3:	|11001111 10100010 11100001 00100101|
Q-2:	|010-111+ 0110-0-+ +1111000 +-011+01|
Q-1:	|00-++--- 1001-010 -100110+ --10+-00|
Q0:	|+++0-0++ +1-++00+ 01+001+- -0+---01| ok p=1
Q1:	|1+0-10-0 +.+1+..+ 0.+.0.-- .0-11..-| ok p=0.399414
Q2:	|0-0-0.00 +.+1...+ +...+.-1 1.+010.1| ok p=1
Q3:	|11.-.01- ..0.0.^- 1.0.0..- ..+1...+| ok p=1
Q4:	|0+.+.0.0 1.-^.^+1 0...+.11 ..--0..1| ok p=1
Q5:	|0-.-.+.1 ..++..00 ....1..0 .!-00..-| ok p=1
Q6:	|.-!0.-.+ ..10.0+. .1..1!.- ..0--..+| ok p=1
Q7:	|.-^0.-.+ ..01.1+. 0......- ..+1+.1-| ok p=1
Q8:	|^++..+.+ ...0.+-. 0....... ..+1+.1+| ok p=1
Q9:	|!10..10. ...0.0+. -....1.1 .^-..1+0| ok p=1
Q10:	|!1+.1000 ..0-01+1 +0..100. 011001+1| ok p=1
Q11:	|^0+.00-0 .^0+0010 11..0+1^ 11000++1| ok p=1
Q12:	|---^+--- .--++--- 1+1^+-++ --1---.+| ok p=1
Q13:	|11++--01 .1+-01-1 111-+1+0 1+0+0010| ok p=1
Q14:	|01111.01 .+0110+1 +1-011.0 01-01-.1| ok p=1
Q15:	|.1+001-. .10-..-. 11-10.1. -11+.1..| ok p=0.426758
Q16:	|0-..0.-. .+....1. 1.+.0... 1.0..+..| ok p=0.673828
Q17:	|1.^.1.0. .0.^.00. -.-.1... +..^.0..| ok p=0.381836
Q18:	|-^..+.1. .-...1.. ..+.-... +....0..| ok p=0.419922
Q19:	|........ .-.0.+.. ^.+....0 -....-..| ok p=0.745117
Q20:	|^...^... .001...0 ..1.^..1 -..0...0| ok p=1
Q21:	|....0... .11-.^.1 ..1....- 0..1.^.1| ok p=0.423828
Q22:	|....1... ..+....+ ........ 0..+...-| ok p=0.978516
Q23:	|....+.0. ...^.... ..0....^ ........| ok p=0.96875
Q24:	|.0....1. ..^....^ ..1...0. ...^...^| ok p=0.976562
Q25:	|....^.-. ........ ..-...1. ........| ok p=0.72168
Q26:	|0+...... .....0.. ......-. ........| ok p=0.935547
Q27:	|1+....^. .....1.. ..^..... ........| ok p=0.757812
Q28:	|+-...... .....+.. ......^. ........| ok p=0.761719
Q29:	|.0...... .....0.. ........ ........| ok p=1
Q30:	|^1...... .....-.. ........ ........| ok p=1
Q31:	|........ .....-.. ........ ........| ok p=0.758789
Q32:	|........ ........ ........ ........| ok p=1
Q33:	|........ .....!.. ........ ........| ok p=1
Q34:	|........ ........ ........ ........| ok p=1
Q35:	|........ ........ ........ ........| ok p=1
Q36:	|........ ........ ........ ........| ok p=1
Q37:	|........ ........ ........ ........| ok p=1
Q38:	|........ ........ ........ ........| ok p=1
Q39:	|........ ........ ........ ........| ok p=1
Q40:	|........ ........ ........ ........| ok p=1
Q41:	|........ ........ ........ ........| ok p=1
Q42:	|........ ........ ........ ........| ok p=1
Q43:	|........ ........ ........ ........| ok p=1
Q44:	|........ ........ ........ ........| ok p=1
Q45:	|........ ........ ........ ........| ok p=1
Q46:	|........ ........ ........ ........| ok p=1
Q47:	|........ ........ ........ ........| ok p=1
Q48:	|........ ........ ........ ........| ok p=1
Q49:	|........ ........ ........ ........| ok p=1
Q50:	|........ ........ ........ ........| ok p=1
Q51:	|........ ........ ........ ........| ok p=1
Q52:	|........ ........ ........ ........| ok p=1
Q53:	|........ ........ ........ ........| ok p=1
Q54:	|........ ........ ........ ........| ok p=1
Q55:	|........ ........ ........ ........| ok p=1
Q56:	|........ ........ ........ ........| ok p=1
Q57:	|........ ........ ........ ........| ok p=1
Q58:	|........ ........ ........ ........| ok p=1
Q59:	|........ ........ ........ ........| ok p=1
Q60:	|...0.... ........ ........ ........| ok p=1
Q61:	|...0.... ........ ........ ........| ok p=0.941406
Q62:	|...+.... ........ ........ ........| ok p=1
Q63:	|...+.... ........ ........ ........| ok p=0.93457
Q64:	|...+.... ......-. ........ ........|
Best path: totcompl=-30 tottunnel=29, totcond=568, p=0.00115723
****Q-3:	|11001111 10100010 11100001 00100101|
Q-2:	|010-111+ 0110-0-+ +1111000 +-011+01|
Q-1:	|00-++--- 1001-010 -100110+ --10+-00|
Q0:	|+++0-0++ +1-++00+ 01+001+- -0+---01| ok p=1
Q1:	|1+0-10-0 +.+1+..+ 0.+.0.-- .0-11..-| ok p=0.410156
Q2:	|0-0-0.00 +.+1...+ +...+.-1 1.+010.1| ok p=1
Q3:	|.11-.01- ..0.0.^- 1.0.0..- ..+1...+| ok p=1
Q4:	|!+.+.0.0 1.-^.^+1 0...+.11 ..--1..1| ok p=1
Q5:	|^-.-.+.1 ..++..00 ....1..0 .!-01..-| ok p=1
Q6:	|.-!0.-1+ ..10..+. ....1!.- ..0--..+| ok p=0.99707
Q7:	|.-^0.-0+ ..01..+. 0......- ..+0+..-| ok p=0.999023
Q8:	|^++..+++ ....^.+. 0...1... ..+1+..+| ok p=1
Q9:	|!00..10. ..^...+. -...10.0 .^-.1.1+| ok p=1
Q10:	|.+1.1100 10-.1.+0 +1..+1.. 0.10000+| ok p=1
Q11:	|1+1.0.-. 01100^+1 00.1+01^ 1^11+0+-| ok p=1
Q12:	|1+0.+^-^ -++1++-+ ++00010+ ++++-+--| ok p=1
Q13:	|-1+.0+0+ ----1011 011-++-1 +100+-1.| ok p=1
Q14:	|1+0.11+0 .0110+01 11-00100 +0-11011| ok p=1
Q15:	|10+^.0-1 000-.1-. 0.-1001. -.0+01..| ok p=0.696289
Q16:	|0-..0.-. .+...1.. 1.+.0... 0.0..+..| ok p=0.485352
Q17:	|1.^.1.0. .0.^.0^. -.-.1... +..^.-..| ok p=0.421875
Q18:	|+^..+.1. .-...1.. ..+.-... +....1..| ok p=0.424805
Q19:	|........ .-.0.+.. ^.+....0 -....-..| ok p=0.729492
Q20:	|^...^... .001...0 ..1.^..1 -..0...0| ok p=1
Q21:	|....0... .11-.^.1 ..1....- 0..1.^.1| ok p=0.457031
Q22:	|....1... ..+....+ ........ 0..+...-| ok p=0.976562
Q23:	|....+.0. ...^.... ..0....^ ........| ok p=0.955078
Q24:	|.0....1. ..^....^ ..1...0. ...^...^| ok p=0.983398
Q25:	|....^.-. ........ ..-...1. ........| ok p=0.708984
Q26:	|0+...... .....0.. ......-. ........| ok p=0.948242
Q27:	|1+....^. .....1.. ..^..... ........| ok p=0.744141
Q28:	|--...... .....+.. ......^. ........| ok p=0.77832
Q29:	|.0...... .....0.. ........ ........| ok p=1
Q30:	|^1...... .....-.. ........ ........| ok p=1
Q31:	|........ .....-.. ........ ........| ok p=0.750977
Q32:	|........ ........ ........ ........| ok p=1
Q33:	|........ .....!.. ........ ........| ok p=1
Q34:	|........ ........ ........ ........| ok p=1
Q35:	|........ ........ ........ ........| ok p=1
Q36:	|........ ........ ........ ........| ok p=1
Q37:	|........ ........ ........ ........| ok p=1
Q38:	|........ ........ ........ ........| ok p=1
Q39:	|........ ........ ........ ........| ok p=1
Q40:	|........ ........ ........ ........| ok p=1
Q41:	|........ ........ ........ ........| ok p=1
Q42:	|........ ........ ........ ........| ok p=1
Q43:	|........ ........ ........ ........| ok p=1
Q44:	|........ ........ ........ ........| ok p=1
Q45:	|........ ........ ........ ........| ok p=1
Q46:	|........ ........ ........ ........| ok p=1
Q47:	|........ ........ ........ ........| ok p=1
Q48:	|........ ........ ........ ........| ok p=1
Q49:	|........ ........ ........ ........| ok p=1
Q50:	|........ ........ ........ ........| ok p=1
Q51:	|........ ........ ........ ........| ok p=1
Q52:	|........ ........ ........ ........| ok p=1
Q53:	|........ ........ ........ ........| ok p=1
Q54:	|........ ........ ........ ........| ok p=1
Q55:	|........ ........ ........ ........| ok p=1
Q56:	|........ ........ ........ ........| ok p=1
Q57:	|........ ........ ........ ........| ok p=1
Q58:	|........ ........ ........ ........| ok p=1
Q59:	|........ ........ ........ ........| ok p=1
Q60:	|...0.... ........ ........ ........| ok p=1
Q61:	|...0.... ........ ........ ........| ok p=0.941406
Q62:	|...+.... ........ ........ ........| ok p=1
Q63:	|...+.... ........ ........ ........| ok p=0.954102
Q64:	|...+.... ......-. ........ ........|
Best path: totcompl=-28 tottunnel=31, totcond=568, p=0.00197714
Q-3:	|11001111 10100010 11100001 00100101|
Q-2:	|010-111+ 0110-0-+ +1111000 +-011+01|
Q-1:	|00-++--- 1001-010 -100110+ --10+-00|
Q0:	|+++0-0++ +1-++00+ 01+001+- -0+---01| ok p=1
Q1:	|1+0-10-0 +.+1+..+ 0.+.0.-- .0-11..-| ok p=0.387695
Q2:	|0-0-0000 +.+1...+ +...+.-1 1.+010.1| ok p=1
Q3:	|.1.-.01- ..0.0.^- 1.0.0..- ..+1...+| ok p=1
Q4:	|!+.+.0.0 1.-^.^+1 0...+.11 ..--1..1| ok p=1
Q5:	|^-.-.+.1 ..++..00 ....1..0 .!-01..-| ok p=1
Q6:	|.-!0.-1+ ..10..+. ....1!.- ..0--..+| ok p=0.999023
Q7:	|.-^0.-0+ ..01..+. 0......- ..+0+..-| ok p=1
Q8:	|^++..+++ ......+. 0...1... ..+1+..+| ok p=1
Q9:	|!00..10. ..^...+. -...10.0 .^-.1.1+| ok p=1
Q10:	|.+1.1100 10-.1.+0 +1..+1.. 0.10000+| ok p=1
Q11:	|1+1.0.-. 01100^+1 00.1+11^ 1^11+0+-| ok p=1
Q12:	|1+0.+^-^ -++1++-+ ++00100+ ++++-+--| ok p=1
Q13:	|-1+.0+0+ ----1011 011-++-1 +100+-1.| ok p=1
Q14:	|1+0.11+0 .0110+01 11-00100 +0-11011| ok p=1
Q15:	|10+^.0-1 000-.1-. 0.-1001. -.0+01..| ok p=0.707031
Q16:	|0-..0.-. .+...1.. 1.+.0... 0.0..+..| ok p=0.511719
Q17:	|1.^.1.0. .0.^.0^. -.-.1... +..^.-..| ok p=0.443359
Q18:	|+^..+.1. .-...1.. ..+.-... +....1..| ok p=0.416992
Q19:	|........ .-.0.+.. ^.+....0 -....-..| ok p=0.741211
Q20:	|^...^... .001...0 ..1.^..1 -..0...0| ok p=1
Q21:	|....0... .11-.^.1 ..1....- 0..1.^.1| ok p=0.446289
Q22:	|....1... ..+....+ ........ 0..+...-| ok p=0.972656
Q23:	|....+.0. ...^.... ..0....^ ........| ok p=0.976562
Q24:	|.0....1. ..^....^ ..1...0. ...^...^| ok p=0.981445
Q25:	|....^.-. ........ ..-...1. ........| ok p=0.734375
Q26:	|0+...... .....0.. ......-. ........| ok p=0.953125
Q27:	|1+....^. .....1.. ..^..... ........| ok p=0.756836
Q28:	|--...... .....+.. ......^. ........| ok p=0.746094
Q29:	|.0...... .....0.. ........ ........| ok p=1
Q30:	|^1...... .....-.. ........ ........| ok p=1
Q31:	|........ .....-.. ........ ........| ok p=0.733398
Q32:	|........ ........ ........ ........| ok p=1
Q33:	|........ .....!.. ........ ........| ok p=1
Q34:	|........ ........ ........ ........| ok p=1
Q35:	|........ ........ ........ ........| ok p=1
Q36:	|........ ........ ........ ........| ok p=1
Q37:	|........ ........ ........ ........| ok p=1
Q38:	|........ ........ ........ ........| ok p=1
Q39:	|........ ........ ........ ........| ok p=1
Q40:	|........ ........ ........ ........| ok p=1
Q41:	|........ ........ ........ ........| ok p=1
Q42:	|........ ........ ........ ........| ok p=1
Q43:	|........ ........ ........ ........| ok p=1
Q44:	|........ ........ ........ ........| ok p=1
Q45:	|........ ........ ........ ........| ok p=1
Q46:	|........ ........ ........ ........| ok p=1
Q47:	|........ ........ ........ ........| ok p=1
Q48:	|........ ........ ........ ........| ok p=1
Q49:	|........ ........ ........ ........| ok p=1
Q50:	|........ ........ ........ ........| ok p=1
Q51:	|........ ........ ........ ........| ok p=1
Q52:	|........ ........ ........ ........| ok p=1
Q53:	|........ ........ ........ ........| ok p=1
Q54:	|........ ........ ........ ........| ok p=1
Q55:	|........ ........ ........ ........| ok p=1
Q56:	|........ ........ ........ ........| ok p=1
Q57:	|........ ........ ........ ........| ok p=1
Q58:	|........ ........ ........ ........| ok p=1
Q59:	|........ ........ ........ ........| ok p=1
Q60:	|...0.... ........ ........ ........| ok p=1
Q61:	|...0.... ........ ........ ........| ok p=0.930664
Q62:	|...+.... ........ ........ ........| ok p=1
Q63:	|...+.... ........ ........ ........| ok p=0.941406
Q64:	|...+.... ......-. ........ ........|
Best path: totcompl=-28 tottunnel=31, totcond=567, p=0.00171645
Best paths: 2
**********Q-3:	|11001111 10100010 11100001 00100101|
Q-2:	|010-111+ 0110-0-+ +1111000 +-011+01|
Q-1:	|00-++--- 1001-010 -100110+ --10+-00|
Q0:	|+++0-0++ +1-++00+ 01+001+- -0+---01| ok p=1
Q1:	|1+0-10-0 +.+1+..+ 0.+.0.-- .0-11..-| ok p=0.365234
Q2:	|0-0-0.00 +.+1...+ +...+.-1 1.+010.1| ok p=1
Q3:	|.11-.01- ..0.0.^- 1.0.0..- ..+1...+| ok p=1
Q4:	|!+.+.0.0 1.-^1.+1 0...+.11 ..--1..1| ok p=1
Q5:	|^-.-.+.1 ..++..00 ....1..0 .!-01..-| ok p=1
Q6:	|!-.0.-1+ ..10..+. ....1.!- ..0--..+| ok p=0.995117
Q7:	|.-^0.-0+ ..01..+. 0......- ..+0+..-| ok p=1
Q8:	|^++..+++ ......+. 0...1... ..+1+..+| ok p=1
Q9:	|!00..10. ...^..+. -...10.1 .^-.0.1+| ok p=1
Q10:	|.+1.0100 100-..+0 +1..+10. 0.1.100+| ok p=1
Q11:	|0+1^11-. 0101^.+1 00.1+.0^ 1^1^+0+-| ok p=1
Q12:	|0+0+-+-^ -++0+0++ ++10+.-- ++++-+--| ok p=1
Q13:	|-0+01+0+ ----0111 011-+1+1 +100+-1.| ok p=1
Q14:	|10011.+0 .0011+01 11-01.00 00-11011| ok p=1
Q15:	|11+..1-1 000-.1-. 0.-10.1. -.0+01..| ok p=0.699219
Q16:	|0-..0.-. .+...1.. 1.+.0... 1.0..+..| ok p=0.488281
Q17:	|1.^.1.0. .0.^.0^. -.-.1... +..^.-..| ok p=0.405273
Q18:	|+^..+.1. .-...1.. ..+.-... +....1..| ok p=0.422852
Q19:	|........ .-.0.+.. ^.+....0 -....-..| ok p=0.717773
Q20:	|^...^... .001...0 ..1.^..1 -..0...0| ok p=1
Q21:	|....0... .11-.^.1 ..1....- 0..1.^.1| ok p=0.462891
Q22:	|....1... ..+....+ ........ 0..+...-| ok p=0.966797
Q23:	|....+.0. ...^.... ..0....^ ........| ok p=0.964844
Q24:	|.0....1. ..^....^ ..1...0. ...^...^| ok p=0.985352
Q25:	|....^.-. ........ ..-...1. ........| ok p=0.748047
Q26:	|0+...... .....0.. ......-. ........| ok p=0.930664
Q27:	|1+....^. .....1.. ..^..... ........| ok p=0.761719
Q28:	|+-...... .....+.. ......^. ........| ok p=0.75293
Q29:	|.0...... .....0.. ........ ........| ok p=1
Q30:	|^1...... .....-.. ........ ........| ok p=1
Q31:	|........ .....-.. ........ ........| ok p=0.75293
Q32:	|........ ........ ........ ........| ok p=1
Q33:	|........ .....!.. ........ ........| ok p=1
Q34:	|........ ........ ........ ........| ok p=1
Q35:	|........ ........ ........ ........| ok p=1
Q36:	|........ ........ ........ ........| ok p=1
Q37:	|........ ........ ........ ........| ok p=1
Q38:	|........ ........ ........ ........| ok p=1
Q39:	|........ ........ ........ ........| ok p=1
Q40:	|........ ........ ........ ........| ok p=1
Q41:	|........ ........ ........ ........| ok p=1
Q42:	|........ ........ ........ ........| ok p=1
Q43:	|........ ........ ........ ........| ok p=1
Q44:	|........ ........ ........ ........| ok p=1
Q45:	|........ ........ ........ ........| ok p=1
Q46:	|........ ........ ........ ........| ok p=1
Q47:	|........ ........ ........ ........| ok p=1
Q48:	|........ ........ ........ ........| ok p=1
Q49:	|........ ........ ........ ........| ok p=1
Q50:	|........ ........ ........ ........| ok p=1
Q51:	|........ ........ ........ ........| ok p=1
Q52:	|........ ........ ........ ........| ok p=1
Q53:	|........ ........ ........ ........| ok p=1
Q54:	|........ ........ ........ ........| ok p=1
Q55:	|........ ........ ........ ........| ok p=1
Q56:	|........ ........ ........ ........| ok p=1
Q57:	|........ ........ ........ ........| ok p=1
Q58:	|........ ........ ........ ........| ok p=1
Q59:	|........ ........ ........ ........| ok p=1
Q60:	|...0.... ........ ........ ........| ok p=1
Q61:	|...0.... ........ ........ ........| ok p=0.938477
Q62:	|...+.... ........ ........ ........| ok p=1
Q63:	|...+.... ........ ........ ........| ok p=0.938477
Q64:	|...+.... ......-. ........ ........|
Best path: totcompl=-28 tottunnel=31, totcond=565, p=0.00151147
******Q-3:	|11001111 10100010 11100001 00100101|
Q-2:	|010-111+ 0110-0-+ +1111000 +-011+01|
Q-1:	|00-++--- 1001-010 -100110+ --10+-00|
Q0:	|+++0-0++ +1-++00+ 01+001+- -0+---01| ok p=1
Q1:	|1+0-10-0 +.+1+..+ 0.+.0.-- .0-11..-| ok p=0.358398
Q2:	|0-0-0.00 +.+1...+ +...+.-1 1.+010.1| ok p=1
Q3:	|.1.-101- ..0.0.^- 1.0.0..- ..+1...+| ok p=1
Q4:	|!+.+.0.0 1.-^1.+1 0...+.11 ..--1..1| ok p=1
Q5:	|^-.-.+.1 ..++..00 ....1..0 .!-01..-| ok p=1
Q6:	|.-!0.-1+ ..10..+. ....1!.- ..0--..+| ok p=1
Q7:	|.-^0.-0+ ..01..+. 0!.....- ..+0+..-| ok p=1
Q8:	|^++..+++ ...0..+. 0...1... ..+1+..+| ok p=1
Q9:	|!00..10. ...0..+. -...10.1 .^-.1.^+| ok p=1
Q10:	|.+1.1100 .0.-1.+1 +1.1+11. 1.1000+-| ok p=1
Q11:	|0+1.0.-1 .1.+1.+0 00.1+01. 0^10+01+| ok p=1
Q12:	|0+0.+^-+ ^-^0-0++ ++0+-1+. -+++-+--| ok p=1
Q13:	|-0+00-++ +++00111 101-++-. +1+---11| ok p=1
Q14:	|100.10+. 1-001+01 10-1001^ +1-1.011| ok p=1
Q15:	|11+..1-1 011-.1-. 0.-1010. -.0+01..| ok p=0.702148
Q16:	|0+..0.-. .+...1.. 1.+.0... 0.0..+..| ok p=0.248047
Q17:	|0.^.1.0. .0.^.0^. -.-.1... +..^.-..| ok p=0.623047
Q18:	|+^..+.1. .-...1.. ..+.-... +....1..| ok p=0.401367
Q19:	|........ .-.0.+.. ^.+....0 -....-..| ok p=0.739258
Q20:	|^...^... .001...0 ..1.^..1 -..0...0| ok p=1
Q21:	|....0... .11-.^.1 ..1....- 0..1.^.1| ok p=0.459961
Q22:	|....1... ..+....+ ........ 0..+...-| ok p=0.974609
Q23:	|....+.0. ...^.... ..0....^ ........| ok p=0.973633
Q24:	|.0....1. ..^....^ ..1...0. ...^...^| ok p=0.983398
Q25:	|....^.-. ........ ..-...1. ........| ok p=0.746094
Q26:	|0+...... .....0.. ......-. ........| ok p=0.94043
Q27:	|1+....^. .....1.. ..^..... ........| ok p=0.772461
Q28:	|--...... .....+.. ......^. ........| ok p=0.735352
Q29:	|.0...... .....0.. ........ ........| ok p=1
Q30:	|^1...... .....-.. ........ ........| ok p=1
Q31:	|........ .....-.. ........ ........| ok p=0.727539
Q32:	|........ ........ ........ ........| ok p=1
Q33:	|........ .....!.. ........ ........| ok p=1
Q34:	|........ ........ ........ ........| ok p=1
Q35:	|........ ........ ........ ........| ok p=1
Q36:	|........ ........ ........ ........| ok p=1
Q37:	|........ ........ ........ ........| ok p=1
Q38:	|........ ........ ........ ........| ok p=1
Q39:	|........ ........ ........ ........| ok p=1
Q40:	|........ ........ ........ ........| ok p=1
Q41:	|........ ........ ........ ........| ok p=1
Q42:	|........ ........ ........ ........| ok p=1
Q43:	|........ ........ ........ ........| ok p=1
Q44:	|........ ........ ........ ........| ok p=1
Q45:	|........ ........ ........ ........| ok p=1
Q46:	|........ ........ ........ ........| ok p=1
Q47:	|........ ........ ........ ........| ok p=1
Q48:	|........ ........ ........ ........| ok p=1
Q49:	|........ ........ ........ ........| ok p=1
Q50:	|........ ........ ........ ........| ok p=1
Q51:	|........ ........ ........ ........| ok p=1
Q52:	|........ ........ ........ ........| ok p=1
Q53:	|........ ........ ........ ........| ok p=1
Q54:	|........ ........ ........ ........| ok p=1
Q55:	|........ ........ ........ ........| ok p=1
Q56:	|........ ........ ........ ........| ok p=1
Q57:	|........ ........ ........ ........| ok p=1
Q58:	|........ ........ ........ ........| ok p=1
Q59:	|........ ........ ........ ........| ok p=1
Q60:	|...0.... ........ ........ ........| ok p=1
Q61:	|...0.... ........ ........ ........| ok p=0.923828
Q62:	|...+.... ........ ........ ........| ok p=1
Q63:	|...+.... ........ ........ ........| ok p=0.942383
Q64:	|...+.... ......-. ........ ........|
Best path: totcompl=-27 tottunnel=32, totcond=565, p=0.00132744
Q-3:	|11001111 10100010 11100001 00100101|
Q-2:	|010-111+ 0110-0-+ +1111000 +-011+01|
Q-1:	|00-++--- 1001-010 -100110+ --10+-00|
Q0:	|+++0-0++ +1-++00+ 01+001+- -0+---01| ok p=1
Q1:	|1+0-10-0 +.+1+..+ 0.+.0.-- .0-11..-| ok p=0.37793
Q2:	|0-0-0.00 +.+1...+ +...+.-1 1.+010.1| ok p=1
Q3:	|.11-.01- ..0.0.^- 1.0.0..- ..+1...+| ok p=1
Q4:	|.+0+.0.0 1.-^1.+1 0...+.11 ..--1..1| ok p=1
Q5:	|^-.-.+.1 ..++..00 ....1..0 .!-01..-| ok p=1
Q6:	|!-.0.-1+ ..10..+. ....1!.- ..0--..+| ok p=1
Q7:	|.-^0.-0+ ..01..+! 0......- ..+0+..-| ok p=0.998047
Q8:	|^++..+++ ...1.^+. 0...1... ..+1+..+| ok p=1
Q9:	|!00..10. ...1..+. -...10.1 .^-.1.^+| ok p=1
Q10:	|.+1.1100 .0.-1.+1 +1..+10. 1.1001+-| ok p=1
Q11:	|0+1.0.-1 .1.+1.+0 0011+10. 0^10+11+| ok p=1
Q12:	|0+0.+^-+ ^-^0-0++ ++10+-+. -+++1---| ok p=1
Q13:	|-0+.0-++ +++00111 101-+1+. +1+---11| ok p=1
Q14:	|100^10+. 1-001+01 11-010.. +1-10011| ok p=1
Q15:	|11+..1-1 011-.1-. 0.-10.0. -.0+01..| ok p=0.697266
Q16:	|0+..0.-. .+...1.. 1.+.0... 0.0..+..| ok p=0.258789
Q17:	|0.^.1.0. .0.^.0^. -.-.1... +..^.-..| ok p=0.624023
Q18:	|+^..+.1. .-...1.. ..+.-... +....1..| ok p=0.417969
Q19:	|........ .-.0.+.. ^.+....0 -....-..| ok p=0.740234
Q20:	|^...^... .001...0 ..1.^..1 -..0...0| ok p=1
Q21:	|....0... .11-.^.1 ..1....- 0..1.^.1| ok p=0.458984
Q22:	|....1... ..+....+ ........ 0..+...-| ok p=0.969727
Q23:	|....+.0. ...^.... ..0....^ ........| ok p=0.970703
Q24:	|.0....1. ..^....^ ..1...0. ...^...^| ok p=0.980469
Q25:	|....^.-. ........ ..-...1. ........| ok p=0.78125
Q26:	|0+...... .....0.. ......-. ........| ok p=0.941406
Q27:	|1+....^. .....1.. ..^..... ........| ok p=0.737305
Q28:	|--...... .....+.. ......^. ........| ok p=0.738281
Q29:	|.0...... .....0.. ........ ........| ok p=1
Q30:	|^1...... .....-.. ........ ........| ok p=1
Q31:	|........ .....-.. ........ ........| ok p=0.762695
Q32:	|........ ........ ........ ........| ok p=1
Q33:	|........ .....!.. ........ ........| ok p=1
Q34:	|........ ........ ........ ........| ok p=1
Q35:	|........ ........ ........ ........| ok p=1
Q36:	|........ ........ ........ ........| ok p=1
Q37:	|........ ........ ........ ........| ok p=1
Q38:	|........ ........ ........ ........| ok p=1
Q39:	|........ ........ ........ ........| ok p=1
Q40:	|........ ........ ........ ........| ok p=1
Q41:	|........ ........ ........ ........| ok p=1
Q42:	|........ ........ ........ ........| ok p=1
Q43:	|........ ........ ........ ........| ok p=1
Q44:	|........ ........ ........ ........| ok p=1
Q45:	|........ ........ ........ ........| ok p=1
Q46:	|........ ........ ........ ........| ok p=1
Q47:	|........ ........ ........ ........| ok p=1
Q48:	|........ ........ ........ ........| ok p=1
Q49:	|........ ........ ........ ........| ok p=1
Q50:	|........ ........ ........ ........| ok p=1
Q51:	|........ ........ ........ ........| ok p=1
Q52:	|........ ........ ........ ........| ok p=1
Q53:	|........ ........ ........ ........| ok p=1
Q54:	|........ ........ ........ ........| ok p=1
Q55:	|........ ........ ........ ........| ok p=1
Q56:	|........ ........ ........ ........| ok p=1
Q57:	|........ ........ ........ ........| ok p=1
Q58:	|........ ........ ........ ........| ok p=1
Q59:	|........ ........ ........ ........| ok p=1
Q60:	|...0.... ........ ........ ........| ok p=1
Q61:	|...0.... ........ ........ ........| ok p=0.944336
Q62:	|...+.... ........ ........ ........| ok p=1
Q63:	|...+.... ........ ........ ........| ok p=0.935547
Q64:	|...+.... ......-. ........ ........|
Best path: totcompl=-27 tottunnel=32, totcond=564, p=0.00128605
Q-3:	|11001111 10100010 11100001 00100101|
Q-2:	|010-111+ 0110-0-+ +1111000 +-011+01|
Q-1:	|00-++--- 1001-010 -100110+ --10+-00|
Q0:	|+++0-0++ +1-++00+ 01+001+- -0+---01| ok p=1
Q1:	|1+0-10-0 +.+1+..+ 0.+.0.-- .0-11..-| ok p=0.373047
Q2:	|0-0-0000 +.+1...+ +...+.-1 1.+010.1| ok p=1
Q3:	|.1.-.01- ..0.0.^- 1.0.0..- ..+1...+| ok p=1
Q4:	|!+.+.0.0 1.-^.^+1 0...+.11 ..--1..1| ok p=1
Q5:	|^-.-.+.1 ..++..00 ....1..0 .!-01..-| ok p=1
Q6:	|!-.0.-1+ ..10..+. ....1!.- ..0--..+| ok p=0.999023
Q7:	|.-^0.-0+ ..01..+. 0......- ..+0+..-| ok p=1
Q8:	|^++..+++ ...1..+. 0...1... ..+1+..+| ok p=1
Q9:	|!00..10. ...1..+. -...10.1 .^-.1.^+| ok p=1
Q10:	|.+1.1100 .0.-1.+1 +1..+11. 1.1.01+-| ok p=1
Q11:	|0+1.0.-1 .1.+11+0 00.1+.1. 0^10+11+| ok p=1
Q12:	|0+0.+^-+ ^-^0-0++ ++10+.-. -++1++--| ok p=1
Q13:	|-0+.0-++ +++00111 101-+.+. +1+---00| ok p=1
Q14:	|100^10+. 1-001+01 11-0.^0^ +1-11011| ok p=1
Q15:	|11+..1-1 011-.1-. 0.-10.0. -.0+01..| ok p=0.676758
Q16:	|0+..0.-. .+...1.. 1.+.0... 0.0..+..| ok p=0.261719
Q17:	|0.^.1.0. .0.^.0^. -.-.1... +..^.-..| ok p=0.618164
Q18:	|+^..+.1. .-...1.. ..+.-... +....1..| ok p=0.40625
Q19:	|........ .-.0.+.. ^.+....0 -....-..| ok p=0.738281
Q20:	|^...^... .001...0 ..1.^..1 -..0...0| ok p=1
Q21:	|....0... .11-.^.1 ..1....- 0..1.^.1| ok p=0.443359
Q22:	|....1... ..+....+ ........ 0..+...-| ok p=0.97168
Q23:	|....+.0. ...^.... ..0....^ ........| ok p=0.96875
Q24:	|.0....1. ..^....^ ..1...0. ...^...^| ok p=0.982422
Q25:	|....^.-. ........ ..-...1. ........| ok p=0.727539
Q26:	|0+...... .....0.. ......-. ........| ok p=0.922852
Q27:	|1+....^. .....1.. ..^..... ........| ok p=0.731445
Q28:	|--...... .....+.. ......^. ........| ok p=0.759766
Q29:	|.0...... .....0.. ........ ........| ok p=1
Q30:	|^1...... .....-.. ........ ........| ok p=1
Q31:	|........ .....-.. ........ ........| ok p=0.744141
Q32:	|........ ........ ........ ........| ok p=1
Q33:	|........ .....!.. ........ ........| ok p=1
Q34:	|........ ........ ........ ........| ok p=1
Q35:	|........ ........ ........ ........| ok p=1
Q36:	|........ ........ ........ ........| ok p=1
Q37:	|........ ........ ........ ........| ok p=1
Q38:	|........ ........ ........ ........| ok p=1
Q39:	|........ ........ ........ ........| ok p=1
Q40:	|........ ........ ........ ........| ok p=1
Q41:	|........ ........ ........ ........| ok p=1
Q42:	|........ ........ ........ ........| ok p=1
Q43:	|........ ........ ........ ........| ok p=1
Q44:	|........ ........ ........ ........| ok p=1
Q45:	|........ ........ ........ ........| ok p=1
Q46:	|........ ........ ........ ........| ok p=1
Q47:	|........ ........ ........ ........| ok p=1
Q48:	|........ ........ ........ ........| ok p=1
Q49:	|........ ........ ........ ........| ok p=1
Q50:	|........ ........ ........ ........| ok p=1
Q51:	|........ ........ ........ ........| ok p=1
Q52:	|........ ........ ........ ........| ok p=1
Q53:	|........ ........ ........ ........| ok p=1
Q54:	|........ ........ ........ ........| ok p=1
Q55:	|........ ........ ........ ........| ok p=1
Q56:	|........ ........ ........ ........| ok p=1
Q57:	|........ ........ ........ ........| ok p=1
Q58:	|........ ........ ........ ........| ok p=1
Q59:	|........ ........ ........ ........| ok p=1
Q60:	|...0.... ........ ........ ........| ok p=1
Q61:	|...0.... ........ ........ ........| ok p=0.938477
Q62:	|...+.... ........ ........ ........| ok p=1
Q63:	|...+.... ........ ........ ........| ok p=0.927734
Q64:	|...+.... ......-. ........ ........|
Best path: totcompl=-25 tottunnel=34, totcond=559, p=0.00120241
