Extend MD5 differential paths forward
Copyright (C) 2009 Marc Stevens
http://homepages.cwi.nl/~stevens/

delta_m[11] = [!18!]
Loading workdir1/lowerpath.bin.gz...done: 1.
Estimating maxcond for upper bound 8000000 (=2000000 * 4)...
t=1:  0%   10   20   30   40   50   60   70   80   90   100%
      |----|----|----|----|----|----|----|----|----|----|
e     ***************************************************
Found maxcond = 2176
t=1:  0%   10   20   30   40   50   60   70   80   90   100%
      |----|----|----|----|----|----|----|----|----|----|
      ***************************************************
Q-3:	|11001111 10100010 11100001 00100101|
Q-2:	|010-111+ 0110-0-+ +1111000 +-011+01|
Q-1:	|00-++--- 1001-010 -100110+ --10+-00|
Q0:	|+++0-0++ +1-++00+ 01+001+- -0+---01| ok p=1
Q1:	|00++111- -.+0+..+ 1.+...-- .0-00..-| ok p=0.429688
Q2:	|.-..-... +.+..+.. -..+.-.. -.+.-..-|
Saving 130080 paths...done.
Autobalance parameters: maxcond=2176
Verified: 255456 bad out of 385536
Estimating maxcond for upper bound 8000000 (=2000000 * 4)...
t=2:  0%   10   20   30   40   50   60   70   80   90   100%
      |----|----|----|----|----|----|----|----|----|----|
e     **************************************************Found maxcond = 171
t=2:  0%   10   20   30   40   50   60   70   80   90   100%
      |----|----|----|----|----|----|----|----|----|----|
      **************************************************Q-3:	|11001111 10100010 11100001 00100101|
Q-2:	|010-111+ 0110-0-+ +1111000 +-011+01|
Q-1:	|00-++--- 1001-010 -100110+ --10+-00|
Q0:	|+++0-0++ +1-++00+ 01+001+- -0+---01| ok p=1
Q1:	|01++00-+ -.+1+..+ 1.+0..-- .0-11..-| ok p=0.75
Q2:	|1-.0-.0. +.+1...+ +..+..0. 1.+++1.0| ok p=0.644531
Q3:	|.....-.- ..+.+.+. .-..-... .+..-.+.|
Saving 2000000 paths...done.
Autobalance parameters: maxcond=170
Verified: 713727 bad out of 2855206
Estimating maxcond for upper bound 8000000 (=2000000 * 4)...
t=3:  0%   10   20   30   40   50   60   70   80   90   100%
      |----|----|----|----|----|----|----|----|----|----|
e     ***************************************************
Found maxcond = 185
t=3:  0%   10   20   30   40   50   60   70   80   90   100%
      |----|----|----|----|----|----|----|----|----|----|
      ***************************************************
Q-3:	|11001111 10100010 11100001 00100101|
Q-2:	|010-111+ 0110-0-+ +1111000 +-011+01|
Q-1:	|00-++--- 1001-010 -100110+ --10+-00|
Q0:	|+++0-0++ +1-++00+ 01+001+- -0+---01| ok p=1
Q1:	|+-1-00-0 +.+0+..+ 0.+.1.-- .0-11..-| ok p=0.380859
Q2:	|.-0-1.10 +.+1...+ +...+.-+ 0.+010.-| ok p=0.360352
Q3:	|1.....-. ....1... +.1.+..1 ..+.....| ok p=0.454102
Q4:	|..-...-. +.+..+.- ...+...- .-..+...|
Saving 2000000 paths...done.
Autobalance parameters: maxcond=184
Verified: 188601 bad out of 2941441
Estimating maxcond for upper bound 8000000 (=2000000 * 4)...
t=4:  0%   10   20   30   40   50   60   70   80   90   100%
      |----|----|----|----|----|----|----|----|----|----|
e     ***************************************************
Found maxcond = 201
t=4:  0%   10   20   30   40   50   60   70   80   90   100%
      |----|----|----|----|----|----|----|----|----|----|
      ***************************************************
Q-3:	|11001111 10100010 11100001 00100101|
Q-2:	|010-111+ 0110-0-+ +1111000 +-011+01|
Q-1:	|00-++--- 1001-010 -100110+ --10+-00|
Q0:	|+++0-0++ +1-++00+ 01+001+- -0+---01| ok p=1
Q1:	|1+0-10-0 +.+1+..+ 0.+.0.-- .0-11..-| ok p=0.383789
Q2:	|0-0-0.10 +.+1...+ +...+.-1 1.+010.1| ok p=0.598633
Q3:	|.0.-..0- ....0..- 1.0.-..- ..+0...+| ok p=0.614258
Q4:	|.+.+...0 1.1....+ +...0.10 ..--...0| ok p=0.617188
Q5:	|+.+..+.+ .-.+.+.. .......- .+.....-|
Saving 2000000 paths...done.
Autobalance parameters: maxcond=200
Verified: 162416 bad out of 2211410
Estimating maxcond for upper bound 8000000 (=2000000 * 4)...
t=5:  0%   10   20   30   40   50   60   70   80   90   100%
      |----|----|----|----|----|----|----|----|----|----|
e     ***************************************************
Found maxcond = 217
t=5:  0%   10   20   30   40   50   60   70   80   90   100%
      |----|----|----|----|----|----|----|----|----|----|
      ***************************************************
Q-3:	|11001111 10100010 11100001 00100101|
Q-2:	|010-111+ 0110-0-+ +1111000 +-011+01|
Q-1:	|00-++--- 1001-010 -100110+ --10+-00|
Q0:	|+++0-0++ +1-++00+ 01+001+- -0+---01| ok p=1
Q1:	|+-1-100- -.+1+..+ 0.+..1-- .0-11..-| ok p=0.249023
Q2:	|.-0-0.00 +.+11V.+ +....++. 1.+0-1.1| ok p=0.772461
Q3:	|0..-...- 1...-..+ -.0..0-1 1.+.-..+| ok p=0.827148
Q4:	|.0.+...1 1.0.1-.0 -....+1. +.+.+..+| ok p=0.634766
Q5:	|...-...+ ....+0.+ .....01. 0.+.-...| ok p=0.576172
Q6:	|......+. -..-.-.. +..+.-.- ..+...+.|
Saving 2000000 paths...done.
Autobalance parameters: maxcond=216
Verified: 60036 bad out of 2541264
Estimating maxcond for upper bound 8000000 (=2000000 * 4)...
t=6:  0%   10   20   30   40   50   60   70   80   90   100%
      |----|----|----|----|----|----|----|----|----|----|
e     ***************************************************
Found maxcond = 232
t=6:  0%   10   20   30   40   50   60   70   80   90   100%
      |----|----|----|----|----|----|----|----|----|----|
      ***************************************************
Q-3:	|11001111 10100010 11100001 00100101|
Q-2:	|010-111+ 0110-0-+ +1111000 +-011+01|
Q-1:	|00-++--- 1001-010 -100110+ --10+-00|
Q0:	|+++0-0++ +1-++00+ 01+001+- -0+---01| ok p=1
Q1:	|+-1-10-0 +.+1+..+ 0.+.0.-- .0-11..-| ok p=0.203125
Q2:	|.-0-0.10 +.+11V.+ +...+.-1 1.+110.1| ok p=0.621094
Q3:	|11.-..0- ..+.00.1 +.0.-..- ..+1...+| ok p=0.173828
Q4:	|.+.+...0 0.0.+-.- ....0.11 ..--.V.1| ok p=0.438477
Q5:	|.1.-...+ ..-.--.+ 0...1..0 ..-0...1| ok p=0.832031
Q6:	|.-.0...+ ..+.+..- .......- ..-1.-..| ok p=0.882812
Q7:	|.-.-...+ ..+.+..+ .......- ...+.+.+|
Saving 1712784 paths...done.
Autobalance parameters: maxcond=232
Verified: 106401 bad out of 1819185
Estimating maxcond for upper bound 8000000 (=2000000 * 4)...
t=7:  0%   10   20   30   40   50   60   70   80   90   100%
      |----|----|----|----|----|----|----|----|----|----|
e     ***************************************************
Found maxcond = 245
t=7:  0%   10   20   30   40   50   60   70   80   90   100%
      |----|----|----|----|----|----|----|----|----|----|
      ***************************************************
Q-3:	|11001111 10100010 11100001 00100101|
Q-2:	|010-111+ 0110-0-+ +1111000 +-011+01|
Q-1:	|00-++--- 1001-010 -100110+ --10+-00|
Q0:	|+++0-0++ +1-++00+ 01+001+- -0+---01| ok p=1
Q1:	|+-1-10-0 +.+1+..+ 0.+.0.-- .0-11..-| ok p=0.164062
Q2:	|.-0-0.10 +.+11V.+ +...+.-1 1.+110.1| ok p=0.570312
Q3:	|11.-..1- ..+.0.V. +.0.-..- ..+1...+| ok p=0.139648
Q4:	|.+.+...0 0.0.+-.1 -...0.10 ..--.V.1| ok p=0.422852
Q5:	|.1.-...+ ..-.-0-. 1...1..0 ..-0...1| ok p=0.833008
Q6:	|.1.0...+ ..+.+01. 0......- ..-1.-..| ok p=0.938477
Q7:	|...-...- ..+.+.+. .......- ...+.0..| ok p=0.480469
Q8:	|+.+....- .+....-. .+...... ...-....|
Saving 2000000 paths...done.
Autobalance parameters: maxcond=244
Verified: 3916 bad out of 2138878
Estimating maxcond for upper bound 8000000 (=2000000 * 4)...
t=8:  0%   10   20   30   40   50   60   70   80   90   100%
      |----|----|----|----|----|----|----|----|----|----|
e     ***************************************************
Found maxcond = 258
t=8:  0%   10   20   30   40   50   60   70   80   90   100%
      |----|----|----|----|----|----|----|----|----|----|
      ***************************************************
Q-3:	|11001111 10100010 11100001 00100101|
Q-2:	|010-111+ 0110-0-+ +1111000 +-011+01|
Q-1:	|00-++--- 1001-010 -100110+ --10+-00|
Q0:	|+++0-0++ +1-++00+ 01+001+- -0+---01| ok p=1
Q1:	|+-1-10-0 +.+1+..+ 0.+.0.-- .0-11..-| ok p=0.18457
Q2:	|.-0-0.10 +.+11V.+ +...+.-1 1.+110.1| ok p=0.541992
Q3:	|11.-..1- ..+.0.V. +.0.-..- ..+1...+| ok p=0.168945
Q4:	|.+.+...0 0.0.+-.1 -...0.10 ..--.V.1| ok p=0.424805
Q5:	|.1.-...+ ..-.-0-. 0.V.1..0 ..-0...1| ok p=0.713867
Q6:	|.1.+...+ .V+.+01. 0.1....- ..-1.-..| ok p=0.810547
Q7:	|.1.1...- ..+.+.+. ..-....- ...+.0..| ok p=0.493164
Q8:	|.-.-...- .+....+. ..+..... ..1-.1..| ok p=0.482422
Q9:	|.+.-..-. .+.-..+. -.+.-... ..-.+...|
Saving 2000000 paths...done.
Autobalance parameters: maxcond=257
Verified: 20387 bad out of 2734366
Estimating maxcond for upper bound 8000000 (=2000000 * 4)...
t=9:  0%   10   20   30   40   50   60   70   80   90   100%
      |----|----|----|----|----|----|----|----|----|----|
e     ***************************************************
Found maxcond = 271
t=9:  0%   10   20   30   40   50   60   70   80   90   100%
      |----|----|----|----|----|----|----|----|----|----|
      ***************************************************
Q-3:	|11001111 10100010 11100001 00100101|
Q-2:	|010-111+ 0110-0-+ +1111000 +-011+01|
Q-1:	|00-++--- 1001-010 -100110+ --10+-00|
Q0:	|+++0-0++ +1-++00+ 01+001+- -0+---01| ok p=1
Q1:	|+-1-10-0 +.+1+..+ 0.+.0.-- .0-11..-| ok p=0.188477
Q2:	|.-0-0.10 +.+11V.+ +...+.-1 1.+110.1| ok p=0.564453
Q3:	|11.-..1- ..+.0.V. +.0.-..- ..+1...+| ok p=0.150391
Q4:	|.+.+...0 0.0.+-.1 -...0.10 ..--.V.1| ok p=0.394531
Q5:	|.1.-...+ ..-.-0-. 1...1..0 ..-0...1| ok p=0.81543
Q6:	|.1V0...+ .1+.+01. 0V.....- ..-1.-..| ok p=1
Q7:	|.0.-...- .0+.+.+. .0..V..- ...+.0..| ok p=0.49707
Q8:	|.--1...- .+....-. .+...... ..1-.1..| ok p=0.696289
Q9:	|.001...- .+1.1.-. .-..-..1 ...0....| ok p=0.509766
Q10:	|+......- .+.-.-.. +...-... ....+.-.|
Saving 2000000 paths...done.
Autobalance parameters: maxcond=270
Verified: 27941 bad out of 2761223
Estimating maxcond for upper bound 8000000 (=2000000 * 4)...
t=10: 0%   10   20   30   40   50   60   70   80   90   100%
      |----|----|----|----|----|----|----|----|----|----|
e     ***************************************************
Found maxcond = 285
t=10: 0%   10   20   30   40   50   60   70   80   90   100%
      |----|----|----|----|----|----|----|----|----|----|
      ***************************************************
Q-3:	|11001111 10100010 11100001 00100101|
Q-2:	|010-111+ 0110-0-+ +1111000 +-011+01|
Q-1:	|00-++--- 1001-010 -100110+ --10+-00|
Q0:	|+++0-0++ +1-++00+ 01+001+- -0+---01| ok p=1
Q1:	|+-1-10-0 +.+1+..+ 0.+.0.-- .0-11..-| ok p=0.15625
Q2:	|.-0-0.10 +.+11V.+ +...+.-1 1.+110.1| ok p=0.542969
Q3:	|11.-..1- ..+.0.V. +.0.-..- ..+1...+| ok p=0.151367
Q4:	|.+.+...0 0.0.+-.1 -...0.10 ..--.V.1| ok p=0.441406
Q5:	|.1.-...+ ..-.-0-. 1...1..0 ..-0...1| ok p=0.871094
Q6:	|V1.00..+ .1+.+01. 0V.....- ..-1.-..| ok p=0.99707
Q7:	|...-1..- .0+.+.+. .0.....- ..+-.0..| ok p=0.416992
Q8:	|-..++..- .+0..V-. .+...... ..1-.1..| ok p=0.615234
Q9:	|0..-+..- .+0.1.-. .-.....0 ..0-.-..| ok p=0.363281
Q10:	|+..0-..- ..+..-.. .+...... ...-.+..| ok p=0.503906
Q11:	|+..-.+.+ ...+.+.- .+.+.-.+ .-...+..|
Saving 2000000 paths...done.
Autobalance parameters: maxcond=284
Verified: 229482 bad out of 3227259
Runtime: 116.494
Extend MD5 differential paths forward
Copyright (C) 2009 Marc Stevens
http://homepages.cwi.nl/~stevens/

delta_m[11] = [!18!]
Loading workdir1/paths10_0of1...done: 2000000 (work:2000000).
Estimating maxcond for upper bound 2000000 (=500000 * 4)...
t=11: 0%   10   20   30   40   50   60   70   80   90   100%
      |----|----|----|----|----|----|----|----|----|----|
e     ***************************************************
Found maxcond = 297
t=11: 0%   10   20   30   40   50   60   70   80   90   100%
      |----|----|----|----|----|----|----|----|----|----|
      ***************************************************
Q-3:	|11001111 10100010 11100001 00100101|
Q-2:	|010-111+ 0110-0-+ +1111000 +-011+01|
Q-1:	|00-++--- 1001-010 -100110+ --10+-00|
Q0:	|+++0-0++ +1-++00+ 01+001+- -0+---01| ok p=1
Q1:	|1+0-10-0 +.+1+..+ 0.+.0.-- .0-11..-| ok p=0.345703
Q2:	|0-0-0.00 +.+1..V+ +...+.-1 1.+010.1| ok p=0.966797
Q3:	|.1.-.V1- ..0V0..- 1.0.0..- ..+1...+| ok p=0.544922
Q4:	|.+.+.0.0 1.-...+1 0...+.11 ..--V..1| ok p=0.338867
Q5:	|.-.-.+.1 ..++..00 ....1..0 ..-01..-| ok p=0.772461
Q6:	|.-V0.-V+ ..10..+. ....1..- ..0--..+| ok p=0.998047
Q7:	|.-.0.-.+ ..01..+. V......- ..+0+.V-| ok p=0.498047
Q8:	|.++..+++ ..V...+. 0....... ..+1+.1+| ok p=0.260742
Q9:	|.10..10. ......+. -......0 ..-.0.+0| ok p=0.503906
Q10:	|.+1..100 ..-...+. +....... ..1.0.+1| ok p=0.991211
Q11:	|.+....-. ..0..... +....... ..1.+.+.| ok p=0.489258
Q12:	|.+..+..+ ..-.-.+. .+....+. ....+.+.|
Saving 500000 paths...done.
Autobalance parameters: maxcond=296
Verified: 31106 bad out of 733811
Runtime: 18.334
