MD5 differential path toolbox
Copyright (C) 2009 Marc Stevens
http://homepages.cwi.nl/~stevens/

IHV1   = {3483558181,140527005,664456420,1584035929}
IHV1   = 25e1a2cf9d456008e4cc9a2759786a5e

IHV2   = {3483558181,3822675489,412241192,1331820701}
IHV2   = 25e1a2cf2166d9e3284d92189df8614f

dIHV   = {0,3682148484,4042752068,4042752068}
NC0: delta c = delta d = [!-2!]
NC0: delta b           = [!-2,-23,-25!]
NC1: delta c = delta d = [!-6!]
NC1: delta b           = [!-6,-27,29!]
NC2: delta c = delta d = [!15!]
NC2: delta b           = [!-6,15!]
NC3: delta c = delta d = [!19!]
NC3: delta b           = [!19!]
NC4: delta c = delta d = [!-24!]
NC4: delta b           = [!-13,15,-24!]
NC5: delta c = delta d = [!28!]
NC5: delta b           = [!-17,28!]
NC0: prob=-8.45022
NC1: prob=-6.46184
NC2: prob=-7.64537
NC3: prob=-3.49115
NC4: prob=-6.18616
NC5: prob=-3.41508
delta m_11 = [!18!]
Q-3:	|11001111 10100010 11100001 00100101|
Q-2:	|010-111+ 0110-0-+ +1111000 +-011+01|
Q-1:	|00-++--- 1001-010 -100110+ --10+-00|
Q0:	|+++0-0++ +1-++00+ 01+001+- -0+---01| ok p=0.423828
Q1:	|.+.-..-. +.+.+..+ ..+..-.+ ..-....-|
Saved lower diff. path to 'workdir1/lowerpath.bin.gz'.

Q32:	|........ ........ ........ ........|
Q33:	|........ ........ ........ ........|
Q34:	|........ ........ ........ ........|
Q35:	|........ ........ ........ ........| ok p=1
Q36:	|........ ........ ........ ........| ok p=1
Q37:	|........ ........ ........ ........| ok p=1
Q38:	|........ ........ ........ ........| ok p=1
Q39:	|........ ........ ........ ........| ok p=1
Q40:	|........ ........ ........ ........| ok p=1
Q41:	|........ ........ ........ ........| ok p=1
Q42:	|........ ........ ........ ........| ok p=1
Q43:	|........ ........ ........ ........| ok p=1
Q44:	|........ ........ ........ ........| ok p=1
Q45:	|........ ........ ........ ........| ok p=1
Q46:	|........ ........ ........ ........| ok p=1
Q47:	|........ ........ ........ ........| ok p=1
Q48:	|........ ........ ........ ........| ok p=1
Q49:	|........ ........ ........ ........| ok p=1
Q50:	|........ ........ ........ ........| ok p=1
Q51:	|........ ........ ........ ........| ok p=1
Q52:	|........ ........ ........ ........| ok p=1
Q53:	|........ ........ ........ ........| ok p=1
Q54:	|........ ........ ........ ........| ok p=1
Q55:	|........ ........ ........ ........| ok p=1
Q56:	|........ ........ ........ ........| ok p=1
Q57:	|........ ........ ........ ........| ok p=1
Q58:	|........ ........ ........ ........| ok p=1
Q59:	|........ ........ ........ ........| ok p=1
Q60:	|...0.... ........ ........ ........| ok p=1
Q61:	|...0.... ........ ........ ........| ok p=0.94043
Q62:	|...+.... ........ ........ ........| ok p=1
Q63:	|...+.... ........ ........ ........| ok p=0.939453
Q64:	|...+.... ......-. ........ ........|
Saved upper diff. path to 'workdir1/upperpath.bin.gz'.
Saved 'md5diffpathforward.cfg'.
Saved 'md5diffpathbackward.cfg'.
Saved 'md5diffpathconnect.cfg'.
Saved 'md5diffpathhelper.cfg'.
