MD5 differential path toolbox
Copyright (C) 2009 Marc Stevens
http://homepages.cwi.nl/~stevens/

delta_m[11] = [!5!]
Q-3:	|10100100 01110100 01100011 01111001|
Q-2:	|00000000 0111011- +0111111 000+--10|
Q-1:	|10101100 1111000- +1010111 11111+11|
Q0:	|01111+1- -00111-+ +1111000 +-01+-01| ok p=0.949219
Q1:	|.-.1.+.1 --..0.01 .--..0.0 +-..0++.| ok p=0.65625
Q2:	|.-.+...+ 0+..0.00 0-0..-.0 .+..1--.| ok p=1
Q3:	|.-!+.1.+ ++1.+... .-0!.+.- 0+..-10.| ok p=1
Q4:	|!11..... 0+0.-... .+...+0- .00.101.| ok p=1
Q5:	|^+00...0 0-+.+... .11..01. .-1.+.+.| ok p=1
Q6:	|--1....1 .0-.0... .-1..1-0 .0..-.0.| ok p=1
Q7:	|1-0..0.1 .++.1... .0-...+0 .1..-.0.| ok p=1
Q8:	|111..0.+ .01^0..^ .1-...10 ....+...| ok p=1
Q9:	|.0...+.+ .10....+ .-...01+ ....+..1| ok p=1
Q10:	|11.0.-.- 1.-.1101 0+0.01.+ ..01+110| ok p=1
Q11:	|1001.0.+ 0.-10111 1-..1+.1 .110+11+| ok p=1
Q12:	|--1+^-.+ -^+0+--- 01^.-+.0 .1+----1| ok p=1
Q13:	|-++++1.- ++1++++1 +--1-+^+ .-1-0-+-| ok p=1
Q14:	|.01.11.1 11+1.001 0100.-+0 .0++0-10| ok p=1
Q15:	|010010.0 1+10111- 101-1101 0-0+..0-| ok p=1
Q16:	|.0...... .+1..1-. .0.-.+0. ..01.^.+| ok p=1
Q17:	|.1...+.. .00..1.^ .1.0.+.. -^00...1| ok p=0.742188
Q18:	|.+...+.. .10..+^. .+.1.-.. -.1....1| ok p=0.708008
Q19:	|....0-.. ..-..... .....-.. +.+....+| ok p=0.995117
Q20:	|.^..1-.. 0...0^.. .^...1.1 +...0...| ok p=1
Q21:	|....-0.. 1.^.1... .0...1.1 +.^.1..^| ok p=0.47168
Q22:	|.....0.. +...-... .1.....+ 1...+...| ok p=0.964844
Q23:	|....^... ........ .+.0...1 0......0| ok p=0.96582
Q24:	|...0.... ^...^.0. ...1...0 ....^..1| ok p=0.926758
Q25:	|...1.... ........ .^.-.... .......-| ok p=0.939453
Q26:	|...-.... .....0+. ........ ..0.....| ok p=0.939453
Q27:	|........ .....1+. ...^.... ..1....^| ok p=1
Q28:	|...^.... .....+-. ........ ..+.....| ok p=1
Q29:	|........ ......0. ........ ..0.....| ok p=0.953125
Q30:	|........ .....^1. ........ ..-.....| ok p=1
Q31:	|........ ........ ........ ..-.....| ok p=1
Q32:	|........ ........ ........ ........| ok p=1
Q33:	|........ ........ ........ ..!.....| ok p=1
Q34:	|........ ........ ........ ........| ok p=1
Q35:	|........ ........ ........ ........| ok p=1
Q36:	|........ ........ ........ ........| ok p=1
Q37:	|........ ........ ........ ........| ok p=1
Q38:	|........ ........ ........ ........| ok p=1
Q39:	|........ ........ ........ ........| ok p=1
Q40:	|........ ........ ........ ........| ok p=1
Q41:	|........ ........ ........ ........| ok p=1
Q42:	|........ ........ ........ ........| ok p=1
Q43:	|........ ........ ........ ........| ok p=1
Q44:	|........ ........ ........ ........| ok p=1
Q45:	|........ ........ ........ ........| ok p=1
Q46:	|........ ........ ........ ........| ok p=1
Q47:	|........ ........ ........ ........| ok p=1
Q48:	|........ ........ ........ ........| ok p=1
Q49:	|........ ........ ........ ........| ok p=1
Q50:	|........ ........ ........ ........| ok p=1
Q51:	|........ ........ ........ ........| ok p=1
Q52:	|........ ........ ........ ........| ok p=1
Q53:	|........ ........ ........ ........| ok p=1
Q54:	|........ ........ ........ ........| ok p=1
Q55:	|........ ........ ........ ........| ok p=1
Q56:	|........ ........ ........ ........| ok p=1
Q57:	|........ ........ ........ ........| ok p=1
Q58:	|........ ........ ........ ........| ok p=1
Q59:	|........ ........ ........ ........| ok p=1
Q60:	|........ ........ 0....... ........| ok p=1
Q61:	|........ ......10 1....... ........| ok p=1
Q62:	|........ ......1. +....... ........| ok p=1
Q63:	|........ ......+- -....... ........| ok p=1
Q64:	|........ ........ +....... .-......|
Starting...
20: Q5m5tunnel      = 3
20: Q4m5tunnel      = 1
20: Q14m6Q3m5tunnel = 1
21: Q10m10tunnel    = 3
21: Q9m10tunnel     = 4
22: Q8Q12m15tunnel  = 0
23: Q4m4tunnel      = 12
24: Q9m9tunnel      = 12
25: Q14Q3m14tunnel  = 2
.20: Q5m5tunnel      = 3
20: Q4m5tunnel      = 1
20: Q14m6Q3m5tunnel = 1
21: Q10m10tunnel    = 3
21: Q9m10tunnel     = 4
22: Q8Q12m15tunnel  = 0
23: Q4m4tunnel      = 12
24: Q9m9tunnel      = 12
25: Q14Q3m14tunnel  = 2
.20: Q5m5tunnel      = 3
20: Q4m5tunnel      = 1
20: Q14m6Q3m5tunnel = 1
21: Q10m10tunnel    = 3
21: Q9m10tunnel     = 4
22: Q8Q12m15tunnel  = 0
23: Q4m4tunnel      = 12
24: Q9m9tunnel      = 12
25: Q14Q3m14tunnel  = 2
.20: Q5m5tunnel      = 3
20: Q4m5tunnel      = 1
20: Q14m6Q3m5tunnel = 1
21: Q10m10tunnel    = 3
21: Q9m10tunnel     = 4
22: Q8Q12m15tunnel  = 0
23: Q4m4tunnel      = 12
24: Q9m9tunnel      = 12
25: Q14Q3m14tunnel  = 2
.20: Q5m5tunnel      = 2
20: Q4m5tunnel      = 1
20: Q14m6Q3m5tunnel = 1
21: Q10m10tunnel    = 3
21: Q9m10tunnel     = 4
22: Q8Q12m15tunnel  = 0
23: Q4m4tunnel      = 14
24: Q9m9tunnel      = 12
25: Q14Q3m14tunnel  = 1
.20: Q5m5tunnel      = 2
20: Q4m5tunnel      = 1
20: Q14m6Q3m5tunnel = 1
21: Q10m10tunnel    = 3
21: Q9m10tunnel     = 4
22: Q8Q12m15tunnel  = 0
23: Q4m4tunnel      = 14
24: Q9m9tunnel      = 12
25: Q14Q3m14tunnel  = 1
.20: Q5m5tunnel      = 3
20: Q4m5tunnel      = 1
20: Q14m6Q3m5tunnel = 1
21: Q10m10tunnel    = 3
21: Q9m10tunnel     = 4
22: Q8Q12m15tunnel  = 0
23: Q4m4tunnel      = 12
24: Q9m9tunnel      = 12
25: Q14Q3m14tunnel  = 2
20: Q5m5tunnel      = 2
20: Q4m5tunnel      = 1
20: Q14m6Q3m5tunnel = 1
21: Q10m10tunnel    = 3
21: Q9m10tunnel     = 4
22: Q8Q12m15tunnel  = 0
23: Q4m4tunnel      = 14
24: Q9m9tunnel      = 12
25: Q14Q3m14tunnel  = 1
..20: Q5m5tunnel      = 3
20: Q4m5tunnel      = 1
20: Q14m6Q3m5tunnel = 1
21: Q10m10tunnel    = 3
21: Q9m10tunnel     = 4
22: Q8Q12m15tunnel  = 0
23: Q4m4tunnel      = 12
24: Q9m9tunnel      = 12
25: Q14Q3m14tunnel  = 2
.20: Q5m5tunnel      = 2
20: Q4m5tunnel      = 1
20: Q14m6Q3m5tunnel = 1
21: Q10m10tunnel    = 3
21: Q9m10tunnel     = 4
22: Q8Q12m15tunnel  = 0
23: Q4m4tunnel      = 14
24: Q9m9tunnel      = 12
25: Q14Q3m14tunnel  = 1
.20: Q5m5tunnel      = 3
20: Q4m5tunnel      = 1
20: Q14m6Q3m5tunnel = 1
21: Q10m10tunnel    = 3
21: Q9m10tunnel     = 4
22: Q8Q12m15tunnel  = 0
23: Q4m4tunnel      = 12
24: Q9m9tunnel      = 12
25: Q14Q3m14tunnel  = 2
.20: Q5m5tunnel      = 3
20: Q4m5tunnel      = 1
20: Q14m6Q3m5tunnel = 1
21: Q10m10tunnel    = 3
21: Q9m10tunnel     = 4
22: Q8Q12m15tunnel  = 0
23: Q4m4tunnel      = 12
24: Q9m9tunnel      = 12
25: Q14Q3m14tunnel  = 2
.1 0
2 0
4 0
8 0
16 0
32 0
64 0
128 0
256 0
512 0
1024 0
2048 0
4096 0
8192 0
16384 0
32768 0
35695 1
50196 2
65536 2
131072 2
159403 4
262144 5
309689 8
524288 13
710926 16
1048576 21
1734133 32
2097152 39
3732830 64
4194304 71
7356741 128
8388608 141
Block 1: workdir5/coll1_2083505111
94 2f 20 93 a7 ad 13 73 c2 02 9f 39 5c 08 59 99 
76 43 91 c5 19 a8 89 ab b9 44 6a 90 00 a2 b0 22 
26 93 c5 e3 f4 e8 77 04 e0 7b 79 86 57 31 f5 80 
96 2c 49 09 7f 1c 85 cf 9e 16 dd 30 8f 9a 25 36 
Block 2: workdir5/coll2_2083505111
94 2f 20 93 a7 ad 13 73 c2 02 9f 39 5c 08 59 99 
76 43 91 c5 19 a8 89 ab b9 44 6a 90 00 a2 b0 22 
26 93 c5 e3 f4 e8 77 04 e0 7b 79 86 77 31 f5 80 
96 2c 49 09 7f 1c 85 cf 9e 16 dd 30 8f 9a 25 36 
Found collision!
