Extend MD5 differential paths backward
Copyright (C) 2009 Marc Stevens
http://homepages.cwi.nl/~stevens/

delta_m[11] = [!11!]
Loading workdir0/upperpath.bin.gz...done: 1.
Estimating maxcond for upper bound 262144 (=65536 * 4)...
t=34: 0%   10   20   30   40   50   60   70   80   90   100%
      |----|----|----|----|----|----|----|----|----|----|
e     ***************************************************
Found maxcond = 2176
t=34: 0%   10   20   30   40   50   60   70   80   90   100%
      |----|----|----|----|----|----|----|----|----|----|
      ***************************************************
Q31:	|........ ........ ....-... ........|
Q32:	|........ ........ ........ ........|
Q33:	|........ ........ ........ ........|
Q34:	|........ ........ ........ ........| ok p=1
Q35:	|........ ........ ........ ........| ok p=1
Q36:	|........ ........ ........ ........| ok p=1
Q37:	|........ ........ ........ ........| ok p=1
Q38:	|........ ........ ........ ........| ok p=1
Q39:	|........ ........ ........ ........| ok p=1
Q40:	|........ ........ ........ ........| ok p=1
Q41:	|........ ........ ........ ........| ok p=1
Q42:	|........ ........ ........ ........| ok p=1
Q43:	|........ ........ ........ ........| ok p=1
Q44:	|........ ........ ........ ........| ok p=1
Q45:	|........ ........ ........ ........| ok p=1
Q46:	|........ ........ ........ ........| ok p=1
Q47:	|........ ........ ........ ........| ok p=1
Q48:	|........ ........ ........ ........| ok p=1
Q49:	|........ ........ ........ ........| ok p=1
Q50:	|........ ........ ........ ........| ok p=1
Q51:	|........ ........ ........ ........| ok p=1
Q52:	|........ ........ ........ ........| ok p=1
Q53:	|........ ........ ........ ........| ok p=1
Q54:	|........ ........ ........ ........| ok p=1
Q55:	|........ ........ ........ ........| ok p=1
Q56:	|........ ........ ........ ........| ok p=1
Q57:	|........ ........ ........ ........| ok p=1
Q58:	|........ ........ ........ ........| ok p=1
Q59:	|........ ........ ........ ........| ok p=1
Q60:	|........ ..0..... ........ ........| ok p=1
Q61:	|........ ..0..... ........ ........| ok p=0.999023
Q62:	|........ ..+..... ........ ........| ok p=1
Q63:	|........ ..+..... ........ ........| ok p=1
Q64:	|........ ..+..... .....-.. ........|
Saving 1 paths...done.
Autobalance parameters: maxcond=2176
Verified: 0 bad out of 1
Estimating maxcond for upper bound 262144 (=65536 * 4)...
t=33: 0%   10   20   30   40   50   60   70   80   90   100%
      |----|----|----|----|----|----|----|----|----|----|
e     ***************************************************
Found maxcond = 35
t=33: 0%   10   20   30   40   50   60   70   80   90   100%
      |----|----|----|----|----|----|----|----|----|----|
      ***************************************************
Q30:	|........ ........ ....-... ........|
Q31:	|........ ........ ....-... ........|
Q32:	|........ ........ ........ ........|
Q33:	|........ ........ ....!... ........| ok p=1
Q34:	|........ ........ ........ ........| ok p=1
Q35:	|........ ........ ........ ........| ok p=1
Q36:	|........ ........ ........ ........| ok p=1
Q37:	|........ ........ ........ ........| ok p=1
Q38:	|........ ........ ........ ........| ok p=1
Q39:	|........ ........ ........ ........| ok p=1
Q40:	|........ ........ ........ ........| ok p=1
Q41:	|........ ........ ........ ........| ok p=1
Q42:	|........ ........ ........ ........| ok p=1
Q43:	|........ ........ ........ ........| ok p=1
Q44:	|........ ........ ........ ........| ok p=1
Q45:	|........ ........ ........ ........| ok p=1
Q46:	|........ ........ ........ ........| ok p=1
Q47:	|........ ........ ........ ........| ok p=1
Q48:	|........ ........ ........ ........| ok p=1
Q49:	|........ ........ ........ ........| ok p=1
Q50:	|........ ........ ........ ........| ok p=1
Q51:	|........ ........ ........ ........| ok p=1
Q52:	|........ ........ ........ ........| ok p=1
Q53:	|........ ........ ........ ........| ok p=1
Q54:	|........ ........ ........ ........| ok p=1
Q55:	|........ ........ ........ ........| ok p=1
Q56:	|........ ........ ........ ........| ok p=1
Q57:	|........ ........ ........ ........| ok p=1
Q58:	|........ ........ ........ ........| ok p=1
Q59:	|........ ........ ........ ........| ok p=1
Q60:	|........ ..0..... ........ ........| ok p=1
Q61:	|........ ..0..... ........ ........| ok p=0.99707
Q62:	|........ ..+..... ........ ........| ok p=1
Q63:	|........ ..+..... ........ ........| ok p=0.999023
Q64:	|........ ..+..... .....-.. ........|
Saving 65536 paths...done.
Autobalance parameters: maxcond=31
Verified: 0 bad out of 65537
Estimating maxcond for upper bound 262144 (=65536 * 4)...
t=32: 0%   10   20   30   40   50   60   70   80   90   100%
      |----|----|----|----|----|----|----|----|----|----|
e     ***************************************************
Found maxcond = 25
t=32: 0%   10   20   30   40   50   60   70   80   90   100%
      |----|----|----|----|----|----|----|----|----|----|
      ***************************************************
Q29:	|........ ........ ........ ........|
Q30:	|........ ........ ....+... ........|
Q31:	|........ ........ ....-... ........|
Q32:	|........ ........ ........ ........| ok p=1
Q33:	|........ ........ ....^... ........| ok p=1
Q34:	|........ ........ ........ ........| ok p=1
Q35:	|........ ........ ........ ........| ok p=1
Q36:	|........ ........ ........ ........| ok p=1
Q37:	|........ ........ ........ ........| ok p=1
Q38:	|........ ........ ........ ........| ok p=1
Q39:	|........ ........ ........ ........| ok p=1
Q40:	|........ ........ ........ ........| ok p=1
Q41:	|........ ........ ........ ........| ok p=1
Q42:	|........ ........ ........ ........| ok p=1
Q43:	|........ ........ ........ ........| ok p=1
Q44:	|........ ........ ........ ........| ok p=1
Q45:	|........ ........ ........ ........| ok p=1
Q46:	|........ ........ ........ ........| ok p=1
Q47:	|........ ........ ........ ........| ok p=1
Q48:	|........ ........ ........ ........| ok p=1
Q49:	|........ ........ ........ ........| ok p=1
Q50:	|........ ........ ........ ........| ok p=1
Q51:	|........ ........ ........ ........| ok p=1
Q52:	|........ ........ ........ ........| ok p=1
Q53:	|........ ........ ........ ........| ok p=1
Q54:	|........ ........ ........ ........| ok p=1
Q55:	|........ ........ ........ ........| ok p=1
Q56:	|........ ........ ........ ........| ok p=1
Q57:	|........ ........ ........ ........| ok p=1
Q58:	|........ ........ ........ ........| ok p=1
Q59:	|........ ........ ........ ........| ok p=1
Q60:	|........ ..0..... ........ ........| ok p=1
Q61:	|........ ..0..... ........ ........| ok p=1
Q62:	|........ ..+..... ........ ........| ok p=1
Q63:	|........ ..+..... ........ ........| ok p=1
Q64:	|........ ..+..... .....-.. ........|
Saving 65536 paths...done.
Autobalance parameters: maxcond=22
Verified: 0 bad out of 120062
Estimating maxcond for upper bound 262144 (=65536 * 4)...
t=31: 0%   10   20   30   40   50   60   70   80   90   100%
      |----|----|----|----|----|----|----|----|----|----|
e     ***************************************************
Found maxcond = 22
t=31: 0%   10   20   30   40   50   60   70   80   90   100%
      |----|----|----|----|----|----|----|----|----|----|
      ***************************************************
Q28:	|........ +....... ....+... ........|
Q29:	|........ ........ ........ ........|
Q30:	|........ ........ ....-... ........|
Q31:	|........ ........ ....-... ........| ok p=0.998047
Q32:	|........ ........ ........ ........| ok p=1
Q33:	|........ ........ ....!... ........| ok p=1
Q34:	|........ ........ ........ ........| ok p=1
Q35:	|........ ........ ........ ........| ok p=1
Q36:	|........ ........ ........ ........| ok p=1
Q37:	|........ ........ ........ ........| ok p=1
Q38:	|........ ........ ........ ........| ok p=1
Q39:	|........ ........ ........ ........| ok p=1
Q40:	|........ ........ ........ ........| ok p=1
Q41:	|........ ........ ........ ........| ok p=1
Q42:	|........ ........ ........ ........| ok p=1
Q43:	|........ ........ ........ ........| ok p=1
Q44:	|........ ........ ........ ........| ok p=1
Q45:	|........ ........ ........ ........| ok p=1
Q46:	|........ ........ ........ ........| ok p=1
Q47:	|........ ........ ........ ........| ok p=1
Q48:	|........ ........ ........ ........| ok p=1
Q49:	|........ ........ ........ ........| ok p=1
Q50:	|........ ........ ........ ........| ok p=1
Q51:	|........ ........ ........ ........| ok p=1
Q52:	|........ ........ ........ ........| ok p=1
Q53:	|........ ........ ........ ........| ok p=1
Q54:	|........ ........ ........ ........| ok p=1
Q55:	|........ ........ ........ ........| ok p=1
Q56:	|........ ........ ........ ........| ok p=1
Q57:	|........ ........ ........ ........| ok p=1
Q58:	|........ ........ ........ ........| ok p=1
Q59:	|........ ........ ........ ........| ok p=1
Q60:	|........ ..0..... ........ ........| ok p=1
Q61:	|........ ..0..... ........ ........| ok p=1
Q62:	|........ ..+..... ........ ........| ok p=1
Q63:	|........ ..+..... ........ ........| ok p=0.999023
Q64:	|........ ..+..... .....-.. ........|
Saving 65536 paths...done.
Autobalance parameters: maxcond=20
Verified: 0 bad out of 114804
Estimating maxcond for upper bound 262144 (=65536 * 4)...
t=30: 0%   10   20   30   40   50   60   70   80   90   100%
      |----|----|----|----|----|----|----|----|----|----|
e     ***************************************************
Found maxcond = 22
t=30: 0%   10   20   30   40   50   60   70   80   90   100%
      |----|----|----|----|----|----|----|----|----|----|
      ***************************************************
Q27:	|.-...... ........ ........ ........|
Q28:	|........ +....... ....-... ........|
Q29:	|........ ........ ....0... ........|
Q30:	|........ ^....... ....+... ........| ok p=0.741211
Q31:	|........ ........ ....-... ........| ok p=0.998047
Q32:	|........ ........ ........ ........| ok p=1
Q33:	|........ ........ ....^... ........| ok p=1
Q34:	|........ ........ ........ ........| ok p=1
Q35:	|........ ........ ........ ........| ok p=1
Q36:	|........ ........ ........ ........| ok p=1
Q37:	|........ ........ ........ ........| ok p=1
Q38:	|........ ........ ........ ........| ok p=1
Q39:	|........ ........ ........ ........| ok p=1
Q40:	|........ ........ ........ ........| ok p=1
Q41:	|........ ........ ........ ........| ok p=1
Q42:	|........ ........ ........ ........| ok p=1
Q43:	|........ ........ ........ ........| ok p=1
Q44:	|........ ........ ........ ........| ok p=1
Q45:	|........ ........ ........ ........| ok p=1
Q46:	|........ ........ ........ ........| ok p=1
Q47:	|........ ........ ........ ........| ok p=1
Q48:	|........ ........ ........ ........| ok p=1
Q49:	|........ ........ ........ ........| ok p=1
Q50:	|........ ........ ........ ........| ok p=1
Q51:	|........ ........ ........ ........| ok p=1
Q52:	|........ ........ ........ ........| ok p=1
Q53:	|........ ........ ........ ........| ok p=1
Q54:	|........ ........ ........ ........| ok p=1
Q55:	|........ ........ ........ ........| ok p=1
Q56:	|........ ........ ........ ........| ok p=1
Q57:	|........ ........ ........ ........| ok p=1
Q58:	|........ ........ ........ ........| ok p=1
Q59:	|........ ........ ........ ........| ok p=1
Q60:	|........ ..0..... ........ ........| ok p=1
Q61:	|........ ..0..... ........ ........| ok p=0.999023
Q62:	|........ ..+..... ........ ........| ok p=1
Q63:	|........ ..+..... ........ ........| ok p=1
Q64:	|........ ..+..... .....-.. ........|
Saving 65536 paths...done.
Autobalance parameters: maxcond=19
Verified: 9540 bad out of 146783
Runtime: 3.81812
Extend MD5 differential paths backward
Copyright (C) 2009 Marc Stevens
http://homepages.cwi.nl/~stevens/

delta_m[11] = [!11!]
Loading workdir0/paths30_0of1...done: 65536 (work:65536).
Estimating maxcond for upper bound 400000 (=100000 * 4)...
t=29: 0%   10   20   30   40   50   60   70   80   90   100%
      |----|----|----|----|----|----|----|----|----|----|
e     ***************************************************
Found maxcond = 23
t=29: 0%   10   20   30   40   50   60   70   80   90   100%
      |----|----|----|----|----|----|----|----|----|----|
      ***************************************************
Q26:	|........ ........ ....-... .....-..|
Q27:	|........ 1....... ....+... ........|
Q28:	|........ +....... ....+... ........|
Q29:	|........ ........ ....1... ........| ok p=1
Q30:	|........ ^....... ....-... ........| ok p=1
Q31:	|........ ........ ....-... ........| ok p=0.998047
Q32:	|........ ........ ........ ........| ok p=1
Q33:	|........ ........ ....!... ........| ok p=1
Q34:	|........ ........ ........ ........| ok p=1
Q35:	|........ ........ ........ ........| ok p=1
Q36:	|........ ........ ........ ........| ok p=1
Q37:	|........ ........ ........ ........| ok p=1
Q38:	|........ ........ ........ ........| ok p=1
Q39:	|........ ........ ........ ........| ok p=1
Q40:	|........ ........ ........ ........| ok p=1
Q41:	|........ ........ ........ ........| ok p=1
Q42:	|........ ........ ........ ........| ok p=1
Q43:	|........ ........ ........ ........| ok p=1
Q44:	|........ ........ ........ ........| ok p=1
Q45:	|........ ........ ........ ........| ok p=1
Q46:	|........ ........ ........ ........| ok p=1
Q47:	|........ ........ ........ ........| ok p=1
Q48:	|........ ........ ........ ........| ok p=1
Q49:	|........ ........ ........ ........| ok p=1
Q50:	|........ ........ ........ ........| ok p=1
Q51:	|........ ........ ........ ........| ok p=1
Q52:	|........ ........ ........ ........| ok p=1
Q53:	|........ ........ ........ ........| ok p=1
Q54:	|........ ........ ........ ........| ok p=1
Q55:	|........ ........ ........ ........| ok p=1
Q56:	|........ ........ ........ ........| ok p=1
Q57:	|........ ........ ........ ........| ok p=1
Q58:	|........ ........ ........ ........| ok p=1
Q59:	|........ ........ ........ ........| ok p=1
Q60:	|........ ..0..... ........ ........| ok p=1
Q61:	|........ ..0..... ........ ........| ok p=1
Q62:	|........ ..+..... ........ ........| ok p=1
Q63:	|........ ..+..... ........ ........| ok p=1
Q64:	|........ ..+..... .....-.. ........|
Saving 100000 paths...done.
Autobalance parameters: maxcond=21
Verified: 0 bad out of 167202
Estimating maxcond for upper bound 400000 (=100000 * 4)...
t=28: 0%   10   20   30   40   50   60   70   80   90   100%
      |----|----|----|----|----|----|----|----|----|----|
e     ***************************************************
Found maxcond = 25
t=28: 0%   10   20   30   40   50   60   70   80   90   100%
      |----|----|----|----|----|----|----|----|----|----|
      ***************************************************
Q25:	|........ .....-.. ....-... .-......|
Q26:	|........ -....... ....-... .....-..|
Q27:	|........ 0....... ....+... ........|
Q28:	|........ +....... ....+... .....^..| ok p=1
Q29:	|........ ........ ....1... ........| ok p=1
Q30:	|........ ^....... ....-... ........| ok p=1
Q31:	|........ ........ ....-... ........| ok p=0.998047
Q32:	|........ ........ ........ ........| ok p=1
Q33:	|........ ........ ....!... ........| ok p=1
Q34:	|........ ........ ........ ........| ok p=1
Q35:	|........ ........ ........ ........| ok p=1
Q36:	|........ ........ ........ ........| ok p=1
Q37:	|........ ........ ........ ........| ok p=1
Q38:	|........ ........ ........ ........| ok p=1
Q39:	|........ ........ ........ ........| ok p=1
Q40:	|........ ........ ........ ........| ok p=1
Q41:	|........ ........ ........ ........| ok p=1
Q42:	|........ ........ ........ ........| ok p=1
Q43:	|........ ........ ........ ........| ok p=1
Q44:	|........ ........ ........ ........| ok p=1
Q45:	|........ ........ ........ ........| ok p=1
Q46:	|........ ........ ........ ........| ok p=1
Q47:	|........ ........ ........ ........| ok p=1
Q48:	|........ ........ ........ ........| ok p=1
Q49:	|........ ........ ........ ........| ok p=1
Q50:	|........ ........ ........ ........| ok p=1
Q51:	|........ ........ ........ ........| ok p=1
Q52:	|........ ........ ........ ........| ok p=1
Q53:	|........ ........ ........ ........| ok p=1
Q54:	|........ ........ ........ ........| ok p=1
Q55:	|........ ........ ........ ........| ok p=1
Q56:	|........ ........ ........ ........| ok p=1
Q57:	|........ ........ ........ ........| ok p=1
Q58:	|........ ........ ........ ........| ok p=1
Q59:	|........ ........ ........ ........| ok p=1
Q60:	|........ ..0..... ........ ........| ok p=1
Q61:	|........ ..0..... ........ ........| ok p=1
Q62:	|........ ..+..... ........ ........| ok p=1
Q63:	|........ ..+..... ........ ........| ok p=1
Q64:	|........ ..+..... .....-.. ........|
Saving 100000 paths...done.
Autobalance parameters: maxcond=23
Verified: 0 bad out of 177199
Estimating maxcond for upper bound 400000 (=100000 * 4)...
t=27: 0%   10   20   30   40   50   60   70   80   90   100%
      |----|----|----|----|----|----|----|----|----|----|
e     ***************************************************
Found maxcond = 28
t=27: 0%   10   20   30   40   50   60   70   80   90   100%
      |----|----|----|----|----|----|----|----|----|----|
      ***************************************************
Q24:	|........ +....... ........ ....+...|
Q25:	|........ .....-.. ........ .-...1..|
Q26:	|........ 0....... ....0... .....-..|
Q27:	|........ 1....^.. ....1... .^......| ok p=0.99707
Q28:	|........ +....... ....+... .....^..| ok p=1
Q29:	|........ ........ ....0... ........| ok p=1
Q30:	|........ ^....... ....-... ........| ok p=1
Q31:	|........ ........ ....-... ........| ok p=0.999023
Q32:	|........ ........ ........ ........| ok p=1
Q33:	|........ ........ ....!... ........| ok p=1
Q34:	|........ ........ ........ ........| ok p=1
Q35:	|........ ........ ........ ........| ok p=1
Q36:	|........ ........ ........ ........| ok p=1
Q37:	|........ ........ ........ ........| ok p=1
Q38:	|........ ........ ........ ........| ok p=1
Q39:	|........ ........ ........ ........| ok p=1
Q40:	|........ ........ ........ ........| ok p=1
Q41:	|........ ........ ........ ........| ok p=1
Q42:	|........ ........ ........ ........| ok p=1
Q43:	|........ ........ ........ ........| ok p=1
Q44:	|........ ........ ........ ........| ok p=1
Q45:	|........ ........ ........ ........| ok p=1
Q46:	|........ ........ ........ ........| ok p=1
Q47:	|........ ........ ........ ........| ok p=1
Q48:	|........ ........ ........ ........| ok p=1
Q49:	|........ ........ ........ ........| ok p=1
Q50:	|........ ........ ........ ........| ok p=1
Q51:	|........ ........ ........ ........| ok p=1
Q52:	|........ ........ ........ ........| ok p=1
Q53:	|........ ........ ........ ........| ok p=1
Q54:	|........ ........ ........ ........| ok p=1
Q55:	|........ ........ ........ ........| ok p=1
Q56:	|........ ........ ........ ........| ok p=1
Q57:	|........ ........ ........ ........| ok p=1
Q58:	|........ ........ ........ ........| ok p=1
Q59:	|........ ........ ........ ........| ok p=1
Q60:	|........ ..0..... ........ ........| ok p=1
Q61:	|........ ..0..... ........ ........| ok p=0.998047
Q62:	|........ ..+..... ........ ........| ok p=1
Q63:	|........ ..+..... ........ ........| ok p=1
Q64:	|........ ..+..... .....-.. ........|
Saving 100000 paths...done.
Autobalance parameters: maxcond=26
Verified: 0 bad out of 175767
Estimating maxcond for upper bound 400000 (=100000 * 4)...
t=26: 0%   10   20   30   40   50   60   70   80   90   100%
      |----|----|----|----|----|----|----|----|----|----|
e     ***************************************************
Found maxcond = 31
t=26: 0%   10   20   30   40   50   60   70   80   90   100%
      |----|----|----|----|----|----|----|----|----|----|
      ***************************************************
Q23:	|.+...... +..+.... ...+.-.. ........|
Q24:	|........ .....1.. ........ .1...+..|
Q25:	|........ -....-.. ....-... .-...0..|
Q26:	|........ -....... ....-... .....-..| ok p=0.738281
Q27:	|........ +....^.. ....+... .^......| ok p=1
Q28:	|........ +....... ....+... .....^..| ok p=0.994141
Q29:	|........ 1....... ....1... ........| ok p=1
Q30:	|........ 0....... ....-... ........| ok p=1
Q31:	|........ ........ ....-... ........| ok p=0.999023
Q32:	|........ ........ ........ ........| ok p=1
Q33:	|........ ........ ....!... ........| ok p=1
Q34:	|........ ........ ........ ........| ok p=1
Q35:	|........ ........ ........ ........| ok p=1
Q36:	|........ ........ ........ ........| ok p=1
Q37:	|........ ........ ........ ........| ok p=1
Q38:	|........ ........ ........ ........| ok p=1
Q39:	|........ ........ ........ ........| ok p=1
Q40:	|........ ........ ........ ........| ok p=1
Q41:	|........ ........ ........ ........| ok p=1
Q42:	|........ ........ ........ ........| ok p=1
Q43:	|........ ........ ........ ........| ok p=1
Q44:	|........ ........ ........ ........| ok p=1
Q45:	|........ ........ ........ ........| ok p=1
Q46:	|........ ........ ........ ........| ok p=1
Q47:	|........ ........ ........ ........| ok p=1
Q48:	|........ ........ ........ ........| ok p=1
Q49:	|........ ........ ........ ........| ok p=1
Q50:	|........ ........ ........ ........| ok p=1
Q51:	|........ ........ ........ ........| ok p=1
Q52:	|........ ........ ........ ........| ok p=1
Q53:	|........ ........ ........ ........| ok p=1
Q54:	|........ ........ ........ ........| ok p=1
Q55:	|........ ........ ........ ........| ok p=1
Q56:	|........ ........ ........ ........| ok p=1
Q57:	|........ ........ ........ ........| ok p=1
Q58:	|........ ........ ........ ........| ok p=1
Q59:	|........ ........ ........ ........| ok p=1
Q60:	|........ ..0..... ........ ........| ok p=1
Q61:	|........ ..0..... ........ ........| ok p=1
Q62:	|........ ..+..... ........ ........| ok p=1
Q63:	|........ ..+..... ........ ........| ok p=1
Q64:	|........ ..+..... .....-.. ........|
Saving 100000 paths...done.
Autobalance parameters: maxcond=29
Verified: 0 bad out of 163781
Estimating maxcond for upper bound 400000 (=100000 * 4)...
t=25: 0%   10   20   30   40   50   60   70   80   90   100%
      |----|----|----|----|----|----|----|----|----|----|
e     ***************************************************
Found maxcond = 36
t=25: 0%   10   20   30   40   50   60   70   80   90   100%
      |----|----|----|----|----|----|----|----|----|----|
      ***************************************************
Q22:	|..+...-. ........ ......+. ........|
Q23:	|........ +..+.0.. .....+.. .0......|
Q24:	|........ +....1.. ........ .1...0..|
Q25:	|........ -..^.-.. .....^.. .-...1..| ok p=0.893555
Q26:	|........ -....... ....0... .....-..| ok p=0.995117
Q27:	|........ +....^.. ....1... .^......| ok p=0.995117
Q28:	|........ +....... ....+... .....^..| ok p=0.996094
Q29:	|........ 1....... ....0... ........| ok p=1
Q30:	|........ 0....... ....-... ........| ok p=1
Q31:	|........ ........ ....-... ........| ok p=0.998047
Q32:	|........ ........ ........ ........| ok p=1
Q33:	|........ ........ ....!... ........| ok p=1
Q34:	|........ ........ ........ ........| ok p=1
Q35:	|........ ........ ........ ........| ok p=1
Q36:	|........ ........ ........ ........| ok p=1
Q37:	|........ ........ ........ ........| ok p=1
Q38:	|........ ........ ........ ........| ok p=1
Q39:	|........ ........ ........ ........| ok p=1
Q40:	|........ ........ ........ ........| ok p=1
Q41:	|........ ........ ........ ........| ok p=1
Q42:	|........ ........ ........ ........| ok p=1
Q43:	|........ ........ ........ ........| ok p=1
Q44:	|........ ........ ........ ........| ok p=1
Q45:	|........ ........ ........ ........| ok p=1
Q46:	|........ ........ ........ ........| ok p=1
Q47:	|........ ........ ........ ........| ok p=1
Q48:	|........ ........ ........ ........| ok p=1
Q49:	|........ ........ ........ ........| ok p=1
Q50:	|........ ........ ........ ........| ok p=1
Q51:	|........ ........ ........ ........| ok p=1
Q52:	|........ ........ ........ ........| ok p=1
Q53:	|........ ........ ........ ........| ok p=1
Q54:	|........ ........ ........ ........| ok p=1
Q55:	|........ ........ ........ ........| ok p=1
Q56:	|........ ........ ........ ........| ok p=1
Q57:	|........ ........ ........ ........| ok p=1
Q58:	|........ ........ ........ ........| ok p=1
Q59:	|........ ........ ........ ........| ok p=1
Q60:	|........ ..0..... ........ ........| ok p=1
Q61:	|........ ..0..... ........ ........| ok p=0.999023
Q62:	|........ ..+..... ........ ........| ok p=1
Q63:	|........ ..+..... ........ ........| ok p=1
Q64:	|........ ..+..... .....-.. ........|
Saving 100000 paths...done.
Autobalance parameters: maxcond=35
Verified: 0 bad out of 134111
Estimating maxcond for upper bound 400000 (=100000 * 4)...
t=24: 0%   10   20   30   40   50   60   70   80   90   100%
      |----|----|----|----|----|----|----|----|----|----|
e     ***************************************************
Found maxcond = 44
t=24: 0%   10   20   30   40   50   60   70   80   90   100%
      |----|----|----|----|----|----|----|----|----|----|
      ***************************************************
Q21:	|.-...... -...-... ..-..... ....-.+.|
Q22:	|..+..... ...1.... .....1+. ........|
Q23:	|........ +..+.0.. .....+.. .0...+..|
Q24:	|..^..... +....1.. ......^. .1...+..| ok p=0.740234
Q25:	|........ -..^.-.. .....^.. .-...-..| ok p=0.891602
Q26:	|........ -....... ....0... .....-..| ok p=0.995117
Q27:	|........ +....^.. ....1... .^...1..| ok p=0.999023
Q28:	|........ +....... ....+... .....0..| ok p=0.998047
Q29:	|........ 1....... ....0... ........| ok p=1
Q30:	|........ 0....... ....-... ........| ok p=1
Q31:	|........ ........ ....-... ........| ok p=0.998047
Q32:	|........ ........ ........ ........| ok p=1
Q33:	|........ ........ ....!... ........| ok p=1
Q34:	|........ ........ ........ ........| ok p=1
Q35:	|........ ........ ........ ........| ok p=1
Q36:	|........ ........ ........ ........| ok p=1
Q37:	|........ ........ ........ ........| ok p=1
Q38:	|........ ........ ........ ........| ok p=1
Q39:	|........ ........ ........ ........| ok p=1
Q40:	|........ ........ ........ ........| ok p=1
Q41:	|........ ........ ........ ........| ok p=1
Q42:	|........ ........ ........ ........| ok p=1
Q43:	|........ ........ ........ ........| ok p=1
Q44:	|........ ........ ........ ........| ok p=1
Q45:	|........ ........ ........ ........| ok p=1
Q46:	|........ ........ ........ ........| ok p=1
Q47:	|........ ........ ........ ........| ok p=1
Q48:	|........ ........ ........ ........| ok p=1
Q49:	|........ ........ ........ ........| ok p=1
Q50:	|........ ........ ........ ........| ok p=1
Q51:	|........ ........ ........ ........| ok p=1
Q52:	|........ ........ ........ ........| ok p=1
Q53:	|........ ........ ........ ........| ok p=1
Q54:	|........ ........ ........ ........| ok p=1
Q55:	|........ ........ ........ ........| ok p=1
Q56:	|........ ........ ........ ........| ok p=1
Q57:	|........ ........ ........ ........| ok p=1
Q58:	|........ ........ ........ ........| ok p=1
Q59:	|........ ........ ........ ........| ok p=1
Q60:	|........ ..0..... ........ ........| ok p=1
Q61:	|........ ..0..... ........ ........| ok p=1
Q62:	|........ ..+..... ........ ........| ok p=1
Q63:	|........ ..+..... ........ ........| ok p=1
Q64:	|........ ..+..... .....-.. ........|
Saving 100000 paths...done.
Autobalance parameters: maxcond=43
Verified: 138 bad out of 145719
Estimating maxcond for upper bound 400000 (=100000 * 4)...
t=23: 0%   10   20   30   40   50   60   70   80   90   100%
      |----|----|----|----|----|----|----|----|----|----|
e     ***************************************************
Found maxcond = 53
t=23: 0%   10   20   30   40   50   60   70   80   90   100%
      |----|----|----|----|----|----|----|----|----|----|
      ***************************************************
Q20:	|........ ....-... ........ .-.....-|
Q21:	|..1...1. ...0.... .1-...1. ........|
Q22:	|..+...-. ...1.... .+....+. .+......|
Q23:	|........ ...+.0.. ..^..... .+......| ok p=1
Q24:	|..^...^. 0....1.. .^....^. .-...0..| ok p=1
Q25:	|........ ...^.-.. ........ .-...1..| ok p=0.885742
Q26:	|.......0 +....... ....0... .1...-..| ok p=1
Q27:	|.......1 +....^.. ....1... .0......| ok p=0.99707
Q28:	|.......+ -....... ....+... .....^..| ok p=0.995117
Q29:	|........ 0....... ....0... ........| ok p=1
Q30:	|.......^ 1....... ....-... ........| ok p=1
Q31:	|........ ........ ....-... ........| ok p=0.998047
Q32:	|........ ........ ........ ........| ok p=1
Q33:	|........ ........ ....!... ........| ok p=1
Q34:	|........ ........ ........ ........| ok p=1
Q35:	|........ ........ ........ ........| ok p=1
Q36:	|........ ........ ........ ........| ok p=1
Q37:	|........ ........ ........ ........| ok p=1
Q38:	|........ ........ ........ ........| ok p=1
Q39:	|........ ........ ........ ........| ok p=1
Q40:	|........ ........ ........ ........| ok p=1
Q41:	|........ ........ ........ ........| ok p=1
Q42:	|........ ........ ........ ........| ok p=1
Q43:	|........ ........ ........ ........| ok p=1
Q44:	|........ ........ ........ ........| ok p=1
Q45:	|........ ........ ........ ........| ok p=1
Q46:	|........ ........ ........ ........| ok p=1
Q47:	|........ ........ ........ ........| ok p=1
Q48:	|........ ........ ........ ........| ok p=1
Q49:	|........ ........ ........ ........| ok p=1
Q50:	|........ ........ ........ ........| ok p=1
Q51:	|........ ........ ........ ........| ok p=1
Q52:	|........ ........ ........ ........| ok p=1
Q53:	|........ ........ ........ ........| ok p=1
Q54:	|........ ........ ........ ........| ok p=1
Q55:	|........ ........ ........ ........| ok p=1
Q56:	|........ ........ ........ ........| ok p=1
Q57:	|........ ........ ........ ........| ok p=1
Q58:	|........ ........ ........ ........| ok p=1
Q59:	|........ ........ ........ ........| ok p=1
Q60:	|........ ..0..... ........ ........| ok p=1
Q61:	|........ ..0..... ........ ........| ok p=0.999023
Q62:	|........ ..+..... ........ ........| ok p=1
Q63:	|........ ..+..... ........ ........| ok p=0.999023
Q64:	|........ ..+..... .....-.. ........|
Saving 100000 paths...done.
Autobalance parameters: maxcond=52
Verified: 0 bad out of 110078
Estimating maxcond for upper bound 400000 (=100000 * 4)...
t=22: 0%   10   20   30   40   50   60   70   80   90   100%
      |----|----|----|----|----|----|----|----|----|----|
e     ***************************************************
Found maxcond = 60
t=22: 0%   10   20   30   40   50   60   70   80   90   100%
      |----|----|----|----|----|----|----|----|----|----|
      ***************************************************
Q19:	|....-... ........ -...+... .+.....-|
Q20:	|..0...0. ........ .01...-. ......1-|
Q21:	|..1...1. ...0.... .1-...0. ......-.|
Q22:	|..+...-. ...1.... .+....+. .......^| ok p=0.820312
Q23:	|........ ...+.0.. ..^..... .0....^.| ok p=0.998047
Q24:	|..^...^. 0....1.. .^....^. .1...0..| ok p=1
Q25:	|........ ...^.-.. ........ .-...1..| ok p=0.889648
Q26:	|.......0 +....... ....0... .....-..| ok p=1
Q27:	|.......1 +....^.. ....1... .^......| ok p=0.998047
Q28:	|.......+ -....... ....+... .....^..| ok p=1
Q29:	|........ 0....... ....0... ........| ok p=1
Q30:	|.......^ 1....... ....-... ........| ok p=1
Q31:	|........ ........ ....-... ........| ok p=0.996094
Q32:	|........ ........ ........ ........| ok p=1
Q33:	|........ ........ ....!... ........| ok p=1
Q34:	|........ ........ ........ ........| ok p=1
Q35:	|........ ........ ........ ........| ok p=1
Q36:	|........ ........ ........ ........| ok p=1
Q37:	|........ ........ ........ ........| ok p=1
Q38:	|........ ........ ........ ........| ok p=1
Q39:	|........ ........ ........ ........| ok p=1
Q40:	|........ ........ ........ ........| ok p=1
Q41:	|........ ........ ........ ........| ok p=1
Q42:	|........ ........ ........ ........| ok p=1
Q43:	|........ ........ ........ ........| ok p=1
Q44:	|........ ........ ........ ........| ok p=1
Q45:	|........ ........ ........ ........| ok p=1
Q46:	|........ ........ ........ ........| ok p=1
Q47:	|........ ........ ........ ........| ok p=1
Q48:	|........ ........ ........ ........| ok p=1
Q49:	|........ ........ ........ ........| ok p=1
Q50:	|........ ........ ........ ........| ok p=1
Q51:	|........ ........ ........ ........| ok p=1
Q52:	|........ ........ ........ ........| ok p=1
Q53:	|........ ........ ........ ........| ok p=1
Q54:	|........ ........ ........ ........| ok p=1
Q55:	|........ ........ ........ ........| ok p=1
Q56:	|........ ........ ........ ........| ok p=1
Q57:	|........ ........ ........ ........| ok p=1
Q58:	|........ ........ ........ ........| ok p=1
Q59:	|........ ........ ........ ........| ok p=1
Q60:	|........ ..0..... ........ ........| ok p=1
Q61:	|........ ..0..... ........ ........| ok p=1
Q62:	|........ ..+..... ........ ........| ok p=1
Q63:	|........ ..+..... ........ ........| ok p=1
Q64:	|........ ..+..... .....-.. ........|
Saving 100000 paths...done.
Autobalance parameters: maxcond=59
Verified: 0 bad out of 119866
Estimating maxcond for upper bound 400000 (=100000 * 4)...
t=21: 0%   10   20   30   40   50   60   70   80   90   100%
      |----|----|----|----|----|----|----|----|----|----|
e     ***************************************************
Found maxcond = 71
t=21: 0%   10   20   30   40   50   60   70   80   90   100%
      |----|----|----|----|----|----|----|----|----|----|
      ***************************************************
Q18:	|.......+ ..+....- .+.-.... .+.-...+|
Q19:	|....-... ........ .--.+... ......0+|
Q20:	|..0...0. ...-.... .-0...0. ......0-|
Q21:	|..1.^.1. ...-.... .0-.^.1. ......-1| ok p=0.879883
Q22:	|..+...-. ...+.... .+....+. .......^| ok p=0.818359
Q23:	|........ ...+.0.. ..^..... .0....^.| ok p=0.998047
Q24:	|..^...^. 0..1.1.. .^....^. .1...0..| ok p=1
Q25:	|........ ...0.-.. ........ .-...1..| ok p=0.886719
Q26:	|.......0 +....... ....0... .....-..| ok p=1
Q27:	|.......1 +....^.. ....1... .^......| ok p=0.999023
Q28:	|.......+ -....... ....+... .....^..| ok p=0.999023
Q29:	|........ 0....... ....0... ........| ok p=1
Q30:	|.......^ 1....... ....-... ........| ok p=1
Q31:	|........ ........ ....-... ........| ok p=0.998047
Q32:	|........ ........ ........ ........| ok p=1
Q33:	|........ ........ ....!... ........| ok p=1
Q34:	|........ ........ ........ ........| ok p=1
Q35:	|........ ........ ........ ........| ok p=1
Q36:	|........ ........ ........ ........| ok p=1
Q37:	|........ ........ ........ ........| ok p=1
Q38:	|........ ........ ........ ........| ok p=1
Q39:	|........ ........ ........ ........| ok p=1
Q40:	|........ ........ ........ ........| ok p=1
Q41:	|........ ........ ........ ........| ok p=1
Q42:	|........ ........ ........ ........| ok p=1
Q43:	|........ ........ ........ ........| ok p=1
Q44:	|........ ........ ........ ........| ok p=1
Q45:	|........ ........ ........ ........| ok p=1
Q46:	|........ ........ ........ ........| ok p=1
Q47:	|........ ........ ........ ........| ok p=1
Q48:	|........ ........ ........ ........| ok p=1
Q49:	|........ ........ ........ ........| ok p=1
Q50:	|........ ........ ........ ........| ok p=1
Q51:	|........ ........ ........ ........| ok p=1
Q52:	|........ ........ ........ ........| ok p=1
Q53:	|........ ........ ........ ........| ok p=1
Q54:	|........ ........ ........ ........| ok p=1
Q55:	|........ ........ ........ ........| ok p=1
Q56:	|........ ........ ........ ........| ok p=1
Q57:	|........ ........ ........ ........| ok p=1
Q58:	|........ ........ ........ ........| ok p=1
Q59:	|........ ........ ........ ........| ok p=1
Q60:	|........ ..0..... ........ ........| ok p=1
Q61:	|........ ..0..... ........ ........| ok p=0.999023
Q62:	|........ ..+..... ........ ........| ok p=1
Q63:	|........ ..+..... ........ ........| ok p=1
Q64:	|........ ..+..... .....-.. ........|
Saving 100000 paths...done.
Autobalance parameters: maxcond=70
Verified: 0 bad out of 120629
Runtime: 9.15567
Extend MD5 differential paths backward
Copyright (C) 2009 Marc Stevens
http://homepages.cwi.nl/~stevens/

delta_m[11] = [!11!]
Loading workdir0/paths21_0of1...done: 100000 (work:100000).
Estimating maxcond for upper bound 65536 (=16384 * 4)...
t=20: 0%   10   20   30   40   50   60   70   80   90   100%
      |----|----|----|----|----|----|----|----|----|----|
e     ***************************************************
Found maxcond = 84
t=20: 0%   10   20   30   40   50   60   70   80   90   100%
      |----|----|----|----|----|----|----|----|----|----|
      ***************************************************
Q17:	|....-... ........ .......- ........|
Q18:	|....1..+ ...+.... -...1... .+.-...+|
Q19:	|....-... ........ -.0.+... .+....0+|
Q20:	|..0...0^ ...^.... 001...0. .0.^..0-| ok p=1
Q21:	|..1.^.1. ...0.... 11-.^.1. .^....-1| ok p=0.886719
Q22:	|..+...-. ...1.... .+....+. .......^| ok p=0.836914
Q23:	|........ ...+.0.. ..^..... .0....^.| ok p=0.999023
Q24:	|..^...^. 0....1.. .^....^. .1...0..| ok p=1
Q25:	|........ ...^.-.. ........ .-...1..| ok p=0.878906
Q26:	|.......0 +....... ....0... .....-..| ok p=1
Q27:	|.......1 +....^.. ....1... .^......| ok p=0.998047
Q28:	|.......+ -....... ....+... .....^..| ok p=0.999023
Q29:	|........ 0....... ....0... ........| ok p=1
Q30:	|.......^ 1....... ....-... ........| ok p=1
Q31:	|........ ........ ....-... ........| ok p=0.998047
Q32:	|........ ........ ........ ........| ok p=1
Q33:	|........ ........ ....!... ........| ok p=1
Q34:	|........ ........ ........ ........| ok p=1
Q35:	|........ ........ ........ ........| ok p=1
Q36:	|........ ........ ........ ........| ok p=1
Q37:	|........ ........ ........ ........| ok p=1
Q38:	|........ ........ ........ ........| ok p=1
Q39:	|........ ........ ........ ........| ok p=1
Q40:	|........ ........ ........ ........| ok p=1
Q41:	|........ ........ ........ ........| ok p=1
Q42:	|........ ........ ........ ........| ok p=1
Q43:	|........ ........ ........ ........| ok p=1
Q44:	|........ ........ ........ ........| ok p=1
Q45:	|........ ........ ........ ........| ok p=1
Q46:	|........ ........ ........ ........| ok p=1
Q47:	|........ ........ ........ ........| ok p=1
Q48:	|........ ........ ........ ........| ok p=1
Q49:	|........ ........ ........ ........| ok p=1
Q50:	|........ ........ ........ ........| ok p=1
Q51:	|........ ........ ........ ........| ok p=1
Q52:	|........ ........ ........ ........| ok p=1
Q53:	|........ ........ ........ ........| ok p=1
Q54:	|........ ........ ........ ........| ok p=1
Q55:	|........ ........ ........ ........| ok p=1
Q56:	|........ ........ ........ ........| ok p=1
Q57:	|........ ........ ........ ........| ok p=1
Q58:	|........ ........ ........ ........| ok p=1
Q59:	|........ ........ ........ ........| ok p=1
Q60:	|........ ..0..... ........ ........| ok p=1
Q61:	|........ ..0..... ........ ........| ok p=0.999023
Q62:	|........ ..+..... ........ ........| ok p=1
Q63:	|........ ..+..... ........ ........| ok p=1
Q64:	|........ ..+..... .....-.. ........|
Saving 16384 paths...done.
Autobalance parameters: maxcond=83
Verified: 0 bad out of 23146
Runtime: 2.55858
Extend MD5 differential paths backward
Copyright (C) 2009 Marc Stevens
http://homepages.cwi.nl/~stevens/

delta_m[11] = [!11!]
Loading workdir0/paths20_0of1...done: 16384 (work:16384).
Estimating maxcond for upper bound 2000000 (=500000 * 4)...
t=19: 0%   10   20   30   40   50   60   70   80   90   100%
      |----|----|----|----|----|----|----|----|----|----|
e     ***************************************************
Found maxcond = 95
t=19: 0%   10   20   30   40   50   60   70   80   90   100%
      |----|----|----|----|----|----|----|----|----|----|
      ***************************************************
Q16:	|....+... -....-.. +.-..... .+.....-|
Q17:	|....-..1 ...1.... ....-..- ...1....|
Q18:	|....1..+ ...+.... -...0... .+.-...+|
Q19:	|....-... ........ -.0.+..^ .+....0+| ok p=0.935547
Q20:	|..0...0^ ...^.... 001...0. .0.^..0-| ok p=1
Q21:	|..1.^.1. ...0.... 11-.^.1. .^....-1| ok p=0.90918
Q22:	|..+...-. ...1.... .+....+. .......^| ok p=0.827148
Q23:	|........ ...+.0.. ..^..... .0....^.| ok p=0.999023
Q24:	|..^...^. 0....1.. .^....^. .1...0..| ok p=1
Q25:	|........ ...^.-.. ........ .-...1..| ok p=0.870117
Q26:	|.......0 +....... ....0... .....-..| ok p=1
Q27:	|.......1 +....^.. ....1... .^......| ok p=0.998047
Q28:	|.......+ -....... ....+... .....^..| ok p=0.998047
Q29:	|........ 0....... ....0... ........| ok p=1
Q30:	|.......^ 1....... ....-... ........| ok p=1
Q31:	|........ ........ ....-... ........| ok p=0.999023
Q32:	|........ ........ ........ ........| ok p=1
Q33:	|........ ........ ....!... ........| ok p=1
Q34:	|........ ........ ........ ........| ok p=1
Q35:	|........ ........ ........ ........| ok p=1
Q36:	|........ ........ ........ ........| ok p=1
Q37:	|........ ........ ........ ........| ok p=1
Q38:	|........ ........ ........ ........| ok p=1
Q39:	|........ ........ ........ ........| ok p=1
Q40:	|........ ........ ........ ........| ok p=1
Q41:	|........ ........ ........ ........| ok p=1
Q42:	|........ ........ ........ ........| ok p=1
Q43:	|........ ........ ........ ........| ok p=1
Q44:	|........ ........ ........ ........| ok p=1
Q45:	|........ ........ ........ ........| ok p=1
Q46:	|........ ........ ........ ........| ok p=1
Q47:	|........ ........ ........ ........| ok p=1
Q48:	|........ ........ ........ ........| ok p=1
Q49:	|........ ........ ........ ........| ok p=1
Q50:	|........ ........ ........ ........| ok p=1
Q51:	|........ ........ ........ ........| ok p=1
Q52:	|........ ........ ........ ........| ok p=1
Q53:	|........ ........ ........ ........| ok p=1
Q54:	|........ ........ ........ ........| ok p=1
Q55:	|........ ........ ........ ........| ok p=1
Q56:	|........ ........ ........ ........| ok p=1
Q57:	|........ ........ ........ ........| ok p=1
Q58:	|........ ........ ........ ........| ok p=1
Q59:	|........ ........ ........ ........| ok p=1
Q60:	|........ ..0..... ........ ........| ok p=1
Q61:	|........ ..0..... ........ ........| ok p=1
Q62:	|........ ..+..... ........ ........| ok p=1
Q63:	|........ ..+..... ........ ........| ok p=1
Q64:	|........ ..+..... .....-.. ........|
Saving 500000 paths...done.
Autobalance parameters: maxcond=93
Verified: 0 bad out of 821227
Estimating maxcond for upper bound 2000000 (=500000 * 4)...
t=18: 0%   10   20   30   40   50   60   70   80   90   100%
      |----|----|----|----|----|----|----|----|----|----|
e     ***************************************************
Found maxcond = 107
t=18: 0%   10   20   30   40   50   60   70   80   90   100%
      |----|----|----|----|----|----|----|----|----|----|
      ***************************************************
Q15:	|..+....+ .-..-... .-.+.+.. .-.....-|
Q16:	|....+..- -..0.-.. +......1 .+.-....|
Q17:	|....-..0 ...1.... 0...0..+ .1.0...+|
Q18:	|....1..+ ^..+.^.. -...1... .1.+...+| ok p=0.853516
Q19:	|....-... ........ -.0.+..^ .+....0-| ok p=0.944336
Q20:	|..0...0^ ...^.... 001...0. ...^..1-| ok p=1
Q21:	|..1.^.1. ...0.... 11+.^.1. .^....-0| ok p=0.887695
Q22:	|..+...-. ...1.... .+....+. .......^| ok p=0.828125
Q23:	|........ ...+.0.. .1^..... .0....^.| ok p=1
Q24:	|..^...^. 0....1.. .0....^. .1...0..| ok p=1
Q25:	|........ ...^.-.. ........ .-...1..| ok p=0.875
Q26:	|.......0 +....... ....0... .....-..| ok p=1
Q27:	|.......1 +....^.. ....1... .^......| ok p=0.996094
Q28:	|.......+ -....... ....+... .....^..| ok p=1
Q29:	|........ 0....... ....0... ........| ok p=1
Q30:	|.......^ 1....... ....-... ........| ok p=1
Q31:	|........ ........ ....-... ........| ok p=0.999023
Q32:	|........ ........ ........ ........| ok p=1
Q33:	|........ ........ ....!... ........| ok p=1
Q34:	|........ ........ ........ ........| ok p=1
Q35:	|........ ........ ........ ........| ok p=1
Q36:	|........ ........ ........ ........| ok p=1
Q37:	|........ ........ ........ ........| ok p=1
Q38:	|........ ........ ........ ........| ok p=1
Q39:	|........ ........ ........ ........| ok p=1
Q40:	|........ ........ ........ ........| ok p=1
Q41:	|........ ........ ........ ........| ok p=1
Q42:	|........ ........ ........ ........| ok p=1
Q43:	|........ ........ ........ ........| ok p=1
Q44:	|........ ........ ........ ........| ok p=1
Q45:	|........ ........ ........ ........| ok p=1
Q46:	|........ ........ ........ ........| ok p=1
Q47:	|........ ........ ........ ........| ok p=1
Q48:	|........ ........ ........ ........| ok p=1
Q49:	|........ ........ ........ ........| ok p=1
Q50:	|........ ........ ........ ........| ok p=1
Q51:	|........ ........ ........ ........| ok p=1
Q52:	|........ ........ ........ ........| ok p=1
Q53:	|........ ........ ........ ........| ok p=1
Q54:	|........ ........ ........ ........| ok p=1
Q55:	|........ ........ ........ ........| ok p=1
Q56:	|........ ........ ........ ........| ok p=1
Q57:	|........ ........ ........ ........| ok p=1
Q58:	|........ ........ ........ ........| ok p=1
Q59:	|........ ........ ........ ........| ok p=1
Q60:	|........ ..0..... ........ ........| ok p=1
Q61:	|........ ..0..... ........ ........| ok p=1
Q62:	|........ ..+..... ........ ........| ok p=1
Q63:	|........ ..+..... ........ ........| ok p=0.996094
Q64:	|........ ..+..... .....-.. ........|
Saving 500000 paths...done.
Autobalance parameters: maxcond=105
Verified: 0 bad out of 910452
Estimating maxcond for upper bound 2000000 (=500000 * 4)...
t=17: 0%   10   20   30   40   50   60   70   80   90   100%
      |----|----|----|----|----|----|----|----|----|----|
e     ***************************************************
Found maxcond = 122
t=17: 0%   10   20   30   40   50   60   70   80   90   100%
      |----|----|----|----|----|----|----|----|----|----|
      ***************************************************
Q14:	|..+.+... +....... ....+... -....+.+|
Q15:	|..+..... 1-...1.. ..0.--.. .-.....+|
Q16:	|.......0 -..0.-.. +...1... .+.0...-|
Q17:	|..^.0..1 .^.1.... +0-.-^.. .1.1...0| ok p=0.84668
Q18:	|....0..+ ^..+.^.. -.-.0... .+.+...+| ok p=0.734375
Q19:	|....-... ........ 0--.+... .+....0+| ok p=0.955078
Q20:	|..0...0^ ...^.... ^--...0. .0.^..0-| ok p=1
Q21:	|..1.^.1. ...0.... .--.^.1. .^....-1| ok p=0.883789
Q22:	|..+...-. ...1.... .+1...+. .......^| ok p=0.881836
Q23:	|........ ...+.0.. .00..... .0....^.| ok p=0.999023
Q24:	|..^...^. 0....1.. .1....^. .1...0..| ok p=1
Q25:	|........ ...^.-.. ........ .-...1..| ok p=0.890625
Q26:	|.......0 +....... ....0... .....-..| ok p=1
Q27:	|.......1 +....^.. ....1... .^......| ok p=1
Q28:	|.......+ -....... ....+... .....^..| ok p=0.996094
Q29:	|........ 0....... ....0... ........| ok p=1
Q30:	|.......^ 1....... ....-... ........| ok p=1
Q31:	|........ ........ ....-... ........| ok p=0.995117
Q32:	|........ ........ ........ ........| ok p=1
Q33:	|........ ........ ....!... ........| ok p=1
Q34:	|........ ........ ........ ........| ok p=1
Q35:	|........ ........ ........ ........| ok p=1
Q36:	|........ ........ ........ ........| ok p=1
Q37:	|........ ........ ........ ........| ok p=1
Q38:	|........ ........ ........ ........| ok p=1
Q39:	|........ ........ ........ ........| ok p=1
Q40:	|........ ........ ........ ........| ok p=1
Q41:	|........ ........ ........ ........| ok p=1
Q42:	|........ ........ ........ ........| ok p=1
Q43:	|........ ........ ........ ........| ok p=1
Q44:	|........ ........ ........ ........| ok p=1
Q45:	|........ ........ ........ ........| ok p=1
Q46:	|........ ........ ........ ........| ok p=1
Q47:	|........ ........ ........ ........| ok p=1
Q48:	|........ ........ ........ ........| ok p=1
Q49:	|........ ........ ........ ........| ok p=1
Q50:	|........ ........ ........ ........| ok p=1
Q51:	|........ ........ ........ ........| ok p=1
Q52:	|........ ........ ........ ........| ok p=1
Q53:	|........ ........ ........ ........| ok p=1
Q54:	|........ ........ ........ ........| ok p=1
Q55:	|........ ........ ........ ........| ok p=1
Q56:	|........ ........ ........ ........| ok p=1
Q57:	|........ ........ ........ ........| ok p=1
Q58:	|........ ........ ........ ........| ok p=1
Q59:	|........ ........ ........ ........| ok p=1
Q60:	|........ ..0..... ........ ........| ok p=1
Q61:	|........ ..0..... ........ ........| ok p=1
Q62:	|........ ..+..... ........ ........| ok p=1
Q63:	|........ ..+..... ........ ........| ok p=0.99707
Q64:	|........ ..+..... .....-.. ........|
Saving 500000 paths...done.
Autobalance parameters: maxcond=121
Verified: 0 bad out of 872002
Estimating maxcond for upper bound 2000000 (=500000 * 4)...
t=16: 0%   10   20   30   40   50   60   70   80   90   100%
      |----|----|----|----|----|----|----|----|----|----|
e     ***************************************************
Found maxcond = 134
t=16: 0%   10   20   30   40   50   60   70   80   90   100%
      |----|----|----|----|----|----|----|----|----|----|
      ***************************************************
Q13:	|....+... +....+.. ..+....- .-....-.|
Q14:	|..1.+... +1...+.. 0...11.. -1.....0|
Q15:	|..+..... 1-...0.. ..0.--.. .-.....1|
Q16:	|..0.^..0 -..0.-.. +...1... ^+.0...-| ok p=1
Q17:	|..1.0..1 .^.1.... +0-.0^.. .1.1...1| ok p=0.861328
Q18:	|....0..+ ^..+.^.. -.-.1... .+.+...+| ok p=0.724609
Q19:	|....-... ........ 0--.+... .+....0+| ok p=0.957031
Q20:	|..0...0^ ...^.... ^--...0. .0.^..0-| ok p=1
Q21:	|..1.^.1. ...0.... .--.^.1. .^....-1| ok p=0.882812
Q22:	|..+...-. ...1.... .+1...+. .......^| ok p=0.867188
Q23:	|........ ...+.0.. .00..... .0....^.| ok p=0.998047
Q24:	|..^...^. 0....1.. .1....^. .1...0..| ok p=1
Q25:	|........ ...^.-.. ........ .-...1..| ok p=0.887695
Q26:	|.......0 +....... ....0... .....-..| ok p=1
Q27:	|.......1 +....^.. ....1... .^......| ok p=0.999023
Q28:	|.......+ -....... ....+... .....^..| ok p=0.996094
Q29:	|........ 0....... ....0... ........| ok p=1
Q30:	|.......^ 1....... ....-... ........| ok p=1
Q31:	|........ ........ ....-... ........| ok p=0.998047
Q32:	|........ ........ ........ ........| ok p=1
Q33:	|........ ........ ....!... ........| ok p=1
Q34:	|........ ........ ........ ........| ok p=1
Q35:	|........ ........ ........ ........| ok p=1
Q36:	|........ ........ ........ ........| ok p=1
Q37:	|........ ........ ........ ........| ok p=1
Q38:	|........ ........ ........ ........| ok p=1
Q39:	|........ ........ ........ ........| ok p=1
Q40:	|........ ........ ........ ........| ok p=1
Q41:	|........ ........ ........ ........| ok p=1
Q42:	|........ ........ ........ ........| ok p=1
Q43:	|........ ........ ........ ........| ok p=1
Q44:	|........ ........ ........ ........| ok p=1
Q45:	|........ ........ ........ ........| ok p=1
Q46:	|........ ........ ........ ........| ok p=1
Q47:	|........ ........ ........ ........| ok p=1
Q48:	|........ ........ ........ ........| ok p=1
Q49:	|........ ........ ........ ........| ok p=1
Q50:	|........ ........ ........ ........| ok p=1
Q51:	|........ ........ ........ ........| ok p=1
Q52:	|........ ........ ........ ........| ok p=1
Q53:	|........ ........ ........ ........| ok p=1
Q54:	|........ ........ ........ ........| ok p=1
Q55:	|........ ........ ........ ........| ok p=1
Q56:	|........ ........ ........ ........| ok p=1
Q57:	|........ ........ ........ ........| ok p=1
Q58:	|........ ........ ........ ........| ok p=1
Q59:	|........ ........ ........ ........| ok p=1
Q60:	|........ ..0..... ........ ........| ok p=1
Q61:	|........ ..0..... ........ ........| ok p=1
Q62:	|........ ..+..... ........ ........| ok p=1
Q63:	|........ ..+..... ........ ........| ok p=1
Q64:	|........ ..+..... .....-.. ........|
Saving 500000 paths...done.
Autobalance parameters: maxcond=133
Verified: 0 bad out of 508899
Runtime: 28.6162
