Connect MD5 differential paths
Copyright (C) 2009 Marc Stevens
http://homepages.cwi.nl/~stevens/

delta_m[11] = [!11!]
Loading workdir0/paths16_0of1.bin.gz...done: 500000.
Loading workdir0/paths11_0of1.bin.gz...done: 500000.
t=12: 0%   10   20   30   40   50   60   70   80   90   100%
      |----|----|----|----|----|----|----|----|----|----|
      *Q-3:	|11011100 00001010 10000101 00001111|
Q-2:	|11-+110+ -+1++100 -1000101 1+10+-01|
Q-1:	|111-100+ -+0++100 -1011010 0+001+00|
Q0:	|11-1-+01 -0-1-10+ 0+-11+00 +01+--11| ok p=0.259766
Q1:	|.++-+0.- 01+0-..- 000..+.. +0.--1+.| ok p=0.357422
Q2:	|.-01+1.1 -.1--..- .0+..... ...-.10^| ok p=0.999023
Q3:	|.00+0..+ 1.-10.1- ..+^.1.. 1..-1.0-| ok p=1
Q4:	|!0++0..- -.1-1.0. ..--.1.. 10.0...1| ok p=1
Q5:	|!-+....+ +.10..+0 ..11.-.. +1.+..^1| ok p=1
Q6:	|!1+0...1 +..1..1. ..00!-.. 01.1..-.| ok p=1
Q7:	|.0.....1 +.....-. !^...1.. 1-.1.01^| ok p=1
Q8:	|!.0..... 0..!..+. .-...-.1 0-.-.0++| ok p=1
Q9:	|.......1 0..0..-. .0..1+.1 -+.-.+10| ok p=1
Q10:	|!.000..1 -010..+1 11101+!+ ++01.+01| ok p=1
Q11:	|.01110.- 010-..-1 1100+1^- -+10100.| ok p=1
Q12:	|.1+++1^+ -+-+^00- -----1-+ 0+-+00+0| ok p=1
Q13:	|!-++1--- 1-11+1-- --0-0-1- 1+00+++0| ok p=1
Q14:	|.101+010 +0011+0. 0.01+001 -01011.+| ok p=1
Q15:	|.0+10000 1-..0000 0000--.1 0-.-001+| ok p=0.905273
Q16:	|..0.0..0 -..0.-.. +...0... 0+.1...-| ok p=0.864258
Q17:	|..1.0..1 .^.1.... +0-.0^.. .1.1...0| ok p=0.852539
Q18:	|....0..+ ^..+.^.. -.-.1... .+.+...+| ok p=0.732422
Q19:	|....-... ........ 0--.+... .+....0+| ok p=0.955078
Q20:	|..0...0^ ...^.... 0--...0. .0.^..0-| ok p=1
Q21:	|..1.^.1. ...0.... .--.^.1. .0....-1| ok p=0.888672
Q22:	|..+...-. ...1.... .+1...+. .......1| ok p=0.870117
Q23:	|........ ...+.0.. .00..... .0....^.| ok p=1
Q24:	|..^...^. 0....1.. .1....^. .1...0..| ok p=1
Q25:	|........ ...^.-.. ........ .-...1..| ok p=0.878906
Q26:	|.......0 +....... ....0... .....-..| ok p=1
Q27:	|.......1 +....^.. ....1... .^......| ok p=0.999023
Q28:	|.......+ -....... ....+... .....^..| ok p=0.99707
Q29:	|........ 0....... ....0... ........| ok p=1
Q30:	|.......^ 1....... ....-... ........| ok p=1
Q31:	|........ ........ ....-... ........| ok p=0.99707
Q32:	|........ ........ ........ ........| ok p=1
Q33:	|........ ........ ....!... ........| ok p=1
Q34:	|........ ........ ........ ........| ok p=1
Q35:	|........ ........ ........ ........| ok p=1
Q36:	|........ ........ ........ ........| ok p=1
Q37:	|........ ........ ........ ........| ok p=1
Q38:	|........ ........ ........ ........| ok p=1
Q39:	|........ ........ ........ ........| ok p=1
Q40:	|........ ........ ........ ........| ok p=1
Q41:	|........ ........ ........ ........| ok p=1
Q42:	|........ ........ ........ ........| ok p=1
Q43:	|........ ........ ........ ........| ok p=1
Q44:	|........ ........ ........ ........| ok p=1
Q45:	|........ ........ ........ ........| ok p=1
Q46:	|........ ........ ........ ........| ok p=1
Q47:	|........ ........ ........ ........| ok p=1
Q48:	|........ ........ ........ ........| ok p=1
Q49:	|........ ........ ........ ........| ok p=1
Q50:	|........ ........ ........ ........| ok p=1
Q51:	|........ ........ ........ ........| ok p=1
Q52:	|........ ........ ........ ........| ok p=1
Q53:	|........ ........ ........ ........| ok p=1
Q54:	|........ ........ ........ ........| ok p=1
Q55:	|........ ........ ........ ........| ok p=1
Q56:	|........ ........ ........ ........| ok p=1
Q57:	|........ ........ ........ ........| ok p=1
Q58:	|........ ........ ........ ........| ok p=1
Q59:	|........ ........ ........ ........| ok p=1
Q60:	|........ ..0..... ........ ........| ok p=1
Q61:	|........ ..0..... ........ ........| ok p=1
Q62:	|........ ..+..... ........ ........| ok p=1
Q63:	|........ ..+..... ........ ........| ok p=1
Q64:	|........ ..+..... .....-.. ........|
Best path: totcompl=-28 tottunnel=32, totcond=567, p=0.0270781
Best paths: 2
Q-3:	|11011100 00001010 10000101 00001111|
Q-2:	|11-+110+ -+1++100 -1000101 1+10+-01|
Q-1:	|111-100+ -+0++100 -1011010 0+001+00|
Q0:	|11-1-+01 -0-1-10+ 0+-11+00 +01+--11| ok p=0.237305
Q1:	|.++-+0.- 01+0-..- 000..+.. +0.--1+.| ok p=0.351562
Q2:	|.-01+1.1 -.1--..- .0+..... ...-.10^| ok p=1
Q3:	|.00+0..+ 1.-10.1- ..+^.1.. 1..-1.0-| ok p=1
Q4:	|!0++0..- -.1-1.0. ..--.1.. 10.0...1| ok p=1
Q5:	|!-+....+ +.10..+0 ..11.-.. +1.+..^1| ok p=1
Q6:	|!1+0...1 +..1..1. ..00.-!. 01.1.0-1| ok p=1
Q7:	|.0.....0 +.....-. !....1.. 1-.1.000| ok p=1
Q8:	|..0..... +.!...+. ..^..-0. -+.-.+1-| ok p=1
Q9:	|.!...... +.1.1.-. ..-.1+00 0+.-!+.0| ok p=1
Q10:	|!...0... 1.1.00-. 11001++. 1+000+01| ok p=1
Q11:	|.0..10.^ 0.-0+1-. 0010+100 0+10111.| ok p=1
Q12:	|.1^^-1^+ +.+1+-+^ +-+---+1 +1-----0| ok p=1
Q13:	|.-++-+-0 -11+-++- ---+0--+ 0+00-++0| ok p=1
Q14:	|.000+011 +1010+.0 0.10+011 -001.11+| ok p=1
Q15:	|.1+10111 1-.00011 1000--10 0-..011+| ok p=0.8125
Q16:	|..0.0..- -..0.-.. +...0... 0+.0...-| ok p=1
Q17:	|..1.0..0 .^.1.... +0-.0^.. .1.1...0| ok p=0.869141
Q18:	|....0..+ ^..+.^.. -.-.1... .+.+...+| ok p=0.699219
Q19:	|....-... ........ 0--.+... .+....0+| ok p=0.96582
Q20:	|..0...0^ ...^.... 0--...0. .0.^..0-| ok p=1
Q21:	|..1.^.1. ...0.... .--.^.1. .0....-1| ok p=0.878906
Q22:	|..+...-. ...1.... .+1...+. .......1| ok p=0.90918
Q23:	|........ ...+.0.. .00..... .0....^.| ok p=1
Q24:	|..^...^. 0....1.. .1....^. .1...0..| ok p=0.999023
Q25:	|........ ...^.-.. ........ .-...1..| ok p=0.887695
Q26:	|.......0 +....... ....0... .....-..| ok p=1
Q27:	|.......1 +....^.. ....1... .^......| ok p=0.999023
Q28:	|.......+ -....... ....+... .....^..| ok p=0.998047
Q29:	|........ 0....... ....0... ........| ok p=1
Q30:	|.......^ 1....... ....-... ........| ok p=1
Q31:	|........ ........ ....-... ........| ok p=0.996094
Q32:	|........ ........ ........ ........| ok p=1
Q33:	|........ ........ ....!... ........| ok p=1
Q34:	|........ ........ ........ ........| ok p=1
Q35:	|........ ........ ........ ........| ok p=1
Q36:	|........ ........ ........ ........| ok p=1
Q37:	|........ ........ ........ ........| ok p=1
Q38:	|........ ........ ........ ........| ok p=1
Q39:	|........ ........ ........ ........| ok p=1
Q40:	|........ ........ ........ ........| ok p=1
Q41:	|........ ........ ........ ........| ok p=1
Q42:	|........ ........ ........ ........| ok p=1
Q43:	|........ ........ ........ ........| ok p=1
Q44:	|........ ........ ........ ........| ok p=1
Q45:	|........ ........ ........ ........| ok p=1
Q46:	|........ ........ ........ ........| ok p=1
Q47:	|........ ........ ........ ........| ok p=1
Q48:	|........ ........ ........ ........| ok p=1
Q49:	|........ ........ ........ ........| ok p=1
Q50:	|........ ........ ........ ........| ok p=1
Q51:	|........ ........ ........ ........| ok p=1
Q52:	|........ ........ ........ ........| ok p=1
Q53:	|........ ........ ........ ........| ok p=1
Q54:	|........ ........ ........ ........| ok p=1
Q55:	|........ ........ ........ ........| ok p=1
Q56:	|........ ........ ........ ........| ok p=1
Q57:	|........ ........ ........ ........| ok p=1
Q58:	|........ ........ ........ ........| ok p=1
Q59:	|........ ........ ........ ........| ok p=1
Q60:	|........ ..0..... ........ ........| ok p=1
Q61:	|........ ..0..... ........ ........| ok p=0.998047
Q62:	|........ ..+..... ........ ........| ok p=1
Q63:	|........ ..+..... ........ ........| ok p=1
Q64:	|........ ..+..... .....-.. ........|
Best path: totcompl=-26 tottunnel=34, totcond=562, p=0.0304744
Q-3:	|11011100 00001010 10000101 00001111|
Q-2:	|11-+110+ -+1++100 -1000101 1+10+-01|
Q-1:	|111-100+ -+0++100 -1011010 0+001+00|
Q0:	|11-1-+01 -0-1-10+ 0+-11+00 +01+--11| ok p=0.264648
Q1:	|.++-+0.- 01+0-..- 000..+.. +0.--1+.| ok p=0.353516
Q2:	|.-01+1.1 -.1--..- .0+..... ...-.10^| ok p=1
Q3:	|.00+.0.+ 1.-10.1- ..+^.1.. 1..-1.0-| ok p=1
Q4:	|!0++0..- -.1-1.0. ..--.1.. 1..0...1| ok p=1
Q5:	|!-+....+ +.10..+0 ..11.-.. +1!+..^1| ok p=1
Q6:	|!1+0...1 +..1..1. ..00.-!. 01.1.0-1| ok p=1
Q7:	|.0.....0 +.....-. !....1.. 1-.1.000| ok p=1
Q8:	|..0..... +.!...+. ..^..-0. -+.-.+1-| ok p=0.999023
Q9:	|........ +.1.1.-. ..-.1+0. 0+!-.+.0| ok p=1
Q10:	|..!.0... 1.1.00-. 0.011++^ 1+000+01| ok p=1
Q11:	|.0..10.^ 0.-0+1-. 0.11+100 0+10111.| ok p=1
Q12:	|.1^^-1^+ +.+1+-+^ +^----+1 +1-----0| ok p=1
Q13:	|.-++-+-0 -11+-++- --1-0--+ 0+00-++0| ok p=1
Q14:	|.000+011 +1010+.0 010.+011 -001.11+| ok p=1
Q15:	|.1+10111 1-.00011 1000--10 0-..011+| ok p=0.802734
Q16:	|..0.0..- -..0.-.. +...0... 0+.0...-| ok p=1
Q17:	|..1.0..0 .^.1.... +0-.0^.. .1.1...0| ok p=0.861328
Q18:	|....0..+ ^..+.^.. -.-.1... .+.+...+| ok p=0.71875
Q19:	|....-... ........ 0--.+... .+....0+| ok p=0.946289
Q20:	|..0...0^ ...^.... 0--...0. .0.^..0-| ok p=1
Q21:	|..1.^.1. ...0.... .--.^.1. .0....-1| ok p=0.894531
Q22:	|..+...-. ...1.... .+1...+. .......1| ok p=0.873047
Q23:	|........ ...+.0.. .00..... .0....^.| ok p=1
Q24:	|..^...^. 0....1.. .1....^. .1...0..| ok p=1
Q25:	|........ ...^.-.. ........ .-...1..| ok p=0.889648
Q26:	|.......0 +....... ....0... .....-..| ok p=1
Q27:	|.......1 +....^.. ....1... .^......| ok p=0.99707
Q28:	|.......+ -....... ....+... .....^..| ok p=0.995117
Q29:	|........ 0....... ....0... ........| ok p=1
Q30:	|.......^ 1....... ....-... ........| ok p=1
Q31:	|........ ........ ....-... ........| ok p=0.999023
Q32:	|........ ........ ........ ........| ok p=1
Q33:	|........ ........ ....!... ........| ok p=1
Q34:	|........ ........ ........ ........| ok p=1
Q35:	|........ ........ ........ ........| ok p=1
Q36:	|........ ........ ........ ........| ok p=1
Q37:	|........ ........ ........ ........| ok p=1
Q38:	|........ ........ ........ ........| ok p=1
Q39:	|........ ........ ........ ........| ok p=1
Q40:	|........ ........ ........ ........| ok p=1
Q41:	|........ ........ ........ ........| ok p=1
Q42:	|........ ........ ........ ........| ok p=1
Q43:	|........ ........ ........ ........| ok p=1
Q44:	|........ ........ ........ ........| ok p=1
Q45:	|........ ........ ........ ........| ok p=1
Q46:	|........ ........ ........ ........| ok p=1
Q47:	|........ ........ ........ ........| ok p=1
Q48:	|........ ........ ........ ........| ok p=1
Q49:	|........ ........ ........ ........| ok p=1
Q50:	|........ ........ ........ ........| ok p=1
Q51:	|........ ........ ........ ........| ok p=1
Q52:	|........ ........ ........ ........| ok p=1
Q53:	|........ ........ ........ ........| ok p=1
Q54:	|........ ........ ........ ........| ok p=1
Q55:	|........ ........ ........ ........| ok p=1
Q56:	|........ ........ ........ ........| ok p=1
Q57:	|........ ........ ........ ........| ok p=1
Q58:	|........ ........ ........ ........| ok p=1
Q59:	|........ ........ ........ ........| ok p=1
Q60:	|........ ..0..... ........ ........| ok p=1
Q61:	|........ ..0..... ........ ........| ok p=0.999023
Q62:	|........ ..+..... ........ ........| ok p=1
Q63:	|........ ..+..... ........ ........| ok p=1
Q64:	|........ ..+..... .....-.. ........|
Best path: totcompl=-24 tottunnel=36, totcond=559, p=0.0281747
Q-3:	|11011100 00001010 10000101 00001111|
Q-2:	|11-+110+ -+1++100 -1000101 1+10+-01|
Q-1:	|111-100+ -+0++100 -1011010 0+001+00|
Q0:	|11-1-+01 -0-1-10+ 0+-11+00 +01+--11| ok p=0.246094
Q1:	|.++-+0.- 01+0-..- 000..+.. +0.--1+.| ok p=0.351562
Q2:	|.-01+1.1 -.1--..- .0+..... ...-.10^| ok p=1
Q3:	|.00+0..+ 1.-10.1- ..+^.1.. 1..-1.0-| ok p=1
Q4:	|!0++0..- -.1-1.0. ..--.1.. 10.0...1| ok p=1
Q5:	|!-+....+ +.10..+0 ..11.-.. +1.+..^1| ok p=1
Q6:	|!1+0...1 +..1..1. ..00.-!. 01.1.0-1| ok p=1
Q7:	|00.....0 +.....-! .....1.. 1-.1.010| ok p=0.999023
Q8:	|.00..... 0.!...+. ..^..-.0 -+.-.+0-| ok p=1
Q9:	|.1...... 0.1..1-. ..-.1+11 --.-.+.0| ok p=1
Q10:	|....0.0. -11..0-0 01010+1+ .+100+10| ok p=1
Q11:	|..1^1101 01-0.+01 11101++0 1+00111.| ok p=1
Q12:	|.^0--0+0 -+-1.++- ------+- .++----0| ok p=1
Q13:	|.-+1++-- 1-.+.0-- --0--0++ ^+00-++0| ok p=1
Q14:	|.000+100 +010.+1. 0.0.+0.0 -001.11+| ok p=1
Q15:	|.1+..111 1-.0.001 1100--01 0-..011+| ok p=0.830078
Q16:	|..0.^..- -..0.-.. +...0... 0+.0...-| ok p=1
Q17:	|..1.0..0 .^.1.... +0-.0^.. .1.1...0| ok p=0.862305
Q18:	|....0..+ ^..+.^.. -.-.1... .+.+...+| ok p=0.710938
Q19:	|....-... ........ 0--.+... .+....0+| ok p=0.958984
Q20:	|..0...0^ ...^.... 0--...0. .0.^..0-| ok p=1
Q21:	|..1.^.1. ...0.... .--.^.1. .0....-1| ok p=0.880859
Q22:	|..+...-. ...1.... .+1...+. .......1| ok p=0.883789
Q23:	|........ ...+.0.. .00..... .0....^.| ok p=0.999023
Q24:	|..^...^. 0....1.. .1....^. .1...0..| ok p=1
Q25:	|........ ...^.-.. ........ .-...1..| ok p=0.899414
Q26:	|.......0 +....... ....0... .....-..| ok p=1
Q27:	|.......1 +....^.. ....1... .^......| ok p=0.996094
Q28:	|.......+ -....... ....+... .....^..| ok p=0.99707
Q29:	|........ 0....... ....0... ........| ok p=1
Q30:	|.......^ 1....... ....-... ........| ok p=1
Q31:	|........ ........ ....-... ........| ok p=0.998047
Q32:	|........ ........ ........ ........| ok p=1
Q33:	|........ ........ ....!... ........| ok p=1
Q34:	|........ ........ ........ ........| ok p=1
Q35:	|........ ........ ........ ........| ok p=1
Q36:	|........ ........ ........ ........| ok p=1
Q37:	|........ ........ ........ ........| ok p=1
Q38:	|........ ........ ........ ........| ok p=1
Q39:	|........ ........ ........ ........| ok p=1
Q40:	|........ ........ ........ ........| ok p=1
Q41:	|........ ........ ........ ........| ok p=1
Q42:	|........ ........ ........ ........| ok p=1
Q43:	|........ ........ ........ ........| ok p=1
Q44:	|........ ........ ........ ........| ok p=1
Q45:	|........ ........ ........ ........| ok p=1
Q46:	|........ ........ ........ ........| ok p=1
Q47:	|........ ........ ........ ........| ok p=1
Q48:	|........ ........ ........ ........| ok p=1
Q49:	|........ ........ ........ ........| ok p=1
Q50:	|........ ........ ........ ........| ok p=1
Q51:	|........ ........ ........ ........| ok p=1
Q52:	|........ ........ ........ ........| ok p=1
Q53:	|........ ........ ........ ........| ok p=1
Q54:	|........ ........ ........ ........| ok p=1
Q55:	|........ ........ ........ ........| ok p=1
Q56:	|........ ........ ........ ........| ok p=1
Q57:	|........ ........ ........ ........| ok p=1
Q58:	|........ ........ ........ ........| ok p=1
Q59:	|........ ........ ........ ........| ok p=1
Q60:	|........ ..0..... ........ ........| ok p=1
Q61:	|........ ..0..... ........ ........| ok p=1
Q62:	|........ ..+..... ........ ........| ok p=1
Q63:	|........ ..+..... ........ ........| ok p=1
Q64:	|........ ..+..... .....-.. ........|
Best path: totcompl=-23 tottunnel=37, totcond=558, p=0.0281459
Best paths: 2
Q-3:	|11011100 00001010 10000101 00001111|
Q-2:	|11-+110+ -+1++100 -1000101 1+10+-01|
Q-1:	|111-100+ -+0++100 -1011010 0+001+00|
Q0:	|11-1-+01 -0-1-10+ 0+-11+00 +01+--11| ok p=0.259766
Q1:	|.++-+0.- 01+0-..- 000..+.. +0.--1+.| ok p=0.354492
Q2:	|.-01+1.1 -.1--..- .0+..... ...-.10^| ok p=1
Q3:	|.00+.0.+ 1.-10.1- ..+^.1.. 1..-1.0-| ok p=1
Q4:	|!0++0..- -.1-1.0. ..--.1.. 1..0...1| ok p=1
Q5:	|!-+....+ +.10..+0 ..11.-.. +1!+..^1| ok p=1
Q6:	|!1+0...1 +..1..1. ..00!-.. 01.1.0-1| ok p=1
Q7:	|.0.....0 +.....-. !....1.. 1-.1.010| ok p=0.99707
Q8:	|..0..... 0..!..+. ..^..-.0 -+.-.+0-| ok p=0.999023
Q9:	|........ 0.1..1-. ..-.1+11 --.-.+.0| ok p=0.999023
Q10:	|....0.1. -11..0-0 01010+1+ 1+000+10| ok p=1
Q11:	|..1^1110 01-0.+01 11101++0 1+10111.| ok p=1
Q12:	|.^0--0+1 -+-1.++- ------+- +1-----0| ok p=1
Q13:	|.-+1++-- 1-.+.0-- --0--0++ 0+00-++0| ok p=1
Q14:	|.000+100 +010.+1. 0.0.+0.0 -001.11+| ok p=1
Q15:	|.1+..111 1-.0.001 1100--01 0-..011+| ok p=0.853516
Q16:	|..0.^..- -..0.-.. +...0... 0+.0...-| ok p=1
Q17:	|..1.0..0 .^.1.... +0-.0^.. .1.1...0| ok p=0.856445
Q18:	|....0..+ ^..+.^.. -.-.1... .+.+...+| ok p=0.72168
Q19:	|....-... ........ 0--.+... .+....0+| ok p=0.958008
Q20:	|..0...0^ ...^.... 0--...0. .0.^..0-| ok p=1
Q21:	|..1.^.1. ...0.... .--.^.1. .0....-1| ok p=0.880859
Q22:	|..+...-. ...1.... .+1...+. .......1| ok p=0.881836
Q23:	|........ ...+.0.. .00..... .0....^.| ok p=0.999023
Q24:	|..^...^. 0....1.. .1....^. .1...0..| ok p=1
Q25:	|........ ...^.-.. ........ .-...1..| ok p=0.887695
Q26:	|.......0 +....... ....0... .....-..| ok p=1
Q27:	|.......1 +....^.. ....1... .^......| ok p=0.999023
Q28:	|.......+ -....... ....+... .....^..| ok p=0.99707
Q29:	|........ 0....... ....0... ........| ok p=1
Q30:	|.......^ 1....... ....-... ........| ok p=1
Q31:	|........ ........ ....-... ........| ok p=1
Q32:	|........ ........ ........ ........| ok p=1
Q33:	|........ ........ ....!... ........| ok p=1
Q34:	|........ ........ ........ ........| ok p=1
Q35:	|........ ........ ........ ........| ok p=1
Q36:	|........ ........ ........ ........| ok p=1
Q37:	|........ ........ ........ ........| ok p=1
Q38:	|........ ........ ........ ........| ok p=1
Q39:	|........ ........ ........ ........| ok p=1
Q40:	|........ ........ ........ ........| ok p=1
Q41:	|........ ........ ........ ........| ok p=1
Q42:	|........ ........ ........ ........| ok p=1
Q43:	|........ ........ ........ ........| ok p=1
Q44:	|........ ........ ........ ........| ok p=1
Q45:	|........ ........ ........ ........| ok p=1
Q46:	|........ ........ ........ ........| ok p=1
Q47:	|........ ........ ........ ........| ok p=1
Q48:	|........ ........ ........ ........| ok p=1
Q49:	|........ ........ ........ ........| ok p=1
Q50:	|........ ........ ........ ........| ok p=1
Q51:	|........ ........ ........ ........| ok p=1
Q52:	|........ ........ ........ ........| ok p=1
Q53:	|........ ........ ........ ........| ok p=1
Q54:	|........ ........ ........ ........| ok p=1
Q55:	|........ ........ ........ ........| ok p=1
Q56:	|........ ........ ........ ........| ok p=1
Q57:	|........ ........ ........ ........| ok p=1
Q58:	|........ ........ ........ ........| ok p=1
Q59:	|........ ........ ........ ........| ok p=1
Q60:	|........ ..0..... ........ ........| ok p=1
Q61:	|........ ..0..... ........ ........| ok p=0.999023
Q62:	|........ ..+..... ........ ........| ok p=1
Q63:	|........ ..+..... ........ ........| ok p=1
Q64:	|........ ..+..... .....-.. ........|
Best path: totcompl=-21 tottunnel=39, totcond=557, p=0.0310598
Q-3:	|11011100 00001010 10000101 00001111|
Q-2:	|11-+110+ -+1++100 -1000101 1+10+-01|
Q-1:	|111-100+ -+0++100 -1011010 0+001+00|
Q0:	|11-1-+01 -0-1-10+ 0+-11+00 +01+--11| ok p=0.277344
Q1:	|.++-+0.- 01+0-..- 000..+.. +0.--1+.| ok p=0.390625
Q2:	|.-01+1.1 -.1--..- .0+..... ...-.10^| ok p=1
Q3:	|.00+0..+ 1.-10.1- ..+^.1.. 1..-1.0-| ok p=1
Q4:	|!0++0..- -.1-1.0. ..--.1.. 1..0...1| ok p=1
Q5:	|!-+....+ +.11..+0 ..11.-.. +1!+..^1| ok p=1
Q6:	|!1+0...1 +..1..1. ..00.-!. 01.1..--| ok p=1
Q7:	|.0.....0 +.....-. !....1.. 1-.1..1-| ok p=1
Q8:	|.10..... 1.!...+. .^...-.0 0-.-..+0| ok p=1
Q9:	|........ 0.1.1.-. .+..1+.1 --.-..++| ok p=0.99707
Q10:	|..0..011 -00.1.+. .0..0+.+ +-0110++| ok p=1
Q11:	|.0110101 +1-0+1-! .01^+000 --10010-| ok p=1
Q12:	|.1-01--- ++-1+0-. .10+1111 -++--+++| ok p=1
Q13:	|.-++-1+- 1-.+-+.. .--11+++ 00+++++1| ok p=1
Q14:	|.0+0+110 +0010+0. 10100100 -0.01..+| ok p=1
Q15:	|.1+10.11 1-.000.. .10.--11 1-01001+| ok p=0.675781
Q16:	|..1.0..- -..0.-.. +...1... 1+.0...-| ok p=0.96582
Q17:	|..1.0..0 .^.1.... +0-.0^.. .1.1...0| ok p=0.876953
Q18:	|....0..+ ^..+.^.. -.-.1... .+.+...+| ok p=0.75293
Q19:	|....-... ........ 0--.+... .+....0+| ok p=0.938477
Q20:	|..0...0^ ...^.... 0--...0. .0.^..0-| ok p=1
Q21:	|..1.^.1. ...0.... .--.^.1. .0....-1| ok p=0.886719
Q22:	|..+...-. ...1.... .+1...+. .......1| ok p=0.867188
Q23:	|........ ...+.0.. .00..... .0....^.| ok p=0.999023
Q24:	|..^...^. 0....1.. .1....^. .1...0..| ok p=1
Q25:	|........ ...^.-.. ........ .-...1..| ok p=0.878906
Q26:	|.......0 +....... ....0... .....-..| ok p=1
Q27:	|.......1 +....^.. ....1... .^......| ok p=0.998047
Q28:	|.......+ -....... ....+... .....^..| ok p=0.998047
Q29:	|........ 0....... ....0... ........| ok p=1
Q30:	|.......^ 1....... ....-... ........| ok p=1
Q31:	|........ ........ ....-... ........| ok p=1
Q32:	|........ ........ ........ ........| ok p=1
Q33:	|........ ........ ....!... ........| ok p=1
Q34:	|........ ........ ........ ........| ok p=1
Q35:	|........ ........ ........ ........| ok p=1
Q36:	|........ ........ ........ ........| ok p=1
Q37:	|........ ........ ........ ........| ok p=1
Q38:	|........ ........ ........ ........| ok p=1
Q39:	|........ ........ ........ ........| ok p=1
Q40:	|........ ........ ........ ........| ok p=1
Q41:	|........ ........ ........ ........| ok p=1
Q42:	|........ ........ ........ ........| ok p=1
Q43:	|........ ........ ........ ........| ok p=1
Q44:	|........ ........ ........ ........| ok p=1
Q45:	|........ ........ ........ ........| ok p=1
Q46:	|........ ........ ........ ........| ok p=1
Q47:	|........ ........ ........ ........| ok p=1
Q48:	|........ ........ ........ ........| ok p=1
Q49:	|........ ........ ........ ........| ok p=1
Q50:	|........ ........ ........ ........| ok p=1
Q51:	|........ ........ ........ ........| ok p=1
Q52:	|........ ........ ........ ........| ok p=1
Q53:	|........ ........ ........ ........| ok p=1
Q54:	|........ ........ ........ ........| ok p=1
Q55:	|........ ........ ........ ........| ok p=1
Q56:	|........ ........ ........ ........| ok p=1
Q57:	|........ ........ ........ ........| ok p=1
Q58:	|........ ........ ........ ........| ok p=1
Q59:	|........ ........ ........ ........| ok p=1
Q60:	|........ ..0..... ........ ........| ok p=1
Q61:	|........ ..0..... ........ ........| ok p=1
Q62:	|........ ..+..... ........ ........| ok p=1
Q63:	|........ ..+..... ........ ........| ok p=1
Q64:	|........ ..+..... .....-.. ........|
Best path: totcompl=-21 tottunnel=39, totcond=552, p=0.0243344
Q-3:	|11011100 00001010 10000101 00001111|
Q-2:	|11-+110+ -+1++100 -1000101 1+10+-01|
Q-1:	|111-100+ -+0++100 -1011010 0+001+00|
Q0:	|11-1-+01 -0-1-10+ 0+-11+00 +01+--11| ok p=0.253906
Q1:	|.++-+0.- 01+0-..- 000..+.. +0.--1+.| ok p=0.356445
Q2:	|.-01+1.1 -.1--..- .0+..... ...-.10^| ok p=0.999023
Q3:	|.00+0..+ 1.-10.1- ..+^.1.. 1..-1.0-| ok p=1
Q4:	|!0++0..- -.1-1.0. ..--.1.. 1..0...1| ok p=1
Q5:	|!-+....+ +.11..+0 ..11.-.. +1!+..^1| ok p=1
Q6:	|!1+0...1 +..1..1. ..00!-.. 01.1..--| ok p=1
Q7:	|.0.....0 +.....-. !....1.. 1-.1..1-| ok p=1
Q8:	|.10..... 1.!...+. .^...-.0 0-.-..+0| ok p=1
Q9:	|........ 0.1..0-. .+..1+.1 --.-..++| ok p=1
Q10:	|!.0..10. -00.00+. .0..0+.+ +-0110++| ok p=1
Q11:	|.011011. +1-00++! .00^+000 --10010-| ok p=1
Q12:	|.1-01--. -+-1+-+. .01+1111 -++--+++| ok p=1
Q13:	|.-++-+-. 0-.+-+.. .--01+++ 00+++++1| ok p=1
Q14:	|.0+0+1.1 +0010+0. 10100100 -0.01..+| ok p=1
Q15:	|.1+10111 1-.000.. .10.--11 1-01001+| ok p=0.676758
Q16:	|..1.0..- -..0.-.. +...1... 1+.0...-| ok p=0.970703
Q17:	|..1.0..0 .^.1.... +0-.0^.. .1.1...0| ok p=0.861328
Q18:	|....0..+ ^..+.^.. -.-.1... .+.+...+| ok p=0.705078
Q19:	|....-... ........ 0--.+... .+....0+| ok p=0.949219
Q20:	|..0...0^ ...^.... 0--...0. .0.^..0-| ok p=1
Q21:	|..1.^.1. ...0.... .--.^.1. .0....-1| ok p=0.881836
Q22:	|..+...-. ...1.... .+1...+. .......1| ok p=0.874023
Q23:	|........ ...+.0.. .00..... .0....^.| ok p=0.999023
Q24:	|..^...^. 0....1.. .1....^. .1...0..| ok p=1
Q25:	|........ ...^.-.. ........ .-...1..| ok p=0.87207
Q26:	|.......0 +....... ....0... .....-..| ok p=1
Q27:	|.......1 +....^.. ....1... .^......| ok p=0.99707
Q28:	|.......+ -....... ....+... .....^..| ok p=0.998047
Q29:	|........ 0....... ....0... ........| ok p=1
Q30:	|.......^ 1....... ....-... ........| ok p=1
Q31:	|........ ........ ....-... ........| ok p=0.999023
Q32:	|........ ........ ........ ........| ok p=1
Q33:	|........ ........ ....!... ........| ok p=1
Q34:	|........ ........ ........ ........| ok p=1
Q35:	|........ ........ ........ ........| ok p=1
Q36:	|........ ........ ........ ........| ok p=1
Q37:	|........ ........ ........ ........| ok p=1
Q38:	|........ ........ ........ ........| ok p=1
Q39:	|........ ........ ........ ........| ok p=1
Q40:	|........ ........ ........ ........| ok p=1
Q41:	|........ ........ ........ ........| ok p=1
Q42:	|........ ........ ........ ........| ok p=1
Q43:	|........ ........ ........ ........| ok p=1
Q44:	|........ ........ ........ ........| ok p=1
Q45:	|........ ........ ........ ........| ok p=1
Q46:	|........ ........ ........ ........| ok p=1
Q47:	|........ ........ ........ ........| ok p=1
Q48:	|........ ........ ........ ........| ok p=1
Q49:	|........ ........ ........ ........| ok p=1
Q50:	|........ ........ ........ ........| ok p=1
Q51:	|........ ........ ........ ........| ok p=1
Q52:	|........ ........ ........ ........| ok p=1
Q53:	|........ ........ ........ ........| ok p=1
Q54:	|........ ........ ........ ........| ok p=1
Q55:	|........ ........ ........ ........| ok p=1
Q56:	|........ ........ ........ ........| ok p=1
Q57:	|........ ........ ........ ........| ok p=1
Q58:	|........ ........ ........ ........| ok p=1
Q59:	|........ ........ ........ ........| ok p=1
Q60:	|........ ..0..... ........ ........| ok p=1
Q61:	|........ ..0..... ........ ........| ok p=0.999023
Q62:	|........ ..+..... ........ ........| ok p=1
Q63:	|........ ..+..... ........ ........| ok p=1
Q64:	|........ ..+..... .....-.. ........|
Best path: totcompl=-21 tottunnel=39, totcond=550, p=0.0218615
Q-3:	|11011100 00001010 10000101 00001111|
Q-2:	|11-+110+ -+1++100 -1000101 1+10+-01|
Q-1:	|111-100+ -+0++100 -1011010 0+001+00|
Q0:	|11-1-+01 -0-1-10+ 0+-11+00 +01+--11| ok p=0.259766
Q1:	|.++-+0.- 01+0-..- 000..+.. +0.--1+.| ok p=0.369141
Q2:	|.-01+1.1 -.1--..- .0+..... ...-.10^| ok p=1
Q3:	|.00+0..+ 1.-10.1- ..+^.1.. 1..-1.0-| ok p=1
Q4:	|!0++0..- -.1-1.0. ..--.1.. 10.0...1| ok p=1
Q5:	|!-+....+ +.11..+0 ..11.-.. +1.+..^1| ok p=1
Q6:	|!1+0...1 +..1..1. ..00!-.. 01.1..--| ok p=1
Q7:	|.0.....0 +.....-! .....1.. 1-.1..1-| ok p=1
Q8:	|.10..... 1..!..+. .^...-.0 0-.-..+0| ok p=1
Q9:	|........ 0.1..0-. .+..1+.1 --.-..++| ok p=1
Q10:	|.!0..10. -00.00+. .0..0+.+ +-0110++| ok p=1
Q11:	|.011011. +1-^0++! .01^+000 --10010-| ok p=1
Q12:	|.1-01--. -+-+--+. .10+1111 -++--+++| ok p=1
Q13:	|.-++-+-. 0-.1++.. .--01+++ 00+++++1| ok p=1
Q14:	|.0+0+1.1 +0001+0. 10100100 -0.01..+| ok p=1
Q15:	|.1+10111 1-..00.. .10.--11 1-01001+| ok p=0.686523
Q16:	|..1.0..- -..0.-.. +...1... 1+.0...-| ok p=0.96875
Q17:	|..1.0..0 .^.1.... +0-.0^.. .1.1...0| ok p=0.858398
Q18:	|....0..+ ^..+.^.. -.-.1... .+.+...+| ok p=0.744141
Q19:	|....-... ........ 0--.+... .+....0+| ok p=0.944336
Q20:	|..0...0^ ...^.... 0--...0. .0.^..0-| ok p=1
Q21:	|..1.^.1. ...0.... .--.^.1. .0....-1| ok p=0.895508
Q22:	|..+...-. ...1.... .+1...+. .......1| ok p=0.895508
Q23:	|........ ...+.0.. .00..... .0....^.| ok p=0.99707
Q24:	|..^...^. 0....1.. .1....^. .1...0..| ok p=1
Q25:	|........ ...^.-.. ........ .-...1..| ok p=0.886719
Q26:	|.......0 +....... ....0... .....-..| ok p=1
Q27:	|.......1 +....^.. ....1... .^......| ok p=0.999023
Q28:	|.......+ -....... ....+... .....^..| ok p=0.996094
Q29:	|........ 0....... ....0... ........| ok p=1
Q30:	|.......^ 1....... ....-... ........| ok p=1
Q31:	|........ ........ ....-... ........| ok p=0.999023
Q32:	|........ ........ ........ ........| ok p=1
Q33:	|........ ........ ....!... ........| ok p=1
Q34:	|........ ........ ........ ........| ok p=1
Q35:	|........ ........ ........ ........| ok p=1
Q36:	|........ ........ ........ ........| ok p=1
Q37:	|........ ........ ........ ........| ok p=1
Q38:	|........ ........ ........ ........| ok p=1
Q39:	|........ ........ ........ ........| ok p=1
Q40:	|........ ........ ........ ........| ok p=1
Q41:	|........ ........ ........ ........| ok p=1
Q42:	|........ ........ ........ ........| ok p=1
Q43:	|........ ........ ........ ........| ok p=1
Q44:	|........ ........ ........ ........| ok p=1
Q45:	|........ ........ ........ ........| ok p=1
Q46:	|........ ........ ........ ........| ok p=1
Q47:	|........ ........ ........ ........| ok p=1
Q48:	|........ ........ ........ ........| ok p=1
Q49:	|........ ........ ........ ........| ok p=1
Q50:	|........ ........ ........ ........| ok p=1
Q51:	|........ ........ ........ ........| ok p=1
Q52:	|........ ........ ........ ........| ok p=1
Q53:	|........ ........ ........ ........| ok p=1
Q54:	|........ ........ ........ ........| ok p=1
Q55:	|........ ........ ........ ........| ok p=1
Q56:	|........ ........ ........ ........| ok p=1
Q57:	|........ ........ ........ ........| ok p=1
Q58:	|........ ........ ........ ........| ok p=1
Q59:	|........ ........ ........ ........| ok p=1
Q60:	|........ ..0..... ........ ........| ok p=1
Q61:	|........ ..0..... ........ ........| ok p=1
Q62:	|........ ..+..... ........ ........| ok p=1
Q63:	|........ ..+..... ........ ........| ok p=1
Q64:	|........ ..+..... .....-.. ........|
Best path: totcompl=-21 tottunnel=39, totcond=549, p=0.0257541
Q-3:	|11011100 00001010 10000101 00001111|
Q-2:	|11-+110+ -+1++100 -1000101 1+10+-01|
Q-1:	|111-100+ -+0++100 -1011010 0+001+00|
Q0:	|11-1-+01 -0-1-10+ 0+-11+00 +01+--11| ok p=0.248047
Q1:	|.++-+0.- 01+0-..- 000..+.. +0.--1+.| ok p=0.388672
Q2:	|.-01+1.1 -.1--..- .0+..... ...-.10^| ok p=1
Q3:	|.00+.0.+ 1.-10.1- ..+^.1.. 1..-1.0-| ok p=1
Q4:	|!0++0..- -.1-1.0. ..--.1.. 1..0...1| ok p=1
Q5:	|!-+....+ +.11..+0 ..11.-.. +1!+..^1| ok p=1
Q6:	|!1+0...1 +..1..1. ..00.-!. 01.1..--| ok p=1
Q7:	|.0.....0 +.....-! .....1.. 1-.1..1-| ok p=0.998047
Q8:	|..0..... 1.!...+. .^...-.0 0-.-..+0| ok p=1
Q9:	|........ 0.1..0-. .+..1+.1 --.-..++| ok p=1
Q10:	|!.0..10. -00.00+. .0..0+.+ +-0110++| ok p=1
Q11:	|.011011. +1-^0++! .00^+000 --10010-| ok p=1
Q12:	|.1-01--. -+-+--+. .01+1111 -++--+++| ok p=1
Q13:	|.-++-+-. 0-.1++.. .--01+++ 00+++++1| ok p=1
Q14:	|.0+0+1.1 +0001+0. 10100100 -0.01..+| ok p=1
Q15:	|.1+10111 1-..00.. .10.--11 1-01001+| ok p=0.706055
Q16:	|..1.0..- -..0.-.. +...1... 1+.0...-| ok p=0.970703
Q17:	|..1.0..0 .^.1.... +0-.0^.. .1.1...0| ok p=0.869141
Q18:	|....0..+ ^..+.^.. -.-.1... .+.+...+| ok p=0.740234
Q19:	|....-... ........ 0--.+... .+....0+| ok p=0.946289
Q20:	|..0...0^ ...^.... 0--...0. .0.^..0-| ok p=1
Q21:	|..1.^.1. ...0.... .--.^.1. .0....-1| ok p=0.911133
Q22:	|..+...-. ...1.... .+1...+. .......1| ok p=0.871094
Q23:	|........ ...+.0.. .00..... .0....^.| ok p=1
Q24:	|..^...^. 0....1.. .1....^. .1...0..| ok p=0.998047
Q25:	|........ ...^.-.. ........ .-...1..| ok p=0.870117
Q26:	|.......0 +....... ....0... .....-..| ok p=1
Q27:	|.......1 +....^.. ....1... .^......| ok p=0.998047
Q28:	|.......+ -....... ....+... .....^..| ok p=0.998047
Q29:	|........ 0....... ....0... ........| ok p=1
Q30:	|.......^ 1....... ....-... ........| ok p=1
Q31:	|........ ........ ....-... ........| ok p=0.998047
Q32:	|........ ........ ........ ........| ok p=1
Q33:	|........ ........ ....!... ........| ok p=1
Q34:	|........ ........ ........ ........| ok p=1
Q35:	|........ ........ ........ ........| ok p=1
Q36:	|........ ........ ........ ........| ok p=1
Q37:	|........ ........ ........ ........| ok p=1
Q38:	|........ ........ ........ ........| ok p=1
Q39:	|........ ........ ........ ........| ok p=1
Q40:	|........ ........ ........ ........| ok p=1
Q41:	|........ ........ ........ ........| ok p=1
Q42:	|........ ........ ........ ........| ok p=1
Q43:	|........ ........ ........ ........| ok p=1
Q44:	|........ ........ ........ ........| ok p=1
Q45:	|........ ........ ........ ........| ok p=1
Q46:	|........ ........ ........ ........| ok p=1
Q47:	|........ ........ ........ ........| ok p=1
Q48:	|........ ........ ........ ........| ok p=1
Q49:	|........ ........ ........ ........| ok p=1
Q50:	|........ ........ ........ ........| ok p=1
Q51:	|........ ........ ........ ........| ok p=1
Q52:	|........ ........ ........ ........| ok p=1
Q53:	|........ ........ ........ ........| ok p=1
Q54:	|........ ........ ........ ........| ok p=1
Q55:	|........ ........ ........ ........| ok p=1
Q56:	|........ ........ ........ ........| ok p=1
Q57:	|........ ........ ........ ........| ok p=1
Q58:	|........ ........ ........ ........| ok p=1
Q59:	|........ ........ ........ ........| ok p=1
Q60:	|........ ..0..... ........ ........| ok p=1
Q61:	|........ ..0..... ........ ........| ok p=1
Q62:	|........ ..+..... ........ ........| ok p=1
Q63:	|........ ..+..... ........ ........| ok p=0.999023
Q64:	|........ ..+..... .....-.. ........|
Best path: totcompl=-21 tottunnel=39, totcond=548, p=0.0227253
Q-3:	|11011100 00001010 10000101 00001111|
Q-2:	|11-+110+ -+1++100 -1000101 1+10+-01|
Q-1:	|111-100+ -+0++100 -1011010 0+001+00|
Q0:	|11-1-+01 -0-1-10+ 0+-11+00 +01+--11| ok p=0.244141
Q1:	|.++-+0.- 01+0-..- 000..+.. +0.--1+.| ok p=0.362305
Q2:	|.-01+1.1 -.1--..- .0+..... ...-.10^| ok p=1
Q3:	|.00+0..+ 1.-10.1- ..+^.1.. 1..-1.0-| ok p=1
Q4:	|!0++0..- -.1-1.0. ..--.1.. 1..0...1| ok p=1
Q5:	|!-+....+ +.11..+0 ..11.-.. +1!+..^1| ok p=1
Q6:	|!1+0...1 +..1..1. ..00.-!. 01.1..--| ok p=1
Q7:	|.01....0 +.....-. !....1.. 1-.1..1-| ok p=1
Q8:	|..0..... 1..!..+. .^...-.0 0-.-..+0| ok p=1
Q9:	|........ 0.1.1.-. .+..1+.1 --.-..++| ok p=0.99707
Q10:	|..0...0. -00.1.+. .0..0+.+ +-0110++| ok p=1
Q11:	|.1110^1. +1-0+1-. !00^+000 --10010-| ok p=1
Q12:	|.0-01--^ -+-1+0-. .01+1111 -++--+++| ok p=1
Q13:	|.-++-10+ 0-.+-+.. .--11+++ 00+++++1| ok p=1
Q14:	|.0+0+100 +0010+0. 1010+100 -0.01..+| ok p=1
Q15:	|.1+10..1 1-.000.. .10.--11 1-01001+| ok p=0.702148
Q16:	|..1.0..- -..0.-.. +...0... 1+.0...-| ok p=0.973633
Q17:	|..1.0..0 .^.1.... +0-.0^.. .1.1...0| ok p=0.87207
Q18:	|....0..+ ^..+.^.. -.-.1... .+.+...+| ok p=0.711914
Q19:	|....-... ........ 0--.+... .+....0+| ok p=0.958008
Q20:	|..0...0^ ...^.... 0--...0. .0.^..0-| ok p=1
Q21:	|..1.^.1. ...0.... .--.^.1. .0....-1| ok p=0.879883
Q22:	|..+...-. ...1.... .+1...+. .......1| ok p=0.881836
Q23:	|........ ...+.0.. .00..... .0....^.| ok p=0.999023
Q24:	|..^...^. 0....1.. .1....^. .1...0..| ok p=1
Q25:	|........ ...^.-.. ........ .-...1..| ok p=0.900391
Q26:	|.......0 +....... ....0... .....-..| ok p=1
Q27:	|.......1 +....^.. ....1... .^......| ok p=1
Q28:	|.......+ -....... ....+... .....^..| ok p=0.999023
Q29:	|........ 0....... ....0... ........| ok p=1
Q30:	|.......^ 1....... ....-... ........| ok p=1
Q31:	|........ ........ ....-... ........| ok p=0.99707
Q32:	|........ ........ ........ ........| ok p=1
Q33:	|........ ........ ....!... ........| ok p=1
Q34:	|........ ........ ........ ........| ok p=1
Q35:	|........ ........ ........ ........| ok p=1
Q36:	|........ ........ ........ ........| ok p=1
Q37:	|........ ........ ........ ........| ok p=1
Q38:	|........ ........ ........ ........| ok p=1
Q39:	|........ ........ ........ ........| ok p=1
Q40:	|........ ........ ........ ........| ok p=1
Q41:	|........ ........ ........ ........| ok p=1
Q42:	|........ ........ ........ ........| ok p=1
Q43:	|........ ........ ........ ........| ok p=1
Q44:	|........ ........ ........ ........| ok p=1
Q45:	|........ ........ ........ ........| ok p=1
Q46:	|........ ........ ........ ........| ok p=1
Q47:	|........ ........ ........ ........| ok p=1
Q48:	|........ ........ ........ ........| ok p=1
Q49:	|........ ........ ........ ........| ok p=1
Q50:	|........ ........ ........ ........| ok p=1
Q51:	|........ ........ ........ ........| ok p=1
Q52:	|........ ........ ........ ........| ok p=1
Q53:	|........ ........ ........ ........| ok p=1
Q54:	|........ ........ ........ ........| ok p=1
Q55:	|........ ........ ........ ........| ok p=1
Q56:	|........ ........ ........ ........| ok p=1
Q57:	|........ ........ ........ ........| ok p=1
Q58:	|........ ........ ........ ........| ok p=1
Q59:	|........ ........ ........ ........| ok p=1
Q60:	|........ ..0..... ........ ........| ok p=1
Q61:	|........ ..0..... ........ ........| ok p=0.999023
Q62:	|........ ..+..... ........ ........| ok p=1
Q63:	|........ ..+..... ........ ........| ok p=0.999023
Q64:	|........ ..+..... .....-.. ........|
Best path: totcompl=-20 tottunnel=40, totcond=548, p=0.0288252
Q-3:	|11011100 00001010 10000101 00001111|
Q-2:	|11-+110+ -+1++100 -1000101 1+10+-01|
Q-1:	|111-100+ -+0++100 -1011010 0+001+00|
Q0:	|11-1-+01 -0-1-10+ 0+-11+00 +01+--11| ok p=0.236328
Q1:	|.++-+0.- 01+0-..- 000..+.. +0.--1+.| ok p=0.389648
Q2:	|.-01+1.1 -.1--..- .0+..... ...-.10^| ok p=1
Q3:	|.00+0..+ 1.-10.1- ..+^.1.. 1..-1.0-| ok p=1
Q4:	|!0++0..- -.1-1.0. ..--.1.. 1..0...1| ok p=1
Q5:	|!-+....+ +.10..+0 ..11.-.. +!.+..^1| ok p=1
Q6:	|!1+0...1 +..1..1. ..00!-.. 0^01..-0| ok p=1
Q7:	|.0.....0 +.....-. !....1.. 1-01.011| ok p=1
Q8:	|.10..... 0..!..+. .....-0. -0++.0++| ok p=1
Q9:	|........ 0..1..-. ....1+00 01++.+10| ok p=1
Q10:	|..!0..0. -0.1.00. .0011++. 1+011+00| ok p=1
Q11:	|.0111^01 00.-.0-. .111+10. --001+1.| ok p=1
Q12:	|.10-1--0 1-.-.-+. .+---11^ 0-+--1-0| ok p=1
Q13:	|.-+1+1+- 0-...+1. .+-+0--+ -+-++++0| ok p=1
Q14:	|.001+001 +0.0.+0. 0..00+01 -000110+| ok p=1
Q15:	|.1+...11 1-...0.. 1100--11 1-00011+| ok p=0.832031
Q16:	|..0.^..0 -..0.-.. +...10.. 0+.0...-| ok p=1
Q17:	|..1.0..1 .^.1.... +0-.01.. .1.1...0| ok p=0.84668
Q18:	|....0..+ ^..+.^.. -.-.1... .+.+...+| ok p=0.722656
Q19:	|....-... ........ 0--.+... .+....0+| ok p=0.958008
Q20:	|..0...0^ ...^.... 0--...0. .0.^..0-| ok p=1
Q21:	|..1.^.1. ...0.... .--.^.1. .0....-1| ok p=0.885742
Q22:	|..+...-. ...1.... .+1...+. .......1| ok p=0.886719
Q23:	|........ ...+.0.. .00..... .0....^.| ok p=0.99707
Q24:	|..^...^. 0....1.. .1....^. .1...0..| ok p=1
Q25:	|........ ...^.-.. ........ .-...1..| ok p=0.893555
Q26:	|.......0 +....... ....0... .....-..| ok p=1
Q27:	|.......1 +....^.. ....1... .^......| ok p=0.998047
Q28:	|.......+ -....... ....+... .....^..| ok p=1
Q29:	|........ 0....... ....0... ........| ok p=1
Q30:	|.......^ 1....... ....-... ........| ok p=1
Q31:	|........ ........ ....-... ........| ok p=0.998047
Q32:	|........ ........ ........ ........| ok p=1
Q33:	|........ ........ ....!... ........| ok p=1
Q34:	|........ ........ ........ ........| ok p=1
Q35:	|........ ........ ........ ........| ok p=1
Q36:	|........ ........ ........ ........| ok p=1
Q37:	|........ ........ ........ ........| ok p=1
Q38:	|........ ........ ........ ........| ok p=1
Q39:	|........ ........ ........ ........| ok p=1
Q40:	|........ ........ ........ ........| ok p=1
Q41:	|........ ........ ........ ........| ok p=1
Q42:	|........ ........ ........ ........| ok p=1
Q43:	|........ ........ ........ ........| ok p=1
Q44:	|........ ........ ........ ........| ok p=1
Q45:	|........ ........ ........ ........| ok p=1
Q46:	|........ ........ ........ ........| ok p=1
Q47:	|........ ........ ........ ........| ok p=1
Q48:	|........ ........ ........ ........| ok p=1
Q49:	|........ ........ ........ ........| ok p=1
Q50:	|........ ........ ........ ........| ok p=1
Q51:	|........ ........ ........ ........| ok p=1
Q52:	|........ ........ ........ ........| ok p=1
Q53:	|........ ........ ........ ........| ok p=1
Q54:	|........ ........ ........ ........| ok p=1
Q55:	|........ ........ ........ ........| ok p=1
Q56:	|........ ........ ........ ........| ok p=1
Q57:	|........ ........ ........ ........| ok p=1
Q58:	|........ ........ ........ ........| ok p=1
Q59:	|........ ........ ........ ........| ok p=1
Q60:	|........ ..0..... ........ ........| ok p=1
Q61:	|........ ..0..... ........ ........| ok p=0.999023
Q62:	|........ ..+..... ........ ........| ok p=1
Q63:	|........ ..+..... ........ ........| ok p=1
Q64:	|........ ..+..... .....-.. ........|
Best path: totcompl=-20 tottunnel=40, totcond=547, p=0.0280485
Q-3:	|11011100 00001010 10000101 00001111|
Q-2:	|11-+110+ -+1++100 -1000101 1+10+-01|
Q-1:	|111-100+ -+0++100 -1011010 0+001+00|
Q0:	|11-1-+01 -0-1-10+ 0+-11+00 +01+--11| ok p=0.257812
Q1:	|.++-+0.- 01+0-..- 000..+.. +0.--1+.| ok p=0.365234
Q2:	|.-01+1.1 -.1--..- .0+..... ...-.10^| ok p=1
Q3:	|.00+0..+ 1.-10.1- ..+^.1.. 1..-1.0-| ok p=1
Q4:	|!0++0..- -.1-1.0. ..--.1.. 1..0...1| ok p=1
Q5:	|!-+....+ +.10..+0 ..11.-.. +.!+..^1| ok p=1
Q6:	|!1+0...1 +..1..1. ..00.-!. 0^01..-0| ok p=1
Q7:	|.0.....0 +.....-. !....1.. 1-01.011| ok p=0.99707
Q8:	|..0..... 0..!..+. .....-0. -0++.0++| ok p=0.999023
Q9:	|........ 0..0..-. ....1+00 01++.+10| ok p=1
Q10:	|.!.0.... -0.1.00. .0011++. 1+011+00| ok p=1
Q11:	|..110^^0 00.-.0-. .111+10. --000+1.| ok p=1
Q12:	|.^0-0--1 1-.-.-+. .+----1^ 0-+--1-0| ok p=1
Q13:	|.-+1+10+ 0-...+1. .+0--+-+ -+00-++0| ok p=1
Q14:	|.000+101 ++.0.+0. 0.0.+001 -011.10+| ok p=1
Q15:	|.1+....1 1-...0.. 1100--11 1-..011+| ok p=0.829102
Q16:	|..0.^..0 -0.0.-.. +...0... 0+.0...-| ok p=1
Q17:	|..1.0..1 .1.1.... +0-.0^.. .1.1...0| ok p=0.862305
Q18:	|....0..+ ^..+.^.. -.-.1... .+.+...+| ok p=0.737305
Q19:	|....-... ........ 0--.+... .+....0+| ok p=0.946289
Q20:	|..0...0^ ...^.... 0--...0. .0.^..0-| ok p=1
Q21:	|..1.^.1. ...0.... .--.^.1. .0....-1| ok p=0.884766
Q22:	|..+...-. ...1.... .+1...+. .......1| ok p=0.897461
Q23:	|........ ...+.0.. .00..... .0....^.| ok p=0.999023
Q24:	|..^...^. 0....1.. .1....^. .1...0..| ok p=1
Q25:	|........ ...^.-.. ........ .-...1..| ok p=0.871094
Q26:	|.......0 +....... ....0... .....-..| ok p=1
Q27:	|.......1 +....^.. ....1... .^......| ok p=0.996094
Q28:	|.......+ -....... ....+... .....^..| ok p=0.999023
Q29:	|........ 0....... ....0... ........| ok p=1
Q30:	|.......^ 1....... ....-... ........| ok p=1
Q31:	|........ ........ ....-... ........| ok p=0.998047
Q32:	|........ ........ ........ ........| ok p=1
Q33:	|........ ........ ....!... ........| ok p=1
Q34:	|........ ........ ........ ........| ok p=1
Q35:	|........ ........ ........ ........| ok p=1
Q36:	|........ ........ ........ ........| ok p=1
Q37:	|........ ........ ........ ........| ok p=1
Q38:	|........ ........ ........ ........| ok p=1
Q39:	|........ ........ ........ ........| ok p=1
Q40:	|........ ........ ........ ........| ok p=1
Q41:	|........ ........ ........ ........| ok p=1
Q42:	|........ ........ ........ ........| ok p=1
Q43:	|........ ........ ........ ........| ok p=1
Q44:	|........ ........ ........ ........| ok p=1
Q45:	|........ ........ ........ ........| ok p=1
Q46:	|........ ........ ........ ........| ok p=1
Q47:	|........ ........ ........ ........| ok p=1
Q48:	|........ ........ ........ ........| ok p=1
Q49:	|........ ........ ........ ........| ok p=1
Q50:	|........ ........ ........ ........| ok p=1
Q51:	|........ ........ ........ ........| ok p=1
Q52:	|........ ........ ........ ........| ok p=1
Q53:	|........ ........ ........ ........| ok p=1
Q54:	|........ ........ ........ ........| ok p=1
Q55:	|........ ........ ........ ........| ok p=1
Q56:	|........ ........ ........ ........| ok p=1
Q57:	|........ ........ ........ ........| ok p=1
Q58:	|........ ........ ........ ........| ok p=1
Q59:	|........ ........ ........ ........| ok p=1
Q60:	|........ ..0..... ........ ........| ok p=1
Q61:	|........ ..0..... ........ ........| ok p=0.999023
Q62:	|........ ..+..... ........ ........| ok p=1
Q63:	|........ ..+..... ........ ........| ok p=1
Q64:	|........ ..+..... .....-.. ........|
Best path: totcompl=-20 tottunnel=40, totcond=540, p=0.0298686
Q-3:	|11011100 00001010 10000101 00001111|
Q-2:	|11-+110+ -+1++100 -1000101 1+10+-01|
Q-1:	|111-100+ -+0++100 -1011010 0+001+00|
Q0:	|11-1-+01 -0-1-10+ 0+-11+00 +01+--11| ok p=0.231445
Q1:	|.++-+0.- 01+0-..- 000..+.. +0.--1+.| ok p=0.374023
Q2:	|.-01+1.1 -.1--..- .0+..... ...-.10^| ok p=0.999023
Q3:	|.00+0..+ 1.-10.1- ..+^.1.. 1..-1.0-| ok p=1
Q4:	|!0++0..- -.1-1.0. ..--.1.. 1..0...1| ok p=1
Q5:	|!-+....+ +.10..+0 ..11.-.. +!.+..^1| ok p=1
Q6:	|!1+0...1 +..1..1. ..00!-.. 0^01..-0| ok p=1
Q7:	|.0.....0 +.....-! .....1.. 1-01.011| ok p=0.998047
Q8:	|..0..... 0..!..+. .....-0. -0++.0++| ok p=1
Q9:	|........ 0..1..-. ....1+0. 01++.+10| ok p=0.998047
Q10:	|...01... -1.1.00. .0011++^ 1+010+00| ok p=1
Q11:	|..011^^0 01.-.0-. .111+10. --000+1.| ok p=1
Q12:	|.^1--+-1 -+.-.-+. .+---11^ 0-+--1-0| ok p=1
Q13:	|.-+1+10+ 1-...+1. .+-+0--+ 1-00-++0| ok p=1
Q14:	|.000+010 +0.0.+0. 0..0++01 -101.01+| ok p=1
Q15:	|.1+....1 1-...0.. 1100--11 0-..011+| ok p=0.831055
Q16:	|..0.^..0 -..0.-.. +...00.. 0+.0...-| ok p=1
Q17:	|..1.0..1 .^.1.... +0-.01.. .1.1...0| ok p=0.858398
Q18:	|....0..+ ^..+.^.. -.-.1... .+.+...+| ok p=0.731445
Q19:	|....-... ........ 0--.+... .+....0+| ok p=0.949219
Q20:	|..0...0^ ...^.... 0--...0. .0.^..0-| ok p=1
Q21:	|..1.^.1. ...0.... .--.^.1. .0....-1| ok p=0.908203
Q22:	|..+...-. ...1.... .+1...+. .......1| ok p=0.882812
Q23:	|........ ...+.0.. .00..... .0....^.| ok p=0.999023
Q24:	|..^...^. 0....1.. .1....^. .1...0..| ok p=1
Q25:	|........ ...^.-.. ........ .-...1..| ok p=0.893555
Q26:	|.......0 +....... ....0... .....-..| ok p=1
Q27:	|.......1 +....^.. ....1... .^......| ok p=0.995117
Q28:	|.......+ -....... ....+... .....^..| ok p=0.998047
Q29:	|........ 0....... ....0... ........| ok p=1
Q30:	|.......^ 1....... ....-... ........| ok p=1
Q31:	|........ ........ ....-... ........| ok p=0.998047
Q32:	|........ ........ ........ ........| ok p=1
Q33:	|........ ........ ....!... ........| ok p=1
Q34:	|........ ........ ........ ........| ok p=1
Q35:	|........ ........ ........ ........| ok p=1
Q36:	|........ ........ ........ ........| ok p=1
Q37:	|........ ........ ........ ........| ok p=1
Q38:	|........ ........ ........ ........| ok p=1
Q39:	|........ ........ ........ ........| ok p=1
Q40:	|........ ........ ........ ........| ok p=1
Q41:	|........ ........ ........ ........| ok p=1
Q42:	|........ ........ ........ ........| ok p=1
Q43:	|........ ........ ........ ........| ok p=1
Q44:	|........ ........ ........ ........| ok p=1
Q45:	|........ ........ ........ ........| ok p=1
Q46:	|........ ........ ........ ........| ok p=1
Q47:	|........ ........ ........ ........| ok p=1
Q48:	|........ ........ ........ ........| ok p=1
Q49:	|........ ........ ........ ........| ok p=1
Q50:	|........ ........ ........ ........| ok p=1
Q51:	|........ ........ ........ ........| ok p=1
Q52:	|........ ........ ........ ........| ok p=1
Q53:	|........ ........ ........ ........| ok p=1
Q54:	|........ ........ ........ ........| ok p=1
Q55:	|........ ........ ........ ........| ok p=1
Q56:	|........ ........ ........ ........| ok p=1
Q57:	|........ ........ ........ ........| ok p=1
Q58:	|........ ........ ........ ........| ok p=1
Q59:	|........ ........ ........ ........| ok p=1
Q60:	|........ ..0..... ........ ........| ok p=1
Q61:	|........ ..0..... ........ ........| ok p=1
Q62:	|........ ..+..... ........ ........| ok p=1
Q63:	|........ ..+..... ........ ........| ok p=0.999023
Q64:	|........ ..+..... .....-.. ........|
Best path: totcompl=-19 tottunnel=41, totcond=540, p=0.0298773
**Q-3:	|11011100 00001010 10000101 00001111|
Q-2:	|11-+110+ -+1++100 -1000101 1+10+-01|
Q-1:	|111-100+ -+0++100 -1011010 0+001+00|
Q0:	|11-1-+01 -0-1-10+ 0+-11+00 +01+--11| ok p=0.25293
Q1:	|.++-+0.- 01+0-..- 000..+.. +0.--1+.| ok p=0.353516
Q2:	|.-01+1.1 -.1--..- .0+..... ...-.10^| ok p=0.999023
Q3:	|.00+0..+ 1.-10.1- ..+^.1.. 1..-1.0-| ok p=1
Q4:	|!0++0..- -.1-1.0. ..--.1.. 1..0...1| ok p=1
Q5:	|!-+....+ +.10..+0 ..11.-.. +!.+..^1| ok p=1
Q6:	|!1+0...1 +..1..1. ..00.-!. 0^01..-0| ok p=1
Q7:	|.0.....0 +.....-! .....1.. 1-01.011| ok p=0.996094
Q8:	|..0..... 0..!..+. .....-0. -0++.0++| ok p=1
Q9:	|........ 0..1..-. ....1+00 01++.+10| ok p=0.999023
Q10:	|...0.... -1.1.00. .0011++. 1+010+00| ok p=1
Q11:	|..010^^1 01.-.0-. .111+10. --000+1.| ok p=1
Q12:	|.^1-0--0 -+.-.-+. .+---11^ 0-+--1-0| ok p=1
Q13:	|.-+1+01+ 1-...+1. .+-+0--+ 1-00-++0| ok p=1
Q14:	|.000+010 +0.0.+0. 0..0++01 -101.10+| ok p=1
Q15:	|.1+....1 1-...0.! .100--11 0-..011+| ok p=0.850586
Q16:	|..0.^..0 -..0.-.. +...00.. 0+.0...-| ok p=1
Q17:	|..1.0..1 .^.1.... +0-.01.. .1.1...0| ok p=0.887695
Q18:	|....0..+ ^..+.^.. -.-.1... .+.+...+| ok p=0.727539
Q19:	|....-... ........ 0--.+... .+....0+| ok p=0.954102
Q20:	|..0...0^ ...^.... 0--...0. .0.^..0-| ok p=1
Q21:	|..1.^.1. ...0.... .--.^.1. .0....-1| ok p=0.90332
Q22:	|..+...-. ...1.... .+1...+. .......1| ok p=0.897461
Q23:	|........ ...+.0.. .00..... .0....^.| ok p=0.999023
Q24:	|..^...^. 0....1.. .1....^. .1...0..| ok p=1
Q25:	|........ ...^.-.. ........ .-...1..| ok p=0.883789
Q26:	|.......0 +....... ....0... .....-..| ok p=1
Q27:	|.......1 +....^.. ....1... .^......| ok p=0.99707
Q28:	|.......+ -....... ....+... .....^..| ok p=0.998047
Q29:	|........ 0....... ....0... ........| ok p=1
Q30:	|.......^ 1....... ....-... ........| ok p=1
Q31:	|........ ........ ....-... ........| ok p=0.999023
Q32:	|........ ........ ........ ........| ok p=1
Q33:	|........ ........ ....!... ........| ok p=1
Q34:	|........ ........ ........ ........| ok p=1
Q35:	|........ ........ ........ ........| ok p=1
Q36:	|........ ........ ........ ........| ok p=1
Q37:	|........ ........ ........ ........| ok p=1
Q38:	|........ ........ ........ ........| ok p=1
Q39:	|........ ........ ........ ........| ok p=1
Q40:	|........ ........ ........ ........| ok p=1
Q41:	|........ ........ ........ ........| ok p=1
Q42:	|........ ........ ........ ........| ok p=1
Q43:	|........ ........ ........ ........| ok p=1
Q44:	|........ ........ ........ ........| ok p=1
Q45:	|........ ........ ........ ........| ok p=1
Q46:	|........ ........ ........ ........| ok p=1
Q47:	|........ ........ ........ ........| ok p=1
Q48:	|........ ........ ........ ........| ok p=1
Q49:	|........ ........ ........ ........| ok p=1
Q50:	|........ ........ ........ ........| ok p=1
Q51:	|........ ........ ........ ........| ok p=1
Q52:	|........ ........ ........ ........| ok p=1
Q53:	|........ ........ ........ ........| ok p=1
Q54:	|........ ........ ........ ........| ok p=1
Q55:	|........ ........ ........ ........| ok p=1
Q56:	|........ ........ ........ ........| ok p=1
Q57:	|........ ........ ........ ........| ok p=1
Q58:	|........ ........ ........ ........| ok p=1
Q59:	|........ ........ ........ ........| ok p=1
Q60:	|........ ..0..... ........ ........| ok p=1
Q61:	|........ ..0..... ........ ........| ok p=1
Q62:	|........ ..+..... ........ ........| ok p=1
Q63:	|........ ..+..... ........ ........| ok p=0.998047
Q64:	|........ ..+..... .....-.. ........|
Best path: totcompl=-18 tottunnel=42, totcond=539, p=0.029097
Q-3:	|11011100 00001010 10000101 00001111|
Q-2:	|11-+110+ -+1++100 -1000101 1+10+-01|
Q-1:	|111-100+ -+0++100 -1011010 0+001+00|
Q0:	|11-1-+01 -0-1-10+ 0+-11+00 +01+--11| ok p=0.263672
Q1:	|.++-+0.- 01+0-..- 000..+.. +0.--1+.| ok p=0.364258
Q2:	|.-01+1.1 -.1--..- .0+..... ...-.10^| ok p=1
Q3:	|.00+0..+ 1.-10.1- ..+^.1.. 1..-1.0-| ok p=1
Q4:	|!0++0..- -.1-1.0. ..--.1.. 1..0...1| ok p=1
Q5:	|!-+....+ +.11..+0 ..11.-.. +1!+..^1| ok p=1
Q6:	|!1+0...1 +..1..1. ..00!-.. 01.1..--| ok p=1
Q7:	|00.....0 +.....-! .....1.. 1-.1..1-| ok p=0.998047
Q8:	|..0..... 1..!..+. .^...-.0 0-.-..+0| ok p=1
Q9:	|........ 0..01.-. .+..1+.1 --.-..++| ok p=1
Q10:	|..1.100. -1.11.+. .0..1+!+ 0+00.0++| ok p=1
Q11:	|..1.011. +1.--^-. .1.0+100 --10^11-| ok p=1
Q12:	|..-^++-^ -+.---+. .1.1+-11 00------| ok p=1
Q13:	|..-+-10+ 0-..+10. .-.-1--+ 1+1111-0| ok p=1
Q14:	|.!+1+010 +0.01+0. 10.1++01 -00111.0| ok p=1
Q15:	|..+01..1 1-..0-.. .100--11 1-....01| ok p=0.910156
Q16:	|..1.1..0 -..0.-.. +...00.. 1+.0...-| ok p=1
Q17:	|..1.0..1 .^.1.1.. +0-.01.. .1.1...1| ok p=0.871094
Q18:	|....0..+ ^..+.0.. -.-.1... .+.+...+| ok p=0.699219
Q19:	|....-... ........ 0--.+... .+....0+| ok p=0.959961
Q20:	|..0...0^ ...^.... 0--...0. .0.^..0-| ok p=1
Q21:	|..1.^.1. ...0.... .--.^.1. .0....-1| ok p=0.889648
Q22:	|..+...-. ...1.... .+1...+. .......1| ok p=0.899414
Q23:	|........ ...+.0.. .00..... .0....^.| ok p=1
Q24:	|..^...^. 0....1.. .1....^. .1...0..| ok p=1
Q25:	|........ ...^.-.. ........ .-...1..| ok p=0.890625
Q26:	|.......0 +....... ....0... .....-..| ok p=1
Q27:	|.......1 +....^.. ....1... .^......| ok p=0.999023
Q28:	|.......+ -....... ....+... .....^..| ok p=0.999023
Q29:	|........ 0....... ....0... ........| ok p=1
Q30:	|.......^ 1....... ....-... ........| ok p=1
Q31:	|........ ........ ....-... ........| ok p=0.996094
Q32:	|........ ........ ........ ........| ok p=1
Q33:	|........ ........ ....!... ........| ok p=1
Q34:	|........ ........ ........ ........| ok p=1
Q35:	|........ ........ ........ ........| ok p=1
Q36:	|........ ........ ........ ........| ok p=1
Q37:	|........ ........ ........ ........| ok p=1
Q38:	|........ ........ ........ ........| ok p=1
Q39:	|........ ........ ........ ........| ok p=1
Q40:	|........ ........ ........ ........| ok p=1
Q41:	|........ ........ ........ ........| ok p=1
Q42:	|........ ........ ........ ........| ok p=1
Q43:	|........ ........ ........ ........| ok p=1
Q44:	|........ ........ ........ ........| ok p=1
Q45:	|........ ........ ........ ........| ok p=1
Q46:	|........ ........ ........ ........| ok p=1
Q47:	|........ ........ ........ ........| ok p=1
Q48:	|........ ........ ........ ........| ok p=1
Q49:	|........ ........ ........ ........| ok p=1
Q50:	|........ ........ ........ ........| ok p=1
Q51:	|........ ........ ........ ........| ok p=1
Q52:	|........ ........ ........ ........| ok p=1
Q53:	|........ ........ ........ ........| ok p=1
Q54:	|........ ........ ........ ........| ok p=1
Q55:	|........ ........ ........ ........| ok p=1
Q56:	|........ ........ ........ ........| ok p=1
Q57:	|........ ........ ........ ........| ok p=1
Q58:	|........ ........ ........ ........| ok p=1
Q59:	|........ ........ ........ ........| ok p=1
Q60:	|........ ..0..... ........ ........| ok p=1
Q61:	|........ ..0..... ........ ........| ok p=1
Q62:	|........ ..+..... ........ ........| ok p=1
Q63:	|........ ..+..... ........ ........| ok p=0.998047
Q64:	|........ ..+..... .....-.. ........|
Best path: totcompl=-18 tottunnel=42, totcond=537, p=0.0352652
Best paths: 2
****