Extend MD5 differential paths forward
Copyright (C) 2009 Marc Stevens
http://homepages.cwi.nl/~stevens/

delta_m[11] = [!11!]
Loading workdir0/lowerpath.bin.gz...done: 1.
Estimating maxcond for upper bound 8000000 (=2000000 * 4)...
t=1:  0%   10   20   30   40   50   60   70   80   90   100%
      |----|----|----|----|----|----|----|----|----|----|
e     ***************************************************
Found maxcond = 2176
t=1:  0%   10   20   30   40   50   60   70   80   90   100%
      |----|----|----|----|----|----|----|----|----|----|
      ***************************************************
Q-3:	|11011100 00001010 10000101 00001111|
Q-2:	|11-+110+ -+1++100 -1000101 1+10+-01|
Q-1:	|111-100+ -+0++100 -1011010 0+001+00|
Q0:	|11-1-+01 -0-1-10+ 0+-11+00 +01+--11| ok p=0.473633
Q1:	|.+0++0.- .10++..- 100..+.. +1.-0--.| ok p=0.422852
Q2:	|.-.+.... -.-..+.- ..+..+.- ...-....|
Saving 177536 paths...done.
Autobalance parameters: maxcond=2176
Verified: 56960 bad out of 234496
Estimating maxcond for upper bound 8000000 (=2000000 * 4)...
t=2:  0%   10   20   30   40   50   60   70   80   90   100%
      |----|----|----|----|----|----|----|----|----|----|
e     ***************************************************
Found maxcond = 167
t=2:  0%   10   20   30   40   50   60   70   80   90   100%
      |----|----|----|----|----|----|----|----|----|----|
      ***************************************************
Q-3:	|11011100 00001010 10000101 00001111|
Q-2:	|11-+110+ -+1++100 -1000101 1+10+-01|
Q-1:	|111-100+ -+0++100 -1011010 0+001+00|
Q0:	|11-1-+01 -0-1-10+ 0+-11+00 +01+--11| ok p=0.258789
Q1:	|.++0-0.- .+-0-..- 001..+.. +0.--0+.| ok p=0.40332
Q2:	|.-1..+.+ 1++.+..0 .--..... +..-.1-.| ok p=0.53418
Q3:	|...+...- ..-..+.. .+.-.... .+.+...-|
Saving 2000000 paths...done.
Autobalance parameters: maxcond=166
Verified: 100801 bad out of 2920593
Estimating maxcond for upper bound 8000000 (=2000000 * 4)...
t=3:  0%   10   20   30   40   50   60   70   80   90   100%
      |----|----|----|----|----|----|----|----|----|----|
e     ***************************************************
Found maxcond = 183
t=3:  0%   10   20   30   40   50   60   70   80   90   100%
      |----|----|----|----|----|----|----|----|----|----|
      ***************************************************
Q-3:	|11011100 00001010 10000101 00001111|
Q-2:	|11-+110+ -+1++100 -1000101 1+10+-01|
Q-1:	|111-100+ -+0++100 -1011010 0+001+00|
Q0:	|11-1-+01 -0-1-10+ 0+-11+00 +01+--11| ok p=0.253906
Q1:	|.++-+0.- .1+0-..- 011..+.. +0.--1+.| ok p=0.37207
Q2:	|.0---1.+ 1++.+..- .0+..... ...-.00.| ok p=0.405273
Q3:	|.++.--.- .0-.-..- ..0..1.. 1..+1.1.| ok p=0.685547
Q4:	|+..-.... .-..+..+ ..-...-. ..+.-..+|
Saving 2000000 paths...done.
Autobalance parameters: maxcond=182
Verified: 25320 bad out of 2921276
Estimating maxcond for upper bound 8000000 (=2000000 * 4)...
t=4:  0%   10   20   30   40   50   60   70   80   90   100%
      |----|----|----|----|----|----|----|----|----|----|
e     ***************************************************
Found maxcond = 198
t=4:  0%   10   20   30   40   50   60   70   80   90   100%
      |----|----|----|----|----|----|----|----|----|----|
      ***************************************************
Q-3:	|11011100 00001010 10000101 00001111|
Q-2:	|11-+110+ -+1++100 -1000101 1+10+-01|
Q-1:	|111-100+ -+0++100 -1011010 0+001+00|
Q0:	|11-1-+01 -0-1-10+ 0+-11+00 +01+--11| ok p=0.265625
Q1:	|.++-+0.- 11+0-..- 000..+.. +0.--0+.| ok p=0.350586
Q2:	|.-01+1.0 --+.+..1 .--..... ...-.10.| ok p=0.504883
Q3:	|.+1+...+ 0-+.1..0 .--..0.. 0..+1.-.| ok p=0.498047
Q4:	|.---1..- -.-.-... .+...... ...1..0.| ok p=0.376953
Q5:	|....+.+. -.+.+.+. +....-.+ ..+..+.-|
Saving 2000000 paths...done.
Autobalance parameters: maxcond=197
Verified: 611700 bad out of 3957875
Estimating maxcond for upper bound 8000000 (=2000000 * 4)...
t=5:  0%   10   20   30   40   50   60   70   80   90   100%
      |----|----|----|----|----|----|----|----|----|----|
e     ***************************************************
Found maxcond = 214
t=5:  0%   10   20   30   40   50   60   70   80   90   100%
      |----|----|----|----|----|----|----|----|----|----|
      ***************************************************
Q-3:	|11011100 00001010 10000101 00001111|
Q-2:	|11-+110+ -+1++100 -1000101 1+10+-01|
Q-1:	|111-100+ -+0++100 -1011010 0+001+00|
Q0:	|11-1-+01 -0-1-10+ 0+-11+00 +01+--11| ok p=0.237305
Q1:	|.++-+0.- 01+0-..- 000..+.. +0.--1+V| ok p=0.351562
Q2:	|.-01+1.1 -.0--..- .0+..0.. 0..-.10.| ok p=0.942383
Q3:	|.00+...+ 0.-0...- ..+.V1.. -..-1.0-| ok p=0.604492
Q4:	|.+.+0..- -.-+1... ..1..-.. -..1...1| ok p=0.739258
Q5:	|.+.....+ +..0...1 ..-.+0.. ...+...1| ok p=0.417969
Q6:	|.-.-.+.. -...-..- ..-.+.+. -....+..|
Saving 2000000 paths...done.
Autobalance parameters: maxcond=213
Verified: 5088 bad out of 3049185
Estimating maxcond for upper bound 8000000 (=2000000 * 4)...
t=6:  0%   10   20   30   40   50   60   70   80   90   100%
      |----|----|----|----|----|----|----|----|----|----|
e     ***************************************************
Found maxcond = 229
t=6:  0%   10   20   30   40   50   60   70   80   90   100%
      |----|----|----|----|----|----|----|----|----|----|
      ***************************************************
Q-3:	|11011100 00001010 10000101 00001111|
Q-2:	|11-+110+ -+1++100 -1000101 1+10+-01|
Q-1:	|111-100+ -+0++100 -1011010 0+001+00|
Q0:	|11-1-+01 -0-1-10+ 0+-11+00 +01+--11| ok p=0.487305
Q1:	|+.-1-0.0 ---0-..- 100..+.. +0.--0+.| ok p=0.632812
Q2:	|1.--00.. -1.--..1 .--..+.. -..1.1+.| ok p=0.742188
Q3:	|-.-0-... ++01...0 .+1..-0. -..10.1.| ok p=0.673828
Q4:	|-..0-.V. +-.-0..- .1-..+1. -..1..+.| ok p=0.460938
Q5:	|1.1++... .+.0...+ .1-..--. -..+..+.| ok p=0.407227
Q6:	|+..+1.+. 0+.+...+ .....0-. ...+....| ok p=0.433594
Q7:	|.-.+.... +.-.-.-. ..-..... +..-....|
Saving 1156258 paths...done.
Autobalance parameters: maxcond=229
Verified: 9384 bad out of 1165642
Estimating maxcond for upper bound 8000000 (=2000000 * 4)...
t=7:  0%   10   20   30   40   50   60   70   80   90   100%
      |----|----|----|----|----|----|----|----|----|----|
e     ***************************************************
Found maxcond = 243
t=7:  0%   10   20   30   40   50   60   70   80   90   100%
      |----|----|----|----|----|----|----|----|----|----|
      ***************************************************
Q-3:	|11011100 00001010 10000101 00001111|
Q-2:	|11-+110+ -+1++100 -1000101 1+10+-01|
Q-1:	|111-100+ -+0++100 -1011010 0+001+00|
Q0:	|11-1-+01 -0-1-10+ 0+-11+00 +01+--11| ok p=0.262695
Q1:	|.++-+0.- 01+0-..- 000..+.. +0.--1+V| ok p=0.357422
Q2:	|.-01+1.1 -.1--..- .0+V.... ...-.10.| ok p=0.914062
Q3:	|.00+...+ 1.-1..1- ..+..1.. 1..-1.0-| ok p=0.40918
Q4:	|.0++0..- -.1-1.0. ..--.1.. 1..0..V1| ok p=0.636719
Q5:	|.-+....+ +.10..+0 ..11.-.. +V.+...1| ok p=0.599609
Q6:	|.1+0...1 +..1..1. ..10.-.. 1..1..-.| ok p=0.830078
Q7:	|.+.....+ +.....-. ........ 1-.1..0.| ok p=0.693359
Q8:	|.+....+. -..+..+. .....-.. .-.-.+.-|
Saving 2000000 paths...done.
Autobalance parameters: maxcond=242
Verified: 78006 bad out of 2886862
Estimating maxcond for upper bound 8000000 (=2000000 * 4)...
t=8:  0%   10   20   30   40   50   60   70   80   90   100%
      |----|----|----|----|----|----|----|----|----|----|
e     ***************************************************
Found maxcond = 255
t=8:  0%   10   20   30   40   50   60   70   80   90   100%
      |----|----|----|----|----|----|----|----|----|----|
      ***************************************************
Q-3:	|11011100 00001010 10000101 00001111|
Q-2:	|11-+110+ -+1++100 -1000101 1+10+-01|
Q-1:	|111-100+ -+0++100 -1011010 0+001+00|
Q0:	|11-1-+01 -0-1-10+ 0+-11+00 +01+--11| ok p=0.274414
Q1:	|.++-+0.- 01+0-..- 000..+.. +0.--1+V| ok p=0.378906
Q2:	|.-01+1.1 -.1--..- .0+V.... ...-.10.| ok p=0.890625
Q3:	|.00+...+ 1.-1..1- ..+..1.. 1..-1.0-| ok p=0.401367
Q4:	|.0++0..- -.1-1.0. ..--.1.. 1..0..V1| ok p=0.628906
Q5:	|.-+....+ +.10..+0 ..11.-.. +V.+...1| ok p=0.537109
Q6:	|.1+0...1 +..1..1. ..00.-.. 01.1..-V| ok p=0.989258
Q7:	|.0.....0 +.....-. .....0.. 1-.1..1.| ok p=0.938477
Q8:	|..1..... ......+. .....-.. .-.-..++| ok p=0.905273
Q9:	|........ ........ .+...+.. -.+..+..|
Saving 2000000 paths...done.
Autobalance parameters: maxcond=254
Verified: 27174 bad out of 2400039
Estimating maxcond for upper bound 8000000 (=2000000 * 4)...
t=9:  0%   10   20   30   40   50   60   70   80   90   100%
      |----|----|----|----|----|----|----|----|----|----|
e     ***************************************************
Found maxcond = 265
t=9:  0%   10   20   30   40   50   60   70   80   90   100%
      |----|----|----|----|----|----|----|----|----|----|
      ***************************************************
Q-3:	|11011100 00001010 10000101 00001111|
Q-2:	|11-+110+ -+1++100 -1000101 1+10+-01|
Q-1:	|111-100+ -+0++100 -1011010 0+001+00|
Q0:	|11-1-+01 -0-1-10+ 0+-11+00 +01+--11| ok p=0.266602
Q1:	|.++-+0.- 01+0-..- 000..+.. +0.--1+V| ok p=0.375
Q2:	|.-01+1.1 -.1--..- .0+V.... ...-.10.| ok p=0.895508
Q3:	|.00+...+ 1.-1..1- ..+..1.. 1..-1.0-| ok p=0.415039
Q4:	|.0++0..- -.1-1.0. ..--.1.. 1..0..V1| ok p=0.603516
Q5:	|.-+....+ +.10..+0 ..11.-.. +V.+...1| ok p=0.560547
Q6:	|.1+0...1 +..1..1. ..00.-.. 01.1..-V| ok p=0.992188
Q7:	|.0.....0 +.....-. .V...0.. 1-.1.V1.| ok p=0.941406
Q8:	|..0..... ......+. .....-.. .-.-..++| ok p=1
Q9:	|........ 1.....1. .+...+.. .-.-.+00| ok p=0.776367
Q10:	|..+..... .-...-.. ..+.+.-. .-...-..|
Saving 2000000 paths...done.
Autobalance parameters: maxcond=263
Verified: 1628 bad out of 3546578
Estimating maxcond for upper bound 8000000 (=2000000 * 4)...
t=10: 0%   10   20   30   40   50   60   70   80   90   100%
      |----|----|----|----|----|----|----|----|----|----|
e     ***************************************************
Found maxcond = 276
t=10: 0%   10   20   30   40   50   60   70   80   90   100%
      |----|----|----|----|----|----|----|----|----|----|
      ***************************************************
Q-3:	|11011100 00001010 10000101 00001111|
Q-2:	|11-+110+ -+1++100 -1000101 1+10+-01|
Q-1:	|111-100+ -+0++100 -1011010 0+001+00|
Q0:	|11-1-+01 -0-1-10+ 0+-11+00 +01+--11| ok p=0.255859
Q1:	|.++-+0.- 01+0-..- 000..+.. +0.--1+V| ok p=0.364258
Q2:	|.-01+1.1 -.1--..- .0+V.... ...-.10.| ok p=0.894531
Q3:	|.00+...+ 1.-1..1- ..+..1.. 1..-1.0-| ok p=0.418945
Q4:	|.0++0..- -.1-1.0. ..--.1.. 1..0.V.1| ok p=0.645508
Q5:	|.-+....+ +.01..+0 ..11.-.. +.V+..V1| ok p=0.566406
Q6:	|.1+0...1 +..0..1. ..00.-.. 0..1.-.-| ok p=0.989258
Q7:	|.00....0 +.....-. .....0.. -.+1.0--| ok p=0.81543
Q8:	|..+..... +...V.+. V....-.. -.0+.010| ok p=0.999023
Q9:	|..+..... +.....0. .....1.. ..11..0+| ok p=0.635742
Q10:	|........ ....-.1. +....+.. 1..+...+| ok p=0.875
Q11:	|.......- .+.+.+.+ .-..+.-. ...+.-.+|
Saving 2000000 paths...done.
Autobalance parameters: maxcond=275
Verified: 5292 bad out of 2859863
Runtime: 136.83
Extend MD5 differential paths forward
Copyright (C) 2009 Marc Stevens
http://homepages.cwi.nl/~stevens/

delta_m[11] = [!11!]
Loading workdir0/paths10_0of1...done: 2000000 (work:2000000).
Estimating maxcond for upper bound 2000000 (=500000 * 4)...
t=11: 0%   10   20   30   40   50   60   70   80   90   100%
      |----|----|----|----|----|----|----|----|----|----|
e     ***************************************************
Found maxcond = 287
t=11: 0%   10   20   30   40   50   60   70   80   90   100%
      |----|----|----|----|----|----|----|----|----|----|
      ***************************************************
Q-3:	|11011100 00001010 10000101 00001111|
Q-2:	|11-+110+ -+1++100 -1000101 1+10+-01|
Q-1:	|111-100+ -+0++100 -1011010 0+001+00|
Q0:	|11-1-+01 -0-1-10+ 0+-11+00 +01+--11| ok p=0.25293
Q1:	|.++-+0.- 01+0-..- 000..+.. +0.--1+V| ok p=0.358398
Q2:	|.-01+1.1 -.1--..- .0+V.... ...-.10.| ok p=0.90332
Q3:	|.00+...+ 1.-1..1- ..+..1.. 1..-1.0-| ok p=0.419922
Q4:	|.0++0..- -.1-1.0. ..--.1.. 1..0..V1| ok p=0.637695
Q5:	|.-+....+ +.11..+0 ..11.-.. +VV+...1| ok p=0.552734
Q6:	|.1+0...1 +..0..1. ..00.-.. 0..1..--| ok p=0.99707
Q7:	|.0.....0 +.....-. .....1V. 1--1..0-| ok p=0.928711
Q8:	|..1..... +.....+. ...V.-.. -00+..+1| ok p=1
Q9:	|........ +V....-. ...1.+-. 0110..++| ok p=0.655273
Q10:	|........ 1.....-. ...-.+0. 1..+..++| ok p=0.982422
Q11:	|........ --...... ...-.++. ...+...-| ok p=0.597656
Q12:	|+.-.+... +....... ..+.-.-. ...+....|
Saving 500000 paths...done.
Autobalance parameters: maxcond=286
Verified: 3094 bad out of 698637
Runtime: 16.7829
