MD5 differential path toolbox
Copyright (C) 2009 Marc Stevens
http://homepages.cwi.nl/~stevens/

IHV1   = {3691676943,4189861935,4169456136,3970221477}
IHV1   = 0f850adc2f38bcf908da84f8a5c5a4ec

IHV2   = {3691676943,3574946995,3915143756,3715909097}
IHV2   = 0f850adcb35c15d54c5a5ce9e9457cdd

dIHV   = {0,3680052356,4040654916,4040654916}
NC0: delta c = delta d = [!-2!]
NC0: delta b           = [!-2,-23,-25!]
NC1: delta c = delta d = [!-6!]
NC1: delta b           = [!-6,-27,29!]
NC2: delta c = delta d = [!15!]
NC2: delta b           = [!-6,15!]
NC3: delta c = delta d = [!19!]
NC3: delta b           = [!19!]
NC4: delta c = delta d = [!21!]
NC4: delta b           = [!-10,21!]
NC5: delta c = delta d = [!-24!]
NC5: delta b           = [!-13,15,-24!]
NC6: delta c = delta d = [!28!]
NC6: delta b           = [!-17,28!]
NC0: prob=-8.43841
NC1: prob=-6.4683
NC2: prob=-7.64118
NC3: prob=-3.49285
NC4: prob=-3.26108
NC5: prob=-6.18687
NC6: prob=-3.41701
delta m_11 = [!11!]
Q-3:	|11011100 00001010 10000101 00001111|
Q-2:	|11-+110+ -+1++100 -1000101 1+10+-01|
Q-1:	|111-100+ -+0++100 -1011010 0+001+00|
Q0:	|11-1-+01 -0-1-10+ 0+-11+00 +01+--11| ok p=0.689453
Q1:	|+.-.-..- ..+.-..- .....+.. +.-.+.+.|
Saved lower diff. path to 'workdir0/lowerpath.bin.gz'.

Q32:	|........ ........ ........ ........|
Q33:	|........ ........ ........ ........|
Q34:	|........ ........ ........ ........|
Q35:	|........ ........ ........ ........| ok p=1
Q36:	|........ ........ ........ ........| ok p=1
Q37:	|........ ........ ........ ........| ok p=1
Q38:	|........ ........ ........ ........| ok p=1
Q39:	|........ ........ ........ ........| ok p=1
Q40:	|........ ........ ........ ........| ok p=1
Q41:	|........ ........ ........ ........| ok p=1
Q42:	|........ ........ ........ ........| ok p=1
Q43:	|........ ........ ........ ........| ok p=1
Q44:	|........ ........ ........ ........| ok p=1
Q45:	|........ ........ ........ ........| ok p=1
Q46:	|........ ........ ........ ........| ok p=1
Q47:	|........ ........ ........ ........| ok p=1
Q48:	|........ ........ ........ ........| ok p=1
Q49:	|........ ........ ........ ........| ok p=1
Q50:	|........ ........ ........ ........| ok p=1
Q51:	|........ ........ ........ ........| ok p=1
Q52:	|........ ........ ........ ........| ok p=1
Q53:	|........ ........ ........ ........| ok p=1
Q54:	|........ ........ ........ ........| ok p=1
Q55:	|........ ........ ........ ........| ok p=1
Q56:	|........ ........ ........ ........| ok p=1
Q57:	|........ ........ ........ ........| ok p=1
Q58:	|........ ........ ........ ........| ok p=1
Q59:	|........ ........ ........ ........| ok p=1
Q60:	|........ ..0..... ........ ........| ok p=1
Q61:	|........ ..0..... ........ ........| ok p=1
Q62:	|........ ..+..... ........ ........| ok p=1
Q63:	|........ ..+..... ........ ........| ok p=1
Q64:	|........ ..+..... .....-.. ........|
Saved upper diff. path to 'workdir0/upperpath.bin.gz'.
Saved 'md5diffpathforward.cfg'.
Saved 'md5diffpathbackward.cfg'.
Saved 'md5diffpathconnect.cfg'.
Saved 'md5diffpathhelper.cfg'.
