Connect MD5 differential paths
Copyright (C) 2009 Marc Stevens
http://homepages.cwi.nl/~stevens/

delta_m[11] = [!11!]
Loading workdir1/paths16_0of1.bin.gz...done: 500000.
Loading workdir1/paths11_0of1.bin.gz...done: 500000.
t=12: 0%   10   20   30   40   50   60   70   80   90   100%
      |----|----|----|----|----|----|----|----|----|----|
      *Q-3:	|11110101 10011011 11101110 00010110|
Q-2:	|0+++0+++ 1++011-+ +++-+111 111111-+|
Q-1:	|-110-10- 0++11010 0-+0-110 1111-+++|
Q0:	|+00-+10- 10-01+11 01+01011 0001-0+0| ok p=0.37207
Q1:	|+.+1+-.+ .11.+1.. .1+.01.+ .-.0--.-| ok p=0.535156
Q2:	|..-11+.1 ..+.-+.. .....+^+ .0.++10-| ok p=1
Q3:	|11-.0-.0 ..-.+-1. !.0..1-1 .0.-01.-| ok p=1
Q4:	|10.0+0.. ..1^+-0. ..0..110 .1101...| ok p=1
Q5:	|-.1.-+.. .^0+0+.. .^-...0+ .+.00..0| ok p=1
Q6:	|+...-+.. .+01-1.^ .+0..!.- .+......| ok p=1
Q7:	|+!..-.1. .0+-+1.- ^01....- .+...0..| ok p=1
Q8:	|+!..+01. .10++..0 .1...... .+...1.1| ok p=1
Q9:	|+.!.+.+0 ..11+..0 .+.....1 .+.!.-11| ok p=1
Q10:	|-.0.11+0 .101.0.0 100...10 1110101+| ok p=1
Q11:	|+^1.000+ 000101.1 110^^.00 1+1111-+| ok p=1
Q12:	|1--^+--- 0-+00+^+ -.+--^+- -0------| ok p=1
Q13:	|11---010 -10+---+ +.+10-0+ -0+++-+-| ok p=1
Q14:	|.0.00100 +1100+1. 111+101+ .-101.00| ok p=1
Q15:	|.+111... 0.+00+10 +.-010-- 1-01101-| ok p=0.277344
Q16:	|.1..+..0 -..1.-.. +..0...0 .+.0...1| ok p=1
Q17:	|.0..-..1 ..^1.1.. 1.^.-.^- .-.1...+| ok p=0.707031
Q18:	|....1..+ ^..+.0.. -...-... .+.-...+| ok p=0.713867
Q19:	|....-... ........ -.0.+..^ .+....0-| ok p=0.939453
Q20:	|..0...0^ ...^.... 001.0.0. .1.^..1-| ok p=1
Q21:	|..1.^.1. ...0.... 11-.1.1. .1....-0| ok p=0.894531
Q22:	|..+...-. ...1.... .+....+. .......0| ok p=0.820312
Q23:	|........ ...+.0.. ..^..... .0....^.| ok p=1
Q24:	|..^...^. 0....1.. .^....^. .1...0..| ok p=1
Q25:	|........ ...^.-.. ........ .-...1..| ok p=0.884766
Q26:	|.......0 +....... ....0... .....-..| ok p=1
Q27:	|.......1 +....^.. ....1... .^......| ok p=0.99707
Q28:	|.......+ -....... ....+... .....^..| ok p=0.998047
Q29:	|........ 0....... ....0... ........| ok p=1
Q30:	|.......^ 1....... ....-... ........| ok p=1
Q31:	|........ ........ ....-... ........| ok p=1
Q32:	|........ ........ ........ ........| ok p=1
Q33:	|........ ........ ....!... ........| ok p=1
Q34:	|........ ........ ........ ........| ok p=1
Q35:	|........ ........ ........ ........| ok p=1
Q36:	|........ ........ ........ ........| ok p=1
Q37:	|........ ........ ........ ........| ok p=1
Q38:	|........ ........ ........ ........| ok p=1
Q39:	|........ ........ ........ ........| ok p=1
Q40:	|........ ........ ........ ........| ok p=1
Q41:	|........ ........ ........ ........| ok p=1
Q42:	|........ ........ ........ ........| ok p=1
Q43:	|........ ........ ........ ........| ok p=1
Q44:	|........ ........ ........ ........| ok p=1
Q45:	|........ ........ ........ ........| ok p=1
Q46:	|........ ........ ........ ........| ok p=1
Q47:	|........ ........ ........ ........| ok p=1
Q48:	|........ ........ ........ ........| ok p=1
Q49:	|........ ........ ........ ........| ok p=1
Q50:	|........ ........ ........ ........| ok p=1
Q51:	|........ ........ ........ ........| ok p=1
Q52:	|........ ........ ........ ........| ok p=1
Q53:	|........ ........ ........ ........| ok p=1
Q54:	|........ ........ ........ ........| ok p=1
Q55:	|........ ........ ........ ........| ok p=1
Q56:	|........ ........ ........ ........| ok p=1
Q57:	|........ ........ ........ ........| ok p=1
Q58:	|........ ........ ........ ........| ok p=1
Q59:	|........ ........ ........ ........| ok p=1
Q60:	|........ ..0..... ........ ........| ok p=1
Q61:	|........ .11..... ........ ........| ok p=1
Q62:	|........ .1+..... ........ ........| ok p=1
Q63:	|........ .+-..... ........ ........| ok p=1
Q64:	|........ ..+..... ....-... ........|
Best path: totcompl=-29 tottunnel=33, totcond=569, p=0.0189694
Best paths: 2
Best paths: 4
Q-3:	|11110101 10011011 11101110 00010110|
Q-2:	|0+++0+++ 1++011-+ +++-+111 111111-+|
Q-1:	|-110-10- 0++11010 0-+0-110 1111-+++|
Q0:	|+00-+10- 10-01+11 01+01011 0001-0+0| ok p=0.374023
Q1:	|+.+1+-.+ .11.+1.. .1+.01.+ .-.0--.-| ok p=0.53418
Q2:	|..-11+.1 ..+.-+.. .....+^+ .0.++10-| ok p=1
Q3:	|11-.0-.0 ..-.+-1! ..0..1-1 .0.-01.-| ok p=1
Q4:	|100.+0.. ..1^+-0. ..0..110 .1.01...| ok p=1
Q5:	|-.1.-+.. .^0+0+.. .^-...0+ .+^00..0| ok p=1
Q6:	|+...-+.. .+01-1.^ .+0..!.- .+......| ok p=1
Q7:	|+.!.-.1. .0+-+1.- ^01....- .+...0..| ok p=1
Q8:	|+.!.+01. .10++..0 .1...... .+...1.0| ok p=1
Q9:	|+.!1+.+0 ..11+..0 .+.....1 .+.!.-00| ok p=1
Q10:	|+.0001+0 .0.1.0.1 100...00 0110100+| ok p=1
Q11:	|+^10100+ 01.001.1 110^^.10 0+1111-+| ok p=1
Q12:	|.--+---- 1+.10+.- -.+--^+- -0------| ok p=1
Q13:	|11---0-+ +11---.- +.+10--+ +0+++-+-| ok p=1
Q14:	|.0.001.0 +1000+.1 1.1+1101 1-101.00| ok p=1
Q15:	|.+111.00 0.+01+.0 +.-01-00 1-01101-| ok p=0.302734
Q16:	|.1..+..0 -..1.-.. +..0...1 .+.0...1| ok p=1
Q17:	|.0..-..1 ..^1.1.. 1.^.-^.- .-.1...+| ok p=0.712891
Q18:	|....1..+ ^..+.0.. -...-... .+.-...+| ok p=0.708008
Q19:	|....-... ........ -.0.+..^ .+....0-| ok p=0.941406
Q20:	|..0...0^ ...^.... 001.0.0. .1.^..1-| ok p=1
Q21:	|..1.^.1. ...0.... 11-.1.1. .1....-0| ok p=0.887695
Q22:	|..+...-. ...1.... .+....+. .......0| ok p=0.829102
Q23:	|........ ...+.0.. ..^..... .0....^.| ok p=0.999023
Q24:	|..^...^. 0....1.. .^....^. .1...0..| ok p=0.999023
Q25:	|........ ...^.-.. ........ .-...1..| ok p=0.881836
Q26:	|.......0 +....... ....0... .....-..| ok p=1
Q27:	|.......1 +....^.. ....1... .^......| ok p=0.99707
Q28:	|.......+ -....... ....+... .....^..| ok p=0.998047
Q29:	|........ 0....... ....0... ........| ok p=1
Q30:	|.......^ 1....... ....-... ........| ok p=1
Q31:	|........ ........ ....-... ........| ok p=1
Q32:	|........ ........ ........ ........| ok p=1
Q33:	|........ ........ ....!... ........| ok p=1
Q34:	|........ ........ ........ ........| ok p=1
Q35:	|........ ........ ........ ........| ok p=1
Q36:	|........ ........ ........ ........| ok p=1
Q37:	|........ ........ ........ ........| ok p=1
Q38:	|........ ........ ........ ........| ok p=1
Q39:	|........ ........ ........ ........| ok p=1
Q40:	|........ ........ ........ ........| ok p=1
Q41:	|........ ........ ........ ........| ok p=1
Q42:	|........ ........ ........ ........| ok p=1
Q43:	|........ ........ ........ ........| ok p=1
Q44:	|........ ........ ........ ........| ok p=1
Q45:	|........ ........ ........ ........| ok p=1
Q46:	|........ ........ ........ ........| ok p=1
Q47:	|........ ........ ........ ........| ok p=1
Q48:	|........ ........ ........ ........| ok p=1
Q49:	|........ ........ ........ ........| ok p=1
Q50:	|........ ........ ........ ........| ok p=1
Q51:	|........ ........ ........ ........| ok p=1
Q52:	|........ ........ ........ ........| ok p=1
Q53:	|........ ........ ........ ........| ok p=1
Q54:	|........ ........ ........ ........| ok p=1
Q55:	|........ ........ ........ ........| ok p=1
Q56:	|........ ........ ........ ........| ok p=1
Q57:	|........ ........ ........ ........| ok p=1
Q58:	|........ ........ ........ ........| ok p=1
Q59:	|........ ........ ........ ........| ok p=1
Q60:	|........ ..0..... ........ ........| ok p=1
Q61:	|........ .11..... ........ ........| ok p=0.998047
Q62:	|........ .1+..... ........ ........| ok p=1
Q63:	|........ .+-..... ........ ........| ok p=1
Q64:	|........ ..+..... ....-... ........|
Best path: totcompl=-29 tottunnel=33, totcond=566, p=0.0192691
Q-3:	|11110101 10011011 11101110 00010110|
Q-2:	|0+++0+++ 1++011-+ +++-+111 111111-+|
Q-1:	|-110-10- 0++11010 0-+0-110 1111-+++|
Q0:	|+00-+10- 10-01+11 01+01011 0001-0+0| ok p=0.354492
Q1:	|+.+1+-.+ .11.+1.. .1+.01.+ .-.0--.-| ok p=0.520508
Q2:	|..-11+.1 ..+.-+.. .....+^+ .0.++10-| ok p=1
Q3:	|11-.0-.0 ..-.+-1! ..0..1-1 .0.-01.-| ok p=1
Q4:	|100.+0.. ..1^+-0. ..0..110 .1101...| ok p=1
Q5:	|-.1.-+.. .^0+0+.. .^-...0+ .+00...0| ok p=1
Q6:	|+.0.-+.. .+01-1.^ .+0.!..- .+......| ok p=1
Q7:	|+.1.-.1. .0+-+1.- ^01....- .+...0..| ok p=1
Q8:	|+.0.+01. .10++..0 .1...... .+...1.0| ok p=1
Q9:	|+.1.+.+0 ..11+..0 .+.....1 .+.!.-00| ok p=1
Q10:	|+.0001+0 .0.1.0.. 000...00 0110100+| ok p=1
Q11:	|+^10100+ 01.001.^ 010^^.10 0+1111-+| ok p=1
Q12:	|.--+---- 1+.10+.- -.+--^+- -0------| ok p=1
Q13:	|11---0-+ +11---.0 -.+10--+ +0+++-+-| ok p=1
Q14:	|.0.001.0 +1000+.1 0.1+1101 1-101.00| ok p=1
Q15:	|.+111.00 0.+01+.0 +.-01-00 1-01101-| ok p=0.300781
Q16:	|.1..+..0 -..1.-.. +..0...1 .+.0...1| ok p=1
Q17:	|.0..-..1 ..^1.1.. 1.^.-^.- .-.1...+| ok p=0.712891
Q18:	|....1..+ ^..+.0.. -...-... .+.-...+| ok p=0.71582
Q19:	|....-... ........ -.0.+..^ .+....0-| ok p=0.9375
Q20:	|..0...0^ ...^.... 001.0.0. .1.^..1-| ok p=1
Q21:	|..1.^.1. ...0.... 11-.1.1. .1....-0| ok p=0.87793
Q22:	|..+...-. ...1.... .+....+. .......0| ok p=0.833984
Q23:	|........ ...+.0.. ..^..... .0....^.| ok p=1
Q24:	|..^...^. 0....1.. .^....^. .1...0..| ok p=1
Q25:	|........ ...^.-.. ........ .-...1..| ok p=0.870117
Q26:	|.......0 +....... ....0... .....-..| ok p=1
Q27:	|.......1 +....^.. ....1... .^......| ok p=0.999023
Q28:	|.......+ -....... ....+... .....^..| ok p=0.998047
Q29:	|........ 0....... ....0... ........| ok p=1
Q30:	|.......^ 1....... ....-... ........| ok p=1
Q31:	|........ ........ ....-... ........| ok p=0.99707
Q32:	|........ ........ ........ ........| ok p=1
Q33:	|........ ........ ....!... ........| ok p=1
Q34:	|........ ........ ........ ........| ok p=1
Q35:	|........ ........ ........ ........| ok p=1
Q36:	|........ ........ ........ ........| ok p=1
Q37:	|........ ........ ........ ........| ok p=1
Q38:	|........ ........ ........ ........| ok p=1
Q39:	|........ ........ ........ ........| ok p=1
Q40:	|........ ........ ........ ........| ok p=1
Q41:	|........ ........ ........ ........| ok p=1
Q42:	|........ ........ ........ ........| ok p=1
Q43:	|........ ........ ........ ........| ok p=1
Q44:	|........ ........ ........ ........| ok p=1
Q45:	|........ ........ ........ ........| ok p=1
Q46:	|........ ........ ........ ........| ok p=1
Q47:	|........ ........ ........ ........| ok p=1
Q48:	|........ ........ ........ ........| ok p=1
Q49:	|........ ........ ........ ........| ok p=1
Q50:	|........ ........ ........ ........| ok p=1
Q51:	|........ ........ ........ ........| ok p=1
Q52:	|........ ........ ........ ........| ok p=1
Q53:	|........ ........ ........ ........| ok p=1
Q54:	|........ ........ ........ ........| ok p=1
Q55:	|........ ........ ........ ........| ok p=1
Q56:	|........ ........ ........ ........| ok p=1
Q57:	|........ ........ ........ ........| ok p=1
Q58:	|........ ........ ........ ........| ok p=1
Q59:	|........ ........ ........ ........| ok p=1
Q60:	|........ ..0..... ........ ........| ok p=1
Q61:	|........ .11..... ........ ........| ok p=0.99707
Q62:	|........ .1+..... ........ ........| ok p=1
Q63:	|........ .+-..... ........ ........| ok p=0.99707
Q64:	|........ ..+..... ....-... ........|
Best path: totcompl=-28 tottunnel=34, totcond=565, p=0.0209646
Q-3:	|11110101 10011011 11101110 00010110|
Q-2:	|0+++0+++ 1++011-+ +++-+111 111111-+|
Q-1:	|-110-10- 0++11010 0-+0-110 1111-+++|
Q0:	|+00-+10- 10-01+11 01+01011 0001-0+0| ok p=0.37207
Q1:	|+.+1+-.+ .11.+1.. .1+.01.+ .-.0--.-| ok p=0.539062
Q2:	|..-11+.1 ..+.-+.. .....+^+ .0.++10-| ok p=1
Q3:	|11-.0-.0 ..-.+-1! ..0..1-1 .0.-01.-| ok p=1
Q4:	|10..+0.. ..1^+-0. ..0..110 .1101...| ok p=1
Q5:	|-11.-+.. .^0+0+.. .^-...0+ .+.00..0| ok p=1
Q6:	|+...-+.. .+01-1.^ .+0.!..- .+......| ok p=1
Q7:	|+.!.-.1. .0+-+1.- ^01....- .+...0..| ok p=1
Q8:	|+!1.+01. .10++..0 .1...... .+...1.0| ok p=1
Q9:	|+.0.+.+1 ..11+..0 .+.....1 .+.!.-00| ok p=1
Q10:	|+01.10+1 .1.1.0.. .0....00 0110100+| ok p=1
Q11:	|+10.110+ 00..01.^ ^10^^.10 0+1111-+| ok p=1
Q12:	|0--.+--- 1+.^1+.- -10+-^+- -0------| ok p=1
Q13:	|110.+0-+ +11---.0 1--10--+ +0+++-+-| ok p=1
Q14:	|0-0.01.0 +1000+.1 01+-1101 1-101.0+| ok p=1
Q15:	|1+..1.00 0.+01+.. +1-01-00 1-01101-| ok p=0.389648
Q16:	|.1..+..0 -..1.-.. +.10...1 .+.0...0| ok p=0.871094
Q17:	|.1..-..1 ..^1.1.. 1.1.-^.- .-.1...+| ok p=0.739258
Q18:	|....1..+ ^..+.0.. -...-... .+.-...+| ok p=0.741211
Q19:	|....-... ........ -.0.+..^ .+....0-| ok p=0.944336
Q20:	|..0...0^ ...^.... 001.0.0. .1.^..1-| ok p=1
Q21:	|..1.^.1. ...0.... 11-.1.1. .1....-0| ok p=0.884766
Q22:	|..+...-. ...1.... .+....+. .......0| ok p=0.826172
Q23:	|........ ...+.0.. ..^..... .0....^.| ok p=0.998047
Q24:	|..^...^. 0....1.. .^....^. .1...0..| ok p=1
Q25:	|........ ...^.-.. ........ .-...1..| ok p=0.883789
Q26:	|.......0 +....... ....0... .....-..| ok p=1
Q27:	|.......1 +....^.. ....1... .^......| ok p=0.996094
Q28:	|.......+ -....... ....+... .....^..| ok p=1
Q29:	|........ 0....... ....0... ........| ok p=1
Q30:	|.......^ 1....... ....-... ........| ok p=1
Q31:	|........ ........ ....-... ........| ok p=1
Q32:	|........ ........ ........ ........| ok p=1
Q33:	|........ ........ ....!... ........| ok p=1
Q34:	|........ ........ ........ ........| ok p=1
Q35:	|........ ........ ........ ........| ok p=1
Q36:	|........ ........ ........ ........| ok p=1
Q37:	|........ ........ ........ ........| ok p=1
Q38:	|........ ........ ........ ........| ok p=1
Q39:	|........ ........ ........ ........| ok p=1
Q40:	|........ ........ ........ ........| ok p=1
Q41:	|........ ........ ........ ........| ok p=1
Q42:	|........ ........ ........ ........| ok p=1
Q43:	|........ ........ ........ ........| ok p=1
Q44:	|........ ........ ........ ........| ok p=1
Q45:	|........ ........ ........ ........| ok p=1
Q46:	|........ ........ ........ ........| ok p=1
Q47:	|........ ........ ........ ........| ok p=1
Q48:	|........ ........ ........ ........| ok p=1
Q49:	|........ ........ ........ ........| ok p=1
Q50:	|........ ........ ........ ........| ok p=1
Q51:	|........ ........ ........ ........| ok p=1
Q52:	|........ ........ ........ ........| ok p=1
Q53:	|........ ........ ........ ........| ok p=1
Q54:	|........ ........ ........ ........| ok p=1
Q55:	|........ ........ ........ ........| ok p=1
Q56:	|........ ........ ........ ........| ok p=1
Q57:	|........ ........ ........ ........| ok p=1
Q58:	|........ ........ ........ ........| ok p=1
Q59:	|........ ........ ........ ........| ok p=1
Q60:	|........ ..0..... ........ ........| ok p=1
Q61:	|........ .11..... ........ ........| ok p=0.999023
Q62:	|........ .1+..... ........ ........| ok p=1
Q63:	|........ .+-..... ........ ........| ok p=0.998047
Q64:	|........ ..+..... ....-... ........|
Best path: totcompl=-25 tottunnel=37, totcond=564, p=0.0226527
Q-3:	|11110101 10011011 11101110 00010110|
Q-2:	|0+++0+++ 1++011-+ +++-+111 111111-+|
Q-1:	|-110-10- 0++11010 0-+0-110 1111-+++|
Q0:	|+00-+10- 10-01+11 01+01011 0001-0+0| ok p=0.37207
Q1:	|+.+1+-.+ .11.+1.. .1+.01.+ .-.0--.-| ok p=0.541016
Q2:	|..-11+.1 ..+.-+.. .....+^+ .0.++10-| ok p=1
Q3:	|11-.0-.0 ..-.+-1. !.0..1-1 .0.-01.-| ok p=1
Q4:	|10..+0.. ..1^+-0. ..0..110 .1101...| ok p=1
Q5:	|-.1^-+.. .^0+0+.. .^-...0+ .+00...0| ok p=1
Q6:	|+.1.-+.. .+01-1.^ .+0.!..- .+......| ok p=1
Q7:	|+.0.-.1. .0+-+1.- ^01....- .+...0..| ok p=1
Q8:	|+.1.+01. .10++..0 .1...... .+...1.0| ok p=1
Q9:	|+.0.+.+1 ..11+..0 .+.....1 .+!..-00| ok p=1
Q10:	|+01.10+1 00.1.0.. .0....00 0110100+| ok p=1
Q11:	|+10.110+ 01..01.^ ^10^^.10 0+1111-+| ok p=1
Q12:	|0--.+--- +-.^1+.- -10+-^+- -0------| ok p=1
Q13:	|110.+001 -11---.0 1--10--+ +0+++-+-| ok p=1
Q14:	|0-0.0100 +1000+.1 01+-1101 1-101.0+| ok p=1
Q15:	|1+..1... 0.+01+.. +1-01-00 1-01101-| ok p=0.387695
Q16:	|.1..+..0 -..1.-.. +.10...1 .+.0...0| ok p=0.860352
Q17:	|.1..-..1 ..^1.1.. 1.1.-^.- .-.1...+| ok p=0.735352
Q18:	|....1..+ ^..+.0.. -...-... .+.-...+| ok p=0.716797
Q19:	|....-... ........ -.0.+..^ .+....0-| ok p=0.942383
Q20:	|..0...0^ ...^.... 001.0.0. .1.^..1-| ok p=1
Q21:	|..1.^.1. ...0.... 11-.1.1. .1....-0| ok p=0.897461
Q22:	|..+...-. ...1.... .+....+. .......0| ok p=0.831055
Q23:	|........ ...+.0.. ..^..... .0....^.| ok p=0.998047
Q24:	|..^...^. 0....1.. .^....^. .1...0..| ok p=1
Q25:	|........ ...^.-.. ........ .-...1..| ok p=0.888672
Q26:	|.......0 +....... ....0... .....-..| ok p=1
Q27:	|.......1 +....^.. ....1... .^......| ok p=0.999023
Q28:	|.......+ -....... ....+... .....^..| ok p=1
Q29:	|........ 0....... ....0... ........| ok p=1
Q30:	|.......^ 1....... ....-... ........| ok p=1
Q31:	|........ ........ ....-... ........| ok p=0.998047
Q32:	|........ ........ ........ ........| ok p=1
Q33:	|........ ........ ....!... ........| ok p=1
Q34:	|........ ........ ........ ........| ok p=1
Q35:	|........ ........ ........ ........| ok p=1
Q36:	|........ ........ ........ ........| ok p=1
Q37:	|........ ........ ........ ........| ok p=1
Q38:	|........ ........ ........ ........| ok p=1
Q39:	|........ ........ ........ ........| ok p=1
Q40:	|........ ........ ........ ........| ok p=1
Q41:	|........ ........ ........ ........| ok p=1
Q42:	|........ ........ ........ ........| ok p=1
Q43:	|........ ........ ........ ........| ok p=1
Q44:	|........ ........ ........ ........| ok p=1
Q45:	|........ ........ ........ ........| ok p=1
Q46:	|........ ........ ........ ........| ok p=1
Q47:	|........ ........ ........ ........| ok p=1
Q48:	|........ ........ ........ ........| ok p=1
Q49:	|........ ........ ........ ........| ok p=1
Q50:	|........ ........ ........ ........| ok p=1
Q51:	|........ ........ ........ ........| ok p=1
Q52:	|........ ........ ........ ........| ok p=1
Q53:	|........ ........ ........ ........| ok p=1
Q54:	|........ ........ ........ ........| ok p=1
Q55:	|........ ........ ........ ........| ok p=1
Q56:	|........ ........ ........ ........| ok p=1
Q57:	|........ ........ ........ ........| ok p=1
Q58:	|........ ........ ........ ........| ok p=1
Q59:	|........ ........ ........ ........| ok p=1
Q60:	|........ ..0..... ........ ........| ok p=1
Q61:	|........ .11..... ........ ........| ok p=1
Q62:	|........ .1+..... ........ ........| ok p=1
Q63:	|........ .+-..... ........ ........| ok p=0.999023
Q64:	|........ ..+..... ....-... ........|
Best path: totcompl=-24 tottunnel=38, totcond=564, p=0.0194716
Q-3:	|11110101 10011011 11101110 00010110|
Q-2:	|0+++0+++ 1++011-+ +++-+111 111111-+|
Q-1:	|-110-10- 0++11010 0-+0-110 1111-+++|
Q0:	|+00-+10- 10-01+11 01+01011 0001-0+0| ok p=0.392578
Q1:	|+.+1+-.+ .11.+1.. .1+.01.+ .-.0--.-| ok p=0.491211
Q2:	|..-11+.1 ..+.-+.. .....+^+ .0.++10-| ok p=1
Q3:	|11-.0-.0 ..-.+-1. !.0..1-1 .0.-01.-| ok p=1
Q4:	|10.0+0.. ..1^+-0. ..0..110 .1101...| ok p=1
Q5:	|-.1.-+.. .^0+0+.. .^-...0+ .+00...0| ok p=1
Q6:	|+0..-+.. .+01-1.^ .+0.!..- .+......| ok p=1
Q7:	|+1..-.1. .0+-+1.- ^01....- .+...0..| ok p=1
Q8:	|+0..+01. .10++..0 .1...... .+...1.0| ok p=1
Q9:	|+1..+.+0 ..11+..0 .+.....1 .+.!.-00| ok p=1
Q10:	|+00.10+0 .0.1.0.1 100...00 0110100+| ok p=1
Q11:	|+01.110+ 01.001.1 110^^.10 0+1111-+| ok p=1
Q12:	|0--.+--- 1+.10+.- -.+--^+- -0------| ok p=1
Q13:	|1-00+01- +11---.- +.+10--+ +0+++-+-| ok p=1
Q14:	|.000010. +1000+.. 111+1101 1-101.00| ok p=1
Q15:	|.+..1..0 0.+01+.0 +.-01-00 1-01101-| ok p=0.392578
Q16:	|.1..+..0 -..1.-.. +..0...1 .+.0...1| ok p=1
Q17:	|.0..-..1 ..^1.1.. 1.^.-^.- .-.1...+| ok p=0.707031
Q18:	|....1..+ ^..+.0.. -...-... .+.-...+| ok p=0.744141
Q19:	|....-... ........ -.0.+..^ .+....0-| ok p=0.930664
Q20:	|..0...0^ ...^.... 001.0.0. .1.^..1-| ok p=1
Q21:	|..1.^.1. ...0.... 11-.1.1. .1....-0| ok p=0.879883
Q22:	|..+...-. ...1.... .+....+. .......0| ok p=0.833008
Q23:	|........ ...+.0.. ..^..... .0....^.| ok p=0.99707
Q24:	|..^...^. 0....1.. .^....^. .1...0..| ok p=1
Q25:	|........ ...^.-.. ........ .-...1..| ok p=0.875977
Q26:	|.......0 +....... ....0... .....-..| ok p=1
Q27:	|.......1 +....^.. ....1... .^......| ok p=0.996094
Q28:	|.......+ -....... ....+... .....^..| ok p=0.99707
Q29:	|........ 0....... ....0... ........| ok p=1
Q30:	|.......^ 1....... ....-... ........| ok p=1
Q31:	|........ ........ ....-... ........| ok p=0.998047
Q32:	|........ ........ ........ ........| ok p=1
Q33:	|........ ........ ....!... ........| ok p=1
Q34:	|........ ........ ........ ........| ok p=1
Q35:	|........ ........ ........ ........| ok p=1
Q36:	|........ ........ ........ ........| ok p=1
Q37:	|........ ........ ........ ........| ok p=1
Q38:	|........ ........ ........ ........| ok p=1
Q39:	|........ ........ ........ ........| ok p=1
Q40:	|........ ........ ........ ........| ok p=1
Q41:	|........ ........ ........ ........| ok p=1
Q42:	|........ ........ ........ ........| ok p=1
Q43:	|........ ........ ........ ........| ok p=1
Q44:	|........ ........ ........ ........| ok p=1
Q45:	|........ ........ ........ ........| ok p=1
Q46:	|........ ........ ........ ........| ok p=1
Q47:	|........ ........ ........ ........| ok p=1
Q48:	|........ ........ ........ ........| ok p=1
Q49:	|........ ........ ........ ........| ok p=1
Q50:	|........ ........ ........ ........| ok p=1
Q51:	|........ ........ ........ ........| ok p=1
Q52:	|........ ........ ........ ........| ok p=1
Q53:	|........ ........ ........ ........| ok p=1
Q54:	|........ ........ ........ ........| ok p=1
Q55:	|........ ........ ........ ........| ok p=1
Q56:	|........ ........ ........ ........| ok p=1
Q57:	|........ ........ ........ ........| ok p=1
Q58:	|........ ........ ........ ........| ok p=1
Q59:	|........ ........ ........ ........| ok p=1
Q60:	|........ ..0..... ........ ........| ok p=1
Q61:	|........ .11..... ........ ........| ok p=1
Q62:	|........ .1+..... ........ ........| ok p=1
Q63:	|........ .+-..... ........ ........| ok p=1
Q64:	|........ ..+..... ....-... ........|
Best path: totcompl=-24 tottunnel=38, totcond=563, p=0.0221808
Q-3:	|11110101 10011011 11101110 00010110|
Q-2:	|0+++0+++ 1++011-+ +++-+111 111111-+|
Q-1:	|-110-10- 0++11010 0-+0-110 1111-+++|
Q0:	|+00-+10- 10-01+11 01+01011 0001-0+0| ok p=0.388672
Q1:	|+.+1+-.+ .11.+1.. .1+.01.+ .-.0--.-| ok p=0.524414
Q2:	|..-11+.1 ..+.-+.. .....+^+ .0.++10-| ok p=1
Q3:	|11-.0-.0 ..-.+-1! ..0..1-1 .0.-01.-| ok p=1
Q4:	|10.0+0.. ..1^+-0. ..0..110 .1101...| ok p=1
Q5:	|-.1.-+.. .^0+0+.. .^-...0+ .+00...0| ok p=1
Q6:	|+...-+.. .+01-1.^ .+0.!..- .+......| ok p=1
Q7:	|+!1.-.1. .0+-+1.- ^01....- .+...0..| ok p=1
Q8:	|+.0.+01. .10++..0 .1...... .+...1.0| ok p=1
Q9:	|+.1.+.+1 ..00+..0 .+.....1 .+.!.-00| ok p=1
Q10:	|+.0.10+1 .1.1.0.. .0....00 0110100+| ok p=1
Q11:	|-^1.110+ 00..01.^ ^10^^.10 0+1111-+| ok p=1
Q12:	|0--.+--- 1+.^1+.- -10+-^+- -0------| ok p=1
Q13:	|110.+01- +11---.0 1--10--+ +0+++-+-| ok p=1
Q14:	|0-0.010. +1000+.1 01+-1101 1-101.0+| ok p=1
Q15:	|1+..1..0 0.+01+.. +1-01-00 1-01101-| ok p=0.376953
Q16:	|.1..+..0 -..1.-.. +.10...1 .+.0...0| ok p=0.880859
Q17:	|.1..-..1 ..^1.1.. 1.1.-^.- .-.1...+| ok p=0.729492
Q18:	|....1..+ ^..+.0.. -...-... .+.-...+| ok p=0.758789
Q19:	|....-... ........ -.0.+..^ .+....0-| ok p=0.932617
Q20:	|..0...0^ ...^.... 001.0.0. .1.^..1-| ok p=1
Q21:	|..1.^.1. ...0.... 11-.1.1. .1....-0| ok p=0.894531
Q22:	|..+...-. ...1.... .+....+. .......0| ok p=0.826172
Q23:	|........ ...+.0.. ..^..... .0....^.| ok p=0.999023
Q24:	|..^...^. 0....1.. .^....^. .1...0..| ok p=1
Q25:	|........ ...^.-.. ........ .-...1..| ok p=0.878906
Q26:	|.......0 +....... ....0... .....-..| ok p=1
Q27:	|.......1 +....^.. ....1... .^......| ok p=0.996094
Q28:	|.......+ -....... ....+... .....^..| ok p=0.99707
Q29:	|........ 0....... ....0... ........| ok p=1
Q30:	|.......^ 1....... ....-... ........| ok p=1
Q31:	|........ ........ ....-... ........| ok p=0.99707
Q32:	|........ ........ ........ ........| ok p=1
Q33:	|........ ........ ....!... ........| ok p=1
Q34:	|........ ........ ........ ........| ok p=1
Q35:	|........ ........ ........ ........| ok p=1
Q36:	|........ ........ ........ ........| ok p=1
Q37:	|........ ........ ........ ........| ok p=1
Q38:	|........ ........ ........ ........| ok p=1
Q39:	|........ ........ ........ ........| ok p=1
Q40:	|........ ........ ........ ........| ok p=1
Q41:	|........ ........ ........ ........| ok p=1
Q42:	|........ ........ ........ ........| ok p=1
Q43:	|........ ........ ........ ........| ok p=1
Q44:	|........ ........ ........ ........| ok p=1
Q45:	|........ ........ ........ ........| ok p=1
Q46:	|........ ........ ........ ........| ok p=1
Q47:	|........ ........ ........ ........| ok p=1
Q48:	|........ ........ ........ ........| ok p=1
Q49:	|........ ........ ........ ........| ok p=1
Q50:	|........ ........ ........ ........| ok p=1
Q51:	|........ ........ ........ ........| ok p=1
Q52:	|........ ........ ........ ........| ok p=1
Q53:	|........ ........ ........ ........| ok p=1
Q54:	|........ ........ ........ ........| ok p=1
Q55:	|........ ........ ........ ........| ok p=1
Q56:	|........ ........ ........ ........| ok p=1
Q57:	|........ ........ ........ ........| ok p=1
Q58:	|........ ........ ........ ........| ok p=1
Q59:	|........ ........ ........ ........| ok p=1
Q60:	|........ ..0..... ........ ........| ok p=1
Q61:	|........ .11..... ........ ........| ok p=0.999023
Q62:	|........ .1+..... ........ ........| ok p=1
Q63:	|........ .+-..... ........ ........| ok p=0.999023
Q64:	|........ ..+..... ....-... ........|
Best path: totcompl=-24 tottunnel=38, totcond=562, p=0.0216576
**Q-3:	|11110101 10011011 11101110 00010110|
Q-2:	|0+++0+++ 1++011-+ +++-+111 111111-+|
Q-1:	|-110-10- 0++11010 0-+0-110 1111-+++|
Q0:	|+00-+10- 10-01+11 01+01011 0001-0+0| ok p=0.365234
Q1:	|+.+1+-.+ .11.+1.. .1+.01.+ .-.0--.-| ok p=0.522461
Q2:	|..-11+.1 ..+.-+.. .....+^+ .0.++10-| ok p=1
Q3:	|11-.0-.0 ..-.+-1! ..0..1-1 .0.-01.-| ok p=1
Q4:	|10..+0.. ..1^+-0. ..0..110 .1101...| ok p=1
Q5:	|-.1^-+.. .^0+0+.. .^-...0+ .+.00..0| ok p=1
Q6:	|+...-+.. .+01-1.^ .+0.!..- .+......| ok p=1
Q7:	|+!..-.1. .0+-+1.- ^01....- .+...0..| ok p=1
Q8:	|+!..+01. .10++..0 .1...... .+...1.0| ok p=1
Q9:	|+.!.+.+0 ..10+..0 .+.....0 .+!..-.0| ok p=1
Q10:	|-00...+0 .0-+.0.1 10.1!00. .001.0.-| ok p=1
Q11:	|+10.111+ .10-01.0 10.0.11^ ^0011-1+| ok p=1
Q12:	|-+-^100+ ^-0+1+.- -.^+0--- ----010-| ok p=1
Q13:	|++++0+++ +1-+-1.0 -.+10+10 01-++0--| ok p=1
Q14:	|0-00-01. 010.01.1 0.10-+00 0-.01.10| ok p=1
Q15:	|111+0111 1.+11+.0 +.-.--.0 .-001.0-| ok p=0.753906
Q16:	|.1.+0..0 -..1.-.. +...11.1 .+.0...1| ok p=0.859375
Q17:	|...01..1 ..^1.1.. 1.^.00.- .-.1...+| ok p=0.744141
Q18:	|...10..+ ^..+.0.. -...1... .+.-...+| ok p=0.826172
Q19:	|....-... ........ -.0.+..^ .+....0-| ok p=0.929688
Q20:	|..0...0^ ...^.... 001...0. .1.^..1-| ok p=1
Q21:	|..1.^.1. ...0.... 11-.^.1. .1....-0| ok p=0.870117
Q22:	|..+...-. ...1.... .+....+. .......0| ok p=0.825195
Q23:	|........ ...+.0.. ..^..... .0....^.| ok p=0.996094
Q24:	|..^...^. 0....1.. .^....^. .1...0..| ok p=1
Q25:	|........ ...^.-.. ........ .-...1..| ok p=0.878906
Q26:	|.......0 +....... ....0... .....-..| ok p=1
Q27:	|.......1 +....^.. ....1... .^......| ok p=1
Q28:	|.......+ -....... ....+... .....^..| ok p=0.998047
Q29:	|........ 0....... ....0... ........| ok p=1
Q30:	|.......^ 1....... ....-... ........| ok p=1
Q31:	|........ ........ ....-... ........| ok p=0.99707
Q32:	|........ ........ ........ ........| ok p=1
Q33:	|........ ........ ....!... ........| ok p=1
Q34:	|........ ........ ........ ........| ok p=1
Q35:	|........ ........ ........ ........| ok p=1
Q36:	|........ ........ ........ ........| ok p=1
Q37:	|........ ........ ........ ........| ok p=1
Q38:	|........ ........ ........ ........| ok p=1
Q39:	|........ ........ ........ ........| ok p=1
Q40:	|........ ........ ........ ........| ok p=1
Q41:	|........ ........ ........ ........| ok p=1
Q42:	|........ ........ ........ ........| ok p=1
Q43:	|........ ........ ........ ........| ok p=1
Q44:	|........ ........ ........ ........| ok p=1
Q45:	|........ ........ ........ ........| ok p=1
Q46:	|........ ........ ........ ........| ok p=1
Q47:	|........ ........ ........ ........| ok p=1
Q48:	|........ ........ ........ ........| ok p=1
Q49:	|........ ........ ........ ........| ok p=1
Q50:	|........ ........ ........ ........| ok p=1
Q51:	|........ ........ ........ ........| ok p=1
Q52:	|........ ........ ........ ........| ok p=1
Q53:	|........ ........ ........ ........| ok p=1
Q54:	|........ ........ ........ ........| ok p=1
Q55:	|........ ........ ........ ........| ok p=1
Q56:	|........ ........ ........ ........| ok p=1
Q57:	|........ ........ ........ ........| ok p=1
Q58:	|........ ........ ........ ........| ok p=1
Q59:	|........ ........ ........ ........| ok p=1
Q60:	|........ ..0..... ........ ........| ok p=1
Q61:	|........ .11..... ........ ........| ok p=0.998047
Q62:	|........ .1+..... ........ ........| ok p=1
Q63:	|........ .+-..... ........ ........| ok p=0.998047
Q64:	|........ ..+..... ....-... ........|
Best path: totcompl=-24 tottunnel=38, totcond=561, p=0.0423389
Best paths: 2
Q-3:	|11110101 10011011 11101110 00010110|
Q-2:	|0+++0+++ 1++011-+ +++-+111 111111-+|
Q-1:	|-110-10- 0++11010 0-+0-110 1111-+++|
Q0:	|+00-+10- 10-01+11 01+01011 0001-0+0| ok p=0.369141
Q1:	|+.+1+-.+ .11.+1.. .1+.01.+ .-.0--.-| ok p=0.517578
Q2:	|..-11+.1 ..+.-+.. .....+^+ .0.++10-| ok p=1
Q3:	|11-.0-.0 ..-.+-1. !.0..1-1 .0.-01.-| ok p=1
Q4:	|10.0+0.. ..1^+-0. ..0..110 .1101...| ok p=1
Q5:	|-.1.-+.. .^0+0+.. .^-...0+ .+00...0| ok p=1
Q6:	|+...-+.. .+01-1.^ .+0.!..- .+......| ok p=1
Q7:	|+!..-.1. .0+-+1.- ^01....- .+......| ok p=1
Q8:	|+1!.+01. .+-1-..0 .1...... .+0..^..| ok p=1
Q9:	|+0..+.+0 .000+..0 .+.....1 .+1..-..| ok p=1
Q10:	|01....+1 011101.0 .+..0.10 .10..0^.| ok p=1
Q11:	|01^^0^1+ 10100010 0+..1101 ^1+^1-+.| ok p=1
Q12:	|----0--0 ------0+ 11.^+0+- --0-010^| ok p=1
Q13:	|1100-110 -1---0-+ ++1---00 1010--0+| ok p=1
Q14:	|0-10-10. 00...11. 1011+111 1-.100.0| ok p=1
Q15:	|10.+.... 1+101-11 +0-1--.0 .-.+10.-| ok p=0.964844
Q16:	|.0.+^..0 -..0.-.. +...0..1 .+.1...1| ok p=0.776367
Q17:	|...01..1 .^.1.0.. 1.^.0^.- .-.1...+| ok p=0.748047
Q18:	|...10..+ ^..+.1.. -...1... .+.-...+| ok p=0.834961
Q19:	|....-... ........ -.0.+..^ .+....0-| ok p=0.931641
Q20:	|..0...0^ ...^.... 001...0. .1.^..1-| ok p=1
Q21:	|..1.^.1. ...0.... 11-.^.1. .1....-0| ok p=0.888672
Q22:	|..+...-. ...1.... .+....+. .......0| ok p=0.820312
Q23:	|........ ...+.0.. ..^..... .0....^.| ok p=0.998047
Q24:	|..^...^. 0....1.. .^....^. .1...0..| ok p=1
Q25:	|........ ...^.-.. ........ .-...1..| ok p=0.880859
Q26:	|.......0 +....... ....0... .....-..| ok p=1
Q27:	|.......1 +....^.. ....1... .^......| ok p=0.998047
Q28:	|.......+ -....... ....+... .....^..| ok p=1
Q29:	|........ 0....... ....0... ........| ok p=1
Q30:	|.......^ 1....... ....-... ........| ok p=1
Q31:	|........ ........ ....-... ........| ok p=0.998047
Q32:	|........ ........ ........ ........| ok p=1
Q33:	|........ ........ ....!... ........| ok p=1
Q34:	|........ ........ ........ ........| ok p=1
Q35:	|........ ........ ........ ........| ok p=1
Q36:	|........ ........ ........ ........| ok p=1
Q37:	|........ ........ ........ ........| ok p=1
Q38:	|........ ........ ........ ........| ok p=1
Q39:	|........ ........ ........ ........| ok p=1
Q40:	|........ ........ ........ ........| ok p=1
Q41:	|........ ........ ........ ........| ok p=1
Q42:	|........ ........ ........ ........| ok p=1
Q43:	|........ ........ ........ ........| ok p=1
Q44:	|........ ........ ........ ........| ok p=1
Q45:	|........ ........ ........ ........| ok p=1
Q46:	|........ ........ ........ ........| ok p=1
Q47:	|........ ........ ........ ........| ok p=1
Q48:	|........ ........ ........ ........| ok p=1
Q49:	|........ ........ ........ ........| ok p=1
Q50:	|........ ........ ........ ........| ok p=1
Q51:	|........ ........ ........ ........| ok p=1
Q52:	|........ ........ ........ ........| ok p=1
Q53:	|........ ........ ........ ........| ok p=1
Q54:	|........ ........ ........ ........| ok p=1
Q55:	|........ ........ ........ ........| ok p=1
Q56:	|........ ........ ........ ........| ok p=1
Q57:	|........ ........ ........ ........| ok p=1
Q58:	|........ ........ ........ ........| ok p=1
Q59:	|........ ........ ........ ........| ok p=1
Q60:	|........ ..0..... ........ ........| ok p=1
Q61:	|........ .11..... ........ ........| ok p=0.999023
Q62:	|........ .1+..... ........ ........| ok p=1
Q63:	|........ .+-..... ........ ........| ok p=1
Q64:	|........ ..+..... ....-... ........|
Best path: totcompl=-24 tottunnel=38, totcond=560, p=0.0545058
****Q-3:	|11110101 10011011 11101110 00010110|
Q-2:	|0+++0+++ 1++011-+ +++-+111 111111-+|
Q-1:	|-110-10- 0++11010 0-+0-110 1111-+++|
Q0:	|+00-+10- 10-01+11 01+01011 0001-0+0| ok p=0.364258
Q1:	|+.+1+-.+ .11.+1.. .1+.01.+ .-.0--.-| ok p=0.490234
Q2:	|..-11+.1 ..+.-+.. .....+^+ .0.++10-| ok p=1
Q3:	|11-.0-.0 ..-.+-1. !.0..1-1 .0.-01.-| ok p=1
Q4:	|10.0+0.. ..1^+-0. ..0..110 .1101...| ok p=1
Q5:	|-.1.-+.. .^0+0+.. .^-...0+ .+00...0| ok p=1
Q6:	|+...-+.. .+01-1.^ .+0.!..- .+......| ok p=1
Q7:	|+.!.-.1. .0+-+1.- ^01....- .+...0..| ok p=1
Q8:	|+!..+01. .10++..0 .1...... .+...1..| ok p=1
Q9:	|-...+.+1 ..1+-..0 .+...1.1 .+.!.-0.| ok p=1
Q10:	|+.00..+1 .0101.11 100..0.. .0...11.| ok p=1
Q11:	|+^10111+ ^001-.0- 011^^1.. 0+.01-+.| ok p=1
Q12:	|0---000+ --+-+.+0 1-----.. 10^1010.| ok p=1
Q13:	|-0-+1+++ 1++--.0- +1+010.. -++++0-0| ok p=1
Q14:	|+0.1-00. ++..1^10 101010.. 1-000.01| ok p=1
Q15:	|000+0111 0+010-.1 +.-.--.0 1-111.0-| ok p=1
Q16:	|1..+0..1 -1.0.-.. +...1..1 .+.0...0| ok p=0.866211
Q17:	|...01..1 .0.1.0.. 1.^.0^.- .1.1...+| ok p=0.568359
Q18:	|...10..+ ^..+.1.. -...1... .1.-...+| ok p=0.837891
Q19:	|....-... ........ -.0.+..^ .+....0-| ok p=0.938477
Q20:	|..0...0^ ...^.... 001...0. .0.^..1-| ok p=1
Q21:	|..1.^.1. ...0.... 11-.^.1. .1....-0| ok p=0.876953
Q22:	|..+...-. ...1.... .+....+. .......0| ok p=0.832031
Q23:	|........ ...+.0.. ..^..... .0....^.| ok p=0.998047
Q24:	|..^...^. 0....1.. .^....^. .1...0..| ok p=0.999023
Q25:	|........ ...^.-.. ........ .-...1..| ok p=0.882812
Q26:	|.......0 +....... ....0... .....-..| ok p=1
Q27:	|.......1 +....^.. ....1... .^......| ok p=0.999023
Q28:	|.......+ -....... ....+... .....^..| ok p=0.999023
Q29:	|........ 0....... ....0... ........| ok p=1
Q30:	|.......^ 1....... ....-... ........| ok p=1
Q31:	|........ ........ ....-... ........| ok p=0.996094
Q32:	|........ ........ ........ ........| ok p=1
Q33:	|........ ........ ....!... ........| ok p=1
Q34:	|........ ........ ........ ........| ok p=1
Q35:	|........ ........ ........ ........| ok p=1
Q36:	|........ ........ ........ ........| ok p=1
Q37:	|........ ........ ........ ........| ok p=1
Q38:	|........ ........ ........ ........| ok p=1
Q39:	|........ ........ ........ ........| ok p=1
Q40:	|........ ........ ........ ........| ok p=1
Q41:	|........ ........ ........ ........| ok p=1
Q42:	|........ ........ ........ ........| ok p=1
Q43:	|........ ........ ........ ........| ok p=1
Q44:	|........ ........ ........ ........| ok p=1
Q45:	|........ ........ ........ ........| ok p=1
Q46:	|........ ........ ........ ........| ok p=1
Q47:	|........ ........ ........ ........| ok p=1
Q48:	|........ ........ ........ ........| ok p=1
Q49:	|........ ........ ........ ........| ok p=1
Q50:	|........ ........ ........ ........| ok p=1
Q51:	|........ ........ ........ ........| ok p=1
Q52:	|........ ........ ........ ........| ok p=1
Q53:	|........ ........ ........ ........| ok p=1
Q54:	|........ ........ ........ ........| ok p=1
Q55:	|........ ........ ........ ........| ok p=1
Q56:	|........ ........ ........ ........| ok p=1
Q57:	|........ ........ ........ ........| ok p=1
Q58:	|........ ........ ........ ........| ok p=1
Q59:	|........ ........ ........ ........| ok p=1
Q60:	|........ ..0..... ........ ........| ok p=1
Q61:	|........ .11..... ........ ........| ok p=1
Q62:	|........ .1+..... ........ ........| ok p=1
Q63:	|........ .+-..... ........ ........| ok p=1
Q64:	|........ ..+..... ....-... ........|
Best path: totcompl=-24 tottunnel=38, totcond=555, p=0.050878
Best paths: 2
Q-3:	|11110101 10011011 11101110 00010110|
Q-2:	|0+++0+++ 1++011-+ +++-+111 111111-+|
Q-1:	|-110-10- 0++11010 0-+0-110 1111-+++|
Q0:	|+00-+10- 10-01+11 01+01011 0001-0+0| ok p=0.369141
Q1:	|+.+1+-.+ .11.+1.. .1+.01.+ .-.0--.-| ok p=0.527344
Q2:	|..-11+.1 ..+.-+.. .....+^+ .0.++10-| ok p=1
Q3:	|11-.0-.0 ..-.+-1. !.0..1-1 .0.-01.-| ok p=1
Q4:	|10.0+0.. ..1^+-0. ..0..110 .1101...| ok p=1
Q5:	|-.1.-+.. .^0+0+.. .^-...0+ .+00...0| ok p=1
Q6:	|+...-+.. .+01-1.^ .+0.!..- .+......| ok p=1
Q7:	|+!..-.1. .0+-+1.- ^01....- .+...0..| ok p=1
Q8:	|+!..+01. .10++..0 .1...... .+...1..| ok p=1
Q9:	|-...+.+1 ..1+-..0 .+.....1 .+.!.-0.| ok p=1
Q10:	|+.00..+1 .0101.11 100.!0.. .0...11.| ok p=1
Q11:	|+^10111+ ^001-.0- 011^^1.. 0+..0-+.| ok p=1
Q12:	|1---000+ --+-+.+0 1-----.. 10^^110.| ok p=1
Q13:	|+0-+1+++ 1++--.0- +1+010.. -++++0-0| ok p=1
Q14:	|+0.1-00. ++..1^10 101010.. 1-000.01| ok p=1
Q15:	|000+0111 0+010-.1 +.-.--.0 1-111.0-| ok p=1
Q16:	|1..+0..1 -1.0.-.. +...1..1 .+.0...0| ok p=0.887695
Q17:	|...01..1 .0.1.0.. 1.^.0^.- .1.1...+| ok p=0.551758
Q18:	|...10..+ ^..+.1.. -...1... .1.-...+| ok p=0.831055
Q19:	|....-... ........ -.0.+..^ .+....0-| ok p=0.944336
Q20:	|..0...0^ ...^.... 001...0. .0.^..1-| ok p=1
Q21:	|..1.^.1. ...0.... 11-.^.1. .1....-0| ok p=0.875
Q22:	|..+...-. ...1.... .+....+. .......0| ok p=0.80957
Q23:	|........ ...+.0.. ..^..... .0....^.| ok p=0.999023
Q24:	|..^...^. 0....1.. .^....^. .1...0..| ok p=0.999023
Q25:	|........ ...^.-.. ........ .-...1..| ok p=0.894531
Q26:	|.......0 +....... ....0... .....-..| ok p=1
Q27:	|.......1 +....^.. ....1... .^......| ok p=0.99707
Q28:	|.......+ -....... ....+... .....^..| ok p=0.998047
Q29:	|........ 0....... ....0... ........| ok p=1
Q30:	|.......^ 1....... ....-... ........| ok p=1
Q31:	|........ ........ ....-... ........| ok p=1
Q32:	|........ ........ ........ ........| ok p=1
Q33:	|........ ........ ....!... ........| ok p=1
Q34:	|........ ........ ........ ........| ok p=1
Q35:	|........ ........ ........ ........| ok p=1
Q36:	|........ ........ ........ ........| ok p=1
Q37:	|........ ........ ........ ........| ok p=1
Q38:	|........ ........ ........ ........| ok p=1
Q39:	|........ ........ ........ ........| ok p=1
Q40:	|........ ........ ........ ........| ok p=1
Q41:	|........ ........ ........ ........| ok p=1
Q42:	|........ ........ ........ ........| ok p=1
Q43:	|........ ........ ........ ........| ok p=1
Q44:	|........ ........ ........ ........| ok p=1
Q45:	|........ ........ ........ ........| ok p=1
Q46:	|........ ........ ........ ........| ok p=1
Q47:	|........ ........ ........ ........| ok p=1
Q48:	|........ ........ ........ ........| ok p=1
Q49:	|........ ........ ........ ........| ok p=1
Q50:	|........ ........ ........ ........| ok p=1
Q51:	|........ ........ ........ ........| ok p=1
Q52:	|........ ........ ........ ........| ok p=1
Q53:	|........ ........ ........ ........| ok p=1
Q54:	|........ ........ ........ ........| ok p=1
Q55:	|........ ........ ........ ........| ok p=1
Q56:	|........ ........ ........ ........| ok p=1
Q57:	|........ ........ ........ ........| ok p=1
Q58:	|........ ........ ........ ........| ok p=1
Q59:	|........ ........ ........ ........| ok p=1
Q60:	|........ ..0..... ........ ........| ok p=1
Q61:	|........ .11..... ........ ........| ok p=0.998047
Q62:	|........ .1+..... ........ ........| ok p=1
Q63:	|........ .+-..... ........ ........| ok p=0.99707
Q64:	|........ ..+..... ....-... ........|
Best path: totcompl=-24 tottunnel=38, totcond=554, p=0.049478
Best paths: 2
Q-3:	|11110101 10011011 11101110 00010110|
Q-2:	|0+++0+++ 1++011-+ +++-+111 111111-+|
Q-1:	|-110-10- 0++11010 0-+0-110 1111-+++|
Q0:	|+00-+10- 10-01+11 01+01011 0001-0+0| ok p=0.374023
Q1:	|+.+1+-.+ .11.+1.. .1+.01.+ .-.0--.-| ok p=0.511719
Q2:	|..-11+.1 ..+.-+.. .....+^+ .0.++10-| ok p=1
Q3:	|11-.0-.0 ..-.+-1. !.0..1-1 .0.-01.-| ok p=1
Q4:	|10.0+0.. ..1^+-0. ..0..110 .1101...| ok p=1
Q5:	|-.1.-+.. .^0+0+.. .^-...0+ .+.00..0| ok p=1
Q6:	|+...-+.. .+01-1.^ .+0.!..- .+......| ok p=1
Q7:	|+.!.-.1. .0+-+1.- ^01....- .+...0..| ok p=1
Q8:	|+!..+01. .10++..0 .1...... .+...1..| ok p=1
Q9:	|-...+.+1 ..1+-..0 .+.....1 .+.!.-0.| ok p=1
Q10:	|+.1...+1 01001.11 100.!0.. .1...11.| ok p=1
Q11:	|+.0.111+ 1001-.0- 011^^1.. 0+.01-+.| ok p=1
Q12:	|+!+^100+ --+-+.+0 1-----.. 10^1010.| ok p=1
Q13:	|+!-+0+++ 1++--.0- +1+010.. -++++0-0| ok p=1
Q14:	|-.00-00. ++..1^10 101010.. 1-000.01| ok p=1
Q15:	|1^0+0111 0+010-.1 +.-.--.0 1-111.0-| ok p=1
Q16:	|0..+0..1 -1.0.-.. +...1..1 .+.0...0| ok p=0.867188
Q17:	|...01..1 .0.1.0.. 1.^.0^.- .1.1...+| ok p=0.560547
Q18:	|...10..+ ^..+.1.. -...1... .1.-...+| ok p=0.833008
Q19:	|....-... ........ -.0.+..^ .+....0-| ok p=0.93457
Q20:	|..0...0^ ...^.... 001...0. .0.^..1-| ok p=1
Q21:	|..1.^.1. ...0.... 11-.^.1. .1....-0| ok p=0.897461
Q22:	|..+...-. ...1.... .+....+. .......0| ok p=0.833984
Q23:	|........ ...+.0.. ..^..... .0....^.| ok p=1
Q24:	|..^...^. 0....1.. .^....^. .1...0..| ok p=0.999023
Q25:	|........ ...^.-.. ........ .-...1..| ok p=0.886719
Q26:	|.......0 +....... ....0... .....-..| ok p=1
Q27:	|.......1 +....^.. ....1... .^......| ok p=0.999023
Q28:	|.......+ -....... ....+... .....^..| ok p=0.99707
Q29:	|........ 0....... ....0... ........| ok p=1
Q30:	|.......^ 1....... ....-... ........| ok p=1
Q31:	|........ ........ ....-... ........| ok p=1
Q32:	|........ ........ ........ ........| ok p=1
Q33:	|........ ........ ....!... ........| ok p=1
Q34:	|........ ........ ........ ........| ok p=1
Q35:	|........ ........ ........ ........| ok p=1
Q36:	|........ ........ ........ ........| ok p=1
Q37:	|........ ........ ........ ........| ok p=1
Q38:	|........ ........ ........ ........| ok p=1
Q39:	|........ ........ ........ ........| ok p=1
Q40:	|........ ........ ........ ........| ok p=1
Q41:	|........ ........ ........ ........| ok p=1
Q42:	|........ ........ ........ ........| ok p=1
Q43:	|........ ........ ........ ........| ok p=1
Q44:	|........ ........ ........ ........| ok p=1
Q45:	|........ ........ ........ ........| ok p=1
Q46:	|........ ........ ........ ........| ok p=1
Q47:	|........ ........ ........ ........| ok p=1
Q48:	|........ ........ ........ ........| ok p=1
Q49:	|........ ........ ........ ........| ok p=1
Q50:	|........ ........ ........ ........| ok p=1
Q51:	|........ ........ ........ ........| ok p=1
Q52:	|........ ........ ........ ........| ok p=1
Q53:	|........ ........ ........ ........| ok p=1
Q54:	|........ ........ ........ ........| ok p=1
Q55:	|........ ........ ........ ........| ok p=1
Q56:	|........ ........ ........ ........| ok p=1
Q57:	|........ ........ ........ ........| ok p=1
Q58:	|........ ........ ........ ........| ok p=1
Q59:	|........ ........ ........ ........| ok p=1
Q60:	|........ ..0..... ........ ........| ok p=1
Q61:	|........ .11..... ........ ........| ok p=1
Q62:	|........ .1+..... ........ ........| ok p=1
Q63:	|........ .+-..... ........ ........| ok p=1
Q64:	|........ ..+..... ....-... ........|
Best path: totcompl=-24 tottunnel=38, totcond=553, p=0.0476615
****