Extend MD5 differential paths forward
Copyright (C) 2009 Marc Stevens
http://homepages.cwi.nl/~stevens/

delta_m[11] = [!11!]
Loading workdir1/lowerpath.bin.gz...done: 1.
Estimating maxcond for upper bound 8000000 (=2000000 * 4)...
t=1:  0%   10   20   30   40   50   60   70   80   90   100%
      |----|----|----|----|----|----|----|----|----|----|
e     ***************************************************
Found maxcond = 2176
t=1:  0%   10   20   30   40   50   60   70   80   90   100%
      |----|----|----|----|----|----|----|----|----|----|
      ***************************************************
Q-3:	|11110101 10011011 11101110 00010110|
Q-2:	|0+++0+++ 1++011-+ +++-+111 111111-+|
Q-1:	|-110-10- 0++11010 0-+0-110 1111-+++|
Q0:	|+00-+10- 10-01+11 01+01011 0001-0+0| ok p=0.233398
Q1:	|+.+01+.+ .10.+0.. .1+.1... +.++.+.-| ok p=0.621094
Q2:	|+.+..+.. +.....-. .-..+.-. +.+..-.-|
Saving 34320 paths...done.
Autobalance parameters: maxcond=2176
Verified: 8048 bad out of 42368
Estimating maxcond for upper bound 8000000 (=2000000 * 4)...
t=2:  0%   10   20   30   40   50   60   70   80   90   100%
      |----|----|----|----|----|----|----|----|----|----|
e     ***************************************************
Found maxcond = 164
t=2:  0%   10   20   30   40   50   60   70   80   90   100%
      |----|----|----|----|----|----|----|----|----|----|
      ***************************************************
Q-3:	|11110101 10011011 11101110 00010110|
Q-2:	|0+++0+++ 1++011-+ +++-+111 111111-+|
Q-1:	|-110-10- 0++11010 0-+0-110 1111-+++|
Q0:	|+00-+10- 10-01+11 01+01011 0001-0+0| ok p=0.576172
Q1:	|+.+1+.-- .00.+1.. .0+.00.+ .-0.--.-| ok p=0.508789
Q2:	|..-1..0. ..+.0-.. .....+.+ .0+..01-| ok p=0.9375
Q3:	|.-.+.... ....+... ......+. -.+....-|
Saving 1251680 paths...done.
Autobalance parameters: maxcond=164
Verified: 386752 bad out of 1638432
Estimating maxcond for upper bound 8000000 (=2000000 * 4)...
t=3:  0%   10   20   30   40   50   60   70   80   90   100%
      |----|----|----|----|----|----|----|----|----|----|
e     **************************************************Found maxcond = 180
t=3:  0%   10   20   30   40   50   60   70   80   90   100%
      |----|----|----|----|----|----|----|----|----|----|
      **************************************************Q-3:	|11110101 10011011 11101110 00010110|
Q-2:	|0+++0+++ 1++011-+ +++-+111 111111-+|
Q-1:	|-110-10- 0++11010 0-+0-110 1111-+++|
Q0:	|+00-+10- 10-01+11 01+01011 0001-0+0| ok p=0.473633
Q1:	|+.+10+.+ .00.+1.. .1+.01.V ++1.--.-| ok p=0.646484
Q2:	|..-10+.0 ..0.0-.. .....+.. ++-..10-| ok p=0.919922
Q3:	|1.-..-.+ ..+.1+.. ..1..0.+ ..+.11.-| ok p=0.466797
Q4:	|.....+.. -....+.- .-..-..+ ..+.+..-|
Saving 2000000 paths...done.
Autobalance parameters: maxcond=179
Verified: 0 bad out of 2132430
Estimating maxcond for upper bound 8000000 (=2000000 * 4)...
t=4:  0%   10   20   30   40   50   60   70   80   90   100%
      |----|----|----|----|----|----|----|----|----|----|
e     ***************************************************
Found maxcond = 193
t=4:  0%   10   20   30   40   50   60   70   80   90   100%
      |----|----|----|----|----|----|----|----|----|----|
      ***************************************************
Q-3:	|11110101 10011011 11101110 00010110|
Q-2:	|0+++0+++ 1++011-+ +++-+111 111111-+|
Q-1:	|-110-10- 0++11010 0-+0-110 1111-+++|
Q0:	|+00-+10- 10-01+11 01+01011 0001-0+0| ok p=0.591797
Q1:	|+.+1+-.+ .11.+1.. .1+.01V+ .-0.--.-| ok p=0.461914
Q2:	|..-1.+.1 ..+.1-.. .....+.+ .+-.-10-| ok p=0.922852
Q3:	|1.-.0-.0 ..1.0+.. ..0..-+. .0-.+1.-| ok p=0.537109
Q4:	|.....0.. ..+..+.. .....001 .1..-...| ok p=0.330078
Q5:	|+..+.+.. .+..-.-. .+..+..+ .-...-.+|
Saving 2000000 paths...done.
Autobalance parameters: maxcond=192
Verified: 1306 bad out of 2293657
Estimating maxcond for upper bound 8000000 (=2000000 * 4)...
t=5:  0%   10   20   30   40   50   60   70   80   90   100%
      |----|----|----|----|----|----|----|----|----|----|
e     ***************************************************
Found maxcond = 209
t=5:  0%   10   20   30   40   50   60   70   80   90   100%
      |----|----|----|----|----|----|----|----|----|----|
      ***************************************************
Q-3:	|11110101 10011011 11101110 00010110|
Q-2:	|0+++0+++ 1++011-+ +++-+111 111111-+|
Q-1:	|-110-10- 0++11010 0-+0-110 1111-+++|
Q0:	|+00-+10- 10-01+11 01+01011 0001-0+0| ok p=0.571289
Q1:	|+.+1+-.+ 101.+1.. .1+.11.+ .-0.--.-| ok p=0.538086
Q2:	|..-1.+.+ -.+.0-.. ..0..+.+ .0+..-1-| ok p=0.929688
Q3:	|1.-.0-.. +.1.11.. ..1..-V. V-+.0-.-| ok p=0.267578
Q4:	|..+..1.1 1.-..1.. ..-..-.1 .-+..+.1| ok p=0.432617
Q5:	|..-..+.. 1.-..... ..+...+. +.+..+.+| ok p=0.698242
Q6:	|+.+...+. ...-.... .-.+...+ ...-...-|
Saving 2000000 paths...done.
Autobalance parameters: maxcond=208
Verified: 387877 bad out of 2743098
Estimating maxcond for upper bound 8000000 (=2000000 * 4)...
t=6:  0%   10   20   30   40   50   60   70   80   90   100%
      |----|----|----|----|----|----|----|----|----|----|
e     ***************************************************
Found maxcond = 224
t=6:  0%   10   20   30   40   50   60   70   80   90   100%
      |----|----|----|----|----|----|----|----|----|----|
      ***************************************************
Q-3:	|11110101 10011011 11101110 00010110|
Q-2:	|0+++0+++ 1++011-+ +++-+111 111111-+|
Q-1:	|-110-10- 0++11010 0-+0-110 1111-+++|
Q0:	|+00-+10- 10-01+11 01+01011 0001-0+0| ok p=0.257812
Q1:	|+.+10+.+ .01.+1.. .1+.01.V ++0.--.-| ok p=0.59375
Q2:	|..-1+-.1 ..0.0-.. .....+.1 +0+..-0-| ok p=0.917969
Q3:	|1.-.1-.+ ..-V1+.. .V1..-.+ .1+.0-.-| ok p=0.227539
Q4:	|....10.1 ..00.+.. ..1..-.+ 1.+..+.0| ok p=0.504883
Q5:	|..0..+.1 ..+-.+.. .++..+.. ..-..+.+| ok p=0.818359
Q6:	|.....+.. ..++.... .00..1.1 ..-..+.-| ok p=0.925781
Q7:	|....+.-. +..-..-. .-....+. ...-.+.-|
Saving 2000000 paths...done.
Autobalance parameters: maxcond=223
Verified: 146448 bad out of 3394605
Estimating maxcond for upper bound 8000000 (=2000000 * 4)...
t=7:  0%   10   20   30   40   50   60   70   80   90   100%
      |----|----|----|----|----|----|----|----|----|----|
e     ***************************************************
Found maxcond = 237
t=7:  0%   10   20   30   40   50   60   70   80   90   100%
      |----|----|----|----|----|----|----|----|----|----|
      ***************************************************
Q-3:	|11110101 10011011 11101110 00010110|
Q-2:	|0+++0+++ 1++011-+ +++-+111 111111-+|
Q-1:	|-110-10- 0++11010 0-+0-110 1111-+++|
Q0:	|+00-+10- 10-01+11 01+01011 0001-0+0| ok p=0.244141
Q1:	|+.+10+.+ .01.+1.. .1+.01.V ++0.--.-| ok p=0.560547
Q2:	|..-1+-.1 ..0.0-.. .....+.1 +0+.1-0-| ok p=0.919922
Q3:	|1.-.1-.+ ..-V1+.. .V1..-.+ .1+.0-.-| ok p=0.566406
Q4:	|....00.1 ..01.+.. .11..-V+ 1.+.+-.0| ok p=0.469727
Q5:	|..1..+.0 ..1+.+.. .++..... ..-.+..+| ok p=0.87793
Q6:	|.....+.. ..++.... .+0..1-0 ..1.-0.+| ok p=0.862305
Q7:	|........ ..++.1.. ..1...0. ..1.+..+| ok p=0.711914
Q8:	|.+..+.+. -..-...+ .....+.+ ..+.-...|
Saving 2000000 paths...done.
Autobalance parameters: maxcond=236
Verified: 12739 bad out of 2845055
Estimating maxcond for upper bound 8000000 (=2000000 * 4)...
t=8:  0%   10   20   30   40   50   60   70   80   90   100%
      |----|----|----|----|----|----|----|----|----|----|
e     ***************************************************
Found maxcond = 249
t=8:  0%   10   20   30   40   50   60   70   80   90   100%
      |----|----|----|----|----|----|----|----|----|----|
      ***************************************************
Q-3:	|11110101 10011011 11101110 00010110|
Q-2:	|0+++0+++ 1++011-+ +++-+111 111111-+|
Q-1:	|-110-10- 0++11010 0-+0-110 1111-+++|
Q0:	|+00-+10- 10-01+11 01+01011 0001-0+0| ok p=0.37793
Q1:	|+.+1+-.+ .11.+1.. .1+.01V+ .-.0--.-| ok p=0.501953
Q2:	|..-11+.1 ..+.-+.. .....+.+ .0.++10-| ok p=0.987305
Q3:	|1.-.0-.0 ..-V+-.. ..0..1-1 .0.-01.-| ok p=0.297852
Q4:	|1...+0.. .V1.+-.. .V0..110 .1.01...| ok p=0.417969
Q5:	|-.1.-+.. ..0+1+.V ..-...0+ .+.0...0| ok p=0.884766
Q6:	|+...-+.. .+.0-0.. .+0....- .+......| ok p=0.695312
Q7:	|+...-... .0.++0.- .01....- ........| ok p=0.786133
Q8:	|+...+1.. .1.++..0 .1.....- .1......| ok p=0.84668
Q9:	|+.+.-.+. ....+... ..+....- ....-.+.|
Saving 2000000 paths...done.
Autobalance parameters: maxcond=248
Verified: 30249 bad out of 2253820
Estimating maxcond for upper bound 8000000 (=2000000 * 4)...
t=9:  0%   10   20   30   40   50   60   70   80   90   100%
      |----|----|----|----|----|----|----|----|----|----|
e     ***************************************************
Found maxcond = 262
t=9:  0%   10   20   30   40   50   60   70   80   90   100%
      |----|----|----|----|----|----|----|----|----|----|
      ***************************************************
Q-3:	|11110101 10011011 11101110 00010110|
Q-2:	|0+++0+++ 1++011-+ +++-+111 111111-+|
Q-1:	|-110-10- 0++11010 0-+0-110 1111-+++|
Q0:	|+00-+10- 10-01+11 01+01011 0001-0+0| ok p=0.370117
Q1:	|+.+1+-.+ .11.+1.. .1+.01V+ .-.0--.-| ok p=0.513672
Q2:	|..-11+.1 ..+.-+.. .....+.+ .0.++10-| ok p=0.989258
Q3:	|1.-.0-.0 ..-V+-.. ..0..1-1 .0.-01.-| ok p=0.332031
Q4:	|1...+0.. .V1.+-.. .V0..110 .1.01...| ok p=0.28418
Q5:	|+.1.-+.. ..0+1+.V ..-...0+ .+.0...0| ok p=0.866211
Q6:	|-...-+.. .+.0-0.. .+0....- .+......| ok p=0.705078
Q7:	|-V..-.V. .0.++0.- .01....- .....V..| ok p=0.701172
Q8:	|-...+0.. .0.++..0 .1.....- .0......| ok p=0.808594
Q9:	|.-..-.+. ....+..1 .+.....- .....-..| ok p=0.908203
Q10:	|.-....+. ...-.-.. .+.....- .-.....+|
Saving 2000000 paths...done.
Autobalance parameters: maxcond=260
Verified: 24964 bad out of 3668627
Estimating maxcond for upper bound 8000000 (=2000000 * 4)...
t=10: 0%   10   20   30   40   50   60   70   80   90   100%
      |----|----|----|----|----|----|----|----|----|----|
e     ***************************************************
Found maxcond = 274
t=10: 0%   10   20   30   40   50   60   70   80   90   100%
      |----|----|----|----|----|----|----|----|----|----|
      ***************************************************
Q-3:	|11110101 10011011 11101110 00010110|
Q-2:	|0+++0+++ 1++011-+ +++-+111 111111-+|
Q-1:	|-110-10- 0++11010 0-+0-110 1111-+++|
Q0:	|+00-+10- 10-01+11 01+01011 0001-0+0| ok p=0.366211
Q1:	|+.+1+-.+ .11.+1.. .1+.01V+ .-.0--.-| ok p=0.537109
Q2:	|..-11+.1 ..+.-+.. .....+.+ .0.++10-| ok p=0.986328
Q3:	|1.-.0-.0 ..-V+-.. ..0..1-1 .0.-01.-| ok p=0.328125
Q4:	|1...+0.. .V1.+-.. .V0..110 .1.01...| ok p=0.418945
Q5:	|-.1.-+.. ..0+0+.V ..-...0+ .+.0...0| ok p=0.873047
Q6:	|+...-+.. .+01-1.. .+0....- .+......| ok p=0.708984
Q7:	|+...-.V. .0+-+1.- .01....- .+...V..| ok p=0.866211
Q8:	|+...+01. .10++..0 .1...... .+......| ok p=0.953125
Q9:	|-...+.+. ..1+-..0 .+.....1 .+...-..| ok p=0.986328
Q10:	|+.....+. ....0... .+...... .....0..| ok p=0.529297
Q11:	|+......+ .......- .+...... +.-...-.|
Saving 2000000 paths...done.
Autobalance parameters: maxcond=273
Verified: 22434 bad out of 3280586
Runtime: 116.878
Extend MD5 differential paths forward
Copyright (C) 2009 Marc Stevens
http://homepages.cwi.nl/~stevens/

delta_m[11] = [!11!]
Loading workdir1/paths10_0of1...done: 2000000 (work:2000000).
Estimating maxcond for upper bound 2000000 (=500000 * 4)...
t=11: 0%   10   20   30   40   50   60   70   80   90   100%
      |----|----|----|----|----|----|----|----|----|----|
e     ***************************************************
Found maxcond = 283
t=11: 0%   10   20   30   40   50   60   70   80   90   100%
      |----|----|----|----|----|----|----|----|----|----|
      ***************************************************
Q-3:	|11110101 10011011 11101110 00010110|
Q-2:	|0+++0+++ 1++011-+ +++-+111 111111-+|
Q-1:	|-110-10- 0++11010 0-+0-110 1111-+++|
Q0:	|+00-+10- 10-01+11 01+01011 0001-0+0| ok p=0.398438
Q1:	|+.+1+-.+ .11.+1.. .1+.01V+ .-.0--.-| ok p=0.524414
Q2:	|..-11+.1 ..+.-+.. .....+.+ .0.++10-| ok p=0.992188
Q3:	|1.-.0-.0 ..-V+-.. ..0..1-1 .0.-01.-| ok p=0.318359
Q4:	|1...+0.. .V1.+-.. .V0..110 .1.01...| ok p=0.4375
Q5:	|-.1.-+.. ..0+0+.V ..-...0+ .+.0...0| ok p=0.864258
Q6:	|+...-+.. .+01-1.. .+0....- .+......| ok p=0.672852
Q7:	|+...-.V. .0+-+1.- .01....- .+...V..| ok p=0.862305
Q8:	|+...+01. .+-1-..0 .1...... .+......| ok p=0.911133
Q9:	|+...+.+V .110+..0 .+.....1 .+...-V.| ok p=0.53125
Q10:	|......+. .10.1... .+...... .....1..| ok p=0.998047
Q11:	|1...1..+ ....-... .+...... .1...1-.| ok p=0.520508
Q12:	|...+...+ ..-..-.- .-..+.-. ...+....|
Saving 500000 paths...done.
Autobalance parameters: maxcond=282
Verified: 944 bad out of 760092
Runtime: 15.6811
