MD5 differential path toolbox
Copyright (C) 2009 Marc Stevens
http://homepages.cwi.nl/~stevens/

IHV1   = {4120636950,363547416,3977924344,9312254}
IHV1   = 16ee9bf5184bab15f84e1aedfe178e00

IHV2   = {4120636950,2358209298,1685726967,2012082173}
IHV2   = 16ee9bf5126b8f8cf7267a64fdefed77

dIHV   = {0,1994661882,2002769919,2002769919}
NC0: delta c = delta d = [!0,31!]
NC0: delta b           = [!0,23,31!]
NC1: delta c = delta d = [!11!]
NC1: delta b           = [!0,11!]
NC2: delta c = delta d = [!13!]
NC2: delta b           = [!2,13!]
NC3: delta c = delta d = [!21!]
NC3: delta b           = [!-11,21!]
NC4: delta c = delta d = [!23!]
NC4: delta b           = [!-14,23!]
NC5: delta c = delta d = [!27!]
NC5: delta b           = [!-18,27!]
NC0: prob=-10.9179
NC1: prob=-5.84565
NC2: prob=-5.83726
NC3: prob=-4.93175
NC4: prob=-7.64696
NC5: prob=-7.81157
delta m_11 = [!11!]
Q-3:	|11110101 10011011 11101110 00010110|
Q-2:	|0+++0+++ 1++011-+ +++-+111 111111-+|
Q-1:	|-110-10- 0++11010 0-+0-110 1111-+++|
Q0:	|+00-+10- 10-01+11 01+01011 0001-0+0| ok p=0.302734
Q1:	|+.+..+.+ ....+... ..+....+ .-.-.+.-|
Saved lower diff. path to 'workdir1/lowerpath.bin.gz'.

Q32:	|........ ........ ........ ........|
Q33:	|........ ........ ........ ........|
Q34:	|........ ........ ........ ........|
Q35:	|........ ........ ........ ........| ok p=1
Q36:	|........ ........ ........ ........| ok p=1
Q37:	|........ ........ ........ ........| ok p=1
Q38:	|........ ........ ........ ........| ok p=1
Q39:	|........ ........ ........ ........| ok p=1
Q40:	|........ ........ ........ ........| ok p=1
Q41:	|........ ........ ........ ........| ok p=1
Q42:	|........ ........ ........ ........| ok p=1
Q43:	|........ ........ ........ ........| ok p=1
Q44:	|........ ........ ........ ........| ok p=1
Q45:	|........ ........ ........ ........| ok p=1
Q46:	|........ ........ ........ ........| ok p=1
Q47:	|........ ........ ........ ........| ok p=1
Q48:	|........ ........ ........ ........| ok p=1
Q49:	|........ ........ ........ ........| ok p=1
Q50:	|........ ........ ........ ........| ok p=1
Q51:	|........ ........ ........ ........| ok p=1
Q52:	|........ ........ ........ ........| ok p=1
Q53:	|........ ........ ........ ........| ok p=1
Q54:	|........ ........ ........ ........| ok p=1
Q55:	|........ ........ ........ ........| ok p=1
Q56:	|........ ........ ........ ........| ok p=1
Q57:	|........ ........ ........ ........| ok p=1
Q58:	|........ ........ ........ ........| ok p=1
Q59:	|........ ........ ........ ........| ok p=1
Q60:	|........ ..0..... ........ ........| ok p=1
Q61:	|........ .11..... ........ ........| ok p=0.999023
Q62:	|........ .1+..... ........ ........| ok p=1
Q63:	|........ .+-..... ........ ........| ok p=0.999023
Q64:	|........ ..+..... ....-... ........|
Saved upper diff. path to 'workdir1/upperpath.bin.gz'.
Saved 'md5diffpathforward.cfg'.
Saved 'md5diffpathbackward.cfg'.
Saved 'md5diffpathconnect.cfg'.
Saved 'md5diffpathhelper.cfg'.
