MD5 differential path toolbox
Copyright (C) 2009 Marc Stevens
http://homepages.cwi.nl/~stevens/

delta_m[2] = [!8!]
Q-3:	|+0111010 00001011 00111101 00001010|
Q-2:	|-0111011 01001100 10001010 00000000|
Q-1:	|+111101- +1101000 11000101 00000011|
Q0:	|-0001100 -1111001 01101111 10111011| ok p=0.0673828
Q1:	|-......- +....... ....1... 0+......| ok p=0.453125
Q2:	|-......0 -....... ..1.+... +-......| ok p=1
Q3:	|+1.....1 +....1.! ..1.+... --......| ok p=1
Q4:	|-11....1 +....0.. ..-1+... --0.....| ok p=1
Q5:	|--0....0 +....+.. ..-0+0.. -11.....| ok p=1
Q6:	|.011...+ +....-.. .0.-01.. -1..1...| ok p=1
Q7:	|0111...- ....1-.. .11-0... -...1...| ok p=1
Q8:	|0-0-...- 1.!.1-.. .+.-.... -...-...| ok p=1
Q9:	|100-...- ..0.+... .-^-1... -...-...| ok p=1
Q10:	|+01-1.1+ 1000-011 1--+0^1. -011.0..| ok p=1
Q11:	|--1-011- 10-0+110 011+1-0. -10001..| ok p=1
Q12:	|010--0+0 ++++1-++ ++1+-0+^ +-++0+..| ok p=1
Q13:	|01-+1+-- -----0++ ---1---- -110+0..| ok p=1
Q14:	|-1100001 0111011. 000+.011 111101..| ok p=1
Q15:	|01+0.100 11001.10 01000111 0...-.0.| ok p=0.324219
Q16:	|+.+....- ......-. ...-.... ......1.| ok p=0.608398
Q17:	|+.0..... ......1. ...1.... ....^.+.| ok p=0.99707
Q18:	|-.1....^ ......1. ...1.... .0......| ok p=0.742188
Q19:	|-....... ......-. ...+.... .1....^.| ok p=0.882812
Q20:	|-....... ........ ........ .-......| ok p=1
Q21:	|-....0.. ......^. ...^.... ........| ok p=1
Q22:	|-....1.. ........ ........ .^......| ok p=0.551758
Q23:	|1....+.. ........ ........ ........| ok p=1
Q24:	|0....... ........ .......0 ........| ok p=1
Q25:	|.....^.. ........ .......1 ........| ok p=0.501953
Q26:	|........ ........ .......- ........| ok p=0.984375
Q27:	|........ ........ ........ ........| ok p=1
Q28:	|........ ........ .......^ ........| ok p=1
Q29:	|........ ........ ........ ........| ok p=1
Q30:	|........ ........ ........ ........| ok p=1
Q31:	|........ ........ ........ ........| ok p=1
Q32:	|........ ........ ........ ........| ok p=1
Q33:	|........ ........ ........ ........| ok p=1
Q34:	|........ ........ ........ ........| ok p=1
Q35:	|........ ........ ........ ........| ok p=1
Q36:	|........ ........ ........ ........| ok p=1
Q37:	|........ ........ ........ ........| ok p=1
Q38:	|........ ........ ........ ........| ok p=1
Q39:	|........ ........ ........ ........| ok p=1
Q40:	|........ ........ ........ ........| ok p=1
Q41:	|........ ........ ........ ........| ok p=1
Q42:	|........ ........ ........ ........| ok p=1
Q43:	|........ ........ ........ ........| ok p=1
Q44:	|........ ........ ........ ........| ok p=1
Q45:	|........ ........ ........ ........| ok p=1
Q46:	|0....... ........ ........ ........| ok p=1
Q47:	|1....... ........ ........ ........| ok p=0.5
Q48:	|-....... ........ ........ ........| ok p=1
Q49:	|-....... ........ ........ ........| ok p=1
Q50:	|+....... ........ ........ ........| ok p=1
Q51:	|-....... ........ ........ ........| ok p=1
Q52:	|+....... ........ ........ ........| ok p=1
Q53:	|-....... ........ ........ ........| ok p=1
Q54:	|+....... ........ ........ ........| ok p=1
Q55:	|-....... ........ ........ ........| ok p=1
Q56:	|+....... ........ ........ ........| ok p=1
Q57:	|-....... ........ ........ ........| ok p=1
Q58:	|+....... ........ ........ ........| ok p=1
Q59:	|-....... ........ ........ ........| ok p=1
Q60:	|+....... ........ ........ ........| ok p=1
Q61:	|-....... 0....... ........ ........| ok p=1
Q62:	|+....... ........ ........ ........| ok p=1
Q63:	|-....... +....... ........ ........| ok p=1
Q64:	|+....... +....... ........ ........|
Starting...
20: Q5m5tunnel      = 1
20: Q4m5tunnel      = 0
20: Q14m6Q3m5tunnel = 0
21: Q10m10tunnel    = 1
21: Q9m10tunnel     = 3
22: Q8Q12m15tunnel  = 0
23: Q4m4tunnel      = 18
24: Q9m9tunnel      = 7
25: Q14Q3m14tunnel  = 1
20: Q5m5tunnel      = 1
20: Q4m5tunnel      = 0
20: Q14m6Q3m5tunnel = 0
21: Q10m10tunnel    = 1
21: Q9m10tunnel     = 3
22: Q8Q12m15tunnel  = 0
23: Q4m4tunnel      = 18
24: Q9m9tunnel      = 7
25: Q14Q3m14tunnel  = 1
20: Q5m5tunnel      = 1
20: Q4m5tunnel      = 0
20: Q14m6Q3m5tunnel = 0
21: Q10m10tunnel    = 1
21: Q9m10tunnel     = 3
22: Q8Q12m15tunnel  = 0
23: Q4m4tunnel      = 18
24: Q9m9tunnel      = 7
25: Q14Q3m14tunnel  = 1
20: Q5m5tunnel      = 1
20: Q4m5tunnel      = 0
20: Q14m6Q3m5tunnel = 0
21: Q10m10tunnel    = 1
21: Q9m10tunnel     = 3
22: Q8Q12m15tunnel  = 0
23: Q4m4tunnel      = 18
24: Q9m9tunnel      = 7
25: Q14Q3m14tunnel  = 1
20: Q5m5tunnel      = 1
20: Q4m5tunnel      = 0
20: Q14m6Q3m5tunnel = 0
21: Q10m10tunnel    = 1
21: Q9m10tunnel     = 3
22: Q8Q12m15tunnel  = 0
23: Q4m4tunnel      = 18
24: Q9m9tunnel      = 7
25: Q14Q3m14tunnel  = 1
20: Q5m5tunnel      = 1
20: Q4m5tunnel      = 0
20: Q14m6Q3m5tunnel = 0
21: Q10m10tunnel    = 1
21: Q9m10tunnel     = 3
22: Q8Q12m15tunnel  = 0
23: Q4m4tunnel      = 18
24: Q9m9tunnel      = 7
25: Q14Q3m14tunnel  = 1
20: Q5m5tunnel      = 1
20: Q4m5tunnel      = 0
20: Q14m6Q3m5tunnel = 0
21: Q10m10tunnel    = 1
21: Q9m10tunnel     = 3
22: Q8Q12m15tunnel  = 0
23: Q4m4tunnel      = 18
24: Q9m9tunnel      = 7
25: Q14Q3m14tunnel  = 1
20: Q5m5tunnel      = 1
20: Q4m5tunnel      = 0
20: Q14m6Q3m5tunnel = 0
21: Q10m10tunnel    = 1
21: Q9m10tunnel     = 3
22: Q8Q12m15tunnel  = 0
23: Q4m4tunnel      = 18
24: Q9m9tunnel      = 7
25: Q14Q3m14tunnel  = 1
20: Q5m5tunnel      = 1
20: Q4m5tunnel      = 0
20: Q14m6Q3m5tunnel = 0
21: Q10m10tunnel    = 1
21: Q9m10tunnel     = 3
22: Q8Q12m15tunnel  = 0
23: Q4m4tunnel      = 18
24: Q9m9tunnel      = 7
25: Q14Q3m14tunnel  = 1
20: Q5m5tunnel      = 1
20: Q4m5tunnel      = 0
20: Q14m6Q3m5tunnel = 0
21: Q10m10tunnel    = 1
21: Q9m10tunnel     = 3
22: Q8Q12m15tunnel  = 0
23: Q4m4tunnel      = 18
24: Q9m9tunnel      = 7
25: Q14Q3m14tunnel  = 1
20: Q5m5tunnel      = 1
20: Q4m5tunnel      = 0
20: Q14m6Q3m5tunnel = 0
21: Q10m10tunnel    = 1
21: Q9m10tunnel     = 3
22: Q8Q12m15tunnel  = 0
23: Q4m4tunnel      = 18
24: Q9m9tunnel      = 7
25: Q14Q3m14tunnel  = 1
20: Q5m5tunnel      = 1
20: Q4m5tunnel      = 0
20: Q14m6Q3m5tunnel = 0
21: Q10m10tunnel    = 1
21: Q9m10tunnel     = 3
22: Q8Q12m15tunnel  = 0
23: Q4m4tunnel      = 18
24: Q9m9tunnel      = 7
25: Q14Q3m14tunnel  = 1
.......1 0
2 0
4 0
8 0
16 0
32 0
64 0
128 0
256 0
512 0
1024 0
2048 0
4096 0
8192 0
16137 1
16384 1
.32768 1
.65536 1
88749 2
.117352 4
..131072 5
202359 8
Block 1: ./data/coll1_3476132110
9a bc 89 b5 7e 28 56 f6 b9 0b 41 0a d2 8f 59 e7 
04 3c 22 0d 90 4c 4d 46 f1 57 70 40 c1 4c 99 d5 
c2 b8 fe f2 fc 82 45 d9 12 b1 d1 65 39 81 3e 6f 
04 7c 8e be 4b d6 24 a9 74 d4 2a 86 cb 2a 0c 97 
Block 2: ./data/coll2_3476132110
9a bc 89 b5 7e 28 56 f6 b9 0c 41 0a d2 8f 59 e7 
04 3c 22 0d 90 4c 4d 46 f1 57 70 40 c1 4c 99 d5 
c2 b8 fe f2 fc 82 45 d9 12 b1 d1 65 39 81 3e 6f 
04 7c 8e be 4b d6 24 a9 74 d4 2a 86 cb 2a 0c 97 
Found collision!
