Connect MD5 differential paths
Copyright (C) 2009 Marc Stevens
http://homepages.cwi.nl/~stevens/

delta_m[2] = [!8!]
Loading upper_1_640000/paths16_0of1.bin.gz...done: 640000.
Loading data/paths11_0of1.bin.gz...done: 160000.
t=12: 0%   10   20   30   40   50   60   70   80   90   100%
      |----|----|----|----|----|----|----|----|----|----|
      *************************Q-3:	|+0111010 00001011 00111101 00001010|
Q-2:	|-0111011 01001100 10001010 00000000|
Q-1:	|+111101- +1101000 11000101 00000011|
Q0:	|-0001100 -1111001 01101111 10111011| ok p=0.0869141
Q1:	|-......- +....... ....1... 0+......| ok p=0.416016
Q2:	|-......0 -....... ..1.+... +-......| ok p=1
Q3:	|+1.....1 +....1.! ..1.+... --......| ok p=1
Q4:	|-11....1 +....0.. ..-1+... --1.....| ok p=1
Q5:	|--0....0 +....+.. ..-0+1.. -00.....| ok p=1
Q6:	|10.1...+ +....-.. .0.-10.. -1..1...| ok p=1
Q7:	|0111...- ....1-.. .11-0... -...1...| ok p=1
Q8:	|0-0-...- 1.!.1-.. .+.-.... -...-...| ok p=1
Q9:	|100-...- ..0.+... .-^-0... -...-...| ok p=1
Q10:	|+0.-1^1+ 1000-011 1--+1^1. -111.0..| ok p=1
Q11:	|--1-011- 10-0+110 011+0-0. -00001..| ok p=1
Q12:	|010--0+0 ++++1-++ ++10+0+^ 1+++0+..| ok p=1
Q13:	|01-+1+-- -----0++ ---0---- -110+0..| ok p=1
Q14:	|-1100001 0111011. 000+0101 111101..| ok p=1
Q15:	|01+0.100 11001.10 01000111 0...-.0.| ok p=0.307617
Q16:	|+.+....- ......-. ...-.... ......1.| ok p=0.609375
Q17:	|+.0..... ......1. ...1.... ....^.+.| ok p=0.996094
Q18:	|-.1....^ ......1. ...1.... .0......| ok p=0.754883
Q19:	|-....... ......-. ...+.... .1....^.| ok p=0.885742
Q20:	|-....... ........ ........ .-......| ok p=1
Q21:	|-....0.. ......^. ...^.... ........| ok p=1
Q22:	|-....1.. ........ ........ .^......| ok p=0.520508
Q23:	|1....+.. ........ ........ ........| ok p=1
Q24:	|0....... ........ .......0 ........| ok p=1
Q25:	|.....^.. ........ .......1 ........| ok p=0.490234
Q26:	|........ ........ .......- ........| ok p=0.987305
Q27:	|........ ........ ........ ........| ok p=1
Q28:	|........ ........ .......^ ........| ok p=1
Q29:	|........ ........ ........ ........| ok p=1
Q30:	|........ ........ ........ ........| ok p=1
Q31:	|........ ........ ........ ........| ok p=1
Q32:	|........ ........ ........ ........| ok p=1
Q33:	|........ ........ ........ ........| ok p=1
Q34:	|........ ........ ........ ........| ok p=1
Q35:	|........ ........ ........ ........| ok p=1
Q36:	|........ ........ ........ ........| ok p=1
Q37:	|........ ........ ........ ........| ok p=1
Q38:	|........ ........ ........ ........| ok p=1
Q39:	|........ ........ ........ ........| ok p=1
Q40:	|........ ........ ........ ........| ok p=1
Q41:	|........ ........ ........ ........| ok p=1
Q42:	|........ ........ ........ ........| ok p=1
Q43:	|........ ........ ........ ........| ok p=1
Q44:	|........ ........ ........ ........| ok p=1
Q45:	|........ ........ ........ ........| ok p=1
Q46:	|0....... ........ ........ ........| ok p=1
Q47:	|1....... ........ ........ ........| ok p=0.474609
Q48:	|-....... ........ ........ ........| ok p=1
Q49:	|-....... ........ ........ ........| ok p=1
Q50:	|+....... ........ ........ ........| ok p=1
Q51:	|-....... ........ ........ ........| ok p=1
Q52:	|+....... ........ ........ ........| ok p=1
Q53:	|-....... ........ ........ ........| ok p=1
Q54:	|+....... ........ ........ ........| ok p=1
Q55:	|-....... ........ ........ ........| ok p=1
Q56:	|+....... ........ ........ ........| ok p=1
Q57:	|-....... ........ ........ ........| ok p=1
Q58:	|+....... ........ ........ ........| ok p=1
Q59:	|-....... ........ ........ ........| ok p=1
Q60:	|+....... ........ ........ ........| ok p=1
Q61:	|-....... 0....... ........ ........| ok p=1
Q62:	|+....... ........ ........ ........| ok p=1
Q63:	|-....... +....... ........ ........| ok p=1
Q64:	|+....... +....... ........ ........|
Best path: totcompl=-12 tottunnel=36, totcond=460, p=0.000742082
Q-3:	|+0111010 00001011 00111101 00001010|
Q-2:	|-0111011 01001100 10001010 00000000|
Q-1:	|+111101- +1101000 11000101 00000011|
Q0:	|-0001100 -1111001 01101111 10111011| ok p=0.0742188
Q1:	|-......- +....... ....1... 0+......| ok p=0.442383
Q2:	|-......0 -....... ..1.+... +-......| ok p=1
Q3:	|+1.....1 +....1.. !.1.+... --......| ok p=1
Q4:	|-11....1 +....0.. ..-1+... --1.....| ok p=1
Q5:	|--0....0 +....+.. ..-0+1.. -00.....| ok p=1
Q6:	|.011...+ +....-.. .0.-10.. -1..1...| ok p=1
Q7:	|0111...- ....1-.. .11-0... -...1...| ok p=1
Q8:	|0-0-...- 1...1-!. .+.-.... -...-...| ok p=1
Q9:	|100-...- ..0.+... .-^-0... -...-...| ok p=1
Q10:	|+01-1.1+ 1000-011 1--+1^1. -111.0..| ok p=1
Q11:	|--1-011- 10-0+110 011+0-0. -00001..| ok p=1
Q12:	|110--0+0 ++++1-++ ++10+0+^ 1+++0+..| ok p=1
Q13:	|1-++1+-- -----0++ ---0---- -110+0..| ok p=1
Q14:	|+1010001 0111011. 000+0101 111101..| ok p=1
Q15:	|01+0.100 11001.10 01000111 0...-.0.| ok p=0.584961
Q16:	|-.+....- ......-. ...-.... ......1.| ok p=0.610352
Q17:	|-.0..... ......1. ...1.... ....^.+.| ok p=0.996094
Q18:	|+.1....^ ......1. ...1.... .0......| ok p=0.765625
Q19:	|+....... ......-. ...+.... .1....^.| ok p=0.876953
Q20:	|+....... ........ ........ .-......| ok p=1
Q21:	|+....0.. ......^. ...^.... ........| ok p=1
Q22:	|+....1.. ........ ........ .^......| ok p=0.49707
Q23:	|1....+.. ........ ........ ........| ok p=1
Q24:	|0....... ........ .......0 ........| ok p=1
Q25:	|.....^.. ........ .......1 ........| ok p=0.5
Q26:	|........ ........ .......- ........| ok p=0.985352
Q27:	|........ ........ ........ ........| ok p=1
Q28:	|........ ........ .......^ ........| ok p=1
Q29:	|........ ........ ........ ........| ok p=1
Q30:	|........ ........ ........ ........| ok p=1
Q31:	|........ ........ ........ ........| ok p=1
Q32:	|........ ........ ........ ........| ok p=1
Q33:	|........ ........ ........ ........| ok p=1
Q34:	|........ ........ ........ ........| ok p=1
Q35:	|........ ........ ........ ........| ok p=1
Q36:	|........ ........ ........ ........| ok p=1
Q37:	|........ ........ ........ ........| ok p=1
Q38:	|........ ........ ........ ........| ok p=1
Q39:	|........ ........ ........ ........| ok p=1
Q40:	|........ ........ ........ ........| ok p=1
Q41:	|........ ........ ........ ........| ok p=1
Q42:	|........ ........ ........ ........| ok p=1
Q43:	|........ ........ ........ ........| ok p=1
Q44:	|........ ........ ........ ........| ok p=1
Q45:	|........ ........ ........ ........| ok p=1
Q46:	|0....... ........ ........ ........| ok p=1
Q47:	|1....... ........ ........ ........| ok p=0.484375
Q48:	|-....... ........ ........ ........| ok p=1
Q49:	|-....... ........ ........ ........| ok p=1
Q50:	|+....... ........ ........ ........| ok p=1
Q51:	|-....... ........ ........ ........| ok p=1
Q52:	|+....... ........ ........ ........| ok p=1
Q53:	|-....... ........ ........ ........| ok p=1
Q54:	|+....... ........ ........ ........| ok p=1
Q55:	|-....... ........ ........ ........| ok p=1
Q56:	|+....... ........ ........ ........| ok p=1
Q57:	|-....... ........ ........ ........| ok p=1
Q58:	|+....... ........ ........ ........| ok p=1
Q59:	|-....... ........ ........ ........| ok p=1
Q60:	|+....... ........ ........ ........| ok p=1
Q61:	|-....... 0....... ........ ........| ok p=1
Q62:	|+....... ........ ........ ........| ok p=1
Q63:	|-....... +....... ........ ........| ok p=1
Q64:	|+....... +....... ........ ........|
Best path: totcompl=-11 tottunnel=37, totcond=460, p=0.00106592
Q-3:	|+0111010 00001011 00111101 00001010|
Q-2:	|-0111011 01001100 10001010 00000000|
Q-1:	|+111101- +1101000 11000101 00000011|
Q0:	|-0001100 -1111001 01101111 10111011| ok p=0.0839844
Q1:	|-......- +....... ....1... 0+......| ok p=0.428711
Q2:	|-......0 -....... ..1.+... +-......| ok p=1
Q3:	|+1.....1 +....1.. !.1.+... --......| ok p=1
Q4:	|-11....1 +....0.. ..-1+... --1.....| ok p=1
Q5:	|--0....0 +....+.. ..-0+0.. -00.....| ok p=1
Q6:	|.011...+ +....-.. .0.-01.. -1..1...| ok p=1
Q7:	|0111...- ....1-.. .11-0... -...1...| ok p=1
Q8:	|0-0-...- 1..!1-.. .+.-.... -...-...| ok p=1
Q9:	|100-0..- ..0.+... .-^-..0. -...-...| ok p=1
Q10:	|+0.-1.1+ 1000-011 1--+1^1. -011.0..| ok p=1
Q11:	|--1-011- 10-0+110 011+0-0. -10001..| ok p=1
Q12:	|010--0+0 ++++1-++ ++10+0+^ +-++0+..| ok p=1
Q13:	|01-+1+-- -----0++ ---0---- -110+0..| ok p=1
Q14:	|-1100001 0111011. 000+0101 111101..| ok p=1
Q15:	|01+0.100 11001.10 01000111 0...-.0.| ok p=0.360352
Q16:	|+.+....- ......-. ...-.... ......1.| ok p=0.635742
Q17:	|+.0..... ......1. ...1.... ....^.+.| ok p=0.995117
Q18:	|-.1....^ ......1. ...1.... .0......| ok p=0.743164
Q19:	|-....... ......-. ...+.... .1....^.| ok p=0.885742
Q20:	|-....... ........ ........ .-......| ok p=1
Q21:	|-....0.. ......^. ...^.... ........| ok p=1
Q22:	|-....1.. ........ ........ .^......| ok p=0.518555
Q23:	|1....+.. ........ ........ ........| ok p=1
Q24:	|0....... ........ .......0 ........| ok p=1
Q25:	|.....^.. ........ .......1 ........| ok p=0.47168
Q26:	|........ ........ .......- ........| ok p=0.986328
Q27:	|........ ........ ........ ........| ok p=1
Q28:	|........ ........ .......^ ........| ok p=1
Q29:	|........ ........ ........ ........| ok p=1
Q30:	|........ ........ ........ ........| ok p=1
Q31:	|........ ........ ........ ........| ok p=1
Q32:	|........ ........ ........ ........| ok p=1
Q33:	|........ ........ ........ ........| ok p=1
Q34:	|........ ........ ........ ........| ok p=1
Q35:	|........ ........ ........ ........| ok p=1
Q36:	|........ ........ ........ ........| ok p=1
Q37:	|........ ........ ........ ........| ok p=1
Q38:	|........ ........ ........ ........| ok p=1
Q39:	|........ ........ ........ ........| ok p=1
Q40:	|........ ........ ........ ........| ok p=1
Q41:	|........ ........ ........ ........| ok p=1
Q42:	|........ ........ ........ ........| ok p=1
Q43:	|........ ........ ........ ........| ok p=1
Q44:	|........ ........ ........ ........| ok p=1
Q45:	|........ ........ ........ ........| ok p=1
Q46:	|0....... ........ ........ ........| ok p=1
Q47:	|1....... ........ ........ ........| ok p=0.481445
Q48:	|-....... ........ ........ ........| ok p=1
Q49:	|-....... ........ ........ ........| ok p=1
Q50:	|+....... ........ ........ ........| ok p=1
Q51:	|-....... ........ ........ ........| ok p=1
Q52:	|+....... ........ ........ ........| ok p=1
Q53:	|-....... ........ ........ ........| ok p=1
Q54:	|+....... ........ ........ ........| ok p=1
Q55:	|-....... ........ ........ ........| ok p=1
Q56:	|+....... ........ ........ ........| ok p=1
Q57:	|-....... ........ ........ ........| ok p=1
Q58:	|+....... ........ ........ ........| ok p=1
Q59:	|-....... ........ ........ ........| ok p=1
Q60:	|+....... ........ ........ ........| ok p=1
Q61:	|-....... 0....... ........ ........| ok p=1
Q62:	|+....... ........ ........ ........| ok p=1
Q63:	|-....... +....... ........ ........| ok p=1
Q64:	|+....... +....... ........ ........|
Best path: totcompl=-9 tottunnel=39, totcond=460, p=0.000640796
Best paths: 2
Q-3:	|+0111010 00001011 00111101 00001010|
Q-2:	|-0111011 01001100 10001010 00000000|
Q-1:	|+111101- +1101000 11000101 00000011|
Q0:	|-0001100 -1111001 01101111 10111011| ok p=0.09375
Q1:	|-......- +....... ....1... 0+......| ok p=0.430664
Q2:	|-......0 -....... ..1.+... +-......| ok p=1
Q3:	|+1.....1 +....1.! ..1.+... --......| ok p=1
Q4:	|-11....1 +....0.. ..-1+... --0.....| ok p=1
Q5:	|--0....0 +....+.. ..-0+0.. -11.....| ok p=1
Q6:	|.011...+ +....-.. .0.-01.. -1..1...| ok p=1
Q7:	|0111...- ....1-.. .11-0... -...1...| ok p=1
Q8:	|0-0-...- 1.!.1-.. .+.-.... -...-...| ok p=1
Q9:	|100-...- ..0.+... .-^-1... -...-...| ok p=1
Q10:	|+01-1.1+ 1000-011 1--+0^1. -011.0..| ok p=1
Q11:	|--1-011- 10-0+110 011+1-0. -10001..| ok p=1
Q12:	|010--0+0 ++++1-++ ++1+-0+^ +-++0+..| ok p=1
Q13:	|01-+1+-- -----0++ ---1---- -110+0..| ok p=1
Q14:	|-1100001 0111011. 000+.011 111101..| ok p=1
Q15:	|01+0.100 11001.10 01000111 0...-.0.| ok p=0.353516
Q16:	|+.+....- ......-. ...-.... ......1.| ok p=0.608398
Q17:	|+.0..... ......1. ...1.... ....^.+.| ok p=0.998047
Q18:	|-.1....^ ......1. ...1.... .0......| ok p=0.732422
Q19:	|-....... ......-. ...+.... .1....^.| ok p=0.879883
Q20:	|-....... ........ ........ .-......| ok p=1
Q21:	|-....0.. ......^. ...^.... ........| ok p=1
Q22:	|-....1.. ........ ........ .^......| ok p=0.525391
Q23:	|1....+.. ........ ........ ........| ok p=1
Q24:	|0....... ........ .......0 ........| ok p=1
Q25:	|.....^.. ........ .......1 ........| ok p=0.46582
Q26:	|........ ........ .......- ........| ok p=0.987305
Q27:	|........ ........ ........ ........| ok p=1
Q28:	|........ ........ .......^ ........| ok p=1
Q29:	|........ ........ ........ ........| ok p=1
Q30:	|........ ........ ........ ........| ok p=1
Q31:	|........ ........ ........ ........| ok p=1
Q32:	|........ ........ ........ ........| ok p=1
Q33:	|........ ........ ........ ........| ok p=1
Q34:	|........ ........ ........ ........| ok p=1
Q35:	|........ ........ ........ ........| ok p=1
Q36:	|........ ........ ........ ........| ok p=1
Q37:	|........ ........ ........ ........| ok p=1
Q38:	|........ ........ ........ ........| ok p=1
Q39:	|........ ........ ........ ........| ok p=1
Q40:	|........ ........ ........ ........| ok p=1
Q41:	|........ ........ ........ ........| ok p=1
Q42:	|........ ........ ........ ........| ok p=1
Q43:	|........ ........ ........ ........| ok p=1
Q44:	|........ ........ ........ ........| ok p=1
Q45:	|........ ........ ........ ........| ok p=1
Q46:	|0....... ........ ........ ........| ok p=1
Q47:	|1....... ........ ........ ........| ok p=0.490234
Q48:	|-....... ........ ........ ........| ok p=1
Q49:	|-....... ........ ........ ........| ok p=1
Q50:	|+....... ........ ........ ........| ok p=1
Q51:	|-....... ........ ........ ........| ok p=1
Q52:	|+....... ........ ........ ........| ok p=1
Q53:	|-....... ........ ........ ........| ok p=1
Q54:	|+....... ........ ........ ........| ok p=1
Q55:	|-....... ........ ........ ........| ok p=1
Q56:	|+....... ........ ........ ........| ok p=1
Q57:	|-....... ........ ........ ........| ok p=1
Q58:	|+....... ........ ........ ........| ok p=1
Q59:	|-....... ........ ........ ........| ok p=1
Q60:	|+....... ........ ........ ........| ok p=1
Q61:	|-....... 0....... ........ ........| ok p=1
Q62:	|+....... ........ ........ ........| ok p=1
Q63:	|-....... +....... ........ ........| ok p=1
Q64:	|+....... +....... ........ ........|
Best path: totcompl=-9 tottunnel=39, totcond=459, p=0.000490943
Best paths: 2
Best paths: 4
