Connect MD5 differential paths
Copyright (C) 2009 Marc Stevens
http://homepages.cwi.nl/~stevens/

delta_m[2] = [!8!]
Loading upper_1_640000/paths16_0of1.bin.gz...done: 640000.
Loading data/paths11_0of1.bin.gz...done: 160000.
t=12: 0%   10   20   30   40   50   60   70   80   90   100%
      |----|----|----|----|----|----|----|----|----|----|
      *Q-3:	|11100011 11110101 11001110 11111001|
Q-2:	|01111011 00111011 00110001 11000101|
Q-1:	|00010010 11001011 10000100 11101100|
Q0:	|01110101 01110001 01000011 01111000| ok p=1
Q1:	|......0. ........ ........ ........| ok p=1
Q2:	|.....00. ........ ........ ........| ok p=1
Q3:	|!....0+. ........ ........ ........| ok p=1
Q4:	|....^+-. ........ ........ ........| ok p=1
Q5:	|....+--. ........ ........ ........| ok p=1
Q6:	|....0+-. ........ ........ ........| ok p=1
Q7:	|....+--. ........ ........ .....0..| ok p=1
Q8:	|....1+-. ........ .0...... .....1..| ok p=1
Q9:	|....1+-. ........ 10..0... .!...+..| ok p=1
Q10:	|...011+. .1.1.100 0+.01110 000.0+..| ok p=1
Q11:	|...101+1 ^0^0^000 +-01+100 10111+^.| ok p=1
Q12:	|.^^+--10 -------- -+1+--++ +++0+1-.| ok p=1
Q13:	|!+-0+++- 011+00-- ----++++ ++++1+1.| ok p=1
Q14:	|!0101110 111101.. .01000.. ...10-+.| ok p=1
Q15:	|01-.0000 ...1.111 00000111 1101+11.| ok p=0.958984
Q16:	|..-....- .....-.. ........ .....01.| ok p=0.522461
Q17:	|-.0..... ......0. ...0.... ....^.+.| ok p=0.995117
Q18:	|-.1....^ .....^1. ...1.... .0......| ok p=0.751953
Q19:	|+....... ......+. ...+.... .1....^.| ok p=0.863281
Q20:	|+....... ........ ........ .-......| ok p=1
Q21:	|+....0.. ......^. ...^.... ........| ok p=1
Q22:	|+....1.. ........ ........ .^......| ok p=0.492188
Q23:	|1....+.. ........ ........ ........| ok p=1
Q24:	|0....... ........ .......0 ........| ok p=1
Q25:	|.....^.. ........ .......1 ........| ok p=0.5
Q26:	|........ ........ .......- ........| ok p=0.978516
Q27:	|........ ........ ........ ........| ok p=1
Q28:	|........ ........ .......^ ........| ok p=1
Q29:	|........ ........ ........ ........| ok p=1
Q30:	|........ ........ ........ ........| ok p=1
Q31:	|........ ........ ........ ........| ok p=1
Q32:	|........ ........ ........ ........| ok p=1
Q33:	|........ ........ ........ ........| ok p=1
Q34:	|........ ........ ........ ........| ok p=1
Q35:	|........ ........ ........ ........| ok p=1
Q36:	|........ ........ ........ ........| ok p=1
Q37:	|........ ........ ........ ........| ok p=1
Q38:	|........ ........ ........ ........| ok p=1
Q39:	|........ ........ ........ ........| ok p=1
Q40:	|........ ........ ........ ........| ok p=1
Q41:	|........ ........ ........ ........| ok p=1
Q42:	|........ ........ ........ ........| ok p=1
Q43:	|........ ........ ........ ........| ok p=1
Q44:	|........ ........ ........ ........| ok p=1
Q45:	|........ ........ ........ ........| ok p=1
Q46:	|0....... ........ ........ ........| ok p=1
Q47:	|1....... ........ ........ ........| ok p=0.506836
Q48:	|+....... ........ ........ ........| ok p=1
Q49:	|-....... ........ ........ ........| ok p=1
Q50:	|-....... ........ ........ ........| ok p=1
Q51:	|-....... ........ ........ ........| ok p=1
Q52:	|-....... ........ ........ ........| ok p=1
Q53:	|-....... ........ ........ ........| ok p=1
Q54:	|-....... ........ ........ ........| ok p=1
Q55:	|-....... ........ ........ ........| ok p=1
Q56:	|-....... ........ ........ ........| ok p=1
Q57:	|-....... ........ ........ ........| ok p=1
Q58:	|-....... ........ ........ ........| ok p=1
Q59:	|-....... ........ ........ ........| ok p=1
Q60:	|-....... ........ ........ ........| ok p=1
Q61:	|-....... 0....... ........ ........| ok p=1
Q62:	|-....... ........ ........ ........| ok p=0.994141
Q63:	|-....... +....... ........ ........| ok p=1
Q64:	|+....... +....... ........ ........|
Best path: totcompl=11 tottunnel=60, totcond=381, p=0.0359435
Q-3:	|11100011 11110101 11001110 11111001|
Q-2:	|01111011 00111011 00110001 11000101|
Q-1:	|00010010 11001011 10000100 11101100|
Q0:	|01110101 01110001 01000011 01111000| ok p=1
Q1:	|......0. ........ ........ ........| ok p=1
Q2:	|.....00. ........ ........ ........| ok p=1
Q3:	|!....0+. ........ ........ ........| ok p=1
Q4:	|....^+-. ........ ........ ........| ok p=1
Q5:	|....+--. ........ ........ ........| ok p=1
Q6:	|....0+-. ........ ........ ........| ok p=1
Q7:	|....+--. ........ ........ .....0..| ok p=1
Q8:	|....1+-. ........ .0...... .....1..| ok p=1
Q9:	|....1+-. ........ 10..0... ..!..+..| ok p=1
Q10:	|...011+. .1.1.100 0+.01.00 000.0+..| ok p=1
Q11:	|..0101+1 ^0^0^000 +-01+.10 10111+^.| ok p=1
Q12:	|.^0+--10 -------- -+1+-^-+ +++0+1-.| ok p=1
Q13:	|.+-0+++- 011+00-- ----++++ ++++1+1.| ok p=1
Q14:	|!0101110 111101.. .010000. ...10-+.| ok p=1
Q15:	|01-.0000 ...1.111 00000111 1101+11.| ok p=0.96875
Q16:	|..-....- .....-.. ........ .....01.| ok p=0.509766
Q17:	|-.0..... ......0. ...0.... ....^.+.| ok p=0.998047
Q18:	|-.1....^ .....^1. ...1.... .0......| ok p=0.731445
Q19:	|+....... ......+. ...+.... .1....^.| ok p=0.878906
Q20:	|+....... ........ ........ .-......| ok p=1
Q21:	|+....0.. ......^. ...^.... ........| ok p=1
Q22:	|+....1.. ........ ........ .^......| ok p=0.517578
Q23:	|1....+.. ........ ........ ........| ok p=1
Q24:	|0....... ........ .......0 ........| ok p=1
Q25:	|.....^.. ........ .......1 ........| ok p=0.518555
Q26:	|........ ........ .......- ........| ok p=0.983398
Q27:	|........ ........ ........ ........| ok p=1
Q28:	|........ ........ .......^ ........| ok p=1
Q29:	|........ ........ ........ ........| ok p=1
Q30:	|........ ........ ........ ........| ok p=1
Q31:	|........ ........ ........ ........| ok p=1
Q32:	|........ ........ ........ ........| ok p=1
Q33:	|........ ........ ........ ........| ok p=1
Q34:	|........ ........ ........ ........| ok p=1
Q35:	|........ ........ ........ ........| ok p=1
Q36:	|........ ........ ........ ........| ok p=1
Q37:	|........ ........ ........ ........| ok p=1
Q38:	|........ ........ ........ ........| ok p=1
Q39:	|........ ........ ........ ........| ok p=1
Q40:	|........ ........ ........ ........| ok p=1
Q41:	|........ ........ ........ ........| ok p=1
Q42:	|........ ........ ........ ........| ok p=1
Q43:	|........ ........ ........ ........| ok p=1
Q44:	|........ ........ ........ ........| ok p=1
Q45:	|........ ........ ........ ........| ok p=1
Q46:	|0....... ........ ........ ........| ok p=1
Q47:	|1....... ........ ........ ........| ok p=0.489258
Q48:	|+....... ........ ........ ........| ok p=1
Q49:	|-....... ........ ........ ........| ok p=1
Q50:	|-....... ........ ........ ........| ok p=1
Q51:	|-....... ........ ........ ........| ok p=1
Q52:	|-....... ........ ........ ........| ok p=1
Q53:	|-....... ........ ........ ........| ok p=1
Q54:	|-....... ........ ........ ........| ok p=1
Q55:	|-....... ........ ........ ........| ok p=1
Q56:	|-....... ........ ........ ........| ok p=1
Q57:	|-....... ........ ........ ........| ok p=1
Q58:	|-....... ........ ........ ........| ok p=1
Q59:	|-....... ........ ........ ........| ok p=1
Q60:	|-....... ........ ........ ........| ok p=1
Q61:	|-....... 0....... ........ ........| ok p=1
Q62:	|-....... ........ ........ ........| ok p=0.996094
Q63:	|-....... +....... ........ ........| ok p=1
Q64:	|+....... +....... ........ ........|
Best path: totcompl=11 tottunnel=60, totcond=380, p=0.0348051
Q-3:	|11100011 11110101 11001110 11111001|
Q-2:	|01111011 00111011 00110001 11000101|
Q-1:	|00010010 11001011 10000100 11101100|
Q0:	|01110101 01110001 01000011 01111000| ok p=1
Q1:	|......0. ........ ........ ........| ok p=1
Q2:	|.....00. ........ ........ ........| ok p=1
Q3:	|!....0+. ........ ........ ........| ok p=1
Q4:	|....^+-. ........ ........ ........| ok p=1
Q5:	|....+--. ........ ........ ........| ok p=1
Q6:	|....0+-. ........ ........ ........| ok p=1
Q7:	|....+--. ........ ........ .....0..| ok p=1
Q8:	|....1+-. ........ .0...... .....1..| ok p=1
Q9:	|....1+-. ........ 10..0... .!...+..| ok p=1
Q10:	|...011+. .1.1.100 0+.01.00 000.0+..| ok p=1
Q11:	|..0101+1 ^0^0^000 +-01+.10 10111+^.| ok p=1
Q12:	|.^0+--10 -------- -+1+-^-+ +++0+1-.| ok p=1
Q13:	|.+-0+++- 011+00-- ----++++ ++++1+1.| ok p=1
Q14:	|!0101110 111101.. .010000. ...10-+.| ok p=1
Q15:	|01-.0000 ...1.111 00000111 1101+11.| ok p=0.958984
Q16:	|..-....- .....-.. ........ .....01.| ok p=0.505859
Q17:	|+.0..... ......0. ...0.... ....^.+.| ok p=0.993164
Q18:	|+.1....^ .....^1. ...1.... .0......| ok p=0.74707
Q19:	|-....... ......+. ...+.... .1....^.| ok p=0.876953
Q20:	|-....... ........ ........ .-......| ok p=1
Q21:	|-....0.. ......^. ...^.... ........| ok p=1
Q22:	|-....1.. ........ ........ .^......| ok p=0.455078
Q23:	|1....+.. ........ ........ ........| ok p=1
Q24:	|0....... ........ .......0 ........| ok p=1
Q25:	|.....^.. ........ .......1 ........| ok p=0.487305
Q26:	|........ ........ .......- ........| ok p=0.990234
Q27:	|........ ........ ........ ........| ok p=1
Q28:	|........ ........ .......^ ........| ok p=1
Q29:	|........ ........ ........ ........| ok p=1
Q30:	|........ ........ ........ ........| ok p=1
Q31:	|........ ........ ........ ........| ok p=1
Q32:	|........ ........ ........ ........| ok p=1
Q33:	|........ ........ ........ ........| ok p=1
Q34:	|........ ........ ........ ........| ok p=1
Q35:	|........ ........ ........ ........| ok p=1
Q36:	|........ ........ ........ ........| ok p=1
Q37:	|........ ........ ........ ........| ok p=1
Q38:	|........ ........ ........ ........| ok p=1
Q39:	|........ ........ ........ ........| ok p=1
Q40:	|........ ........ ........ ........| ok p=1
Q41:	|........ ........ ........ ........| ok p=1
Q42:	|........ ........ ........ ........| ok p=1
Q43:	|........ ........ ........ ........| ok p=1
Q44:	|........ ........ ........ ........| ok p=1
Q45:	|........ ........ ........ ........| ok p=1
Q46:	|0....... ........ ........ ........| ok p=1
Q47:	|1....... ........ ........ ........| ok p=0.517578
Q48:	|+....... ........ ........ ........| ok p=1
Q49:	|-....... ........ ........ ........| ok p=1
Q50:	|-....... ........ ........ ........| ok p=1
Q51:	|-....... ........ ........ ........| ok p=1
Q52:	|-....... ........ ........ ........| ok p=1
Q53:	|-....... ........ ........ ........| ok p=1
Q54:	|-....... ........ ........ ........| ok p=1
Q55:	|-....... ........ ........ ........| ok p=1
Q56:	|-....... ........ ........ ........| ok p=1
Q57:	|-....... ........ ........ ........| ok p=1
Q58:	|-....... ........ ........ ........| ok p=1
Q59:	|-....... ........ ........ ........| ok p=1
Q60:	|-....... ........ ........ ........| ok p=1
Q61:	|-....... 0....... ........ ........| ok p=1
Q62:	|-....... ........ ........ ........| ok p=0.994141
Q63:	|-....... +....... ........ ........| ok p=1
Q64:	|+....... +....... ........ ........|
Best path: totcompl=12 tottunnel=61, totcond=380, p=0.0377617
Q-3:	|11100011 11110101 11001110 11111001|
Q-2:	|01111011 00111011 00110001 11000101|
Q-1:	|00010010 11001011 10000100 11101100|
Q0:	|01110101 01110001 01000011 01111000| ok p=1
Q1:	|......0. ........ ........ ........| ok p=1
Q2:	|.....00. ........ ........ ........| ok p=1
Q3:	|!....0+. ........ ........ ........| ok p=1
Q4:	|....^+-. ........ ........ ........| ok p=1
Q5:	|....+--. ........ ........ ........| ok p=1
Q6:	|....0+-. ........ ........ ........| ok p=1
Q7:	|....+--. ........ ........ .....0..| ok p=1
Q8:	|....1+-. ........ .0...... .....1..| ok p=1
Q9:	|....1+-. ........ 10..0... .!...+..| ok p=1
Q10:	|...011+. .1.1.100 0+.01110 000.0+..| ok p=1
Q11:	|..0101+1 ^0^0^000 +-01+100 10111+^.| ok p=1
Q12:	|.^0+--10 -------- -+1+--++ +++0+1-.| ok p=1
Q13:	|.+-0+++- 011+00-- ---1-+++ ++++1+1.| ok p=1
Q14:	|!0101110 111101.. .010.0.. ...10-+.| ok p=1
Q15:	|01-.0000 ...1.111 000.0111 1101+11.| ok p=0.967773
Q16:	|..-....- .....-.. ........ .....01.| ok p=0.516602
Q17:	|-.0..... ......0. ...0.... ....^.+.| ok p=0.995117
Q18:	|-.1....^ .....^1. ...1.... .0......| ok p=0.727539
Q19:	|+....... ......+. ...+.... .1....^.| ok p=0.873047
Q20:	|+....... ........ ........ .-......| ok p=1
Q21:	|+....0.. ......^. ...^.... ........| ok p=1
Q22:	|+....1.. ........ ........ .^......| ok p=0.517578
Q23:	|1....+.. ........ ........ ........| ok p=1
Q24:	|0....... ........ .......0 ........| ok p=1
Q25:	|.....^.. ........ .......1 ........| ok p=0.485352
Q26:	|........ ........ .......- ........| ok p=0.987305
Q27:	|........ ........ ........ ........| ok p=1
Q28:	|........ ........ .......^ ........| ok p=1
Q29:	|........ ........ ........ ........| ok p=1
Q30:	|........ ........ ........ ........| ok p=1
Q31:	|........ ........ ........ ........| ok p=1
Q32:	|........ ........ ........ ........| ok p=1
Q33:	|........ ........ ........ ........| ok p=1
Q34:	|........ ........ ........ ........| ok p=1
Q35:	|........ ........ ........ ........| ok p=1
Q36:	|........ ........ ........ ........| ok p=1
Q37:	|........ ........ ........ ........| ok p=1
Q38:	|........ ........ ........ ........| ok p=1
Q39:	|........ ........ ........ ........| ok p=1
Q40:	|........ ........ ........ ........| ok p=1
Q41:	|........ ........ ........ ........| ok p=1
Q42:	|........ ........ ........ ........| ok p=1
Q43:	|........ ........ ........ ........| ok p=1
Q44:	|........ ........ ........ ........| ok p=1
Q45:	|........ ........ ........ ........| ok p=1
Q46:	|0....... ........ ........ ........| ok p=1
Q47:	|1....... ........ ........ ........| ok p=0.493164
Q48:	|+....... ........ ........ ........| ok p=1
Q49:	|-....... ........ ........ ........| ok p=1
Q50:	|-....... ........ ........ ........| ok p=1
Q51:	|-....... ........ ........ ........| ok p=1
Q52:	|-....... ........ ........ ........| ok p=1
Q53:	|-....... ........ ........ ........| ok p=1
Q54:	|-....... ........ ........ ........| ok p=1
Q55:	|-....... ........ ........ ........| ok p=1
Q56:	|-....... ........ ........ ........| ok p=1
Q57:	|-....... ........ ........ ........| ok p=1
Q58:	|-....... ........ ........ ........| ok p=1
Q59:	|-....... ........ ........ ........| ok p=1
Q60:	|-....... ........ ........ ........| ok p=1
Q61:	|-....... 0....... ........ ........| ok p=1
Q62:	|-....... ........ ........ ........| ok p=0.99707
Q63:	|-....... +....... ........ ........| ok p=1
Q64:	|+....... +....... ........ ........|
Best path: totcompl=12 tottunnel=61, totcond=379, p=0.0381935
Q-3:	|11100011 11110101 11001110 11111001|
Q-2:	|01111011 00111011 00110001 11000101|
Q-1:	|00010010 11001011 10000100 11101100|
Q0:	|01110101 01110001 01000011 01111000| ok p=1
Q1:	|......0. ........ ........ ........| ok p=1
Q2:	|.....00. ........ ........ ........| ok p=1
Q3:	|!....0+. ........ ........ ........| ok p=1
Q4:	|....^+-. ........ ........ ........| ok p=1
Q5:	|....+--. ........ ........ ........| ok p=1
Q6:	|....0+-. ........ ........ ........| ok p=1
Q7:	|....+--. ........ ........ .....0..| ok p=1
Q8:	|....1+-. ........ .0...... .....1..| ok p=1
Q9:	|....1+-. ........ 10..0... .!...+..| ok p=1
Q10:	|...011+. .1.1.100 0+.01.00 000.0+..| ok p=1
Q11:	|.1.101+1 ^0^0^000 +-01+.10 10111+^.| ok p=1
Q12:	|.1^+--10 -------- -+1+-^-+ +++0+1-.| ok p=1
Q13:	|.+-0+++- 011+00-- ---1-+++ ++++1+1.| ok p=1
Q14:	|!0101110 111101.. .010.00. ...10-+.| ok p=1
Q15:	|01-.0000 ...1.111 000.0111 1101+11.| ok p=0.960938
Q16:	|..-....- .....-.. ........ .....01.| ok p=0.518555
Q17:	|-.0..... ......0. ...0.... ....^.+.| ok p=0.99707
Q18:	|-.1....^ .....^1. ...1.... .0......| ok p=0.748047
Q19:	|+....... ......+. ...+.... .1....^.| ok p=0.864258
Q20:	|+....... ........ ........ .-......| ok p=1
Q21:	|+....0.. ......^. ...^.... ........| ok p=1
Q22:	|+....1.. ........ ........ .^......| ok p=0.522461
Q23:	|1....+.. ........ ........ ........| ok p=1
Q24:	|0....... ........ .......0 ........| ok p=1
Q25:	|.....^.. ........ .......1 ........| ok p=0.505859
Q26:	|........ ........ .......- ........| ok p=0.991211
Q27:	|........ ........ ........ ........| ok p=1
Q28:	|........ ........ .......^ ........| ok p=1
Q29:	|........ ........ ........ ........| ok p=1
Q30:	|........ ........ ........ ........| ok p=1
Q31:	|........ ........ ........ ........| ok p=1
Q32:	|........ ........ ........ ........| ok p=1
Q33:	|........ ........ ........ ........| ok p=1
Q34:	|........ ........ ........ ........| ok p=1
Q35:	|........ ........ ........ ........| ok p=1
Q36:	|........ ........ ........ ........| ok p=1
Q37:	|........ ........ ........ ........| ok p=1
Q38:	|........ ........ ........ ........| ok p=1
Q39:	|........ ........ ........ ........| ok p=1
Q40:	|........ ........ ........ ........| ok p=1
Q41:	|........ ........ ........ ........| ok p=1
Q42:	|........ ........ ........ ........| ok p=1
Q43:	|........ ........ ........ ........| ok p=1
Q44:	|........ ........ ........ ........| ok p=1
Q45:	|........ ........ ........ ........| ok p=1
Q46:	|0....... ........ ........ ........| ok p=1
Q47:	|1....... ........ ........ ........| ok p=0.513672
Q48:	|+....... ........ ........ ........| ok p=1
Q49:	|-....... ........ ........ ........| ok p=1
Q50:	|-....... ........ ........ ........| ok p=1
Q51:	|-....... ........ ........ ........| ok p=1
Q52:	|-....... ........ ........ ........| ok p=1
Q53:	|-....... ........ ........ ........| ok p=1
Q54:	|-....... ........ ........ ........| ok p=1
Q55:	|-....... ........ ........ ........| ok p=1
Q56:	|-....... ........ ........ ........| ok p=1
Q57:	|-....... ........ ........ ........| ok p=1
Q58:	|-....... ........ ........ ........| ok p=1
Q59:	|-....... ........ ........ ........| ok p=1
Q60:	|-....... ........ ........ ........| ok p=1
Q61:	|-....... 0....... ........ ........| ok p=1
Q62:	|-....... ........ ........ ........| ok p=0.99707
Q63:	|-....... +....... ........ ........| ok p=1
Q64:	|+....... +....... ........ ........|
Best path: totcompl=12 tottunnel=61, totcond=378, p=0.0381551
Q-3:	|11100011 11110101 11001110 11111001|
Q-2:	|01111011 00111011 00110001 11000101|
Q-1:	|00010010 11001011 10000100 11101100|
Q0:	|01110101 01110001 01000011 01111000| ok p=1
Q1:	|......0. ........ ........ ........| ok p=1
Q2:	|.....00. ........ ........ ........| ok p=1
Q3:	|!....0+. ........ ........ ........| ok p=1
Q4:	|....^+-. ........ ........ ........| ok p=1
Q5:	|....+--. ........ ........ ........| ok p=1
Q6:	|....0+-. ........ ........ ........| ok p=1
Q7:	|....+--. ........ ........ ........| ok p=1
Q8:	|...10+-. ........ ........ ........| ok p=1
Q9:	|...01+-. ........ ..00.... ........| ok p=1
Q10:	|...+---. 10001011 1011^001 1110....| ok p=1
Q11:	|...000+^ 00110101 11--+000 0111.^1.| ok p=1
Q12:	|.^^0+-1- -------- -+1+1+++ ++++^+0.| ok p=1
Q13:	|!+-+00-1 ----0-1+ ----++++ +++++0+^| ok p=1
Q14:	|.0001100 ....0+11 .1110... ....10-.| ok p=1
Q15:	|01-1..00 1111.-.1 00001111 11110++.| ok p=0.988281
Q16:	|..-....- .....-.. ........ ......0.| ok p=0.601562
Q17:	|-.0..... .....10. ...0.... .....^+.| ok p=0.991211
Q18:	|-.1....^ .....01. ...1.... .0......| ok p=0.75
Q19:	|+....... ......+. ...+.... .1....^.| ok p=0.868164
Q20:	|+....... ........ ........ .-......| ok p=1
Q21:	|+....0.. ......^. ...^.... ........| ok p=1
Q22:	|+....1.. ........ ........ .^......| ok p=0.490234
Q23:	|1....+.. ........ ........ ........| ok p=1
Q24:	|0....... ........ .......0 ........| ok p=1
Q25:	|.....^.. ........ .......1 ........| ok p=0.501953
Q26:	|........ ........ .......- ........| ok p=0.986328
Q27:	|........ ........ ........ ........| ok p=1
Q28:	|........ ........ .......^ ........| ok p=1
Q29:	|........ ........ ........ ........| ok p=1
Q30:	|........ ........ ........ ........| ok p=1
Q31:	|........ ........ ........ ........| ok p=1
Q32:	|........ ........ ........ ........| ok p=1
Q33:	|........ ........ ........ ........| ok p=1
Q34:	|........ ........ ........ ........| ok p=1
Q35:	|........ ........ ........ ........| ok p=1
Q36:	|........ ........ ........ ........| ok p=1
Q37:	|........ ........ ........ ........| ok p=1
Q38:	|........ ........ ........ ........| ok p=1
Q39:	|........ ........ ........ ........| ok p=1
Q40:	|........ ........ ........ ........| ok p=1
Q41:	|........ ........ ........ ........| ok p=1
Q42:	|........ ........ ........ ........| ok p=1
Q43:	|........ ........ ........ ........| ok p=1
Q44:	|........ ........ ........ ........| ok p=1
Q45:	|........ ........ ........ ........| ok p=1
Q46:	|0....... ........ ........ ........| ok p=1
Q47:	|1....... ........ ........ ........| ok p=0.513672
Q48:	|-....... ........ ........ ........| ok p=1
Q49:	|+....... ........ ........ ........| ok p=1
Q50:	|+....... ........ ........ ........| ok p=1
Q51:	|+....... ........ ........ ........| ok p=1
Q52:	|+....... ........ ........ ........| ok p=1
Q53:	|+....... ........ ........ ........| ok p=1
Q54:	|+....... ........ ........ ........| ok p=1
Q55:	|+....... ........ ........ ........| ok p=1
Q56:	|+....... ........ ........ ........| ok p=1
Q57:	|+....... ........ ........ ........| ok p=1
Q58:	|+....... ........ ........ ........| ok p=1
Q59:	|+....... ........ ........ ........| ok p=1
Q60:	|+....... ........ ........ ........| ok p=1
Q61:	|+....... 0....... ........ ........| ok p=1
Q62:	|+....... ........ ........ ........| ok p=0.99707
Q63:	|+....... +....... ........ ........| ok p=1
Q64:	|+....... +....... ........ ........|
Best path: totcompl=15 tottunnel=64, totcond=376, p=0.0397354
Best paths: 2
Best paths: 4
Q-3:	|11100011 11110101 11001110 11111001|
Q-2:	|01111011 00111011 00110001 11000101|
Q-1:	|00010010 11001011 10000100 11101100|
Q0:	|01110101 01110001 01000011 01111000| ok p=1
Q1:	|......0. ........ ........ ........| ok p=1
Q2:	|.....00. ........ ........ ........| ok p=1
Q3:	|.!...0+. ........ ........ ........| ok p=1
Q4:	|....^+-. ........ ........ ........| ok p=1
Q5:	|....+--. ........ ........ ........| ok p=1
Q6:	|....0+-. ........ ........ ........| ok p=1
Q7:	|....+--. ........ ........ .....0..| ok p=1
Q8:	|....1+-. ........ .1...... .....1..| ok p=1
Q9:	|....1+-. ........ 11..0... ..!..+..| ok p=1
Q10:	|.....1+. 1100.10. 0+.01111 11011+0.| ok p=1
Q11:	|....^0+. 0111^000 +-01+100 10000+0.| ok p=1
Q12:	|.^.^+-1^ -------1 -+1+--++ +++++1-.| ok p=0.259766
Q13:	|!+.-0-+- +---00-- ---1-+++ ++++++-.| ok p=1
Q14:	|.0^01.10 1...+-.0 .010.0.. .....--.| ok p=1
Q15:	|01-0.000 11110010 000.1111 11110++.| ok p=0.858398
Q16:	|..-....- ....0-.. ........ .....00.| ok p=0.62793
Q17:	|+.0..... ......0. ...0.... .....1+.| ok p=0.998047
Q18:	|+.1....^ .....^1. ...1.... .0......| ok p=0.735352
Q19:	|-....... ......+. ...+.... .1....^.| ok p=0.879883
Q20:	|-....... ........ ........ .-......| ok p=1
Q21:	|-....0.. ......^. ...^.... ........| ok p=1
Q22:	|-....1.. ........ ........ .^......| ok p=0.472656
Q23:	|1....+.. ........ ........ ........| ok p=1
Q24:	|0....... ........ .......0 ........| ok p=1
Q25:	|.....^.. ........ .......1 ........| ok p=0.498047
Q26:	|........ ........ .......- ........| ok p=0.986328
Q27:	|........ ........ ........ ........| ok p=1
Q28:	|........ ........ .......^ ........| ok p=1
Q29:	|........ ........ ........ ........| ok p=1
Q30:	|........ ........ ........ ........| ok p=1
Q31:	|........ ........ ........ ........| ok p=1
Q32:	|........ ........ ........ ........| ok p=1
Q33:	|........ ........ ........ ........| ok p=1
Q34:	|........ ........ ........ ........| ok p=1
Q35:	|........ ........ ........ ........| ok p=1
Q36:	|........ ........ ........ ........| ok p=1
Q37:	|........ ........ ........ ........| ok p=1
Q38:	|........ ........ ........ ........| ok p=1
Q39:	|........ ........ ........ ........| ok p=1
Q40:	|........ ........ ........ ........| ok p=1
Q41:	|........ ........ ........ ........| ok p=1
Q42:	|........ ........ ........ ........| ok p=1
Q43:	|........ ........ ........ ........| ok p=1
Q44:	|........ ........ ........ ........| ok p=1
Q45:	|........ ........ ........ ........| ok p=1
Q46:	|0....... ........ ........ ........| ok p=1
Q47:	|1....... ........ ........ ........| ok p=0.498047
Q48:	|-....... ........ ........ ........| ok p=1
Q49:	|+....... ........ ........ ........| ok p=1
Q50:	|+....... ........ ........ ........| ok p=1
Q51:	|+....... ........ ........ ........| ok p=1
Q52:	|+....... ........ ........ ........| ok p=1
Q53:	|+....... ........ ........ ........| ok p=1
Q54:	|+....... ........ ........ ........| ok p=1
Q55:	|+....... ........ ........ ........| ok p=1
Q56:	|+....... ........ ........ ........| ok p=1
Q57:	|+....... ........ ........ ........| ok p=1
Q58:	|+....... ........ ........ ........| ok p=1
Q59:	|+....... ........ ........ ........| ok p=1
Q60:	|+....... ........ ........ ........| ok p=1
Q61:	|+....... 0....... ........ ........| ok p=1
Q62:	|+....... ........ ........ ........| ok p=0.998047
Q63:	|+....... +....... ........ ........| ok p=1
Q64:	|+....... +....... ........ ........|
Best path: totcompl=15 tottunnel=64, totcond=375, p=0.0102423
Best paths: 2
Q-3:	|11100011 11110101 11001110 11111001|
Q-2:	|01111011 00111011 00110001 11000101|
Q-1:	|00010010 11001011 10000100 11101100|
Q0:	|01110101 01110001 01000011 01111000| ok p=1
Q1:	|......0. ........ ........ ........| ok p=1
Q2:	|.....00. ........ ........ ........| ok p=1
Q3:	|!....0+. ........ ........ ........| ok p=1
Q4:	|....^+-. ........ ........ ........| ok p=1
Q5:	|....+--. ........ ........ ........| ok p=1
Q6:	|....0+-. ........ ........ ........| ok p=1
Q7:	|....+--. ........ ........ .....0..| ok p=1
Q8:	|....1+-. ........ .1...... .....1..| ok p=1
Q9:	|....1+-. ........ 11..0... ..!..+..| ok p=1
Q10:	|.....1+. 1100.10. 0+.01.01 11011+0.| ok p=1
Q11:	|....^0+. 0111^000 +-01+.10 10000+0.| ok p=1
Q12:	|.^.^+-1^ -------1 -+1+-^-+ +++++1-.| ok p=0.266602
Q13:	|!+.-0-+- +---00-- ---1-+++ ++++++-.| ok p=1
Q14:	|.0^01.10 1...+-.0 .010.00. .....--.| ok p=1
Q15:	|01-0.000 11110010 000.1111 11110++.| ok p=0.862305
Q16:	|..-....- ....0-.. ........ .....00.| ok p=0.625977
Q17:	|+.0..... ......0. ...0.... .....1+.| ok p=0.998047
Q18:	|+.1....^ .....^1. ...1.... .0......| ok p=0.75
Q19:	|-....... ......+. ...+.... .1....^.| ok p=0.871094
Q20:	|-....... ........ ........ .-......| ok p=1
Q21:	|-....0.. ......^. ...^.... ........| ok p=1
Q22:	|-....1.. ........ ........ .^......| ok p=0.475586
Q23:	|1....+.. ........ ........ ........| ok p=1
Q24:	|0....... ........ .......0 ........| ok p=1
Q25:	|.....^.. ........ .......1 ........| ok p=0.501953
Q26:	|........ ........ .......- ........| ok p=0.989258
Q27:	|........ ........ ........ ........| ok p=1
Q28:	|........ ........ .......^ ........| ok p=1
Q29:	|........ ........ ........ ........| ok p=1
Q30:	|........ ........ ........ ........| ok p=1
Q31:	|........ ........ ........ ........| ok p=1
Q32:	|........ ........ ........ ........| ok p=1
Q33:	|........ ........ ........ ........| ok p=1
Q34:	|........ ........ ........ ........| ok p=1
Q35:	|........ ........ ........ ........| ok p=1
Q36:	|........ ........ ........ ........| ok p=1
Q37:	|........ ........ ........ ........| ok p=1
Q38:	|........ ........ ........ ........| ok p=1
Q39:	|........ ........ ........ ........| ok p=1
Q40:	|........ ........ ........ ........| ok p=1
Q41:	|........ ........ ........ ........| ok p=1
Q42:	|........ ........ ........ ........| ok p=1
Q43:	|........ ........ ........ ........| ok p=1
Q44:	|........ ........ ........ ........| ok p=1
Q45:	|........ ........ ........ ........| ok p=1
Q46:	|0....... ........ ........ ........| ok p=1
Q47:	|1....... ........ ........ ........| ok p=0.487305
Q48:	|-....... ........ ........ ........| ok p=1
Q49:	|+....... ........ ........ ........| ok p=1
Q50:	|+....... ........ ........ ........| ok p=1
Q51:	|+....... ........ ........ ........| ok p=1
Q52:	|+....... ........ ........ ........| ok p=1
Q53:	|+....... ........ ........ ........| ok p=1
Q54:	|+....... ........ ........ ........| ok p=1
Q55:	|+....... ........ ........ ........| ok p=1
Q56:	|+....... ........ ........ ........| ok p=1
Q57:	|+....... ........ ........ ........| ok p=1
Q58:	|+....... ........ ........ ........| ok p=1
Q59:	|+....... ........ ........ ........| ok p=1
Q60:	|+....... ........ ........ ........| ok p=1
Q61:	|+....... 0....... ........ ........| ok p=1
Q62:	|+....... ........ ........ ........| ok p=0.995117
Q63:	|+....... +....... ........ ........| ok p=1
Q64:	|+....... +....... ........ ........|
Best path: totcompl=15 tottunnel=64, totcond=374, p=0.0100541
Q-3:	|11100011 11110101 11001110 11111001|
Q-2:	|01111011 00111011 00110001 11000101|
Q-1:	|00010010 11001011 10000100 11101100|
Q0:	|01110101 01110001 01000011 01111000| ok p=1
Q1:	|......0. ........ ........ ........| ok p=1
Q2:	|.....00. ........ ........ ........| ok p=1
Q3:	|.!..^0+. ........ ........ ........| ok p=1
Q4:	|....+--. ........ ........ ........| ok p=1
Q5:	|....0+-. ........ ........ ........| ok p=1
Q6:	|....+--. ........ ........ ........| ok p=1
Q7:	|....0+-. ........ ........ ........| ok p=1
Q8:	|...^+--. ........ ........ ........| ok p=1
Q9:	|...+---. ........ ..1..... ........| ok p=1
Q10:	|...00+-. 1010.110 ..0^^010 01001...| ok p=1
Q11:	|...010+^ 0101^000 00+--100 0111111.| ok p=1
Q12:	|.^^0.+1- -------+ 11110+++ +++++00.| ok p=1
Q13:	|!+-+.0-1 ----00-- ---00-++ ++++++-.| ok p=1
Q14:	|.000.100 ....0+.0 001..0.. ....010.| ok p=1
Q15:	|01-1..00 1111.-00 110..111 1111+0-.| ok p=0.977539
Q16:	|..-....- .....-.. ........ ......0.| ok p=0.578125
Q17:	|-.0..... .....10. ...0.... ....^.+.| ok p=0.999023
Q18:	|-.1....^ .....01. ...1.... .0......| ok p=0.74707
Q19:	|+....... ......+. ...+.... .1....^.| ok p=0.878906
Q20:	|+....... ........ ........ .-......| ok p=1
Q21:	|+....0.. ......^. ...^.... ........| ok p=1
Q22:	|+....1.. ........ ........ .^......| ok p=0.490234
Q23:	|1....+.. ........ ........ ........| ok p=1
Q24:	|0....... ........ .......0 ........| ok p=1
Q25:	|.....^.. ........ .......1 ........| ok p=0.503906
Q26:	|........ ........ .......- ........| ok p=0.983398
Q27:	|........ ........ ........ ........| ok p=1
Q28:	|........ ........ .......^ ........| ok p=1
Q29:	|........ ........ ........ ........| ok p=1
Q30:	|........ ........ ........ ........| ok p=1
Q31:	|........ ........ ........ ........| ok p=1
Q32:	|........ ........ ........ ........| ok p=1
Q33:	|........ ........ ........ ........| ok p=1
Q34:	|........ ........ ........ ........| ok p=1
Q35:	|........ ........ ........ ........| ok p=1
Q36:	|........ ........ ........ ........| ok p=1
Q37:	|........ ........ ........ ........| ok p=1
Q38:	|........ ........ ........ ........| ok p=1
Q39:	|........ ........ ........ ........| ok p=1
Q40:	|........ ........ ........ ........| ok p=1
Q41:	|........ ........ ........ ........| ok p=1
Q42:	|........ ........ ........ ........| ok p=1
Q43:	|........ ........ ........ ........| ok p=1
Q44:	|........ ........ ........ ........| ok p=1
Q45:	|........ ........ ........ ........| ok p=1
Q46:	|0....... ........ ........ ........| ok p=1
Q47:	|1....... ........ ........ ........| ok p=0.491211
Q48:	|+....... ........ ........ ........| ok p=1
Q49:	|-....... ........ ........ ........| ok p=1
Q50:	|-....... ........ ........ ........| ok p=1
Q51:	|-....... ........ ........ ........| ok p=1
Q52:	|-....... ........ ........ ........| ok p=1
Q53:	|-....... ........ ........ ........| ok p=1
Q54:	|-....... ........ ........ ........| ok p=1
Q55:	|-....... ........ ........ ........| ok p=1
Q56:	|-....... ........ ........ ........| ok p=1
Q57:	|-....... ........ ........ ........| ok p=1
Q58:	|-....... ........ ........ ........| ok p=1
Q59:	|-....... ........ ........ ........| ok p=1
Q60:	|-....... ........ ........ ........| ok p=1
Q61:	|-....... 0....... ........ ........| ok p=1
Q62:	|-....... ........ ........ ........| ok p=0.993164
Q63:	|-....... +....... ........ ........| ok p=1
Q64:	|+....... +....... ........ ........|
Best path: totcompl=15 tottunnel=64, totcond=369, p=0.0463309
Best paths: 2
Q-3:	|11100011 11110101 11001110 11111001|
Q-2:	|01111011 00111011 00110001 11000101|
Q-1:	|00010010 11001011 10000100 11101100|
Q0:	|01110101 01110001 01000011 01111000| ok p=1
Q1:	|......0. ........ ........ ........| ok p=1
Q2:	|.....00. ........ ........ ........| ok p=1
Q3:	|!...^0+. ........ ........ ........| ok p=1
Q4:	|....+--. ........ ........ ........| ok p=1
Q5:	|....0+-. ........ ........ ........| ok p=1
Q6:	|....+--. ........ ........ ........| ok p=1
Q7:	|....0+-. ........ ........ ........| ok p=1
Q8:	|...^+--. ........ ........ ........| ok p=1
Q9:	|...+---. ........ ..1..... ........| ok p=1
Q10:	|...00+-. 1010.110 ..0^^.00 01001...| ok p=1
Q11:	|...010+^ 0101^000 00+--^10 0111111.| ok p=1
Q12:	|.^^0.+1- -------+ 11110+++ +++++00.| ok p=1
Q13:	|!+-+.0-1 ----00-- ---001-+ ++++++-.| ok p=1
Q14:	|.000.100 ....0+.0 001..00. ....010.| ok p=1
Q15:	|01-1..00 1111.-00 110...11 1111+0-.| ok p=0.987305
Q16:	|..-....- .....-.. ........ ......0.| ok p=0.605469
Q17:	|-.0..... .....10. ...0.... ....^.+.| ok p=0.998047
Q18:	|-.1....^ .....01. ...1.... .0......| ok p=0.730469
Q19:	|+....... ......+. ...+.... .1....^.| ok p=0.87207
Q20:	|+....... ........ ........ .-......| ok p=1
Q21:	|+....0.. ......^. ...^.... ........| ok p=1
Q22:	|+....1.. ........ ........ .^......| ok p=0.516602
Q23:	|1....+.. ........ ........ ........| ok p=1
Q24:	|0....... ........ .......0 ........| ok p=1
Q25:	|.....^.. ........ .......1 ........| ok p=0.480469
Q26:	|........ ........ .......- ........| ok p=0.987305
Q27:	|........ ........ ........ ........| ok p=1
Q28:	|........ ........ .......^ ........| ok p=1
Q29:	|........ ........ ........ ........| ok p=1
Q30:	|........ ........ ........ ........| ok p=1
Q31:	|........ ........ ........ ........| ok p=1
Q32:	|........ ........ ........ ........| ok p=1
Q33:	|........ ........ ........ ........| ok p=1
Q34:	|........ ........ ........ ........| ok p=1
Q35:	|........ ........ ........ ........| ok p=1
Q36:	|........ ........ ........ ........| ok p=1
Q37:	|........ ........ ........ ........| ok p=1
Q38:	|........ ........ ........ ........| ok p=1
Q39:	|........ ........ ........ ........| ok p=1
Q40:	|........ ........ ........ ........| ok p=1
Q41:	|........ ........ ........ ........| ok p=1
Q42:	|........ ........ ........ ........| ok p=1
Q43:	|........ ........ ........ ........| ok p=1
Q44:	|........ ........ ........ ........| ok p=1
Q45:	|........ ........ ........ ........| ok p=1
Q46:	|0....... ........ ........ ........| ok p=1
Q47:	|1....... ........ ........ ........| ok p=0.505859
Q48:	|+....... ........ ........ ........| ok p=1
Q49:	|-....... ........ ........ ........| ok p=1
Q50:	|-....... ........ ........ ........| ok p=1
Q51:	|-....... ........ ........ ........| ok p=1
Q52:	|-....... ........ ........ ........| ok p=1
Q53:	|-....... ........ ........ ........| ok p=1
Q54:	|-....... ........ ........ ........| ok p=1
Q55:	|-....... ........ ........ ........| ok p=1
Q56:	|-....... ........ ........ ........| ok p=1
Q57:	|-....... ........ ........ ........| ok p=1
Q58:	|-....... ........ ........ ........| ok p=1
Q59:	|-....... ........ ........ ........| ok p=1
Q60:	|-....... ........ ........ ........| ok p=1
Q61:	|-....... 0....... ........ ........| ok p=1
Q62:	|-....... ........ ........ ........| ok p=0.996094
Q63:	|-....... +....... ........ ........| ok p=1
Q64:	|+....... +....... ........ ........|
Best path: totcompl=15 tottunnel=64, totcond=368, p=0.0448764
Best paths: 2
Best paths: 4
Q-3:	|11100011 11110101 11001110 11111001|
Q-2:	|01111011 00111011 00110001 11000101|
Q-1:	|00010010 11001011 10000100 11101100|
Q0:	|01110101 01110001 01000011 01111000| ok p=1
Q1:	|......0. ........ ........ ........| ok p=1
Q2:	|.....00. ........ ........ ........| ok p=1
Q3:	|.!..^0+. ........ ........ ........| ok p=1
Q4:	|....+--. ........ ........ ........| ok p=1
Q5:	|....0+-. ........ ........ ........| ok p=1
Q6:	|....+--. ........ ........ ........| ok p=1
Q7:	|....0+-. ........ ........ ........| ok p=1
Q8:	|...^+--. ........ ........ ........| ok p=1
Q9:	|...+---. ........ ..1..... ........| ok p=1
Q10:	|...00+-. 1010.110 ..0^^.0. 11001...| ok p=1
Q11:	|...010+^ 0101^000 00+--^1^ 1111111.| ok p=1
Q12:	|.^^0.+1- -------+ 11110+++ +++++00.| ok p=1
Q13:	|!+-+.0-1 ----00-- ---00111 -+++++-.| ok p=1
Q14:	|.000.100 ....0+.0 001..000 0...010.| ok p=1
Q15:	|01-1..00 1111.-00 110..... 1111+0-.| ok p=0.989258
Q16:	|..-....- .....-.. ........ ......0.| ok p=0.583984
Q17:	|-.0..... .....10. ...0.... ....^.+.| ok p=0.998047
Q18:	|-.1....^ .....01. ...1.... .0......| ok p=0.736328
Q19:	|+....... ......+. ...+.... .1....^.| ok p=0.876953
Q20:	|+....... ........ ........ .-......| ok p=1
Q21:	|+....0.. ......^. ...^.... ........| ok p=1
Q22:	|+....1.. ........ ........ .^......| ok p=0.5
Q23:	|1....+.. ........ ........ ........| ok p=1
Q24:	|0....... ........ .......0 ........| ok p=1
Q25:	|.....^.. ........ .......1 ........| ok p=0.501953
Q26:	|........ ........ .......- ........| ok p=0.991211
Q27:	|........ ........ ........ ........| ok p=1
Q28:	|........ ........ .......^ ........| ok p=1
Q29:	|........ ........ ........ ........| ok p=1
Q30:	|........ ........ ........ ........| ok p=1
Q31:	|........ ........ ........ ........| ok p=1
Q32:	|........ ........ ........ ........| ok p=1
Q33:	|........ ........ ........ ........| ok p=1
Q34:	|........ ........ ........ ........| ok p=1
Q35:	|........ ........ ........ ........| ok p=1
Q36:	|........ ........ ........ ........| ok p=1
Q37:	|........ ........ ........ ........| ok p=1
Q38:	|........ ........ ........ ........| ok p=1
Q39:	|........ ........ ........ ........| ok p=1
Q40:	|........ ........ ........ ........| ok p=1
Q41:	|........ ........ ........ ........| ok p=1
Q42:	|........ ........ ........ ........| ok p=1
Q43:	|........ ........ ........ ........| ok p=1
Q44:	|........ ........ ........ ........| ok p=1
Q45:	|........ ........ ........ ........| ok p=1
Q46:	|0....... ........ ........ ........| ok p=1
Q47:	|1....... ........ ........ ........| ok p=0.5
Q48:	|+....... ........ ........ ........| ok p=1
Q49:	|-....... ........ ........ ........| ok p=1
Q50:	|-....... ........ ........ ........| ok p=1
Q51:	|-....... ........ ........ ........| ok p=1
Q52:	|-....... ........ ........ ........| ok p=1
Q53:	|-....... ........ ........ ........| ok p=1
Q54:	|-....... ........ ........ ........| ok p=1
Q55:	|-....... ........ ........ ........| ok p=1
Q56:	|-....... ........ ........ ........| ok p=1
Q57:	|-....... ........ ........ ........| ok p=1
Q58:	|-....... ........ ........ ........| ok p=1
Q59:	|-....... ........ ........ ........| ok p=1
Q60:	|-....... ........ ........ ........| ok p=1
Q61:	|-....... 0....... ........ ........| ok p=1
Q62:	|-....... ........ ........ ........| ok p=0.993164
Q63:	|-....... +....... ........ ........| ok p=1
Q64:	|+....... +....... ........ ........|
Best path: totcompl=15 tottunnel=64, totcond=367, p=0.0468662
Best paths: 2
Q-3:	|11100011 11110101 11001110 11111001|
Q-2:	|01111011 00111011 00110001 11000101|
Q-1:	|00010010 11001011 10000100 11101100|
Q0:	|01110101 01110001 01000011 01111000| ok p=1
Q1:	|......0. ........ ........ ........| ok p=1
Q2:	|.....00. ........ ........ ........| ok p=1
Q3:	|!...^0+. ........ ........ ........| ok p=1
Q4:	|....+--. ........ ........ ........| ok p=1
Q5:	|....0+-. ........ ........ ........| ok p=1
Q6:	|....+--. ........ ........ ........| ok p=1
Q7:	|....0+-. ........ ........ ........| ok p=1
Q8:	|...^+--. ........ ........ ........| ok p=1
Q9:	|...+---. ........ ..1..... ........| ok p=1
Q10:	|...00+-. 1010.110 ..0^^010 01001...| ok p=1
Q11:	|...010+^ 0101^000 00+--100 0111111.| ok p=1
Q12:	|.^.0.+1- -------+ 11110+++ +++++00.| ok p=1
Q13:	|!+.-.0-1 ----00-- ---00-++ ++++++-.| ok p=1
Q14:	|.0^0.100 ....0+.0 001..0.. ....010.| ok p=1
Q15:	|01-1..00 1111.-00 110..111 1111+0-.| ok p=0.986328
Q16:	|..-....- .....-.. ........ ......0.| ok p=0.586914
Q17:	|-.0..... .....10. ...0.... ....^.+.| ok p=0.995117
Q18:	|-.1....^ .....01. ...1.... .0......| ok p=0.738281
Q19:	|+....... ......+. ...+.... .1....^.| ok p=0.866211
Q20:	|+....... ........ ........ .-......| ok p=1
Q21:	|+....0.. ......^. ...^.... ........| ok p=1
Q22:	|+....1.. ........ ........ .^......| ok p=0.505859
Q23:	|1....+.. ........ ........ ........| ok p=1
Q24:	|0....... ........ .......0 ........| ok p=1
Q25:	|.....^.. ........ .......1 ........| ok p=0.512695
Q26:	|........ ........ .......- ........| ok p=0.979492
Q27:	|........ ........ ........ ........| ok p=1
Q28:	|........ ........ .......^ ........| ok p=1
Q29:	|........ ........ ........ ........| ok p=1
Q30:	|........ ........ ........ ........| ok p=1
Q31:	|........ ........ ........ ........| ok p=1
Q32:	|........ ........ ........ ........| ok p=1
Q33:	|........ ........ ........ ........| ok p=1
Q34:	|........ ........ ........ ........| ok p=1
Q35:	|........ ........ ........ ........| ok p=1
Q36:	|........ ........ ........ ........| ok p=1
Q37:	|........ ........ ........ ........| ok p=1
Q38:	|........ ........ ........ ........| ok p=1
Q39:	|........ ........ ........ ........| ok p=1
Q40:	|........ ........ ........ ........| ok p=1
Q41:	|........ ........ ........ ........| ok p=1
Q42:	|........ ........ ........ ........| ok p=1
Q43:	|........ ........ ........ ........| ok p=1
Q44:	|........ ........ ........ ........| ok p=1
Q45:	|........ ........ ........ ........| ok p=1
Q46:	|0....... ........ ........ ........| ok p=1
Q47:	|1....... ........ ........ ........| ok p=0.522461
Q48:	|+....... ........ ........ ........| ok p=1
Q49:	|-....... ........ ........ ........| ok p=1
Q50:	|-....... ........ ........ ........| ok p=1
Q51:	|-....... ........ ........ ........| ok p=1
Q52:	|-....... ........ ........ ........| ok p=1
Q53:	|-....... ........ ........ ........| ok p=1
Q54:	|-....... ........ ........ ........| ok p=1
Q55:	|-....... ........ ........ ........| ok p=1
Q56:	|-....... ........ ........ ........| ok p=1
Q57:	|-....... ........ ........ ........| ok p=1
Q58:	|-....... ........ ........ ........| ok p=1
Q59:	|-....... ........ ........ ........| ok p=1
Q60:	|-....... ........ ........ ........| ok p=1
Q61:	|-....... 0....... ........ ........| ok p=1
Q62:	|-....... ........ ........ ........| ok p=0.995117
Q63:	|-....... +....... ........ ........| ok p=1
Q64:	|+....... +....... ........ ........|
Best path: totcompl=16 tottunnel=65, totcond=367, p=0.0462231
Q-3:	|11100011 11110101 11001110 11111001|
Q-2:	|01111011 00111011 00110001 11000101|
Q-1:	|00010010 11001011 10000100 11101100|
Q0:	|01110101 01110001 01000011 01111000| ok p=1
Q1:	|......0. ........ ........ ........| ok p=1
Q2:	|.....00. ........ ........ ........| ok p=1
Q3:	|.!..^0+. ........ ........ ........| ok p=1
Q4:	|....+--. ........ ........ ........| ok p=1
Q5:	|....0+-. ........ ........ ........| ok p=1
Q6:	|....+--. ........ ........ ........| ok p=1
Q7:	|....0+-. ........ ........ ........| ok p=1
Q8:	|...^+--. ........ ........ ........| ok p=1
Q9:	|...+---. ........ ..1..... ........| ok p=1
Q10:	|...00+-. 1010.110 ..0^^.00 01001...| ok p=1
Q11:	|...010+^ 0101^000 00+--^10 0111111.| ok p=1
Q12:	|.^.0.+1- -------+ 11110+++ +++++00.| ok p=1
Q13:	|!+.-.0-1 ----00-- ---001-+ ++++++-.| ok p=1
Q14:	|.0^0.100 ....0+.0 001..00. ....010.| ok p=1
Q15:	|01-1..00 1111.-00 110...11 1111+0-.| ok p=0.980469
Q16:	|..-....- .....-.. ........ ......0.| ok p=0.579102
Q17:	|-.0..... .....10. ...0.... ....^.+.| ok p=0.996094
Q18:	|-.1....^ .....01. ...1.... .0......| ok p=0.764648
Q19:	|+....... ......+. ...+.... .1....^.| ok p=0.885742
Q20:	|+....... ........ ........ .-......| ok p=1
Q21:	|+....0.. ......^. ...^.... ........| ok p=1
Q22:	|+....1.. ........ ........ .^......| ok p=0.498047
Q23:	|1....+.. ........ ........ ........| ok p=1
Q24:	|0....... ........ .......0 ........| ok p=1
Q25:	|.....^.. ........ .......1 ........| ok p=0.514648
Q26:	|........ ........ .......- ........| ok p=0.981445
Q27:	|........ ........ ........ ........| ok p=1
Q28:	|........ ........ .......^ ........| ok p=1
Q29:	|........ ........ ........ ........| ok p=1
Q30:	|........ ........ ........ ........| ok p=1
Q31:	|........ ........ ........ ........| ok p=1
Q32:	|........ ........ ........ ........| ok p=1
Q33:	|........ ........ ........ ........| ok p=1
Q34:	|........ ........ ........ ........| ok p=1
Q35:	|........ ........ ........ ........| ok p=1
Q36:	|........ ........ ........ ........| ok p=1
Q37:	|........ ........ ........ ........| ok p=1
Q38:	|........ ........ ........ ........| ok p=1
Q39:	|........ ........ ........ ........| ok p=1
Q40:	|........ ........ ........ ........| ok p=1
Q41:	|........ ........ ........ ........| ok p=1
Q42:	|........ ........ ........ ........| ok p=1
Q43:	|........ ........ ........ ........| ok p=1
Q44:	|........ ........ ........ ........| ok p=1
Q45:	|........ ........ ........ ........| ok p=1
Q46:	|0....... ........ ........ ........| ok p=1
Q47:	|1....... ........ ........ ........| ok p=0.5
Q48:	|+....... ........ ........ ........| ok p=1
Q49:	|-....... ........ ........ ........| ok p=1
Q50:	|-....... ........ ........ ........| ok p=1
Q51:	|-....... ........ ........ ........| ok p=1
Q52:	|-....... ........ ........ ........| ok p=1
Q53:	|-....... ........ ........ ........| ok p=1
Q54:	|-....... ........ ........ ........| ok p=1
Q55:	|-....... ........ ........ ........| ok p=1
Q56:	|-....... ........ ........ ........| ok p=1
Q57:	|-....... ........ ........ ........| ok p=1
Q58:	|-....... ........ ........ ........| ok p=1
Q59:	|-....... ........ ........ ........| ok p=1
Q60:	|-....... ........ ........ ........| ok p=1
Q61:	|-....... 0....... ........ ........| ok p=1
Q62:	|-....... ........ ........ ........| ok p=0.99707
Q63:	|-....... +....... ........ ........| ok p=1
Q64:	|+....... +....... ........ ........|
Best path: totcompl=16 tottunnel=65, totcond=366, p=0.0476004
Best paths: 2
Q-3:	|11100011 11110101 11001110 11111001|
Q-2:	|01111011 00111011 00110001 11000101|
Q-1:	|00010010 11001011 10000100 11101100|
Q0:	|01110101 01110001 01000011 01111000| ok p=1
Q1:	|......0. ........ ........ ........| ok p=1
Q2:	|.....00. ........ ........ ........| ok p=1
Q3:	|!...^0+. ........ ........ ........| ok p=1
Q4:	|....+--. ........ ........ ........| ok p=1
Q5:	|....0+-. ........ ........ ........| ok p=1
Q6:	|....+--. ........ ........ ........| ok p=1
Q7:	|....0+-. ........ ........ ........| ok p=1
Q8:	|...^+--. ........ ........ ........| ok p=1
Q9:	|...+---. ........ ..1..... ........| ok p=1
Q10:	|...00+-. 1010.110 ..0^^.0. 11001...| ok p=1
Q11:	|...010+^ 0101^000 00+--^1^ 1111111.| ok p=1
Q12:	|.^.0.+1- -------+ 11110+++ +++++00.| ok p=1
Q13:	|!+.-.0-1 ----00-- ---00111 -+++++-.| ok p=1
Q14:	|.0^0.100 ....0+.0 001..000 0...010.| ok p=1
Q15:	|01-1..00 1111.-00 110..... 1111+0-.| ok p=0.988281
Q16:	|..-....- .....-.. ........ ......0.| ok p=0.589844
Q17:	|-.0..... .....10. ...0.... ....^.+.| ok p=0.998047
Q18:	|-.1....^ .....01. ...1.... .0......| ok p=0.723633
Q19:	|+....... ......+. ...+.... .1....^.| ok p=0.867188
Q20:	|+....... ........ ........ .-......| ok p=1
Q21:	|+....0.. ......^. ...^.... ........| ok p=1
Q22:	|+....1.. ........ ........ .^......| ok p=0.519531
Q23:	|1....+.. ........ ........ ........| ok p=1
Q24:	|0....... ........ .......0 ........| ok p=1
Q25:	|.....^.. ........ .......1 ........| ok p=0.518555
Q26:	|........ ........ .......- ........| ok p=0.987305
Q27:	|........ ........ ........ ........| ok p=1
Q28:	|........ ........ .......^ ........| ok p=1
Q29:	|........ ........ ........ ........| ok p=1
Q30:	|........ ........ ........ ........| ok p=1
Q31:	|........ ........ ........ ........| ok p=1
Q32:	|........ ........ ........ ........| ok p=1
Q33:	|........ ........ ........ ........| ok p=1
Q34:	|........ ........ ........ ........| ok p=1
Q35:	|........ ........ ........ ........| ok p=1
Q36:	|........ ........ ........ ........| ok p=1
Q37:	|........ ........ ........ ........| ok p=1
Q38:	|........ ........ ........ ........| ok p=1
Q39:	|........ ........ ........ ........| ok p=1
Q40:	|........ ........ ........ ........| ok p=1
Q41:	|........ ........ ........ ........| ok p=1
Q42:	|........ ........ ........ ........| ok p=1
Q43:	|........ ........ ........ ........| ok p=1
Q44:	|........ ........ ........ ........| ok p=1
Q45:	|........ ........ ........ ........| ok p=1
Q46:	|0....... ........ ........ ........| ok p=1
Q47:	|1....... ........ ........ ........| ok p=0.519531
Q48:	|+....... ........ ........ ........| ok p=1
Q49:	|-....... ........ ........ ........| ok p=1
Q50:	|-....... ........ ........ ........| ok p=1
Q51:	|-....... ........ ........ ........| ok p=1
Q52:	|-....... ........ ........ ........| ok p=1
Q53:	|-....... ........ ........ ........| ok p=1
Q54:	|-....... ........ ........ ........| ok p=1
Q55:	|-....... ........ ........ ........| ok p=1
Q56:	|-....... ........ ........ ........| ok p=1
Q57:	|-....... ........ ........ ........| ok p=1
Q58:	|-....... ........ ........ ........| ok p=1
Q59:	|-....... ........ ........ ........| ok p=1
Q60:	|-....... ........ ........ ........| ok p=1
Q61:	|-....... 0....... ........ ........| ok p=1
Q62:	|-....... ........ ........ ........| ok p=0.994141
Q63:	|-....... +....... ........ ........| ok p=1
Q64:	|+....... +....... ........ ........|
Best path: totcompl=16 tottunnel=65, totcond=365, p=0.0504711
Best paths: 2
