MD5 differential path toolbox
Copyright (C) 2009 Marc Stevens
http://homepages.cwi.nl/~stevens/

delta_m[2] = [!8!]
In-block prefix words: 0

Parsed path:
Q-3:	|11100011 11110101 11001110 11111001|
Q-2:	|01111011 00111011 00110001 11000101|
Q-1:	|00010010 11001011 10000100 11101100|
Q0:	|01110101 01110001 01000011 01111000| ok p=1
Q1:	|........ ........ ........ ........|
Saving data/path_prefix.bin...done.
Extend MD5 differential paths forward
Copyright (C) 2009 Marc Stevens
http://homepages.cwi.nl/~stevens/

delta_m[2] = [!8!]
Loading data/path_prefix.bin...done: 1.
Estimating maxcond for upper bound 640000 (=160000 * 4)...
t=1:  0%   10   20   30   40   50   60   70   80   90   100%
      |----|----|----|----|----|----|----|----|----|----|
e     ***************************************************
Found maxcond = 2176
t=1:  0%   10   20   30   40   50   60   70   80   90   100%
      |----|----|----|----|----|----|----|----|----|----|
      ***************************************************
Q-3:	|11100011 11110101 11001110 11111001|
Q-2:	|01111011 00111011 00110001 11000101|
Q-1:	|00010010 11001011 10000100 11101100|
Q0:	|01110101 01110001 01000011 01111000| ok p=1
Q1:	|........ ........ ........ ........| ok p=1
Q2:	|........ ........ ........ ........|
Saving 1 paths...done.
Autobalance parameters: maxcond=2176
Verified: 0 bad out of 1
Estimating maxcond for upper bound 640000 (=160000 * 4)...
t=2:  0%   10   20   30   40   50   60   70   80   90   100%
      |----|----|----|----|----|----|----|----|----|----|
e     ***************************************************
Found maxcond = 2176
t=2:  0%   10   20   30   40   50   60   70   80   90   100%
      |----|----|----|----|----|----|----|----|----|----|
      ***************************************************
Q-3:	|11100011 11110101 11001110 11111001|
Q-2:	|01111011 00111011 00110001 11000101|
Q-1:	|00010010 11001011 10000100 11101100|
Q0:	|01110101 01110001 01000011 01111000| ok p=1
Q1:	|........ ........ ........ ........| ok p=1
Q2:	|........ ........ ........ ........| ok p=0.993164
Q3:	|......+. ........ ........ ........|
Saving 1 paths...done.
Autobalance parameters: maxcond=2176
Verified: 0 bad out of 1
Estimating maxcond for upper bound 640000 (=160000 * 4)...
t=3:  0%   10   20   30   40   50   60   70   80   90   100%
      |----|----|----|----|----|----|----|----|----|----|
e     ***************************************************
Found maxcond = 2176
t=3:  0%   10   20   30   40   50   60   70   80   90   100%
      |----|----|----|----|----|----|----|----|----|----|
      ***************************************************
Q-3:	|11100011 11110101 11001110 11111001|
Q-2:	|01111011 00111011 00110001 11000101|
Q-1:	|00010010 11001011 10000100 11101100|
Q0:	|01110101 01110001 01000011 01111000| ok p=1
Q1:	|......V. ........ ........ ........| ok p=1
Q2:	|........ ........ ........ ........| ok p=0.991211
Q3:	|......+. ........ ........ ........| ok p=1
Q4:	|......+. ........ ........ ........|
Saving 5466 paths...done.
Autobalance parameters: maxcond=2176
Verified: 0 bad out of 5466
Estimating maxcond for upper bound 640000 (=160000 * 4)...
t=4:  0%   10   20   30   40   50   60   70   80   90   100%
      |----|----|----|----|----|----|----|----|----|----|
e     ***************************************************
Found maxcond = 154
t=4:  0%   10   20   30   40   50   60   70   80   90   100%
      |----|----|----|----|----|----|----|----|----|----|
      ***************************************************
Q-3:	|11100011 11110101 11001110 11111001|
Q-2:	|01111011 00111011 00110001 11000101|
Q-1:	|00010010 11001011 10000100 11101100|
Q0:	|01110101 01110001 01000011 01111000| ok p=1
Q1:	|......V. ........ ........ ........| ok p=1
Q2:	|......1. ........ ........ ........| ok p=0.996094
Q3:	|......+. ........ ........ ........| ok p=1
Q4:	|......+. ........ ........ ........| ok p=1
Q5:	|......+. ........ ........ ........|
Saving 160000 paths...done.
Autobalance parameters: maxcond=152
Verified: 0 bad out of 280906
Estimating maxcond for upper bound 640000 (=160000 * 4)...
t=5:  0%   10   20   30   40   50   60   70   80   90   100%
      |----|----|----|----|----|----|----|----|----|----|
e     ***************************************************
Found maxcond = 153
t=5:  0%   10   20   30   40   50   60   70   80   90   100%
      |----|----|----|----|----|----|----|----|----|----|
      ***************************************************
Q-3:	|11100011 11110101 11001110 11111001|
Q-2:	|01111011 00111011 00110001 11000101|
Q-1:	|00010010 11001011 10000100 11101100|
Q0:	|01110101 01110001 01000011 01111000| ok p=1
Q1:	|......V. ........ ........ ........| ok p=1
Q2:	|......1. ........ ........ ........| ok p=0.994141
Q3:	|......+. ........ ........ ........| ok p=1
Q4:	|......+. ........ ........ ........| ok p=1
Q5:	|......+. ........ ........ ........| ok p=0.987305
Q6:	|......+. ........ ........ ..+.....|
Saving 160000 paths...done.
Autobalance parameters: maxcond=151
Verified: 0 bad out of 293163
Estimating maxcond for upper bound 640000 (=160000 * 4)...
t=6:  0%   10   20   30   40   50   60   70   80   90   100%
      |----|----|----|----|----|----|----|----|----|----|
e     ***************************************************
Found maxcond = 154
t=6:  0%   10   20   30   40   50   60   70   80   90   100%
      |----|----|----|----|----|----|----|----|----|----|
      ***************************************************
Q-3:	|11100011 11110101 11001110 11111001|
Q-2:	|01111011 00111011 00110001 11000101|
Q-1:	|00010010 11001011 10000100 11101100|
Q0:	|01110101 01110001 01000011 01111000| ok p=1
Q1:	|......V. ........ ........ ........| ok p=1
Q2:	|......1. ........ ........ ........| ok p=0.991211
Q3:	|......+. ........ ........ ........| ok p=1
Q4:	|......+. ........ ........ ..V.....| ok p=1
Q5:	|......+. ........ ........ ........| ok p=0.993164
Q6:	|......+. ........ ........ ..+.....| ok p=0.985352
Q7:	|......+. ........ ....+... ..+.....|
Saving 160000 paths...done.
Autobalance parameters: maxcond=152
Verified: 0 bad out of 280176
Estimating maxcond for upper bound 640000 (=160000 * 4)...
t=7:  0%   10   20   30   40   50   60   70   80   90   100%
      |----|----|----|----|----|----|----|----|----|----|
e     ***************************************************
Found maxcond = 156
t=7:  0%   10   20   30   40   50   60   70   80   90   100%
      |----|----|----|----|----|----|----|----|----|----|
      ***************************************************
Q-3:	|11100011 11110101 11001110 11111001|
Q-2:	|01111011 00111011 00110001 11000101|
Q-1:	|00010010 11001011 10000100 11101100|
Q0:	|01110101 01110001 01000011 01111000| ok p=1
Q1:	|......V. ........ ........ ........| ok p=1
Q2:	|......1. ........ ........ ........| ok p=0.994141
Q3:	|......+. ........ ........ ........| ok p=1
Q4:	|......+. ........ ........ ..V.....| ok p=1
Q5:	|......+. ........ ....V... ..1.....| ok p=0.987305
Q6:	|......+. ........ ........ ..+.....| ok p=0.983398
Q7:	|......+. ........ ....+... ..+.....| ok p=0.975586
Q8:	|......+. .......+ ....+... ..+.....|
Saving 160000 paths...done.
Autobalance parameters: maxcond=153
Verified: 0 bad out of 309866
Estimating maxcond for upper bound 640000 (=160000 * 4)...
t=8:  0%   10   20   30   40   50   60   70   80   90   100%
      |----|----|----|----|----|----|----|----|----|----|
e     ***************************************************
Found maxcond = 158
t=8:  0%   10   20   30   40   50   60   70   80   90   100%
      |----|----|----|----|----|----|----|----|----|----|
      ***************************************************
Q-3:	|11100011 11110101 11001110 11111001|
Q-2:	|01111011 00111011 00110001 11000101|
Q-1:	|00010010 11001011 10000100 11101100|
Q0:	|01110101 01110001 01000011 01111000| ok p=1
Q1:	|......V. ........ ........ ........| ok p=1
Q2:	|.....V0. ........ ........ ........| ok p=0.984375
Q3:	|....V0+. ........ ........ ........| ok p=1
Q4:	|.....+-. ........ ........ ........| ok p=1
Q5:	|....+--. ........ ........ ........| ok p=1
Q6:	|....0+-. ........ ........ ........| ok p=1
Q7:	|....1+-. ........ ........ ........| ok p=1
Q8:	|......+. ........ ........ ........| ok p=0.986328
Q9:	|......+. ........ ........ ......+.|
Saving 160000 paths...done.
Autobalance parameters: maxcond=156
Verified: 0 bad out of 251360
Estimating maxcond for upper bound 640000 (=160000 * 4)...
t=9:  0%   10   20   30   40   50   60   70   80   90   100%
      |----|----|----|----|----|----|----|----|----|----|
e     ***************************************************
Found maxcond = 162
t=9:  0%   10   20   30   40   50   60   70   80   90   100%
      |----|----|----|----|----|----|----|----|----|----|
      ***************************************************
Q-3:	|11100011 11110101 11001110 11111001|
Q-2:	|01111011 00111011 00110001 11000101|
Q-1:	|00010010 11001011 10000100 11101100|
Q0:	|01110101 01110001 01000011 01111000| ok p=1
Q1:	|......V. ........ ........ ........| ok p=1
Q2:	|....VV0. ........ ........ ........| ok p=0.966797
Q3:	|.....0+. ........ ........ ........| ok p=1
Q4:	|....+--. ........ ........ ........| ok p=1
Q5:	|....0+-. ........ ........ ........| ok p=1
Q6:	|....+--. ........ ........ ........| ok p=1
Q7:	|....0+-. ........ ........ ........| ok p=1
Q8:	|....1+-. ........ ........ ........| ok p=1
Q9:	|......+. ........ ........ ........| ok p=0.979492
Q10:	|......+. ........ ........ .+......|
Saving 160000 paths...done.
Autobalance parameters: maxcond=160
Verified: 0 bad out of 270622
Estimating maxcond for upper bound 640000 (=160000 * 4)...
t=10: 0%   10   20   30   40   50   60   70   80   90   100%
      |----|----|----|----|----|----|----|----|----|----|
e     ***************************************************
Found maxcond = 167
t=10: 0%   10   20   30   40   50   60   70   80   90   100%
      |----|----|----|----|----|----|----|----|----|----|
      ***************************************************
Q-3:	|11100011 11110101 11001110 11111001|
Q-2:	|01111011 00111011 00110001 11000101|
Q-1:	|00010010 11001011 10000100 11101100|
Q0:	|01110101 01110001 01000011 01111000| ok p=1
Q1:	|......V. ........ ........ ........| ok p=1
Q2:	|.....V0. ........ ........ ........| ok p=0.981445
Q3:	|....V0+. ........ ........ ........| ok p=1
Q4:	|.....+-. ........ ........ ........| ok p=1
Q5:	|....+--. ........ ........ ........| ok p=1
Q6:	|....0+-. ........ ........ ........| ok p=1
Q7:	|....+--. ........ ........ ........| ok p=1
Q8:	|....0+-. ........ ........ ........| ok p=1
Q9:	|....1+-. ........ ........ ........| ok p=1
Q10:	|......+. ........ ........ ........| ok p=0.984375
Q11:	|......+. ........ ....+... ........|
Saving 160000 paths...done.
Autobalance parameters: maxcond=165
Verified: 0 bad out of 275209
Estimating maxcond for upper bound 640000 (=160000 * 4)...
t=11: 0%   10   20   30   40   50   60   70   80   90   100%
      |----|----|----|----|----|----|----|----|----|----|
e     ***************************************************
Found maxcond = 170
t=11: 0%   10   20   30   40   50   60   70   80   90   100%
      |----|----|----|----|----|----|----|----|----|----|
      ***************************************************
Q-3:	|11100011 11110101 11001110 11111001|
Q-2:	|01111011 00111011 00110001 11000101|
Q-1:	|00010010 11001011 10000100 11101100|
Q0:	|01110101 01110001 01000011 01111000| ok p=1
Q1:	|......V. ........ ........ ........| ok p=1
Q2:	|.....V0. ........ ........ ........| ok p=0.984375
Q3:	|....V0+. ........ ........ ........| ok p=1
Q4:	|.....+-. ........ ........ ........| ok p=1
Q5:	|....+--. ........ ........ ........| ok p=1
Q6:	|....0+-. ........ ........ ........| ok p=1
Q7:	|....+--. ........ ........ ........| ok p=1
Q8:	|....0+-. ........ ........ ........| ok p=1
Q9:	|....1+-. ........ ....V... ........| ok p=1
Q10:	|......+. ........ ........ ........| ok p=0.986328
Q11:	|.....1+. ........ ....+... ........| ok p=0.992188
Q12:	|......+. ........ +...+... ........|
Saving 160000 paths...done.
Autobalance parameters: maxcond=168
Verified: 0 bad out of 248728
Runtime: 15.7001
