MD5 differential path toolbox
Copyright (C) 2009 Marc Stevens
http://homepages.cwi.nl/~stevens/

delta_m[2] = [!8!]
In-block prefix words: 0

Parsed path:
Q-3:	|+0111010 00001011 00111101 00001010|
Q-2:	|-0111011 01001100 10001010 00000000|
Q-1:	|+111101- +1101000 11000101 00000011|
Q0:	|-0001100 -1111001 01101111 10111011| ok p=0.0693359
Q1:	|+....... -....... ........ .+......|
Saving data/path_2nc.bin...done.
Extend MD5 differential paths forward
Copyright (C) 2009 Marc Stevens
http://homepages.cwi.nl/~stevens/

delta_m[2] = [!8!]
Loading data/path_2nc.bin...done: 1.
Estimating maxcond for upper bound 640000 (=160000 * 4)...
t=1:  0%   10   20   30   40   50   60   70   80   90   100%
      |----|----|----|----|----|----|----|----|----|----|
e     ***************************************************
Found maxcond = 2176
t=1:  0%   10   20   30   40   50   60   70   80   90   100%
      |----|----|----|----|----|----|----|----|----|----|
      ***************************************************
Q-3:	|+0111010 00001011 00111101 00001010|
Q-2:	|-0111011 01001100 10001010 00000000|
Q-1:	|+111101- +1101000 11000101 00000011|
Q0:	|-0001100 -1111001 01101111 10111011| ok p=0.0800781
Q1:	|+......1 -....... ........ .+......| ok p=0.506836
Q2:	|+....... -....... ....+... .+......|
Saving 10 paths...done.
Autobalance parameters: maxcond=2176
Verified: 0 bad out of 10
Estimating maxcond for upper bound 640000 (=160000 * 4)...
t=2:  0%   10   20   30   40   50   60   70   80   90   100%
      |----|----|----|----|----|----|----|----|----|----|
e     ***************************************************
Found maxcond = 2176
t=2:  0%   10   20   30   40   50   60   70   80   90   100%
      |----|----|----|----|----|----|----|----|----|----|
      ***************************************************
Q-3:	|+0111010 00001011 00111101 00001010|
Q-2:	|-0111011 01001100 10001010 00000000|
Q-1:	|+111101- +1101000 11000101 00000011|
Q0:	|-0001100 -1111001 01101111 10111011| ok p=0.0791016
Q1:	|-......1 -....... ....1... .+......| ok p=0.50293
Q2:	|+....... -....... ....+... .+......| ok p=0.980469
Q3:	|+.....+. ........ ....+.-. .+......|
Saving 2544 paths...done.
Autobalance parameters: maxcond=2176
Verified: 264 bad out of 2808
Estimating maxcond for upper bound 640000 (=160000 * 4)...
t=3:  0%   10   20   30   40   50   60   70   80   90   100%
      |----|----|----|----|----|----|----|----|----|----|
e     ***************************************************
Found maxcond = 155
t=3:  0%   10   20   30   40   50   60   70   80   90   100%
      |----|----|----|----|----|----|----|----|----|----|
      ***************************************************
Q-3:	|+0111010 00001011 00111101 00001010|
Q-2:	|-0111011 01001100 10001010 00000000|
Q-1:	|+111101- +1101000 11000101 00000011|
Q0:	|-0001100 -1111001 01101111 10111011| ok p=0.0791016
Q1:	|-.....V1 -....... ....1.V. .+......| ok p=0.498047
Q2:	|+....... -....... ....+... .+......| ok p=0.958984
Q3:	|+.....+. ........ ....+.-. .+......| ok p=0.428711
Q4:	|+..+..+. ..+..... .-..+.-. .+......|
Saving 160000 paths...done.
Autobalance parameters: maxcond=153
Verified: 58999 bad out of 326345
Estimating maxcond for upper bound 640000 (=160000 * 4)...
t=4:  0%   10   20   30   40   50   60   70   80   90   100%
      |----|----|----|----|----|----|----|----|----|----|
e     ***************************************************
Found maxcond = 161
t=4:  0%   10   20   30   40   50   60   70   80   90   100%
      |----|----|----|----|----|----|----|----|----|----|
      ***************************************************
Q-3:	|+0111010 00001011 00111101 00001010|
Q-2:	|-0111011 01001100 10001010 00000000|
Q-1:	|+111101- +1101000 11000101 00000011|
Q0:	|-0001100 -1111001 01101111 10111011| ok p=0.078125
Q1:	|-......- +....... ....1... 0+......| ok p=0.444336
Q2:	|-......0 -....... ...V+... +-......| ok p=0.994141
Q3:	|+......1 +....... ....+... --......| ok p=0.99707
Q4:	|+....... +....... ...--... --......| ok p=0.394531
Q5:	|.+...... +....+.. ..-.+... -.......|
Saving 160000 paths...done.
Autobalance parameters: maxcond=160
Verified: 3005 bad out of 213282
Estimating maxcond for upper bound 640000 (=160000 * 4)...
t=5:  0%   10   20   30   40   50   60   70   80   90   100%
      |----|----|----|----|----|----|----|----|----|----|
e     ***************************************************
Found maxcond = 170
t=5:  0%   10   20   30   40   50   60   70   80   90   100%
      |----|----|----|----|----|----|----|----|----|----|
      ***************************************************
Q-3:	|+0111010 00001011 00111101 00001010|
Q-2:	|-0111011 01001100 10001010 00000000|
Q-1:	|+111101- +1101000 11000101 00000011|
Q0:	|-0001100 -1111001 01101111 10111011| ok p=0.0839844
Q1:	|-......- +....... ....1... 0+......| ok p=0.433594
Q2:	|-......0 -....... ...V+... +-......| ok p=0.994141
Q3:	|+V.....1 +....V.. ...1+... --......| ok p=0.994141
Q4:	|+....... +....... ...--... --......| ok p=0.351562
Q5:	|.+...... +....+.. ...--... -.......| ok p=0.99707
Q6:	|.+.....+ .....-.. ..-.+... -.......|
Saving 160000 paths...done.
Autobalance parameters: maxcond=168
Verified: 1542 bad out of 281550
Estimating maxcond for upper bound 640000 (=160000 * 4)...
t=6:  0%   10   20   30   40   50   60   70   80   90   100%
      |----|----|----|----|----|----|----|----|----|----|
e     ***************************************************
Found maxcond = 177
t=6:  0%   10   20   30   40   50   60   70   80   90   100%
      |----|----|----|----|----|----|----|----|----|----|
      ***************************************************
Q-3:	|+0111010 00001011 00111101 00001010|
Q-2:	|-0111011 01001100 10001010 00000000|
Q-1:	|+111101- +1101000 11000101 00000011|
Q0:	|-0001100 -1111001 01101111 10111011| ok p=0.0644531
Q1:	|-......- +....... ....1... 0+......| ok p=0.414062
Q2:	|-......0 -....... ...V+... +-......| ok p=0.989258
Q3:	|+V.....1 +....1.. ...0+... --......| ok p=1
Q4:	|-....... +....0.. ...--... --......| ok p=0.248047
Q5:	|--...... +....+.. ...--... -.......| ok p=0.391602
Q6:	|.0...... .....-.. ...-.... -1......| ok p=0.849609
Q7:	|..-...-. -....-.. ...-..+. -.......|
Saving 160000 paths...done.
Autobalance parameters: maxcond=176
Verified: 348 bad out of 267013
Estimating maxcond for upper bound 640000 (=160000 * 4)...
t=7:  0%   10   20   30   40   50   60   70   80   90   100%
      |----|----|----|----|----|----|----|----|----|----|
e     ***************************************************
Found maxcond = 187
t=7:  0%   10   20   30   40   50   60   70   80   90   100%
      |----|----|----|----|----|----|----|----|----|----|
      ***************************************************
Q-3:	|+0111010 00001011 00111101 00001010|
Q-2:	|-0111011 01001100 10001010 00000000|
Q-1:	|+111101- +1101000 11000101 00000011|
Q0:	|-0001100 -1111001 01101111 10111011| ok p=0.0712891
Q1:	|-......- +....... ....1... 0+......| ok p=0.447266
Q2:	|-......0 -....... ..V.+... +-......| ok p=0.998047
Q3:	|+V.....1 +....1.. ..1.+... --......| ok p=1
Q4:	|+......1 +....0.. ..-.+... --......| ok p=0.37207
Q5:	|.+V....0 +....+.. ..-.+... -.......| ok p=0.75
Q6:	|00.....+ +....-.. ..-.+... -1......| ok p=1
Q7:	|.1-....- .....-.. ..-.+... -.......| ok p=0.331055
Q8:	|+..+...- ..-..-.. ..+.+... -..-.+..|
Saving 160000 paths...done.
Autobalance parameters: maxcond=186
Verified: 2344 bad out of 213853
Estimating maxcond for upper bound 640000 (=160000 * 4)...
t=8:  0%   10   20   30   40   50   60   70   80   90   100%
      |----|----|----|----|----|----|----|----|----|----|
e     ***************************************************
Found maxcond = 200
t=8:  0%   10   20   30   40   50   60   70   80   90   100%
      |----|----|----|----|----|----|----|----|----|----|
      ***************************************************
Q-3:	|+0111010 00001011 00111101 00001010|
Q-2:	|-0111011 01001100 10001010 00000000|
Q-1:	|+111101- +1101000 11000101 00000011|
Q0:	|-0001100 -1111001 01101111 10111011| ok p=0.0947266
Q1:	|-......- +....... ....1... 0+......| ok p=0.421875
Q2:	|-......0 -....... ...V+... +-......| ok p=0.994141
Q3:	|+V.....1 +....1.. ..V.+... --......| ok p=1
Q4:	|-......1 +....0.. ...--... --......| ok p=0.272461
Q5:	|--.....0 +....+.. ..-0+... -.......| ok p=0.391602
Q6:	|.0.V...+ 1....-.. ..0-0... -1..V...| ok p=1
Q7:	|01.....- -....-.. ..1-0... -.......| ok p=0.669922
Q8:	|.-.-...- -....-.. ...+.... -...-...| ok p=0.743164
Q9:	|...-..-. +.-.+... -..+.... -...-...|
Saving 160000 paths...done.
Autobalance parameters: maxcond=199
Verified: 2754 bad out of 196269
Estimating maxcond for upper bound 640000 (=160000 * 4)...
t=9:  0%   10   20   30   40   50   60   70   80   90   100%
      |----|----|----|----|----|----|----|----|----|----|
e     ***************************************************
Found maxcond = 212
t=9:  0%   10   20   30   40   50   60   70   80   90   100%
      |----|----|----|----|----|----|----|----|----|----|
      ***************************************************
Q-3:	|+0111010 00001011 00111101 00001010|
Q-2:	|-0111011 01001100 10001010 00000000|
Q-1:	|+111101- +1101000 11000101 00000011|
Q0:	|-0001100 -1111001 01101111 10111011| ok p=0.0673828
Q1:	|-......- +....... ....1... 0+......| ok p=0.421875
Q2:	|-......0 -....... ..V.+... +-......| ok p=0.99707
Q3:	|+V.....1 +....1.. ..1.+... --......| ok p=1
Q4:	|-......1 +....0.. ..-0+... --......| ok p=0.25293
Q5:	|--.....0 +....+.. ..-1+... -.......| ok p=0.424805
Q6:	|.0.1...+ +....-.. .0-+.... -1..V...| ok p=1
Q7:	|01.0...- .....-.. .1.-0... -.......| ok p=0.608398
Q8:	|.-.-...- 0....-.. .+0-.... -...-...| ok p=0.455078
Q9:	|.+.-...- ........ .-.-.... -...0...| ok p=0.322266
Q10:	|.-.-...+ ...-.... -.+.+.+. +...+...|
Saving 160000 paths...done.
Autobalance parameters: maxcond=210
Verified: 2491 bad out of 290456
Estimating maxcond for upper bound 640000 (=160000 * 4)...
t=10: 0%   10   20   30   40   50   60   70   80   90   100%
      |----|----|----|----|----|----|----|----|----|----|
e     ***************************************************
Found maxcond = 223
t=10: 0%   10   20   30   40   50   60   70   80   90   100%
      |----|----|----|----|----|----|----|----|----|----|
      ***************************************************
Q-3:	|+0111010 00001011 00111101 00001010|
Q-2:	|-0111011 01001100 10001010 00000000|
Q-1:	|+111101- +1101000 11000101 00000011|
Q0:	|-0001100 -1111001 01101111 10111011| ok p=0.0693359
Q1:	|-......- +....... ....1... 0+......| ok p=0.435547
Q2:	|-......0 -....... ..V.+... +-......| ok p=0.995117
Q3:	|+V.....1 +....1.. ..1.+... --......| ok p=1
Q4:	|-......1 +....0.. ..-1+... --......| ok p=0.244141
Q5:	|--.....0 +....+.. ..-0+... -.......| ok p=0.359375
Q6:	|.0.V...+ +....-.. .0.-.... -1..V...| ok p=1
Q7:	|01.1...- ....0-.. .11-0... -...1...| ok p=0.75293
Q8:	|.-.-...- 1...1-.. .+.-.... -...-...| ok p=0.766602
Q9:	|.0.-...- ....+... .-.-.... -...-...| ok p=0.994141
Q10:	|.1.-...+ ....-1.. .-.-.... -.......| ok p=0.698242
Q11:	|.-.-...- ..-.+... -..+.-.. -...+...|
Saving 160000 paths...done.
Autobalance parameters: maxcond=221
Verified: 24456 bad out of 304307
Estimating maxcond for upper bound 640000 (=160000 * 4)...
t=11: 0%   10   20   30   40   50   60   70   80   90   100%
      |----|----|----|----|----|----|----|----|----|----|
e     ***************************************************
Found maxcond = 234
t=11: 0%   10   20   30   40   50   60   70   80   90   100%
      |----|----|----|----|----|----|----|----|----|----|
      ***************************************************
Q-3:	|+0111010 00001011 00111101 00001010|
Q-2:	|-0111011 01001100 10001010 00000000|
Q-1:	|+111101- +1101000 11000101 00000011|
Q0:	|-0001100 -1111001 01101111 10111011| ok p=0.0839844
Q1:	|-......- +....... ....1... 0+......| ok p=0.438477
Q2:	|-......0 -....... ..V.+... +-......| ok p=0.996094
Q3:	|+V.....1 +....1.. ..1.+... --......| ok p=1
Q4:	|-......1 +....0.. ..-0+... --......| ok p=0.239258
Q5:	|--.....0 +....+.. ..-1+... -.......| ok p=0.407227
Q6:	|.0.1...+ +....-.. .0-+.... -1..V...| ok p=1
Q7:	|01V0...- ...V.-.. .1.-0... -.......| ok p=0.524414
Q8:	|.-.-...- 0....-.. .+1-.... -...-...| ok p=0.447266
Q9:	|.0++...- ...+.... .-.-.V.. -...0...| ok p=0.506836
Q10:	|.-1-...+ ...0.0.. .-.-.... -...+...| ok p=0.435547
Q11:	|.+++...- ...-.... ...-.-.. -...-...| ok p=0.414062
Q12:	|.+.-.-.+ ..-..+.. .-.-..-. +..-....|
Saving 160000 paths...done.
Autobalance parameters: maxcond=233
Verified: 9255 bad out of 225224
Runtime: 22.5371
