Extend MD5 differential paths backward
Copyright (C) 2009 Marc Stevens
http://homepages.cwi.nl/~stevens/

delta_m[11] = [!3!]
Loading workdir2/upperpath.bin.gz...done: 1.
Estimating maxcond for upper bound 262144 (=65536 * 4)...
t=34: 0%   10   20   30   40   50   60   70   80   90   100%
      |----|----|----|----|----|----|----|----|----|----|
e     ***************************************************
Found maxcond = 2176
t=34: 0%   10   20   30   40   50   60   70   80   90   100%
      |----|----|----|----|----|----|----|----|----|----|
      ***************************************************
Q31:	|........ ........ ........ ....-...|
Q32:	|........ ........ ........ ........|
Q33:	|........ ........ ........ ........|
Q34:	|........ ........ ........ ........| ok p=1
Q35:	|........ ........ ........ ........| ok p=1
Q36:	|........ ........ ........ ........| ok p=1
Q37:	|........ ........ ........ ........| ok p=1
Q38:	|........ ........ ........ ........| ok p=1
Q39:	|........ ........ ........ ........| ok p=1
Q40:	|........ ........ ........ ........| ok p=1
Q41:	|........ ........ ........ ........| ok p=1
Q42:	|........ ........ ........ ........| ok p=1
Q43:	|........ ........ ........ ........| ok p=1
Q44:	|........ ........ ........ ........| ok p=1
Q45:	|........ ........ ........ ........| ok p=1
Q46:	|........ ........ ........ ........| ok p=1
Q47:	|........ ........ ........ ........| ok p=1
Q48:	|........ ........ ........ ........| ok p=1
Q49:	|........ ........ ........ ........| ok p=1
Q50:	|........ ........ ........ ........| ok p=1
Q51:	|........ ........ ........ ........| ok p=1
Q52:	|........ ........ ........ ........| ok p=1
Q53:	|........ ........ ........ ........| ok p=1
Q54:	|........ ........ ........ ........| ok p=1
Q55:	|........ ........ ........ ........| ok p=1
Q56:	|........ ........ ........ ........| ok p=1
Q57:	|........ ........ ........ ........| ok p=1
Q58:	|........ ........ ........ ........| ok p=1
Q59:	|........ ........ ........ ........| ok p=1
Q60:	|........ ........ ..0..... ........| ok p=1
Q61:	|........ ........ .10..... ........| ok p=1
Q62:	|........ ........ .0+..... ........| ok p=1
Q63:	|........ ........ .+-..... ........| ok p=1
Q64:	|........ ........ ..+..... .....+..|
Saving 1 paths...done.
Autobalance parameters: maxcond=2176
Verified: 0 bad out of 1
Estimating maxcond for upper bound 262144 (=65536 * 4)...
t=33: 0%   10   20   30   40   50   60   70   80   90   100%
      |----|----|----|----|----|----|----|----|----|----|
e     ***************************************************
Found maxcond = 35
t=33: 0%   10   20   30   40   50   60   70   80   90   100%
      |----|----|----|----|----|----|----|----|----|----|
      ***************************************************
Q30:	|........ ........ ........ ....-...|
Q31:	|........ ........ ........ ....-...|
Q32:	|........ ........ ........ ........|
Q33:	|........ ........ ........ ....!...| ok p=1
Q34:	|........ ........ ........ ........| ok p=1
Q35:	|........ ........ ........ ........| ok p=1
Q36:	|........ ........ ........ ........| ok p=1
Q37:	|........ ........ ........ ........| ok p=1
Q38:	|........ ........ ........ ........| ok p=1
Q39:	|........ ........ ........ ........| ok p=1
Q40:	|........ ........ ........ ........| ok p=1
Q41:	|........ ........ ........ ........| ok p=1
Q42:	|........ ........ ........ ........| ok p=1
Q43:	|........ ........ ........ ........| ok p=1
Q44:	|........ ........ ........ ........| ok p=1
Q45:	|........ ........ ........ ........| ok p=1
Q46:	|........ ........ ........ ........| ok p=1
Q47:	|........ ........ ........ ........| ok p=1
Q48:	|........ ........ ........ ........| ok p=1
Q49:	|........ ........ ........ ........| ok p=1
Q50:	|........ ........ ........ ........| ok p=1
Q51:	|........ ........ ........ ........| ok p=1
Q52:	|........ ........ ........ ........| ok p=1
Q53:	|........ ........ ........ ........| ok p=1
Q54:	|........ ........ ........ ........| ok p=1
Q55:	|........ ........ ........ ........| ok p=1
Q56:	|........ ........ ........ ........| ok p=1
Q57:	|........ ........ ........ ........| ok p=1
Q58:	|........ ........ ........ ........| ok p=1
Q59:	|........ ........ ........ ........| ok p=1
Q60:	|........ ........ ..0..... ........| ok p=1
Q61:	|........ ........ .10..... ........| ok p=1
Q62:	|........ ........ .0+..... ........| ok p=1
Q63:	|........ ........ .+-..... ........| ok p=1
Q64:	|........ ........ ..+..... .....+..|
Saving 65536 paths...done.
Autobalance parameters: maxcond=31
Verified: 0 bad out of 65537
Estimating maxcond for upper bound 262144 (=65536 * 4)...
t=32: 0%   10   20   30   40   50   60   70   80   90   100%
      |----|----|----|----|----|----|----|----|----|----|
e     ***************************************************
Found maxcond = 25
t=32: 0%   10   20   30   40   50   60   70   80   90   100%
      |----|----|----|----|----|----|----|----|----|----|
      ***************************************************
Q29:	|........ ........ ........ ........|
Q30:	|........ ........ ........ ....+...|
Q31:	|........ ........ ........ ....-...|
Q32:	|........ ........ ........ ........| ok p=1
Q33:	|........ ........ ........ ....^...| ok p=1
Q34:	|........ ........ ........ ........| ok p=1
Q35:	|........ ........ ........ ........| ok p=1
Q36:	|........ ........ ........ ........| ok p=1
Q37:	|........ ........ ........ ........| ok p=1
Q38:	|........ ........ ........ ........| ok p=1
Q39:	|........ ........ ........ ........| ok p=1
Q40:	|........ ........ ........ ........| ok p=1
Q41:	|........ ........ ........ ........| ok p=1
Q42:	|........ ........ ........ ........| ok p=1
Q43:	|........ ........ ........ ........| ok p=1
Q44:	|........ ........ ........ ........| ok p=1
Q45:	|........ ........ ........ ........| ok p=1
Q46:	|........ ........ ........ ........| ok p=1
Q47:	|........ ........ ........ ........| ok p=1
Q48:	|........ ........ ........ ........| ok p=1
Q49:	|........ ........ ........ ........| ok p=1
Q50:	|........ ........ ........ ........| ok p=1
Q51:	|........ ........ ........ ........| ok p=1
Q52:	|........ ........ ........ ........| ok p=1
Q53:	|........ ........ ........ ........| ok p=1
Q54:	|........ ........ ........ ........| ok p=1
Q55:	|........ ........ ........ ........| ok p=1
Q56:	|........ ........ ........ ........| ok p=1
Q57:	|........ ........ ........ ........| ok p=1
Q58:	|........ ........ ........ ........| ok p=1
Q59:	|........ ........ ........ ........| ok p=1
Q60:	|........ ........ ..0..... ........| ok p=1
Q61:	|........ ........ .10..... ........| ok p=1
Q62:	|........ ........ .0+..... ........| ok p=1
Q63:	|........ ........ .+-..... ........| ok p=1
Q64:	|........ ........ ..+..... .....+..|
Saving 65536 paths...done.
Autobalance parameters: maxcond=22
Verified: 0 bad out of 120561
Estimating maxcond for upper bound 262144 (=65536 * 4)...
t=31: 0%   10   20   30   40   50   60   70   80   90   100%
      |----|----|----|----|----|----|----|----|----|----|
e     ***************************************************
Found maxcond = 22
t=31: 0%   10   20   30   40   50   60   70   80   90   100%
      |----|----|----|----|----|----|----|----|----|----|
      ***************************************************
Q28:	|........ ........ +....... ....+...|
Q29:	|........ ........ ........ ........|
Q30:	|........ ........ ........ ....-...|
Q31:	|........ ........ ........ ....-...| ok p=1
Q32:	|........ ........ ........ ........| ok p=1
Q33:	|........ ........ ........ ....!...| ok p=1
Q34:	|........ ........ ........ ........| ok p=1
Q35:	|........ ........ ........ ........| ok p=1
Q36:	|........ ........ ........ ........| ok p=1
Q37:	|........ ........ ........ ........| ok p=1
Q38:	|........ ........ ........ ........| ok p=1
Q39:	|........ ........ ........ ........| ok p=1
Q40:	|........ ........ ........ ........| ok p=1
Q41:	|........ ........ ........ ........| ok p=1
Q42:	|........ ........ ........ ........| ok p=1
Q43:	|........ ........ ........ ........| ok p=1
Q44:	|........ ........ ........ ........| ok p=1
Q45:	|........ ........ ........ ........| ok p=1
Q46:	|........ ........ ........ ........| ok p=1
Q47:	|........ ........ ........ ........| ok p=1
Q48:	|........ ........ ........ ........| ok p=1
Q49:	|........ ........ ........ ........| ok p=1
Q50:	|........ ........ ........ ........| ok p=1
Q51:	|........ ........ ........ ........| ok p=1
Q52:	|........ ........ ........ ........| ok p=1
Q53:	|........ ........ ........ ........| ok p=1
Q54:	|........ ........ ........ ........| ok p=1
Q55:	|........ ........ ........ ........| ok p=1
Q56:	|........ ........ ........ ........| ok p=1
Q57:	|........ ........ ........ ........| ok p=1
Q58:	|........ ........ ........ ........| ok p=1
Q59:	|........ ........ ........ ........| ok p=1
Q60:	|........ ........ ..0..... ........| ok p=1
Q61:	|........ ........ .10..... ........| ok p=1
Q62:	|........ ........ .0+..... ........| ok p=1
Q63:	|........ ........ .+-..... ........| ok p=1
Q64:	|........ ........ ..+..... .....+..|
Saving 65536 paths...done.
Autobalance parameters: maxcond=20
Verified: 0 bad out of 114683
Estimating maxcond for upper bound 262144 (=65536 * 4)...
t=30: 0%   10   20   30   40   50   60   70   80   90   100%
      |----|----|----|----|----|----|----|----|----|----|
e     ***************************************************
Found maxcond = 22
t=30: 0%   10   20   30   40   50   60   70   80   90   100%
      |----|----|----|----|----|----|----|----|----|----|
      ***************************************************
Q27:	|........ .-...... ........ ........|
Q28:	|........ ........ +....... ....-...|
Q29:	|........ ........ ........ ....0...|
Q30:	|........ ........ ^....... ....+...| ok p=1
Q31:	|........ ........ ........ ....-...| ok p=1
Q32:	|........ ........ ........ ........| ok p=1
Q33:	|........ ........ ........ ....^...| ok p=1
Q34:	|........ ........ ........ ........| ok p=1
Q35:	|........ ........ ........ ........| ok p=1
Q36:	|........ ........ ........ ........| ok p=1
Q37:	|........ ........ ........ ........| ok p=1
Q38:	|........ ........ ........ ........| ok p=1
Q39:	|........ ........ ........ ........| ok p=1
Q40:	|........ ........ ........ ........| ok p=1
Q41:	|........ ........ ........ ........| ok p=1
Q42:	|........ ........ ........ ........| ok p=1
Q43:	|........ ........ ........ ........| ok p=1
Q44:	|........ ........ ........ ........| ok p=1
Q45:	|........ ........ ........ ........| ok p=1
Q46:	|........ ........ ........ ........| ok p=1
Q47:	|........ ........ ........ ........| ok p=1
Q48:	|........ ........ ........ ........| ok p=1
Q49:	|........ ........ ........ ........| ok p=1
Q50:	|........ ........ ........ ........| ok p=1
Q51:	|........ ........ ........ ........| ok p=1
Q52:	|........ ........ ........ ........| ok p=1
Q53:	|........ ........ ........ ........| ok p=1
Q54:	|........ ........ ........ ........| ok p=1
Q55:	|........ ........ ........ ........| ok p=1
Q56:	|........ ........ ........ ........| ok p=1
Q57:	|........ ........ ........ ........| ok p=1
Q58:	|........ ........ ........ ........| ok p=1
Q59:	|........ ........ ........ ........| ok p=1
Q60:	|........ ........ ..0..... ........| ok p=1
Q61:	|........ ........ .10..... ........| ok p=1
Q62:	|........ ........ .0+..... ........| ok p=1
Q63:	|........ ........ .+-..... ........| ok p=1
Q64:	|........ ........ ..+..... .....+..|
Saving 65536 paths...done.
Autobalance parameters: maxcond=19
Verified: 0 bad out of 134907
Runtime: 3.76946
Extend MD5 differential paths backward
Copyright (C) 2009 Marc Stevens
http://homepages.cwi.nl/~stevens/

delta_m[11] = [!3!]
Loading workdir2/paths30_0of1...done: 65536 (work:65536).
Estimating maxcond for upper bound 400000 (=100000 * 4)...
t=29: 0%   10   20   30   40   50   60   70   80   90   100%
      |----|----|----|----|----|----|----|----|----|----|
e     ***************************************************
Found maxcond = 23
t=29: 0%   10   20   30   40   50   60   70   80   90   100%
      |----|----|----|----|----|----|----|----|----|----|
      ***************************************************
Q26:	|.....-.. ........ ........ ....-...|
Q27:	|........ ........ 1....... ....+...|
Q28:	|........ ........ +....... ....+...|
Q29:	|........ ........ ........ ....1...| ok p=0.976562
Q30:	|........ ........ ^....... ....-...| ok p=1
Q31:	|........ ........ ........ ....-...| ok p=1
Q32:	|........ ........ ........ ........| ok p=1
Q33:	|........ ........ ........ ....!...| ok p=1
Q34:	|........ ........ ........ ........| ok p=1
Q35:	|........ ........ ........ ........| ok p=1
Q36:	|........ ........ ........ ........| ok p=1
Q37:	|........ ........ ........ ........| ok p=1
Q38:	|........ ........ ........ ........| ok p=1
Q39:	|........ ........ ........ ........| ok p=1
Q40:	|........ ........ ........ ........| ok p=1
Q41:	|........ ........ ........ ........| ok p=1
Q42:	|........ ........ ........ ........| ok p=1
Q43:	|........ ........ ........ ........| ok p=1
Q44:	|........ ........ ........ ........| ok p=1
Q45:	|........ ........ ........ ........| ok p=1
Q46:	|........ ........ ........ ........| ok p=1
Q47:	|........ ........ ........ ........| ok p=1
Q48:	|........ ........ ........ ........| ok p=1
Q49:	|........ ........ ........ ........| ok p=1
Q50:	|........ ........ ........ ........| ok p=1
Q51:	|........ ........ ........ ........| ok p=1
Q52:	|........ ........ ........ ........| ok p=1
Q53:	|........ ........ ........ ........| ok p=1
Q54:	|........ ........ ........ ........| ok p=1
Q55:	|........ ........ ........ ........| ok p=1
Q56:	|........ ........ ........ ........| ok p=1
Q57:	|........ ........ ........ ........| ok p=1
Q58:	|........ ........ ........ ........| ok p=1
Q59:	|........ ........ ........ ........| ok p=1
Q60:	|........ ........ ..0..... ........| ok p=1
Q61:	|........ ........ .10..... ........| ok p=1
Q62:	|........ ........ .0+..... ........| ok p=1
Q63:	|........ ........ .+-..... ........| ok p=1
Q64:	|........ ........ ..+..... .....+..|
Saving 100000 paths...done.
Autobalance parameters: maxcond=21
Verified: 0 bad out of 158902
Estimating maxcond for upper bound 400000 (=100000 * 4)...
t=28: 0%   10   20   30   40   50   60   70   80   90   100%
      |----|----|----|----|----|----|----|----|----|----|
e     ***************************************************
Found maxcond = 25
t=28: 0%   10   20   30   40   50   60   70   80   90   100%
      |----|----|----|----|----|----|----|----|----|----|
      ***************************************************
Q25:	|.-...... ........ .....-.. ....-...|
Q26:	|.....-.. ........ -....... ....-...|
Q27:	|........ ........ 0....... ....+...|
Q28:	|.....^.. ........ +....... ....+...| ok p=0.777344
Q29:	|........ ........ ........ ....1...| ok p=0.980469
Q30:	|........ ........ ^....... ....-...| ok p=1
Q31:	|........ ........ ........ ....-...| ok p=1
Q32:	|........ ........ ........ ........| ok p=1
Q33:	|........ ........ ........ ....!...| ok p=1
Q34:	|........ ........ ........ ........| ok p=1
Q35:	|........ ........ ........ ........| ok p=1
Q36:	|........ ........ ........ ........| ok p=1
Q37:	|........ ........ ........ ........| ok p=1
Q38:	|........ ........ ........ ........| ok p=1
Q39:	|........ ........ ........ ........| ok p=1
Q40:	|........ ........ ........ ........| ok p=1
Q41:	|........ ........ ........ ........| ok p=1
Q42:	|........ ........ ........ ........| ok p=1
Q43:	|........ ........ ........ ........| ok p=1
Q44:	|........ ........ ........ ........| ok p=1
Q45:	|........ ........ ........ ........| ok p=1
Q46:	|........ ........ ........ ........| ok p=1
Q47:	|........ ........ ........ ........| ok p=1
Q48:	|........ ........ ........ ........| ok p=1
Q49:	|........ ........ ........ ........| ok p=1
Q50:	|........ ........ ........ ........| ok p=1
Q51:	|........ ........ ........ ........| ok p=1
Q52:	|........ ........ ........ ........| ok p=1
Q53:	|........ ........ ........ ........| ok p=1
Q54:	|........ ........ ........ ........| ok p=1
Q55:	|........ ........ ........ ........| ok p=1
Q56:	|........ ........ ........ ........| ok p=1
Q57:	|........ ........ ........ ........| ok p=1
Q58:	|........ ........ ........ ........| ok p=1
Q59:	|........ ........ ........ ........| ok p=1
Q60:	|........ ........ ..0..... ........| ok p=1
Q61:	|........ ........ .10..... ........| ok p=1
Q62:	|........ ........ .0+..... ........| ok p=1
Q63:	|........ ........ .+-..... ........| ok p=1
Q64:	|........ ........ ..+..... .....+..|
Saving 100000 paths...done.
Autobalance parameters: maxcond=23
Verified: 0 bad out of 166941
Estimating maxcond for upper bound 400000 (=100000 * 4)...
t=27: 0%   10   20   30   40   50   60   70   80   90   100%
      |----|----|----|----|----|----|----|----|----|----|
e     ***************************************************
Found maxcond = 28
t=27: 0%   10   20   30   40   50   60   70   80   90   100%
      |----|----|----|----|----|----|----|----|----|----|
      ***************************************************
Q24:	|....+... ........ +....... ........|
Q25:	|.-...1.. ........ .....-.. ........|
Q26:	|.....-.. ........ 0....... ....0...|
Q27:	|.^...... ........ 1....^.. ....1...| ok p=0.966797
Q28:	|.....^.. ........ +....... ....+...| ok p=0.725586
Q29:	|........ ........ ........ ....0...| ok p=0.980469
Q30:	|........ ........ ^....... ....-...| ok p=1
Q31:	|........ ........ ........ ....-...| ok p=1
Q32:	|........ ........ ........ ........| ok p=1
Q33:	|........ ........ ........ ....!...| ok p=1
Q34:	|........ ........ ........ ........| ok p=1
Q35:	|........ ........ ........ ........| ok p=1
Q36:	|........ ........ ........ ........| ok p=1
Q37:	|........ ........ ........ ........| ok p=1
Q38:	|........ ........ ........ ........| ok p=1
Q39:	|........ ........ ........ ........| ok p=1
Q40:	|........ ........ ........ ........| ok p=1
Q41:	|........ ........ ........ ........| ok p=1
Q42:	|........ ........ ........ ........| ok p=1
Q43:	|........ ........ ........ ........| ok p=1
Q44:	|........ ........ ........ ........| ok p=1
Q45:	|........ ........ ........ ........| ok p=1
Q46:	|........ ........ ........ ........| ok p=1
Q47:	|........ ........ ........ ........| ok p=1
Q48:	|........ ........ ........ ........| ok p=1
Q49:	|........ ........ ........ ........| ok p=1
Q50:	|........ ........ ........ ........| ok p=1
Q51:	|........ ........ ........ ........| ok p=1
Q52:	|........ ........ ........ ........| ok p=1
Q53:	|........ ........ ........ ........| ok p=1
Q54:	|........ ........ ........ ........| ok p=1
Q55:	|........ ........ ........ ........| ok p=1
Q56:	|........ ........ ........ ........| ok p=1
Q57:	|........ ........ ........ ........| ok p=1
Q58:	|........ ........ ........ ........| ok p=1
Q59:	|........ ........ ........ ........| ok p=1
Q60:	|........ ........ ..0..... ........| ok p=1
Q61:	|........ ........ .10..... ........| ok p=1
Q62:	|........ ........ .0+..... ........| ok p=1
Q63:	|........ ........ .+-..... ........| ok p=1
Q64:	|........ ........ ..+..... .....+..|
Saving 100000 paths...done.
Autobalance parameters: maxcond=26
Verified: 0 bad out of 183513
Estimating maxcond for upper bound 400000 (=100000 * 4)...
t=26: 0%   10   20   30   40   50   60   70   80   90   100%
      |----|----|----|----|----|----|----|----|----|----|
e     ***************************************************
Found maxcond = 31
t=26: 0%   10   20   30   40   50   60   70   80   90   100%
      |----|----|----|----|----|----|----|----|----|----|
      ***************************************************
Q23:	|........ ........ +..+.... .....+..|
Q24:	|.1...0.. ........ +....1.. ........|
Q25:	|.-...1.. ........ -....-.. ........|
Q26:	|.....-.. ........ -....... ....0...| ok p=0.96582
Q27:	|.^...... ........ +....^.. ....1...| ok p=1
Q28:	|.....^.. ........ +....... ....+...| ok p=0.703125
Q29:	|........ ........ 1....... ....0...| ok p=0.988281
Q30:	|........ ........ 0....... ....-...| ok p=1
Q31:	|........ ........ ........ ....-...| ok p=1
Q32:	|........ ........ ........ ........| ok p=1
Q33:	|........ ........ ........ ....!...| ok p=1
Q34:	|........ ........ ........ ........| ok p=1
Q35:	|........ ........ ........ ........| ok p=1
Q36:	|........ ........ ........ ........| ok p=1
Q37:	|........ ........ ........ ........| ok p=1
Q38:	|........ ........ ........ ........| ok p=1
Q39:	|........ ........ ........ ........| ok p=1
Q40:	|........ ........ ........ ........| ok p=1
Q41:	|........ ........ ........ ........| ok p=1
Q42:	|........ ........ ........ ........| ok p=1
Q43:	|........ ........ ........ ........| ok p=1
Q44:	|........ ........ ........ ........| ok p=1
Q45:	|........ ........ ........ ........| ok p=1
Q46:	|........ ........ ........ ........| ok p=1
Q47:	|........ ........ ........ ........| ok p=1
Q48:	|........ ........ ........ ........| ok p=1
Q49:	|........ ........ ........ ........| ok p=1
Q50:	|........ ........ ........ ........| ok p=1
Q51:	|........ ........ ........ ........| ok p=1
Q52:	|........ ........ ........ ........| ok p=1
Q53:	|........ ........ ........ ........| ok p=1
Q54:	|........ ........ ........ ........| ok p=1
Q55:	|........ ........ ........ ........| ok p=1
Q56:	|........ ........ ........ ........| ok p=1
Q57:	|........ ........ ........ ........| ok p=1
Q58:	|........ ........ ........ ........| ok p=1
Q59:	|........ ........ ........ ........| ok p=1
Q60:	|........ ........ ..0..... ........| ok p=1
Q61:	|........ ........ .10..... ........| ok p=1
Q62:	|........ ........ .0+..... ........| ok p=1
Q63:	|........ ........ .+-..... ........| ok p=1
Q64:	|........ ........ ..+..... .....+..|
Saving 100000 paths...done.
Autobalance parameters: maxcond=29
Verified: 0 bad out of 171863
Estimating maxcond for upper bound 400000 (=100000 * 4)...
t=25: 0%   10   20   30   40   50   60   70   80   90   100%
      |----|----|----|----|----|----|----|----|----|----|
e     ***************************************************
Found maxcond = 36
t=25: 0%   10   20   30   40   50   60   70   80   90   100%
      |----|----|----|----|----|----|----|----|----|----|
      ***************************************************
Q22:	|........ ..+...-. ........ ......+.|
Q23:	|.0...... ........ +..+.+.. .....+..|
Q24:	|.1...0.. ........ +....0.. ........|
Q25:	|.-...1.. ........ -..^.-.. .....^..| ok p=0.773438
Q26:	|.....-.. ........ -....... ....0...| ok p=0.976562
Q27:	|.^...... ........ +....^.. ....1...| ok p=1
Q28:	|.....^.. ........ +....... ....+...| ok p=0.733398
Q29:	|........ ........ 1....... ....0...| ok p=0.990234
Q30:	|........ ........ 0....... ....-...| ok p=1
Q31:	|........ ........ ........ ....-...| ok p=1
Q32:	|........ ........ ........ ........| ok p=1
Q33:	|........ ........ ........ ....!...| ok p=1
Q34:	|........ ........ ........ ........| ok p=1
Q35:	|........ ........ ........ ........| ok p=1
Q36:	|........ ........ ........ ........| ok p=1
Q37:	|........ ........ ........ ........| ok p=1
Q38:	|........ ........ ........ ........| ok p=1
Q39:	|........ ........ ........ ........| ok p=1
Q40:	|........ ........ ........ ........| ok p=1
Q41:	|........ ........ ........ ........| ok p=1
Q42:	|........ ........ ........ ........| ok p=1
Q43:	|........ ........ ........ ........| ok p=1
Q44:	|........ ........ ........ ........| ok p=1
Q45:	|........ ........ ........ ........| ok p=1
Q46:	|........ ........ ........ ........| ok p=1
Q47:	|........ ........ ........ ........| ok p=1
Q48:	|........ ........ ........ ........| ok p=1
Q49:	|........ ........ ........ ........| ok p=1
Q50:	|........ ........ ........ ........| ok p=1
Q51:	|........ ........ ........ ........| ok p=1
Q52:	|........ ........ ........ ........| ok p=1
Q53:	|........ ........ ........ ........| ok p=1
Q54:	|........ ........ ........ ........| ok p=1
Q55:	|........ ........ ........ ........| ok p=1
Q56:	|........ ........ ........ ........| ok p=1
Q57:	|........ ........ ........ ........| ok p=1
Q58:	|........ ........ ........ ........| ok p=1
Q59:	|........ ........ ........ ........| ok p=1
Q60:	|........ ........ ..0..... ........| ok p=1
Q61:	|........ ........ .10..... ........| ok p=1
Q62:	|........ ........ .0+..... ........| ok p=1
Q63:	|........ ........ .+-..... ........| ok p=1
Q64:	|........ ........ ..+..... .....+..|
Saving 100000 paths...done.
Autobalance parameters: maxcond=35
Verified: 0 bad out of 140035
Estimating maxcond for upper bound 400000 (=100000 * 4)...
t=24: 0%   10   20   30   40   50   60   70   80   90   100%
      |----|----|----|----|----|----|----|----|----|----|
e     ***************************************************
Found maxcond = 44
t=24: 0%   10   20   30   40   50   60   70   80   90   100%
      |----|----|----|----|----|----|----|----|----|----|
      ***************************************************
Q21:	|......-. ........ -...-... ..-.....|
Q22:	|........ ..+...-. ...1.... .....1+.|
Q23:	|.0...... ........ +..+.0.. .....+..|
Q24:	|.1...0.. ..^...^. +....1.. ......^.| ok p=0.707031
Q25:	|.-...1.. ........ -..^.-.. .....^..| ok p=0.757812
Q26:	|.....-.. ........ -....... ....0...| ok p=0.963867
Q27:	|.^...... ........ +....^.. ....1...| ok p=1
Q28:	|.....^.. ........ +....... ....+...| ok p=0.732422
Q29:	|........ ........ 1....... ....0...| ok p=0.986328
Q30:	|........ ........ 0....... ....-...| ok p=1
Q31:	|........ ........ ........ ....-...| ok p=1
Q32:	|........ ........ ........ ........| ok p=1
Q33:	|........ ........ ........ ....!...| ok p=1
Q34:	|........ ........ ........ ........| ok p=1
Q35:	|........ ........ ........ ........| ok p=1
Q36:	|........ ........ ........ ........| ok p=1
Q37:	|........ ........ ........ ........| ok p=1
Q38:	|........ ........ ........ ........| ok p=1
Q39:	|........ ........ ........ ........| ok p=1
Q40:	|........ ........ ........ ........| ok p=1
Q41:	|........ ........ ........ ........| ok p=1
Q42:	|........ ........ ........ ........| ok p=1
Q43:	|........ ........ ........ ........| ok p=1
Q44:	|........ ........ ........ ........| ok p=1
Q45:	|........ ........ ........ ........| ok p=1
Q46:	|........ ........ ........ ........| ok p=1
Q47:	|........ ........ ........ ........| ok p=1
Q48:	|........ ........ ........ ........| ok p=1
Q49:	|........ ........ ........ ........| ok p=1
Q50:	|........ ........ ........ ........| ok p=1
Q51:	|........ ........ ........ ........| ok p=1
Q52:	|........ ........ ........ ........| ok p=1
Q53:	|........ ........ ........ ........| ok p=1
Q54:	|........ ........ ........ ........| ok p=1
Q55:	|........ ........ ........ ........| ok p=1
Q56:	|........ ........ ........ ........| ok p=1
Q57:	|........ ........ ........ ........| ok p=1
Q58:	|........ ........ ........ ........| ok p=1
Q59:	|........ ........ ........ ........| ok p=1
Q60:	|........ ........ ..0..... ........| ok p=1
Q61:	|........ ........ .10..... ........| ok p=1
Q62:	|........ ........ .0+..... ........| ok p=1
Q63:	|........ ........ .+-..... ........| ok p=1
Q64:	|........ ........ ..+..... .....+..|
Saving 100000 paths...done.
Autobalance parameters: maxcond=43
Verified: 16 bad out of 138468
Estimating maxcond for upper bound 400000 (=100000 * 4)...
t=23: 0%   10   20   30   40   50   60   70   80   90   100%
      |----|----|----|----|----|----|----|----|----|----|
e     ***************************************************
Found maxcond = 53
t=23: 0%   10   20   30   40   50   60   70   80   90   100%
      |----|----|----|----|----|----|----|----|----|----|
      ***************************************************
Q20:	|.-.....- ........ ....-... ........|
Q21:	|........ ..1...1. ...0.... .1-...1.|
Q22:	|.+...... ..+...-. ...1.... .+....+.|
Q23:	|.+...... ........ ...+.0.. ..^.....| ok p=0.533203
Q24:	|.-...0.. ..^...^. 0....1.. .^....^.| ok p=1
Q25:	|.-...1.. ........ ...^.-.. ........| ok p=0.771484
Q26:	|.1...-.. .......0 +....... ....0...| ok p=1
Q27:	|.0...... .......1 +....^.. ....1...| ok p=1
Q28:	|.....^.. .......+ -....... ....+...| ok p=0.717773
Q29:	|........ ........ 0....... ....0...| ok p=0.983398
Q30:	|........ .......^ 1....... ....-...| ok p=1
Q31:	|........ ........ ........ ....-...| ok p=1
Q32:	|........ ........ ........ ........| ok p=1
Q33:	|........ ........ ........ ....!...| ok p=1
Q34:	|........ ........ ........ ........| ok p=1
Q35:	|........ ........ ........ ........| ok p=1
Q36:	|........ ........ ........ ........| ok p=1
Q37:	|........ ........ ........ ........| ok p=1
Q38:	|........ ........ ........ ........| ok p=1
Q39:	|........ ........ ........ ........| ok p=1
Q40:	|........ ........ ........ ........| ok p=1
Q41:	|........ ........ ........ ........| ok p=1
Q42:	|........ ........ ........ ........| ok p=1
Q43:	|........ ........ ........ ........| ok p=1
Q44:	|........ ........ ........ ........| ok p=1
Q45:	|........ ........ ........ ........| ok p=1
Q46:	|........ ........ ........ ........| ok p=1
Q47:	|........ ........ ........ ........| ok p=1
Q48:	|........ ........ ........ ........| ok p=1
Q49:	|........ ........ ........ ........| ok p=1
Q50:	|........ ........ ........ ........| ok p=1
Q51:	|........ ........ ........ ........| ok p=1
Q52:	|........ ........ ........ ........| ok p=1
Q53:	|........ ........ ........ ........| ok p=1
Q54:	|........ ........ ........ ........| ok p=1
Q55:	|........ ........ ........ ........| ok p=1
Q56:	|........ ........ ........ ........| ok p=1
Q57:	|........ ........ ........ ........| ok p=1
Q58:	|........ ........ ........ ........| ok p=1
Q59:	|........ ........ ........ ........| ok p=1
Q60:	|........ ........ ..0..... ........| ok p=1
Q61:	|........ ........ .10..... ........| ok p=1
Q62:	|........ ........ .0+..... ........| ok p=1
Q63:	|........ ........ .+-..... ........| ok p=1
Q64:	|........ ........ ..+..... .....+..|
Saving 100000 paths...done.
Autobalance parameters: maxcond=52
Verified: 0 bad out of 109860
Estimating maxcond for upper bound 400000 (=100000 * 4)...
t=22: 0%   10   20   30   40   50   60   70   80   90   100%
      |----|----|----|----|----|----|----|----|----|----|
e     ***************************************************
Found maxcond = 60
t=22: 0%   10   20   30   40   50   60   70   80   90   100%
      |----|----|----|----|----|----|----|----|----|----|
      ***************************************************
Q19:	|.+.....- ....-... ........ -...+...|
Q20:	|......1- ..-...+. ........ .01...-.|
Q21:	|......-. ..0...0. ...0.... .1-...0.|
Q22:	|.......^ ..+...-. ...1.... .+....+.| ok p=0.798828
Q23:	|.0....^. ........ ...+.0.. ..^.....| ok p=0.993164
Q24:	|.1...0.. ..^...^. 0....1.. .^....^.| ok p=0.71875
Q25:	|.-...1.. ........ ...^.-.. ........| ok p=0.760742
Q26:	|.....-.. .......0 +....... ....0...| ok p=0.97168
Q27:	|.^...... .......1 +....^.. ....1...| ok p=1
Q28:	|.....^.. .......+ -....... ....+...| ok p=0.716797
Q29:	|........ ........ 0....... ....0...| ok p=0.982422
Q30:	|........ .......^ 1....... ....-...| ok p=1
Q31:	|........ ........ ........ ....-...| ok p=1
Q32:	|........ ........ ........ ........| ok p=1
Q33:	|........ ........ ........ ....!...| ok p=1
Q34:	|........ ........ ........ ........| ok p=1
Q35:	|........ ........ ........ ........| ok p=1
Q36:	|........ ........ ........ ........| ok p=1
Q37:	|........ ........ ........ ........| ok p=1
Q38:	|........ ........ ........ ........| ok p=1
Q39:	|........ ........ ........ ........| ok p=1
Q40:	|........ ........ ........ ........| ok p=1
Q41:	|........ ........ ........ ........| ok p=1
Q42:	|........ ........ ........ ........| ok p=1
Q43:	|........ ........ ........ ........| ok p=1
Q44:	|........ ........ ........ ........| ok p=1
Q45:	|........ ........ ........ ........| ok p=1
Q46:	|........ ........ ........ ........| ok p=1
Q47:	|........ ........ ........ ........| ok p=1
Q48:	|........ ........ ........ ........| ok p=1
Q49:	|........ ........ ........ ........| ok p=1
Q50:	|........ ........ ........ ........| ok p=1
Q51:	|........ ........ ........ ........| ok p=1
Q52:	|........ ........ ........ ........| ok p=1
Q53:	|........ ........ ........ ........| ok p=1
Q54:	|........ ........ ........ ........| ok p=1
Q55:	|........ ........ ........ ........| ok p=1
Q56:	|........ ........ ........ ........| ok p=1
Q57:	|........ ........ ........ ........| ok p=1
Q58:	|........ ........ ........ ........| ok p=1
Q59:	|........ ........ ........ ........| ok p=1
Q60:	|........ ........ ..0..... ........| ok p=1
Q61:	|........ ........ .10..... ........| ok p=1
Q62:	|........ ........ .0+..... ........| ok p=1
Q63:	|........ ........ .+-..... ........| ok p=1
Q64:	|........ ........ ..+..... .....+..|
Saving 100000 paths...done.
Autobalance parameters: maxcond=59
Verified: 0 bad out of 125095
Estimating maxcond for upper bound 400000 (=100000 * 4)...
t=21: 0%   10   20   30   40   50   60   70   80   90   100%
      |----|----|----|----|----|----|----|----|----|----|
e     ***************************************************
Found maxcond = 71
t=21: 0%   10   20   30   40   50   60   70   80   90   100%
      |----|----|----|----|----|----|----|----|----|----|
      ***************************************************
Q18:	|.+.-...+ .......+ ..+..... -..-....|
Q19:	|......0+ ....-... ........ .--.+...|
Q20:	|......0- ..0...0. ...-.... .00...0.|
Q21:	|......-1 ..1.^.1. ...-.... .1-.^.1.| ok p=0.793945
Q22:	|.......^ ..+...-. ...+.... .+....+.| ok p=0.992188
Q23:	|.0....^. ........ ...+.0.. ..^.....| ok p=0.996094
Q24:	|.1...0.. ..^...^. 0..1.1.. .^....^.| ok p=0.725586
Q25:	|.-...1.. ........ ...0.-.. ........| ok p=0.782227
Q26:	|.....-.. .......0 +....... ....0...| ok p=0.966797
Q27:	|.^...... .......1 +....^.. ....1...| ok p=1
Q28:	|.....^.. .......+ -....... ....+...| ok p=0.704102
Q29:	|........ ........ 0....... ....0...| ok p=0.985352
Q30:	|........ .......^ 1....... ....-...| ok p=1
Q31:	|........ ........ ........ ....-...| ok p=1
Q32:	|........ ........ ........ ........| ok p=1
Q33:	|........ ........ ........ ....!...| ok p=1
Q34:	|........ ........ ........ ........| ok p=1
Q35:	|........ ........ ........ ........| ok p=1
Q36:	|........ ........ ........ ........| ok p=1
Q37:	|........ ........ ........ ........| ok p=1
Q38:	|........ ........ ........ ........| ok p=1
Q39:	|........ ........ ........ ........| ok p=1
Q40:	|........ ........ ........ ........| ok p=1
Q41:	|........ ........ ........ ........| ok p=1
Q42:	|........ ........ ........ ........| ok p=1
Q43:	|........ ........ ........ ........| ok p=1
Q44:	|........ ........ ........ ........| ok p=1
Q45:	|........ ........ ........ ........| ok p=1
Q46:	|........ ........ ........ ........| ok p=1
Q47:	|........ ........ ........ ........| ok p=1
Q48:	|........ ........ ........ ........| ok p=1
Q49:	|........ ........ ........ ........| ok p=1
Q50:	|........ ........ ........ ........| ok p=1
Q51:	|........ ........ ........ ........| ok p=1
Q52:	|........ ........ ........ ........| ok p=1
Q53:	|........ ........ ........ ........| ok p=1
Q54:	|........ ........ ........ ........| ok p=1
Q55:	|........ ........ ........ ........| ok p=1
Q56:	|........ ........ ........ ........| ok p=1
Q57:	|........ ........ ........ ........| ok p=1
Q58:	|........ ........ ........ ........| ok p=1
Q59:	|........ ........ ........ ........| ok p=1
Q60:	|........ ........ ..0..... ........| ok p=1
Q61:	|........ ........ .10..... ........| ok p=1
Q62:	|........ ........ .0+..... ........| ok p=1
Q63:	|........ ........ .+-..... ........| ok p=1
Q64:	|........ ........ ..+..... .....+..|
Saving 100000 paths...done.
Autobalance parameters: maxcond=70
Verified: 0 bad out of 119286
Runtime: 9.38693
Extend MD5 differential paths backward
Copyright (C) 2009 Marc Stevens
http://homepages.cwi.nl/~stevens/

delta_m[11] = [!3!]
Loading workdir2/paths21_0of1...done: 100000 (work:100000).
Estimating maxcond for upper bound 65536 (=16384 * 4)...
t=20: 0%   10   20   30   40   50   60   70   80   90   100%
      |----|----|----|----|----|----|----|----|----|----|
e     ***************************************************
Found maxcond = 84
t=20: 0%   10   20   30   40   50   60   70   80   90   100%
      |----|----|----|----|----|----|----|----|----|----|
      ***************************************************
Q17:	|.......- ....-... ........ .......-|
Q18:	|.+.-..+. ....1..+ ...+.... -...1...|
Q19:	|.+....0- ....-... ........ -.0.+...|
Q20:	|.0.^..1- ..0...0^ ...^.... 001...0.| ok p=0.984375
Q21:	|.^....-1 ..1.^.1. ...0.... 11-.^.1.| ok p=0.799805
Q22:	|.......^ ..+...-. ...1.... .+....+.| ok p=0.823242
Q23:	|.0....^. ........ ...+.0.. ..^.....| ok p=0.986328
Q24:	|.1...0.. ..^...^. 0....1.. .^....^.| ok p=0.719727
Q25:	|.-...1.. ........ ...^.-.. ........| ok p=0.754883
Q26:	|.....-.. .......0 +....... ....0...| ok p=0.978516
Q27:	|.^...... .......1 +....^.. ....1...| ok p=1
Q28:	|.....^.. .......+ -....... ....+...| ok p=0.732422
Q29:	|........ ........ 0....... ....0...| ok p=0.989258
Q30:	|........ .......^ 1....... ....-...| ok p=1
Q31:	|........ ........ ........ ....-...| ok p=1
Q32:	|........ ........ ........ ........| ok p=1
Q33:	|........ ........ ........ ....!...| ok p=1
Q34:	|........ ........ ........ ........| ok p=1
Q35:	|........ ........ ........ ........| ok p=1
Q36:	|........ ........ ........ ........| ok p=1
Q37:	|........ ........ ........ ........| ok p=1
Q38:	|........ ........ ........ ........| ok p=1
Q39:	|........ ........ ........ ........| ok p=1
Q40:	|........ ........ ........ ........| ok p=1
Q41:	|........ ........ ........ ........| ok p=1
Q42:	|........ ........ ........ ........| ok p=1
Q43:	|........ ........ ........ ........| ok p=1
Q44:	|........ ........ ........ ........| ok p=1
Q45:	|........ ........ ........ ........| ok p=1
Q46:	|........ ........ ........ ........| ok p=1
Q47:	|........ ........ ........ ........| ok p=1
Q48:	|........ ........ ........ ........| ok p=1
Q49:	|........ ........ ........ ........| ok p=1
Q50:	|........ ........ ........ ........| ok p=1
Q51:	|........ ........ ........ ........| ok p=1
Q52:	|........ ........ ........ ........| ok p=1
Q53:	|........ ........ ........ ........| ok p=1
Q54:	|........ ........ ........ ........| ok p=1
Q55:	|........ ........ ........ ........| ok p=1
Q56:	|........ ........ ........ ........| ok p=1
Q57:	|........ ........ ........ ........| ok p=1
Q58:	|........ ........ ........ ........| ok p=1
Q59:	|........ ........ ........ ........| ok p=1
Q60:	|........ ........ ..0..... ........| ok p=1
Q61:	|........ ........ .10..... ........| ok p=1
Q62:	|........ ........ .0+..... ........| ok p=1
Q63:	|........ ........ .+-..... ........| ok p=1
Q64:	|........ ........ ..+..... .....+..|
Saving 16384 paths...done.
Autobalance parameters: maxcond=83
Verified: 0 bad out of 23766
Runtime: 2.45787
Extend MD5 differential paths backward
Copyright (C) 2009 Marc Stevens
http://homepages.cwi.nl/~stevens/

delta_m[11] = [!3!]
Loading workdir2/paths20_0of1...done: 16384 (work:16384).
Estimating maxcond for upper bound 2000000 (=500000 * 4)...
t=19: 0%   10   20   30   40   50   60   70   80   90   100%
      |----|----|----|----|----|----|----|----|----|----|
e     ***************************************************
Found maxcond = 95
t=19: 0%   10   20   30   40   50   60   70   80   90   100%
      |----|----|----|----|----|----|----|----|----|----|
      ***************************************************
Q16:	|.+.....- ....+... -....-.. +.-.....|
Q17:	|...1.... ....0..1 ...1.... ....-..-|
Q18:	|.+.-...+ ....0..+ ...+.... -...0...|
Q19:	|.+....0+ ....-... ........ -.0.+..^| ok p=0.37207
Q20:	|.0.^..0- ..0...0^ ...^.... 001...0.| ok p=1
Q21:	|.^....-1 ..1.^.1. ...0.... 11-.^.1.| ok p=0.801758
Q22:	|.......^ ..+...-. ...1.... .+....+.| ok p=0.817383
Q23:	|.0....^. ........ ...+.0.. ..^.....| ok p=0.993164
Q24:	|.1...0.. ..^...^. 0....1.. .^....^.| ok p=0.734375
Q25:	|.-...1.. ........ ...^.-.. ........| ok p=0.786133
Q26:	|.....-.. .......0 +....... ....0...| ok p=0.96875
Q27:	|.^...... .......1 +....^.. ....1...| ok p=1
Q28:	|.....^.. .......+ -....... ....+...| ok p=0.71582
Q29:	|........ ........ 0....... ....0...| ok p=0.982422
Q30:	|........ .......^ 1....... ....-...| ok p=1
Q31:	|........ ........ ........ ....-...| ok p=1
Q32:	|........ ........ ........ ........| ok p=1
Q33:	|........ ........ ........ ....!...| ok p=1
Q34:	|........ ........ ........ ........| ok p=1
Q35:	|........ ........ ........ ........| ok p=1
Q36:	|........ ........ ........ ........| ok p=1
Q37:	|........ ........ ........ ........| ok p=1
Q38:	|........ ........ ........ ........| ok p=1
Q39:	|........ ........ ........ ........| ok p=1
Q40:	|........ ........ ........ ........| ok p=1
Q41:	|........ ........ ........ ........| ok p=1
Q42:	|........ ........ ........ ........| ok p=1
Q43:	|........ ........ ........ ........| ok p=1
Q44:	|........ ........ ........ ........| ok p=1
Q45:	|........ ........ ........ ........| ok p=1
Q46:	|........ ........ ........ ........| ok p=1
Q47:	|........ ........ ........ ........| ok p=1
Q48:	|........ ........ ........ ........| ok p=1
Q49:	|........ ........ ........ ........| ok p=1
Q50:	|........ ........ ........ ........| ok p=1
Q51:	|........ ........ ........ ........| ok p=1
Q52:	|........ ........ ........ ........| ok p=1
Q53:	|........ ........ ........ ........| ok p=1
Q54:	|........ ........ ........ ........| ok p=1
Q55:	|........ ........ ........ ........| ok p=1
Q56:	|........ ........ ........ ........| ok p=1
Q57:	|........ ........ ........ ........| ok p=1
Q58:	|........ ........ ........ ........| ok p=1
Q59:	|........ ........ ........ ........| ok p=1
Q60:	|........ ........ ..0..... ........| ok p=1
Q61:	|........ ........ .10..... ........| ok p=1
Q62:	|........ ........ .0+..... ........| ok p=1
Q63:	|........ ........ .+-..... ........| ok p=1
Q64:	|........ ........ ..+..... .....+..|
Saving 500000 paths...done.
Autobalance parameters: maxcond=93
Verified: 0 bad out of 934445
Estimating maxcond for upper bound 2000000 (=500000 * 4)...
t=18: 0%   10   20   30   40   50   60   70   80   90   100%
      |----|----|----|----|----|----|----|----|----|----|
e     ***************************************************
Found maxcond = 107
t=18: 0%   10   20   30   40   50   60   70   80   90   100%
      |----|----|----|----|----|----|----|----|----|----|
      ***************************************************
Q15:	|.-.....- ..+....+ .+..-... .-.+.+..|
Q16:	|.+.0.... ....+..- -..-.-.. +......1|
Q17:	|.1.1...+ ....-..0 ...0.... 0...0..-|
Q18:	|.1.-...+ ....1..+ ^..+.^.. -...1...| ok p=0.542969
Q19:	|.+....0- ....-... ........ -.0.+..^| ok p=0.358398
Q20:	|.0.^..1- ..0...0^ ...^.... 001...0.| ok p=1
Q21:	|.1....-0 ..1.^.1. ...0.... 11-.^.1.| ok p=0.802734
Q22:	|.......^ ..+...-. ...1.... .+....+.| ok p=0.795898
Q23:	|.0....^. ........ ...+.0.. ..^.....| ok p=0.992188
Q24:	|.1...0.. ..^...^. 0....1.. .^....^.| ok p=0.724609
Q25:	|.-...1.. ........ ...^.-.. ........| ok p=0.74707
Q26:	|.....-.. .......0 +....... ....0...| ok p=0.951172
Q27:	|.^...... .......1 +....^.. ....1...| ok p=1
Q28:	|.....^.. .......+ -....... ....+...| ok p=0.756836
Q29:	|........ ........ 0....... ....0...| ok p=0.983398
Q30:	|........ .......^ 1....... ....-...| ok p=1
Q31:	|........ ........ ........ ....-...| ok p=1
Q32:	|........ ........ ........ ........| ok p=1
Q33:	|........ ........ ........ ....!...| ok p=1
Q34:	|........ ........ ........ ........| ok p=1
Q35:	|........ ........ ........ ........| ok p=1
Q36:	|........ ........ ........ ........| ok p=1
Q37:	|........ ........ ........ ........| ok p=1
Q38:	|........ ........ ........ ........| ok p=1
Q39:	|........ ........ ........ ........| ok p=1
Q40:	|........ ........ ........ ........| ok p=1
Q41:	|........ ........ ........ ........| ok p=1
Q42:	|........ ........ ........ ........| ok p=1
Q43:	|........ ........ ........ ........| ok p=1
Q44:	|........ ........ ........ ........| ok p=1
Q45:	|........ ........ ........ ........| ok p=1
Q46:	|........ ........ ........ ........| ok p=1
Q47:	|........ ........ ........ ........| ok p=1
Q48:	|........ ........ ........ ........| ok p=1
Q49:	|........ ........ ........ ........| ok p=1
Q50:	|........ ........ ........ ........| ok p=1
Q51:	|........ ........ ........ ........| ok p=1
Q52:	|........ ........ ........ ........| ok p=1
Q53:	|........ ........ ........ ........| ok p=1
Q54:	|........ ........ ........ ........| ok p=1
Q55:	|........ ........ ........ ........| ok p=1
Q56:	|........ ........ ........ ........| ok p=1
Q57:	|........ ........ ........ ........| ok p=1
Q58:	|........ ........ ........ ........| ok p=1
Q59:	|........ ........ ........ ........| ok p=1
Q60:	|........ ........ ..0..... ........| ok p=1
Q61:	|........ ........ .10..... ........| ok p=1
Q62:	|........ ........ .0+..... ........| ok p=1
Q63:	|........ ........ .+-..... ........| ok p=1
Q64:	|........ ........ ..+..... .....+..|
Saving 500000 paths...done.
Autobalance parameters: maxcond=105
Verified: 0 bad out of 927111
Estimating maxcond for upper bound 2000000 (=500000 * 4)...
t=17: 0%   10   20   30   40   50   60   70   80   90   100%
      |----|----|----|----|----|----|----|----|----|----|
e     ***************************************************
Found maxcond = 123
t=17: 0%   10   20   30   40   50   60   70   80   90   100%
      |----|----|----|----|----|----|----|----|----|----|
      ***************************************************
Q14:	|.-..+... .+.-.... .....+.. +..+....|
Q15:	|.-.....- ....0... 1.+..+.. 1.-.--.0|
Q16:	|.+.0...0 ....+..0 -..1.-.. +...-..1|
Q17:	|.-.1...+ ....-..1 ..^1.1.. 0.^.-^.-| ok p=0.390625
Q18:	|.+.-...+ ....1..+ ^..+.0.. -...+...| ok p=0.6875
Q19:	|.+....0- ....-... ........ -.0.+..^| ok p=0.387695
Q20:	|.1.^..1- ..0...0^ ...^.... 001.1.0.| ok p=1
Q21:	|.^....-0 ..1.^.1. ...0.... 11-.0.1.| ok p=0.780273
Q22:	|.......^ ..+...-. ...1.... .+....+.| ok p=0.807617
Q23:	|.0....^. ........ ...+.0.. ..^.....| ok p=0.990234
Q24:	|.1...0.. ..^...^. 0....1.. .^....^.| ok p=0.726562
Q25:	|.-...1.. ........ ...^.-.. ........| ok p=0.761719
Q26:	|.....-.. .......0 +....... ....0...| ok p=0.972656
Q27:	|.^...... .......1 +....^.. ....1...| ok p=1
Q28:	|.....^.. .......+ -....... ....+...| ok p=0.707031
Q29:	|........ ........ 0....... ....0...| ok p=0.985352
Q30:	|........ .......^ 1....... ....-...| ok p=1
Q31:	|........ ........ ........ ....-...| ok p=1
Q32:	|........ ........ ........ ........| ok p=1
Q33:	|........ ........ ........ ....!...| ok p=1
Q34:	|........ ........ ........ ........| ok p=1
Q35:	|........ ........ ........ ........| ok p=1
Q36:	|........ ........ ........ ........| ok p=1
Q37:	|........ ........ ........ ........| ok p=1
Q38:	|........ ........ ........ ........| ok p=1
Q39:	|........ ........ ........ ........| ok p=1
Q40:	|........ ........ ........ ........| ok p=1
Q41:	|........ ........ ........ ........| ok p=1
Q42:	|........ ........ ........ ........| ok p=1
Q43:	|........ ........ ........ ........| ok p=1
Q44:	|........ ........ ........ ........| ok p=1
Q45:	|........ ........ ........ ........| ok p=1
Q46:	|........ ........ ........ ........| ok p=1
Q47:	|........ ........ ........ ........| ok p=1
Q48:	|........ ........ ........ ........| ok p=1
Q49:	|........ ........ ........ ........| ok p=1
Q50:	|........ ........ ........ ........| ok p=1
Q51:	|........ ........ ........ ........| ok p=1
Q52:	|........ ........ ........ ........| ok p=1
Q53:	|........ ........ ........ ........| ok p=1
Q54:	|........ ........ ........ ........| ok p=1
Q55:	|........ ........ ........ ........| ok p=1
Q56:	|........ ........ ........ ........| ok p=1
Q57:	|........ ........ ........ ........| ok p=1
Q58:	|........ ........ ........ ........| ok p=1
Q59:	|........ ........ ........ ........| ok p=1
Q60:	|........ ........ ..0..... ........| ok p=1
Q61:	|........ ........ .10..... ........| ok p=1
Q62:	|........ ........ .0+..... ........| ok p=1
Q63:	|........ ........ .+-..... ........| ok p=1
Q64:	|........ ........ ..+..... .....+..|
Saving 500000 paths...done.
Autobalance parameters: maxcond=122
Verified: 528 bad out of 532461
Estimating maxcond for upper bound 2000000 (=500000 * 4)...
t=16: 0%   10   20   30   40   50   60   70   80   90   100%
      |----|----|----|----|----|----|----|----|----|----|
e     ***************************************************
Found maxcond = 135
t=16: 0%   10   20   30   40   50   60   70   80   90   100%
      |----|----|----|----|----|----|----|----|----|----|
      ***************************************************
Q13:	|....-.-. ....-... -...+... -.+..-..|
Q14:	|.-.....1 -...-... +1...... ..1.11..|
Q15:	|.-.....- ...+.... 0+...-.. +.-.--.0|
Q16:	|.+.0...1 ^..+^..1 -..0.-.. +...1..1| ok p=0.864258
Q17:	|.1.1...+ ...01..1 .^.1.0.. 1.^.0^.-| ok p=0.638672
Q18:	|.1.-...+ ...10..+ ^..+.1.. -...1...| ok p=0.519531
Q19:	|.+....0- ....-... ........ -.0.+..^| ok p=0.334961
Q20:	|.0.^..1- ..0...0^ ...^.... 001...0.| ok p=1
Q21:	|.1....-0 ..1.^.1. ...0.... 11-.^.1.| ok p=0.813477
Q22:	|.......^ ..+...-. ...1.... .+....+.| ok p=0.816406
Q23:	|.0....^. ........ ...+.0.. ..^.....| ok p=0.996094
Q24:	|.1...0.. ..^...^. 0....1.. .^....^.| ok p=0.720703
Q25:	|.-...1.. ........ ...^.-.. ........| ok p=0.744141
Q26:	|.....-.. .......0 +....... ....0...| ok p=0.966797
Q27:	|.^...... .......1 +....^.. ....1...| ok p=1
Q28:	|.....^.. .......+ -....... ....+...| ok p=0.725586
Q29:	|........ ........ 0....... ....0...| ok p=0.989258
Q30:	|........ .......^ 1....... ....-...| ok p=1
Q31:	|........ ........ ........ ....-...| ok p=1
Q32:	|........ ........ ........ ........| ok p=1
Q33:	|........ ........ ........ ....!...| ok p=1
Q34:	|........ ........ ........ ........| ok p=1
Q35:	|........ ........ ........ ........| ok p=1
Q36:	|........ ........ ........ ........| ok p=1
Q37:	|........ ........ ........ ........| ok p=1
Q38:	|........ ........ ........ ........| ok p=1
Q39:	|........ ........ ........ ........| ok p=1
Q40:	|........ ........ ........ ........| ok p=1
Q41:	|........ ........ ........ ........| ok p=1
Q42:	|........ ........ ........ ........| ok p=1
Q43:	|........ ........ ........ ........| ok p=1
Q44:	|........ ........ ........ ........| ok p=1
Q45:	|........ ........ ........ ........| ok p=1
Q46:	|........ ........ ........ ........| ok p=1
Q47:	|........ ........ ........ ........| ok p=1
Q48:	|........ ........ ........ ........| ok p=1
Q49:	|........ ........ ........ ........| ok p=1
Q50:	|........ ........ ........ ........| ok p=1
Q51:	|........ ........ ........ ........| ok p=1
Q52:	|........ ........ ........ ........| ok p=1
Q53:	|........ ........ ........ ........| ok p=1
Q54:	|........ ........ ........ ........| ok p=1
Q55:	|........ ........ ........ ........| ok p=1
Q56:	|........ ........ ........ ........| ok p=1
Q57:	|........ ........ ........ ........| ok p=1
Q58:	|........ ........ ........ ........| ok p=1
Q59:	|........ ........ ........ ........| ok p=1
Q60:	|........ ........ ..0..... ........| ok p=1
Q61:	|........ ........ .10..... ........| ok p=1
Q62:	|........ ........ .0+..... ........| ok p=1
Q63:	|........ ........ .+-..... ........| ok p=1
Q64:	|........ ........ ..+..... .....+..|
Saving 500000 paths...done.
Autobalance parameters: maxcond=134
Verified: 0 bad out of 633017
Runtime: 29.489
