Connect MD5 differential paths
Copyright (C) 2009 Marc Stevens
http://homepages.cwi.nl/~stevens/

delta_m[11] = [!3!]
Loading workdir2/paths16_0of1.bin.gz...done: 500000.
Loading workdir2/paths11_0of1.bin.gz...done: 500000.
t=12: 0%   10   20   30   40   50   60   70   80   90   100%
      |----|----|----|----|----|----|----|----|----|----|
      *Q-3:	|11100101 11010111 00000001 00010111|
Q-2:	|-011--++ +10000-+ ++0++011 1100001-|
Q-1:	|+1-+0+++ +0100010 00--+000 110010-+|
Q0:	|-0-++11- 1010+-00 11+-+011 10101--0| ok p=1
Q1:	|0+.-+11- -...+1.. ..0++.1. -...-0+1| ok p=0.522461
Q2:	|+01-.1.+ +...+1^. ..-1..+. +...---.| ok p=1
Q3:	|+10+10.1 +...+.-! ..-11.-. +.0..1+.| ok p=1
Q4:	|01.+1-.0 ..!..^0. ..-...+. -.1.111.| ok p=1
Q5:	|01.+0+.. 0...1-0^ .0-.1.0. -!-...-.| ok p=1
Q6:	|-0.-.1.. 0....1.+ 11..0.0. -.0...-.| ok p=1
Q7:	|01^-.0.. 1...^+.0 .+0.+... +.1...+.| ok p=1
Q8:	|1.++.1.. -.!.+1.1 .+..+... +.....1.| ok p=1
Q9:	|0.0-.1.. -...0-.. ....-0.. +.!1..+1| ok p=1
Q10:	|.1100+^. 1.0.-+.. 10..101^ -1.1..+1| ok p=1
Q11:	|01001++0 001^1000 00..110- -1.+^^++| ok p=1
Q12:	|1+-0+001 +1+--011 -+^^1-+1 0-0---+-| ok p=1
Q13:	|-+0-0+1+ -+101+-- -1---00+ --1-10++| ok p=1
Q14:	|0-0100.+ 1-10-101 11000111 +.0.+1.0| ok p=1
Q15:	|1-.0.0.- 0+..1010 1+001-.1 10-10-0+| ok p=0.442383
Q16:	|.+.0...0 .0..+..0 -..0.-.. +...1..0| ok p=0.295898
Q17:	|.-.1...+ .0..0..1 .^.1.0.. 0.^.-^.-| ok p=0.391602
Q18:	|.+.-...+ ....0..+ ^..+.1.. -...-...| ok p=0.652344
Q19:	|.+....0- ....-... ........ -.0.+..^| ok p=0.387695
Q20:	|.1.^..1- ..0...0^ ...^.... 001.0.0.| ok p=1
Q21:	|.1....-0 ..1.^.1. ...0.... 11-.1.1.| ok p=0.805664
Q22:	|.......0 ..+...-. ...1.... .+....+.| ok p=0.822266
Q23:	|.0....^. ........ ...+.0.. ..^.....| ok p=0.996094
Q24:	|.1...0.. ..^...^. 0....1.. .^....^.| ok p=0.727539
Q25:	|.-...1.. ........ ...^.-.. ........| ok p=0.768555
Q26:	|.....-.. .......0 +....... ....0...| ok p=0.973633
Q27:	|.^...... .......1 +....^.. ....1...| ok p=1
Q28:	|.....^.. .......+ -....... ....+...| ok p=0.733398
Q29:	|........ ........ 0....... ....0...| ok p=0.990234
Q30:	|........ .......^ 1....... ....-...| ok p=1
Q31:	|........ ........ ........ ....-...| ok p=1
Q32:	|........ ........ ........ ........| ok p=1
Q33:	|........ ........ ........ ....!...| ok p=1
Q34:	|........ ........ ........ ........| ok p=1
Q35:	|........ ........ ........ ........| ok p=1
Q36:	|........ ........ ........ ........| ok p=1
Q37:	|........ ........ ........ ........| ok p=1
Q38:	|........ ........ ........ ........| ok p=1
Q39:	|........ ........ ........ ........| ok p=1
Q40:	|........ ........ ........ ........| ok p=1
Q41:	|........ ........ ........ ........| ok p=1
Q42:	|........ ........ ........ ........| ok p=1
Q43:	|........ ........ ........ ........| ok p=1
Q44:	|........ ........ ........ ........| ok p=1
Q45:	|........ ........ ........ ........| ok p=1
Q46:	|........ ........ ........ ........| ok p=1
Q47:	|........ ........ ........ ........| ok p=1
Q48:	|........ ........ ........ ........| ok p=1
Q49:	|........ ........ ........ ........| ok p=1
Q50:	|........ ........ ........ ........| ok p=1
Q51:	|........ ........ ........ ........| ok p=1
Q52:	|........ ........ ........ ........| ok p=1
Q53:	|........ ........ ........ ........| ok p=1
Q54:	|........ ........ ........ ........| ok p=1
Q55:	|........ ........ ........ ........| ok p=1
Q56:	|........ ........ ........ ........| ok p=1
Q57:	|........ ........ ........ ........| ok p=1
Q58:	|........ ........ ........ ........| ok p=1
Q59:	|........ ........ ........ ........| ok p=1
Q60:	|........ ........ ..0..... ........| ok p=1
Q61:	|........ ........ .10..... ........| ok p=1
Q62:	|........ ........ .0+..... ........| ok p=1
Q63:	|........ ........ .+-..... ........| ok p=1
Q64:	|........ ........ ..+..... .....+..|
Best path: totcompl=-26 tottunnel=36, totcond=562, p=0.00209469
Q-3:	|11100101 11010111 00000001 00010111|
Q-2:	|-011--++ +10000-+ ++0++011 1100001-|
Q-1:	|+1-+0+++ +0100010 00--+000 110010-+|
Q0:	|-0-++11- 1010+-00 11+-+011 10101--0| ok p=1
Q1:	|0+.-+11- -...+1.. ..0++.1. -...-0+1| ok p=0.498047
Q2:	|+01-.1.+ +...+1^. ..-1..+. +...---.| ok p=1
Q3:	|+10+10.1 +...+.-! ..-11.-. +.0..1+.| ok p=1
Q4:	|011+.-.0 ....0^0. ..-...+. -.1.111.| ok p=1
Q5:	|00.+.+.. 0...1-0^ .0-.1.0. -!-...-.| ok p=1
Q6:	|+1.-.1.. 0....1.+ 11..0.0. -.0...-.| ok p=1
Q7:	|0.^-^0.. 1...^+.0 .+0.+... +.1...+.| ok p=1
Q8:	|1.++.1.. -.!.+1.1 .+..+... +.....1.| ok p=1
Q9:	|0.0-.1.. -...0-.. ....-0.. +.!1..+1| ok p=1
Q10:	|.1100+^. 1.0.-+.. 10..101^ -1.1..+1| ok p=1
Q11:	|01001++0 001^1000 00..110- -1.+^^++| ok p=1
Q12:	|1+-0+001 +1+--011 -+^^1-+1 0-0---+-| ok p=1
Q13:	|-+0-0+1+ -+101+-- -1---00+ --1-10++| ok p=1
Q14:	|0-0100.+ 1-10-101 11000111 +.0.+1.0| ok p=1
Q15:	|1-.0.0.- 0+..1010 1+001-.1 10-10-0+| ok p=0.455078
Q16:	|.+.0...0 .0..+..0 -..0.-.. +...1..0| ok p=0.298828
Q17:	|.-.1...+ .0..0..1 .^.1.0.. 0.^.-^.-| ok p=0.374023
Q18:	|.+.-...+ ....0..+ ^..+.1.. -...-...| ok p=0.665039
Q19:	|.+....0- ....-... ........ -.0.+..^| ok p=0.398438
Q20:	|.1.^..1- ..0...0^ ...^.... 001.0.0.| ok p=1
Q21:	|.1....-0 ..1.^.1. ...0.... 11-.1.1.| ok p=0.78418
Q22:	|.......0 ..+...-. ...1.... .+....+.| ok p=0.825195
Q23:	|.0....^. ........ ...+.0.. ..^.....| ok p=0.993164
Q24:	|.1...0.. ..^...^. 0....1.. .^....^.| ok p=0.703125
Q25:	|.-...1.. ........ ...^.-.. ........| ok p=0.740234
Q26:	|.....-.. .......0 +....... ....0...| ok p=0.969727
Q27:	|.^...... .......1 +....^.. ....1...| ok p=1
Q28:	|.....^.. .......+ -....... ....+...| ok p=0.675781
Q29:	|........ ........ 0....... ....0...| ok p=0.989258
Q30:	|........ .......^ 1....... ....-...| ok p=1
Q31:	|........ ........ ........ ....-...| ok p=1
Q32:	|........ ........ ........ ........| ok p=1
Q33:	|........ ........ ........ ....!...| ok p=1
Q34:	|........ ........ ........ ........| ok p=1
Q35:	|........ ........ ........ ........| ok p=1
Q36:	|........ ........ ........ ........| ok p=1
Q37:	|........ ........ ........ ........| ok p=1
Q38:	|........ ........ ........ ........| ok p=1
Q39:	|........ ........ ........ ........| ok p=1
Q40:	|........ ........ ........ ........| ok p=1
Q41:	|........ ........ ........ ........| ok p=1
Q42:	|........ ........ ........ ........| ok p=1
Q43:	|........ ........ ........ ........| ok p=1
Q44:	|........ ........ ........ ........| ok p=1
Q45:	|........ ........ ........ ........| ok p=1
Q46:	|........ ........ ........ ........| ok p=1
Q47:	|........ ........ ........ ........| ok p=1
Q48:	|........ ........ ........ ........| ok p=1
Q49:	|........ ........ ........ ........| ok p=1
Q50:	|........ ........ ........ ........| ok p=1
Q51:	|........ ........ ........ ........| ok p=1
Q52:	|........ ........ ........ ........| ok p=1
Q53:	|........ ........ ........ ........| ok p=1
Q54:	|........ ........ ........ ........| ok p=1
Q55:	|........ ........ ........ ........| ok p=1
Q56:	|........ ........ ........ ........| ok p=1
Q57:	|........ ........ ........ ........| ok p=1
Q58:	|........ ........ ........ ........| ok p=1
Q59:	|........ ........ ........ ........| ok p=1
Q60:	|........ ........ ..0..... ........| ok p=1
Q61:	|........ ........ .10..... ........| ok p=1
Q62:	|........ ........ .0+..... ........| ok p=1
Q63:	|........ ........ .+-..... ........| ok p=1
Q64:	|........ ........ ..+..... .....+..|
Best path: totcompl=-26 tottunnel=36, totcond=561, p=0.00186995
************Q-3:	|11100101 11010111 00000001 00010111|
Q-2:	|-011--++ +10000-+ ++0++011 1100001-|
Q-1:	|+1-+0+++ +0100010 00--+000 110010-+|
Q0:	|-0-++11- 1010+-00 11+-+011 10101--0| ok p=1
Q1:	|0+.-+11- -...+10. ..0++.1. -...-0+1| ok p=0.509766
Q2:	|+01-..0+ +...+11. ..-1..+. +...---.| ok p=1
Q3:	|+10+1.01 +....++. !.-11.-. +.0..+-.| ok p=1
Q4:	|011+00-- ...!110. ..-...+. ..1.111.| ok p=1
Q5:	|-11+..++ 1....-1^ ..-...01 1.-0.-0.| ok p=1
Q6:	|00.+..-+ .....0.+ ..-...01 ..-1.+..| ok p=1
Q7:	|-10+..00 .....-.0 ^^+....+ ..1-.0..| ok p=1
Q8:	|1110..++ ..!^.+.1 ..+....+ ..-0.1..| ok p=1
Q9:	|+011..+- 1..-.+.. 1^...0.- ..1-....| ok p=1
Q10:	|+.0+1.1+ 0.00...1 1+0..111 0001.0.0| ok p=1
Q11:	|011+010+ -11010.0 -00..+00 101111^1| ok p=1
Q12:	|00+--0+. +0-001^+ -++.^0+. +---0---| ok p=1
Q13:	|-+++1+00 -+0+++++ +00.+110 -+0---0+| ok p=1
Q14:	|0-.01011 1101+01. 011.0-1. 110.0.1+| ok p=1
Q15:	|0-00.0.- 01+01000 1+..0-.. +1.1-0--| ok p=0.509766
Q16:	|.+.0...0 ..0+0..0 -..0.-.. +...1..0| ok p=0.484375
Q17:	|.-.1...+ ..1....1 .^.1.0.. 1...0.^-| ok p=0.367188
Q18:	|.+.-...+ ...^-..+ ^..+.1.. -...1...| ok p=0.664062
Q19:	|.+....0- ....-... ........ -.0.+..^| ok p=0.273438
Q20:	|.1.^..1- ..0.1.0^ ...^.... 001...0.| ok p=1
Q21:	|.1....-0 ..1.0.1. ...0.... 11-.^.1.| ok p=0.818359
Q22:	|.......0 ..+...-. ...1.... .+....+.| ok p=0.813477
Q23:	|.0....^. ........ ...+.0.. ..^.....| ok p=0.995117
Q24:	|.1...0.. ..^...^. 0....1.. .^....^.| ok p=0.711914
Q25:	|.-...1.. ........ ...^.-.. ........| ok p=0.77832
Q26:	|.....-.. .......0 +....... ....0...| ok p=0.96582
Q27:	|.^...... .......1 +....^.. ....1...| ok p=1
Q28:	|.....^.. .......+ -....... ....+...| ok p=0.709961
Q29:	|........ ........ 0....... ....0...| ok p=0.986328
Q30:	|........ .......^ 1....... ....-...| ok p=1
Q31:	|........ ........ ........ ....-...| ok p=1
Q32:	|........ ........ ........ ........| ok p=1
Q33:	|........ ........ ........ ....!...| ok p=1
Q34:	|........ ........ ........ ........| ok p=1
Q35:	|........ ........ ........ ........| ok p=1
Q36:	|........ ........ ........ ........| ok p=1
Q37:	|........ ........ ........ ........| ok p=1
Q38:	|........ ........ ........ ........| ok p=1
Q39:	|........ ........ ........ ........| ok p=1
Q40:	|........ ........ ........ ........| ok p=1
Q41:	|........ ........ ........ ........| ok p=1
Q42:	|........ ........ ........ ........| ok p=1
Q43:	|........ ........ ........ ........| ok p=1
Q44:	|........ ........ ........ ........| ok p=1
Q45:	|........ ........ ........ ........| ok p=1
Q46:	|........ ........ ........ ........| ok p=1
Q47:	|........ ........ ........ ........| ok p=1
Q48:	|........ ........ ........ ........| ok p=1
Q49:	|........ ........ ........ ........| ok p=1
Q50:	|........ ........ ........ ........| ok p=1
Q51:	|........ ........ ........ ........| ok p=1
Q52:	|........ ........ ........ ........| ok p=1
Q53:	|........ ........ ........ ........| ok p=1
Q54:	|........ ........ ........ ........| ok p=1
Q55:	|........ ........ ........ ........| ok p=1
Q56:	|........ ........ ........ ........| ok p=1
Q57:	|........ ........ ........ ........| ok p=1
Q58:	|........ ........ ........ ........| ok p=1
Q59:	|........ ........ ........ ........| ok p=1
Q60:	|........ ........ ..0..... ........| ok p=1
Q61:	|........ ........ .10..... ........| ok p=1
Q62:	|........ ........ .0+..... ........| ok p=1
Q63:	|........ ........ .+-..... ........| ok p=1
Q64:	|........ ........ ..+..... .....+..|
Best path: totcompl=-25 tottunnel=37, totcond=561, p=0.00209192
**********