Extend MD5 differential paths forward
Copyright (C) 2009 Marc Stevens
http://homepages.cwi.nl/~stevens/

delta_m[11] = [!3!]
Loading workdir2/lowerpath.bin.gz...done: 1.
Estimating maxcond for upper bound 8000000 (=2000000 * 4)...
t=1:  0%   10   20   30   40   50   60   70   80   90   100%
      |----|----|----|----|----|----|----|----|----|----|
e     ***************************************************
Found maxcond = 2176
t=1:  0%   10   20   30   40   50   60   70   80   90   100%
      |----|----|----|----|----|----|----|----|----|----|
      ***************************************************
Q-3:	|11100101 11010111 00000001 00010111|
Q-2:	|-011--++ +10000-+ ++0++011 1100001-|
Q-1:	|+1-+0+++ +0100010 00--+000 110010-+|
Q0:	|-0-++11- 1010+-00 11+-+011 10101--0| ok p=1
Q1:	|0+..-11- -...+0.. ..+.-... -....--1| ok p=0.318359
Q2:	|.-.-.+.. -...+... -.+...+. ...-..+.|
Saving 5280 paths...done.
Autobalance parameters: maxcond=2176
Verified: 0 bad out of 5280
Estimating maxcond for upper bound 8000000 (=2000000 * 4)...
t=2:  0%   10   20   30   40   50   60   70   80   90   100%
      |----|----|----|----|----|----|----|----|----|----|
e     **************************************************Found maxcond = 164
t=2:  0%   10   20   30   40   50   60   70   80   90   100%
      |----|----|----|----|----|----|----|----|----|----|
      **************************************************Q-3:	|11100101 11010111 00000001 00010111|
Q-2:	|-011--++ +10000-+ ++0++011 1100001-|
Q-1:	|+1-+0+++ +0100010 00--+000 110010-+|
Q0:	|-0-++11- 1010+-00 11+-+011 10101--0| ok p=1
Q1:	|0.+++11- -...+1.. ..+.-..1 -...-0+0| ok p=0.62793
Q2:	|+.1.--.. -...+1.. ...1-..- -...---.| ok p=0.714844
Q3:	|+.-..+.. -...+.-. .+.+.+.. -.....+.|
Saving 2000000 paths...done.
Autobalance parameters: maxcond=163
Verified: 357573 bad out of 2698092
Estimating maxcond for upper bound 8000000 (=2000000 * 4)...
t=3:  0%   10   20   30   40   50   60   70   80   90   100%
      |----|----|----|----|----|----|----|----|----|----|
e     ***************************************************
Found maxcond = 180
t=3:  0%   10   20   30   40   50   60   70   80   90   100%
      |----|----|----|----|----|----|----|----|----|----|
      ***************************************************
Q-3:	|11100101 11010111 00000001 00010111|
Q-2:	|-011--++ +10000-+ ++0++011 1100001-|
Q-1:	|+1-+0+++ +0100010 00--+000 110010-+|
Q0:	|-0-++11- 1010+-00 11+-+011 10101--0| ok p=1
Q1:	|0+.1-11- -...+0V. ..0++.1. -...-+-0| ok p=0.615234
Q2:	|0-1-0..+ +...+0.. ..0-..+. 0...---.| ok p=0.980469
Q3:	|.-.-1..+ +.....+. ...-1.-. 1....--.| ok p=0.260742
Q4:	|.+.-..-. -.+..... .-.-...+ ........|
Saving 2000000 paths...done.
Autobalance parameters: maxcond=179
Verified: 116685 bad out of 3683182
Estimating maxcond for upper bound 8000000 (=2000000 * 4)...
t=4:  0%   10   20   30   40   50   60   70   80   90   100%
      |----|----|----|----|----|----|----|----|----|----|
e     ***************************************************
Found maxcond = 192
t=4:  0%   10   20   30   40   50   60   70   80   90   100%
      |----|----|----|----|----|----|----|----|----|----|
      ***************************************************
Q-3:	|11100101 11010111 00000001 00010111|
Q-2:	|-011--++ +10000-+ ++0++011 1100001-|
Q-1:	|+1-+0+++ +0100010 00--+000 110010-+|
Q0:	|-0-++11- 1010+-00 11+-+011 10101--0| ok p=1
Q1:	|0+.-+11- -...+11. ..0++.1. -...-0+0| ok p=0.5
Q2:	|+01-.V.+ +...+00. ..0-..+. +...---.| ok p=0.986328
Q3:	|+1.-1..1 +...+.-. ...-1.-. +....--.| ok p=0.520508
Q4:	|...-.-.1 ......0. ...-..+. ....1...| ok p=0.371094
Q5:	|+..-.+.. .....+.. ...-.-.. .-.+.+..|
Saving 2000000 paths...done.
Autobalance parameters: maxcond=191
Verified: 120067 bad out of 3010955
Estimating maxcond for upper bound 8000000 (=2000000 * 4)...
t=5:  0%   10   20   30   40   50   60   70   80   90   100%
      |----|----|----|----|----|----|----|----|----|----|
e     ***************************************************
Found maxcond = 207
t=5:  0%   10   20   30   40   50   60   70   80   90   100%
      |----|----|----|----|----|----|----|----|----|----|
      ***************************************************
Q-3:	|11100101 11010111 00000001 00010111|
Q-2:	|-011--++ +10000-+ ++0++011 1100001-|
Q-1:	|+1-+0+++ +0100010 00--+000 110010-+|
Q0:	|-0-++11- 1010+-00 11+-+011 10101--0| ok p=1
Q1:	|0+.-+11- -...+11. ..0++.1. -...-0+1| ok p=0.540039
Q2:	|+01-.1.+ +...+10. ..-1..+. +...---.| ok p=0.96582
Q3:	|+1.+00.1 +...+.-. ..-11.-. +.V..1+.| ok p=0.491211
Q4:	|...+.-.0 ......+. ..-...+. ....101.| ok p=0.662109
Q5:	|1..+.+.. 1...1.-. ..-...-. 1.-...-.| ok p=0.291992
Q6:	|+..+.... ..+..+.+ ....-.-. ....-.-.|
Saving 2000000 paths...done.
Autobalance parameters: maxcond=206
Verified: 59743 bad out of 2874432
Estimating maxcond for upper bound 8000000 (=2000000 * 4)...
t=6:  0%   10   20   30   40   50   60   70   80   90   100%
      |----|----|----|----|----|----|----|----|----|----|
e     ***************************************************
Found maxcond = 219
t=6:  0%   10   20   30   40   50   60   70   80   90   100%
      |----|----|----|----|----|----|----|----|----|----|
      ***************************************************
Q-3:	|11100101 11010111 00000001 00010111|
Q-2:	|-011--++ +10000-+ ++0++011 1100001-|
Q-1:	|+1-+0+++ +0100010 00--+000 110010-+|
Q0:	|-0-++11- 1010+-00 11+-+011 10101--0| ok p=1
Q1:	|0+.-+11- -...+11. ..0++.1. -...-0+1| ok p=0.520508
Q2:	|+01-.1.+ +...+10. ..-1..+. +...---.| ok p=0.97168
Q3:	|+1.+00.1 +...+.-. ..-11.-. +.0..1+.| ok p=0.327148
Q4:	|0..+.-.0 ......+V ..-...+. ..1.111.| ok p=0.717773
Q5:	|0..+.+.. 0...1.-. ..-...0. 1.-...-.| ok p=0.571289
Q6:	|+..+.1.. ......++ ......1. ..0...-.| ok p=0.345703
Q7:	|...+.-.+ ....+.-. .+..+..+ ....+..+|
Saving 2000000 paths...done.
Autobalance parameters: maxcond=217
Verified: 4202 bad out of 3494795
Estimating maxcond for upper bound 8000000 (=2000000 * 4)...
t=7:  0%   10   20   30   40   50   60   70   80   90   100%
      |----|----|----|----|----|----|----|----|----|----|
e     ***************************************************
Found maxcond = 233
t=7:  0%   10   20   30   40   50   60   70   80   90   100%
      |----|----|----|----|----|----|----|----|----|----|
      ***************************************************
Q-3:	|11100101 11010111 00000001 00010111|
Q-2:	|-011--++ +10000-+ ++0++011 1100001-|
Q-1:	|+1-+0+++ +0100010 00--+000 110010-+|
Q0:	|-0-++11- 1010+-00 11+-+011 10101--0| ok p=1
Q1:	|0+.-+11- -...+1V. ..0++.1. -...-0+1| ok p=0.519531
Q2:	|+01-.1.+ +...+1.. ..-1..+. +...---.| ok p=0.958984
Q3:	|+1.+10.1 +...+V-. ..-11.-. +.0..1+.| ok p=0.813477
Q4:	|1..+.-.0 ......01 ..-...+. -.1.111.| ok p=0.835938
Q5:	|0..+.+.. 0...1-00 .V-.V.0. -.-...-.| ok p=0.577148
Q6:	|+..-.0.. .....1.+ ......0. -.0...-.| ok p=0.350586
Q7:	|0..-.1.. .....+.+ .+1.-... +.1.....| ok p=0.739258
Q8:	|.+.-.... -...+... .+..-..+ .-..-...|
Saving 2000000 paths...done.
Autobalance parameters: maxcond=232
Verified: 1736 bad out of 2456755
Estimating maxcond for upper bound 8000000 (=2000000 * 4)...
t=8:  0%   10   20   30   40   50   60   70   80   90   100%
      |----|----|----|----|----|----|----|----|----|----|
e     ***************************************************
Found maxcond = 247
t=8:  0%   10   20   30   40   50   60   70   80   90   100%
      |----|----|----|----|----|----|----|----|----|----|
      ***************************************************
Q-3:	|11100101 11010111 00000001 00010111|
Q-2:	|-011--++ +10000-+ ++0++011 1100001-|
Q-1:	|+1-+0+++ +0100010 00--+000 110010-+|
Q0:	|-0-++11- 1010+-00 11+-+011 10101--0| ok p=1
Q1:	|0+.-+11- -...+1V. ..0++.1. -...-0+1| ok p=0.500977
Q2:	|+01-.V.+ +...+1.. ..-1..+. +...---.| ok p=1
Q3:	|+1.+1..1 +...1++. ..-01.-. +.V..1+.| ok p=0.198242
Q4:	|0..+.-.1 ....100V ..-...+. -...1+1.| ok p=0.333984
Q5:	|-..+.0.. 0...-+11 .0-...0. -.-..01.| ok p=0.52832
Q6:	|1V.+.-.. ....+-.- .1....0. -.0..1..| ok p=0.321289
Q7:	|+..+.-.. ....+1.- .+1..... +.0..-..| ok p=0.478516
Q8:	|++...+.. ....++.+ .+...... -....+..| ok p=0.612305
Q9:	|.-..+.-. -....-.+ ...-.-.+ .+.+..+.|
Saving 2000000 paths...done.
Autobalance parameters: maxcond=246
Verified: 152332 bad out of 3039206
Estimating maxcond for upper bound 8000000 (=2000000 * 4)...
t=9:  0%   10   20   30   40   50   60   70   80   90   100%
      |----|----|----|----|----|----|----|----|----|----|
e     ***************************************************
Found maxcond = 258
t=9:  0%   10   20   30   40   50   60   70   80   90   100%
      |----|----|----|----|----|----|----|----|----|----|
      ***************************************************
Q-3:	|11100101 11010111 00000001 00010111|
Q-2:	|-011--++ +10000-+ ++0++011 1100001-|
Q-1:	|+1-+0+++ +0100010 00--+000 110010-+|
Q0:	|-0-++11- 1010+-00 11+-+011 10101--0| ok p=1
Q1:	|0+.-+11- -...+10. ..0++.1. -...-0+1| ok p=0.485352
Q2:	|+01-..V+ +...+11. ..-1..+. +...---.| ok p=0.970703
Q3:	|+1.+1.01 +....++. ..-11.-. +.0..+-.| ok p=0.208008
Q4:	|0..+..-- ....110V ..-...+. ..1.11..| ok p=0.37207
Q5:	|-..+..++ 1....-1. ..-...0V 1.-1.-0.| ok p=0.527344
Q6:	|0..+..-+ .....0.+ ..-...01 ..-0.+..| ok p=0.299805
Q7:	|-..+..00 ....V-.0 ..+....+ ..-+.0..| ok p=0.422852
Q8:	|1.....++ .....+.1 ..+....+ ..-0.0..| ok p=0.391602
Q9:	|+..1..0+ ....--.. .......+ ...-....| ok p=0.789062
Q10:	|+..+...+ .......+ .+....+. ...-....|
Saving 2000000 paths...done.
Autobalance parameters: maxcond=257
Verified: 16774 bad out of 2139778
Estimating maxcond for upper bound 8000000 (=2000000 * 4)...
t=10: 0%   10   20   30   40   50   60   70   80   90   100%
      |----|----|----|----|----|----|----|----|----|----|
e     ***************************************************
Found maxcond = 269
t=10: 0%   10   20   30   40   50   60   70   80   90   100%
      |----|----|----|----|----|----|----|----|----|----|
      ***************************************************
Q-3:	|11100101 11010111 00000001 00010111|
Q-2:	|-011--++ +10000-+ ++0++011 1100001-|
Q-1:	|+1-+0+++ +0100010 00--+000 110010-+|
Q0:	|-0-++11- 1010+-00 11+-+011 10101--0| ok p=1
Q1:	|0+.-+11- -...+10. ..0++.1. -...-0+1| ok p=0.513672
Q2:	|+01-..V+ +...+11. ..-1..+. +...---.| ok p=0.963867
Q3:	|+1.+1.01 +....++. ..-11.-. +.0..+-.| ok p=0.199219
Q4:	|0..+..-- ....110V ..-...+. ..1.11..| ok p=0.361328
Q5:	|-..+..++ 1....-1. ..-...0V 1.-1.-0.| ok p=0.512695
Q6:	|0..+..-+ .....0.+ ..-...01 ..-0.+..| ok p=0.283203
Q7:	|-..+..00 ...V.-.0 ..+....+ ..-+.0..| ok p=0.464844
Q8:	|1..1..++ .....+.1 .V+....+ ..-0.1..| ok p=0.37207
Q9:	|+..1..0+ ...-.+.. .......- ..-+....| ok p=0.783203
Q10:	|+..+..1+ ...0.... .+1....0 ...-....| ok p=0.424805
Q11:	|.-.+.+.. +.+..... -.-...+. ...-....|
Saving 2000000 paths...done.
Autobalance parameters: maxcond=268
Verified: 6750 bad out of 2486788
Runtime: 108.582
Extend MD5 differential paths forward
Copyright (C) 2009 Marc Stevens
http://homepages.cwi.nl/~stevens/

delta_m[11] = [!3!]
Loading workdir2/paths10_0of1...done: 2000000 (work:2000000).
Estimating maxcond for upper bound 2000000 (=500000 * 4)...
t=11: 0%   10   20   30   40   50   60   70   80   90   100%
      |----|----|----|----|----|----|----|----|----|----|
e     ***************************************************
Found maxcond = 281
t=11: 0%   10   20   30   40   50   60   70   80   90   100%
      |----|----|----|----|----|----|----|----|----|----|
      ***************************************************
Q-3:	|11100101 11010111 00000001 00010111|
Q-2:	|-011--++ +10000-+ ++0++011 1100001-|
Q-1:	|+1-+0+++ +0100010 00--+000 110010-+|
Q0:	|-0-++11- 1010+-00 11+-+011 10101--0| ok p=0.463867
Q1:	|--.0-11- -...+1.V ..0++.1. -...-0+1| ok p=0.354492
Q2:	|-10-11.+ +...+0.1 ..-0..+. 1...---.| ok p=0.623047
Q3:	|.+.+00.1 +...+-.+ ..+11.-. 0....--.| ok p=0.508789
Q4:	|0-.-.-.0 ....00.+ ..+.1.+V ..V.0.0.| ok p=0.865234
Q5:	|.-.-.+.. 0...++.+ ..-.-.0. .1...1-.| ok p=0.317383
Q6:	|.....+.. V..V++.. ..1.0V-+ .0+...-.| ok p=0.99707
Q7:	|.0.0.+.. ....-+.0 ..0.1.10 .+1...+.| ok p=0.642578
Q8:	|.....-.. -..+1+V. .....+11 .-1...+.| ok p=0.446289
Q9:	|.....1.. 0..11.1. .....0++ .--...-.| ok p=1
Q10:	|.....0.. 0..0.0+. .....1++ .--...1.| ok p=0.999023
Q11:	|........ ......+. ......+. .-....1.| ok p=0.578125
Q12:	|+.+.-.+. +......+ ..-.+..- .-....+.|
Saving 500000 paths...done.
Autobalance parameters: maxcond=280
Verified: 1300 bad out of 787748
Runtime: 18.8151
