MD5 differential path toolbox
Copyright (C) 2009 Marc Stevens
http://homepages.cwi.nl/~stevens/

IHV1   = {3856072983,2812597166,1612853450,3158442947}
IHV1   = 1701d7e5aed3a4a7ca302260c30342bc

IHV2   = {3856072983,514386856,3617720521,868342722}
IHV2   = 1701d7e5a8eba81ec908a2d7c2dbc133

dIHV   = {0,1996756986,2004867071,2004867071}
NC0: delta c = delta d = [!0,31!]
NC0: delta b           = [!0,23,31!]
NC1: delta c = delta d = [!11!]
NC1: delta b           = [!0,11!]
NC2: delta c = delta d = [!13!]
NC2: delta b           = [!2,13!]
NC3: delta c = delta d = [!23!]
NC3: delta b           = [!-14,23!]
NC4: delta c = delta d = [!27!]
NC4: delta b           = [!-18,27!]
NC0: prob=-10.9839
NC1: prob=-5.83894
NC2: prob=-5.8382
NC3: prob=-7.64716
NC4: prob=-7.80771
delta m_11 = [!3!]
Q-3:	|11100101 11010111 00000001 00010111|
Q-2:	|-011--++ +10000-+ ++0++011 1100001-|
Q-1:	|+1-+0+++ +0100010 00--+000 110010-+|
Q0:	|-0-++11- 1010+-00 11+-+011 10101--0| ok p=0.772461
Q1:	|.+..-.-. +...+... ..+.-... -...-.+.|
Saved lower diff. path to 'workdir2/lowerpath.bin.gz'.

Q32:	|........ ........ ........ ........|
Q33:	|........ ........ ........ ........|
Q34:	|........ ........ ........ ........|
Q35:	|........ ........ ........ ........| ok p=1
Q36:	|........ ........ ........ ........| ok p=1
Q37:	|........ ........ ........ ........| ok p=1
Q38:	|........ ........ ........ ........| ok p=1
Q39:	|........ ........ ........ ........| ok p=1
Q40:	|........ ........ ........ ........| ok p=1
Q41:	|........ ........ ........ ........| ok p=1
Q42:	|........ ........ ........ ........| ok p=1
Q43:	|........ ........ ........ ........| ok p=1
Q44:	|........ ........ ........ ........| ok p=1
Q45:	|........ ........ ........ ........| ok p=1
Q46:	|........ ........ ........ ........| ok p=1
Q47:	|........ ........ ........ ........| ok p=1
Q48:	|........ ........ ........ ........| ok p=1
Q49:	|........ ........ ........ ........| ok p=1
Q50:	|........ ........ ........ ........| ok p=1
Q51:	|........ ........ ........ ........| ok p=1
Q52:	|........ ........ ........ ........| ok p=1
Q53:	|........ ........ ........ ........| ok p=1
Q54:	|........ ........ ........ ........| ok p=1
Q55:	|........ ........ ........ ........| ok p=1
Q56:	|........ ........ ........ ........| ok p=1
Q57:	|........ ........ ........ ........| ok p=1
Q58:	|........ ........ ........ ........| ok p=1
Q59:	|........ ........ ........ ........| ok p=1
Q60:	|........ ........ ..0..... ........| ok p=1
Q61:	|........ ........ .10..... ........| ok p=1
Q62:	|........ ........ .0+..... ........| ok p=1
Q63:	|........ ........ .+-..... ........| ok p=1
Q64:	|........ ........ ..+..... .....+..|
Saved upper diff. path to 'workdir2/upperpath.bin.gz'.
Saved 'md5diffpathforward.cfg'.
Saved 'md5diffpathbackward.cfg'.
Saved 'md5diffpathconnect.cfg'.
Saved 'md5diffpathhelper.cfg'.
