[*] Starting step 6
MD5 differential path toolbox
Copyright (C) 2009 Marc Stevens
http://homepages.cwi.nl/~stevens/

IHV1   = {3989319058,2512478414,4248735443,52356872}
IHV1   = 922dc8edce60c195d38e3efd08e71e03

IHV2   = {3989319058,356606157,2101251794,2199840519}
IHV2   = 922dc8edcd604115d28e3e7d07e71e83

dIHV   = {0,2139095039,2147483647,2147483647}
NC0: delta c = delta d = [!0,31!]
NC0: delta b           = [!0,23,31!]
NC0: prob=-10.9549
delta m_11 = [!21!]
Q-3:	|11101101 11001000 00101101 10010010|
Q-2:	|+0000011 00011110 11100111 0000-+++|
Q-1:	|-1111101 00111110 10001110 1101001-|
Q0:	|-0010101 -1000001 01100000 110011-+| ok p=1
Q1:	|+....... -....... ........ .......-|
Saved lower diff. path to 'workdir6/lowerpath.bin.gz'.

Q32:	|........ ........ ........ ........|
Q33:	|........ ........ ........ ........|
Q34:	|........ ........ ........ ........|
Q35:	|........ ........ ........ ........| ok p=1
Q36:	|........ ........ ........ ........| ok p=1
Q37:	|........ ........ ........ ........| ok p=1
Q38:	|........ ........ ........ ........| ok p=1
Q39:	|........ ........ ........ ........| ok p=1
Q40:	|........ ........ ........ ........| ok p=1
Q41:	|........ ........ ........ ........| ok p=1
Q42:	|........ ........ ........ ........| ok p=1
Q43:	|........ ........ ........ ........| ok p=1
Q44:	|........ ........ ........ ........| ok p=1
Q45:	|........ ........ ........ ........| ok p=1
Q46:	|........ ........ ........ ........| ok p=1
Q47:	|........ ........ ........ ........| ok p=1
Q48:	|........ ........ ........ ........| ok p=1
Q49:	|........ ........ ........ ........| ok p=1
Q50:	|........ ........ ........ ........| ok p=1
Q51:	|........ ........ ........ ........| ok p=1
Q52:	|........ ........ ........ ........| ok p=1
Q53:	|........ ........ ........ ........| ok p=1
Q54:	|........ ........ ........ ........| ok p=1
Q55:	|........ ........ ........ ........| ok p=1
Q56:	|........ ........ ........ ........| ok p=1
Q57:	|........ ........ ........ ........| ok p=1
Q58:	|........ ........ ........ ........| ok p=1
Q59:	|........ ........ ........ ........| ok p=1
Q60:	|0....... ........ ........ .......0| ok p=1
Q61:	|1....... ........ ........ .....101| ok p=0.481445
Q62:	|+....... ........ ........ .....0.+| ok p=1
Q63:	|-....... ........ ........ .....+--| ok p=0.999023
Q64:	|-....... +....... ........ .......+|
Saved upper diff. path to 'workdir6/upperpath.bin.gz'.
Saved 'md5diffpathforward.cfg'.
Saved 'md5diffpathbackward.cfg'.
Saved 'md5diffpathconnect.cfg'.
Saved 'md5diffpathhelper.cfg'.
Extend MD5 differential paths forward
Copyright (C) 2009 Marc Stevens
http://homepages.cwi.nl/~stevens/

delta_m[11] = [!21!]
Loading workdir6/lowerpath.bin.gz...done: 1.
Estimating maxcond for upper bound 8000000 (=2000000 * 4)...
t=1:  0%   10   20   30   40   50   60   70   80   90   100%
      |----|----|----|----|----|----|----|----|----|----|
e     ***************************************************
Found maxcond = 2176
t=1:  0%   10   20   30   40   50   60   70   80   90   100%
      |----|----|----|----|----|----|----|----|----|----|
      ***************************************************
Q-3:	|11101101 11001000 00101101 10010010|
Q-2:	|+0000011 00011110 11100111 0000-+++|
Q-1:	|-1111101 00111110 10001110 1101001-|
Q0:	|-0010101 -1000001 01100000 110011-+| ok p=1
Q1:	|+....... -....... ........ ......0-| ok p=0.999023
Q2:	|+....... -....... ...-.... ....-..-|
Saving 10 paths...done.
Autobalance parameters: maxcond=2176
Verified: 0 bad out of 10
Estimating maxcond for upper bound 8000000 (=2000000 * 4)...
t=2:  0%   10   20   30   40   50   60   70   80   90   100%
      |----|----|----|----|----|----|----|----|----|----|
e     ***************************************************
Found maxcond = 2176
t=2:  0%   10   20   30   40   50   60   70   80   90   100%
      |----|----|----|----|----|----|----|----|----|----|
      ***************************************************
Q-3:	|11101101 11001000 00101101 10010010|
Q-2:	|+0000011 00011110 11100111 0000-+++|
Q-1:	|-1111101 00111110 10001110 1101001-|
Q0:	|-0010101 -1000001 01100000 110011-+| ok p=1
Q1:	|+....... -....... ...0.... ....1.-+| ok p=0.999023
Q2:	|+....... -....... ...-.... ....-..-| ok p=0.508789
Q3:	|+....... -....-.+ ...-...- ....-..-|
Saving 1968 paths...done.
Autobalance parameters: maxcond=2176
Verified: 0 bad out of 1968
Estimating maxcond for upper bound 8000000 (=2000000 * 4)...
t=3:  0%   10   20   30   40   50   60   70   80   90   100%
      |----|----|----|----|----|----|----|----|----|----|
e     ***************************************************
Found maxcond = 160
t=3:  0%   10   20   30   40   50   60   70   80   90   100%
      |----|----|----|----|----|----|----|----|----|----|
      ***************************************************
Q-3:	|11101101 11001000 00101101 10010010|
Q-2:	|+0000011 00011110 11100111 0000-+++|
Q-1:	|-1111101 00111110 10001110 1101001-|
Q0:	|-0010101 -1000001 01100000 110011-+| ok p=1
Q1:	|-......- +.....V. ...0.... ......0-| ok p=1
Q2:	|-......- +....... ...-.... ......1-| ok p=1
Q3:	|+....... -.....-. ...-.... .......-| ok p=0.990234
Q4:	|+......- ......-. .-.-.... .....-.-|
Saving 2000000 paths...done.
Autobalance parameters: maxcond=158
Verified: 23290 bad out of 3235686
Estimating maxcond for upper bound 8000000 (=2000000 * 4)...
t=4:  0%   10   20   30   40   50   60   70   80   90   100%
      |----|----|----|----|----|----|----|----|----|----|
e     ***************************************************
Found maxcond = 166
t=4:  0%   10   20   30   40   50   60   70   80   90   100%
      |----|----|----|----|----|----|----|----|----|----|
      ***************************************************
Q-3:	|11101101 11001000 00101101 10010010|
Q-2:	|+0000011 00011110 11100111 0000-+++|
Q-1:	|-1111101 00111110 10001110 1101001-|
Q0:	|-0010101 -1000001 01100000 110011-+| ok p=1
Q1:	|+......- +......V ...0.... ......0-| ok p=1
Q2:	|+......0 -......1 ..V-.... .....V1-| ok p=0.537109
Q3:	|-......1 -......- ...-.... .......-| ok p=0.995117
Q4:	|+......- .......- ..--.... .....-.-| ok p=0.499023
Q5:	|+......- ....-..- .-.+...- .+..-.+.|
Saving 2000000 paths...done.
Autobalance parameters: maxcond=164
Verified: 149190 bad out of 3560776
Estimating maxcond for upper bound 8000000 (=2000000 * 4)...
t=5:  0%   10   20   30   40   50   60   70   80   90   100%
      |----|----|----|----|----|----|----|----|----|----|
e     ***************************************************
Found maxcond = 175
t=5:  0%   10   20   30   40   50   60   70   80   90   100%
      |----|----|----|----|----|----|----|----|----|----|
      ***************************************************
Q-3:	|11101101 11001000 00101101 10010010|
Q-2:	|+0000011 00011110 11100111 0000-+++|
Q-1:	|-1111101 00111110 10001110 1101001-|
Q0:	|-0010101 -1000001 01100000 110011-+| ok p=1
Q1:	|+......- +......V ..10.... ......0-| ok p=1
Q2:	|+......0 -......0 ..-+.... ......1-| ok p=0.629883
Q3:	|+......- +......- ..0-...V .......-| ok p=0.989258
Q4:	|+......- 1......- ..--.... .......-| ok p=0.508789
Q5:	|.......- -......- ..--...- .......-| ok p=0.898438
Q6:	|..-.+.+. +......- .-.-...- ..-.+..-|
Saving 2000000 paths...done.
Autobalance parameters: maxcond=174
Verified: 12079 bad out of 3000368
Estimating maxcond for upper bound 8000000 (=2000000 * 4)...
t=6:  0%   10   20   30   40   50   60   70   80   90   100%
      |----|----|----|----|----|----|----|----|----|----|
e     ***************************************************
Found maxcond = 186
t=6:  0%   10   20   30   40   50   60   70   80   90   100%
      |----|----|----|----|----|----|----|----|----|----|
      ***************************************************
Q-3:	|11101101 11001000 00101101 10010010|
Q-2:	|+0000011 00011110 11100111 0000-+++|
Q-1:	|-1111101 00111110 10001110 1101001-|
Q0:	|-0010101 -1000001 01100000 110011-+| ok p=1
Q1:	|+......- +......V ..V0.... ......0-| ok p=1
Q2:	|+......0 -......1 V..-.... ......1-| ok p=0.727539
Q3:	|+......0 -......- 1.-+.... ......0-| ok p=0.987305
Q4:	|+..V...- .......- -.0+.... ..V...-+| ok p=0.481445
Q5:	|.......- 0......- -.1+.... ......-+| ok p=0.9375
Q6:	|1..-...- .......- -.-..... ..-....-| ok p=0.43457
Q7:	|.-.-...- .....-.. -.-..-.+ ..-.-.+.|
Saving 2000000 paths...done.
Autobalance parameters: maxcond=184
Verified: 4370 bad out of 3433652
Estimating maxcond for upper bound 8000000 (=2000000 * 4)...
t=7:  0%   10   20   30   40   50   60   70   80   90   100%
      |----|----|----|----|----|----|----|----|----|----|
e     ***************************************************
Found maxcond = 198
t=7:  0%   10   20   30   40   50   60   70   80   90   100%
      |----|----|----|----|----|----|----|----|----|----|
      ***************************************************
Q-3:	|11101101 11001000 00101101 10010010|
Q-2:	|+0000011 00011110 11100111 0000-+++|
Q-1:	|-1111101 00111110 10001110 1101001-|
Q0:	|-0010101 -1000001 01100000 110011-+| ok p=1
Q1:	|+......- +......V ..V0.... ......0-| ok p=1
Q2:	|+.....10 -.....1. V..-.... ......1-| ok p=0.496094
Q3:	|+.....00 -.....0- 0.-+...V .......-| ok p=1
Q4:	|+.....-+ ......-0 +.0+...1 .......-| ok p=0.496094
Q5:	|......01 0....V0- -.1+...- ....V...| ok p=1
Q6:	|1.....10 ......0- -..-...- .......1| ok p=0.511719
Q7:	|........ .....-.. -..-.... ....-...| ok p=0.392578
Q8:	|.-...... ..-..-.- .+.-...- .+...-..|
Saving 2000000 paths...done.
Autobalance parameters: maxcond=196
Verified: 380463 bad out of 3907701
Estimating maxcond for upper bound 8000000 (=2000000 * 4)...
t=8:  0%   10   20   30   40   50   60   70   80   90   100%
      |----|----|----|----|----|----|----|----|----|----|
e     ***************************************************
Found maxcond = 209
t=8:  0%   10   20   30   40   50   60   70   80   90   100%
      |----|----|----|----|----|----|----|----|----|----|
      ***************************************************
Q-3:	|11101101 11001000 00101101 10010010|
Q-2:	|+0000011 00011110 11100111 0000-+++|
Q-1:	|-1111101 00111110 10001110 1101001-|
Q0:	|-0010101 -1000001 01100000 110011-+| ok p=1
Q1:	|+......- +......V ..V0.... ......0-| ok p=1
Q2:	|+......0 -.....V. V..-.... ......1-| ok p=0.476562
Q3:	|+......0 -......- 0.-+.... ......0-| ok p=0.999023
Q4:	|+......- ......-0 +.0+.... ..V...-+| ok p=0.499023
Q5:	|.......- 0.....0- -.1+.0.V ..1...0-| ok p=1
Q6:	|1.....V- ..V...-0 +....1.. ..-...1-| ok p=0.480469
Q7:	|.......- ......-- +..1.-.+ ..-...--| ok p=0.541992
Q8:	|......-. ..+...-- .....-.0 ......0.| ok p=0.981445
Q9:	|.....-.. ..+..+.+ ...-.-.- .......-|
Saving 2000000 paths...done.
Autobalance parameters: maxcond=208
Verified: 51436 bad out of 2195568
Estimating maxcond for upper bound 8000000 (=2000000 * 4)...
t=9:  0%   10   20   30   40   50   60   70   80   90   100%
      |----|----|----|----|----|----|----|----|----|----|
e     ***************************************************
Found maxcond = 223
t=9:  0%   10   20   30   40   50   60   70   80   90   100%
      |----|----|----|----|----|----|----|----|----|----|
      ***************************************************
Q-3:	|11101101 11001000 00101101 10010010|
Q-2:	|+0000011 00011110 11100111 0000-+++|
Q-1:	|-1111101 00111110 10001110 1101001-|
Q0:	|-0010101 -1000001 01100000 110011-+| ok p=1
Q1:	|+......- +......V ..V0.... ......0-| ok p=1
Q2:	|+.....10 -.....1. V..-.... ......1-| ok p=0.520508
Q3:	|+.....00 -.....0- 0.-+...V .......-| ok p=1
Q4:	|+.....-+ ......-0 +.0+...1 .......-| ok p=0.491211
Q5:	|......01 0....10- -.1+...- ......V.| ok p=1
Q6:	|0V....10 ..V..0-+ -1.-...- ......00| ok p=1
Q7:	|.1...V.. .....-1- -0.-.... ......-.| ok p=0.390625
Q8:	|.-...... ..-..-0- --.-...1 ......+.| ok p=0.964844
Q9:	|.-...-.. ..0..--. .-.-.... ......+.| ok p=0.667969
Q10:	|+.-.+.-. ..-.+.+. .-.-.... ......+.|
Saving 2000000 paths...done.
Autobalance parameters: maxcond=222
Verified: 116164 bad out of 3219418
Estimating maxcond for upper bound 8000000 (=2000000 * 4)...
t=10: 0%   10   20   30   40   50   60   70   80   90   100%
      |----|----|----|----|----|----|----|----|----|----|
e     ***************************************************
Found maxcond = 235
t=10: 0%   10   20   30   40   50   60   70   80   90   100%
      |----|----|----|----|----|----|----|----|----|----|
      ***************************************************
Q-3:	|11101101 11001000 00101101 10010010|
Q-2:	|+0000011 00011110 11100111 0000-+++|
Q-1:	|-1111101 00111110 10001110 1101001-|
Q0:	|-0010101 -1000001 01100000 110011-+| ok p=1
Q1:	|+......- +......V ..V0.... ......0-| ok p=1
Q2:	|+.....10 -.....1. V..-.... ......1-| ok p=0.5
Q3:	|+.....00 -.....0- 0.-+...V .......-| ok p=1
Q4:	|+.....-+ ......-0 +.0+...1 .......-| ok p=0.508789
Q5:	|......01 0.....0- -.1+...- ......V.| ok p=1
Q6:	|0V....10 ..V..1-+ -0.-...- ......01| ok p=1
Q7:	|.1...... V....0-- -1.-...0 ......-.| ok p=0.367188
Q8:	|.-.....V 0.-..-.1 .+.-...- ......+.| ok p=0.994141
Q9:	|.-...... -.1..-01 0-.-...- ......+.| ok p=0.500977
Q10:	|.+.....+ +.-..-.. .-.-...- ........| ok p=0.521484
Q11:	|........ -.-..-.- .+.-...- .-.-...+|
Saving 2000000 paths...done.
Autobalance parameters: maxcond=234
Verified: 5322 bad out of 2268776
Runtime: 73.3088
Extend MD5 differential paths forward
Copyright (C) 2009 Marc Stevens
http://homepages.cwi.nl/~stevens/

delta_m[11] = [!21!]
Loading workdir6/paths10_0of1...done: 2000000 (work:2000000).
Estimating maxcond for upper bound 2000000 (=500000 * 4)...
t=11: 0%   10   20   30   40   50   60   70   80   90   100%
      |----|----|----|----|----|----|----|----|----|----|
e     ***************************************************
Found maxcond = 247
t=11: 0%   10   20   30   40   50   60   70   80   90   100%
      |----|----|----|----|----|----|----|----|----|----|
      ***************************************************
Q-3:	|11101101 11001000 00101101 10010010|
Q-2:	|+0000011 00011110 11100111 0000-+++|
Q-1:	|-1111101 00111110 10001110 1101001-|
Q0:	|-0010101 -1000001 01100000 110011-+| ok p=1
Q1:	|+......- +......V ..V0.... ......0-| ok p=1
Q2:	|+......0 -.....1. V..-.... ......1-| ok p=0.480469
Q3:	|+......0 -.....0- 0.-+.... ......0-| ok p=1
Q4:	|+......- ......-0 +.0+.... ..V...-+| ok p=0.509766
Q5:	|.......1 0.....0- -.1+...V ..1..V0-| ok p=0.97168
Q6:	|1......1 ..V...-0 +1....0. ..-...-+| ok p=1
Q7:	|......V. .....0-- +0.1..1- ..-..-0+| ok p=0.49707
Q8:	|......1. ..-..1-- +-.1..-0 .....01+| ok p=0.994141
Q9:	|....V.-. .V0..+.. .+.-..-1 ..0..1.+| ok p=1
Q10:	|......-. ..1..101 1+.-..-. .......+| ok p=0.982422
Q11:	|....-... .-...-.. .+.-..-. ........| ok p=0.982422
Q12:	|....-... .+...-.. .-.-..-. -.-..-.-|
Saving 500000 paths...done.
Autobalance parameters: maxcond=246
Verified: 8924 bad out of 669605
Runtime: 16.4929
Extend MD5 differential paths backward
Copyright (C) 2009 Marc Stevens
http://homepages.cwi.nl/~stevens/

delta_m[11] = [!21!]
Loading workdir6/upperpath.bin.gz...done: 1.
Estimating maxcond for upper bound 262144 (=65536 * 4)...
t=34: 0%   10   20   30   40   50   60   70   80   90   100%
      |----|----|----|----|----|----|----|----|----|----|
e     ***************************************************
Found maxcond = 2176
t=34: 0%   10   20   30   40   50   60   70   80   90   100%
      |----|----|----|----|----|----|----|----|----|----|
      ***************************************************
Q31:	|........ ..-..... ........ ........|
Q32:	|........ ........ ........ ........|
Q33:	|........ ........ ........ ........|
Q34:	|........ ........ ........ ........| ok p=1
Q35:	|........ ........ ........ ........| ok p=1
Q36:	|........ ........ ........ ........| ok p=1
Q37:	|........ ........ ........ ........| ok p=1
Q38:	|........ ........ ........ ........| ok p=1
Q39:	|........ ........ ........ ........| ok p=1
Q40:	|........ ........ ........ ........| ok p=1
Q41:	|........ ........ ........ ........| ok p=1
Q42:	|........ ........ ........ ........| ok p=1
Q43:	|........ ........ ........ ........| ok p=1
Q44:	|........ ........ ........ ........| ok p=1
Q45:	|........ ........ ........ ........| ok p=1
Q46:	|........ ........ ........ ........| ok p=1
Q47:	|........ ........ ........ ........| ok p=1
Q48:	|........ ........ ........ ........| ok p=1
Q49:	|........ ........ ........ ........| ok p=1
Q50:	|........ ........ ........ ........| ok p=1
Q51:	|........ ........ ........ ........| ok p=1
Q52:	|........ ........ ........ ........| ok p=1
Q53:	|........ ........ ........ ........| ok p=1
Q54:	|........ ........ ........ ........| ok p=1
Q55:	|........ ........ ........ ........| ok p=1
Q56:	|........ ........ ........ ........| ok p=1
Q57:	|........ ........ ........ ........| ok p=1
Q58:	|........ ........ ........ ........| ok p=1
Q59:	|........ ........ ........ ........| ok p=1
Q60:	|0....... ........ ........ .......0| ok p=1
Q61:	|1....... ........ ........ .....101| ok p=0.499023
Q62:	|+....... ........ ........ .....0.+| ok p=1
Q63:	|-....... ........ ........ .....+--| ok p=0.995117
Q64:	|-....... +....... ........ .......+|
Saving 1 paths...done.
Autobalance parameters: maxcond=2176
Verified: 0 bad out of 1
Estimating maxcond for upper bound 262144 (=65536 * 4)...
t=33: 0%   10   20   30   40   50   60   70   80   90   100%
      |----|----|----|----|----|----|----|----|----|----|
e     ***************************************************
Found maxcond = 2176
t=33: 0%   10   20   30   40   50   60   70   80   90   100%
      |----|----|----|----|----|----|----|----|----|----|
      ***************************************************
Q30:	|........ ..-..... ........ ........|
Q31:	|........ ..-..... ........ ........|
Q32:	|........ ........ ........ ........|
Q33:	|........ ..!..... ........ ........| ok p=1
Q34:	|........ ........ ........ ........| ok p=1
Q35:	|........ ........ ........ ........| ok p=1
Q36:	|........ ........ ........ ........| ok p=1
Q37:	|........ ........ ........ ........| ok p=1
Q38:	|........ ........ ........ ........| ok p=1
Q39:	|........ ........ ........ ........| ok p=1
Q40:	|........ ........ ........ ........| ok p=1
Q41:	|........ ........ ........ ........| ok p=1
Q42:	|........ ........ ........ ........| ok p=1
Q43:	|........ ........ ........ ........| ok p=1
Q44:	|........ ........ ........ ........| ok p=1
Q45:	|........ ........ ........ ........| ok p=1
Q46:	|........ ........ ........ ........| ok p=1
Q47:	|........ ........ ........ ........| ok p=1
Q48:	|........ ........ ........ ........| ok p=1
Q49:	|........ ........ ........ ........| ok p=1
Q50:	|........ ........ ........ ........| ok p=1
Q51:	|........ ........ ........ ........| ok p=1
Q52:	|........ ........ ........ ........| ok p=1
Q53:	|........ ........ ........ ........| ok p=1
Q54:	|........ ........ ........ ........| ok p=1
Q55:	|........ ........ ........ ........| ok p=1
Q56:	|........ ........ ........ ........| ok p=1
Q57:	|........ ........ ........ ........| ok p=1
Q58:	|........ ........ ........ ........| ok p=1
Q59:	|........ ........ ........ ........| ok p=1
Q60:	|0....... ........ ........ .......0| ok p=1
Q61:	|1....... ........ ........ .....101| ok p=0.489258
Q62:	|+....... ........ ........ .....0.+| ok p=1
Q63:	|-....... ........ ........ .....+--| ok p=0.99707
Q64:	|-....... +....... ........ .......+|
Saving 6142 paths...done.
Autobalance parameters: maxcond=2176
Verified: 0 bad out of 6142
Estimating maxcond for upper bound 262144 (=65536 * 4)...
t=32: 0%   10   20   30   40   50   60   70   80   90   100%
      |----|----|----|----|----|----|----|----|----|----|
e     **************************************************Found maxcond = 25
t=32: 0%   10   20   30   40   50   60   70   80   90   100%
      |----|----|----|----|----|----|----|----|----|----|
      **************************************************Q29:	|........ ........ ........ ........|
Q30:	|........ ..-..... ........ ........|
Q31:	|........ ..-..... ........ ........|
Q32:	|........ ........ ........ ........| ok p=1
Q33:	|........ ..!..... ........ ........| ok p=1
Q34:	|........ ........ ........ ........| ok p=1
Q35:	|........ ........ ........ ........| ok p=1
Q36:	|........ ........ ........ ........| ok p=1
Q37:	|........ ........ ........ ........| ok p=1
Q38:	|........ ........ ........ ........| ok p=1
Q39:	|........ ........ ........ ........| ok p=1
Q40:	|........ ........ ........ ........| ok p=1
Q41:	|........ ........ ........ ........| ok p=1
Q42:	|........ ........ ........ ........| ok p=1
Q43:	|........ ........ ........ ........| ok p=1
Q44:	|........ ........ ........ ........| ok p=1
Q45:	|........ ........ ........ ........| ok p=1
Q46:	|........ ........ ........ ........| ok p=1
Q47:	|........ ........ ........ ........| ok p=1
Q48:	|........ ........ ........ ........| ok p=1
Q49:	|........ ........ ........ ........| ok p=1
Q50:	|........ ........ ........ ........| ok p=1
Q51:	|........ ........ ........ ........| ok p=1
Q52:	|........ ........ ........ ........| ok p=1
Q53:	|........ ........ ........ ........| ok p=1
Q54:	|........ ........ ........ ........| ok p=1
Q55:	|........ ........ ........ ........| ok p=1
Q56:	|........ ........ ........ ........| ok p=1
Q57:	|........ ........ ........ ........| ok p=1
Q58:	|........ ........ ........ ........| ok p=1
Q59:	|........ ........ ........ ........| ok p=1
Q60:	|0....... ........ ........ .......0| ok p=1
Q61:	|1....... ........ ........ .....101| ok p=0.484375
Q62:	|+....... ........ ........ .....0.+| ok p=1
Q63:	|-....... ........ ........ .....+--| ok p=0.995117
Q64:	|-....... +....... ........ .......+|
Saving 65536 paths...done.
Autobalance parameters: maxcond=22
Verified: 0 bad out of 126135
Estimating maxcond for upper bound 262144 (=65536 * 4)...
t=31: 0%   10   20   30   40   50   60   70   80   90   100%
      |----|----|----|----|----|----|----|----|----|----|
e     ***************************************************
Found maxcond = 22
t=31: 0%   10   20   30   40   50   60   70   80   90   100%
      |----|----|----|----|----|----|----|----|----|----|
      ***************************************************
Q28:	|........ ..+..... ........ ......+.|
Q29:	|........ ........ ........ ........|
Q30:	|........ ..-..... ........ ........|
Q31:	|........ ..-..... ........ ........| ok p=1
Q32:	|........ ........ ........ ........| ok p=1
Q33:	|........ ..!..... ........ ........| ok p=1
Q34:	|........ ........ ........ ........| ok p=1
Q35:	|........ ........ ........ ........| ok p=1
Q36:	|........ ........ ........ ........| ok p=1
Q37:	|........ ........ ........ ........| ok p=1
Q38:	|........ ........ ........ ........| ok p=1
Q39:	|........ ........ ........ ........| ok p=1
Q40:	|........ ........ ........ ........| ok p=1
Q41:	|........ ........ ........ ........| ok p=1
Q42:	|........ ........ ........ ........| ok p=1
Q43:	|........ ........ ........ ........| ok p=1
Q44:	|........ ........ ........ ........| ok p=1
Q45:	|........ ........ ........ ........| ok p=1
Q46:	|........ ........ ........ ........| ok p=1
Q47:	|........ ........ ........ ........| ok p=1
Q48:	|........ ........ ........ ........| ok p=1
Q49:	|........ ........ ........ ........| ok p=1
Q50:	|........ ........ ........ ........| ok p=1
Q51:	|........ ........ ........ ........| ok p=1
Q52:	|........ ........ ........ ........| ok p=1
Q53:	|........ ........ ........ ........| ok p=1
Q54:	|........ ........ ........ ........| ok p=1
Q55:	|........ ........ ........ ........| ok p=1
Q56:	|........ ........ ........ ........| ok p=1
Q57:	|........ ........ ........ ........| ok p=1
Q58:	|........ ........ ........ ........| ok p=1
Q59:	|........ ........ ........ ........| ok p=1
Q60:	|0....... ........ ........ .......0| ok p=1
Q61:	|1....... ........ ........ .....101| ok p=0.523438
Q62:	|+....... ........ ........ .....0.+| ok p=1
Q63:	|-....... ........ ........ .....+--| ok p=0.996094
Q64:	|-....... +....... ........ .......+|
Saving 65536 paths...done.
Autobalance parameters: maxcond=20
Verified: 0 bad out of 114661
Estimating maxcond for upper bound 262144 (=65536 * 4)...
t=30: 0%   10   20   30   40   50   60   70   80   90   100%
      |----|----|----|----|----|----|----|----|----|----|
e     ***************************************************
Found maxcond = 22
t=30: 0%   10   20   30   40   50   60   70   80   90   100%
      |----|----|----|----|----|----|----|----|----|----|
      ***************************************************
Q27:	|........ ........ .......- ........|
Q28:	|........ ..-..... ........ ......+.|
Q29:	|........ ..0..... ........ ........|
Q30:	|........ ..+..... ........ ......^.| ok p=0.999023
Q31:	|........ ..-..... ........ ........| ok p=0.999023
Q32:	|........ ........ ........ ........| ok p=1
Q33:	|........ ..^..... ........ ........| ok p=1
Q34:	|........ ........ ........ ........| ok p=1
Q35:	|........ ........ ........ ........| ok p=1
Q36:	|........ ........ ........ ........| ok p=1
Q37:	|........ ........ ........ ........| ok p=1
Q38:	|........ ........ ........ ........| ok p=1
Q39:	|........ ........ ........ ........| ok p=1
Q40:	|........ ........ ........ ........| ok p=1
Q41:	|........ ........ ........ ........| ok p=1
Q42:	|........ ........ ........ ........| ok p=1
Q43:	|........ ........ ........ ........| ok p=1
Q44:	|........ ........ ........ ........| ok p=1
Q45:	|........ ........ ........ ........| ok p=1
Q46:	|........ ........ ........ ........| ok p=1
Q47:	|........ ........ ........ ........| ok p=1
Q48:	|........ ........ ........ ........| ok p=1
Q49:	|........ ........ ........ ........| ok p=1
Q50:	|........ ........ ........ ........| ok p=1
Q51:	|........ ........ ........ ........| ok p=1
Q52:	|........ ........ ........ ........| ok p=1
Q53:	|........ ........ ........ ........| ok p=1
Q54:	|........ ........ ........ ........| ok p=1
Q55:	|........ ........ ........ ........| ok p=1
Q56:	|........ ........ ........ ........| ok p=1
Q57:	|........ ........ ........ ........| ok p=1
Q58:	|........ ........ ........ ........| ok p=1
Q59:	|........ ........ ........ ........| ok p=1
Q60:	|0....... ........ ........ .......0| ok p=1
Q61:	|1....... ........ ........ .....101| ok p=0.509766
Q62:	|+....... ........ ........ .....0.+| ok p=1
Q63:	|-....... ........ ........ .....+--| ok p=0.998047
Q64:	|-....... +....... ........ .......+|
Saving 65536 paths...done.
Autobalance parameters: maxcond=19
Verified: 0 bad out of 135182
Runtime: 3.09944
Extend MD5 differential paths backward
Copyright (C) 2009 Marc Stevens
http://homepages.cwi.nl/~stevens/

delta_m[11] = [!21!]
Loading workdir6/paths30_0of1...done: 65536 (work:65536).
Estimating maxcond for upper bound 400000 (=100000 * 4)...
t=29: 0%   10   20   30   40   50   60   70   80   90   100%
      |----|----|----|----|----|----|----|----|----|----|
e     ***************************************************
Found maxcond = 23
t=29: 0%   10   20   30   40   50   60   70   80   90   100%
      |----|----|----|----|----|----|----|----|----|----|
      ***************************************************
Q26:	|........ ..-..... ...-.... ........|
Q27:	|........ ..+..... ........ ......1.|
Q28:	|........ ..+..... ........ ......+.|
Q29:	|........ ..1..... ........ ........| ok p=1
Q30:	|........ ..-..... ........ ......^.| ok p=1
Q31:	|........ ..-..... ........ ........| ok p=1
Q32:	|........ ........ ........ ........| ok p=1
Q33:	|........ ..!..... ........ ........| ok p=1
Q34:	|........ ........ ........ ........| ok p=1
Q35:	|........ ........ ........ ........| ok p=1
Q36:	|........ ........ ........ ........| ok p=1
Q37:	|........ ........ ........ ........| ok p=1
Q38:	|........ ........ ........ ........| ok p=1
Q39:	|........ ........ ........ ........| ok p=1
Q40:	|........ ........ ........ ........| ok p=1
Q41:	|........ ........ ........ ........| ok p=1
Q42:	|........ ........ ........ ........| ok p=1
Q43:	|........ ........ ........ ........| ok p=1
Q44:	|........ ........ ........ ........| ok p=1
Q45:	|........ ........ ........ ........| ok p=1
Q46:	|........ ........ ........ ........| ok p=1
Q47:	|........ ........ ........ ........| ok p=1
Q48:	|........ ........ ........ ........| ok p=1
Q49:	|........ ........ ........ ........| ok p=1
Q50:	|........ ........ ........ ........| ok p=1
Q51:	|........ ........ ........ ........| ok p=1
Q52:	|........ ........ ........ ........| ok p=1
Q53:	|........ ........ ........ ........| ok p=1
Q54:	|........ ........ ........ ........| ok p=1
Q55:	|........ ........ ........ ........| ok p=1
Q56:	|........ ........ ........ ........| ok p=1
Q57:	|........ ........ ........ ........| ok p=1
Q58:	|........ ........ ........ ........| ok p=1
Q59:	|........ ........ ........ ........| ok p=1
Q60:	|0....... ........ ........ .......0| ok p=1
Q61:	|1....... ........ ........ .....101| ok p=0.509766
Q62:	|+....... ........ ........ .....0.+| ok p=1
Q63:	|-....... ........ ........ .....+--| ok p=0.994141
Q64:	|-....... +....... ........ .......+|
Saving 100000 paths...done.
Autobalance parameters: maxcond=21
Verified: 0 bad out of 157512
Estimating maxcond for upper bound 400000 (=100000 * 4)...
t=28: 0%   10   20   30   40   50   60   70   80   90   100%
      |----|----|----|----|----|----|----|----|----|----|
e     ***************************************************
Found maxcond = 25
t=28: 0%   10   20   30   40   50   60   70   80   90   100%
      |----|----|----|----|----|----|----|----|----|----|
      ***************************************************
Q25:	|...-.... ..-....- ........ ........|
Q26:	|........ ..-..... ...-.... ......-.|
Q27:	|........ ..+..... ........ ......0.|
Q28:	|........ ..+..... ...^.... ......+.| ok p=0.94043
Q29:	|........ ..1..... ........ ........| ok p=1
Q30:	|........ ..-..... ........ ......^.| ok p=1
Q31:	|........ ..-..... ........ ........| ok p=1
Q32:	|........ ........ ........ ........| ok p=1
Q33:	|........ ..!..... ........ ........| ok p=1
Q34:	|........ ........ ........ ........| ok p=1
Q35:	|........ ........ ........ ........| ok p=1
Q36:	|........ ........ ........ ........| ok p=1
Q37:	|........ ........ ........ ........| ok p=1
Q38:	|........ ........ ........ ........| ok p=1
Q39:	|........ ........ ........ ........| ok p=1
Q40:	|........ ........ ........ ........| ok p=1
Q41:	|........ ........ ........ ........| ok p=1
Q42:	|........ ........ ........ ........| ok p=1
Q43:	|........ ........ ........ ........| ok p=1
Q44:	|........ ........ ........ ........| ok p=1
Q45:	|........ ........ ........ ........| ok p=1
Q46:	|........ ........ ........ ........| ok p=1
Q47:	|........ ........ ........ ........| ok p=1
Q48:	|........ ........ ........ ........| ok p=1
Q49:	|........ ........ ........ ........| ok p=1
Q50:	|........ ........ ........ ........| ok p=1
Q51:	|........ ........ ........ ........| ok p=1
Q52:	|........ ........ ........ ........| ok p=1
Q53:	|........ ........ ........ ........| ok p=1
Q54:	|........ ........ ........ ........| ok p=1
Q55:	|........ ........ ........ ........| ok p=1
Q56:	|........ ........ ........ ........| ok p=1
Q57:	|........ ........ ........ ........| ok p=1
Q58:	|........ ........ ........ ........| ok p=1
Q59:	|........ ........ ........ ........| ok p=1
Q60:	|0....... ........ ........ .......0| ok p=1
Q61:	|1....... ........ ........ .....101| ok p=0.481445
Q62:	|+....... ........ ........ .....0.+| ok p=1
Q63:	|-....... ........ ........ .....+--| ok p=0.99707
Q64:	|-....... +....... ........ .......+|
Saving 100000 paths...done.
Autobalance parameters: maxcond=23
Verified: 0 bad out of 167028
Estimating maxcond for upper bound 400000 (=100000 * 4)...
t=27: 0%   10   20   30   40   50   60   70   80   90   100%
      |----|----|----|----|----|----|----|----|----|----|
e     ***************************************************
Found maxcond = 28
t=27: 0%   10   20   30   40   50   60   70   80   90   100%
      |----|----|----|----|----|----|----|----|----|----|
      ***************************************************
Q24:	|........ ........ ..+..... ......+.|
Q25:	|...-.... .......- ...1.... ........|
Q26:	|........ ..0..... ...-.... ......0.|
Q27:	|...^.... ..1....^ ........ ......1.| ok p=0.999023
Q28:	|........ ..+..... ...^.... ......+.| ok p=0.93457
Q29:	|........ ..0..... ........ ........| ok p=1
Q30:	|........ ..-..... ........ ......^.| ok p=1
Q31:	|........ ..-..... ........ ........| ok p=1
Q32:	|........ ........ ........ ........| ok p=1
Q33:	|........ ..!..... ........ ........| ok p=1
Q34:	|........ ........ ........ ........| ok p=1
Q35:	|........ ........ ........ ........| ok p=1
Q36:	|........ ........ ........ ........| ok p=1
Q37:	|........ ........ ........ ........| ok p=1
Q38:	|........ ........ ........ ........| ok p=1
Q39:	|........ ........ ........ ........| ok p=1
Q40:	|........ ........ ........ ........| ok p=1
Q41:	|........ ........ ........ ........| ok p=1
Q42:	|........ ........ ........ ........| ok p=1
Q43:	|........ ........ ........ ........| ok p=1
Q44:	|........ ........ ........ ........| ok p=1
Q45:	|........ ........ ........ ........| ok p=1
Q46:	|........ ........ ........ ........| ok p=1
Q47:	|........ ........ ........ ........| ok p=1
Q48:	|........ ........ ........ ........| ok p=1
Q49:	|........ ........ ........ ........| ok p=1
Q50:	|........ ........ ........ ........| ok p=1
Q51:	|........ ........ ........ ........| ok p=1
Q52:	|........ ........ ........ ........| ok p=1
Q53:	|........ ........ ........ ........| ok p=1
Q54:	|........ ........ ........ ........| ok p=1
Q55:	|........ ........ ........ ........| ok p=1
Q56:	|........ ........ ........ ........| ok p=1
Q57:	|........ ........ ........ ........| ok p=1
Q58:	|........ ........ ........ ........| ok p=1
Q59:	|........ ........ ........ ........| ok p=1
Q60:	|0....... ........ ........ .......0| ok p=1
Q61:	|1....... ........ ........ .....101| ok p=0.488281
Q62:	|+....... ........ ........ .....0.+| ok p=1
Q63:	|-....... ........ ........ .....+--| ok p=1
Q64:	|-....... +....... ........ .......+|
Saving 100000 paths...done.
Autobalance parameters: maxcond=26
Verified: 0 bad out of 173058
Estimating maxcond for upper bound 400000 (=100000 * 4)...
t=26: 0%   10   20   30   40   50   60   70   80   90   100%
      |----|----|----|----|----|----|----|----|----|----|
e     ***************************************************
Found maxcond = 31
t=26: 0%   10   20   30   40   50   60   70   80   90   100%
      |----|----|----|----|----|----|----|----|----|----|
      ***************************************************
Q23:	|.+...... ...+.... ........ ......+.|
Q24:	|...1.... .......1 ...0.... ......+.|
Q25:	|...-.... .......- ...1.... ......-.|
Q26:	|........ ..0..... ...-.... ......-.| ok p=0.74707
Q27:	|...^.... ..1....^ ........ ......+.| ok p=1
Q28:	|........ ..+..... ...^.... ......+.| ok p=0.966797
Q29:	|........ ..0..... ........ ......1.| ok p=1
Q30:	|........ ..-..... ........ ......0.| ok p=1
Q31:	|........ ..-..... ........ ........| ok p=0.998047
Q32:	|........ ........ ........ ........| ok p=1
Q33:	|........ ..!..... ........ ........| ok p=1
Q34:	|........ ........ ........ ........| ok p=1
Q35:	|........ ........ ........ ........| ok p=1
Q36:	|........ ........ ........ ........| ok p=1
Q37:	|........ ........ ........ ........| ok p=1
Q38:	|........ ........ ........ ........| ok p=1
Q39:	|........ ........ ........ ........| ok p=1
Q40:	|........ ........ ........ ........| ok p=1
Q41:	|........ ........ ........ ........| ok p=1
Q42:	|........ ........ ........ ........| ok p=1
Q43:	|........ ........ ........ ........| ok p=1
Q44:	|........ ........ ........ ........| ok p=1
Q45:	|........ ........ ........ ........| ok p=1
Q46:	|........ ........ ........ ........| ok p=1
Q47:	|........ ........ ........ ........| ok p=1
Q48:	|........ ........ ........ ........| ok p=1
Q49:	|........ ........ ........ ........| ok p=1
Q50:	|........ ........ ........ ........| ok p=1
Q51:	|........ ........ ........ ........| ok p=1
Q52:	|........ ........ ........ ........| ok p=1
Q53:	|........ ........ ........ ........| ok p=1
Q54:	|........ ........ ........ ........| ok p=1
Q55:	|........ ........ ........ ........| ok p=1
Q56:	|........ ........ ........ ........| ok p=1
Q57:	|........ ........ ........ ........| ok p=1
Q58:	|........ ........ ........ ........| ok p=1
Q59:	|........ ........ ........ ........| ok p=1
Q60:	|0....... ........ ........ .......0| ok p=1
Q61:	|1....... ........ ........ .....101| ok p=0.493164
Q62:	|+....... ........ ........ .....0.+| ok p=1
Q63:	|-....... ........ ........ .....+--| ok p=0.996094
Q64:	|-....... +....... ........ .......+|
Saving 100000 paths...done.
Autobalance parameters: maxcond=29
Verified: 0 bad out of 164041
Estimating maxcond for upper bound 400000 (=100000 * 4)...
t=25: 0%   10   20   30   40   50   60   70   80   90   100%
      |----|----|----|----|----|----|----|----|----|----|
e     ***************************************************
Found maxcond = 36
t=25: 0%   10   20   30   40   50   60   70   80   90   100%
      |----|----|----|----|----|----|----|----|----|----|
      ***************************************************
Q22:	|.......+ ....+... ........ +...-...|
Q23:	|.+.+.... .......0 ........ ........|
Q24:	|...0.... .......1 ...0.... ......0.|
Q25:	|.^.-.... .......- ...1.... ........| ok p=0.952148
Q26:	|........ ..0..... ...-.... .....0+.| ok p=0.761719
Q27:	|...^.... ..1....^ ........ .....1+.| ok p=1
Q28:	|........ ..+..... ...^.... .....+-.| ok p=0.96582
Q29:	|........ ..0..... ........ ......0.| ok p=1
Q30:	|........ ..-..... ........ .....^1.| ok p=1
Q31:	|........ ..-..... ........ ........| ok p=1
Q32:	|........ ........ ........ ........| ok p=1
Q33:	|........ ..!..... ........ ........| ok p=1
Q34:	|........ ........ ........ ........| ok p=1
Q35:	|........ ........ ........ ........| ok p=1
Q36:	|........ ........ ........ ........| ok p=1
Q37:	|........ ........ ........ ........| ok p=1
Q38:	|........ ........ ........ ........| ok p=1
Q39:	|........ ........ ........ ........| ok p=1
Q40:	|........ ........ ........ ........| ok p=1
Q41:	|........ ........ ........ ........| ok p=1
Q42:	|........ ........ ........ ........| ok p=1
Q43:	|........ ........ ........ ........| ok p=1
Q44:	|........ ........ ........ ........| ok p=1
Q45:	|........ ........ ........ ........| ok p=1
Q46:	|........ ........ ........ ........| ok p=1
Q47:	|........ ........ ........ ........| ok p=1
Q48:	|........ ........ ........ ........| ok p=1
Q49:	|........ ........ ........ ........| ok p=1
Q50:	|........ ........ ........ ........| ok p=1
Q51:	|........ ........ ........ ........| ok p=1
Q52:	|........ ........ ........ ........| ok p=1
Q53:	|........ ........ ........ ........| ok p=1
Q54:	|........ ........ ........ ........| ok p=1
Q55:	|........ ........ ........ ........| ok p=1
Q56:	|........ ........ ........ ........| ok p=1
Q57:	|........ ........ ........ ........| ok p=1
Q58:	|........ ........ ........ ........| ok p=1
Q59:	|........ ........ ........ ........| ok p=1
Q60:	|0....... ........ ........ .......0| ok p=1
Q61:	|1....... ........ ........ .....101| ok p=0.50293
Q62:	|+....... ........ ........ .....0.+| ok p=1
Q63:	|-....... ........ ........ .....+--| ok p=0.99707
Q64:	|-....... +....... ........ .......+|
Saving 100000 paths...done.
Autobalance parameters: maxcond=35
Verified: 0 bad out of 143265
Estimating maxcond for upper bound 400000 (=100000 * 4)...
t=24: 0%   10   20   30   40   50   60   70   80   90   100%
      |----|----|----|----|----|----|----|----|----|----|
e     ***************************************************
Found maxcond = 44
t=24: 0%   10   20   30   40   50   60   70   80   90   100%
      |----|----|----|----|----|----|----|----|----|----|
      ***************************************************
Q21:	|..-..... -....... ....-... ......-.|
Q22:	|.1...... ...1+... ........ +...-...|
Q23:	|.+.0.... ...+...0 ........ ......+.|
Q24:	|...1.... ....^..1 ...0.... ^...^.+.| ok p=0.736328
Q25:	|.^.-.... ...^...- ...1.... ......-.| ok p=0.930664
Q26:	|........ ..0..... ...-.... ......-.| ok p=0.737305
Q27:	|...^.... ..1....^ ........ ......+.| ok p=0.999023
Q28:	|........ ..+..... ...^.... ......+.| ok p=0.96582
Q29:	|........ ..0..... ........ ......1.| ok p=1
Q30:	|........ ..-..... ........ ......0.| ok p=1
Q31:	|........ ..-..... ........ ........| ok p=1
Q32:	|........ ........ ........ ........| ok p=1
Q33:	|........ ..!..... ........ ........| ok p=1
Q34:	|........ ........ ........ ........| ok p=1
Q35:	|........ ........ ........ ........| ok p=1
Q36:	|........ ........ ........ ........| ok p=1
Q37:	|........ ........ ........ ........| ok p=1
Q38:	|........ ........ ........ ........| ok p=1
Q39:	|........ ........ ........ ........| ok p=1
Q40:	|........ ........ ........ ........| ok p=1
Q41:	|........ ........ ........ ........| ok p=1
Q42:	|........ ........ ........ ........| ok p=1
Q43:	|........ ........ ........ ........| ok p=1
Q44:	|........ ........ ........ ........| ok p=1
Q45:	|........ ........ ........ ........| ok p=1
Q46:	|........ ........ ........ ........| ok p=1
Q47:	|........ ........ ........ ........| ok p=1
Q48:	|........ ........ ........ ........| ok p=1
Q49:	|........ ........ ........ ........| ok p=1
Q50:	|........ ........ ........ ........| ok p=1
Q51:	|........ ........ ........ ........| ok p=1
Q52:	|........ ........ ........ ........| ok p=1
Q53:	|........ ........ ........ ........| ok p=1
Q54:	|........ ........ ........ ........| ok p=1
Q55:	|........ ........ ........ ........| ok p=1
Q56:	|........ ........ ........ ........| ok p=1
Q57:	|........ ........ ........ ........| ok p=1
Q58:	|........ ........ ........ ........| ok p=1
Q59:	|........ ........ ........ ........| ok p=1
Q60:	|0....... ........ ........ .......0| ok p=1
Q61:	|1....... ........ ........ .....101| ok p=0.495117
Q62:	|+....... ........ ........ .....0.+| ok p=1
Q63:	|-....... ........ ........ .....+--| ok p=0.995117
Q64:	|-....... +....... ........ .......+|
Saving 100000 paths...done.
Autobalance parameters: maxcond=43
Verified: 0 bad out of 133000
Estimating maxcond for upper bound 400000 (=100000 * 4)...
t=23: 0%   10   20   30   40   50   60   70   80   90   100%
      |----|----|----|----|----|----|----|----|----|----|
e     ***************************************************
Found maxcond = 53
t=23: 0%   10   20   30   40   50   60   70   80   90   100%
      |----|----|----|----|----|----|----|----|----|----|
      ***************************************************
Q20:	|..-..... .......- .....-.. ........|
Q21:	|.0.....1 -...1... ........ 1...1...|
Q22:	|.1.....+ ....+..+ ........ +...-...|
Q23:	|.+.0.... ^......+ ........ ........| ok p=0.576172
Q24:	|...1...^ ....^..- ...0.... ^...^.0.| ok p=0.876953
Q25:	|.^.-.... .......- ...1.... ........| ok p=0.942383
Q26:	|........ ..0....1 ...-.... .....0+.| ok p=0.764648
Q27:	|...^.... ..1....0 ........ .....1+.| ok p=1
Q28:	|........ ..+..... ...^.... .....+-.| ok p=0.972656
Q29:	|........ ..0..... ........ ......0.| ok p=1
Q30:	|........ ..-..... ........ .....^1.| ok p=1
Q31:	|........ ..-..... ........ ........| ok p=0.999023
Q32:	|........ ........ ........ ........| ok p=1
Q33:	|........ ..!..... ........ ........| ok p=1
Q34:	|........ ........ ........ ........| ok p=1
Q35:	|........ ........ ........ ........| ok p=1
Q36:	|........ ........ ........ ........| ok p=1
Q37:	|........ ........ ........ ........| ok p=1
Q38:	|........ ........ ........ ........| ok p=1
Q39:	|........ ........ ........ ........| ok p=1
Q40:	|........ ........ ........ ........| ok p=1
Q41:	|........ ........ ........ ........| ok p=1
Q42:	|........ ........ ........ ........| ok p=1
Q43:	|........ ........ ........ ........| ok p=1
Q44:	|........ ........ ........ ........| ok p=1
Q45:	|........ ........ ........ ........| ok p=1
Q46:	|........ ........ ........ ........| ok p=1
Q47:	|........ ........ ........ ........| ok p=1
Q48:	|........ ........ ........ ........| ok p=1
Q49:	|........ ........ ........ ........| ok p=1
Q50:	|........ ........ ........ ........| ok p=1
Q51:	|........ ........ ........ ........| ok p=1
Q52:	|........ ........ ........ ........| ok p=1
Q53:	|........ ........ ........ ........| ok p=1
Q54:	|........ ........ ........ ........| ok p=1
Q55:	|........ ........ ........ ........| ok p=1
Q56:	|........ ........ ........ ........| ok p=1
Q57:	|........ ........ ........ ........| ok p=1
Q58:	|........ ........ ........ ........| ok p=1
Q59:	|........ ........ ........ ........| ok p=1
Q60:	|0....... ........ ........ .......0| ok p=1
Q61:	|1....... ........ ........ .....101| ok p=0.482422
Q62:	|+....... ........ ........ .....0.+| ok p=1
Q63:	|-....... ........ ........ .....+--| ok p=0.999023
Q64:	|-....... +....... ........ .......+|
Saving 100000 paths...done.
Autobalance parameters: maxcond=52
Verified: 0 bad out of 107195
Estimating maxcond for upper bound 400000 (=100000 * 4)...
t=22: 0%   10   20   30   40   50   60   70   80   90   100%
      |----|----|----|----|----|----|----|----|----|----|
e     ***************************************************
Found maxcond = 60
t=22: 0%   10   20   30   40   50   60   70   80   90   100%
      |----|----|----|----|----|----|----|----|----|----|
      ***************************************************
Q19:	|......-. ..+....+ .....-.. ..-.....|
Q20:	|.......0 1...-... ....1-.. -...0...|
Q21:	|.0.....1 -...0... ....-... 0...1...|
Q22:	|.1.....+ ....+... .....^.. +...-...| ok p=0.794922
Q23:	|.+.0.... ^......0 ....^... ........| ok p=0.753906
Q24:	|...1...^ ....^..1 ...0.... ^...^.0.| ok p=0.851562
Q25:	|.^.-.... .......- ...1.... ........| ok p=0.933594
Q26:	|........ ..0..... ...-.... .....0+.| ok p=0.753906
Q27:	|...^.... ..1....^ ........ .....1+.| ok p=1
Q28:	|........ ..+..... ...^.... .....+-.| ok p=0.976562
Q29:	|........ ..0..... ........ ......0.| ok p=1
Q30:	|........ ..-..... ........ .....^1.| ok p=1
Q31:	|........ ..-..... ........ ........| ok p=0.999023
Q32:	|........ ........ ........ ........| ok p=1
Q33:	|........ ..!..... ........ ........| ok p=1
Q34:	|........ ........ ........ ........| ok p=1
Q35:	|........ ........ ........ ........| ok p=1
Q36:	|........ ........ ........ ........| ok p=1
Q37:	|........ ........ ........ ........| ok p=1
Q38:	|........ ........ ........ ........| ok p=1
Q39:	|........ ........ ........ ........| ok p=1
Q40:	|........ ........ ........ ........| ok p=1
Q41:	|........ ........ ........ ........| ok p=1
Q42:	|........ ........ ........ ........| ok p=1
Q43:	|........ ........ ........ ........| ok p=1
Q44:	|........ ........ ........ ........| ok p=1
Q45:	|........ ........ ........ ........| ok p=1
Q46:	|........ ........ ........ ........| ok p=1
Q47:	|........ ........ ........ ........| ok p=1
Q48:	|........ ........ ........ ........| ok p=1
Q49:	|........ ........ ........ ........| ok p=1
Q50:	|........ ........ ........ ........| ok p=1
Q51:	|........ ........ ........ ........| ok p=1
Q52:	|........ ........ ........ ........| ok p=1
Q53:	|........ ........ ........ ........| ok p=1
Q54:	|........ ........ ........ ........| ok p=1
Q55:	|........ ........ ........ ........| ok p=1
Q56:	|........ ........ ........ ........| ok p=1
Q57:	|........ ........ ........ ........| ok p=1
Q58:	|........ ........ ........ ........| ok p=1
Q59:	|........ ........ ........ ........| ok p=1
Q60:	|0....... ........ ........ .......0| ok p=1
Q61:	|1....... ........ ........ .....101| ok p=0.513672
Q62:	|+....... ........ ........ .....0.+| ok p=1
Q63:	|-....... ........ ........ .....+--| ok p=0.995117
Q64:	|-....... +....... ........ .......+|
Saving 100000 paths...done.
Autobalance parameters: maxcond=59
Verified: 0 bad out of 122903
Estimating maxcond for upper bound 400000 (=100000 * 4)...
t=21: 0%   10   20   30   40   50   60   70   80   90   100%
      |----|----|----|----|----|----|----|----|----|----|
e     ***************************************************
Found maxcond = 71
t=21: 0%   10   20   30   40   50   60   70   80   90   100%
      |----|----|----|----|----|----|----|----|----|----|
      ***************************************************
Q18:	|.+...-.. +......+ .-.+.-.. .....+..|
Q19:	|.......- -.+....+ .....+.. ..-.....|
Q20:	|.......- 0...0... ....-+.. 0...0...|
Q21:	|.0.....0 -.^.1..^ ....-0.. 1.^.1...| ok p=0.745117
Q22:	|.1.....+ ....+... ....1^.. +...-...| ok p=0.800781
Q23:	|.+.0.... ^......0 ....^... ........| ok p=0.776367
Q24:	|...1...^ ....^..1 ...0.... ^...^.0.| ok p=0.883789
Q25:	|.^.-.... .......- ...1.... ........| ok p=0.928711
Q26:	|........ ..0..... ...-.... .....0+.| ok p=0.766602
Q27:	|...^.... ..1....^ ........ .....1+.| ok p=1
Q28:	|........ ..+..... ...^.... .....+-.| ok p=0.953125
Q29:	|........ ..0..... ........ ......0.| ok p=1
Q30:	|........ ..-..... ........ .....^1.| ok p=1
Q31:	|........ ..-..... ........ ........| ok p=0.996094
Q32:	|........ ........ ........ ........| ok p=1
Q33:	|........ ..!..... ........ ........| ok p=1
Q34:	|........ ........ ........ ........| ok p=1
Q35:	|........ ........ ........ ........| ok p=1
Q36:	|........ ........ ........ ........| ok p=1
Q37:	|........ ........ ........ ........| ok p=1
Q38:	|........ ........ ........ ........| ok p=1
Q39:	|........ ........ ........ ........| ok p=1
Q40:	|........ ........ ........ ........| ok p=1
Q41:	|........ ........ ........ ........| ok p=1
Q42:	|........ ........ ........ ........| ok p=1
Q43:	|........ ........ ........ ........| ok p=1
Q44:	|........ ........ ........ ........| ok p=1
Q45:	|........ ........ ........ ........| ok p=1
Q46:	|........ ........ ........ ........| ok p=1
Q47:	|........ ........ ........ ........| ok p=1
Q48:	|........ ........ ........ ........| ok p=1
Q49:	|........ ........ ........ ........| ok p=1
Q50:	|........ ........ ........ ........| ok p=1
Q51:	|........ ........ ........ ........| ok p=1
Q52:	|........ ........ ........ ........| ok p=1
Q53:	|........ ........ ........ ........| ok p=1
Q54:	|........ ........ ........ ........| ok p=1
Q55:	|........ ........ ........ ........| ok p=1
Q56:	|........ ........ ........ ........| ok p=1
Q57:	|........ ........ ........ ........| ok p=1
Q58:	|........ ........ ........ ........| ok p=1
Q59:	|........ ........ ........ ........| ok p=1
Q60:	|0....... ........ ........ .......0| ok p=1
Q61:	|1....... ........ ........ .....101| ok p=0.479492
Q62:	|+....... ........ ........ .....0.+| ok p=1
Q63:	|-....... ........ ........ .....+--| ok p=0.992188
Q64:	|-....... +....... ........ .......+|
Saving 100000 paths...done.
Autobalance parameters: maxcond=70
Verified: 0 bad out of 129478
Runtime: 9.54085
Extend MD5 differential paths backward
Copyright (C) 2009 Marc Stevens
http://homepages.cwi.nl/~stevens/

delta_m[11] = [!21!]
Loading workdir6/paths21_0of1...done: 100000 (work:100000).
Estimating maxcond for upper bound 65536 (=16384 * 4)...
t=20: 0%   10   20   30   40   50   60   70   80   90   100%
      |----|----|----|----|----|----|----|----|----|----|
e     ***************************************************
Found maxcond = 84
t=20: 0%   10   20   30   40   50   60   70   80   90   100%
      |----|----|----|----|----|----|----|----|----|----|
      ***************************************************
Q17:	|+.....+. -....+.. .....+.. ..-.-..-|
Q18:	|.+...... +.1....+ .-...+.. ..1..+..|
Q19:	|.......- -.+....+ ....01.. ..-.+...|
Q20:	|.^.....- 0...0..0 .^..0-.. 0...+^..| ok p=0.491211
Q21:	|.0.....0 -.^.1..^ ....-1.. 1.^.-...| ok p=0.734375
Q22:	|.1.....+ ....+... .....0.. +...-...| ok p=0.802734
Q23:	|.+.0.... ^......0 ....^... ....1...| ok p=0.743164
Q24:	|...1...^ ....^..1 ...0.... ^...0.0.| ok p=0.87793
Q25:	|.^.-.... .......- ...1.... ........| ok p=0.920898
Q26:	|........ ..0..... ...-.... .....0+.| ok p=0.755859
Q27:	|...^.... ..1....^ ........ .....1+.| ok p=0.999023
Q28:	|........ ..+..... ...^.... .....+-.| ok p=0.962891
Q29:	|........ ..0..... ........ ......0.| ok p=0.999023
Q30:	|........ ..-..... ........ .....^1.| ok p=1
Q31:	|........ ..-..... ........ ........| ok p=0.999023
Q32:	|........ ........ ........ ........| ok p=1
Q33:	|........ ..!..... ........ ........| ok p=1
Q34:	|........ ........ ........ ........| ok p=1
Q35:	|........ ........ ........ ........| ok p=1
Q36:	|........ ........ ........ ........| ok p=1
Q37:	|........ ........ ........ ........| ok p=1
Q38:	|........ ........ ........ ........| ok p=1
Q39:	|........ ........ ........ ........| ok p=1
Q40:	|........ ........ ........ ........| ok p=1
Q41:	|........ ........ ........ ........| ok p=1
Q42:	|........ ........ ........ ........| ok p=1
Q43:	|........ ........ ........ ........| ok p=1
Q44:	|........ ........ ........ ........| ok p=1
Q45:	|........ ........ ........ ........| ok p=1
Q46:	|........ ........ ........ ........| ok p=1
Q47:	|........ ........ ........ ........| ok p=1
Q48:	|........ ........ ........ ........| ok p=1
Q49:	|........ ........ ........ ........| ok p=1
Q50:	|........ ........ ........ ........| ok p=1
Q51:	|........ ........ ........ ........| ok p=1
Q52:	|........ ........ ........ ........| ok p=1
Q53:	|........ ........ ........ ........| ok p=1
Q54:	|........ ........ ........ ........| ok p=1
Q55:	|........ ........ ........ ........| ok p=1
Q56:	|........ ........ ........ ........| ok p=1
Q57:	|........ ........ ........ ........| ok p=1
Q58:	|........ ........ ........ ........| ok p=1
Q59:	|........ ........ ........ ........| ok p=1
Q60:	|0....... ........ ........ .......0| ok p=1
Q61:	|1....... ........ ........ .....101| ok p=0.522461
Q62:	|+....... ........ ........ .....0.+| ok p=1
Q63:	|-....... ........ ........ .....+--| ok p=0.995117
Q64:	|-....... +....... ........ .......+|
Saving 16384 paths...done.
Autobalance parameters: maxcond=83
Verified: 452 bad out of 24267
Runtime: 2.5036
Extend MD5 differential paths backward
Copyright (C) 2009 Marc Stevens
http://homepages.cwi.nl/~stevens/

delta_m[11] = [!21!]
Loading workdir6/paths20_0of1...done: 16384 (work:16384).
Estimating maxcond for upper bound 2000000 (=500000 * 4)...
t=19: 0%   10   20   30   40   50   60   70   80   90   100%
      |----|----|----|----|----|----|----|----|----|----|
e     ***************************************************
Found maxcond = 95
t=19: 0%   10   20   30   40   50   60   70   80   90   100%
      |----|----|----|----|----|----|----|----|----|----|
      ***************************************************
Q16:	|...-..+. -......+ .....-.. ..+...-.|
Q17:	|.1...... ..-..-.. .1...... ..0..1..|
Q18:	|.+....-. ..0....+ .-...+.. ..0..+..|
Q19:	|......-. 0.+..^.+ ....0+.. ..-.....| ok p=0.922852
Q20:	|.^....00 1...0..0 .^..0-.. 0...0^..| ok p=1
Q21:	|.0....11 -.^.1..^ ....-1.. 1.^.1...| ok p=0.807617
Q22:	|.1.....+ ....+... .....^.. +...-...| ok p=0.803711
Q23:	|.+.0.... ^......0 ....^... ........| ok p=0.755859
Q24:	|...1...^ ....^..1 ...0.... ^...^.0.| ok p=0.874023
Q25:	|.^.-.... .......- ...1.... ........| ok p=0.933594
Q26:	|........ ..0..... ...-.... .....0+.| ok p=0.730469
Q27:	|...^.... ..1....^ ........ .....1+.| ok p=1
Q28:	|........ ..+..... ...^.... .....+-.| ok p=0.970703
Q29:	|........ ..0..... ........ ......0.| ok p=1
Q30:	|........ ..-..... ........ .....^1.| ok p=1
Q31:	|........ ..-..... ........ ........| ok p=1
Q32:	|........ ........ ........ ........| ok p=1
Q33:	|........ ..!..... ........ ........| ok p=1
Q34:	|........ ........ ........ ........| ok p=1
Q35:	|........ ........ ........ ........| ok p=1
Q36:	|........ ........ ........ ........| ok p=1
Q37:	|........ ........ ........ ........| ok p=1
Q38:	|........ ........ ........ ........| ok p=1
Q39:	|........ ........ ........ ........| ok p=1
Q40:	|........ ........ ........ ........| ok p=1
Q41:	|........ ........ ........ ........| ok p=1
Q42:	|........ ........ ........ ........| ok p=1
Q43:	|........ ........ ........ ........| ok p=1
Q44:	|........ ........ ........ ........| ok p=1
Q45:	|........ ........ ........ ........| ok p=1
Q46:	|........ ........ ........ ........| ok p=1
Q47:	|........ ........ ........ ........| ok p=1
Q48:	|........ ........ ........ ........| ok p=1
Q49:	|........ ........ ........ ........| ok p=1
Q50:	|........ ........ ........ ........| ok p=1
Q51:	|........ ........ ........ ........| ok p=1
Q52:	|........ ........ ........ ........| ok p=1
Q53:	|........ ........ ........ ........| ok p=1
Q54:	|........ ........ ........ ........| ok p=1
Q55:	|........ ........ ........ ........| ok p=1
Q56:	|........ ........ ........ ........| ok p=1
Q57:	|........ ........ ........ ........| ok p=1
Q58:	|........ ........ ........ ........| ok p=1
Q59:	|........ ........ ........ ........| ok p=1
Q60:	|0....... ........ ........ .......0| ok p=1
Q61:	|1....... ........ ........ .....101| ok p=0.482422
Q62:	|+....... ........ ........ .....0.+| ok p=1
Q63:	|-....... ........ ........ .....+--| ok p=0.993164
Q64:	|-....... +....... ........ .......+|
Saving 500000 paths...done.
Autobalance parameters: maxcond=94
Verified: 0 bad out of 749589
Estimating maxcond for upper bound 2000000 (=500000 * 4)...
t=18: 0%   10   20   30   40   50   60   70   80   90   100%
      |----|----|----|----|----|----|----|----|----|----|
e     ***************************************************
Found maxcond = 107
t=18: 0%   10   20   30   40   50   60   70   80   90   100%
      |----|----|----|----|----|----|----|----|----|----|
      ***************************************************
Q15:	|..-....- .+.+...- .....-.. +......+|
Q16:	|.-.-..+. .....1.+ .0...... ..+..0-.|
Q17:	|.0....0. ..0..-.1 .1...+.. ..-..1..|
Q18:	|.+.^..-. ..1....+ .-...+.. ..1..+^.| ok p=0.666016
Q19:	|......-. 0.+..^.+ ....0-.. ..-.....| ok p=0.907227
Q20:	|.^....00 1...0..0 .^..1-.. 0...0^..| ok p=1
Q21:	|.0....11 -.^.1..^ ....-0.. 1.^.1...| ok p=0.767578
Q22:	|.1.....+ ....+... .....^.. +...-...| ok p=0.816406
Q23:	|.+.0.... ^......0 ....^... ........| ok p=0.750977
Q24:	|...1...^ ....^..1 ...0.... ^...^.0.| ok p=0.888672
Q25:	|.^.-.... .......- ...1.... ........| ok p=0.9375
Q26:	|........ ..0..... ...-.... .....0+.| ok p=0.756836
Q27:	|...^.... ..1....^ ........ .....1+.| ok p=0.99707
Q28:	|........ ..+..... ...^.... .....+-.| ok p=0.967773
Q29:	|........ ..0..... ........ ......0.| ok p=0.999023
Q30:	|........ ..-..... ........ .....^1.| ok p=1
Q31:	|........ ..-..... ........ ........| ok p=1
Q32:	|........ ........ ........ ........| ok p=1
Q33:	|........ ..!..... ........ ........| ok p=1
Q34:	|........ ........ ........ ........| ok p=1
Q35:	|........ ........ ........ ........| ok p=1
Q36:	|........ ........ ........ ........| ok p=1
Q37:	|........ ........ ........ ........| ok p=1
Q38:	|........ ........ ........ ........| ok p=1
Q39:	|........ ........ ........ ........| ok p=1
Q40:	|........ ........ ........ ........| ok p=1
Q41:	|........ ........ ........ ........| ok p=1
Q42:	|........ ........ ........ ........| ok p=1
Q43:	|........ ........ ........ ........| ok p=1
Q44:	|........ ........ ........ ........| ok p=1
Q45:	|........ ........ ........ ........| ok p=1
Q46:	|........ ........ ........ ........| ok p=1
Q47:	|........ ........ ........ ........| ok p=1
Q48:	|........ ........ ........ ........| ok p=1
Q49:	|........ ........ ........ ........| ok p=1
Q50:	|........ ........ ........ ........| ok p=1
Q51:	|........ ........ ........ ........| ok p=1
Q52:	|........ ........ ........ ........| ok p=1
Q53:	|........ ........ ........ ........| ok p=1
Q54:	|........ ........ ........ ........| ok p=1
Q55:	|........ ........ ........ ........| ok p=1
Q56:	|........ ........ ........ ........| ok p=1
Q57:	|........ ........ ........ ........| ok p=1
Q58:	|........ ........ ........ ........| ok p=1
Q59:	|........ ........ ........ ........| ok p=1
Q60:	|0....... ........ ........ .......0| ok p=1
Q61:	|1....... ........ ........ .....101| ok p=0.480469
Q62:	|+....... ........ ........ .....0.+| ok p=1
Q63:	|-....... ........ ........ .....+--| ok p=0.995117
Q64:	|-....... +....... ........ .......+|
Saving 500000 paths...done.
Autobalance parameters: maxcond=106
Verified: 0 bad out of 733490
Estimating maxcond for upper bound 2000000 (=500000 * 4)...
t=17: 0%   10   20   30   40   50   60   70   80   90   100%
      |----|----|----|----|----|----|----|----|----|----|
e     ***************************************************
Found maxcond = 124
t=17: 0%   10   20   30   40   50   60   70   80   90   100%
      |----|----|----|----|----|----|----|----|----|----|
      ***************************************************
Q14:	|......+. .+...-.- .-.....- ..-...+.|
Q15:	|...1...- ..--..-. .....+.. +.....1+|
Q16:	|.0.-.0.0 1.-...1+ .0...-.. .....0+.|
Q17:	|.1...1.+ ..1^..++ .1...1.. ^.0..0.^| ok p=0.829102
Q18:	|.+.^.-.+ -.1....+ .-...+.. ..0..+^.| ok p=0.72168
Q19:	|.......- -.+...^+ ....0+.. ..-.....| ok p=0.917969
Q20:	|.^...^.- 0...0..1 .^..0-.. 0...0^..| ok p=0.995117
Q21:	|.0.....0 -.^.1..^ ....-1.. 1.^.1...| ok p=0.769531
Q22:	|.1.....+ ....+... .....^.. +...-...| ok p=0.8125
Q23:	|.+.0.... ^......0 ....^... ........| ok p=0.74707
Q24:	|...1...^ ....^..1 ...0.... ^...^.0.| ok p=0.871094
Q25:	|.^.-.... .......- ...1.... ........| ok p=0.926758
Q26:	|........ ..0..... ...-.... .....0+.| ok p=0.744141
Q27:	|...^.... ..1....^ ........ .....1+.| ok p=0.999023
Q28:	|........ ..+..... ...^.... .....+-.| ok p=0.958008
Q29:	|........ ..0..... ........ ......0.| ok p=1
Q30:	|........ ..-..... ........ .....^1.| ok p=1
Q31:	|........ ..-..... ........ ........| ok p=1
Q32:	|........ ........ ........ ........| ok p=1
Q33:	|........ ..!..... ........ ........| ok p=1
Q34:	|........ ........ ........ ........| ok p=1
Q35:	|........ ........ ........ ........| ok p=1
Q36:	|........ ........ ........ ........| ok p=1
Q37:	|........ ........ ........ ........| ok p=1
Q38:	|........ ........ ........ ........| ok p=1
Q39:	|........ ........ ........ ........| ok p=1
Q40:	|........ ........ ........ ........| ok p=1
Q41:	|........ ........ ........ ........| ok p=1
Q42:	|........ ........ ........ ........| ok p=1
Q43:	|........ ........ ........ ........| ok p=1
Q44:	|........ ........ ........ ........| ok p=1
Q45:	|........ ........ ........ ........| ok p=1
Q46:	|........ ........ ........ ........| ok p=1
Q47:	|........ ........ ........ ........| ok p=1
Q48:	|........ ........ ........ ........| ok p=1
Q49:	|........ ........ ........ ........| ok p=1
Q50:	|........ ........ ........ ........| ok p=1
Q51:	|........ ........ ........ ........| ok p=1
Q52:	|........ ........ ........ ........| ok p=1
Q53:	|........ ........ ........ ........| ok p=1
Q54:	|........ ........ ........ ........| ok p=1
Q55:	|........ ........ ........ ........| ok p=1
Q56:	|........ ........ ........ ........| ok p=1
Q57:	|........ ........ ........ ........| ok p=1
Q58:	|........ ........ ........ ........| ok p=1
Q59:	|........ ........ ........ ........| ok p=1
Q60:	|0....... ........ ........ .......0| ok p=1
Q61:	|1....... ........ ........ .....101| ok p=0.463867
Q62:	|+....... ........ ........ .....0.+| ok p=1
Q63:	|-....... ........ ........ .....+--| ok p=0.995117
Q64:	|-....... +....... ........ .......+|
Saving 500000 paths...done.
Autobalance parameters: maxcond=123
Verified: 0 bad out of 843471
Estimating maxcond for upper bound 2000000 (=500000 * 4)...
t=16: 0%   10   20   30   40   50   60   70   80   90   100%
      |----|----|----|----|----|----|----|----|----|----|
e     ***************************************************
Found maxcond = 136
t=16: 0%   10   20   30   40   50   60   70   80   90   100%
      |----|----|----|----|----|----|----|----|----|----|
      ***************************************************
Q13:	|..+...-. +..-.... .-.+.+.. .......-|
Q14:	|........ 1.11...- .....+.. -.-...01|
Q15:	|...-..+. -.--.0.- .....-.. +.1...1+|
Q16:	|.0.-..+. ..1..1.+ .0...0.. 1.+..0-.| ok p=1
Q17:	|.1.0..1. ^.0^.-.- .1...+.. 0.0..1.^| ok p=0.616211
Q18:	|.+.1..-. ..1....+ .-...+.. ..0..+^.| ok p=0.674805
Q19:	|......-. 0.+..^.+ ....0-.. ..-.....| ok p=0.923828
Q20:	|.^....00 1...0..1 .^..1-.. 0...0^..| ok p=1
Q21:	|.0....11 -.^.1..^ ....-0.. 1.^.1...| ok p=0.775391
Q22:	|.1.....+ ....+... .....^.. +...-...| ok p=0.819336
Q23:	|.+.0.... ^......0 ....^... ........| ok p=0.735352
Q24:	|...1...^ ....^..1 ...0.... ^...^.0.| ok p=0.889648
Q25:	|.^.-.... .......- ...1.... ........| ok p=0.946289
Q26:	|........ ..0..... ...-.... .....0+.| ok p=0.759766
Q27:	|...^.... ..1....^ ........ .....1+.| ok p=1
Q28:	|........ ..+..... ...^.... .....+-.| ok p=0.972656
Q29:	|........ ..0..... ........ ......0.| ok p=0.999023
Q30:	|........ ..-..... ........ .....^1.| ok p=1
Q31:	|........ ..-..... ........ ........| ok p=0.999023
Q32:	|........ ........ ........ ........| ok p=1
Q33:	|........ ..!..... ........ ........| ok p=1
Q34:	|........ ........ ........ ........| ok p=1
Q35:	|........ ........ ........ ........| ok p=1
Q36:	|........ ........ ........ ........| ok p=1
Q37:	|........ ........ ........ ........| ok p=1
Q38:	|........ ........ ........ ........| ok p=1
Q39:	|........ ........ ........ ........| ok p=1
Q40:	|........ ........ ........ ........| ok p=1
Q41:	|........ ........ ........ ........| ok p=1
Q42:	|........ ........ ........ ........| ok p=1
Q43:	|........ ........ ........ ........| ok p=1
Q44:	|........ ........ ........ ........| ok p=1
Q45:	|........ ........ ........ ........| ok p=1
Q46:	|........ ........ ........ ........| ok p=1
Q47:	|........ ........ ........ ........| ok p=1
Q48:	|........ ........ ........ ........| ok p=1
Q49:	|........ ........ ........ ........| ok p=1
Q50:	|........ ........ ........ ........| ok p=1
Q51:	|........ ........ ........ ........| ok p=1
Q52:	|........ ........ ........ ........| ok p=1
Q53:	|........ ........ ........ ........| ok p=1
Q54:	|........ ........ ........ ........| ok p=1
Q55:	|........ ........ ........ ........| ok p=1
Q56:	|........ ........ ........ ........| ok p=1
Q57:	|........ ........ ........ ........| ok p=1
Q58:	|........ ........ ........ ........| ok p=1
Q59:	|........ ........ ........ ........| ok p=1
Q60:	|0....... ........ ........ .......0| ok p=1
Q61:	|1....... ........ ........ .....101| ok p=0.494141
Q62:	|+....... ........ ........ .....0.+| ok p=1
Q63:	|-....... ........ ........ .....+--| ok p=0.99707
Q64:	|-....... +....... ........ .......+|
Saving 500000 paths...done.
Autobalance parameters: maxcond=135
Verified: 0 bad out of 721186
Runtime: 30.2543
Connect MD5 differential paths
Copyright (C) 2009 Marc Stevens
http://homepages.cwi.nl/~stevens/

delta_m[11] = [!21!]
Loading workdir6/paths16_0of1.bin.gz...done: 500000.
Loading workdir6/paths11_0of1.bin.gz...done: 500000.
t=12: 0%   10   20   30   40   50   60   70   80   90   100%
      |----|----|----|----|----|----|----|----|----|----|
      *Q-3:	|11101101 11001000 00101101 10010010|
Q-2:	|+0000011 00011110 11100111 0000-+++|
Q-1:	|-1111101 00111110 10001110 1101001-|
Q0:	|-0010101 -1000001 01100000 110011-+| ok p=1
Q1:	|+......- +......0 ...0.... ......0-| ok p=1
Q2:	|+.....10 -.....10 01^-.... ......1-| ok p=1
Q3:	|+.....00 -.....0- 00-+...1 .......-| ok p=1
Q4:	|+0....-+ ......-0 +.0+...1 .......-| ok p=1
Q5:	|11....01 0....10- -.1+...- ...!....| ok p=1
Q6:	|01....10 ..1..0-1 +1.-...- ..0..^.1| ok p=1
Q7:	|.11..... ..100-1+ -1.-.... ..1..-..| ok p=1
Q8:	|.-0...^. ..-..-11 0+.-...1 ..+..0..| ok p=1
Q9:	|1-1...-. ..-^.-.1 0-...... ..+0.1.0| ok p=1
Q10:	|1++...01 .0--.-.1 0-11.1.1 11+0.0.1| ok p=1
Q11:	|0+1^0.11 ^110^+.0 -00010.0 01--011+| ok p=1
Q12:	|--0+1^+- --11-+^- +1-+0+.+ ++0+1-0+| ok p=1
Q13:	|01+0-+++ 1--10+-- -++1--.1 1---+++-| ok p=1
Q14:	|100+1100 1+000.0- 01100+.- 000101+0| ok p=1
Q15:	|..1-01+1 -0--.01- 111.1-.1 +010100+| ok p=0.499023
Q16:	|.0.-..+. .0-..1.+ .0...0.1 ..+..0-.| ok p=1
Q17:	|.1.0..1. ^.1^.-.- .1...+.. ^.-..1.^| ok p=0.570312
Q18:	|.+.1..-. ..1....+ .-...+.. ..1..+^.| ok p=0.658203
Q19:	|......-. 0.+..^.+ ....0-.. ..-.....| ok p=0.928711
Q20:	|.^....00 1...0..1 .^..1-.. 0...0^..| ok p=1
Q21:	|.0....11 -.^.1..1 ....-0.. 1.^.1...| ok p=0.764648
Q22:	|.1.....+ ....+... .....0.. +...-...| ok p=0.796875
Q23:	|.+.0.... ^......0 ....^... ........| ok p=0.741211
Q24:	|...1...^ ....^..1 ...0.... ^...^.0.| ok p=0.870117
Q25:	|.^.-.... .......- ...1.... ........| ok p=0.941406
Q26:	|........ ..0..... ...-.... .....0+.| ok p=0.768555
Q27:	|...^.... ..1....^ ........ .....1+.| ok p=0.999023
Q28:	|........ ..+..... ...^.... .....+-.| ok p=0.97168
Q29:	|........ ..0..... ........ ......0.| ok p=1
Q30:	|........ ..-..... ........ .....^1.| ok p=1
Q31:	|........ ..-..... ........ ........| ok p=0.998047
Q32:	|........ ........ ........ ........| ok p=1
Q33:	|........ ..!..... ........ ........| ok p=1
Q34:	|........ ........ ........ ........| ok p=1
Q35:	|........ ........ ........ ........| ok p=1
Q36:	|........ ........ ........ ........| ok p=1
Q37:	|........ ........ ........ ........| ok p=1
Q38:	|........ ........ ........ ........| ok p=1
Q39:	|........ ........ ........ ........| ok p=1
Q40:	|........ ........ ........ ........| ok p=1
Q41:	|........ ........ ........ ........| ok p=1
Q42:	|........ ........ ........ ........| ok p=1
Q43:	|........ ........ ........ ........| ok p=1
Q44:	|........ ........ ........ ........| ok p=1
Q45:	|........ ........ ........ ........| ok p=1
Q46:	|........ ........ ........ ........| ok p=1
Q47:	|........ ........ ........ ........| ok p=1
Q48:	|........ ........ ........ ........| ok p=1
Q49:	|........ ........ ........ ........| ok p=1
Q50:	|........ ........ ........ ........| ok p=1
Q51:	|........ ........ ........ ........| ok p=1
Q52:	|........ ........ ........ ........| ok p=1
Q53:	|........ ........ ........ ........| ok p=1
Q54:	|........ ........ ........ ........| ok p=1
Q55:	|........ ........ ........ ........| ok p=1
Q56:	|........ ........ ........ ........| ok p=1
Q57:	|........ ........ ........ ........| ok p=1
Q58:	|........ ........ ........ ........| ok p=1
Q59:	|........ ........ ........ ........| ok p=1
Q60:	|0....... ........ ........ .......0| ok p=1
Q61:	|1....... ........ ........ .....101| ok p=0.491211
Q62:	|+....... ........ ........ .....0.+| ok p=1
Q63:	|-....... ........ ........ .....+--| ok p=0.998047
Q64:	|-....... +....... ........ .......+|
Best path: totcompl=-32 tottunnel=36, totcond=536, p=0.0223501
Best paths: 2
Best paths: 4
Q-3:	|11101101 11001000 00101101 10010010|
Q-2:	|+0000011 00011110 11100111 0000-+++|
Q-1:	|-1111101 00111110 10001110 1101001-|
Q0:	|-0010101 -1000001 01100000 110011-+| ok p=1
Q1:	|+......- +......0 ..10.... ......0-| ok p=1
Q2:	|+......0 -......0 01-+.... ......1-| ok p=0.999023
Q3:	|+......0 -.....^- 0.0-.... ......0-| ok p=1
Q4:	|+0!...1- ......-0 +.1+.... ..1..0-+| ok p=1
Q5:	|11....0- 1.....0- -..+.... ..1..10-| ok p=1
Q6:	|0.....-1 ..0...0- -...!..^ ..-..+++| ok p=1
Q7:	|......-0 ..011... +..1...+ ..-..1-+| ok p=1
Q8:	|!..1..0- ..-01..1 -..1...1 ..+..1++| ok p=1
Q9:	|..00..-0 ..+.+..1 0..-...1 ..+!..+0| ok p=1
Q10:	|.11-00-1 0.+1+00- -1.-^!0. 0.1...+1| ok p=1
Q11:	|.00-1001 0.+0+111 +10+-.1^ 0.00..++| ok p=1
Q12:	|^+------ +.++---+ ++1+0^+- +.+0^^-+| ok p=1
Q13:	|----+++1 +^+10-+- -++-0+10 -.1+---1| ok p=1
Q14:	|00010111 1+00001- 1.10101- 0.-11010| ok p=1
Q15:	|001-10+. -1--.+1- 0010.-.1 +.1000--| ok p=0.486328
Q16:	|.0.-..+. .1-..0.+ .0...1.1 ..+..1-.| ok p=0.761719
Q17:	|.1.0..1. ^.1^.-.- .1...+.. ^.0..10^| ok p=0.624023
Q18:	|.+.1..-. ..1....+ .-...+.. ..0..+0.| ok p=0.646484
Q19:	|......-. 0.+..^.+ ....0-.. ..-.....| ok p=0.931641
Q20:	|.^....00 1...0..1 .^..1-.. 0...0^..| ok p=1
Q21:	|.0....11 -.^.1..1 ....-0.. 1.^.1...| ok p=0.792969
Q22:	|.1.....+ ....+... .....0.. +...-...| ok p=0.790039
Q23:	|.+.0.... ^......0 ....^... ........| ok p=0.768555
Q24:	|...1...^ ....^..1 ...0.... ^...^.0.| ok p=0.863281
Q25:	|.^.-.... .......- ...1.... ........| ok p=0.929688
Q26:	|........ ..0..... ...-.... .....0+.| ok p=0.762695
Q27:	|...^.... ..1....^ ........ .....1+.| ok p=1
Q28:	|........ ..+..... ...^.... .....+-.| ok p=0.964844
Q29:	|........ ..0..... ........ ......0.| ok p=1
Q30:	|........ ..-..... ........ .....^1.| ok p=1
Q31:	|........ ..-..... ........ ........| ok p=1
Q32:	|........ ........ ........ ........| ok p=1
Q33:	|........ ..!..... ........ ........| ok p=1
Q34:	|........ ........ ........ ........| ok p=1
Q35:	|........ ........ ........ ........| ok p=1
Q36:	|........ ........ ........ ........| ok p=1
Q37:	|........ ........ ........ ........| ok p=1
Q38:	|........ ........ ........ ........| ok p=1
Q39:	|........ ........ ........ ........| ok p=1
Q40:	|........ ........ ........ ........| ok p=1
Q41:	|........ ........ ........ ........| ok p=1
Q42:	|........ ........ ........ ........| ok p=1
Q43:	|........ ........ ........ ........| ok p=1
Q44:	|........ ........ ........ ........| ok p=1
Q45:	|........ ........ ........ ........| ok p=1
Q46:	|........ ........ ........ ........| ok p=1
Q47:	|........ ........ ........ ........| ok p=1
Q48:	|........ ........ ........ ........| ok p=1
Q49:	|........ ........ ........ ........| ok p=1
Q50:	|........ ........ ........ ........| ok p=1
Q51:	|........ ........ ........ ........| ok p=1
Q52:	|........ ........ ........ ........| ok p=1
Q53:	|........ ........ ........ ........| ok p=1
Q54:	|........ ........ ........ ........| ok p=1
Q55:	|........ ........ ........ ........| ok p=1
Q56:	|........ ........ ........ ........| ok p=1
Q57:	|........ ........ ........ ........| ok p=1
Q58:	|........ ........ ........ ........| ok p=1
Q59:	|........ ........ ........ ........| ok p=1
Q60:	|0....... ........ ........ .......0| ok p=1
Q61:	|1....... ........ ........ .....101| ok p=0.46875
Q62:	|+....... ........ ........ .....0.+| ok p=1
Q63:	|-....... ........ ........ .....+--| ok p=0.998047
Q64:	|-....... +....... ........ .......+|
Best path: totcompl=-32 tottunnel=36, totcond=534, p=0.0203847
Q-3:	|11101101 11001000 00101101 10010010|
Q-2:	|+0000011 00011110 11100111 0000-+++|
Q-1:	|-1111101 00111110 10001110 1101001-|
Q0:	|-0010101 -1000001 01100000 110011-+| ok p=1
Q1:	|+......- +......0 ..10.... ......0-| ok p=1
Q2:	|+......0 -......0 01-+.... ......1-| ok p=1
Q3:	|+!.....0 -.....^- 0.0-.... ......0-| ok p=0.998047
Q4:	|+0....1- ......-0 +.1+.... ..1..0-+| ok p=1
Q5:	|11....0- 1.....0- -..+.... ..1..10-| ok p=1
Q6:	|0.....-1 ..0...0- -...!..^ ..-..+++| ok p=1
Q7:	|......-0 ..011... +..1...+ ..-..1-+| ok p=1
Q8:	|..!1..0- ..-01..1 -..1...1 ..+..1++| ok p=1
Q9:	|..00..-0 ..+.+..1 0..-..11 .!+...+0| ok p=1
Q10:	|.11-00-1 0.+1+00- -1.-^.0. 1.1...+1| ok p=1
Q11:	|.00-1001 0.+0+111 +10+-.1. 1.0...++| ok p=1
Q12:	|^+------ +.++---+ ++1+0^+1 -.+.^^-+| ok p=1
Q13:	|----+++1 +^+10-+- -++-0+10 -!1.+--1| ok p=1
Q14:	|00010111 1+00001- 1.10101- 0.-.1010| ok p=1
Q15:	|001-10+. -1--.+1- 0010.-.1 +.1.00--| ok p=0.522461
Q16:	|.0.-..+. .1-..0.+ .0...1.1 ..+..1-.| ok p=0.734375
Q17:	|.1.0..1. ^.1^.-.- .1...+.. ^.0..10^| ok p=0.59082
Q18:	|.+.1..-. ..1....+ .-...+.. ..0..+0.| ok p=0.668945
Q19:	|......-. 0.+..^.+ ....0-.. ..-.....| ok p=0.928711
Q20:	|.^....00 1...0..1 .^..1-.. 0...0^..| ok p=1
Q21:	|.0....11 -.^.1..1 ....-0.. 1.^.1...| ok p=0.774414
Q22:	|.1.....+ ....+... .....0.. +...-...| ok p=0.796875
Q23:	|.+.0.... ^......0 ....^... ........| ok p=0.741211
Q24:	|...1...^ ....^..1 ...0.... ^...^.0.| ok p=0.857422
Q25:	|.^.-.... .......- ...1.... ........| ok p=0.946289
Q26:	|........ ..0..... ...-.... .....0+.| ok p=0.753906
Q27:	|...^.... ..1....^ ........ .....1+.| ok p=0.999023
Q28:	|........ ..+..... ...^.... .....+-.| ok p=0.97168
Q29:	|........ ..0..... ........ ......0.| ok p=1
Q30:	|........ ..-..... ........ .....^1.| ok p=1
Q31:	|........ ..-..... ........ ........| ok p=1
Q32:	|........ ........ ........ ........| ok p=1
Q33:	|........ ..!..... ........ ........| ok p=1
Q34:	|........ ........ ........ ........| ok p=1
Q35:	|........ ........ ........ ........| ok p=1
Q36:	|........ ........ ........ ........| ok p=1
Q37:	|........ ........ ........ ........| ok p=1
Q38:	|........ ........ ........ ........| ok p=1
Q39:	|........ ........ ........ ........| ok p=1
Q40:	|........ ........ ........ ........| ok p=1
Q41:	|........ ........ ........ ........| ok p=1
Q42:	|........ ........ ........ ........| ok p=1
Q43:	|........ ........ ........ ........| ok p=1
Q44:	|........ ........ ........ ........| ok p=1
Q45:	|........ ........ ........ ........| ok p=1
Q46:	|........ ........ ........ ........| ok p=1
Q47:	|........ ........ ........ ........| ok p=1
Q48:	|........ ........ ........ ........| ok p=1
Q49:	|........ ........ ........ ........| ok p=1
Q50:	|........ ........ ........ ........| ok p=1
Q51:	|........ ........ ........ ........| ok p=1
Q52:	|........ ........ ........ ........| ok p=1
Q53:	|........ ........ ........ ........| ok p=1
Q54:	|........ ........ ........ ........| ok p=1
Q55:	|........ ........ ........ ........| ok p=1
Q56:	|........ ........ ........ ........| ok p=1
Q57:	|........ ........ ........ ........| ok p=1
Q58:	|........ ........ ........ ........| ok p=1
Q59:	|........ ........ ........ ........| ok p=1
Q60:	|0....... ........ ........ .......0| ok p=1
Q61:	|1....... ........ ........ .....101| ok p=0.493164
Q62:	|+....... ........ ........ .....0.+| ok p=1
Q63:	|-....... ........ ........ .....+--| ok p=0.994141
Q64:	|-....... +....... ........ .......+|
Best path: totcompl=-30 tottunnel=38, totcond=529, p=0.0179324
Q-3:	|11101101 11001000 00101101 10010010|
Q-2:	|+0000011 00011110 11100111 0000-+++|
Q-1:	|-1111101 00111110 10001110 1101001-|
Q0:	|-0010101 -1000001 01100000 110011-+| ok p=1
Q1:	|+......- +......0 ..10.... ......0-| ok p=1
Q2:	|+......0 -......0 01-+.... ......1-| ok p=0.999023
Q3:	|+......0 -.....^- 0.0-.... ......0-| ok p=1
Q4:	|+1!...1- ......-0 +.1+.... ..1..0-+| ok p=1
Q5:	|00....0- 1.....0- -..+.... ..1..10-| ok p=1
Q6:	|0.....-1 ..0...0- -....!.^ ..-..+++| ok p=1
Q7:	|......-0 ..011... +..1...+ ..-..1-+| ok p=1
Q8:	|..!1..0- ..-01..1 -..1...1 ..+..1++| ok p=1
Q9:	|.0.0..-0 ..+.+..1 0..-...1 .!+...+0| ok p=1
Q10:	|.11-00-1 0.+1+00- -1.-^!0. 1.1...+1| ok p=1
Q11:	|.00-1001 0.+0+111 +10+-.1. 1.0...++| ok p=1
Q12:	|^+------ +.++---+ ++1+0^+0 -.+.^^-+| ok p=1
Q13:	|----+++1 +^+10-+- -++-0+11 -!1.+--1| ok p=1
Q14:	|00010111 1+00001- 1.10.00- 0.-.1010| ok p=1
Q15:	|001-10+. -1--.+1- 0010.-.1 +.1.00--| ok p=0.495117
Q16:	|.0.-..+. .1-..0.+ .0...1.1 ..+..1-.| ok p=0.755859
Q17:	|.1.0..1. ^.1^.-.- .1...+.. ^.0..10^| ok p=0.617188
Q18:	|.+.1..-. ..1....+ .-...+.. ..0..+0.| ok p=0.663086
Q19:	|......-. 0.+..^.+ ....0-.. ..-.....| ok p=0.93457
Q20:	|.^....00 1...0..1 .^..1-.. 0...0^..| ok p=1
Q21:	|.0....11 -.^.1..1 ....-0.. 1.^.1...| ok p=0.790039
Q22:	|.1.....+ ....+... .....0.. +...-...| ok p=0.836914
Q23:	|.+.0.... ^......0 ....^... ........| ok p=0.771484
Q24:	|...1...^ ....^..1 ...0.... ^...^.0.| ok p=0.873047
Q25:	|.^.-.... .......- ...1.... ........| ok p=0.925781
Q26:	|........ ..0..... ...-.... .....0+.| ok p=0.769531
Q27:	|...^.... ..1....^ ........ .....1+.| ok p=0.999023
Q28:	|........ ..+..... ...^.... .....+-.| ok p=0.96582
Q29:	|........ ..0..... ........ ......0.| ok p=0.999023
Q30:	|........ ..-..... ........ .....^1.| ok p=1
Q31:	|........ ..-..... ........ ........| ok p=1
Q32:	|........ ........ ........ ........| ok p=1
Q33:	|........ ..!..... ........ ........| ok p=1
Q34:	|........ ........ ........ ........| ok p=1
Q35:	|........ ........ ........ ........| ok p=1
Q36:	|........ ........ ........ ........| ok p=1
Q37:	|........ ........ ........ ........| ok p=1
Q38:	|........ ........ ........ ........| ok p=1
Q39:	|........ ........ ........ ........| ok p=1
Q40:	|........ ........ ........ ........| ok p=1
Q41:	|........ ........ ........ ........| ok p=1
Q42:	|........ ........ ........ ........| ok p=1
Q43:	|........ ........ ........ ........| ok p=1
Q44:	|........ ........ ........ ........| ok p=1
Q45:	|........ ........ ........ ........| ok p=1
Q46:	|........ ........ ........ ........| ok p=1
Q47:	|........ ........ ........ ........| ok p=1
Q48:	|........ ........ ........ ........| ok p=1
Q49:	|........ ........ ........ ........| ok p=1
Q50:	|........ ........ ........ ........| ok p=1
Q51:	|........ ........ ........ ........| ok p=1
Q52:	|........ ........ ........ ........| ok p=1
Q53:	|........ ........ ........ ........| ok p=1
Q54:	|........ ........ ........ ........| ok p=1
Q55:	|........ ........ ........ ........| ok p=1
Q56:	|........ ........ ........ ........| ok p=1
Q57:	|........ ........ ........ ........| ok p=1
Q58:	|........ ........ ........ ........| ok p=1
Q59:	|........ ........ ........ ........| ok p=1
Q60:	|0....... ........ ........ .......0| ok p=1
Q61:	|1....... ........ ........ .....101| ok p=0.491211
Q62:	|+....... ........ ........ .....0.+| ok p=1
Q63:	|-....... ........ ........ .....+--| ok p=0.99707
Q64:	|-....... +....... ........ .......+|
Best path: totcompl=-30 tottunnel=38, totcond=528, p=0.0183563
Best paths: 2
Q-3:	|11101101 11001000 00101101 10010010|
Q-2:	|+0000011 00011110 11100111 0000-+++|
Q-1:	|-1111101 00111110 10001110 1101001-|
Q0:	|-0010101 -1000001 01100000 110011-+| ok p=1
Q1:	|+......- +......0 ..10.... ......0-| ok p=1
Q2:	|+......0 -......0 0.-+.... ......1-| ok p=0.999023
Q3:	|+......0 -.....^- 0^0-.... ......0-| ok p=0.999023
Q4:	|+0....1- ......-0 +.1+.... ..1..0-+| ok p=1
Q5:	|11....0- 1.....0- -..+.... ..1..10-| ok p=1
Q6:	|0.....-1 ..0...0- -....!.^ ..-..+++| ok p=1
Q7:	|......-0 ..011... +..1...+ ..-..1-+| ok p=1
Q8:	|!..1..0- ..-01..1 -..1...1 ..+..1++| ok p=1
Q9:	|..00..-0 ..+.+..1 0..-...1 .!+...+0| ok p=1
Q10:	|.11-00-1 1.+1+00- -1.-^!0. 1.1...+1| ok p=1
Q11:	|.00-100. 1.+0+111 +10+-.1. 1.0...++| ok p=1
Q12:	|^+-----. -.++---+ ++1+0^+0 -.+.^^-+| ok p=1
Q13:	|----+++. +^+10-+- -++-0+11 -!1.+--1| ok p=1
Q14:	|0001011. 1+00001- 1.10.00- 0.-.1010| ok p=1
Q15:	|001-10+. -1--.+1- 0010.-.1 +.1.00--| ok p=0.509766
Q16:	|.0.-..+. .1-..0.+ .0...1.1 ..+..1-.| ok p=0.71875
Q17:	|.1.0..1. ^.1^.-.- .1...+.. ^.0..10^| ok p=0.600586
Q18:	|.+.1..-. ..1....+ .-...+.. ..0..+0.| ok p=0.660156
Q19:	|......-. 0.+..^.+ ....0-.. ..-.....| ok p=0.927734
Q20:	|.^....00 1...0..1 .^..1-.. 0...0^..| ok p=1
Q21:	|.0....11 -.^.1..1 ....-0.. 1.^.1...| ok p=0.785156
Q22:	|.1.....+ ....+... .....0.. +...-...| ok p=0.824219
Q23:	|.+.0.... ^......0 ....^... ........| ok p=0.733398
Q24:	|...1...^ ....^..1 ...0.... ^...^.0.| ok p=0.873047
Q25:	|.^.-.... .......- ...1.... ........| ok p=0.938477
Q26:	|........ ..0..... ...-.... .....0+.| ok p=0.734375
Q27:	|...^.... ..1....^ ........ .....1+.| ok p=1
Q28:	|........ ..+..... ...^.... .....+-.| ok p=0.96875
Q29:	|........ ..0..... ........ ......0.| ok p=1
Q30:	|........ ..-..... ........ .....^1.| ok p=1
Q31:	|........ ..-..... ........ ........| ok p=1
Q32:	|........ ........ ........ ........| ok p=1
Q33:	|........ ..!..... ........ ........| ok p=1
Q34:	|........ ........ ........ ........| ok p=1
Q35:	|........ ........ ........ ........| ok p=1
Q36:	|........ ........ ........ ........| ok p=1
Q37:	|........ ........ ........ ........| ok p=1
Q38:	|........ ........ ........ ........| ok p=1
Q39:	|........ ........ ........ ........| ok p=1
Q40:	|........ ........ ........ ........| ok p=1
Q41:	|........ ........ ........ ........| ok p=1
Q42:	|........ ........ ........ ........| ok p=1
Q43:	|........ ........ ........ ........| ok p=1
Q44:	|........ ........ ........ ........| ok p=1
Q45:	|........ ........ ........ ........| ok p=1
Q46:	|........ ........ ........ ........| ok p=1
Q47:	|........ ........ ........ ........| ok p=1
Q48:	|........ ........ ........ ........| ok p=1
Q49:	|........ ........ ........ ........| ok p=1
Q50:	|........ ........ ........ ........| ok p=1
Q51:	|........ ........ ........ ........| ok p=1
Q52:	|........ ........ ........ ........| ok p=1
Q53:	|........ ........ ........ ........| ok p=1
Q54:	|........ ........ ........ ........| ok p=1
Q55:	|........ ........ ........ ........| ok p=1
Q56:	|........ ........ ........ ........| ok p=1
Q57:	|........ ........ ........ ........| ok p=1
Q58:	|........ ........ ........ ........| ok p=1
Q59:	|........ ........ ........ ........| ok p=1
Q60:	|0....... ........ ........ .......0| ok p=1
Q61:	|1....... ........ ........ .....101| ok p=0.509766
Q62:	|+....... ........ ........ .....0.+| ok p=1
Q63:	|-....... ........ ........ .....+--| ok p=0.99707
Q64:	|-....... +....... ........ .......+|
Best path: totcompl=-29 tottunnel=39, totcond=523, p=0.0194049
Best paths: 2
Q-3:	|11101101 11001000 00101101 10010010|
Q-2:	|+0000011 00011110 11100111 0000-+++|
Q-1:	|-1111101 00111110 10001110 1101001-|
Q0:	|-0010101 -1000001 01100000 110011-+| ok p=1
Q1:	|+......- +......0 ..10.... ......0-| ok p=1
Q2:	|+......0 -......0 01-+.... ......1-| ok p=0.999023
Q3:	|+1.....0 -.....^- 0.0-.... ......0-| ok p=1
Q4:	|+0....1- ......-0 +.1+.... ..1..0-+| ok p=1
Q5:	|11....0- 1.....0- -..+.... ..1..10-| ok p=1
Q6:	|0.....-1 ..0...0- -....!.^ ..-..+++| ok p=1
Q7:	|......-0 ..011... +..1...+ ..-..1-+| ok p=1
Q8:	|!..1..0- ..-01..1 -..1...1 ..+..1++| ok p=1
Q9:	|..00..-0 ..+.+..1 0..-..11 .!+...+0| ok p=1
Q10:	|.11-00-1 1.+1+00- -1.-^.0. 1.1...+1| ok p=1
Q11:	|.00-100. 1.+0+111 +11+-.1. 1.0...++| ok p=1
Q12:	|^+-----. -.++---+ ++0+0^+0 -.+.^^-+| ok p=1
Q13:	|+---+++. +^+10-+- .-+-0+11 -!1.+--1| ok p=1
Q14:	|11.1011. 1+00001- 1110.00- 0.-.1010| ok p=1
Q15:	|001-10+. -1--.+1- .010.-.1 +.1.00--| ok p=0.496094
Q16:	|.0.-..+. .1-..0.+ .0...1.1 ..+..1-.| ok p=0.74707
Q17:	|.1.0..1. ^.1^.-.- .1...+.. ^.0..10^| ok p=0.585938
Q18:	|.+.1..-. ..1....+ .-...+.. ..0..+0.| ok p=0.668945
Q19:	|......-. 0.+..^.+ ....0-.. ..-.....| ok p=0.9375
Q20:	|.^....00 1...0..1 .^..1-.. 0...0^..| ok p=1
Q21:	|.0....11 -.^.1..1 ....-0.. 1.^.1...| ok p=0.772461
Q22:	|.1.....+ ....+... .....0.. +...-...| ok p=0.798828
Q23:	|.+.0.... ^......0 ....^... ........| ok p=0.735352
Q24:	|...1...^ ....^..1 ...0.... ^...^.0.| ok p=0.865234
Q25:	|.^.-.... .......- ...1.... ........| ok p=0.930664
Q26:	|........ ..0..... ...-.... .....0+.| ok p=0.777344
Q27:	|...^.... ..1....^ ........ .....1+.| ok p=1
Q28:	|........ ..+..... ...^.... .....+-.| ok p=0.964844
Q29:	|........ ..0..... ........ ......0.| ok p=1
Q30:	|........ ..-..... ........ .....^1.| ok p=1
Q31:	|........ ..-..... ........ ........| ok p=0.999023
Q32:	|........ ........ ........ ........| ok p=1
Q33:	|........ ..!..... ........ ........| ok p=1
Q34:	|........ ........ ........ ........| ok p=1
Q35:	|........ ........ ........ ........| ok p=1
Q36:	|........ ........ ........ ........| ok p=1
Q37:	|........ ........ ........ ........| ok p=1
Q38:	|........ ........ ........ ........| ok p=1
Q39:	|........ ........ ........ ........| ok p=1
Q40:	|........ ........ ........ ........| ok p=1
Q41:	|........ ........ ........ ........| ok p=1
Q42:	|........ ........ ........ ........| ok p=1
Q43:	|........ ........ ........ ........| ok p=1
Q44:	|........ ........ ........ ........| ok p=1
Q45:	|........ ........ ........ ........| ok p=1
Q46:	|........ ........ ........ ........| ok p=1
Q47:	|........ ........ ........ ........| ok p=1
Q48:	|........ ........ ........ ........| ok p=1
Q49:	|........ ........ ........ ........| ok p=1
Q50:	|........ ........ ........ ........| ok p=1
Q51:	|........ ........ ........ ........| ok p=1
Q52:	|........ ........ ........ ........| ok p=1
Q53:	|........ ........ ........ ........| ok p=1
Q54:	|........ ........ ........ ........| ok p=1
Q55:	|........ ........ ........ ........| ok p=1
Q56:	|........ ........ ........ ........| ok p=1
Q57:	|........ ........ ........ ........| ok p=1
Q58:	|........ ........ ........ ........| ok p=1
Q59:	|........ ........ ........ ........| ok p=1
Q60:	|0....... ........ ........ .......0| ok p=1
Q61:	|1....... ........ ........ .....101| ok p=0.49707
Q62:	|+....... ........ ........ .....0.+| ok p=1
Q63:	|-....... ........ ........ .....+--| ok p=0.993164
Q64:	|-....... +....... ........ .......+|
Best path: totcompl=-28 tottunnel=40, totcond=522, p=0.0205566
**************Q-3:	|11101101 11001000 00101101 10010010|
Q-2:	|+0000011 00011110 11100111 0000-+++|
Q-1:	|-1111101 00111110 10001110 1101001-|
Q0:	|-0010101 -1000001 01100000 110011-+| ok p=1
Q1:	|+......- +......0 ..10.... ......0-| ok p=1
Q2:	|+......0 -.....10 011-.... ......1-| ok p=1
Q3:	|+......0 -.....0- 0.-+.... ......0-| ok p=1
Q4:	|+1!....- ......-0 +.0+.... ..1..0-+| ok p=1
Q5:	|00.....1 1.....0- -.1+.... ..1..10-| ok p=1
Q6:	|1......1 ..1...0- -1..!..^ ..-..+++| ok p=1
Q7:	|........ ..1.10+0 -0.1..^- ..-..0-+| ok p=1
Q8:	|........ ..-^1.+1 --.1..-1 ..+..0++| ok p=0.999023
Q9:	|......0. ..0.+..1 ++.-..00 ..+..+-+| ok p=1
Q10:	|.0.0..11 ..00-.00 --.-..10 ..+..+-+| ok p=1
Q11:	|.1^1..-0 .^100^1- 0+.-^^00 .^00.--.| ok p=1
Q12:	|!---^^-+ ^+++++++ 0-.0---+ .--1^++1| ok p=1
Q13:	|^+0----- -1+-0111 -+.+10++ 001-+++1| ok p=1
Q14:	|.10011+1 10+1111- 01.1001- 10-11.+0| ok p=1
Q15:	|.0.-0110 -.--.0.- 00.1.-01 +.11100+| ok p=0.810547
Q16:	|.0.-..+. ..0..1.+ .0...1.0 ..+..0-.| ok p=1
Q17:	|.1.0..0. ^.0^.-.- .1...+.. ^.0..1.^| ok p=0.621094
Q18:	|.+.1..-. ..1....+ .-...+.. ..0..+^.| ok p=0.661133
Q19:	|......-. 0.+..^.+ ....0-.. ..-.....| ok p=0.918945
Q20:	|.^....00 1...0..1 .^..1-.. 0...0^..| ok p=1
Q21:	|.0....11 -.^.1..1 ....-0.. 1.^.1...| ok p=0.791992
Q22:	|.1.....+ ....+... .....0.. +...-...| ok p=0.785156
Q23:	|.+.0.... ^......0 ....^... ........| ok p=0.757812
Q24:	|...1...^ ....^..1 ...0.... ^...^.0.| ok p=0.863281
Q25:	|.^.-.... .......- ...1.... ........| ok p=0.921875
Q26:	|........ ..0..... ...-.... .....0+.| ok p=0.769531
Q27:	|...^.... ..1....^ ........ .....1+.| ok p=0.999023
Q28:	|........ ..+..... ...^.... .....+-.| ok p=0.96582
Q29:	|........ ..0..... ........ ......0.| ok p=1
Q30:	|........ ..-..... ........ .....^1.| ok p=1
Q31:	|........ ..-..... ........ ........| ok p=1
Q32:	|........ ........ ........ ........| ok p=1
Q33:	|........ ..!..... ........ ........| ok p=1
Q34:	|........ ........ ........ ........| ok p=1
Q35:	|........ ........ ........ ........| ok p=1
Q36:	|........ ........ ........ ........| ok p=1
Q37:	|........ ........ ........ ........| ok p=1
Q38:	|........ ........ ........ ........| ok p=1
Q39:	|........ ........ ........ ........| ok p=1
Q40:	|........ ........ ........ ........| ok p=1
Q41:	|........ ........ ........ ........| ok p=1
Q42:	|........ ........ ........ ........| ok p=1
Q43:	|........ ........ ........ ........| ok p=1
Q44:	|........ ........ ........ ........| ok p=1
Q45:	|........ ........ ........ ........| ok p=1
Q46:	|........ ........ ........ ........| ok p=1
Q47:	|........ ........ ........ ........| ok p=1
Q48:	|........ ........ ........ ........| ok p=1
Q49:	|........ ........ ........ ........| ok p=1
Q50:	|........ ........ ........ ........| ok p=1
Q51:	|........ ........ ........ ........| ok p=1
Q52:	|........ ........ ........ ........| ok p=1
Q53:	|........ ........ ........ ........| ok p=1
Q54:	|........ ........ ........ ........| ok p=1
Q55:	|........ ........ ........ ........| ok p=1
Q56:	|........ ........ ........ ........| ok p=1
Q57:	|........ ........ ........ ........| ok p=1
Q58:	|........ ........ ........ ........| ok p=1
Q59:	|........ ........ ........ ........| ok p=1
Q60:	|0....... ........ ........ .......0| ok p=1
Q61:	|1....... ........ ........ .....101| ok p=0.505859
Q62:	|+....... ........ ........ .....0.+| ok p=1
Q63:	|-....... ........ ........ .....+--| ok p=0.996094
Q64:	|-....... +....... ........ .......+|
Best path: totcompl=-25 tottunnel=43, totcond=520, p=0.0377202
******MD5 differential path toolbox
Copyright (C) 2009 Marc Stevens
http://homepages.cwi.nl/~stevens/

delta_m[11] = [!21!]
Q-3:	|11101101 11001000 00101101 10010010|
Q-2:	|+0000011 00011110 11100111 0000-+++|
Q-1:	|-1111101 00111110 10001110 1101001-|
Q0:	|-0010101 -1000001 01100000 110011-+| ok p=1
Q1:	|+......- +......0 ..10.... ......0-| ok p=1
Q2:	|+......0 -.....10 011-.... ......1-| ok p=1
Q3:	|+......0 -.....0- 0.-+.... ......0-| ok p=1
Q4:	|+1!....- ......-0 +.0+.... ..1..0-+| ok p=1
Q5:	|00.....1 1.....0- -.1+.... ..1..10-| ok p=1
Q6:	|1......1 ..1...0- -1..!..^ ..-..+++| ok p=1
Q7:	|........ ..1.10+0 -0.1..^- ..-..0-+| ok p=0.999023
Q8:	|........ ..-^1.+1 --.1..-1 ..+..0++| ok p=1
Q9:	|......0. ..0.+..1 ++.-..00 ..+..+-+| ok p=1
Q10:	|.0.0..11 ..00-.00 --.-..10 ..+..+-+| ok p=1
Q11:	|.1^1..-0 .^100^1- 0+.-^^00 .^00.--.| ok p=1
Q12:	|!---^^-+ ^+++++++ 0-.0---+ .--1^++1| ok p=1
Q13:	|^+0----- -1+-0111 -+.+10++ 001-+++1| ok p=1
Q14:	|.10011+1 10+1111- 01.1001- 10-11.+0| ok p=1
Q15:	|.0.-0110 -.--.0.- 00.1.-01 +.11100+| ok p=0.833984
Q16:	|.0.-..+. ..0..1.+ .0...1.0 ..+..0-.| ok p=1
Q17:	|.1.0..0. ^.0^.-.- .1...+.. ^.0..1.^| ok p=0.604492
Q18:	|.+.1..-. ..1....+ .-...+.. ..0..+^.| ok p=0.642578
Q19:	|......-. 0.+..^.+ ....0-.. ..-.....| ok p=0.922852
Q20:	|.^....00 1...0..1 .^..1-.. 0...0^..| ok p=1
Q21:	|.0....11 -.^.1..1 ....-0.. 1.^.1...| ok p=0.777344
Q22:	|.1.....+ ....+... .....0.. +...-...| ok p=0.820312
Q23:	|.+.0.... ^......0 ....^... ........| ok p=0.757812
Q24:	|...1...^ ....^..1 ...0.... ^...^.0.| ok p=0.866211
Q25:	|.^.-.... .......- ...1.... ........| ok p=0.938477
Q26:	|........ ..0..... ...-.... .....0+.| ok p=0.759766
Q27:	|...^.... ..1....^ ........ .....1+.| ok p=1
Q28:	|........ ..+..... ...^.... .....+-.| ok p=0.966797
Q29:	|........ ..0..... ........ ......0.| ok p=1
Q30:	|........ ..-..... ........ .....^1.| ok p=1
Q31:	|........ ..-..... ........ ........| ok p=0.999023
Q32:	|........ ........ ........ ........| ok p=1
Q33:	|........ ..!..... ........ ........| ok p=1
Q34:	|........ ........ ........ ........| ok p=1
Q35:	|........ ........ ........ ........| ok p=1
Q36:	|........ ........ ........ ........| ok p=1
Q37:	|........ ........ ........ ........| ok p=1
Q38:	|........ ........ ........ ........| ok p=1
Q39:	|........ ........ ........ ........| ok p=1
Q40:	|........ ........ ........ ........| ok p=1
Q41:	|........ ........ ........ ........| ok p=1
Q42:	|........ ........ ........ ........| ok p=1
Q43:	|........ ........ ........ ........| ok p=1
Q44:	|........ ........ ........ ........| ok p=1
Q45:	|........ ........ ........ ........| ok p=1
Q46:	|........ ........ ........ ........| ok p=1
Q47:	|........ ........ ........ ........| ok p=1
Q48:	|........ ........ ........ ........| ok p=1
Q49:	|........ ........ ........ ........| ok p=1
Q50:	|........ ........ ........ ........| ok p=1
Q51:	|........ ........ ........ ........| ok p=1
Q52:	|........ ........ ........ ........| ok p=1
Q53:	|........ ........ ........ ........| ok p=1
Q54:	|........ ........ ........ ........| ok p=1
Q55:	|........ ........ ........ ........| ok p=1
Q56:	|........ ........ ........ ........| ok p=1
Q57:	|........ ........ ........ ........| ok p=1
Q58:	|........ ........ ........ ........| ok p=1
Q59:	|........ ........ ........ ........| ok p=1
Q60:	|0....... ........ ........ .......0| ok p=1
Q61:	|1....... ........ ........ .....101| ok p=0.478516
Q62:	|+....... ........ ........ .....0.+| ok p=1
Q63:	|-....... ........ ........ .....+--| ok p=0.999023
Q64:	|-....... +....... ........ .......+|
Starting...
20: Q5m5tunnel      = 1
20: Q4m5tunnel      = 2
20: Q14m6Q3m5tunnel = 1
21: Q10m10tunnel    = 1
21: Q9m10tunnel     = 7
22: Q8Q12m15tunnel  = 1
23: Q4m4tunnel      = 17
24: Q9m9tunnel      = 9
25: Q14Q3m14tunnel  = 0
20: Q5m5tunnel      = 1
20: Q4m5tunnel      = 2
20: Q14m6Q3m5tunnel = 1
21: Q10m10tunnel    = 1
21: Q9m10tunnel     = 7
22: Q8Q12m15tunnel  = 1
23: Q4m4tunnel      = 17
24: Q9m9tunnel      = 9
25: Q14Q3m14tunnel  = 0
20: Q5m5tunnel      = 1
20: Q4m5tunnel      = 2
20: Q14m6Q3m5tunnel = 1
21: Q10m10tunnel    = 1
21: Q9m10tunnel     = 7
22: Q8Q12m15tunnel  = 1
23: Q4m4tunnel      = 17
24: Q9m9tunnel      = 9
25: Q14Q3m14tunnel  = 0
20: Q5m5tunnel      = 1
20: Q4m5tunnel      = 2
20: Q14m6Q3m5tunnel = 1
21: Q10m10tunnel    = 1
21: Q9m10tunnel     = 7
22: Q8Q12m15tunnel  = 1
23: Q4m4tunnel      = 17
24: Q9m9tunnel      = 9
25: Q14Q3m14tunnel  = 0
20: Q5m5tunnel      = 1
20: Q4m5tunnel      = 2
20: Q14m6Q3m5tunnel = 1
21: Q10m10tunnel    = 1
21: Q9m10tunnel     = 7
22: Q8Q12m15tunnel  = 1
23: Q4m4tunnel      = 17
24: Q9m9tunnel      = 9
25: Q14Q3m14tunnel  = 0
20: Q5m5tunnel      = 1
20: Q4m5tunnel      = 2
20: Q14m6Q3m5tunnel = 1
21: Q10m10tunnel    = 1
21: Q9m10tunnel     = 7
22: Q8Q12m15tunnel  = 1
23: Q4m4tunnel      = 17
24: Q9m9tunnel      = 9
25: Q14Q3m14tunnel  = 0
20: Q5m5tunnel      = 1
20: Q4m5tunnel      = 2
20: Q14m6Q3m5tunnel = 1
21: Q10m10tunnel    = 1
21: Q9m10tunnel     = 7
22: Q8Q12m15tunnel  = 1
23: Q4m4tunnel      = 17
24: Q9m9tunnel      = 9
25: Q14Q3m14tunnel  = 0
20: Q5m5tunnel      = 1
20: Q4m5tunnel      = 2
20: Q14m6Q3m5tunnel = 1
21: Q10m10tunnel    = 1
21: Q9m10tunnel     = 7
22: Q8Q12m15tunnel  = 1
23: Q4m4tunnel      = 17
24: Q9m9tunnel      = 9
25: Q14Q3m14tunnel  = 0
20: Q5m5tunnel      = 1
20: Q4m5tunnel      = 2
20: Q14m6Q3m5tunnel = 1
21: Q10m10tunnel    = 1
21: Q9m10tunnel     = 7
22: Q8Q12m15tunnel  = 1
23: Q4m4tunnel      = 17
24: Q9m9tunnel      = 9
25: Q14Q3m14tunnel  = 0
20: Q5m5tunnel      = 1
20: Q4m5tunnel      = 2
20: Q14m6Q3m5tunnel = 1
21: Q10m10tunnel    = 1
21: Q9m10tunnel     = 7
22: Q8Q12m15tunnel  = 1
23: Q4m4tunnel      = 17
24: Q9m9tunnel      = 9
25: Q14Q3m14tunnel  = 0
20: Q5m5tunnel      = 1
20: Q4m5tunnel      = 2
20: Q14m6Q3m5tunnel = 1
21: Q10m10tunnel    = 1
21: Q9m10tunnel     = 7
22: Q8Q12m15tunnel  = 1
23: Q4m4tunnel      = 17
24: Q9m9tunnel      = 9
25: Q14Q3m14tunnel  = 0
.20: Q5m5tunnel      = 1
20: Q4m5tunnel      = 2
20: Q14m6Q3m5tunnel = 1
21: Q10m10tunnel    = 1
21: Q9m10tunnel     = 7
22: Q8Q12m15tunnel  = 1
23: Q4m4tunnel      = 17
24: Q9m9tunnel      = 9
25: Q14Q3m14tunnel  = 0
...........1 0
2 0
4 0
8 0
16 0
32 0
64 0
128 0
256 0
512 0
1024 0
2048 0
4096 0
8192 0
16384 0
20639 1
23397 2
32768 3
65536 3
97401 4
131072 4
245740 8
262144 8
524288 10
1006287 16
1048576 16
2088293 32
2097152 32
4194304 56
4850539 64
8388608 106
10615830 128
Block 1: workdir6/coll1_1157450568
d1 33 31 5b ac 38 50 d4 cc 4e 35 c2 b5 6d 7a ab 
53 80 f7 9b f4 5d e3 5b 7f b2 3f 77 68 e0 2b e8 
c5 1c ec 3a 9b 51 05 13 18 01 d9 ef 76 de e9 e5 
04 a8 a0 c0 2a 4f 75 18 c0 a7 e8 fb 26 39 0e 8e 
Block 2: workdir6/coll2_1157450568
d1 33 31 5b ac 38 50 d4 cc 4e 35 c2 b5 6d 7a ab 
53 80 f7 9b f4 5d e3 5b 7f b2 3f 77 68 e0 2b e8 
c5 1c ec 3a 9b 51 05 13 18 01 d9 ef 76 de 09 e6 
04 a8 a0 c0 2a 4f 75 18 c0 a7 e8 fb 26 39 0e 8e 
Found collision!
