[*] Starting step 2
MD5 differential path toolbox
Copyright (C) 2009 Marc Stevens
http://homepages.cwi.nl/~stevens/

IHV1   = {3856072983,2812597166,1612853450,3158442947}
IHV1   = 1701d7e5aed3a4a7ca302260c30342bc

IHV2   = {3856072983,514386856,3617720521,868342722}
IHV2   = 1701d7e5a8eba81ec908a2d7c2dbc133

dIHV   = {0,1996756986,2004867071,2004867071}
NC0: delta c = delta d = [!0,31!]
NC0: delta b           = [!0,23,31!]
NC1: delta c = delta d = [!11!]
NC1: delta b           = [!0,11!]
NC2: delta c = delta d = [!13!]
NC2: delta b           = [!2,13!]
NC3: delta c = delta d = [!23!]
NC3: delta b           = [!-14,23!]
NC4: delta c = delta d = [!27!]
NC4: delta b           = [!-18,27!]
NC0: prob=-10.9839
NC1: prob=-5.83894
NC2: prob=-5.8382
NC3: prob=-7.64716
NC4: prob=-7.80771
delta m_11 = [!3!]
Q-3:	|11100101 11010111 00000001 00010111|
Q-2:	|-011--++ +10000-+ ++0++011 1100001-|
Q-1:	|+1-+0+++ +0100010 00--+000 110010-+|
Q0:	|-0-++11- 1010+-00 11+-+011 10101--0| ok p=0.772461
Q1:	|.+..-.-. +...+... ..+.-... -...-.+.|
Saved lower diff. path to 'workdir2/lowerpath.bin.gz'.

Q32:	|........ ........ ........ ........|
Q33:	|........ ........ ........ ........|
Q34:	|........ ........ ........ ........|
Q35:	|........ ........ ........ ........| ok p=1
Q36:	|........ ........ ........ ........| ok p=1
Q37:	|........ ........ ........ ........| ok p=1
Q38:	|........ ........ ........ ........| ok p=1
Q39:	|........ ........ ........ ........| ok p=1
Q40:	|........ ........ ........ ........| ok p=1
Q41:	|........ ........ ........ ........| ok p=1
Q42:	|........ ........ ........ ........| ok p=1
Q43:	|........ ........ ........ ........| ok p=1
Q44:	|........ ........ ........ ........| ok p=1
Q45:	|........ ........ ........ ........| ok p=1
Q46:	|........ ........ ........ ........| ok p=1
Q47:	|........ ........ ........ ........| ok p=1
Q48:	|........ ........ ........ ........| ok p=1
Q49:	|........ ........ ........ ........| ok p=1
Q50:	|........ ........ ........ ........| ok p=1
Q51:	|........ ........ ........ ........| ok p=1
Q52:	|........ ........ ........ ........| ok p=1
Q53:	|........ ........ ........ ........| ok p=1
Q54:	|........ ........ ........ ........| ok p=1
Q55:	|........ ........ ........ ........| ok p=1
Q56:	|........ ........ ........ ........| ok p=1
Q57:	|........ ........ ........ ........| ok p=1
Q58:	|........ ........ ........ ........| ok p=1
Q59:	|........ ........ ........ ........| ok p=1
Q60:	|........ ........ ..0..... ........| ok p=1
Q61:	|........ ........ .10..... ........| ok p=1
Q62:	|........ ........ .0+..... ........| ok p=1
Q63:	|........ ........ .+-..... ........| ok p=1
Q64:	|........ ........ ..+..... .....+..|
Saved upper diff. path to 'workdir2/upperpath.bin.gz'.
Saved 'md5diffpathforward.cfg'.
Saved 'md5diffpathbackward.cfg'.
Saved 'md5diffpathconnect.cfg'.
Saved 'md5diffpathhelper.cfg'.
Extend MD5 differential paths forward
Copyright (C) 2009 Marc Stevens
http://homepages.cwi.nl/~stevens/

delta_m[11] = [!3!]
Loading workdir2/lowerpath.bin.gz...done: 1.
Estimating maxcond for upper bound 8000000 (=2000000 * 4)...
t=1:  0%   10   20   30   40   50   60   70   80   90   100%
      |----|----|----|----|----|----|----|----|----|----|
e     ***************************************************
Found maxcond = 2176
t=1:  0%   10   20   30   40   50   60   70   80   90   100%
      |----|----|----|----|----|----|----|----|----|----|
      ***************************************************
Q-3:	|11100101 11010111 00000001 00010111|
Q-2:	|-011--++ +10000-+ ++0++011 1100001-|
Q-1:	|+1-+0+++ +0100010 00--+000 110010-+|
Q0:	|-0-++11- 1010+-00 11+-+011 10101--0| ok p=1
Q1:	|0+..-11- -...+0.. ..+.-... -....--1| ok p=0.318359
Q2:	|.-.-.+.. -...+... -.+...+. ...-..+.|
Saving 5280 paths...done.
Autobalance parameters: maxcond=2176
Verified: 0 bad out of 5280
Estimating maxcond for upper bound 8000000 (=2000000 * 4)...
t=2:  0%   10   20   30   40   50   60   70   80   90   100%
      |----|----|----|----|----|----|----|----|----|----|
e     **************************************************Found maxcond = 164
t=2:  0%   10   20   30   40   50   60   70   80   90   100%
      |----|----|----|----|----|----|----|----|----|----|
      **************************************************Q-3:	|11100101 11010111 00000001 00010111|
Q-2:	|-011--++ +10000-+ ++0++011 1100001-|
Q-1:	|+1-+0+++ +0100010 00--+000 110010-+|
Q0:	|-0-++11- 1010+-00 11+-+011 10101--0| ok p=1
Q1:	|0.+++11- -...+1.. ..+.-..1 -...-0+0| ok p=0.62793
Q2:	|+.1.--.. -...+1.. ...1-..- -...---.| ok p=0.714844
Q3:	|+.-..+.. -...+.-. .+.+.+.. -.....+.|
Saving 2000000 paths...done.
Autobalance parameters: maxcond=163
Verified: 357573 bad out of 2698092
Estimating maxcond for upper bound 8000000 (=2000000 * 4)...
t=3:  0%   10   20   30   40   50   60   70   80   90   100%
      |----|----|----|----|----|----|----|----|----|----|
e     ***************************************************
Found maxcond = 180
t=3:  0%   10   20   30   40   50   60   70   80   90   100%
      |----|----|----|----|----|----|----|----|----|----|
      ***************************************************
Q-3:	|11100101 11010111 00000001 00010111|
Q-2:	|-011--++ +10000-+ ++0++011 1100001-|
Q-1:	|+1-+0+++ +0100010 00--+000 110010-+|
Q0:	|-0-++11- 1010+-00 11+-+011 10101--0| ok p=1
Q1:	|0+.1-11- -...+0V. ..0++.1. -...-+-0| ok p=0.615234
Q2:	|0-1-0..+ +...+0.. ..0-..+. 0...---.| ok p=0.980469
Q3:	|.-.-1..+ +.....+. ...-1.-. 1....--.| ok p=0.260742
Q4:	|.+.-..-. -.+..... .-.-...+ ........|
Saving 2000000 paths...done.
Autobalance parameters: maxcond=179
Verified: 116685 bad out of 3683182
Estimating maxcond for upper bound 8000000 (=2000000 * 4)...
t=4:  0%   10   20   30   40   50   60   70   80   90   100%
      |----|----|----|----|----|----|----|----|----|----|
e     ***************************************************
Found maxcond = 192
t=4:  0%   10   20   30   40   50   60   70   80   90   100%
      |----|----|----|----|----|----|----|----|----|----|
      ***************************************************
Q-3:	|11100101 11010111 00000001 00010111|
Q-2:	|-011--++ +10000-+ ++0++011 1100001-|
Q-1:	|+1-+0+++ +0100010 00--+000 110010-+|
Q0:	|-0-++11- 1010+-00 11+-+011 10101--0| ok p=1
Q1:	|0+.-+11- -...+11. ..0++.1. -...-0+0| ok p=0.5
Q2:	|+01-.V.+ +...+00. ..0-..+. +...---.| ok p=0.986328
Q3:	|+1.-1..1 +...+.-. ...-1.-. +....--.| ok p=0.520508
Q4:	|...-.-.1 ......0. ...-..+. ....1...| ok p=0.371094
Q5:	|+..-.+.. .....+.. ...-.-.. .-.+.+..|
Saving 2000000 paths...done.
Autobalance parameters: maxcond=191
Verified: 120067 bad out of 3010955
Estimating maxcond for upper bound 8000000 (=2000000 * 4)...
t=5:  0%   10   20   30   40   50   60   70   80   90   100%
      |----|----|----|----|----|----|----|----|----|----|
e     ***************************************************
Found maxcond = 207
t=5:  0%   10   20   30   40   50   60   70   80   90   100%
      |----|----|----|----|----|----|----|----|----|----|
      ***************************************************
Q-3:	|11100101 11010111 00000001 00010111|
Q-2:	|-011--++ +10000-+ ++0++011 1100001-|
Q-1:	|+1-+0+++ +0100010 00--+000 110010-+|
Q0:	|-0-++11- 1010+-00 11+-+011 10101--0| ok p=1
Q1:	|0+.-+11- -...+11. ..0++.1. -...-0+1| ok p=0.540039
Q2:	|+01-.1.+ +...+10. ..-1..+. +...---.| ok p=0.96582
Q3:	|+1.+00.1 +...+.-. ..-11.-. +.V..1+.| ok p=0.491211
Q4:	|...+.-.0 ......+. ..-...+. ....101.| ok p=0.662109
Q5:	|1..+.+.. 1...1.-. ..-...-. 1.-...-.| ok p=0.291992
Q6:	|+..+.... ..+..+.+ ....-.-. ....-.-.|
Saving 2000000 paths...done.
Autobalance parameters: maxcond=206
Verified: 59743 bad out of 2874432
Estimating maxcond for upper bound 8000000 (=2000000 * 4)...
t=6:  0%   10   20   30   40   50   60   70   80   90   100%
      |----|----|----|----|----|----|----|----|----|----|
e     ***************************************************
Found maxcond = 219
t=6:  0%   10   20   30   40   50   60   70   80   90   100%
      |----|----|----|----|----|----|----|----|----|----|
      ***************************************************
Q-3:	|11100101 11010111 00000001 00010111|
Q-2:	|-011--++ +10000-+ ++0++011 1100001-|
Q-1:	|+1-+0+++ +0100010 00--+000 110010-+|
Q0:	|-0-++11- 1010+-00 11+-+011 10101--0| ok p=1
Q1:	|0+.-+11- -...+11. ..0++.1. -...-0+1| ok p=0.520508
Q2:	|+01-.1.+ +...+10. ..-1..+. +...---.| ok p=0.97168
Q3:	|+1.+00.1 +...+.-. ..-11.-. +.0..1+.| ok p=0.327148
Q4:	|0..+.-.0 ......+V ..-...+. ..1.111.| ok p=0.717773
Q5:	|0..+.+.. 0...1.-. ..-...0. 1.-...-.| ok p=0.571289
Q6:	|+..+.1.. ......++ ......1. ..0...-.| ok p=0.345703
Q7:	|...+.-.+ ....+.-. .+..+..+ ....+..+|
Saving 2000000 paths...done.
Autobalance parameters: maxcond=217
Verified: 4202 bad out of 3494795
Estimating maxcond for upper bound 8000000 (=2000000 * 4)...
t=7:  0%   10   20   30   40   50   60   70   80   90   100%
      |----|----|----|----|----|----|----|----|----|----|
e     ***************************************************
Found maxcond = 233
t=7:  0%   10   20   30   40   50   60   70   80   90   100%
      |----|----|----|----|----|----|----|----|----|----|
      ***************************************************
Q-3:	|11100101 11010111 00000001 00010111|
Q-2:	|-011--++ +10000-+ ++0++011 1100001-|
Q-1:	|+1-+0+++ +0100010 00--+000 110010-+|
Q0:	|-0-++11- 1010+-00 11+-+011 10101--0| ok p=1
Q1:	|0+.-+11- -...+1V. ..0++.1. -...-0+1| ok p=0.519531
Q2:	|+01-.1.+ +...+1.. ..-1..+. +...---.| ok p=0.958984
Q3:	|+1.+10.1 +...+V-. ..-11.-. +.0..1+.| ok p=0.813477
Q4:	|1..+.-.0 ......01 ..-...+. -.1.111.| ok p=0.835938
Q5:	|0..+.+.. 0...1-00 .V-.V.0. -.-...-.| ok p=0.577148
Q6:	|+..-.0.. .....1.+ ......0. -.0...-.| ok p=0.350586
Q7:	|0..-.1.. .....+.+ .+1.-... +.1.....| ok p=0.739258
Q8:	|.+.-.... -...+... .+..-..+ .-..-...|
Saving 2000000 paths...done.
Autobalance parameters: maxcond=232
Verified: 1736 bad out of 2456755
Estimating maxcond for upper bound 8000000 (=2000000 * 4)...
t=8:  0%   10   20   30   40   50   60   70   80   90   100%
      |----|----|----|----|----|----|----|----|----|----|
e     ***************************************************
Found maxcond = 247
t=8:  0%   10   20   30   40   50   60   70   80   90   100%
      |----|----|----|----|----|----|----|----|----|----|
      ***************************************************
Q-3:	|11100101 11010111 00000001 00010111|
Q-2:	|-011--++ +10000-+ ++0++011 1100001-|
Q-1:	|+1-+0+++ +0100010 00--+000 110010-+|
Q0:	|-0-++11- 1010+-00 11+-+011 10101--0| ok p=1
Q1:	|0+.-+11- -...+1V. ..0++.1. -...-0+1| ok p=0.500977
Q2:	|+01-.V.+ +...+1.. ..-1..+. +...---.| ok p=1
Q3:	|+1.+1..1 +...1++. ..-01.-. +.V..1+.| ok p=0.198242
Q4:	|0..+.-.1 ....100V ..-...+. -...1+1.| ok p=0.333984
Q5:	|-..+.0.. 0...-+11 .0-...0. -.-..01.| ok p=0.52832
Q6:	|1V.+.-.. ....+-.- .1....0. -.0..1..| ok p=0.321289
Q7:	|+..+.-.. ....+1.- .+1..... +.0..-..| ok p=0.478516
Q8:	|++...+.. ....++.+ .+...... -....+..| ok p=0.612305
Q9:	|.-..+.-. -....-.+ ...-.-.+ .+.+..+.|
Saving 2000000 paths...done.
Autobalance parameters: maxcond=246
Verified: 152332 bad out of 3039206
Estimating maxcond for upper bound 8000000 (=2000000 * 4)...
t=9:  0%   10   20   30   40   50   60   70   80   90   100%
      |----|----|----|----|----|----|----|----|----|----|
e     ***************************************************
Found maxcond = 258
t=9:  0%   10   20   30   40   50   60   70   80   90   100%
      |----|----|----|----|----|----|----|----|----|----|
      ***************************************************
Q-3:	|11100101 11010111 00000001 00010111|
Q-2:	|-011--++ +10000-+ ++0++011 1100001-|
Q-1:	|+1-+0+++ +0100010 00--+000 110010-+|
Q0:	|-0-++11- 1010+-00 11+-+011 10101--0| ok p=1
Q1:	|0+.-+11- -...+10. ..0++.1. -...-0+1| ok p=0.485352
Q2:	|+01-..V+ +...+11. ..-1..+. +...---.| ok p=0.970703
Q3:	|+1.+1.01 +....++. ..-11.-. +.0..+-.| ok p=0.208008
Q4:	|0..+..-- ....110V ..-...+. ..1.11..| ok p=0.37207
Q5:	|-..+..++ 1....-1. ..-...0V 1.-1.-0.| ok p=0.527344
Q6:	|0..+..-+ .....0.+ ..-...01 ..-0.+..| ok p=0.299805
Q7:	|-..+..00 ....V-.0 ..+....+ ..-+.0..| ok p=0.422852
Q8:	|1.....++ .....+.1 ..+....+ ..-0.0..| ok p=0.391602
Q9:	|+..1..0+ ....--.. .......+ ...-....| ok p=0.789062
Q10:	|+..+...+ .......+ .+....+. ...-....|
Saving 2000000 paths...done.
Autobalance parameters: maxcond=257
Verified: 16774 bad out of 2139778
Estimating maxcond for upper bound 8000000 (=2000000 * 4)...
t=10: 0%   10   20   30   40   50   60   70   80   90   100%
      |----|----|----|----|----|----|----|----|----|----|
e     ***************************************************
Found maxcond = 269
t=10: 0%   10   20   30   40   50   60   70   80   90   100%
      |----|----|----|----|----|----|----|----|----|----|
      ***************************************************
Q-3:	|11100101 11010111 00000001 00010111|
Q-2:	|-011--++ +10000-+ ++0++011 1100001-|
Q-1:	|+1-+0+++ +0100010 00--+000 110010-+|
Q0:	|-0-++11- 1010+-00 11+-+011 10101--0| ok p=1
Q1:	|0+.-+11- -...+10. ..0++.1. -...-0+1| ok p=0.513672
Q2:	|+01-..V+ +...+11. ..-1..+. +...---.| ok p=0.963867
Q3:	|+1.+1.01 +....++. ..-11.-. +.0..+-.| ok p=0.199219
Q4:	|0..+..-- ....110V ..-...+. ..1.11..| ok p=0.361328
Q5:	|-..+..++ 1....-1. ..-...0V 1.-1.-0.| ok p=0.512695
Q6:	|0..+..-+ .....0.+ ..-...01 ..-0.+..| ok p=0.283203
Q7:	|-..+..00 ...V.-.0 ..+....+ ..-+.0..| ok p=0.464844
Q8:	|1..1..++ .....+.1 .V+....+ ..-0.1..| ok p=0.37207
Q9:	|+..1..0+ ...-.+.. .......- ..-+....| ok p=0.783203
Q10:	|+..+..1+ ...0.... .+1....0 ...-....| ok p=0.424805
Q11:	|.-.+.+.. +.+..... -.-...+. ...-....|
Saving 2000000 paths...done.
Autobalance parameters: maxcond=268
Verified: 6750 bad out of 2486788
Runtime: 108.582
Extend MD5 differential paths forward
Copyright (C) 2009 Marc Stevens
http://homepages.cwi.nl/~stevens/

delta_m[11] = [!3!]
Loading workdir2/paths10_0of1...done: 2000000 (work:2000000).
Estimating maxcond for upper bound 2000000 (=500000 * 4)...
t=11: 0%   10   20   30   40   50   60   70   80   90   100%
      |----|----|----|----|----|----|----|----|----|----|
e     ***************************************************
Found maxcond = 281
t=11: 0%   10   20   30   40   50   60   70   80   90   100%
      |----|----|----|----|----|----|----|----|----|----|
      ***************************************************
Q-3:	|11100101 11010111 00000001 00010111|
Q-2:	|-011--++ +10000-+ ++0++011 1100001-|
Q-1:	|+1-+0+++ +0100010 00--+000 110010-+|
Q0:	|-0-++11- 1010+-00 11+-+011 10101--0| ok p=0.463867
Q1:	|--.0-11- -...+1.V ..0++.1. -...-0+1| ok p=0.354492
Q2:	|-10-11.+ +...+0.1 ..-0..+. 1...---.| ok p=0.623047
Q3:	|.+.+00.1 +...+-.+ ..+11.-. 0....--.| ok p=0.508789
Q4:	|0-.-.-.0 ....00.+ ..+.1.+V ..V.0.0.| ok p=0.865234
Q5:	|.-.-.+.. 0...++.+ ..-.-.0. .1...1-.| ok p=0.317383
Q6:	|.....+.. V..V++.. ..1.0V-+ .0+...-.| ok p=0.99707
Q7:	|.0.0.+.. ....-+.0 ..0.1.10 .+1...+.| ok p=0.642578
Q8:	|.....-.. -..+1+V. .....+11 .-1...+.| ok p=0.446289
Q9:	|.....1.. 0..11.1. .....0++ .--...-.| ok p=1
Q10:	|.....0.. 0..0.0+. .....1++ .--...1.| ok p=0.999023
Q11:	|........ ......+. ......+. .-....1.| ok p=0.578125
Q12:	|+.+.-.+. +......+ ..-.+..- .-....+.|
Saving 500000 paths...done.
Autobalance parameters: maxcond=280
Verified: 1300 bad out of 787748
Runtime: 18.8151
Extend MD5 differential paths backward
Copyright (C) 2009 Marc Stevens
http://homepages.cwi.nl/~stevens/

delta_m[11] = [!3!]
Loading workdir2/upperpath.bin.gz...done: 1.
Estimating maxcond for upper bound 262144 (=65536 * 4)...
t=34: 0%   10   20   30   40   50   60   70   80   90   100%
      |----|----|----|----|----|----|----|----|----|----|
e     ***************************************************
Found maxcond = 2176
t=34: 0%   10   20   30   40   50   60   70   80   90   100%
      |----|----|----|----|----|----|----|----|----|----|
      ***************************************************
Q31:	|........ ........ ........ ....-...|
Q32:	|........ ........ ........ ........|
Q33:	|........ ........ ........ ........|
Q34:	|........ ........ ........ ........| ok p=1
Q35:	|........ ........ ........ ........| ok p=1
Q36:	|........ ........ ........ ........| ok p=1
Q37:	|........ ........ ........ ........| ok p=1
Q38:	|........ ........ ........ ........| ok p=1
Q39:	|........ ........ ........ ........| ok p=1
Q40:	|........ ........ ........ ........| ok p=1
Q41:	|........ ........ ........ ........| ok p=1
Q42:	|........ ........ ........ ........| ok p=1
Q43:	|........ ........ ........ ........| ok p=1
Q44:	|........ ........ ........ ........| ok p=1
Q45:	|........ ........ ........ ........| ok p=1
Q46:	|........ ........ ........ ........| ok p=1
Q47:	|........ ........ ........ ........| ok p=1
Q48:	|........ ........ ........ ........| ok p=1
Q49:	|........ ........ ........ ........| ok p=1
Q50:	|........ ........ ........ ........| ok p=1
Q51:	|........ ........ ........ ........| ok p=1
Q52:	|........ ........ ........ ........| ok p=1
Q53:	|........ ........ ........ ........| ok p=1
Q54:	|........ ........ ........ ........| ok p=1
Q55:	|........ ........ ........ ........| ok p=1
Q56:	|........ ........ ........ ........| ok p=1
Q57:	|........ ........ ........ ........| ok p=1
Q58:	|........ ........ ........ ........| ok p=1
Q59:	|........ ........ ........ ........| ok p=1
Q60:	|........ ........ ..0..... ........| ok p=1
Q61:	|........ ........ .10..... ........| ok p=1
Q62:	|........ ........ .0+..... ........| ok p=1
Q63:	|........ ........ .+-..... ........| ok p=1
Q64:	|........ ........ ..+..... .....+..|
Saving 1 paths...done.
Autobalance parameters: maxcond=2176
Verified: 0 bad out of 1
Estimating maxcond for upper bound 262144 (=65536 * 4)...
t=33: 0%   10   20   30   40   50   60   70   80   90   100%
      |----|----|----|----|----|----|----|----|----|----|
e     ***************************************************
Found maxcond = 35
t=33: 0%   10   20   30   40   50   60   70   80   90   100%
      |----|----|----|----|----|----|----|----|----|----|
      ***************************************************
Q30:	|........ ........ ........ ....-...|
Q31:	|........ ........ ........ ....-...|
Q32:	|........ ........ ........ ........|
Q33:	|........ ........ ........ ....!...| ok p=1
Q34:	|........ ........ ........ ........| ok p=1
Q35:	|........ ........ ........ ........| ok p=1
Q36:	|........ ........ ........ ........| ok p=1
Q37:	|........ ........ ........ ........| ok p=1
Q38:	|........ ........ ........ ........| ok p=1
Q39:	|........ ........ ........ ........| ok p=1
Q40:	|........ ........ ........ ........| ok p=1
Q41:	|........ ........ ........ ........| ok p=1
Q42:	|........ ........ ........ ........| ok p=1
Q43:	|........ ........ ........ ........| ok p=1
Q44:	|........ ........ ........ ........| ok p=1
Q45:	|........ ........ ........ ........| ok p=1
Q46:	|........ ........ ........ ........| ok p=1
Q47:	|........ ........ ........ ........| ok p=1
Q48:	|........ ........ ........ ........| ok p=1
Q49:	|........ ........ ........ ........| ok p=1
Q50:	|........ ........ ........ ........| ok p=1
Q51:	|........ ........ ........ ........| ok p=1
Q52:	|........ ........ ........ ........| ok p=1
Q53:	|........ ........ ........ ........| ok p=1
Q54:	|........ ........ ........ ........| ok p=1
Q55:	|........ ........ ........ ........| ok p=1
Q56:	|........ ........ ........ ........| ok p=1
Q57:	|........ ........ ........ ........| ok p=1
Q58:	|........ ........ ........ ........| ok p=1
Q59:	|........ ........ ........ ........| ok p=1
Q60:	|........ ........ ..0..... ........| ok p=1
Q61:	|........ ........ .10..... ........| ok p=1
Q62:	|........ ........ .0+..... ........| ok p=1
Q63:	|........ ........ .+-..... ........| ok p=1
Q64:	|........ ........ ..+..... .....+..|
Saving 65536 paths...done.
Autobalance parameters: maxcond=31
Verified: 0 bad out of 65537
Estimating maxcond for upper bound 262144 (=65536 * 4)...
t=32: 0%   10   20   30   40   50   60   70   80   90   100%
      |----|----|----|----|----|----|----|----|----|----|
e     ***************************************************
Found maxcond = 25
t=32: 0%   10   20   30   40   50   60   70   80   90   100%
      |----|----|----|----|----|----|----|----|----|----|
      ***************************************************
Q29:	|........ ........ ........ ........|
Q30:	|........ ........ ........ ....+...|
Q31:	|........ ........ ........ ....-...|
Q32:	|........ ........ ........ ........| ok p=1
Q33:	|........ ........ ........ ....^...| ok p=1
Q34:	|........ ........ ........ ........| ok p=1
Q35:	|........ ........ ........ ........| ok p=1
Q36:	|........ ........ ........ ........| ok p=1
Q37:	|........ ........ ........ ........| ok p=1
Q38:	|........ ........ ........ ........| ok p=1
Q39:	|........ ........ ........ ........| ok p=1
Q40:	|........ ........ ........ ........| ok p=1
Q41:	|........ ........ ........ ........| ok p=1
Q42:	|........ ........ ........ ........| ok p=1
Q43:	|........ ........ ........ ........| ok p=1
Q44:	|........ ........ ........ ........| ok p=1
Q45:	|........ ........ ........ ........| ok p=1
Q46:	|........ ........ ........ ........| ok p=1
Q47:	|........ ........ ........ ........| ok p=1
Q48:	|........ ........ ........ ........| ok p=1
Q49:	|........ ........ ........ ........| ok p=1
Q50:	|........ ........ ........ ........| ok p=1
Q51:	|........ ........ ........ ........| ok p=1
Q52:	|........ ........ ........ ........| ok p=1
Q53:	|........ ........ ........ ........| ok p=1
Q54:	|........ ........ ........ ........| ok p=1
Q55:	|........ ........ ........ ........| ok p=1
Q56:	|........ ........ ........ ........| ok p=1
Q57:	|........ ........ ........ ........| ok p=1
Q58:	|........ ........ ........ ........| ok p=1
Q59:	|........ ........ ........ ........| ok p=1
Q60:	|........ ........ ..0..... ........| ok p=1
Q61:	|........ ........ .10..... ........| ok p=1
Q62:	|........ ........ .0+..... ........| ok p=1
Q63:	|........ ........ .+-..... ........| ok p=1
Q64:	|........ ........ ..+..... .....+..|
Saving 65536 paths...done.
Autobalance parameters: maxcond=22
Verified: 0 bad out of 120561
Estimating maxcond for upper bound 262144 (=65536 * 4)...
t=31: 0%   10   20   30   40   50   60   70   80   90   100%
      |----|----|----|----|----|----|----|----|----|----|
e     ***************************************************
Found maxcond = 22
t=31: 0%   10   20   30   40   50   60   70   80   90   100%
      |----|----|----|----|----|----|----|----|----|----|
      ***************************************************
Q28:	|........ ........ +....... ....+...|
Q29:	|........ ........ ........ ........|
Q30:	|........ ........ ........ ....-...|
Q31:	|........ ........ ........ ....-...| ok p=1
Q32:	|........ ........ ........ ........| ok p=1
Q33:	|........ ........ ........ ....!...| ok p=1
Q34:	|........ ........ ........ ........| ok p=1
Q35:	|........ ........ ........ ........| ok p=1
Q36:	|........ ........ ........ ........| ok p=1
Q37:	|........ ........ ........ ........| ok p=1
Q38:	|........ ........ ........ ........| ok p=1
Q39:	|........ ........ ........ ........| ok p=1
Q40:	|........ ........ ........ ........| ok p=1
Q41:	|........ ........ ........ ........| ok p=1
Q42:	|........ ........ ........ ........| ok p=1
Q43:	|........ ........ ........ ........| ok p=1
Q44:	|........ ........ ........ ........| ok p=1
Q45:	|........ ........ ........ ........| ok p=1
Q46:	|........ ........ ........ ........| ok p=1
Q47:	|........ ........ ........ ........| ok p=1
Q48:	|........ ........ ........ ........| ok p=1
Q49:	|........ ........ ........ ........| ok p=1
Q50:	|........ ........ ........ ........| ok p=1
Q51:	|........ ........ ........ ........| ok p=1
Q52:	|........ ........ ........ ........| ok p=1
Q53:	|........ ........ ........ ........| ok p=1
Q54:	|........ ........ ........ ........| ok p=1
Q55:	|........ ........ ........ ........| ok p=1
Q56:	|........ ........ ........ ........| ok p=1
Q57:	|........ ........ ........ ........| ok p=1
Q58:	|........ ........ ........ ........| ok p=1
Q59:	|........ ........ ........ ........| ok p=1
Q60:	|........ ........ ..0..... ........| ok p=1
Q61:	|........ ........ .10..... ........| ok p=1
Q62:	|........ ........ .0+..... ........| ok p=1
Q63:	|........ ........ .+-..... ........| ok p=1
Q64:	|........ ........ ..+..... .....+..|
Saving 65536 paths...done.
Autobalance parameters: maxcond=20
Verified: 0 bad out of 114683
Estimating maxcond for upper bound 262144 (=65536 * 4)...
t=30: 0%   10   20   30   40   50   60   70   80   90   100%
      |----|----|----|----|----|----|----|----|----|----|
e     ***************************************************
Found maxcond = 22
t=30: 0%   10   20   30   40   50   60   70   80   90   100%
      |----|----|----|----|----|----|----|----|----|----|
      ***************************************************
Q27:	|........ .-...... ........ ........|
Q28:	|........ ........ +....... ....-...|
Q29:	|........ ........ ........ ....0...|
Q30:	|........ ........ ^....... ....+...| ok p=1
Q31:	|........ ........ ........ ....-...| ok p=1
Q32:	|........ ........ ........ ........| ok p=1
Q33:	|........ ........ ........ ....^...| ok p=1
Q34:	|........ ........ ........ ........| ok p=1
Q35:	|........ ........ ........ ........| ok p=1
Q36:	|........ ........ ........ ........| ok p=1
Q37:	|........ ........ ........ ........| ok p=1
Q38:	|........ ........ ........ ........| ok p=1
Q39:	|........ ........ ........ ........| ok p=1
Q40:	|........ ........ ........ ........| ok p=1
Q41:	|........ ........ ........ ........| ok p=1
Q42:	|........ ........ ........ ........| ok p=1
Q43:	|........ ........ ........ ........| ok p=1
Q44:	|........ ........ ........ ........| ok p=1
Q45:	|........ ........ ........ ........| ok p=1
Q46:	|........ ........ ........ ........| ok p=1
Q47:	|........ ........ ........ ........| ok p=1
Q48:	|........ ........ ........ ........| ok p=1
Q49:	|........ ........ ........ ........| ok p=1
Q50:	|........ ........ ........ ........| ok p=1
Q51:	|........ ........ ........ ........| ok p=1
Q52:	|........ ........ ........ ........| ok p=1
Q53:	|........ ........ ........ ........| ok p=1
Q54:	|........ ........ ........ ........| ok p=1
Q55:	|........ ........ ........ ........| ok p=1
Q56:	|........ ........ ........ ........| ok p=1
Q57:	|........ ........ ........ ........| ok p=1
Q58:	|........ ........ ........ ........| ok p=1
Q59:	|........ ........ ........ ........| ok p=1
Q60:	|........ ........ ..0..... ........| ok p=1
Q61:	|........ ........ .10..... ........| ok p=1
Q62:	|........ ........ .0+..... ........| ok p=1
Q63:	|........ ........ .+-..... ........| ok p=1
Q64:	|........ ........ ..+..... .....+..|
Saving 65536 paths...done.
Autobalance parameters: maxcond=19
Verified: 0 bad out of 134907
Runtime: 3.76946
Extend MD5 differential paths backward
Copyright (C) 2009 Marc Stevens
http://homepages.cwi.nl/~stevens/

delta_m[11] = [!3!]
Loading workdir2/paths30_0of1...done: 65536 (work:65536).
Estimating maxcond for upper bound 400000 (=100000 * 4)...
t=29: 0%   10   20   30   40   50   60   70   80   90   100%
      |----|----|----|----|----|----|----|----|----|----|
e     ***************************************************
Found maxcond = 23
t=29: 0%   10   20   30   40   50   60   70   80   90   100%
      |----|----|----|----|----|----|----|----|----|----|
      ***************************************************
Q26:	|.....-.. ........ ........ ....-...|
Q27:	|........ ........ 1....... ....+...|
Q28:	|........ ........ +....... ....+...|
Q29:	|........ ........ ........ ....1...| ok p=0.976562
Q30:	|........ ........ ^....... ....-...| ok p=1
Q31:	|........ ........ ........ ....-...| ok p=1
Q32:	|........ ........ ........ ........| ok p=1
Q33:	|........ ........ ........ ....!...| ok p=1
Q34:	|........ ........ ........ ........| ok p=1
Q35:	|........ ........ ........ ........| ok p=1
Q36:	|........ ........ ........ ........| ok p=1
Q37:	|........ ........ ........ ........| ok p=1
Q38:	|........ ........ ........ ........| ok p=1
Q39:	|........ ........ ........ ........| ok p=1
Q40:	|........ ........ ........ ........| ok p=1
Q41:	|........ ........ ........ ........| ok p=1
Q42:	|........ ........ ........ ........| ok p=1
Q43:	|........ ........ ........ ........| ok p=1
Q44:	|........ ........ ........ ........| ok p=1
Q45:	|........ ........ ........ ........| ok p=1
Q46:	|........ ........ ........ ........| ok p=1
Q47:	|........ ........ ........ ........| ok p=1
Q48:	|........ ........ ........ ........| ok p=1
Q49:	|........ ........ ........ ........| ok p=1
Q50:	|........ ........ ........ ........| ok p=1
Q51:	|........ ........ ........ ........| ok p=1
Q52:	|........ ........ ........ ........| ok p=1
Q53:	|........ ........ ........ ........| ok p=1
Q54:	|........ ........ ........ ........| ok p=1
Q55:	|........ ........ ........ ........| ok p=1
Q56:	|........ ........ ........ ........| ok p=1
Q57:	|........ ........ ........ ........| ok p=1
Q58:	|........ ........ ........ ........| ok p=1
Q59:	|........ ........ ........ ........| ok p=1
Q60:	|........ ........ ..0..... ........| ok p=1
Q61:	|........ ........ .10..... ........| ok p=1
Q62:	|........ ........ .0+..... ........| ok p=1
Q63:	|........ ........ .+-..... ........| ok p=1
Q64:	|........ ........ ..+..... .....+..|
Saving 100000 paths...done.
Autobalance parameters: maxcond=21
Verified: 0 bad out of 158902
Estimating maxcond for upper bound 400000 (=100000 * 4)...
t=28: 0%   10   20   30   40   50   60   70   80   90   100%
      |----|----|----|----|----|----|----|----|----|----|
e     ***************************************************
Found maxcond = 25
t=28: 0%   10   20   30   40   50   60   70   80   90   100%
      |----|----|----|----|----|----|----|----|----|----|
      ***************************************************
Q25:	|.-...... ........ .....-.. ....-...|
Q26:	|.....-.. ........ -....... ....-...|
Q27:	|........ ........ 0....... ....+...|
Q28:	|.....^.. ........ +....... ....+...| ok p=0.777344
Q29:	|........ ........ ........ ....1...| ok p=0.980469
Q30:	|........ ........ ^....... ....-...| ok p=1
Q31:	|........ ........ ........ ....-...| ok p=1
Q32:	|........ ........ ........ ........| ok p=1
Q33:	|........ ........ ........ ....!...| ok p=1
Q34:	|........ ........ ........ ........| ok p=1
Q35:	|........ ........ ........ ........| ok p=1
Q36:	|........ ........ ........ ........| ok p=1
Q37:	|........ ........ ........ ........| ok p=1
Q38:	|........ ........ ........ ........| ok p=1
Q39:	|........ ........ ........ ........| ok p=1
Q40:	|........ ........ ........ ........| ok p=1
Q41:	|........ ........ ........ ........| ok p=1
Q42:	|........ ........ ........ ........| ok p=1
Q43:	|........ ........ ........ ........| ok p=1
Q44:	|........ ........ ........ ........| ok p=1
Q45:	|........ ........ ........ ........| ok p=1
Q46:	|........ ........ ........ ........| ok p=1
Q47:	|........ ........ ........ ........| ok p=1
Q48:	|........ ........ ........ ........| ok p=1
Q49:	|........ ........ ........ ........| ok p=1
Q50:	|........ ........ ........ ........| ok p=1
Q51:	|........ ........ ........ ........| ok p=1
Q52:	|........ ........ ........ ........| ok p=1
Q53:	|........ ........ ........ ........| ok p=1
Q54:	|........ ........ ........ ........| ok p=1
Q55:	|........ ........ ........ ........| ok p=1
Q56:	|........ ........ ........ ........| ok p=1
Q57:	|........ ........ ........ ........| ok p=1
Q58:	|........ ........ ........ ........| ok p=1
Q59:	|........ ........ ........ ........| ok p=1
Q60:	|........ ........ ..0..... ........| ok p=1
Q61:	|........ ........ .10..... ........| ok p=1
Q62:	|........ ........ .0+..... ........| ok p=1
Q63:	|........ ........ .+-..... ........| ok p=1
Q64:	|........ ........ ..+..... .....+..|
Saving 100000 paths...done.
Autobalance parameters: maxcond=23
Verified: 0 bad out of 166941
Estimating maxcond for upper bound 400000 (=100000 * 4)...
t=27: 0%   10   20   30   40   50   60   70   80   90   100%
      |----|----|----|----|----|----|----|----|----|----|
e     ***************************************************
Found maxcond = 28
t=27: 0%   10   20   30   40   50   60   70   80   90   100%
      |----|----|----|----|----|----|----|----|----|----|
      ***************************************************
Q24:	|....+... ........ +....... ........|
Q25:	|.-...1.. ........ .....-.. ........|
Q26:	|.....-.. ........ 0....... ....0...|
Q27:	|.^...... ........ 1....^.. ....1...| ok p=0.966797
Q28:	|.....^.. ........ +....... ....+...| ok p=0.725586
Q29:	|........ ........ ........ ....0...| ok p=0.980469
Q30:	|........ ........ ^....... ....-...| ok p=1
Q31:	|........ ........ ........ ....-...| ok p=1
Q32:	|........ ........ ........ ........| ok p=1
Q33:	|........ ........ ........ ....!...| ok p=1
Q34:	|........ ........ ........ ........| ok p=1
Q35:	|........ ........ ........ ........| ok p=1
Q36:	|........ ........ ........ ........| ok p=1
Q37:	|........ ........ ........ ........| ok p=1
Q38:	|........ ........ ........ ........| ok p=1
Q39:	|........ ........ ........ ........| ok p=1
Q40:	|........ ........ ........ ........| ok p=1
Q41:	|........ ........ ........ ........| ok p=1
Q42:	|........ ........ ........ ........| ok p=1
Q43:	|........ ........ ........ ........| ok p=1
Q44:	|........ ........ ........ ........| ok p=1
Q45:	|........ ........ ........ ........| ok p=1
Q46:	|........ ........ ........ ........| ok p=1
Q47:	|........ ........ ........ ........| ok p=1
Q48:	|........ ........ ........ ........| ok p=1
Q49:	|........ ........ ........ ........| ok p=1
Q50:	|........ ........ ........ ........| ok p=1
Q51:	|........ ........ ........ ........| ok p=1
Q52:	|........ ........ ........ ........| ok p=1
Q53:	|........ ........ ........ ........| ok p=1
Q54:	|........ ........ ........ ........| ok p=1
Q55:	|........ ........ ........ ........| ok p=1
Q56:	|........ ........ ........ ........| ok p=1
Q57:	|........ ........ ........ ........| ok p=1
Q58:	|........ ........ ........ ........| ok p=1
Q59:	|........ ........ ........ ........| ok p=1
Q60:	|........ ........ ..0..... ........| ok p=1
Q61:	|........ ........ .10..... ........| ok p=1
Q62:	|........ ........ .0+..... ........| ok p=1
Q63:	|........ ........ .+-..... ........| ok p=1
Q64:	|........ ........ ..+..... .....+..|
Saving 100000 paths...done.
Autobalance parameters: maxcond=26
Verified: 0 bad out of 183513
Estimating maxcond for upper bound 400000 (=100000 * 4)...
t=26: 0%   10   20   30   40   50   60   70   80   90   100%
      |----|----|----|----|----|----|----|----|----|----|
e     ***************************************************
Found maxcond = 31
t=26: 0%   10   20   30   40   50   60   70   80   90   100%
      |----|----|----|----|----|----|----|----|----|----|
      ***************************************************
Q23:	|........ ........ +..+.... .....+..|
Q24:	|.1...0.. ........ +....1.. ........|
Q25:	|.-...1.. ........ -....-.. ........|
Q26:	|.....-.. ........ -....... ....0...| ok p=0.96582
Q27:	|.^...... ........ +....^.. ....1...| ok p=1
Q28:	|.....^.. ........ +....... ....+...| ok p=0.703125
Q29:	|........ ........ 1....... ....0...| ok p=0.988281
Q30:	|........ ........ 0....... ....-...| ok p=1
Q31:	|........ ........ ........ ....-...| ok p=1
Q32:	|........ ........ ........ ........| ok p=1
Q33:	|........ ........ ........ ....!...| ok p=1
Q34:	|........ ........ ........ ........| ok p=1
Q35:	|........ ........ ........ ........| ok p=1
Q36:	|........ ........ ........ ........| ok p=1
Q37:	|........ ........ ........ ........| ok p=1
Q38:	|........ ........ ........ ........| ok p=1
Q39:	|........ ........ ........ ........| ok p=1
Q40:	|........ ........ ........ ........| ok p=1
Q41:	|........ ........ ........ ........| ok p=1
Q42:	|........ ........ ........ ........| ok p=1
Q43:	|........ ........ ........ ........| ok p=1
Q44:	|........ ........ ........ ........| ok p=1
Q45:	|........ ........ ........ ........| ok p=1
Q46:	|........ ........ ........ ........| ok p=1
Q47:	|........ ........ ........ ........| ok p=1
Q48:	|........ ........ ........ ........| ok p=1
Q49:	|........ ........ ........ ........| ok p=1
Q50:	|........ ........ ........ ........| ok p=1
Q51:	|........ ........ ........ ........| ok p=1
Q52:	|........ ........ ........ ........| ok p=1
Q53:	|........ ........ ........ ........| ok p=1
Q54:	|........ ........ ........ ........| ok p=1
Q55:	|........ ........ ........ ........| ok p=1
Q56:	|........ ........ ........ ........| ok p=1
Q57:	|........ ........ ........ ........| ok p=1
Q58:	|........ ........ ........ ........| ok p=1
Q59:	|........ ........ ........ ........| ok p=1
Q60:	|........ ........ ..0..... ........| ok p=1
Q61:	|........ ........ .10..... ........| ok p=1
Q62:	|........ ........ .0+..... ........| ok p=1
Q63:	|........ ........ .+-..... ........| ok p=1
Q64:	|........ ........ ..+..... .....+..|
Saving 100000 paths...done.
Autobalance parameters: maxcond=29
Verified: 0 bad out of 171863
Estimating maxcond for upper bound 400000 (=100000 * 4)...
t=25: 0%   10   20   30   40   50   60   70   80   90   100%
      |----|----|----|----|----|----|----|----|----|----|
e     ***************************************************
Found maxcond = 36
t=25: 0%   10   20   30   40   50   60   70   80   90   100%
      |----|----|----|----|----|----|----|----|----|----|
      ***************************************************
Q22:	|........ ..+...-. ........ ......+.|
Q23:	|.0...... ........ +..+.+.. .....+..|
Q24:	|.1...0.. ........ +....0.. ........|
Q25:	|.-...1.. ........ -..^.-.. .....^..| ok p=0.773438
Q26:	|.....-.. ........ -....... ....0...| ok p=0.976562
Q27:	|.^...... ........ +....^.. ....1...| ok p=1
Q28:	|.....^.. ........ +....... ....+...| ok p=0.733398
Q29:	|........ ........ 1....... ....0...| ok p=0.990234
Q30:	|........ ........ 0....... ....-...| ok p=1
Q31:	|........ ........ ........ ....-...| ok p=1
Q32:	|........ ........ ........ ........| ok p=1
Q33:	|........ ........ ........ ....!...| ok p=1
Q34:	|........ ........ ........ ........| ok p=1
Q35:	|........ ........ ........ ........| ok p=1
Q36:	|........ ........ ........ ........| ok p=1
Q37:	|........ ........ ........ ........| ok p=1
Q38:	|........ ........ ........ ........| ok p=1
Q39:	|........ ........ ........ ........| ok p=1
Q40:	|........ ........ ........ ........| ok p=1
Q41:	|........ ........ ........ ........| ok p=1
Q42:	|........ ........ ........ ........| ok p=1
Q43:	|........ ........ ........ ........| ok p=1
Q44:	|........ ........ ........ ........| ok p=1
Q45:	|........ ........ ........ ........| ok p=1
Q46:	|........ ........ ........ ........| ok p=1
Q47:	|........ ........ ........ ........| ok p=1
Q48:	|........ ........ ........ ........| ok p=1
Q49:	|........ ........ ........ ........| ok p=1
Q50:	|........ ........ ........ ........| ok p=1
Q51:	|........ ........ ........ ........| ok p=1
Q52:	|........ ........ ........ ........| ok p=1
Q53:	|........ ........ ........ ........| ok p=1
Q54:	|........ ........ ........ ........| ok p=1
Q55:	|........ ........ ........ ........| ok p=1
Q56:	|........ ........ ........ ........| ok p=1
Q57:	|........ ........ ........ ........| ok p=1
Q58:	|........ ........ ........ ........| ok p=1
Q59:	|........ ........ ........ ........| ok p=1
Q60:	|........ ........ ..0..... ........| ok p=1
Q61:	|........ ........ .10..... ........| ok p=1
Q62:	|........ ........ .0+..... ........| ok p=1
Q63:	|........ ........ .+-..... ........| ok p=1
Q64:	|........ ........ ..+..... .....+..|
Saving 100000 paths...done.
Autobalance parameters: maxcond=35
Verified: 0 bad out of 140035
Estimating maxcond for upper bound 400000 (=100000 * 4)...
t=24: 0%   10   20   30   40   50   60   70   80   90   100%
      |----|----|----|----|----|----|----|----|----|----|
e     ***************************************************
Found maxcond = 44
t=24: 0%   10   20   30   40   50   60   70   80   90   100%
      |----|----|----|----|----|----|----|----|----|----|
      ***************************************************
Q21:	|......-. ........ -...-... ..-.....|
Q22:	|........ ..+...-. ...1.... .....1+.|
Q23:	|.0...... ........ +..+.0.. .....+..|
Q24:	|.1...0.. ..^...^. +....1.. ......^.| ok p=0.707031
Q25:	|.-...1.. ........ -..^.-.. .....^..| ok p=0.757812
Q26:	|.....-.. ........ -....... ....0...| ok p=0.963867
Q27:	|.^...... ........ +....^.. ....1...| ok p=1
Q28:	|.....^.. ........ +....... ....+...| ok p=0.732422
Q29:	|........ ........ 1....... ....0...| ok p=0.986328
Q30:	|........ ........ 0....... ....-...| ok p=1
Q31:	|........ ........ ........ ....-...| ok p=1
Q32:	|........ ........ ........ ........| ok p=1
Q33:	|........ ........ ........ ....!...| ok p=1
Q34:	|........ ........ ........ ........| ok p=1
Q35:	|........ ........ ........ ........| ok p=1
Q36:	|........ ........ ........ ........| ok p=1
Q37:	|........ ........ ........ ........| ok p=1
Q38:	|........ ........ ........ ........| ok p=1
Q39:	|........ ........ ........ ........| ok p=1
Q40:	|........ ........ ........ ........| ok p=1
Q41:	|........ ........ ........ ........| ok p=1
Q42:	|........ ........ ........ ........| ok p=1
Q43:	|........ ........ ........ ........| ok p=1
Q44:	|........ ........ ........ ........| ok p=1
Q45:	|........ ........ ........ ........| ok p=1
Q46:	|........ ........ ........ ........| ok p=1
Q47:	|........ ........ ........ ........| ok p=1
Q48:	|........ ........ ........ ........| ok p=1
Q49:	|........ ........ ........ ........| ok p=1
Q50:	|........ ........ ........ ........| ok p=1
Q51:	|........ ........ ........ ........| ok p=1
Q52:	|........ ........ ........ ........| ok p=1
Q53:	|........ ........ ........ ........| ok p=1
Q54:	|........ ........ ........ ........| ok p=1
Q55:	|........ ........ ........ ........| ok p=1
Q56:	|........ ........ ........ ........| ok p=1
Q57:	|........ ........ ........ ........| ok p=1
Q58:	|........ ........ ........ ........| ok p=1
Q59:	|........ ........ ........ ........| ok p=1
Q60:	|........ ........ ..0..... ........| ok p=1
Q61:	|........ ........ .10..... ........| ok p=1
Q62:	|........ ........ .0+..... ........| ok p=1
Q63:	|........ ........ .+-..... ........| ok p=1
Q64:	|........ ........ ..+..... .....+..|
Saving 100000 paths...done.
Autobalance parameters: maxcond=43
Verified: 16 bad out of 138468
Estimating maxcond for upper bound 400000 (=100000 * 4)...
t=23: 0%   10   20   30   40   50   60   70   80   90   100%
      |----|----|----|----|----|----|----|----|----|----|
e     ***************************************************
Found maxcond = 53
t=23: 0%   10   20   30   40   50   60   70   80   90   100%
      |----|----|----|----|----|----|----|----|----|----|
      ***************************************************
Q20:	|.-.....- ........ ....-... ........|
Q21:	|........ ..1...1. ...0.... .1-...1.|
Q22:	|.+...... ..+...-. ...1.... .+....+.|
Q23:	|.+...... ........ ...+.0.. ..^.....| ok p=0.533203
Q24:	|.-...0.. ..^...^. 0....1.. .^....^.| ok p=1
Q25:	|.-...1.. ........ ...^.-.. ........| ok p=0.771484
Q26:	|.1...-.. .......0 +....... ....0...| ok p=1
Q27:	|.0...... .......1 +....^.. ....1...| ok p=1
Q28:	|.....^.. .......+ -....... ....+...| ok p=0.717773
Q29:	|........ ........ 0....... ....0...| ok p=0.983398
Q30:	|........ .......^ 1....... ....-...| ok p=1
Q31:	|........ ........ ........ ....-...| ok p=1
Q32:	|........ ........ ........ ........| ok p=1
Q33:	|........ ........ ........ ....!...| ok p=1
Q34:	|........ ........ ........ ........| ok p=1
Q35:	|........ ........ ........ ........| ok p=1
Q36:	|........ ........ ........ ........| ok p=1
Q37:	|........ ........ ........ ........| ok p=1
Q38:	|........ ........ ........ ........| ok p=1
Q39:	|........ ........ ........ ........| ok p=1
Q40:	|........ ........ ........ ........| ok p=1
Q41:	|........ ........ ........ ........| ok p=1
Q42:	|........ ........ ........ ........| ok p=1
Q43:	|........ ........ ........ ........| ok p=1
Q44:	|........ ........ ........ ........| ok p=1
Q45:	|........ ........ ........ ........| ok p=1
Q46:	|........ ........ ........ ........| ok p=1
Q47:	|........ ........ ........ ........| ok p=1
Q48:	|........ ........ ........ ........| ok p=1
Q49:	|........ ........ ........ ........| ok p=1
Q50:	|........ ........ ........ ........| ok p=1
Q51:	|........ ........ ........ ........| ok p=1
Q52:	|........ ........ ........ ........| ok p=1
Q53:	|........ ........ ........ ........| ok p=1
Q54:	|........ ........ ........ ........| ok p=1
Q55:	|........ ........ ........ ........| ok p=1
Q56:	|........ ........ ........ ........| ok p=1
Q57:	|........ ........ ........ ........| ok p=1
Q58:	|........ ........ ........ ........| ok p=1
Q59:	|........ ........ ........ ........| ok p=1
Q60:	|........ ........ ..0..... ........| ok p=1
Q61:	|........ ........ .10..... ........| ok p=1
Q62:	|........ ........ .0+..... ........| ok p=1
Q63:	|........ ........ .+-..... ........| ok p=1
Q64:	|........ ........ ..+..... .....+..|
Saving 100000 paths...done.
Autobalance parameters: maxcond=52
Verified: 0 bad out of 109860
Estimating maxcond for upper bound 400000 (=100000 * 4)...
t=22: 0%   10   20   30   40   50   60   70   80   90   100%
      |----|----|----|----|----|----|----|----|----|----|
e     ***************************************************
Found maxcond = 60
t=22: 0%   10   20   30   40   50   60   70   80   90   100%
      |----|----|----|----|----|----|----|----|----|----|
      ***************************************************
Q19:	|.+.....- ....-... ........ -...+...|
Q20:	|......1- ..-...+. ........ .01...-.|
Q21:	|......-. ..0...0. ...0.... .1-...0.|
Q22:	|.......^ ..+...-. ...1.... .+....+.| ok p=0.798828
Q23:	|.0....^. ........ ...+.0.. ..^.....| ok p=0.993164
Q24:	|.1...0.. ..^...^. 0....1.. .^....^.| ok p=0.71875
Q25:	|.-...1.. ........ ...^.-.. ........| ok p=0.760742
Q26:	|.....-.. .......0 +....... ....0...| ok p=0.97168
Q27:	|.^...... .......1 +....^.. ....1...| ok p=1
Q28:	|.....^.. .......+ -....... ....+...| ok p=0.716797
Q29:	|........ ........ 0....... ....0...| ok p=0.982422
Q30:	|........ .......^ 1....... ....-...| ok p=1
Q31:	|........ ........ ........ ....-...| ok p=1
Q32:	|........ ........ ........ ........| ok p=1
Q33:	|........ ........ ........ ....!...| ok p=1
Q34:	|........ ........ ........ ........| ok p=1
Q35:	|........ ........ ........ ........| ok p=1
Q36:	|........ ........ ........ ........| ok p=1
Q37:	|........ ........ ........ ........| ok p=1
Q38:	|........ ........ ........ ........| ok p=1
Q39:	|........ ........ ........ ........| ok p=1
Q40:	|........ ........ ........ ........| ok p=1
Q41:	|........ ........ ........ ........| ok p=1
Q42:	|........ ........ ........ ........| ok p=1
Q43:	|........ ........ ........ ........| ok p=1
Q44:	|........ ........ ........ ........| ok p=1
Q45:	|........ ........ ........ ........| ok p=1
Q46:	|........ ........ ........ ........| ok p=1
Q47:	|........ ........ ........ ........| ok p=1
Q48:	|........ ........ ........ ........| ok p=1
Q49:	|........ ........ ........ ........| ok p=1
Q50:	|........ ........ ........ ........| ok p=1
Q51:	|........ ........ ........ ........| ok p=1
Q52:	|........ ........ ........ ........| ok p=1
Q53:	|........ ........ ........ ........| ok p=1
Q54:	|........ ........ ........ ........| ok p=1
Q55:	|........ ........ ........ ........| ok p=1
Q56:	|........ ........ ........ ........| ok p=1
Q57:	|........ ........ ........ ........| ok p=1
Q58:	|........ ........ ........ ........| ok p=1
Q59:	|........ ........ ........ ........| ok p=1
Q60:	|........ ........ ..0..... ........| ok p=1
Q61:	|........ ........ .10..... ........| ok p=1
Q62:	|........ ........ .0+..... ........| ok p=1
Q63:	|........ ........ .+-..... ........| ok p=1
Q64:	|........ ........ ..+..... .....+..|
Saving 100000 paths...done.
Autobalance parameters: maxcond=59
Verified: 0 bad out of 125095
Estimating maxcond for upper bound 400000 (=100000 * 4)...
t=21: 0%   10   20   30   40   50   60   70   80   90   100%
      |----|----|----|----|----|----|----|----|----|----|
e     ***************************************************
Found maxcond = 71
t=21: 0%   10   20   30   40   50   60   70   80   90   100%
      |----|----|----|----|----|----|----|----|----|----|
      ***************************************************
Q18:	|.+.-...+ .......+ ..+..... -..-....|
Q19:	|......0+ ....-... ........ .--.+...|
Q20:	|......0- ..0...0. ...-.... .00...0.|
Q21:	|......-1 ..1.^.1. ...-.... .1-.^.1.| ok p=0.793945
Q22:	|.......^ ..+...-. ...+.... .+....+.| ok p=0.992188
Q23:	|.0....^. ........ ...+.0.. ..^.....| ok p=0.996094
Q24:	|.1...0.. ..^...^. 0..1.1.. .^....^.| ok p=0.725586
Q25:	|.-...1.. ........ ...0.-.. ........| ok p=0.782227
Q26:	|.....-.. .......0 +....... ....0...| ok p=0.966797
Q27:	|.^...... .......1 +....^.. ....1...| ok p=1
Q28:	|.....^.. .......+ -....... ....+...| ok p=0.704102
Q29:	|........ ........ 0....... ....0...| ok p=0.985352
Q30:	|........ .......^ 1....... ....-...| ok p=1
Q31:	|........ ........ ........ ....-...| ok p=1
Q32:	|........ ........ ........ ........| ok p=1
Q33:	|........ ........ ........ ....!...| ok p=1
Q34:	|........ ........ ........ ........| ok p=1
Q35:	|........ ........ ........ ........| ok p=1
Q36:	|........ ........ ........ ........| ok p=1
Q37:	|........ ........ ........ ........| ok p=1
Q38:	|........ ........ ........ ........| ok p=1
Q39:	|........ ........ ........ ........| ok p=1
Q40:	|........ ........ ........ ........| ok p=1
Q41:	|........ ........ ........ ........| ok p=1
Q42:	|........ ........ ........ ........| ok p=1
Q43:	|........ ........ ........ ........| ok p=1
Q44:	|........ ........ ........ ........| ok p=1
Q45:	|........ ........ ........ ........| ok p=1
Q46:	|........ ........ ........ ........| ok p=1
Q47:	|........ ........ ........ ........| ok p=1
Q48:	|........ ........ ........ ........| ok p=1
Q49:	|........ ........ ........ ........| ok p=1
Q50:	|........ ........ ........ ........| ok p=1
Q51:	|........ ........ ........ ........| ok p=1
Q52:	|........ ........ ........ ........| ok p=1
Q53:	|........ ........ ........ ........| ok p=1
Q54:	|........ ........ ........ ........| ok p=1
Q55:	|........ ........ ........ ........| ok p=1
Q56:	|........ ........ ........ ........| ok p=1
Q57:	|........ ........ ........ ........| ok p=1
Q58:	|........ ........ ........ ........| ok p=1
Q59:	|........ ........ ........ ........| ok p=1
Q60:	|........ ........ ..0..... ........| ok p=1
Q61:	|........ ........ .10..... ........| ok p=1
Q62:	|........ ........ .0+..... ........| ok p=1
Q63:	|........ ........ .+-..... ........| ok p=1
Q64:	|........ ........ ..+..... .....+..|
Saving 100000 paths...done.
Autobalance parameters: maxcond=70
Verified: 0 bad out of 119286
Runtime: 9.38693
Extend MD5 differential paths backward
Copyright (C) 2009 Marc Stevens
http://homepages.cwi.nl/~stevens/

delta_m[11] = [!3!]
Loading workdir2/paths21_0of1...done: 100000 (work:100000).
Estimating maxcond for upper bound 65536 (=16384 * 4)...
t=20: 0%   10   20   30   40   50   60   70   80   90   100%
      |----|----|----|----|----|----|----|----|----|----|
e     ***************************************************
Found maxcond = 84
t=20: 0%   10   20   30   40   50   60   70   80   90   100%
      |----|----|----|----|----|----|----|----|----|----|
      ***************************************************
Q17:	|.......- ....-... ........ .......-|
Q18:	|.+.-..+. ....1..+ ...+.... -...1...|
Q19:	|.+....0- ....-... ........ -.0.+...|
Q20:	|.0.^..1- ..0...0^ ...^.... 001...0.| ok p=0.984375
Q21:	|.^....-1 ..1.^.1. ...0.... 11-.^.1.| ok p=0.799805
Q22:	|.......^ ..+...-. ...1.... .+....+.| ok p=0.823242
Q23:	|.0....^. ........ ...+.0.. ..^.....| ok p=0.986328
Q24:	|.1...0.. ..^...^. 0....1.. .^....^.| ok p=0.719727
Q25:	|.-...1.. ........ ...^.-.. ........| ok p=0.754883
Q26:	|.....-.. .......0 +....... ....0...| ok p=0.978516
Q27:	|.^...... .......1 +....^.. ....1...| ok p=1
Q28:	|.....^.. .......+ -....... ....+...| ok p=0.732422
Q29:	|........ ........ 0....... ....0...| ok p=0.989258
Q30:	|........ .......^ 1....... ....-...| ok p=1
Q31:	|........ ........ ........ ....-...| ok p=1
Q32:	|........ ........ ........ ........| ok p=1
Q33:	|........ ........ ........ ....!...| ok p=1
Q34:	|........ ........ ........ ........| ok p=1
Q35:	|........ ........ ........ ........| ok p=1
Q36:	|........ ........ ........ ........| ok p=1
Q37:	|........ ........ ........ ........| ok p=1
Q38:	|........ ........ ........ ........| ok p=1
Q39:	|........ ........ ........ ........| ok p=1
Q40:	|........ ........ ........ ........| ok p=1
Q41:	|........ ........ ........ ........| ok p=1
Q42:	|........ ........ ........ ........| ok p=1
Q43:	|........ ........ ........ ........| ok p=1
Q44:	|........ ........ ........ ........| ok p=1
Q45:	|........ ........ ........ ........| ok p=1
Q46:	|........ ........ ........ ........| ok p=1
Q47:	|........ ........ ........ ........| ok p=1
Q48:	|........ ........ ........ ........| ok p=1
Q49:	|........ ........ ........ ........| ok p=1
Q50:	|........ ........ ........ ........| ok p=1
Q51:	|........ ........ ........ ........| ok p=1
Q52:	|........ ........ ........ ........| ok p=1
Q53:	|........ ........ ........ ........| ok p=1
Q54:	|........ ........ ........ ........| ok p=1
Q55:	|........ ........ ........ ........| ok p=1
Q56:	|........ ........ ........ ........| ok p=1
Q57:	|........ ........ ........ ........| ok p=1
Q58:	|........ ........ ........ ........| ok p=1
Q59:	|........ ........ ........ ........| ok p=1
Q60:	|........ ........ ..0..... ........| ok p=1
Q61:	|........ ........ .10..... ........| ok p=1
Q62:	|........ ........ .0+..... ........| ok p=1
Q63:	|........ ........ .+-..... ........| ok p=1
Q64:	|........ ........ ..+..... .....+..|
Saving 16384 paths...done.
Autobalance parameters: maxcond=83
Verified: 0 bad out of 23766
Runtime: 2.45787
Extend MD5 differential paths backward
Copyright (C) 2009 Marc Stevens
http://homepages.cwi.nl/~stevens/

delta_m[11] = [!3!]
Loading workdir2/paths20_0of1...done: 16384 (work:16384).
Estimating maxcond for upper bound 2000000 (=500000 * 4)...
t=19: 0%   10   20   30   40   50   60   70   80   90   100%
      |----|----|----|----|----|----|----|----|----|----|
e     ***************************************************
Found maxcond = 95
t=19: 0%   10   20   30   40   50   60   70   80   90   100%
      |----|----|----|----|----|----|----|----|----|----|
      ***************************************************
Q16:	|.+.....- ....+... -....-.. +.-.....|
Q17:	|...1.... ....0..1 ...1.... ....-..-|
Q18:	|.+.-...+ ....0..+ ...+.... -...0...|
Q19:	|.+....0+ ....-... ........ -.0.+..^| ok p=0.37207
Q20:	|.0.^..0- ..0...0^ ...^.... 001...0.| ok p=1
Q21:	|.^....-1 ..1.^.1. ...0.... 11-.^.1.| ok p=0.801758
Q22:	|.......^ ..+...-. ...1.... .+....+.| ok p=0.817383
Q23:	|.0....^. ........ ...+.0.. ..^.....| ok p=0.993164
Q24:	|.1...0.. ..^...^. 0....1.. .^....^.| ok p=0.734375
Q25:	|.-...1.. ........ ...^.-.. ........| ok p=0.786133
Q26:	|.....-.. .......0 +....... ....0...| ok p=0.96875
Q27:	|.^...... .......1 +....^.. ....1...| ok p=1
Q28:	|.....^.. .......+ -....... ....+...| ok p=0.71582
Q29:	|........ ........ 0....... ....0...| ok p=0.982422
Q30:	|........ .......^ 1....... ....-...| ok p=1
Q31:	|........ ........ ........ ....-...| ok p=1
Q32:	|........ ........ ........ ........| ok p=1
Q33:	|........ ........ ........ ....!...| ok p=1
Q34:	|........ ........ ........ ........| ok p=1
Q35:	|........ ........ ........ ........| ok p=1
Q36:	|........ ........ ........ ........| ok p=1
Q37:	|........ ........ ........ ........| ok p=1
Q38:	|........ ........ ........ ........| ok p=1
Q39:	|........ ........ ........ ........| ok p=1
Q40:	|........ ........ ........ ........| ok p=1
Q41:	|........ ........ ........ ........| ok p=1
Q42:	|........ ........ ........ ........| ok p=1
Q43:	|........ ........ ........ ........| ok p=1
Q44:	|........ ........ ........ ........| ok p=1
Q45:	|........ ........ ........ ........| ok p=1
Q46:	|........ ........ ........ ........| ok p=1
Q47:	|........ ........ ........ ........| ok p=1
Q48:	|........ ........ ........ ........| ok p=1
Q49:	|........ ........ ........ ........| ok p=1
Q50:	|........ ........ ........ ........| ok p=1
Q51:	|........ ........ ........ ........| ok p=1
Q52:	|........ ........ ........ ........| ok p=1
Q53:	|........ ........ ........ ........| ok p=1
Q54:	|........ ........ ........ ........| ok p=1
Q55:	|........ ........ ........ ........| ok p=1
Q56:	|........ ........ ........ ........| ok p=1
Q57:	|........ ........ ........ ........| ok p=1
Q58:	|........ ........ ........ ........| ok p=1
Q59:	|........ ........ ........ ........| ok p=1
Q60:	|........ ........ ..0..... ........| ok p=1
Q61:	|........ ........ .10..... ........| ok p=1
Q62:	|........ ........ .0+..... ........| ok p=1
Q63:	|........ ........ .+-..... ........| ok p=1
Q64:	|........ ........ ..+..... .....+..|
Saving 500000 paths...done.
Autobalance parameters: maxcond=93
Verified: 0 bad out of 934445
Estimating maxcond for upper bound 2000000 (=500000 * 4)...
t=18: 0%   10   20   30   40   50   60   70   80   90   100%
      |----|----|----|----|----|----|----|----|----|----|
e     ***************************************************
Found maxcond = 107
t=18: 0%   10   20   30   40   50   60   70   80   90   100%
      |----|----|----|----|----|----|----|----|----|----|
      ***************************************************
Q15:	|.-.....- ..+....+ .+..-... .-.+.+..|
Q16:	|.+.0.... ....+..- -..-.-.. +......1|
Q17:	|.1.1...+ ....-..0 ...0.... 0...0..-|
Q18:	|.1.-...+ ....1..+ ^..+.^.. -...1...| ok p=0.542969
Q19:	|.+....0- ....-... ........ -.0.+..^| ok p=0.358398
Q20:	|.0.^..1- ..0...0^ ...^.... 001...0.| ok p=1
Q21:	|.1....-0 ..1.^.1. ...0.... 11-.^.1.| ok p=0.802734
Q22:	|.......^ ..+...-. ...1.... .+....+.| ok p=0.795898
Q23:	|.0....^. ........ ...+.0.. ..^.....| ok p=0.992188
Q24:	|.1...0.. ..^...^. 0....1.. .^....^.| ok p=0.724609
Q25:	|.-...1.. ........ ...^.-.. ........| ok p=0.74707
Q26:	|.....-.. .......0 +....... ....0...| ok p=0.951172
Q27:	|.^...... .......1 +....^.. ....1...| ok p=1
Q28:	|.....^.. .......+ -....... ....+...| ok p=0.756836
Q29:	|........ ........ 0....... ....0...| ok p=0.983398
Q30:	|........ .......^ 1....... ....-...| ok p=1
Q31:	|........ ........ ........ ....-...| ok p=1
Q32:	|........ ........ ........ ........| ok p=1
Q33:	|........ ........ ........ ....!...| ok p=1
Q34:	|........ ........ ........ ........| ok p=1
Q35:	|........ ........ ........ ........| ok p=1
Q36:	|........ ........ ........ ........| ok p=1
Q37:	|........ ........ ........ ........| ok p=1
Q38:	|........ ........ ........ ........| ok p=1
Q39:	|........ ........ ........ ........| ok p=1
Q40:	|........ ........ ........ ........| ok p=1
Q41:	|........ ........ ........ ........| ok p=1
Q42:	|........ ........ ........ ........| ok p=1
Q43:	|........ ........ ........ ........| ok p=1
Q44:	|........ ........ ........ ........| ok p=1
Q45:	|........ ........ ........ ........| ok p=1
Q46:	|........ ........ ........ ........| ok p=1
Q47:	|........ ........ ........ ........| ok p=1
Q48:	|........ ........ ........ ........| ok p=1
Q49:	|........ ........ ........ ........| ok p=1
Q50:	|........ ........ ........ ........| ok p=1
Q51:	|........ ........ ........ ........| ok p=1
Q52:	|........ ........ ........ ........| ok p=1
Q53:	|........ ........ ........ ........| ok p=1
Q54:	|........ ........ ........ ........| ok p=1
Q55:	|........ ........ ........ ........| ok p=1
Q56:	|........ ........ ........ ........| ok p=1
Q57:	|........ ........ ........ ........| ok p=1
Q58:	|........ ........ ........ ........| ok p=1
Q59:	|........ ........ ........ ........| ok p=1
Q60:	|........ ........ ..0..... ........| ok p=1
Q61:	|........ ........ .10..... ........| ok p=1
Q62:	|........ ........ .0+..... ........| ok p=1
Q63:	|........ ........ .+-..... ........| ok p=1
Q64:	|........ ........ ..+..... .....+..|
Saving 500000 paths...done.
Autobalance parameters: maxcond=105
Verified: 0 bad out of 927111
Estimating maxcond for upper bound 2000000 (=500000 * 4)...
t=17: 0%   10   20   30   40   50   60   70   80   90   100%
      |----|----|----|----|----|----|----|----|----|----|
e     ***************************************************
Found maxcond = 123
t=17: 0%   10   20   30   40   50   60   70   80   90   100%
      |----|----|----|----|----|----|----|----|----|----|
      ***************************************************
Q14:	|.-..+... .+.-.... .....+.. +..+....|
Q15:	|.-.....- ....0... 1.+..+.. 1.-.--.0|
Q16:	|.+.0...0 ....+..0 -..1.-.. +...-..1|
Q17:	|.-.1...+ ....-..1 ..^1.1.. 0.^.-^.-| ok p=0.390625
Q18:	|.+.-...+ ....1..+ ^..+.0.. -...+...| ok p=0.6875
Q19:	|.+....0- ....-... ........ -.0.+..^| ok p=0.387695
Q20:	|.1.^..1- ..0...0^ ...^.... 001.1.0.| ok p=1
Q21:	|.^....-0 ..1.^.1. ...0.... 11-.0.1.| ok p=0.780273
Q22:	|.......^ ..+...-. ...1.... .+....+.| ok p=0.807617
Q23:	|.0....^. ........ ...+.0.. ..^.....| ok p=0.990234
Q24:	|.1...0.. ..^...^. 0....1.. .^....^.| ok p=0.726562
Q25:	|.-...1.. ........ ...^.-.. ........| ok p=0.761719
Q26:	|.....-.. .......0 +....... ....0...| ok p=0.972656
Q27:	|.^...... .......1 +....^.. ....1...| ok p=1
Q28:	|.....^.. .......+ -....... ....+...| ok p=0.707031
Q29:	|........ ........ 0....... ....0...| ok p=0.985352
Q30:	|........ .......^ 1....... ....-...| ok p=1
Q31:	|........ ........ ........ ....-...| ok p=1
Q32:	|........ ........ ........ ........| ok p=1
Q33:	|........ ........ ........ ....!...| ok p=1
Q34:	|........ ........ ........ ........| ok p=1
Q35:	|........ ........ ........ ........| ok p=1
Q36:	|........ ........ ........ ........| ok p=1
Q37:	|........ ........ ........ ........| ok p=1
Q38:	|........ ........ ........ ........| ok p=1
Q39:	|........ ........ ........ ........| ok p=1
Q40:	|........ ........ ........ ........| ok p=1
Q41:	|........ ........ ........ ........| ok p=1
Q42:	|........ ........ ........ ........| ok p=1
Q43:	|........ ........ ........ ........| ok p=1
Q44:	|........ ........ ........ ........| ok p=1
Q45:	|........ ........ ........ ........| ok p=1
Q46:	|........ ........ ........ ........| ok p=1
Q47:	|........ ........ ........ ........| ok p=1
Q48:	|........ ........ ........ ........| ok p=1
Q49:	|........ ........ ........ ........| ok p=1
Q50:	|........ ........ ........ ........| ok p=1
Q51:	|........ ........ ........ ........| ok p=1
Q52:	|........ ........ ........ ........| ok p=1
Q53:	|........ ........ ........ ........| ok p=1
Q54:	|........ ........ ........ ........| ok p=1
Q55:	|........ ........ ........ ........| ok p=1
Q56:	|........ ........ ........ ........| ok p=1
Q57:	|........ ........ ........ ........| ok p=1
Q58:	|........ ........ ........ ........| ok p=1
Q59:	|........ ........ ........ ........| ok p=1
Q60:	|........ ........ ..0..... ........| ok p=1
Q61:	|........ ........ .10..... ........| ok p=1
Q62:	|........ ........ .0+..... ........| ok p=1
Q63:	|........ ........ .+-..... ........| ok p=1
Q64:	|........ ........ ..+..... .....+..|
Saving 500000 paths...done.
Autobalance parameters: maxcond=122
Verified: 528 bad out of 532461
Estimating maxcond for upper bound 2000000 (=500000 * 4)...
t=16: 0%   10   20   30   40   50   60   70   80   90   100%
      |----|----|----|----|----|----|----|----|----|----|
e     ***************************************************
Found maxcond = 135
t=16: 0%   10   20   30   40   50   60   70   80   90   100%
      |----|----|----|----|----|----|----|----|----|----|
      ***************************************************
Q13:	|....-.-. ....-... -...+... -.+..-..|
Q14:	|.-.....1 -...-... +1...... ..1.11..|
Q15:	|.-.....- ...+.... 0+...-.. +.-.--.0|
Q16:	|.+.0...1 ^..+^..1 -..0.-.. +...1..1| ok p=0.864258
Q17:	|.1.1...+ ...01..1 .^.1.0.. 1.^.0^.-| ok p=0.638672
Q18:	|.1.-...+ ...10..+ ^..+.1.. -...1...| ok p=0.519531
Q19:	|.+....0- ....-... ........ -.0.+..^| ok p=0.334961
Q20:	|.0.^..1- ..0...0^ ...^.... 001...0.| ok p=1
Q21:	|.1....-0 ..1.^.1. ...0.... 11-.^.1.| ok p=0.813477
Q22:	|.......^ ..+...-. ...1.... .+....+.| ok p=0.816406
Q23:	|.0....^. ........ ...+.0.. ..^.....| ok p=0.996094
Q24:	|.1...0.. ..^...^. 0....1.. .^....^.| ok p=0.720703
Q25:	|.-...1.. ........ ...^.-.. ........| ok p=0.744141
Q26:	|.....-.. .......0 +....... ....0...| ok p=0.966797
Q27:	|.^...... .......1 +....^.. ....1...| ok p=1
Q28:	|.....^.. .......+ -....... ....+...| ok p=0.725586
Q29:	|........ ........ 0....... ....0...| ok p=0.989258
Q30:	|........ .......^ 1....... ....-...| ok p=1
Q31:	|........ ........ ........ ....-...| ok p=1
Q32:	|........ ........ ........ ........| ok p=1
Q33:	|........ ........ ........ ....!...| ok p=1
Q34:	|........ ........ ........ ........| ok p=1
Q35:	|........ ........ ........ ........| ok p=1
Q36:	|........ ........ ........ ........| ok p=1
Q37:	|........ ........ ........ ........| ok p=1
Q38:	|........ ........ ........ ........| ok p=1
Q39:	|........ ........ ........ ........| ok p=1
Q40:	|........ ........ ........ ........| ok p=1
Q41:	|........ ........ ........ ........| ok p=1
Q42:	|........ ........ ........ ........| ok p=1
Q43:	|........ ........ ........ ........| ok p=1
Q44:	|........ ........ ........ ........| ok p=1
Q45:	|........ ........ ........ ........| ok p=1
Q46:	|........ ........ ........ ........| ok p=1
Q47:	|........ ........ ........ ........| ok p=1
Q48:	|........ ........ ........ ........| ok p=1
Q49:	|........ ........ ........ ........| ok p=1
Q50:	|........ ........ ........ ........| ok p=1
Q51:	|........ ........ ........ ........| ok p=1
Q52:	|........ ........ ........ ........| ok p=1
Q53:	|........ ........ ........ ........| ok p=1
Q54:	|........ ........ ........ ........| ok p=1
Q55:	|........ ........ ........ ........| ok p=1
Q56:	|........ ........ ........ ........| ok p=1
Q57:	|........ ........ ........ ........| ok p=1
Q58:	|........ ........ ........ ........| ok p=1
Q59:	|........ ........ ........ ........| ok p=1
Q60:	|........ ........ ..0..... ........| ok p=1
Q61:	|........ ........ .10..... ........| ok p=1
Q62:	|........ ........ .0+..... ........| ok p=1
Q63:	|........ ........ .+-..... ........| ok p=1
Q64:	|........ ........ ..+..... .....+..|
Saving 500000 paths...done.
Autobalance parameters: maxcond=134
Verified: 0 bad out of 633017
Runtime: 29.489
Connect MD5 differential paths
Copyright (C) 2009 Marc Stevens
http://homepages.cwi.nl/~stevens/

delta_m[11] = [!3!]
Loading workdir2/paths16_0of1.bin.gz...done: 500000.
Loading workdir2/paths11_0of1.bin.gz...done: 500000.
t=12: 0%   10   20   30   40   50   60   70   80   90   100%
      |----|----|----|----|----|----|----|----|----|----|
      *Q-3:	|11100101 11010111 00000001 00010111|
Q-2:	|-011--++ +10000-+ ++0++011 1100001-|
Q-1:	|+1-+0+++ +0100010 00--+000 110010-+|
Q0:	|-0-++11- 1010+-00 11+-+011 10101--0| ok p=1
Q1:	|0+.-+11- -...+1.. ..0++.1. -...-0+1| ok p=0.522461
Q2:	|+01-.1.+ +...+1^. ..-1..+. +...---.| ok p=1
Q3:	|+10+10.1 +...+.-! ..-11.-. +.0..1+.| ok p=1
Q4:	|01.+1-.0 ..!..^0. ..-...+. -.1.111.| ok p=1
Q5:	|01.+0+.. 0...1-0^ .0-.1.0. -!-...-.| ok p=1
Q6:	|-0.-.1.. 0....1.+ 11..0.0. -.0...-.| ok p=1
Q7:	|01^-.0.. 1...^+.0 .+0.+... +.1...+.| ok p=1
Q8:	|1.++.1.. -.!.+1.1 .+..+... +.....1.| ok p=1
Q9:	|0.0-.1.. -...0-.. ....-0.. +.!1..+1| ok p=1
Q10:	|.1100+^. 1.0.-+.. 10..101^ -1.1..+1| ok p=1
Q11:	|01001++0 001^1000 00..110- -1.+^^++| ok p=1
Q12:	|1+-0+001 +1+--011 -+^^1-+1 0-0---+-| ok p=1
Q13:	|-+0-0+1+ -+101+-- -1---00+ --1-10++| ok p=1
Q14:	|0-0100.+ 1-10-101 11000111 +.0.+1.0| ok p=1
Q15:	|1-.0.0.- 0+..1010 1+001-.1 10-10-0+| ok p=0.442383
Q16:	|.+.0...0 .0..+..0 -..0.-.. +...1..0| ok p=0.295898
Q17:	|.-.1...+ .0..0..1 .^.1.0.. 0.^.-^.-| ok p=0.391602
Q18:	|.+.-...+ ....0..+ ^..+.1.. -...-...| ok p=0.652344
Q19:	|.+....0- ....-... ........ -.0.+..^| ok p=0.387695
Q20:	|.1.^..1- ..0...0^ ...^.... 001.0.0.| ok p=1
Q21:	|.1....-0 ..1.^.1. ...0.... 11-.1.1.| ok p=0.805664
Q22:	|.......0 ..+...-. ...1.... .+....+.| ok p=0.822266
Q23:	|.0....^. ........ ...+.0.. ..^.....| ok p=0.996094
Q24:	|.1...0.. ..^...^. 0....1.. .^....^.| ok p=0.727539
Q25:	|.-...1.. ........ ...^.-.. ........| ok p=0.768555
Q26:	|.....-.. .......0 +....... ....0...| ok p=0.973633
Q27:	|.^...... .......1 +....^.. ....1...| ok p=1
Q28:	|.....^.. .......+ -....... ....+...| ok p=0.733398
Q29:	|........ ........ 0....... ....0...| ok p=0.990234
Q30:	|........ .......^ 1....... ....-...| ok p=1
Q31:	|........ ........ ........ ....-...| ok p=1
Q32:	|........ ........ ........ ........| ok p=1
Q33:	|........ ........ ........ ....!...| ok p=1
Q34:	|........ ........ ........ ........| ok p=1
Q35:	|........ ........ ........ ........| ok p=1
Q36:	|........ ........ ........ ........| ok p=1
Q37:	|........ ........ ........ ........| ok p=1
Q38:	|........ ........ ........ ........| ok p=1
Q39:	|........ ........ ........ ........| ok p=1
Q40:	|........ ........ ........ ........| ok p=1
Q41:	|........ ........ ........ ........| ok p=1
Q42:	|........ ........ ........ ........| ok p=1
Q43:	|........ ........ ........ ........| ok p=1
Q44:	|........ ........ ........ ........| ok p=1
Q45:	|........ ........ ........ ........| ok p=1
Q46:	|........ ........ ........ ........| ok p=1
Q47:	|........ ........ ........ ........| ok p=1
Q48:	|........ ........ ........ ........| ok p=1
Q49:	|........ ........ ........ ........| ok p=1
Q50:	|........ ........ ........ ........| ok p=1
Q51:	|........ ........ ........ ........| ok p=1
Q52:	|........ ........ ........ ........| ok p=1
Q53:	|........ ........ ........ ........| ok p=1
Q54:	|........ ........ ........ ........| ok p=1
Q55:	|........ ........ ........ ........| ok p=1
Q56:	|........ ........ ........ ........| ok p=1
Q57:	|........ ........ ........ ........| ok p=1
Q58:	|........ ........ ........ ........| ok p=1
Q59:	|........ ........ ........ ........| ok p=1
Q60:	|........ ........ ..0..... ........| ok p=1
Q61:	|........ ........ .10..... ........| ok p=1
Q62:	|........ ........ .0+..... ........| ok p=1
Q63:	|........ ........ .+-..... ........| ok p=1
Q64:	|........ ........ ..+..... .....+..|
Best path: totcompl=-26 tottunnel=36, totcond=562, p=0.00209469
Q-3:	|11100101 11010111 00000001 00010111|
Q-2:	|-011--++ +10000-+ ++0++011 1100001-|
Q-1:	|+1-+0+++ +0100010 00--+000 110010-+|
Q0:	|-0-++11- 1010+-00 11+-+011 10101--0| ok p=1
Q1:	|0+.-+11- -...+1.. ..0++.1. -...-0+1| ok p=0.498047
Q2:	|+01-.1.+ +...+1^. ..-1..+. +...---.| ok p=1
Q3:	|+10+10.1 +...+.-! ..-11.-. +.0..1+.| ok p=1
Q4:	|011+.-.0 ....0^0. ..-...+. -.1.111.| ok p=1
Q5:	|00.+.+.. 0...1-0^ .0-.1.0. -!-...-.| ok p=1
Q6:	|+1.-.1.. 0....1.+ 11..0.0. -.0...-.| ok p=1
Q7:	|0.^-^0.. 1...^+.0 .+0.+... +.1...+.| ok p=1
Q8:	|1.++.1.. -.!.+1.1 .+..+... +.....1.| ok p=1
Q9:	|0.0-.1.. -...0-.. ....-0.. +.!1..+1| ok p=1
Q10:	|.1100+^. 1.0.-+.. 10..101^ -1.1..+1| ok p=1
Q11:	|01001++0 001^1000 00..110- -1.+^^++| ok p=1
Q12:	|1+-0+001 +1+--011 -+^^1-+1 0-0---+-| ok p=1
Q13:	|-+0-0+1+ -+101+-- -1---00+ --1-10++| ok p=1
Q14:	|0-0100.+ 1-10-101 11000111 +.0.+1.0| ok p=1
Q15:	|1-.0.0.- 0+..1010 1+001-.1 10-10-0+| ok p=0.455078
Q16:	|.+.0...0 .0..+..0 -..0.-.. +...1..0| ok p=0.298828
Q17:	|.-.1...+ .0..0..1 .^.1.0.. 0.^.-^.-| ok p=0.374023
Q18:	|.+.-...+ ....0..+ ^..+.1.. -...-...| ok p=0.665039
Q19:	|.+....0- ....-... ........ -.0.+..^| ok p=0.398438
Q20:	|.1.^..1- ..0...0^ ...^.... 001.0.0.| ok p=1
Q21:	|.1....-0 ..1.^.1. ...0.... 11-.1.1.| ok p=0.78418
Q22:	|.......0 ..+...-. ...1.... .+....+.| ok p=0.825195
Q23:	|.0....^. ........ ...+.0.. ..^.....| ok p=0.993164
Q24:	|.1...0.. ..^...^. 0....1.. .^....^.| ok p=0.703125
Q25:	|.-...1.. ........ ...^.-.. ........| ok p=0.740234
Q26:	|.....-.. .......0 +....... ....0...| ok p=0.969727
Q27:	|.^...... .......1 +....^.. ....1...| ok p=1
Q28:	|.....^.. .......+ -....... ....+...| ok p=0.675781
Q29:	|........ ........ 0....... ....0...| ok p=0.989258
Q30:	|........ .......^ 1....... ....-...| ok p=1
Q31:	|........ ........ ........ ....-...| ok p=1
Q32:	|........ ........ ........ ........| ok p=1
Q33:	|........ ........ ........ ....!...| ok p=1
Q34:	|........ ........ ........ ........| ok p=1
Q35:	|........ ........ ........ ........| ok p=1
Q36:	|........ ........ ........ ........| ok p=1
Q37:	|........ ........ ........ ........| ok p=1
Q38:	|........ ........ ........ ........| ok p=1
Q39:	|........ ........ ........ ........| ok p=1
Q40:	|........ ........ ........ ........| ok p=1
Q41:	|........ ........ ........ ........| ok p=1
Q42:	|........ ........ ........ ........| ok p=1
Q43:	|........ ........ ........ ........| ok p=1
Q44:	|........ ........ ........ ........| ok p=1
Q45:	|........ ........ ........ ........| ok p=1
Q46:	|........ ........ ........ ........| ok p=1
Q47:	|........ ........ ........ ........| ok p=1
Q48:	|........ ........ ........ ........| ok p=1
Q49:	|........ ........ ........ ........| ok p=1
Q50:	|........ ........ ........ ........| ok p=1
Q51:	|........ ........ ........ ........| ok p=1
Q52:	|........ ........ ........ ........| ok p=1
Q53:	|........ ........ ........ ........| ok p=1
Q54:	|........ ........ ........ ........| ok p=1
Q55:	|........ ........ ........ ........| ok p=1
Q56:	|........ ........ ........ ........| ok p=1
Q57:	|........ ........ ........ ........| ok p=1
Q58:	|........ ........ ........ ........| ok p=1
Q59:	|........ ........ ........ ........| ok p=1
Q60:	|........ ........ ..0..... ........| ok p=1
Q61:	|........ ........ .10..... ........| ok p=1
Q62:	|........ ........ .0+..... ........| ok p=1
Q63:	|........ ........ .+-..... ........| ok p=1
Q64:	|........ ........ ..+..... .....+..|
Best path: totcompl=-26 tottunnel=36, totcond=561, p=0.00186995
************Q-3:	|11100101 11010111 00000001 00010111|
Q-2:	|-011--++ +10000-+ ++0++011 1100001-|
Q-1:	|+1-+0+++ +0100010 00--+000 110010-+|
Q0:	|-0-++11- 1010+-00 11+-+011 10101--0| ok p=1
Q1:	|0+.-+11- -...+10. ..0++.1. -...-0+1| ok p=0.509766
Q2:	|+01-..0+ +...+11. ..-1..+. +...---.| ok p=1
Q3:	|+10+1.01 +....++. !.-11.-. +.0..+-.| ok p=1
Q4:	|011+00-- ...!110. ..-...+. ..1.111.| ok p=1
Q5:	|-11+..++ 1....-1^ ..-...01 1.-0.-0.| ok p=1
Q6:	|00.+..-+ .....0.+ ..-...01 ..-1.+..| ok p=1
Q7:	|-10+..00 .....-.0 ^^+....+ ..1-.0..| ok p=1
Q8:	|1110..++ ..!^.+.1 ..+....+ ..-0.1..| ok p=1
Q9:	|+011..+- 1..-.+.. 1^...0.- ..1-....| ok p=1
Q10:	|+.0+1.1+ 0.00...1 1+0..111 0001.0.0| ok p=1
Q11:	|011+010+ -11010.0 -00..+00 101111^1| ok p=1
Q12:	|00+--0+. +0-001^+ -++.^0+. +---0---| ok p=1
Q13:	|-+++1+00 -+0+++++ +00.+110 -+0---0+| ok p=1
Q14:	|0-.01011 1101+01. 011.0-1. 110.0.1+| ok p=1
Q15:	|0-00.0.- 01+01000 1+..0-.. +1.1-0--| ok p=0.509766
Q16:	|.+.0...0 ..0+0..0 -..0.-.. +...1..0| ok p=0.484375
Q17:	|.-.1...+ ..1....1 .^.1.0.. 1...0.^-| ok p=0.367188
Q18:	|.+.-...+ ...^-..+ ^..+.1.. -...1...| ok p=0.664062
Q19:	|.+....0- ....-... ........ -.0.+..^| ok p=0.273438
Q20:	|.1.^..1- ..0.1.0^ ...^.... 001...0.| ok p=1
Q21:	|.1....-0 ..1.0.1. ...0.... 11-.^.1.| ok p=0.818359
Q22:	|.......0 ..+...-. ...1.... .+....+.| ok p=0.813477
Q23:	|.0....^. ........ ...+.0.. ..^.....| ok p=0.995117
Q24:	|.1...0.. ..^...^. 0....1.. .^....^.| ok p=0.711914
Q25:	|.-...1.. ........ ...^.-.. ........| ok p=0.77832
Q26:	|.....-.. .......0 +....... ....0...| ok p=0.96582
Q27:	|.^...... .......1 +....^.. ....1...| ok p=1
Q28:	|.....^.. .......+ -....... ....+...| ok p=0.709961
Q29:	|........ ........ 0....... ....0...| ok p=0.986328
Q30:	|........ .......^ 1....... ....-...| ok p=1
Q31:	|........ ........ ........ ....-...| ok p=1
Q32:	|........ ........ ........ ........| ok p=1
Q33:	|........ ........ ........ ....!...| ok p=1
Q34:	|........ ........ ........ ........| ok p=1
Q35:	|........ ........ ........ ........| ok p=1
Q36:	|........ ........ ........ ........| ok p=1
Q37:	|........ ........ ........ ........| ok p=1
Q38:	|........ ........ ........ ........| ok p=1
Q39:	|........ ........ ........ ........| ok p=1
Q40:	|........ ........ ........ ........| ok p=1
Q41:	|........ ........ ........ ........| ok p=1
Q42:	|........ ........ ........ ........| ok p=1
Q43:	|........ ........ ........ ........| ok p=1
Q44:	|........ ........ ........ ........| ok p=1
Q45:	|........ ........ ........ ........| ok p=1
Q46:	|........ ........ ........ ........| ok p=1
Q47:	|........ ........ ........ ........| ok p=1
Q48:	|........ ........ ........ ........| ok p=1
Q49:	|........ ........ ........ ........| ok p=1
Q50:	|........ ........ ........ ........| ok p=1
Q51:	|........ ........ ........ ........| ok p=1
Q52:	|........ ........ ........ ........| ok p=1
Q53:	|........ ........ ........ ........| ok p=1
Q54:	|........ ........ ........ ........| ok p=1
Q55:	|........ ........ ........ ........| ok p=1
Q56:	|........ ........ ........ ........| ok p=1
Q57:	|........ ........ ........ ........| ok p=1
Q58:	|........ ........ ........ ........| ok p=1
Q59:	|........ ........ ........ ........| ok p=1
Q60:	|........ ........ ..0..... ........| ok p=1
Q61:	|........ ........ .10..... ........| ok p=1
Q62:	|........ ........ .0+..... ........| ok p=1
Q63:	|........ ........ .+-..... ........| ok p=1
Q64:	|........ ........ ..+..... .....+..|
Best path: totcompl=-25 tottunnel=37, totcond=561, p=0.00209192
**********MD5 differential path toolbox
Copyright (C) 2009 Marc Stevens
http://homepages.cwi.nl/~stevens/

delta_m[11] = [!3!]
Q-3:	|11100101 11010111 00000001 00010111|
Q-2:	|-011--++ +10000-+ ++0++011 1100001-|
Q-1:	|+1-+0+++ +0100010 00--+000 110010-+|
Q0:	|-0-++11- 1010+-00 11+-+011 10101--0| ok p=1
Q1:	|0+.-+11- -...+10. ..0++.1. -...-0+1| ok p=0.518555
Q2:	|+01-..0+ +...+11. ..-1..+. +...---.| ok p=1
Q3:	|+10+1.01 +....++. !.-11.-. +.0..+-.| ok p=1
Q4:	|011+00-- ...!110. ..-...+. ..1.111.| ok p=1
Q5:	|-11+..++ 1....-1^ ..-...01 1.-0.-0.| ok p=1
Q6:	|00.+..-+ .....0.+ ..-...01 ..-1.+..| ok p=1
Q7:	|-10+..00 .....-.0 ^^+....+ ..1-.0..| ok p=1
Q8:	|1110..++ ..!^.+.1 ..+....+ ..-0.1..| ok p=1
Q9:	|+011..+- 1..-.+.. 1^...0.- ..1-....| ok p=1
Q10:	|+.0+1.1+ 0.00...1 1+0..111 0001.0.0| ok p=1
Q11:	|011+010+ -11010.0 -00..+00 101111^1| ok p=1
Q12:	|00+--0+. +0-001^+ -++.^0+. +---0---| ok p=1
Q13:	|-+++1+00 -+0+++++ +00.+110 -+0---0+| ok p=1
Q14:	|0-.01011 1101+01. 011.0-1. 110.0.1+| ok p=1
Q15:	|0-00.0.- 01+01000 1+..0-.. +1.1-0--| ok p=0.505859
Q16:	|.+.0...0 ..0+0..0 -..0.-.. +...1..0| ok p=0.499023
Q17:	|.-.1...+ ..1....1 .^.1.0.. 1...0.^-| ok p=0.390625
Q18:	|.+.-...+ ...^-..+ ^..+.1.. -...1...| ok p=0.675781
Q19:	|.+....0- ....-... ........ -.0.+..^| ok p=0.291016
Q20:	|.1.^..1- ..0.1.0^ ...^.... 001...0.| ok p=1
Q21:	|.1....-0 ..1.0.1. ...0.... 11-.^.1.| ok p=0.822266
Q22:	|.......0 ..+...-. ...1.... .+....+.| ok p=0.806641
Q23:	|.0....^. ........ ...+.0.. ..^.....| ok p=0.994141
Q24:	|.1...0.. ..^...^. 0....1.. .^....^.| ok p=0.716797
Q25:	|.-...1.. ........ ...^.-.. ........| ok p=0.782227
Q26:	|.....-.. .......0 +....... ....0...| ok p=0.972656
Q27:	|.^...... .......1 +....^.. ....1...| ok p=1
Q28:	|.....^.. .......+ -....... ....+...| ok p=0.709961
Q29:	|........ ........ 0....... ....0...| ok p=0.988281
Q30:	|........ .......^ 1....... ....-...| ok p=1
Q31:	|........ ........ ........ ....-...| ok p=1
Q32:	|........ ........ ........ ........| ok p=1
Q33:	|........ ........ ........ ....!...| ok p=1
Q34:	|........ ........ ........ ........| ok p=1
Q35:	|........ ........ ........ ........| ok p=1
Q36:	|........ ........ ........ ........| ok p=1
Q37:	|........ ........ ........ ........| ok p=1
Q38:	|........ ........ ........ ........| ok p=1
Q39:	|........ ........ ........ ........| ok p=1
Q40:	|........ ........ ........ ........| ok p=1
Q41:	|........ ........ ........ ........| ok p=1
Q42:	|........ ........ ........ ........| ok p=1
Q43:	|........ ........ ........ ........| ok p=1
Q44:	|........ ........ ........ ........| ok p=1
Q45:	|........ ........ ........ ........| ok p=1
Q46:	|........ ........ ........ ........| ok p=1
Q47:	|........ ........ ........ ........| ok p=1
Q48:	|........ ........ ........ ........| ok p=1
Q49:	|........ ........ ........ ........| ok p=1
Q50:	|........ ........ ........ ........| ok p=1
Q51:	|........ ........ ........ ........| ok p=1
Q52:	|........ ........ ........ ........| ok p=1
Q53:	|........ ........ ........ ........| ok p=1
Q54:	|........ ........ ........ ........| ok p=1
Q55:	|........ ........ ........ ........| ok p=1
Q56:	|........ ........ ........ ........| ok p=1
Q57:	|........ ........ ........ ........| ok p=1
Q58:	|........ ........ ........ ........| ok p=1
Q59:	|........ ........ ........ ........| ok p=1
Q60:	|........ ........ ..0..... ........| ok p=1
Q61:	|........ ........ .10..... ........| ok p=1
Q62:	|........ ........ .0+..... ........| ok p=1
Q63:	|........ ........ .+-..... ........| ok p=1
Q64:	|........ ........ ..+..... .....+..|
Starting...
20: Q5m5tunnel      = 5
20: Q4m5tunnel      = 2
20: Q14m6Q3m5tunnel = 2
21: Q10m10tunnel    = 1
21: Q9m10tunnel     = 2
22: Q8Q12m15tunnel  = 1
23: Q4m4tunnel      = 10
24: Q9m9tunnel      = 10
25: Q14Q3m14tunnel  = 1
.20: Q5m5tunnel      = 5
20: Q4m5tunnel      = 2
20: Q14m6Q3m5tunnel = 2
21: Q10m10tunnel    = 1
21: Q9m10tunnel     = 2
22: Q8Q12m15tunnel  = 1
23: Q4m4tunnel      = 10
24: Q9m9tunnel      = 10
25: Q14Q3m14tunnel  = 1
.20: Q5m5tunnel      = 5
20: Q4m5tunnel      = 2
20: Q14m6Q3m5tunnel = 2
21: Q10m10tunnel    = 1
21: Q9m10tunnel     = 2
22: Q8Q12m15tunnel  = 1
23: Q4m4tunnel      = 10
24: Q9m9tunnel      = 10
25: Q14Q3m14tunnel  = 1
.20: Q5m5tunnel      = 5
20: Q4m5tunnel      = 2
20: Q14m6Q3m5tunnel = 2
21: Q10m10tunnel    = 1
21: Q9m10tunnel     = 2
22: Q8Q12m15tunnel  = 1
23: Q4m4tunnel      = 10
24: Q9m9tunnel      = 10
25: Q14Q3m14tunnel  = 1
.20: Q5m5tunnel      = 5
20: Q4m5tunnel      = 2
20: Q14m6Q3m5tunnel = 2
21: Q10m10tunnel    = 1
21: Q9m10tunnel     = 2
22: Q8Q12m15tunnel  = 1
23: Q4m4tunnel      = 10
24: Q9m9tunnel      = 10
25: Q14Q3m14tunnel  = 1
.20: Q5m5tunnel      = 5
20: Q4m5tunnel      = 2
20: Q14m6Q3m5tunnel = 2
21: Q10m10tunnel    = 1
21: Q9m10tunnel     = 2
22: Q8Q12m15tunnel  = 1
23: Q4m4tunnel      = 10
24: Q9m9tunnel      = 10
25: Q14Q3m14tunnel  = 1
.20: Q5m5tunnel      = 5
20: Q4m5tunnel      = 2
20: Q14m6Q3m5tunnel = 2
21: Q10m10tunnel    = 1
21: Q9m10tunnel     = 2
22: Q8Q12m15tunnel  = 1
23: Q4m4tunnel      = 10
24: Q9m9tunnel      = 10
25: Q14Q3m14tunnel  = 1
.20: Q5m5tunnel      = 5
20: Q4m5tunnel      = 2
20: Q14m6Q3m5tunnel = 2
21: Q10m10tunnel    = 1
21: Q9m10tunnel     = 2
22: Q8Q12m15tunnel  = 1
23: Q4m4tunnel      = 10
24: Q9m9tunnel      = 10
25: Q14Q3m14tunnel  = 1
.20: Q5m5tunnel      = 5
20: Q4m5tunnel      = 2
20: Q14m6Q3m5tunnel = 2
21: Q10m10tunnel    = 1
21: Q9m10tunnel     = 2
22: Q8Q12m15tunnel  = 1
23: Q4m4tunnel      = 10
24: Q9m9tunnel      = 10
25: Q14Q3m14tunnel  = 1
20: Q5m5tunnel      = 5
20: Q4m5tunnel      = 2
20: Q14m6Q3m5tunnel = 2
21: Q10m10tunnel    = 1
21: Q9m10tunnel     = 2
22: Q8Q12m15tunnel  = 1
23: Q4m4tunnel      = 10
24: Q9m9tunnel      = 10
25: Q14Q3m14tunnel  = 1
..20: Q5m5tunnel      = 5
20: Q4m5tunnel      = 2
20: Q14m6Q3m5tunnel = 2
21: Q10m10tunnel    = 1
21: Q9m10tunnel     = 2
22: Q8Q12m15tunnel  = 1
23: Q4m4tunnel      = 10
24: Q9m9tunnel      = 10
25: Q14Q3m14tunnel  = 1
.20: Q5m5tunnel      = 5
20: Q4m5tunnel      = 2
20: Q14m6Q3m5tunnel = 2
21: Q10m10tunnel    = 1
21: Q9m10tunnel     = 2
22: Q8Q12m15tunnel  = 1
23: Q4m4tunnel      = 10
24: Q9m9tunnel      = 10
25: Q14Q3m14tunnel  = 1
.1 0
2 0
4 0
8 0
16 0
32 0
64 0
128 0
256 0
512 0
1024 0
2048 0
4096 0
8192 0
16384 0
32768 0
55599 1
65536 1
85557 2
131072 2
262144 3
497844 4
524288 4
685165 8
1048576 11
1386114 16
2097152 27
2558903 32
4194304 48
Block 1: workdir2/coll1_1359560137
03 eb 7c c1 2c d7 af 4e 63 e3 ba e6 31 11 64 2b 
be 64 3d c2 8d 27 06 d3 1e bb 0a 8c ad b0 b9 ea 
64 8f e9 17 9a 4c f3 d6 b2 91 6a 17 52 71 8c 1c 
a1 40 11 5b 42 a4 25 4a b9 84 d4 ea 8c cf a4 c2 
Block 2: workdir2/coll2_1359560137
03 eb 7c c1 2c d7 af 4e 63 e3 ba e6 31 11 64 2b 
be 64 3d c2 8d 27 06 d3 1e bb 0a 8c ad b0 b9 ea 
64 8f e9 17 9a 4c f3 d6 b2 91 6a 17 5a 71 8c 1c 
a1 40 11 5b 42 a4 25 4a b9 84 d4 ea 8c cf a4 c2 
Found collision!
