Extend MD5 differential paths backward
Copyright (C) 2009 Marc Stevens
http://homepages.cwi.nl/~stevens/

delta_m[11] = [!5!]
Loading workdir5/upperpath.bin.gz...done: 1.
Estimating maxcond for upper bound 262144 (=65536 * 4)...
t=34: 0%   10   20   30   40   50   60   70   80   90   100%
      |----|----|----|----|----|----|----|----|----|----|
e     ***************************************************
Found maxcond = 2176
t=34: 0%   10   20   30   40   50   60   70   80   90   100%
      |----|----|----|----|----|----|----|----|----|----|
      ***************************************************
Q31:	|........ ........ ........ ..-.....|
Q32:	|........ ........ ........ ........|
Q33:	|........ ........ ........ ........|
Q34:	|........ ........ ........ ........| ok p=1
Q35:	|........ ........ ........ ........| ok p=1
Q36:	|........ ........ ........ ........| ok p=1
Q37:	|........ ........ ........ ........| ok p=1
Q38:	|........ ........ ........ ........| ok p=1
Q39:	|........ ........ ........ ........| ok p=1
Q40:	|........ ........ ........ ........| ok p=1
Q41:	|........ ........ ........ ........| ok p=1
Q42:	|........ ........ ........ ........| ok p=1
Q43:	|........ ........ ........ ........| ok p=1
Q44:	|........ ........ ........ ........| ok p=1
Q45:	|........ ........ ........ ........| ok p=1
Q46:	|........ ........ ........ ........| ok p=1
Q47:	|........ ........ ........ ........| ok p=1
Q48:	|........ ........ ........ ........| ok p=1
Q49:	|........ ........ ........ ........| ok p=1
Q50:	|........ ........ ........ ........| ok p=1
Q51:	|........ ........ ........ ........| ok p=1
Q52:	|........ ........ ........ ........| ok p=1
Q53:	|........ ........ ........ ........| ok p=1
Q54:	|........ ........ ........ ........| ok p=1
Q55:	|........ ........ ........ ........| ok p=1
Q56:	|........ ........ ........ ........| ok p=1
Q57:	|........ ........ ........ ........| ok p=1
Q58:	|........ ........ ........ ........| ok p=1
Q59:	|........ ........ ........ ........| ok p=1
Q60:	|........ ........ 0....... ........| ok p=1
Q61:	|........ ......10 1....... ........| ok p=1
Q62:	|........ ......1. +....... ........| ok p=1
Q63:	|........ ......+- -....... ........| ok p=1
Q64:	|........ ........ +....... .-......|
Saving 1 paths...done.
Autobalance parameters: maxcond=2176
Verified: 0 bad out of 1
Estimating maxcond for upper bound 262144 (=65536 * 4)...
t=33: 0%   10   20   30   40   50   60   70   80   90   100%
      |----|----|----|----|----|----|----|----|----|----|
e     ***************************************************
Found maxcond = 35
t=33: 0%   10   20   30   40   50   60   70   80   90   100%
      |----|----|----|----|----|----|----|----|----|----|
      ***************************************************
Q30:	|........ ........ ........ ..-.....|
Q31:	|........ ........ ........ ..-.....|
Q32:	|........ ........ ........ ........|
Q33:	|........ ........ ........ ..!.....| ok p=1
Q34:	|........ ........ ........ ........| ok p=1
Q35:	|........ ........ ........ ........| ok p=1
Q36:	|........ ........ ........ ........| ok p=1
Q37:	|........ ........ ........ ........| ok p=1
Q38:	|........ ........ ........ ........| ok p=1
Q39:	|........ ........ ........ ........| ok p=1
Q40:	|........ ........ ........ ........| ok p=1
Q41:	|........ ........ ........ ........| ok p=1
Q42:	|........ ........ ........ ........| ok p=1
Q43:	|........ ........ ........ ........| ok p=1
Q44:	|........ ........ ........ ........| ok p=1
Q45:	|........ ........ ........ ........| ok p=1
Q46:	|........ ........ ........ ........| ok p=1
Q47:	|........ ........ ........ ........| ok p=1
Q48:	|........ ........ ........ ........| ok p=1
Q49:	|........ ........ ........ ........| ok p=1
Q50:	|........ ........ ........ ........| ok p=1
Q51:	|........ ........ ........ ........| ok p=1
Q52:	|........ ........ ........ ........| ok p=1
Q53:	|........ ........ ........ ........| ok p=1
Q54:	|........ ........ ........ ........| ok p=1
Q55:	|........ ........ ........ ........| ok p=1
Q56:	|........ ........ ........ ........| ok p=1
Q57:	|........ ........ ........ ........| ok p=1
Q58:	|........ ........ ........ ........| ok p=1
Q59:	|........ ........ ........ ........| ok p=1
Q60:	|........ ........ 0....... ........| ok p=1
Q61:	|........ ......10 1....... ........| ok p=1
Q62:	|........ ......1. +....... ........| ok p=1
Q63:	|........ ......+- -....... ........| ok p=1
Q64:	|........ ........ +....... .-......|
Saving 65536 paths...done.
Autobalance parameters: maxcond=31
Verified: 0 bad out of 65537
Estimating maxcond for upper bound 262144 (=65536 * 4)...
t=32: 0%   10   20   30   40   50   60   70   80   90   100%
      |----|----|----|----|----|----|----|----|----|----|
e     ***************************************************
Found maxcond = 25
t=32: 0%   10   20   30   40   50   60   70   80   90   100%
      |----|----|----|----|----|----|----|----|----|----|
      ***************************************************
Q29:	|........ ........ ........ ........|
Q30:	|........ ........ ........ ..+.....|
Q31:	|........ ........ ........ ..-.....|
Q32:	|........ ........ ........ ........| ok p=1
Q33:	|........ ........ ........ ..^.....| ok p=1
Q34:	|........ ........ ........ ........| ok p=1
Q35:	|........ ........ ........ ........| ok p=1
Q36:	|........ ........ ........ ........| ok p=1
Q37:	|........ ........ ........ ........| ok p=1
Q38:	|........ ........ ........ ........| ok p=1
Q39:	|........ ........ ........ ........| ok p=1
Q40:	|........ ........ ........ ........| ok p=1
Q41:	|........ ........ ........ ........| ok p=1
Q42:	|........ ........ ........ ........| ok p=1
Q43:	|........ ........ ........ ........| ok p=1
Q44:	|........ ........ ........ ........| ok p=1
Q45:	|........ ........ ........ ........| ok p=1
Q46:	|........ ........ ........ ........| ok p=1
Q47:	|........ ........ ........ ........| ok p=1
Q48:	|........ ........ ........ ........| ok p=1
Q49:	|........ ........ ........ ........| ok p=1
Q50:	|........ ........ ........ ........| ok p=1
Q51:	|........ ........ ........ ........| ok p=1
Q52:	|........ ........ ........ ........| ok p=1
Q53:	|........ ........ ........ ........| ok p=1
Q54:	|........ ........ ........ ........| ok p=1
Q55:	|........ ........ ........ ........| ok p=1
Q56:	|........ ........ ........ ........| ok p=1
Q57:	|........ ........ ........ ........| ok p=1
Q58:	|........ ........ ........ ........| ok p=1
Q59:	|........ ........ ........ ........| ok p=1
Q60:	|........ ........ 0....... ........| ok p=1
Q61:	|........ ......10 1....... ........| ok p=1
Q62:	|........ ......1. +....... ........| ok p=1
Q63:	|........ ......+- -....... ........| ok p=1
Q64:	|........ ........ +....... .-......|
Saving 65536 paths...done.
Autobalance parameters: maxcond=22
Verified: 0 bad out of 121271
Estimating maxcond for upper bound 262144 (=65536 * 4)...
t=31: 0%   10   20   30   40   50   60   70   80   90   100%
      |----|----|----|----|----|----|----|----|----|----|
e     ***************************************************
Found maxcond = 22
t=31: 0%   10   20   30   40   50   60   70   80   90   100%
      |----|----|----|----|----|----|----|----|----|----|
      ***************************************************
Q28:	|........ ......+. ........ ..+.....|
Q29:	|........ ........ ........ ........|
Q30:	|........ ........ ........ ..-.....|
Q31:	|........ ........ ........ ..-.....| ok p=1
Q32:	|........ ........ ........ ........| ok p=1
Q33:	|........ ........ ........ ..!.....| ok p=1
Q34:	|........ ........ ........ ........| ok p=1
Q35:	|........ ........ ........ ........| ok p=1
Q36:	|........ ........ ........ ........| ok p=1
Q37:	|........ ........ ........ ........| ok p=1
Q38:	|........ ........ ........ ........| ok p=1
Q39:	|........ ........ ........ ........| ok p=1
Q40:	|........ ........ ........ ........| ok p=1
Q41:	|........ ........ ........ ........| ok p=1
Q42:	|........ ........ ........ ........| ok p=1
Q43:	|........ ........ ........ ........| ok p=1
Q44:	|........ ........ ........ ........| ok p=1
Q45:	|........ ........ ........ ........| ok p=1
Q46:	|........ ........ ........ ........| ok p=1
Q47:	|........ ........ ........ ........| ok p=1
Q48:	|........ ........ ........ ........| ok p=1
Q49:	|........ ........ ........ ........| ok p=1
Q50:	|........ ........ ........ ........| ok p=1
Q51:	|........ ........ ........ ........| ok p=1
Q52:	|........ ........ ........ ........| ok p=1
Q53:	|........ ........ ........ ........| ok p=1
Q54:	|........ ........ ........ ........| ok p=1
Q55:	|........ ........ ........ ........| ok p=1
Q56:	|........ ........ ........ ........| ok p=1
Q57:	|........ ........ ........ ........| ok p=1
Q58:	|........ ........ ........ ........| ok p=1
Q59:	|........ ........ ........ ........| ok p=1
Q60:	|........ ........ 0....... ........| ok p=1
Q61:	|........ ......10 1....... ........| ok p=1
Q62:	|........ ......1. +....... ........| ok p=1
Q63:	|........ ......+- -....... ........| ok p=1
Q64:	|........ ........ +....... .-......|
Saving 65536 paths...done.
Autobalance parameters: maxcond=20
Verified: 0 bad out of 114575
Estimating maxcond for upper bound 262144 (=65536 * 4)...
t=30: 0%   10   20   30   40   50   60   70   80   90   100%
      |----|----|----|----|----|----|----|----|----|----|
e     ***************************************************
Found maxcond = 22
t=30: 0%   10   20   30   40   50   60   70   80   90   100%
      |----|----|----|----|----|----|----|----|----|----|
      ***************************************************
Q27:	|.......- ........ ........ ........|
Q28:	|........ ......+. ........ ..-.....|
Q29:	|........ ........ ........ ..0.....|
Q30:	|........ ......^. ........ ..+.....| ok p=0.996094
Q31:	|........ ........ ........ ..-.....| ok p=1
Q32:	|........ ........ ........ ........| ok p=1
Q33:	|........ ........ ........ ..^.....| ok p=1
Q34:	|........ ........ ........ ........| ok p=1
Q35:	|........ ........ ........ ........| ok p=1
Q36:	|........ ........ ........ ........| ok p=1
Q37:	|........ ........ ........ ........| ok p=1
Q38:	|........ ........ ........ ........| ok p=1
Q39:	|........ ........ ........ ........| ok p=1
Q40:	|........ ........ ........ ........| ok p=1
Q41:	|........ ........ ........ ........| ok p=1
Q42:	|........ ........ ........ ........| ok p=1
Q43:	|........ ........ ........ ........| ok p=1
Q44:	|........ ........ ........ ........| ok p=1
Q45:	|........ ........ ........ ........| ok p=1
Q46:	|........ ........ ........ ........| ok p=1
Q47:	|........ ........ ........ ........| ok p=1
Q48:	|........ ........ ........ ........| ok p=1
Q49:	|........ ........ ........ ........| ok p=1
Q50:	|........ ........ ........ ........| ok p=1
Q51:	|........ ........ ........ ........| ok p=1
Q52:	|........ ........ ........ ........| ok p=1
Q53:	|........ ........ ........ ........| ok p=1
Q54:	|........ ........ ........ ........| ok p=1
Q55:	|........ ........ ........ ........| ok p=1
Q56:	|........ ........ ........ ........| ok p=1
Q57:	|........ ........ ........ ........| ok p=1
Q58:	|........ ........ ........ ........| ok p=1
Q59:	|........ ........ ........ ........| ok p=1
Q60:	|........ ........ 0....... ........| ok p=1
Q61:	|........ ......10 1....... ........| ok p=1
Q62:	|........ ......1. +....... ........| ok p=1
Q63:	|........ ......+- -....... ........| ok p=1
Q64:	|........ ........ +....... .-......|
Saving 65536 paths...done.
Autobalance parameters: maxcond=19
Verified: 0 bad out of 134334
Runtime: 3.87571
Extend MD5 differential paths backward
Copyright (C) 2009 Marc Stevens
http://homepages.cwi.nl/~stevens/

delta_m[11] = [!5!]
Loading workdir5/paths30_0of1...done: 65536 (work:65536).
Estimating maxcond for upper bound 400000 (=100000 * 4)...
t=29: 0%   10   20   30   40   50   60   70   80   90   100%
      |----|----|----|----|----|----|----|----|----|----|
e     ***************************************************
Found maxcond = 23
t=29: 0%   10   20   30   40   50   60   70   80   90   100%
      |----|----|----|----|----|----|----|----|----|----|
      ***************************************************
Q26:	|...-.... ........ ........ ..-.....|
Q27:	|........ ......1. ........ ..+.....|
Q28:	|........ ......+. ........ ..+.....|
Q29:	|........ ........ ........ ..1.....| ok p=0.927734
Q30:	|........ ......^. ........ ..-.....| ok p=1
Q31:	|........ ........ ........ ..-.....| ok p=1
Q32:	|........ ........ ........ ........| ok p=1
Q33:	|........ ........ ........ ..!.....| ok p=1
Q34:	|........ ........ ........ ........| ok p=1
Q35:	|........ ........ ........ ........| ok p=1
Q36:	|........ ........ ........ ........| ok p=1
Q37:	|........ ........ ........ ........| ok p=1
Q38:	|........ ........ ........ ........| ok p=1
Q39:	|........ ........ ........ ........| ok p=1
Q40:	|........ ........ ........ ........| ok p=1
Q41:	|........ ........ ........ ........| ok p=1
Q42:	|........ ........ ........ ........| ok p=1
Q43:	|........ ........ ........ ........| ok p=1
Q44:	|........ ........ ........ ........| ok p=1
Q45:	|........ ........ ........ ........| ok p=1
Q46:	|........ ........ ........ ........| ok p=1
Q47:	|........ ........ ........ ........| ok p=1
Q48:	|........ ........ ........ ........| ok p=1
Q49:	|........ ........ ........ ........| ok p=1
Q50:	|........ ........ ........ ........| ok p=1
Q51:	|........ ........ ........ ........| ok p=1
Q52:	|........ ........ ........ ........| ok p=1
Q53:	|........ ........ ........ ........| ok p=1
Q54:	|........ ........ ........ ........| ok p=1
Q55:	|........ ........ ........ ........| ok p=1
Q56:	|........ ........ ........ ........| ok p=1
Q57:	|........ ........ ........ ........| ok p=1
Q58:	|........ ........ ........ ........| ok p=1
Q59:	|........ ........ ........ ........| ok p=1
Q60:	|........ ........ 0....... ........| ok p=1
Q61:	|........ ......10 1....... ........| ok p=1
Q62:	|........ ......1. +....... ........| ok p=1
Q63:	|........ ......+- -....... ........| ok p=1
Q64:	|........ ........ +....... .-......|
Saving 100000 paths...done.
Autobalance parameters: maxcond=21
Verified: 784 bad out of 159776
Estimating maxcond for upper bound 400000 (=100000 * 4)...
t=28: 0%   10   20   30   40   50   60   70   80   90   100%
      |----|----|----|----|----|----|----|----|----|----|
e     ***************************************************
Found maxcond = 25
t=28: 0%   10   20   30   40   50   60   70   80   90   100%
      |----|----|----|----|----|----|----|----|----|----|
      ***************************************************
Q25:	|........ ........ ...-.... ..-....-|
Q26:	|...-.... ......-. ........ ..-.....|
Q27:	|........ ......0. ........ ..+.....|
Q28:	|...^.... ......+. ........ ..+.....| ok p=1
Q29:	|........ ........ ........ ..1.....| ok p=0.931641
Q30:	|........ ......^. ........ ..-.....| ok p=1
Q31:	|........ ........ ........ ..-.....| ok p=1
Q32:	|........ ........ ........ ........| ok p=1
Q33:	|........ ........ ........ ..!.....| ok p=1
Q34:	|........ ........ ........ ........| ok p=1
Q35:	|........ ........ ........ ........| ok p=1
Q36:	|........ ........ ........ ........| ok p=1
Q37:	|........ ........ ........ ........| ok p=1
Q38:	|........ ........ ........ ........| ok p=1
Q39:	|........ ........ ........ ........| ok p=1
Q40:	|........ ........ ........ ........| ok p=1
Q41:	|........ ........ ........ ........| ok p=1
Q42:	|........ ........ ........ ........| ok p=1
Q43:	|........ ........ ........ ........| ok p=1
Q44:	|........ ........ ........ ........| ok p=1
Q45:	|........ ........ ........ ........| ok p=1
Q46:	|........ ........ ........ ........| ok p=1
Q47:	|........ ........ ........ ........| ok p=1
Q48:	|........ ........ ........ ........| ok p=1
Q49:	|........ ........ ........ ........| ok p=1
Q50:	|........ ........ ........ ........| ok p=1
Q51:	|........ ........ ........ ........| ok p=1
Q52:	|........ ........ ........ ........| ok p=1
Q53:	|........ ........ ........ ........| ok p=1
Q54:	|........ ........ ........ ........| ok p=1
Q55:	|........ ........ ........ ........| ok p=1
Q56:	|........ ........ ........ ........| ok p=1
Q57:	|........ ........ ........ ........| ok p=1
Q58:	|........ ........ ........ ........| ok p=1
Q59:	|........ ........ ........ ........| ok p=1
Q60:	|........ ........ 0....... ........| ok p=1
Q61:	|........ ......10 1....... ........| ok p=1
Q62:	|........ ......1. +....... ........| ok p=1
Q63:	|........ ......+- -....... ........| ok p=1
Q64:	|........ ........ +....... .-......|
Saving 100000 paths...done.
Autobalance parameters: maxcond=23
Verified: 0 bad out of 167078
Estimating maxcond for upper bound 400000 (=100000 * 4)...
t=27: 0%   10   20   30   40   50   60   70   80   90   100%
      |----|----|----|----|----|----|----|----|----|----|
e     ***************************************************
Found maxcond = 28
t=27: 0%   10   20   30   40   50   60   70   80   90   100%
      |----|----|----|----|----|----|----|----|----|----|
      ***************************************************
Q24:	|..+..... ......+. ........ ........|
Q25:	|...1.... ........ ...-.... .......-|
Q26:	|...-.... ......0. ........ ..0.....|
Q27:	|........ ......1. ...^.... ..1....^| ok p=0.87207
Q28:	|...^.... ......+. ........ ..+.....| ok p=1
Q29:	|........ ........ ........ ..0.....| ok p=0.925781
Q30:	|........ ......^. ........ ..-.....| ok p=1
Q31:	|........ ........ ........ ..-.....| ok p=1
Q32:	|........ ........ ........ ........| ok p=1
Q33:	|........ ........ ........ ..!.....| ok p=1
Q34:	|........ ........ ........ ........| ok p=1
Q35:	|........ ........ ........ ........| ok p=1
Q36:	|........ ........ ........ ........| ok p=1
Q37:	|........ ........ ........ ........| ok p=1
Q38:	|........ ........ ........ ........| ok p=1
Q39:	|........ ........ ........ ........| ok p=1
Q40:	|........ ........ ........ ........| ok p=1
Q41:	|........ ........ ........ ........| ok p=1
Q42:	|........ ........ ........ ........| ok p=1
Q43:	|........ ........ ........ ........| ok p=1
Q44:	|........ ........ ........ ........| ok p=1
Q45:	|........ ........ ........ ........| ok p=1
Q46:	|........ ........ ........ ........| ok p=1
Q47:	|........ ........ ........ ........| ok p=1
Q48:	|........ ........ ........ ........| ok p=1
Q49:	|........ ........ ........ ........| ok p=1
Q50:	|........ ........ ........ ........| ok p=1
Q51:	|........ ........ ........ ........| ok p=1
Q52:	|........ ........ ........ ........| ok p=1
Q53:	|........ ........ ........ ........| ok p=1
Q54:	|........ ........ ........ ........| ok p=1
Q55:	|........ ........ ........ ........| ok p=1
Q56:	|........ ........ ........ ........| ok p=1
Q57:	|........ ........ ........ ........| ok p=1
Q58:	|........ ........ ........ ........| ok p=1
Q59:	|........ ........ ........ ........| ok p=1
Q60:	|........ ........ 0....... ........| ok p=1
Q61:	|........ ......10 1....... ........| ok p=1
Q62:	|........ ......1. +....... ........| ok p=1
Q63:	|........ ......+- -....... ........| ok p=1
Q64:	|........ ........ +....... .-......|
Saving 100000 paths...done.
Autobalance parameters: maxcond=26
Verified: 40 bad out of 172309
Estimating maxcond for upper bound 400000 (=100000 * 4)...
t=26: 0%   10   20   30   40   50   60   70   80   90   100%
      |----|----|----|----|----|----|----|----|----|----|
e     ***************************************************
Found maxcond = 31
t=26: 0%   10   20   30   40   50   60   70   80   90   100%
      |----|----|----|----|----|----|----|----|----|----|
      ***************************************************
Q23:	|.......+ ......+. .+...... .+.-....|
Q24:	|...+.... ........ ...1.... .......1|
Q25:	|...0.... ......-. ...-.... ..-....-|
Q26:	|...-.... ......-. ........ ..-.....| ok p=0.929688
Q27:	|........ ......+. ...^.... ..+....^| ok p=1
Q28:	|...^.... ......+. ........ ..+.....| ok p=1
Q29:	|........ ......1. ........ ..1.....| ok p=0.932617
Q30:	|........ ......0. ........ ..-.....| ok p=1
Q31:	|........ ........ ........ ..-.....| ok p=1
Q32:	|........ ........ ........ ........| ok p=1
Q33:	|........ ........ ........ ..!.....| ok p=1
Q34:	|........ ........ ........ ........| ok p=1
Q35:	|........ ........ ........ ........| ok p=1
Q36:	|........ ........ ........ ........| ok p=1
Q37:	|........ ........ ........ ........| ok p=1
Q38:	|........ ........ ........ ........| ok p=1
Q39:	|........ ........ ........ ........| ok p=1
Q40:	|........ ........ ........ ........| ok p=1
Q41:	|........ ........ ........ ........| ok p=1
Q42:	|........ ........ ........ ........| ok p=1
Q43:	|........ ........ ........ ........| ok p=1
Q44:	|........ ........ ........ ........| ok p=1
Q45:	|........ ........ ........ ........| ok p=1
Q46:	|........ ........ ........ ........| ok p=1
Q47:	|........ ........ ........ ........| ok p=1
Q48:	|........ ........ ........ ........| ok p=1
Q49:	|........ ........ ........ ........| ok p=1
Q50:	|........ ........ ........ ........| ok p=1
Q51:	|........ ........ ........ ........| ok p=1
Q52:	|........ ........ ........ ........| ok p=1
Q53:	|........ ........ ........ ........| ok p=1
Q54:	|........ ........ ........ ........| ok p=1
Q55:	|........ ........ ........ ........| ok p=1
Q56:	|........ ........ ........ ........| ok p=1
Q57:	|........ ........ ........ ........| ok p=1
Q58:	|........ ........ ........ ........| ok p=1
Q59:	|........ ........ ........ ........| ok p=1
Q60:	|........ ........ 0....... ........| ok p=1
Q61:	|........ ......10 1....... ........| ok p=1
Q62:	|........ ......1. +....... ........| ok p=1
Q63:	|........ ......+- -....... ........| ok p=1
Q64:	|........ ........ +....... .-......|
Saving 100000 paths...done.
Autobalance parameters: maxcond=29
Verified: 0 bad out of 164637
Estimating maxcond for upper bound 400000 (=100000 * 4)...
t=25: 0%   10   20   30   40   50   60   70   80   90   100%
      |----|----|----|----|----|----|----|----|----|----|
e     ***************************************************
Found maxcond = 36
t=25: 0%   10   20   30   40   50   60   70   80   90   100%
      |----|----|----|----|----|----|----|----|----|----|
      ***************************************************
Q22:	|........ +...-... .......+ ....+...|
Q23:	|........ ........ .+.0.... .......+|
Q24:	|...0.... ......0. ...1.... .......0|
Q25:	|...1.... ........ .^.-.... .......-| ok p=0.936523
Q26:	|...-.... .....0+. ........ ..0.....| ok p=0.93457
Q27:	|........ .....1+. ...^.... ..1....^| ok p=1
Q28:	|...^.... .....+-. ........ ..+.....| ok p=1
Q29:	|........ ......0. ........ ..0.....| ok p=0.9375
Q30:	|........ .....^1. ........ ..-.....| ok p=1
Q31:	|........ ........ ........ ..-.....| ok p=1
Q32:	|........ ........ ........ ........| ok p=1
Q33:	|........ ........ ........ ..!.....| ok p=1
Q34:	|........ ........ ........ ........| ok p=1
Q35:	|........ ........ ........ ........| ok p=1
Q36:	|........ ........ ........ ........| ok p=1
Q37:	|........ ........ ........ ........| ok p=1
Q38:	|........ ........ ........ ........| ok p=1
Q39:	|........ ........ ........ ........| ok p=1
Q40:	|........ ........ ........ ........| ok p=1
Q41:	|........ ........ ........ ........| ok p=1
Q42:	|........ ........ ........ ........| ok p=1
Q43:	|........ ........ ........ ........| ok p=1
Q44:	|........ ........ ........ ........| ok p=1
Q45:	|........ ........ ........ ........| ok p=1
Q46:	|........ ........ ........ ........| ok p=1
Q47:	|........ ........ ........ ........| ok p=1
Q48:	|........ ........ ........ ........| ok p=1
Q49:	|........ ........ ........ ........| ok p=1
Q50:	|........ ........ ........ ........| ok p=1
Q51:	|........ ........ ........ ........| ok p=1
Q52:	|........ ........ ........ ........| ok p=1
Q53:	|........ ........ ........ ........| ok p=1
Q54:	|........ ........ ........ ........| ok p=1
Q55:	|........ ........ ........ ........| ok p=1
Q56:	|........ ........ ........ ........| ok p=1
Q57:	|........ ........ ........ ........| ok p=1
Q58:	|........ ........ ........ ........| ok p=1
Q59:	|........ ........ ........ ........| ok p=1
Q60:	|........ ........ 0....... ........| ok p=1
Q61:	|........ ......10 1....... ........| ok p=1
Q62:	|........ ......1. +....... ........| ok p=1
Q63:	|........ ......+- -....... ........| ok p=1
Q64:	|........ ........ +....... .-......|
Saving 100000 paths...done.
Autobalance parameters: maxcond=35
Verified: 0 bad out of 133998
Estimating maxcond for upper bound 400000 (=100000 * 4)...
t=24: 0%   10   20   30   40   50   60   70   80   90   100%
      |----|----|----|----|----|----|----|----|----|----|
e     ***************************************************
Found maxcond = 44
t=24: 0%   10   20   30   40   50   60   70   80   90   100%
      |----|----|----|----|----|----|----|----|----|----|
      ***************************************************
Q21:	|....-... ......-. ..-..... -.......|
Q22:	|........ +...-... .1...... ...1+...|
Q23:	|........ ......+. .+.0.... ...+...0|
Q24:	|...0.... ^...^.+. ...1.... ....^..1| ok p=0.874023
Q25:	|...1.... ......-. .^.-.... ...^...-| ok p=0.946289
Q26:	|...-.... ......-. ........ ..0.....| ok p=0.94043
Q27:	|........ ......+. ...^.... ..1....^| ok p=1
Q28:	|...^.... ......+. ........ ..+.....| ok p=1
Q29:	|........ ......1. ........ ..0.....| ok p=0.928711
Q30:	|........ ......0. ........ ..-.....| ok p=1
Q31:	|........ ........ ........ ..-.....| ok p=1
Q32:	|........ ........ ........ ........| ok p=1
Q33:	|........ ........ ........ ..!.....| ok p=1
Q34:	|........ ........ ........ ........| ok p=1
Q35:	|........ ........ ........ ........| ok p=1
Q36:	|........ ........ ........ ........| ok p=1
Q37:	|........ ........ ........ ........| ok p=1
Q38:	|........ ........ ........ ........| ok p=1
Q39:	|........ ........ ........ ........| ok p=1
Q40:	|........ ........ ........ ........| ok p=1
Q41:	|........ ........ ........ ........| ok p=1
Q42:	|........ ........ ........ ........| ok p=1
Q43:	|........ ........ ........ ........| ok p=1
Q44:	|........ ........ ........ ........| ok p=1
Q45:	|........ ........ ........ ........| ok p=1
Q46:	|........ ........ ........ ........| ok p=1
Q47:	|........ ........ ........ ........| ok p=1
Q48:	|........ ........ ........ ........| ok p=1
Q49:	|........ ........ ........ ........| ok p=1
Q50:	|........ ........ ........ ........| ok p=1
Q51:	|........ ........ ........ ........| ok p=1
Q52:	|........ ........ ........ ........| ok p=1
Q53:	|........ ........ ........ ........| ok p=1
Q54:	|........ ........ ........ ........| ok p=1
Q55:	|........ ........ ........ ........| ok p=1
Q56:	|........ ........ ........ ........| ok p=1
Q57:	|........ ........ ........ ........| ok p=1
Q58:	|........ ........ ........ ........| ok p=1
Q59:	|........ ........ ........ ........| ok p=1
Q60:	|........ ........ 0....... ........| ok p=1
Q61:	|........ ......10 1....... ........| ok p=1
Q62:	|........ ......1. +....... ........| ok p=1
Q63:	|........ ......+- -....... ........| ok p=1
Q64:	|........ ........ +....... .-......|
Saving 100000 paths...done.
Autobalance parameters: maxcond=43
Verified: 0 bad out of 131991
Estimating maxcond for upper bound 400000 (=100000 * 4)...
t=23: 0%   10   20   30   40   50   60   70   80   90   100%
      |----|----|----|----|----|----|----|----|----|----|
e     ***************************************************
Found maxcond = 53
t=23: 0%   10   20   30   40   50   60   70   80   90   100%
      |----|----|----|----|----|----|----|----|----|----|
      ***************************************************
Q20:	|.....-.. ........ ........ ........|
Q21:	|....-... 1...1... .-.....1 -...1...|
Q22:	|........ +...-... .0.....+ ....+...|
Q23:	|....^... ........ .+.0.... ^......0| ok p=0.963867
Q24:	|...0.... ^...^.0. ...1...^ ....^..1| ok p=0.935547
Q25:	|...1.... ........ .^.-.... .......-| ok p=0.943359
Q26:	|...-.... .....0+. ........ ..0.....| ok p=0.928711
Q27:	|........ .....1+. ...^.... ..1....^| ok p=1
Q28:	|...^.... .....+-. ........ ..+.....| ok p=1
Q29:	|........ ......0. ........ ..0.....| ok p=0.936523
Q30:	|........ .....^1. ........ ..-.....| ok p=1
Q31:	|........ ........ ........ ..-.....| ok p=1
Q32:	|........ ........ ........ ........| ok p=1
Q33:	|........ ........ ........ ..!.....| ok p=1
Q34:	|........ ........ ........ ........| ok p=1
Q35:	|........ ........ ........ ........| ok p=1
Q36:	|........ ........ ........ ........| ok p=1
Q37:	|........ ........ ........ ........| ok p=1
Q38:	|........ ........ ........ ........| ok p=1
Q39:	|........ ........ ........ ........| ok p=1
Q40:	|........ ........ ........ ........| ok p=1
Q41:	|........ ........ ........ ........| ok p=1
Q42:	|........ ........ ........ ........| ok p=1
Q43:	|........ ........ ........ ........| ok p=1
Q44:	|........ ........ ........ ........| ok p=1
Q45:	|........ ........ ........ ........| ok p=1
Q46:	|........ ........ ........ ........| ok p=1
Q47:	|........ ........ ........ ........| ok p=1
Q48:	|........ ........ ........ ........| ok p=1
Q49:	|........ ........ ........ ........| ok p=1
Q50:	|........ ........ ........ ........| ok p=1
Q51:	|........ ........ ........ ........| ok p=1
Q52:	|........ ........ ........ ........| ok p=1
Q53:	|........ ........ ........ ........| ok p=1
Q54:	|........ ........ ........ ........| ok p=1
Q55:	|........ ........ ........ ........| ok p=1
Q56:	|........ ........ ........ ........| ok p=1
Q57:	|........ ........ ........ ........| ok p=1
Q58:	|........ ........ ........ ........| ok p=1
Q59:	|........ ........ ........ ........| ok p=1
Q60:	|........ ........ 0....... ........| ok p=1
Q61:	|........ ......10 1....... ........| ok p=1
Q62:	|........ ......1. +....... ........| ok p=1
Q63:	|........ ......+- -....... ........| ok p=1
Q64:	|........ ........ +....... .-......|
Saving 100000 paths...done.
Autobalance parameters: maxcond=52
Verified: 0 bad out of 104646
Estimating maxcond for upper bound 400000 (=100000 * 4)...
t=22: 0%   10   20   30   40   50   60   70   80   90   100%
      |----|----|----|----|----|----|----|----|----|----|
e     ***************************************************
Found maxcond = 60
t=22: 0%   10   20   30   40   50   60   70   80   90   100%
      |----|----|----|----|----|----|----|----|----|----|
      ***************************************************
Q19:	|.....-.. ..-..... ......-. ..+....+|
Q20:	|....1-.. -...+... .......0 1...-...|
Q21:	|....-... 0...0... .0.....1 -...0...|
Q22:	|.....^.. +...-... .1.....+ ....+...| ok p=0.978516
Q23:	|....^... ........ .+.0.... ^......0| ok p=0.972656
Q24:	|...0.... ^...^.0. ...1...^ ....^..1| ok p=0.942383
Q25:	|...1.... ........ .^.-.... .......-| ok p=0.929688
Q26:	|...-.... .....0+. ........ ..0.....| ok p=0.93457
Q27:	|........ .....1+. ...^.... ..1....^| ok p=1
Q28:	|...^.... .....+-. ........ ..+.....| ok p=1
Q29:	|........ ......0. ........ ..0.....| ok p=0.932617
Q30:	|........ .....^1. ........ ..-.....| ok p=1
Q31:	|........ ........ ........ ..-.....| ok p=1
Q32:	|........ ........ ........ ........| ok p=1
Q33:	|........ ........ ........ ..!.....| ok p=1
Q34:	|........ ........ ........ ........| ok p=1
Q35:	|........ ........ ........ ........| ok p=1
Q36:	|........ ........ ........ ........| ok p=1
Q37:	|........ ........ ........ ........| ok p=1
Q38:	|........ ........ ........ ........| ok p=1
Q39:	|........ ........ ........ ........| ok p=1
Q40:	|........ ........ ........ ........| ok p=1
Q41:	|........ ........ ........ ........| ok p=1
Q42:	|........ ........ ........ ........| ok p=1
Q43:	|........ ........ ........ ........| ok p=1
Q44:	|........ ........ ........ ........| ok p=1
Q45:	|........ ........ ........ ........| ok p=1
Q46:	|........ ........ ........ ........| ok p=1
Q47:	|........ ........ ........ ........| ok p=1
Q48:	|........ ........ ........ ........| ok p=1
Q49:	|........ ........ ........ ........| ok p=1
Q50:	|........ ........ ........ ........| ok p=1
Q51:	|........ ........ ........ ........| ok p=1
Q52:	|........ ........ ........ ........| ok p=1
Q53:	|........ ........ ........ ........| ok p=1
Q54:	|........ ........ ........ ........| ok p=1
Q55:	|........ ........ ........ ........| ok p=1
Q56:	|........ ........ ........ ........| ok p=1
Q57:	|........ ........ ........ ........| ok p=1
Q58:	|........ ........ ........ ........| ok p=1
Q59:	|........ ........ ........ ........| ok p=1
Q60:	|........ ........ 0....... ........| ok p=1
Q61:	|........ ......10 1....... ........| ok p=1
Q62:	|........ ......1. +....... ........| ok p=1
Q63:	|........ ......+- -....... ........| ok p=1
Q64:	|........ ........ +....... .-......|
Saving 100000 paths...done.
Autobalance parameters: maxcond=59
Verified: 0 bad out of 118283
Estimating maxcond for upper bound 400000 (=100000 * 4)...
t=21: 0%   10   20   30   40   50   60   70   80   90   100%
      |----|----|----|----|----|----|----|----|----|----|
e     ***************************************************
Found maxcond = 71
t=21: 0%   10   20   30   40   50   60   70   80   90   100%
      |----|----|----|----|----|----|----|----|----|----|
      ***************************************************
Q18:	|.-.+.-.. .....+.. .+....-. -......+|
Q19:	|.....+.. ..-..... .......- -.+....+|
Q20:	|....-+.. 0...0... .......0 0...0...|
Q21:	|....-0.. 1.^.1... .0.....1 -.^.1..^| ok p=0.754883
Q22:	|....1^.. +...-... .1.....+ ....+...| ok p=0.980469
Q23:	|....^... ........ .+.0.... ^......0| ok p=0.958984
Q24:	|...0.... ^...^.0. ...1...^ ....^..1| ok p=0.931641
Q25:	|...1.... ........ .^.-.... .......-| ok p=0.941406
Q26:	|...-.... .....0+. ........ ..0.....| ok p=0.942383
Q27:	|........ .....1+. ...^.... ..1....^| ok p=1
Q28:	|...^.... .....+-. ........ ..+.....| ok p=1
Q29:	|........ ......0. ........ ..0.....| ok p=0.955078
Q30:	|........ .....^1. ........ ..-.....| ok p=1
Q31:	|........ ........ ........ ..-.....| ok p=1
Q32:	|........ ........ ........ ........| ok p=1
Q33:	|........ ........ ........ ..!.....| ok p=1
Q34:	|........ ........ ........ ........| ok p=1
Q35:	|........ ........ ........ ........| ok p=1
Q36:	|........ ........ ........ ........| ok p=1
Q37:	|........ ........ ........ ........| ok p=1
Q38:	|........ ........ ........ ........| ok p=1
Q39:	|........ ........ ........ ........| ok p=1
Q40:	|........ ........ ........ ........| ok p=1
Q41:	|........ ........ ........ ........| ok p=1
Q42:	|........ ........ ........ ........| ok p=1
Q43:	|........ ........ ........ ........| ok p=1
Q44:	|........ ........ ........ ........| ok p=1
Q45:	|........ ........ ........ ........| ok p=1
Q46:	|........ ........ ........ ........| ok p=1
Q47:	|........ ........ ........ ........| ok p=1
Q48:	|........ ........ ........ ........| ok p=1
Q49:	|........ ........ ........ ........| ok p=1
Q50:	|........ ........ ........ ........| ok p=1
Q51:	|........ ........ ........ ........| ok p=1
Q52:	|........ ........ ........ ........| ok p=1
Q53:	|........ ........ ........ ........| ok p=1
Q54:	|........ ........ ........ ........| ok p=1
Q55:	|........ ........ ........ ........| ok p=1
Q56:	|........ ........ ........ ........| ok p=1
Q57:	|........ ........ ........ ........| ok p=1
Q58:	|........ ........ ........ ........| ok p=1
Q59:	|........ ........ ........ ........| ok p=1
Q60:	|........ ........ 0....... ........| ok p=1
Q61:	|........ ......10 1....... ........| ok p=1
Q62:	|........ ......1. +....... ........| ok p=1
Q63:	|........ ......+- -....... ........| ok p=1
Q64:	|........ ........ +....... .-......|
Saving 100000 paths...done.
Autobalance parameters: maxcond=70
Verified: 0 bad out of 121711
Runtime: 9.05063
Extend MD5 differential paths backward
Copyright (C) 2009 Marc Stevens
http://homepages.cwi.nl/~stevens/

delta_m[11] = [!5!]
Loading workdir5/paths21_0of1...done: 100000 (work:100000).
Estimating maxcond for upper bound 65536 (=16384 * 4)...
t=20: 0%   10   20   30   40   50   60   70   80   90   100%
      |----|----|----|----|----|----|----|----|----|----|
e     ***************************************************
Found maxcond = 84
t=20: 0%   10   20   30   40   50   60   70   80   90   100%
      |----|----|----|----|----|----|----|----|----|----|
      ***************************************************
Q17:	|.....+.. ..-..... ........ .....+..|
Q18:	|.+...+.. ..1..+.. .+....-. ..1....1|
Q19:	|....0-.. ..-..... ......-. 0.+....+|
Q20:	|.^..1-.. 0...0^.. .^....00 1...0...| ok p=1
Q21:	|....-0.. 1.^.1... .0....11 +.^.1..^| ok p=0.740234
Q22:	|.....^.. +...-... .1.....+ ....+...| ok p=0.974609
Q23:	|....^... ........ .+.0...1 ^......0| ok p=0.960938
Q24:	|...0.... ^...^.0. ...1...0 ....^..1| ok p=0.933594
Q25:	|...1.... ........ .^.-.... .......-| ok p=0.929688
Q26:	|...-.... .....0+. ........ ..0.....| ok p=0.933594
Q27:	|........ .....1+. ...^.... ..1....^| ok p=1
Q28:	|...^.... .....+-. ........ ..+.....| ok p=1
Q29:	|........ ......0. ........ ..0.....| ok p=0.944336
Q30:	|........ .....^1. ........ ..-.....| ok p=1
Q31:	|........ ........ ........ ..-.....| ok p=1
Q32:	|........ ........ ........ ........| ok p=1
Q33:	|........ ........ ........ ..!.....| ok p=1
Q34:	|........ ........ ........ ........| ok p=1
Q35:	|........ ........ ........ ........| ok p=1
Q36:	|........ ........ ........ ........| ok p=1
Q37:	|........ ........ ........ ........| ok p=1
Q38:	|........ ........ ........ ........| ok p=1
Q39:	|........ ........ ........ ........| ok p=1
Q40:	|........ ........ ........ ........| ok p=1
Q41:	|........ ........ ........ ........| ok p=1
Q42:	|........ ........ ........ ........| ok p=1
Q43:	|........ ........ ........ ........| ok p=1
Q44:	|........ ........ ........ ........| ok p=1
Q45:	|........ ........ ........ ........| ok p=1
Q46:	|........ ........ ........ ........| ok p=1
Q47:	|........ ........ ........ ........| ok p=1
Q48:	|........ ........ ........ ........| ok p=1
Q49:	|........ ........ ........ ........| ok p=1
Q50:	|........ ........ ........ ........| ok p=1
Q51:	|........ ........ ........ ........| ok p=1
Q52:	|........ ........ ........ ........| ok p=1
Q53:	|........ ........ ........ ........| ok p=1
Q54:	|........ ........ ........ ........| ok p=1
Q55:	|........ ........ ........ ........| ok p=1
Q56:	|........ ........ ........ ........| ok p=1
Q57:	|........ ........ ........ ........| ok p=1
Q58:	|........ ........ ........ ........| ok p=1
Q59:	|........ ........ ........ ........| ok p=1
Q60:	|........ ........ 0....... ........| ok p=1
Q61:	|........ ......10 1....... ........| ok p=1
Q62:	|........ ......1. +....... ........| ok p=1
Q63:	|........ ......+- -....... ........| ok p=1
Q64:	|........ ........ +....... .-......|
Saving 16384 paths...done.
Autobalance parameters: maxcond=83
Verified: 0 bad out of 23212
Runtime: 2.42857
Extend MD5 differential paths backward
Copyright (C) 2009 Marc Stevens
http://homepages.cwi.nl/~stevens/

delta_m[11] = [!5!]
Loading workdir5/paths20_0of1...done: 16384 (work:16384).
Estimating maxcond for upper bound 2000000 (=500000 * 4)...
t=19: 0%   10   20   30   40   50   60   70   80   90   100%
      |----|----|----|----|----|----|----|----|----|----|
e     ***************************************************
Found maxcond = 95
t=19: 0%   10   20   30   40   50   60   70   80   90   100%
      |----|----|----|----|----|----|----|----|----|----|
      ***************************************************
Q16:	|.....-.. ..+...-. ...-..+. -......+|
Q17:	|.1...... ..-..1.. .1...... ..0..-..|
Q18:	|.-...+.. ..1..+.. .+....-. ..1....+|
Q19:	|....0+.. ..-..... ......-. 0.+..^.+| ok p=0.869141
Q20:	|.^..0-.. 0...0^.. .^....00 1...0..0| ok p=1
Q21:	|....-1.. 1.^.1... .0....11 -.^.1..^| ok p=0.733398
Q22:	|.....^.. +...-... .1.....+ ....+...| ok p=0.983398
Q23:	|....^... ........ .+.0.... ^......0| ok p=0.964844
Q24:	|...0.... ^...^.0. ...1...^ ....^..1| ok p=0.928711
Q25:	|...1.... ........ .^.-.... .......-| ok p=0.941406
Q26:	|...-.... .....0+. ........ ..0.....| ok p=0.933594
Q27:	|........ .....1+. ...^.... ..1....^| ok p=1
Q28:	|...^.... .....+-. ........ ..+.....| ok p=1
Q29:	|........ ......0. ........ ..0.....| ok p=0.936523
Q30:	|........ .....^1. ........ ..-.....| ok p=1
Q31:	|........ ........ ........ ..-.....| ok p=1
Q32:	|........ ........ ........ ........| ok p=1
Q33:	|........ ........ ........ ..!.....| ok p=1
Q34:	|........ ........ ........ ........| ok p=1
Q35:	|........ ........ ........ ........| ok p=1
Q36:	|........ ........ ........ ........| ok p=1
Q37:	|........ ........ ........ ........| ok p=1
Q38:	|........ ........ ........ ........| ok p=1
Q39:	|........ ........ ........ ........| ok p=1
Q40:	|........ ........ ........ ........| ok p=1
Q41:	|........ ........ ........ ........| ok p=1
Q42:	|........ ........ ........ ........| ok p=1
Q43:	|........ ........ ........ ........| ok p=1
Q44:	|........ ........ ........ ........| ok p=1
Q45:	|........ ........ ........ ........| ok p=1
Q46:	|........ ........ ........ ........| ok p=1
Q47:	|........ ........ ........ ........| ok p=1
Q48:	|........ ........ ........ ........| ok p=1
Q49:	|........ ........ ........ ........| ok p=1
Q50:	|........ ........ ........ ........| ok p=1
Q51:	|........ ........ ........ ........| ok p=1
Q52:	|........ ........ ........ ........| ok p=1
Q53:	|........ ........ ........ ........| ok p=1
Q54:	|........ ........ ........ ........| ok p=1
Q55:	|........ ........ ........ ........| ok p=1
Q56:	|........ ........ ........ ........| ok p=1
Q57:	|........ ........ ........ ........| ok p=1
Q58:	|........ ........ ........ ........| ok p=1
Q59:	|........ ........ ........ ........| ok p=1
Q60:	|........ ........ 0....... ........| ok p=1
Q61:	|........ ......10 1....... ........| ok p=1
Q62:	|........ ......1. +....... ........| ok p=1
Q63:	|........ ......+- -....... ........| ok p=1
Q64:	|........ ........ +....... .-......|
Saving 500000 paths...done.
Autobalance parameters: maxcond=94
Verified: 0 bad out of 798507
Estimating maxcond for upper bound 2000000 (=500000 * 4)...
t=18: 0%   10   20   30   40   50   60   70   80   90   100%
      |----|----|----|----|----|----|----|----|----|----|
e     ***************************************************
Found maxcond = 106
t=18: 0%   10   20   30   40   50   60   70   80   90   100%
      |----|----|----|----|----|----|----|----|----|----|
      ***************************************************
Q15:	|.....-.. +......+ ..-....- .+.+...-|
Q16:	|.0...... ..+..--. .-.-..+. .....1.+|
Q17:	|.1...+.. ..-..0.. .0....0. ..0..-.1|
Q18:	|.-...+.. ..1..+^. .+.^..-. ..1....+| ok p=0.786133
Q19:	|....0-.. ..-..... ......-. 0.+..^.+| ok p=0.998047
Q20:	|.^..1-.. 0...0^.. .^....00 1...0..0| ok p=1
Q21:	|....-0.. 1.^.1... .0....11 -.^.1..^| ok p=0.743164
Q22:	|.....^.. +...-... .1.....+ ....+...| ok p=0.983398
Q23:	|....^... ........ .+.0.... ^......0| ok p=0.96582
Q24:	|...0.... ^...^.0. ...1...^ ....^..1| ok p=0.9375
Q25:	|...1.... ........ .^.-.... .......-| ok p=0.931641
Q26:	|...-.... .....0+. ........ ..0.....| ok p=0.926758
Q27:	|........ .....1+. ...^.... ..1....^| ok p=1
Q28:	|...^.... .....+-. ........ ..+.....| ok p=1
Q29:	|........ ......0. ........ ..0.....| ok p=0.924805
Q30:	|........ .....^1. ........ ..-.....| ok p=1
Q31:	|........ ........ ........ ..-.....| ok p=1
Q32:	|........ ........ ........ ........| ok p=1
Q33:	|........ ........ ........ ..!.....| ok p=1
Q34:	|........ ........ ........ ........| ok p=1
Q35:	|........ ........ ........ ........| ok p=1
Q36:	|........ ........ ........ ........| ok p=1
Q37:	|........ ........ ........ ........| ok p=1
Q38:	|........ ........ ........ ........| ok p=1
Q39:	|........ ........ ........ ........| ok p=1
Q40:	|........ ........ ........ ........| ok p=1
Q41:	|........ ........ ........ ........| ok p=1
Q42:	|........ ........ ........ ........| ok p=1
Q43:	|........ ........ ........ ........| ok p=1
Q44:	|........ ........ ........ ........| ok p=1
Q45:	|........ ........ ........ ........| ok p=1
Q46:	|........ ........ ........ ........| ok p=1
Q47:	|........ ........ ........ ........| ok p=1
Q48:	|........ ........ ........ ........| ok p=1
Q49:	|........ ........ ........ ........| ok p=1
Q50:	|........ ........ ........ ........| ok p=1
Q51:	|........ ........ ........ ........| ok p=1
Q52:	|........ ........ ........ ........| ok p=1
Q53:	|........ ........ ........ ........| ok p=1
Q54:	|........ ........ ........ ........| ok p=1
Q55:	|........ ........ ........ ........| ok p=1
Q56:	|........ ........ ........ ........| ok p=1
Q57:	|........ ........ ........ ........| ok p=1
Q58:	|........ ........ ........ ........| ok p=1
Q59:	|........ ........ ........ ........| ok p=1
Q60:	|........ ........ 0....... ........| ok p=1
Q61:	|........ ......10 1....... ........| ok p=1
Q62:	|........ ......1. +....... ........| ok p=1
Q63:	|........ ......+- -....... ........| ok p=1
Q64:	|........ ........ +....... .-......|
Saving 500000 paths...done.
Autobalance parameters: maxcond=105
Verified: 0 bad out of 546698
Estimating maxcond for upper bound 2000000 (=500000 * 4)...
t=17: 0%   10   20   30   40   50   60   70   80   90   100%
      |----|----|----|----|----|----|----|----|----|----|
e     ***************************************************
Found maxcond = 122
t=17: 0%   10   20   30   40   50   60   70   80   90   100%
      |----|----|----|----|----|----|----|----|----|----|
      ***************************************************
Q14:	|........ ..+..... ......-. ..+..-..|
Q15:	|.....0.. .+....1- ...-.... 0.--...-|
Q16:	|.0...... .+...1-. .0.-.+.. ..0....+|
Q17:	|.1...+.. .00..1.^ .1.0.+.. -.0^...1| ok p=0.746094
Q18:	|.+...+.. .10..+^. .+.1.-.. -.1....1| ok p=0.724609
Q19:	|....0-.. ..-..... .....-.. +.+....+| ok p=0.999023
Q20:	|.^..1-.. 0...0^.. .^...1.1 +...0...| ok p=1
Q21:	|....-0.. 1.^.1... .0...^.1 +.^.1..^| ok p=0.469727
Q22:	|.....^.. +...-... .1.....+ 1...+...| ok p=0.963867
Q23:	|....^... ........ .+.0...1 0......0| ok p=0.960938
Q24:	|...0.... ^...^.0. ...1...0 ....^..1| ok p=0.944336
Q25:	|...1.... ........ .^.-.... .......-| ok p=0.947266
Q26:	|...-.... .....0+. ........ ..0.....| ok p=0.926758
Q27:	|........ .....1+. ...^.... ..1....^| ok p=1
Q28:	|...^.... .....+-. ........ ..+.....| ok p=1
Q29:	|........ ......0. ........ ..0.....| ok p=0.935547
Q30:	|........ .....^1. ........ ..-.....| ok p=1
Q31:	|........ ........ ........ ..-.....| ok p=1
Q32:	|........ ........ ........ ........| ok p=1
Q33:	|........ ........ ........ ..!.....| ok p=1
Q34:	|........ ........ ........ ........| ok p=1
Q35:	|........ ........ ........ ........| ok p=1
Q36:	|........ ........ ........ ........| ok p=1
Q37:	|........ ........ ........ ........| ok p=1
Q38:	|........ ........ ........ ........| ok p=1
Q39:	|........ ........ ........ ........| ok p=1
Q40:	|........ ........ ........ ........| ok p=1
Q41:	|........ ........ ........ ........| ok p=1
Q42:	|........ ........ ........ ........| ok p=1
Q43:	|........ ........ ........ ........| ok p=1
Q44:	|........ ........ ........ ........| ok p=1
Q45:	|........ ........ ........ ........| ok p=1
Q46:	|........ ........ ........ ........| ok p=1
Q47:	|........ ........ ........ ........| ok p=1
Q48:	|........ ........ ........ ........| ok p=1
Q49:	|........ ........ ........ ........| ok p=1
Q50:	|........ ........ ........ ........| ok p=1
Q51:	|........ ........ ........ ........| ok p=1
Q52:	|........ ........ ........ ........| ok p=1
Q53:	|........ ........ ........ ........| ok p=1
Q54:	|........ ........ ........ ........| ok p=1
Q55:	|........ ........ ........ ........| ok p=1
Q56:	|........ ........ ........ ........| ok p=1
Q57:	|........ ........ ........ ........| ok p=1
Q58:	|........ ........ ........ ........| ok p=1
Q59:	|........ ........ ........ ........| ok p=1
Q60:	|........ ........ 0....... ........| ok p=1
Q61:	|........ ......10 1....... ........| ok p=1
Q62:	|........ ......1. +....... ........| ok p=1
Q63:	|........ ......+- -....... ........| ok p=1
Q64:	|........ ........ +....... .-......|
Saving 500000 paths...done.
Autobalance parameters: maxcond=121
Verified: 0 bad out of 581349
Estimating maxcond for upper bound 2000000 (=500000 * 4)...
t=16: 0%   10   20   30   40   50   60   70   80   90   100%
      |----|----|----|----|----|----|----|----|----|----|
e     ***************************************************
Found maxcond = 134
t=16: 0%   10   20   30   40   50   60   70   80   90   100%
      |----|----|----|----|----|----|----|----|----|----|
      ***************************************************
Q13:	|....-... ..-...-. ..+..... +....-.-|
Q14:	|........ ..+...01 .....0-. ..11.-.1|
Q15:	|.....0.. .+....1- ...-.... 0.--...-|
Q16:	|.0...... .+^..1-. .0.-.+^. ..1..^.+| ok p=1
Q17:	|.1...+.. .00..1.^ .1.0.+.. -.0^...1| ok p=0.742188
Q18:	|.+...+.. .10..+^. .+.1.-.. -.1....1| ok p=0.689453
Q19:	|....0-.. ..-..... .....-.. +.+....+| ok p=0.998047
Q20:	|.^..1-.. 0...0^.. .^...1.1 +...0...| ok p=1
Q21:	|....-0.. 1.^.1... .0...^.1 +.^.1..^| ok p=0.458984
Q22:	|.....^.. +...-... .1.....+ 1...+...| ok p=0.964844
Q23:	|....^... ........ .+.0...1 0......0| ok p=0.97168
Q24:	|...0.... ^...^.0. ...1...0 ....^..1| ok p=0.943359
Q25:	|...1.... ........ .^.-.... .......-| ok p=0.936523
Q26:	|...-.... .....0+. ........ ..0.....| ok p=0.933594
Q27:	|........ .....1+. ...^.... ..1....^| ok p=1
Q28:	|...^.... .....+-. ........ ..+.....| ok p=1
Q29:	|........ ......0. ........ ..0.....| ok p=0.9375
Q30:	|........ .....^1. ........ ..-.....| ok p=1
Q31:	|........ ........ ........ ..-.....| ok p=1
Q32:	|........ ........ ........ ........| ok p=1
Q33:	|........ ........ ........ ..!.....| ok p=1
Q34:	|........ ........ ........ ........| ok p=1
Q35:	|........ ........ ........ ........| ok p=1
Q36:	|........ ........ ........ ........| ok p=1
Q37:	|........ ........ ........ ........| ok p=1
Q38:	|........ ........ ........ ........| ok p=1
Q39:	|........ ........ ........ ........| ok p=1
Q40:	|........ ........ ........ ........| ok p=1
Q41:	|........ ........ ........ ........| ok p=1
Q42:	|........ ........ ........ ........| ok p=1
Q43:	|........ ........ ........ ........| ok p=1
Q44:	|........ ........ ........ ........| ok p=1
Q45:	|........ ........ ........ ........| ok p=1
Q46:	|........ ........ ........ ........| ok p=1
Q47:	|........ ........ ........ ........| ok p=1
Q48:	|........ ........ ........ ........| ok p=1
Q49:	|........ ........ ........ ........| ok p=1
Q50:	|........ ........ ........ ........| ok p=1
Q51:	|........ ........ ........ ........| ok p=1
Q52:	|........ ........ ........ ........| ok p=1
Q53:	|........ ........ ........ ........| ok p=1
Q54:	|........ ........ ........ ........| ok p=1
Q55:	|........ ........ ........ ........| ok p=1
Q56:	|........ ........ ........ ........| ok p=1
Q57:	|........ ........ ........ ........| ok p=1
Q58:	|........ ........ ........ ........| ok p=1
Q59:	|........ ........ ........ ........| ok p=1
Q60:	|........ ........ 0....... ........| ok p=1
Q61:	|........ ......10 1....... ........| ok p=1
Q62:	|........ ......1. +....... ........| ok p=1
Q63:	|........ ......+- -....... ........| ok p=1
Q64:	|........ ........ +....... .-......|
Saving 500000 paths...done.
Autobalance parameters: maxcond=133
Verified: 0 bad out of 699647
Runtime: 26.7
