Connect MD5 differential paths
Copyright (C) 2009 Marc Stevens
http://homepages.cwi.nl/~stevens/

delta_m[11] = [!5!]
Loading workdir5/paths16_0of1.bin.gz...done: 500000.
Loading workdir5/paths11_0of1.bin.gz...done: 500000.
t=12: 0%   10   20   30   40   50   60   70   80   90   100%
      |----|----|----|----|----|----|----|----|----|----|
      *Q-3:	|10100100 01110100 01100011 01111001|
Q-2:	|00000000 0111011- +0111111 000+--10|
Q-1:	|10101100 1111000- +1010111 11111+11|
Q0:	|01111+1- -00111-+ +1111000 +-01+-01| ok p=0.93457
Q1:	|.-.1.+.1 --..0.01 .--..0.0 +-..0++.| ok p=0.694336
Q2:	|.-.+...+ 0+..0.00 0-0..-.0 .+..1--.| ok p=1
Q3:	|!-.+.1.+ ++1.+..1 .-0..+.- 0+..-10.| ok p=1
Q4:	|!1.1.... 0+0.-... .+...+0- .00.101.| ok p=1
Q5:	|^+^0...0 0-+.+... .10...11 .-1.+.+.| ok p=1
Q6:	|--1....1 .0-.0... .-1..1-0 .0..-.0.| ok p=1
Q7:	|1-0..0.1 .++11... .0-...+1 .1..-.0.| ok p=1
Q8:	|111..00+ .010...^ .1-...11 ........| ok p=1
Q9:	|.0...+1+ .101...+ .-....1+ ....1..0| ok p=1
Q10:	|.1001--+ 00-1...1 1+010..+ ..110011| ok p=1
Q11:	|1010001- 10--...0 0-.010.0 .000011+| ok p=1
Q12:	|0++--000 ----^^!0 ++^-+111 ^1++++--| ok p=1
Q13:	|-++++-++ +-0.-+^+ 01+01+1- -+-+-++-| ok p=1
Q14:	|0..11011 010010+1 000110-0 01+01-10| ok p=1
Q15:	|01000010 +1+.110- 1.0-.101 00--010-| ok p=0.905273
Q16:	|.0...... .++..1-. .0.-.+1. ..0..1.+| ok p=1
Q17:	|.1...+.. ^.1..1.^ .1.0.+.. -.0^...1| ok p=0.773438
Q18:	|.+...+.. .^0..+^. .+.1.-.. -.1....1| ok p=0.68457
Q19:	|....0-.. ..-..... .....-.. +.+....+| ok p=0.996094
Q20:	|.^..1-.. 0...0^.. .^...1.1 +...0...| ok p=1
Q21:	|....-0.. 1.^.1... .0...1.1 +.^.1..^| ok p=0.462891
Q22:	|.....0.. +...-... .1.....+ 1...+...| ok p=0.961914
Q23:	|....^... ........ .+.0...1 0......0| ok p=0.973633
Q24:	|...0.... ^...^.0. ...1...0 ....^..1| ok p=0.939453
Q25:	|...1.... ........ .^.-.... .......-| ok p=0.93457
Q26:	|...-.... .....0+. ........ ..0.....| ok p=0.939453
Q27:	|........ .....1+. ...^.... ..1....^| ok p=1
Q28:	|...^.... .....+-. ........ ..+.....| ok p=1
Q29:	|........ ......0. ........ ..0.....| ok p=0.948242
Q30:	|........ .....^1. ........ ..-.....| ok p=1
Q31:	|........ ........ ........ ..-.....| ok p=1
Q32:	|........ ........ ........ ........| ok p=1
Q33:	|........ ........ ........ ..!.....| ok p=1
Q34:	|........ ........ ........ ........| ok p=1
Q35:	|........ ........ ........ ........| ok p=1
Q36:	|........ ........ ........ ........| ok p=1
Q37:	|........ ........ ........ ........| ok p=1
Q38:	|........ ........ ........ ........| ok p=1
Q39:	|........ ........ ........ ........| ok p=1
Q40:	|........ ........ ........ ........| ok p=1
Q41:	|........ ........ ........ ........| ok p=1
Q42:	|........ ........ ........ ........| ok p=1
Q43:	|........ ........ ........ ........| ok p=1
Q44:	|........ ........ ........ ........| ok p=1
Q45:	|........ ........ ........ ........| ok p=1
Q46:	|........ ........ ........ ........| ok p=1
Q47:	|........ ........ ........ ........| ok p=1
Q48:	|........ ........ ........ ........| ok p=1
Q49:	|........ ........ ........ ........| ok p=1
Q50:	|........ ........ ........ ........| ok p=1
Q51:	|........ ........ ........ ........| ok p=1
Q52:	|........ ........ ........ ........| ok p=1
Q53:	|........ ........ ........ ........| ok p=1
Q54:	|........ ........ ........ ........| ok p=1
Q55:	|........ ........ ........ ........| ok p=1
Q56:	|........ ........ ........ ........| ok p=1
Q57:	|........ ........ ........ ........| ok p=1
Q58:	|........ ........ ........ ........| ok p=1
Q59:	|........ ........ ........ ........| ok p=1
Q60:	|........ ........ 0....... ........| ok p=1
Q61:	|........ ......10 1....... ........| ok p=1
Q62:	|........ ......1. +....... ........| ok p=1
Q63:	|........ ......+- -....... ........| ok p=1
Q64:	|........ ........ +....... .-......|
Best path: totcompl=-32 tottunnel=34, totcond=568, p=0.100716
Best paths: 2
Best paths: 4
Q-3:	|10100100 01110100 01100011 01111001|
Q-2:	|00000000 0111011- +0111111 000+--10|
Q-1:	|10101100 1111000- +1010111 11111+11|
Q0:	|01111+1- -00111-+ +1111000 +-01+-01| ok p=0.947266
Q1:	|.-.1.+.1 --..0.01 .--..0.0 +-..0++.| ok p=0.664062
Q2:	|.-.+...+ 0+..0.00 0-0..-.0 .+..1--.| ok p=1
Q3:	|!-.+.1.+ ++1.+... .-0!.+.- 0+..-10.| ok p=1
Q4:	|!1.1.... 0+0.-... .+...+0- .00.101.| ok p=1
Q5:	|^+^0...0 0-+.+... .10...1. .-1.+.+.| ok p=1
Q6:	|--1....1 .0-.0... .-1.!1-0 .0..-.0.| ok p=1
Q7:	|1-0..0.1 .++11... .0-...+1 .1..-.0.| ok p=1
Q8:	|111..00+ .010...^ .1-...11 ........| ok p=1
Q9:	|.0...+1+ .101...+ .-....1+ ....1..0| ok p=1
Q10:	|.1001--+ 00-1...1 1+010..+ ..110011| ok p=1
Q11:	|0010001- 10--...0 0-.010.0 .000011+| ok p=1
Q12:	|1++--000 ----^^!0 ++^-+111 ^1++++--| ok p=1
Q13:	|+++++-++ +-0.-+^+ 01+01+1- -+-+-++-| ok p=1
Q14:	|0..11011 010010+1 000110-0 01+01-10| ok p=1
Q15:	|01000010 +1+.110- 1.0-.101 00--010-| ok p=0.902344
Q16:	|.0...... .++..1-. .0.-.+1. ..0..1.+| ok p=1
Q17:	|.1...+.. ^.1..1.^ .1.0.+.. -.0^...1| ok p=0.75293
Q18:	|.+...+.. .^0..+^. .+.1.-.. -.1....1| ok p=0.719727
Q19:	|....0-.. ..-..... .....-.. +.+....+| ok p=0.99707
Q20:	|.^..1-.. 0...0^.. .^...1.1 +...0...| ok p=1
Q21:	|....-0.. 1.^.1... .0...1.1 +.^.1..^| ok p=0.482422
Q22:	|.....0.. +...-... .1.....+ 1...+...| ok p=0.962891
Q23:	|....^... ........ .+.0...1 0......0| ok p=0.96875
Q24:	|...0.... ^...^.0. ...1...0 ....^..1| ok p=0.929688
Q25:	|...1.... ........ .^.-.... .......-| ok p=0.926758
Q26:	|...-.... .....0+. ........ ..0.....| ok p=0.951172
Q27:	|........ .....1+. ...^.... ..1....^| ok p=1
Q28:	|...^.... .....+-. ........ ..+.....| ok p=1
Q29:	|........ ......0. ........ ..0.....| ok p=0.932617
Q30:	|........ .....^1. ........ ..-.....| ok p=1
Q31:	|........ ........ ........ ..-.....| ok p=1
Q32:	|........ ........ ........ ........| ok p=1
Q33:	|........ ........ ........ ..!.....| ok p=1
Q34:	|........ ........ ........ ........| ok p=1
Q35:	|........ ........ ........ ........| ok p=1
Q36:	|........ ........ ........ ........| ok p=1
Q37:	|........ ........ ........ ........| ok p=1
Q38:	|........ ........ ........ ........| ok p=1
Q39:	|........ ........ ........ ........| ok p=1
Q40:	|........ ........ ........ ........| ok p=1
Q41:	|........ ........ ........ ........| ok p=1
Q42:	|........ ........ ........ ........| ok p=1
Q43:	|........ ........ ........ ........| ok p=1
Q44:	|........ ........ ........ ........| ok p=1
Q45:	|........ ........ ........ ........| ok p=1
Q46:	|........ ........ ........ ........| ok p=1
Q47:	|........ ........ ........ ........| ok p=1
Q48:	|........ ........ ........ ........| ok p=1
Q49:	|........ ........ ........ ........| ok p=1
Q50:	|........ ........ ........ ........| ok p=1
Q51:	|........ ........ ........ ........| ok p=1
Q52:	|........ ........ ........ ........| ok p=1
Q53:	|........ ........ ........ ........| ok p=1
Q54:	|........ ........ ........ ........| ok p=1
Q55:	|........ ........ ........ ........| ok p=1
Q56:	|........ ........ ........ ........| ok p=1
Q57:	|........ ........ ........ ........| ok p=1
Q58:	|........ ........ ........ ........| ok p=1
Q59:	|........ ........ ........ ........| ok p=1
Q60:	|........ ........ 0....... ........| ok p=1
Q61:	|........ ......10 1....... ........| ok p=1
Q62:	|........ ......1. +....... ........| ok p=1
Q63:	|........ ......+- -....... ........| ok p=1
Q64:	|........ ........ +....... .-......|
Best path: totcompl=-31 tottunnel=35, totcond=568, p=0.100295
Best paths: 2
Q-3:	|10100100 01110100 01100011 01111001|
Q-2:	|00000000 0111011- +0111111 000+--10|
Q-1:	|10101100 1111000- +1010111 11111+11|
Q0:	|01111+1- -00111-+ +1111000 +-01+-01| ok p=0.936523
Q1:	|.-.1.+.1 --..0.01 .--..0.0 +-..0++.| ok p=0.666992
Q2:	|.-.+...+ 0+..0.00 0-0..-.0 .+..1--.| ok p=1
Q3:	|!-.+.1.+ ++1.+... 1-0..+.- 0+..-10.| ok p=1
Q4:	|!11..... 0+0.-... .+...+0- .00.101.| ok p=1
Q5:	|^+00...0 0-+.+... .10..01. .-1.+.+.| ok p=1
Q6:	|--1....1 .0-.0... .-1..1-0 .0..-.0.| ok p=1
Q7:	|1-0..0.1 .++11... .0-...+1 .1..-.0.| ok p=1
Q8:	|111..00+ .01.0..^ .1-...11 ........| ok p=1
Q9:	|.0...+1+ .101...+ .-....1+ ....1..0| ok p=1
Q10:	|.1001--+ 00-1...1 1+010..+ ..110011| ok p=1
Q11:	|1010001- 10--...0 0-.010.0 .000011+| ok p=1
Q12:	|0++--000 ----^^!0 ++^-+111 ^1++++--| ok p=1
Q13:	|+++++-++ +-0.-+^+ 10+01+1- -+-+-++-| ok p=1
Q14:	|0..11011 010010+1 000110-0 01+01-10| ok p=1
Q15:	|01000010 +1+.110- ..0-1101 00--010-| ok p=0.93457
Q16:	|.0...... .++..1-. .0.-.+1. ..0..1.+| ok p=1
Q17:	|.1...+.. ^.1..1.^ .1.0.+.. -.0^...1| ok p=0.738281
Q18:	|.+...+.. .^0..+^. .+.1.-.. -.1....1| ok p=0.683594
Q19:	|....0-.. ..-..... .....-.. +.+....+| ok p=0.998047
Q20:	|.^..1-.. 0...0^.. .^...1.1 +...0...| ok p=1
Q21:	|....-0.. 1.^.1... .0...1.1 +.^.1..^| ok p=0.463867
Q22:	|.....0.. +...-... .1.....+ 1...+...| ok p=0.969727
Q23:	|....^... ........ .+.0...1 0......0| ok p=0.96582
Q24:	|...0.... ^...^.0. ...1...0 ....^..1| ok p=0.938477
Q25:	|...1.... ........ .^.-.... .......-| ok p=0.94043
Q26:	|...-.... .....0+. ........ ..0.....| ok p=0.935547
Q27:	|........ .....1+. ...^.... ..1....^| ok p=1
Q28:	|...^.... .....+-. ........ ..+.....| ok p=1
Q29:	|........ ......0. ........ ..0.....| ok p=0.929688
Q30:	|........ .....^1. ........ ..-.....| ok p=1
Q31:	|........ ........ ........ ..-.....| ok p=1
Q32:	|........ ........ ........ ........| ok p=1
Q33:	|........ ........ ........ ..!.....| ok p=1
Q34:	|........ ........ ........ ........| ok p=1
Q35:	|........ ........ ........ ........| ok p=1
Q36:	|........ ........ ........ ........| ok p=1
Q37:	|........ ........ ........ ........| ok p=1
Q38:	|........ ........ ........ ........| ok p=1
Q39:	|........ ........ ........ ........| ok p=1
Q40:	|........ ........ ........ ........| ok p=1
Q41:	|........ ........ ........ ........| ok p=1
Q42:	|........ ........ ........ ........| ok p=1
Q43:	|........ ........ ........ ........| ok p=1
Q44:	|........ ........ ........ ........| ok p=1
Q45:	|........ ........ ........ ........| ok p=1
Q46:	|........ ........ ........ ........| ok p=1
Q47:	|........ ........ ........ ........| ok p=1
Q48:	|........ ........ ........ ........| ok p=1
Q49:	|........ ........ ........ ........| ok p=1
Q50:	|........ ........ ........ ........| ok p=1
Q51:	|........ ........ ........ ........| ok p=1
Q52:	|........ ........ ........ ........| ok p=1
Q53:	|........ ........ ........ ........| ok p=1
Q54:	|........ ........ ........ ........| ok p=1
Q55:	|........ ........ ........ ........| ok p=1
Q56:	|........ ........ ........ ........| ok p=1
Q57:	|........ ........ ........ ........| ok p=1
Q58:	|........ ........ ........ ........| ok p=1
Q59:	|........ ........ ........ ........| ok p=1
Q60:	|........ ........ 0....... ........| ok p=1
Q61:	|........ ......10 1....... ........| ok p=1
Q62:	|........ ......1. +....... ........| ok p=1
Q63:	|........ ......+- -....... ........| ok p=1
Q64:	|........ ........ +....... .-......|
Best path: totcompl=-30 tottunnel=36, totcond=568, p=0.108115
Q-3:	|10100100 01110100 01100011 01111001|
Q-2:	|00000000 0111011- +0111111 000+--10|
Q-1:	|10101100 1111000- +1010111 11111+11|
Q0:	|01111+1- -00111-+ +1111000 +-01+-01| ok p=0.9375
Q1:	|.-.1.+.1 --..0.01 .--..0.0 +-..0++.| ok p=0.637695
Q2:	|.-.+...+ 0+..0.00 0-0..-.0 .+..1--.| ok p=1
Q3:	|.-!+.1.+ ++1.+... .-0!.+.- 0+..-10.| ok p=1
Q4:	|!111.... 0+0.-... .+...+0- .00.101.| ok p=1
Q5:	|^+.0...0 0-+.+... .10..01. .-1.+.+.| ok p=1
Q6:	|--1..... .0-.0... .-1..1-0 .0..-.0.| ok p=1
Q7:	|1-0..... .++10... .0-..1+0 .1..-.1.| ok p=1
Q8:	|111..^.. .+00.... .0-..1+0 ........| ok p=1
Q9:	|.0.1.+^. ..+0..0^ .-...+.- ....0.^.| ok p=1
Q10:	|10.0.0-0 .1+0011- .-000+0- 11..1.+^| ok p=1
Q11:	|10.00+11 .01+11-1 ^+.11+10 011^101+| ok p=1
Q12:	|--^+11-- ^----+1+ ++^+++00 --1--1+1| ok p=1
Q13:	|-++++011 -100-++- 1.+0-++- -+-1+++-| ok p=1
Q14:	|.01.1.00 0+00..01 10011-+1 .0+00-.0| ok p=1
Q15:	|010010.. +0-.101- 1.1-11.0 00--100-| ok p=1
Q16:	|.0...... +1-..1-. .0.-.+^. ..0..0.+| ok p=1
Q17:	|.1...+.. 0.1..1.^ .1.0.+.. -.0^...1| ok p=0.754883
Q18:	|.+...+.. 0.0..+^. .+.1.-.. -.1....1| ok p=0.681641
Q19:	|....0-.. ..-..... .....-.. +.+....+| ok p=0.994141
Q20:	|.^..1-.. 0...0^.. .^...1.1 +...0...| ok p=1
Q21:	|....-0.. 1.^.1... .0...1.1 +.^.1..^| ok p=0.481445
Q22:	|.....0.. +...-... .1.....+ 1...+...| ok p=0.961914
Q23:	|....^... ........ .+.0...1 0......0| ok p=0.97168
Q24:	|...0.... ^...^.0. ...1...0 ....^..1| ok p=0.936523
Q25:	|...1.... ........ .^.-.... .......-| ok p=0.931641
Q26:	|...-.... .....0+. ........ ..0.....| ok p=0.930664
Q27:	|........ .....1+. ...^.... ..1....^| ok p=1
Q28:	|...^.... .....+-. ........ ..+.....| ok p=1
Q29:	|........ ......0. ........ ..0.....| ok p=0.943359
Q30:	|........ .....^1. ........ ..-.....| ok p=1
Q31:	|........ ........ ........ ..-.....| ok p=1
Q32:	|........ ........ ........ ........| ok p=1
Q33:	|........ ........ ........ ..!.....| ok p=1
Q34:	|........ ........ ........ ........| ok p=1
Q35:	|........ ........ ........ ........| ok p=1
Q36:	|........ ........ ........ ........| ok p=1
Q37:	|........ ........ ........ ........| ok p=1
Q38:	|........ ........ ........ ........| ok p=1
Q39:	|........ ........ ........ ........| ok p=1
Q40:	|........ ........ ........ ........| ok p=1
Q41:	|........ ........ ........ ........| ok p=1
Q42:	|........ ........ ........ ........| ok p=1
Q43:	|........ ........ ........ ........| ok p=1
Q44:	|........ ........ ........ ........| ok p=1
Q45:	|........ ........ ........ ........| ok p=1
Q46:	|........ ........ ........ ........| ok p=1
Q47:	|........ ........ ........ ........| ok p=1
Q48:	|........ ........ ........ ........| ok p=1
Q49:	|........ ........ ........ ........| ok p=1
Q50:	|........ ........ ........ ........| ok p=1
Q51:	|........ ........ ........ ........| ok p=1
Q52:	|........ ........ ........ ........| ok p=1
Q53:	|........ ........ ........ ........| ok p=1
Q54:	|........ ........ ........ ........| ok p=1
Q55:	|........ ........ ........ ........| ok p=1
Q56:	|........ ........ ........ ........| ok p=1
Q57:	|........ ........ ........ ........| ok p=1
Q58:	|........ ........ ........ ........| ok p=1
Q59:	|........ ........ ........ ........| ok p=1
Q60:	|........ ........ 0....... ........| ok p=1
Q61:	|........ ......10 1....... ........| ok p=1
Q62:	|........ ......1. +....... ........| ok p=1
Q63:	|........ ......+- -....... ........| ok p=1
Q64:	|........ ........ +....... .-......|
Best path: totcompl=-30 tottunnel=36, totcond=562, p=0.115305
Q-3:	|10100100 01110100 01100011 01111001|
Q-2:	|00000000 0111011- +0111111 000+--10|
Q-1:	|10101100 1111000- +1010111 11111+11|
Q0:	|01111+1- -00111-+ +1111000 +-01+-01| ok p=0.938477
Q1:	|.-.1.+.1 --..0.01 .--..0.0 +-..0++.| ok p=0.663086
Q2:	|.-.+...+ 0+..0.00 0-0..-.0 .+..1--.| ok p=1
Q3:	|.-!+.1.+ ++1.+..1 .-0..+.- 0+..-10.| ok p=1
Q4:	|!11..... 0+0.-... .+...+0- .00.101.| ok p=1
Q5:	|^+00...0 0-+.+... .10..01. .-1.+.+.| ok p=1
Q6:	|--1..... .0-.0... .-1..1-0 .0..-.0.| ok p=1
Q7:	|1-0..... .++10... .0-..1+0 .1..-.1.| ok p=1
Q8:	|111..^.. .+00.... .0-..1+0 ........| ok p=1
Q9:	|.0.1.+^. ..+0..0^ .-...+.- ....0.^.| ok p=1
Q10:	|10.0.0-0 .1+0011- .-000+0- 11..1.+^| ok p=1
Q11:	|10.00+11 .01+11-1 ^+.11+10 011^101+| ok p=1
Q12:	|--^+11-- ^----+1+ ++^+++00 --1--1+1| ok p=1
Q13:	|-++++011 -100-++- 1.+0-++- -+-1+++-| ok p=1
Q14:	|.01.1.00 0+00..01 10011-+1 .0+00-.0| ok p=1
Q15:	|010010.. +0-.101- 1.1-11.0 00--010-| ok p=1
Q16:	|.0...... +1-..1-. .0.-.+^. ..0..1.+| ok p=1
Q17:	|.1...+.. 0.1..1.^ .1.0.+.. -.0^...1| ok p=0.768555
Q18:	|.+...+.. 0.0..+^. .+.1.-.. -.1....1| ok p=0.694336
Q19:	|....0-.. ..-..... .....-.. +.+....+| ok p=0.998047
Q20:	|.^..1-.. 0...0^.. .^...1.1 +...0...| ok p=1
Q21:	|....-0.. 1.^.1... .0...1.1 +.^.1..^| ok p=0.460938
Q22:	|.....0.. +...-... .1.....+ 1...+...| ok p=0.972656
Q23:	|....^... ........ .+.0...1 0......0| ok p=0.969727
Q24:	|...0.... ^...^.0. ...1...0 ....^..1| ok p=0.942383
Q25:	|...1.... ........ .^.-.... .......-| ok p=0.921875
Q26:	|...-.... .....0+. ........ ..0.....| ok p=0.9375
Q27:	|........ .....1+. ...^.... ..1....^| ok p=1
Q28:	|...^.... .....+-. ........ ..+.....| ok p=1
Q29:	|........ ......0. ........ ..0.....| ok p=0.941406
Q30:	|........ .....^1. ........ ..-.....| ok p=1
Q31:	|........ ........ ........ ..-.....| ok p=1
Q32:	|........ ........ ........ ........| ok p=1
Q33:	|........ ........ ........ ..!.....| ok p=1
Q34:	|........ ........ ........ ........| ok p=1
Q35:	|........ ........ ........ ........| ok p=1
Q36:	|........ ........ ........ ........| ok p=1
Q37:	|........ ........ ........ ........| ok p=1
Q38:	|........ ........ ........ ........| ok p=1
Q39:	|........ ........ ........ ........| ok p=1
Q40:	|........ ........ ........ ........| ok p=1
Q41:	|........ ........ ........ ........| ok p=1
Q42:	|........ ........ ........ ........| ok p=1
Q43:	|........ ........ ........ ........| ok p=1
Q44:	|........ ........ ........ ........| ok p=1
Q45:	|........ ........ ........ ........| ok p=1
Q46:	|........ ........ ........ ........| ok p=1
Q47:	|........ ........ ........ ........| ok p=1
Q48:	|........ ........ ........ ........| ok p=1
Q49:	|........ ........ ........ ........| ok p=1
Q50:	|........ ........ ........ ........| ok p=1
Q51:	|........ ........ ........ ........| ok p=1
Q52:	|........ ........ ........ ........| ok p=1
Q53:	|........ ........ ........ ........| ok p=1
Q54:	|........ ........ ........ ........| ok p=1
Q55:	|........ ........ ........ ........| ok p=1
Q56:	|........ ........ ........ ........| ok p=1
Q57:	|........ ........ ........ ........| ok p=1
Q58:	|........ ........ ........ ........| ok p=1
Q59:	|........ ........ ........ ........| ok p=1
Q60:	|........ ........ 0....... ........| ok p=1
Q61:	|........ ......10 1....... ........| ok p=1
Q62:	|........ ......1. +....... ........| ok p=1
Q63:	|........ ......+- -....... ........| ok p=1
Q64:	|........ ........ +....... .-......|
Best path: totcompl=-29 tottunnel=37, totcond=562, p=0.101233
Best paths: 2
Q-3:	|10100100 01110100 01100011 01111001|
Q-2:	|00000000 0111011- +0111111 000+--10|
Q-1:	|10101100 1111000- +1010111 11111+11|
Q0:	|01111+1- -00111-+ +1111000 +-01+-01| ok p=0.936523
Q1:	|.-.1.+.1 --..0.01 .--..0.0 +-..0++.| ok p=0.683594
Q2:	|.-.+...+ 0+..0.00 0-0..-.0 .+..1--.| ok p=1
Q3:	|!-.+.1.+ ++1.+... .-0!.+.- 0+..-10.| ok p=1
Q4:	|!11..... 0+0.-... .+...+0- .00.101.| ok p=1
Q5:	|^+00...0 0-+.+... .10..01. .-1.+.+.| ok p=1
Q6:	|--1..... 10-.0... .-1..1-0 .0..-.0.| ok p=1
Q7:	|1-0..... 1++01... .0-...+0 .1..-.1.| ok p=1
Q8:	|111..^.. +101.... ^0-...10 ........| ok p=1
Q9:	|00...+^. +1-1.... ++....1+ 1...1...| ok p=1
Q10:	|10..00-. +-11.001 0+01..0+ 10.11...| ok p=1
Q11:	|11.10+11 11++^111 1-11..+0 +1^00.0.| ok p=1
Q12:	|-+^0++00 +-1--+++ +0-+^^++ -+---11^| ok p=1
Q13:	|00+++-++ +++1110+ 1+0++++1 ++0--0++| ok p=1
Q14:	|1010.100 .1+00110 001111-1 0.+0.-11| ok p=1
Q15:	|0-001000 1+....1- 0-.+011. 01--001-| ok p=0.875977
Q16:	|.1...... .+^..1-. .-.-.+1. ..0..0.+| ok p=0.976562
Q17:	|.1...+.. .00..1.^ .0.1.+.. -.0^...1| ok p=0.748047
Q18:	|.+...+.. .10..+^. .+.0.-.. -.1....1| ok p=0.696289
Q19:	|....0-.. ..-..... .....-.. +.+....+| ok p=0.99707
Q20:	|.^..1-.. 0...0^.. .^...1.1 +...0...| ok p=1
Q21:	|....-0.. 1.^.1... .0...1.1 +.^.1..^| ok p=0.523438
Q22:	|.....0.. +...-... .1.....+ 1...+...| ok p=0.958984
Q23:	|....^... ........ .+.0...1 0......0| ok p=0.983398
Q24:	|...0.... ^...^.0. ...1...0 ....^..1| ok p=0.932617
Q25:	|...1.... ........ .^.-.... .......-| ok p=0.939453
Q26:	|...-.... .....0+. ........ ..0.....| ok p=0.945312
Q27:	|........ .....1+. ...^.... ..1....^| ok p=1
Q28:	|...^.... .....+-. ........ ..+.....| ok p=1
Q29:	|........ ......0. ........ ..0.....| ok p=0.94043
Q30:	|........ .....^1. ........ ..-.....| ok p=1
Q31:	|........ ........ ........ ..-.....| ok p=1
Q32:	|........ ........ ........ ........| ok p=1
Q33:	|........ ........ ........ ..!.....| ok p=1
Q34:	|........ ........ ........ ........| ok p=1
Q35:	|........ ........ ........ ........| ok p=1
Q36:	|........ ........ ........ ........| ok p=1
Q37:	|........ ........ ........ ........| ok p=1
Q38:	|........ ........ ........ ........| ok p=1
Q39:	|........ ........ ........ ........| ok p=1
Q40:	|........ ........ ........ ........| ok p=1
Q41:	|........ ........ ........ ........| ok p=1
Q42:	|........ ........ ........ ........| ok p=1
Q43:	|........ ........ ........ ........| ok p=1
Q44:	|........ ........ ........ ........| ok p=1
Q45:	|........ ........ ........ ........| ok p=1
Q46:	|........ ........ ........ ........| ok p=1
Q47:	|........ ........ ........ ........| ok p=1
Q48:	|........ ........ ........ ........| ok p=1
Q49:	|........ ........ ........ ........| ok p=1
Q50:	|........ ........ ........ ........| ok p=1
Q51:	|........ ........ ........ ........| ok p=1
Q52:	|........ ........ ........ ........| ok p=1
Q53:	|........ ........ ........ ........| ok p=1
Q54:	|........ ........ ........ ........| ok p=1
Q55:	|........ ........ ........ ........| ok p=1
Q56:	|........ ........ ........ ........| ok p=1
Q57:	|........ ........ ........ ........| ok p=1
Q58:	|........ ........ ........ ........| ok p=1
Q59:	|........ ........ ........ ........| ok p=1
Q60:	|........ ........ 0....... ........| ok p=1
Q61:	|........ ......10 1....... ........| ok p=1
Q62:	|........ ......1. +....... ........| ok p=1
Q63:	|........ ......+- -....... ........| ok p=1
Q64:	|........ ........ +....... .-......|
Best path: totcompl=-28 tottunnel=38, totcond=562, p=0.0911375
Q-3:	|10100100 01110100 01100011 01111001|
Q-2:	|00000000 0111011- +0111111 000+--10|
Q-1:	|10101100 1111000- +1010111 11111+11|
Q0:	|01111+1- -00111-+ +1111000 +-01+-01| ok p=0.9375
Q1:	|.-.1.+.1 --..0.01 .--..0.0 +-..0++.| ok p=0.68457
Q2:	|.-.+...+ 0+..0.00 0-0..-.0 .+..1--.| ok p=1
Q3:	|!-.+.1.+ ++1.+... .-0!.+.- 0+..-10.| ok p=1
Q4:	|!11..... 0+0.-... .+...+0- .00.101.| ok p=1
Q5:	|^+00...0 0-+.+... .10...1. .-1.+.+.| ok p=1
Q6:	|--1..... 10-.0... .-1.!1-0 .0..-.0.| ok p=1
Q7:	|1-0..... 1++01... .0-...+0 .1..-.1.| ok p=1
Q8:	|111..^.. +101.... ^0-...10 ........| ok p=1
Q9:	|.0...+^. +1-1.... ++....1+ 1...1...| ok p=1
Q10:	|01..00-. +-11.001 0+01..0+ 10.11...| ok p=1
Q11:	|10.10+11 11++^111 1-11..+0 +1^00.0.| ok p=1
Q12:	|-+^0++00 +-1--+++ +0-+^^++ -+---11^| ok p=1
Q13:	|00+++-++ +++1110+ 1+0++++1 ++0--0++| ok p=1
Q14:	|1010.100 .1+00110 001111-1 0.+0.-11| ok p=1
Q15:	|0-001000 1+....1- 0-.+100. 01--001-| ok p=0.875
Q16:	|.1...... .+^..1-. .-.-.+0. ..0..0.+| ok p=0.967773
Q17:	|.1...+.. .00..1.^ .0.1.+.. -.0^...1| ok p=0.742188
Q18:	|.+...+.. .10..+^. .+.0.-.. -.1....1| ok p=0.710938
Q19:	|....0-.. ..-..... .....-.. +.+....+| ok p=0.995117
Q20:	|.^..1-.. 0...0^.. .^...1.1 +...0...| ok p=1
Q21:	|....-0.. 1.^.1... .0...1.1 +.^.1..^| ok p=0.498047
Q22:	|.....0.. +...-... .1.....+ 1...+...| ok p=0.967773
Q23:	|....^... ........ .+.0...1 0......0| ok p=0.97168
Q24:	|...0.... ^...^.0. ...1...0 ....^..1| ok p=0.922852
Q25:	|...1.... ........ .^.-.... .......-| ok p=0.942383
Q26:	|...-.... .....0+. ........ ..0.....| ok p=0.935547
Q27:	|........ .....1+. ...^.... ..1....^| ok p=1
Q28:	|...^.... .....+-. ........ ..+.....| ok p=0.999023
Q29:	|........ ......0. ........ ..0.....| ok p=0.924805
Q30:	|........ .....^1. ........ ..-.....| ok p=1
Q31:	|........ ........ ........ ..-.....| ok p=1
Q32:	|........ ........ ........ ........| ok p=1
Q33:	|........ ........ ........ ..!.....| ok p=1
Q34:	|........ ........ ........ ........| ok p=1
Q35:	|........ ........ ........ ........| ok p=1
Q36:	|........ ........ ........ ........| ok p=1
Q37:	|........ ........ ........ ........| ok p=1
Q38:	|........ ........ ........ ........| ok p=1
Q39:	|........ ........ ........ ........| ok p=1
Q40:	|........ ........ ........ ........| ok p=1
Q41:	|........ ........ ........ ........| ok p=1
Q42:	|........ ........ ........ ........| ok p=1
Q43:	|........ ........ ........ ........| ok p=1
Q44:	|........ ........ ........ ........| ok p=1
Q45:	|........ ........ ........ ........| ok p=1
Q46:	|........ ........ ........ ........| ok p=1
Q47:	|........ ........ ........ ........| ok p=1
Q48:	|........ ........ ........ ........| ok p=1
Q49:	|........ ........ ........ ........| ok p=1
Q50:	|........ ........ ........ ........| ok p=1
Q51:	|........ ........ ........ ........| ok p=1
Q52:	|........ ........ ........ ........| ok p=1
Q53:	|........ ........ ........ ........| ok p=1
Q54:	|........ ........ ........ ........| ok p=1
Q55:	|........ ........ ........ ........| ok p=1
Q56:	|........ ........ ........ ........| ok p=1
Q57:	|........ ........ ........ ........| ok p=1
Q58:	|........ ........ ........ ........| ok p=1
Q59:	|........ ........ ........ ........| ok p=1
Q60:	|........ ........ 0....... ........| ok p=1
Q61:	|........ ......10 1....... ........| ok p=1
Q62:	|........ ......1. +....... ........| ok p=1
Q63:	|........ ......+- -....... ........| ok p=1
Q64:	|........ ........ +....... .-......|
Best path: totcompl=-27 tottunnel=39, totcond=561, p=0.0910007
Best paths: 2
Best paths: 4
Best paths: 8
Q-3:	|10100100 01110100 01100011 01111001|
Q-2:	|00000000 0111011- +0111111 000+--10|
Q-1:	|10101100 1111000- +1010111 11111+11|
Q0:	|01111+1- -00111-+ +1111000 +-01+-01| ok p=0.9375
Q1:	|.-.1.+.1 --..0.01 .--..0.0 +-..0++.| ok p=0.680664
Q2:	|.-.+...+ 0+..0.00 0-0..-.0 .+..1--.| ok p=1
Q3:	|!-.+.1.+ ++1.+... .-0!.+.- 0+..-10.| ok p=1
Q4:	|!11..... 0+0.-... .+...+0- .00.101.| ok p=1
Q5:	|^+00...0 0-+.+... .11...1. .-1.+.+.| ok p=1
Q6:	|--1....1 .0-.0... .-1.!1-0 .0..-.0.| ok p=1
Q7:	|1-0..0.1 .++.1... 10-...+0 .1..-.0.| ok p=1
Q8:	|111..0.+ .01^0... 01-...10 ....+...| ok p=1
Q9:	|.0...+.+ .10..... ++...01+ ....+...| ok p=1
Q10:	|1110.-.- 11-.1100 +-0.01.+ .0.0+01^| ok p=1
Q11:	|1000.0.+ 01-10111 1-..1+.1 .101+01+| ok p=1
Q12:	|--+-^-.1 +++0+--- 01^.-+.0 .+1----1| ok p=1
Q13:	|-++++1.- ++1++++1 +--0-+^+ .--+0++-| ok p=1
Q14:	|.0.111.1 .0+1.001 0101.1-0 .0+0++00| ok p=1
Q15:	|010010.0 1+10111- 110-0001 00--1.0-| ok p=1
Q16:	|.0...... .+1..1-. .0.-.+0. ..000^.+| ok p=1
Q17:	|.1...+.. .00..1.^ .1.0.+.. -.01...1| ok p=0.750977
Q18:	|.+...+.. .10..+^. .+.1.-.. -.1....1| ok p=0.69043
Q19:	|....0-.. ..-..... .....-.. +.+....+| ok p=0.998047
Q20:	|.^..1-.. 0...0^.. .^...1.1 +...0...| ok p=1
Q21:	|....-0.. 1.^.1... .0...1.1 +.^.1..^| ok p=0.453125
Q22:	|.....0.. +...-... .1.....+ 1...+...| ok p=0.970703
Q23:	|....^... ........ .+.0...1 0......0| ok p=0.962891
Q24:	|...0.... ^...^.0. ...1...0 ....^..1| ok p=0.926758
Q25:	|...1.... ........ .^.-.... .......-| ok p=0.930664
Q26:	|...-.... .....0+. ........ ..0.....| ok p=0.945312
Q27:	|........ .....1+. ...^.... ..1....^| ok p=1
Q28:	|...^.... .....+-. ........ ..+.....| ok p=1
Q29:	|........ ......0. ........ ..0.....| ok p=0.936523
Q30:	|........ .....^1. ........ ..-.....| ok p=1
Q31:	|........ ........ ........ ..-.....| ok p=1
Q32:	|........ ........ ........ ........| ok p=1
Q33:	|........ ........ ........ ..!.....| ok p=1
Q34:	|........ ........ ........ ........| ok p=1
Q35:	|........ ........ ........ ........| ok p=1
Q36:	|........ ........ ........ ........| ok p=1
Q37:	|........ ........ ........ ........| ok p=1
Q38:	|........ ........ ........ ........| ok p=1
Q39:	|........ ........ ........ ........| ok p=1
Q40:	|........ ........ ........ ........| ok p=1
Q41:	|........ ........ ........ ........| ok p=1
Q42:	|........ ........ ........ ........| ok p=1
Q43:	|........ ........ ........ ........| ok p=1
Q44:	|........ ........ ........ ........| ok p=1
Q45:	|........ ........ ........ ........| ok p=1
Q46:	|........ ........ ........ ........| ok p=1
Q47:	|........ ........ ........ ........| ok p=1
Q48:	|........ ........ ........ ........| ok p=1
Q49:	|........ ........ ........ ........| ok p=1
Q50:	|........ ........ ........ ........| ok p=1
Q51:	|........ ........ ........ ........| ok p=1
Q52:	|........ ........ ........ ........| ok p=1
Q53:	|........ ........ ........ ........| ok p=1
Q54:	|........ ........ ........ ........| ok p=1
Q55:	|........ ........ ........ ........| ok p=1
Q56:	|........ ........ ........ ........| ok p=1
Q57:	|........ ........ ........ ........| ok p=1
Q58:	|........ ........ ........ ........| ok p=1
Q59:	|........ ........ ........ ........| ok p=1
Q60:	|........ ........ 0....... ........| ok p=1
Q61:	|........ ......10 1....... ........| ok p=1
Q62:	|........ ......1. +....... ........| ok p=1
Q63:	|........ ......+- -....... ........| ok p=1
Q64:	|........ ........ +....... .-......|
Best path: totcompl=-25 tottunnel=41, totcond=561, p=0.108319
Q-3:	|10100100 01110100 01100011 01111001|
Q-2:	|00000000 0111011- +0111111 000+--10|
Q-1:	|10101100 1111000- +1010111 11111+11|
Q0:	|01111+1- -00111-+ +1111000 +-01+-01| ok p=0.932617
Q1:	|.-.1.+.1 --..0.01 .--..0.0 +-..0++.| ok p=0.693359
Q2:	|.-.+...+ 0+..0.00 0-0..-.0 .+..1--.| ok p=1
Q3:	|.-!+.1.+ ++1.+... 1-0..+.- 0+..-10.| ok p=1
Q4:	|!111.... 0+0.-... .+...+0- .00.101.| ok p=1
Q5:	|^+.0...0 0-+.+... .11...1. .-1.+.+.| ok p=1
Q6:	|--1....1 .0-.0... .-1.!1-0 .0..-.0.| ok p=1
Q7:	|1-0..0.1 .++11... .0-...+0 .1..-.0.| ok p=1
Q8:	|111..0.+ .01.0..^ .1-...10 ....+...| ok p=1
Q9:	|.0...+.+ .10....+ .-...01+ ....+..1| ok p=1
Q10:	|11.0.-.- 1.-.1101 0+0.01.+ ..01+110| ok p=1
Q11:	|1001.0.+ 0.-10111 1-..1+.1 .110+11+| ok p=1
Q12:	|--1+^-^+ -^+0+--- 01^.-+.0 .1+----1| ok p=1
Q13:	|-++++-++ ++1++++1 +--1-+^+ .-1-0-+-| ok p=1
Q14:	|.01.1.1. 11+1.001 0100.-+0 .0++0-10| ok p=1
Q15:	|01001000 1+10111- 101-1101 0-0+..0-| ok p=1
Q16:	|.0...... .+1..1-. .0.-.+0. ..01.^.+| ok p=1
Q17:	|.1...+.. .00..1.^ .1.0.+.. -^00...1| ok p=0.75
Q18:	|.+...+.. .10..+^. .+.1.-.. -.1....1| ok p=0.726562
Q19:	|....0-.. ..-..... .....-.. +.+....+| ok p=0.998047
Q20:	|.^..1-.. 0...0^.. .^...1.1 +...0...| ok p=1
Q21:	|....-0.. 1.^.1... .0...1.1 +.^.1..^| ok p=0.467773
Q22:	|.....0.. +...-... .1.....+ 1...+...| ok p=0.967773
Q23:	|....^... ........ .+.0...1 0......0| ok p=0.970703
Q24:	|...0.... ^...^.0. ...1...0 ....^..1| ok p=0.938477
Q25:	|...1.... ........ .^.-.... .......-| ok p=0.93457
Q26:	|...-.... .....0+. ........ ..0.....| ok p=0.939453
Q27:	|........ .....1+. ...^.... ..1....^| ok p=1
Q28:	|...^.... .....+-. ........ ..+.....| ok p=1
Q29:	|........ ......0. ........ ..0.....| ok p=0.935547
Q30:	|........ .....^1. ........ ..-.....| ok p=1
Q31:	|........ ........ ........ ..-.....| ok p=1
Q32:	|........ ........ ........ ........| ok p=1
Q33:	|........ ........ ........ ..!.....| ok p=1
Q34:	|........ ........ ........ ........| ok p=1
Q35:	|........ ........ ........ ........| ok p=1
Q36:	|........ ........ ........ ........| ok p=1
Q37:	|........ ........ ........ ........| ok p=1
Q38:	|........ ........ ........ ........| ok p=1
Q39:	|........ ........ ........ ........| ok p=1
Q40:	|........ ........ ........ ........| ok p=1
Q41:	|........ ........ ........ ........| ok p=1
Q42:	|........ ........ ........ ........| ok p=1
Q43:	|........ ........ ........ ........| ok p=1
Q44:	|........ ........ ........ ........| ok p=1
Q45:	|........ ........ ........ ........| ok p=1
Q46:	|........ ........ ........ ........| ok p=1
Q47:	|........ ........ ........ ........| ok p=1
Q48:	|........ ........ ........ ........| ok p=1
Q49:	|........ ........ ........ ........| ok p=1
Q50:	|........ ........ ........ ........| ok p=1
Q51:	|........ ........ ........ ........| ok p=1
Q52:	|........ ........ ........ ........| ok p=1
Q53:	|........ ........ ........ ........| ok p=1
Q54:	|........ ........ ........ ........| ok p=1
Q55:	|........ ........ ........ ........| ok p=1
Q56:	|........ ........ ........ ........| ok p=1
Q57:	|........ ........ ........ ........| ok p=1
Q58:	|........ ........ ........ ........| ok p=1
Q59:	|........ ........ ........ ........| ok p=1
Q60:	|........ ........ 0....... ........| ok p=1
Q61:	|........ ......10 1....... ........| ok p=1
Q62:	|........ ......1. +....... ........| ok p=1
Q63:	|........ ......+- -....... ........| ok p=1
Q64:	|........ ........ +....... .-......|
Best path: totcompl=-24 tottunnel=42, totcond=560, p=0.111003
Q-3:	|10100100 01110100 01100011 01111001|
Q-2:	|00000000 0111011- +0111111 000+--10|
Q-1:	|10101100 1111000- +1010111 11111+11|
Q0:	|01111+1- -00111-+ +1111000 +-01+-01| ok p=0.93457
Q1:	|.-.1.+.1 --..0.01 .--..0.0 +-..0++.| ok p=0.689453
Q2:	|.-.+...+ 0+..0.00 0-0..-.0 .+..1--.| ok p=1
Q3:	|.-!+.1.+ ++1.+..1 .-0..+.- 0+..-10.| ok p=1
Q4:	|!11..... 0+0.-... .+...+0- .00.101.| ok p=1
Q5:	|^+00...0 0-+.+... .11...1. .-1.+.+.| ok p=1
Q6:	|--1....1 .0-.0... .-1.!1-0 .0..-.0.| ok p=1
Q7:	|1-0..0.1 .++11... .0-...+0 .1..-.0.| ok p=1
Q8:	|111..0.+ .01.0..^ .1-...10 ....+...| ok p=1
Q9:	|.0...+.+ .10....+ .-...01+ ....+..1| ok p=1
Q10:	|11.0.-.- 1.-.1101 0+0.01.+ ..01+.00| ok p=1
Q11:	|1001.0.+ 0.-10111 1-..1+.1 ..10+^0+| ok p=1
Q12:	|--1+^-^+ -^+0+--- 01^.-+.0 .^+----1| ok p=1
Q13:	|-++++-++ ++1++++1 +--1-+^+ .-1-00--| ok p=1
Q14:	|.01.1.1. 11+1.001 0100.-+0 .0++0-.0| ok p=1
Q15:	|01001000 1+10111- 101-1101 0-0+.00-| ok p=1
Q16:	|.0...... .+1..1-. .0.-.+0. ..01.0.+| ok p=1
Q17:	|.1...+.. .00..1.^ .1.0.+.. -^00...1| ok p=0.740234
Q18:	|.+...+.. .10..+^. .+.1.-.. -.1....1| ok p=0.703125
Q19:	|....0-.. ..-..... .....-.. +.+....+| ok p=0.999023
Q20:	|.^..1-.. 0...0^.. .^...1.1 +...0...| ok p=1
Q21:	|....-0.. 1.^.1... .0...1.1 +.^.1..^| ok p=0.516602
Q22:	|.....0.. +...-... .1.....+ 1...+...| ok p=0.958984
Q23:	|....^... ........ .+.0...1 0......0| ok p=0.970703
Q24:	|...0.... ^...^.0. ...1...0 ....^..1| ok p=0.9375
Q25:	|...1.... ........ .^.-.... .......-| ok p=0.941406
Q26:	|...-.... .....0+. ........ ..0.....| ok p=0.93457
Q27:	|........ .....1+. ...^.... ..1....^| ok p=1
Q28:	|...^.... .....+-. ........ ..+.....| ok p=1
Q29:	|........ ......0. ........ ..0.....| ok p=0.951172
Q30:	|........ .....^1. ........ ..-.....| ok p=1
Q31:	|........ ........ ........ ..-.....| ok p=1
Q32:	|........ ........ ........ ........| ok p=1
Q33:	|........ ........ ........ ..!.....| ok p=1
Q34:	|........ ........ ........ ........| ok p=1
Q35:	|........ ........ ........ ........| ok p=1
Q36:	|........ ........ ........ ........| ok p=1
Q37:	|........ ........ ........ ........| ok p=1
Q38:	|........ ........ ........ ........| ok p=1
Q39:	|........ ........ ........ ........| ok p=1
Q40:	|........ ........ ........ ........| ok p=1
Q41:	|........ ........ ........ ........| ok p=1
Q42:	|........ ........ ........ ........| ok p=1
Q43:	|........ ........ ........ ........| ok p=1
Q44:	|........ ........ ........ ........| ok p=1
Q45:	|........ ........ ........ ........| ok p=1
Q46:	|........ ........ ........ ........| ok p=1
Q47:	|........ ........ ........ ........| ok p=1
Q48:	|........ ........ ........ ........| ok p=1
Q49:	|........ ........ ........ ........| ok p=1
Q50:	|........ ........ ........ ........| ok p=1
Q51:	|........ ........ ........ ........| ok p=1
Q52:	|........ ........ ........ ........| ok p=1
Q53:	|........ ........ ........ ........| ok p=1
Q54:	|........ ........ ........ ........| ok p=1
Q55:	|........ ........ ........ ........| ok p=1
Q56:	|........ ........ ........ ........| ok p=1
Q57:	|........ ........ ........ ........| ok p=1
Q58:	|........ ........ ........ ........| ok p=1
Q59:	|........ ........ ........ ........| ok p=1
Q60:	|........ ........ 0....... ........| ok p=1
Q61:	|........ ......10 1....... ........| ok p=1
Q62:	|........ ......1. +....... ........| ok p=1
Q63:	|........ ......+- -....... ........| ok p=1
Q64:	|........ ........ +....... .-......|
Best path: totcompl=-24 tottunnel=42, totcond=558, p=0.111767
Q-3:	|10100100 01110100 01100011 01111001|
Q-2:	|00000000 0111011- +0111111 000+--10|
Q-1:	|10101100 1111000- +1010111 11111+11|
Q0:	|01111+1- -00111-+ +1111000 +-01+-01| ok p=0.957031
Q1:	|.-.1.+.1 --..0.01 .--..0.0 +-..0++.| ok p=0.657227
Q2:	|.-.+...+ 0+..0.00 0-0..-.0 .+..1--.| ok p=1
Q3:	|.-!+.1.+ ++1.+... .-0!.+.- 0+..-10.| ok p=1
Q4:	|!11..... 0+0.-... .+...+0- .00.101.| ok p=1
Q5:	|^+00...0 0-+.+... .11..01. .-1.+.+.| ok p=1
Q6:	|--1....1 .0-.0... .-1..1-0 .0..-.0.| ok p=1
Q7:	|1-0..0.1 .++.1... .0-...+0 .1..-.0.| ok p=1
Q8:	|111..0.+ .01^0..^ .1-...10 ....+...| ok p=1
Q9:	|.0...+.+ .10....+ .-...01+ ....+..1| ok p=1
Q10:	|11.0.-.- 1.-.1101 0+0.01.+ ..01+110| ok p=1
Q11:	|1001.0.+ 0.-10111 1-..1+.1 .110+11+| ok p=1
Q12:	|--1+^-.+ -^+0+--- 01^.-+.0 .1+----1| ok p=1
Q13:	|-++++1.- ++1++++1 +--1-+^+ .-1-0-+-| ok p=1
Q14:	|.01.11.1 11+1.001 0100.-+0 .0++0-10| ok p=1
Q15:	|010010.0 1+10111- 101-1101 0-0+..0-| ok p=1
Q16:	|.0...... .+1..1-. .0.-.+0. ..01.^.+| ok p=1
Q17:	|.1...+.. .00..1.^ .1.0.+.. -^00...1| ok p=0.759766
Q18:	|.+...+.. .10..+^. .+.1.-.. -.1....1| ok p=0.705078
Q19:	|....0-.. ..-..... .....-.. +.+....+| ok p=0.998047
Q20:	|.^..1-.. 0...0^.. .^...1.1 +...0...| ok p=1
Q21:	|....-0.. 1.^.1... .0...1.1 +.^.1..^| ok p=0.456055
Q22:	|.....0.. +...-... .1.....+ 1...+...| ok p=0.953125
Q23:	|....^... ........ .+.0...1 0......0| ok p=0.96875
Q24:	|...0.... ^...^.0. ...1...0 ....^..1| ok p=0.933594
Q25:	|...1.... ........ .^.-.... .......-| ok p=0.942383
Q26:	|...-.... .....0+. ........ ..0.....| ok p=0.942383
Q27:	|........ .....1+. ...^.... ..1....^| ok p=1
Q28:	|...^.... .....+-. ........ ..+.....| ok p=1
Q29:	|........ ......0. ........ ..0.....| ok p=0.9375
Q30:	|........ .....^1. ........ ..-.....| ok p=1
Q31:	|........ ........ ........ ..-.....| ok p=1
Q32:	|........ ........ ........ ........| ok p=1
Q33:	|........ ........ ........ ..!.....| ok p=1
Q34:	|........ ........ ........ ........| ok p=1
Q35:	|........ ........ ........ ........| ok p=1
Q36:	|........ ........ ........ ........| ok p=1
Q37:	|........ ........ ........ ........| ok p=1
Q38:	|........ ........ ........ ........| ok p=1
Q39:	|........ ........ ........ ........| ok p=1
Q40:	|........ ........ ........ ........| ok p=1
Q41:	|........ ........ ........ ........| ok p=1
Q42:	|........ ........ ........ ........| ok p=1
Q43:	|........ ........ ........ ........| ok p=1
Q44:	|........ ........ ........ ........| ok p=1
Q45:	|........ ........ ........ ........| ok p=1
Q46:	|........ ........ ........ ........| ok p=1
Q47:	|........ ........ ........ ........| ok p=1
Q48:	|........ ........ ........ ........| ok p=1
Q49:	|........ ........ ........ ........| ok p=1
Q50:	|........ ........ ........ ........| ok p=1
Q51:	|........ ........ ........ ........| ok p=1
Q52:	|........ ........ ........ ........| ok p=1
Q53:	|........ ........ ........ ........| ok p=1
Q54:	|........ ........ ........ ........| ok p=1
Q55:	|........ ........ ........ ........| ok p=1
Q56:	|........ ........ ........ ........| ok p=1
Q57:	|........ ........ ........ ........| ok p=1
Q58:	|........ ........ ........ ........| ok p=1
Q59:	|........ ........ ........ ........| ok p=1
Q60:	|........ ........ 0....... ........| ok p=1
Q61:	|........ ......10 1....... ........| ok p=1
Q62:	|........ ......1. +....... ........| ok p=1
Q63:	|........ ......+- -....... ........| ok p=1
Q64:	|........ ........ +....... .-......|
Best path: totcompl=-22 tottunnel=44, totcond=558, p=0.108627
Best paths: 2
**********