Extend MD5 differential paths forward
Copyright (C) 2009 Marc Stevens
http://homepages.cwi.nl/~stevens/

delta_m[11] = [!5!]
Loading workdir5/lowerpath.bin.gz...done: 1.
Estimating maxcond for upper bound 8000000 (=2000000 * 4)...
t=1:  0%   10   20   30   40   50   60   70   80   90   100%
      |----|----|----|----|----|----|----|----|----|----|
e     ***************************************************
Found maxcond = 2176
t=1:  0%   10   20   30   40   50   60   70   80   90   100%
      |----|----|----|----|----|----|----|----|----|----|
      ***************************************************
Q-3:	|10100100 01110100 01100011 01111001|
Q-2:	|00000000 0111011- +0111111 000+--10|
Q-1:	|10101100 1111000- +1010111 11111+11|
Q0:	|01111+1- -00111-+ +1111000 +-01+-01| ok p=1
Q1:	|.-...+.0 --....01 .--..... 0+..0++.| ok p=0.680664
Q2:	|.-.+...+ .+...-.. .-...-.. .+..+.+.|
Saving 3008 paths...done.
Autobalance parameters: maxcond=2176
Verified: 128 bad out of 3136
Estimating maxcond for upper bound 8000000 (=2000000 * 4)...
t=2:  0%   10   20   30   40   50   60   70   80   90   100%
      |----|----|----|----|----|----|----|----|----|----|
e     ***************************************************
Found maxcond = 163
t=2:  0%   10   20   30   40   50   60   70   80   90   100%
      |----|----|----|----|----|----|----|----|----|----|
      ***************************************************
Q-3:	|10100100 01110100 01100011 01111001|
Q-2:	|00000000 0111011- +0111111 000+--10|
Q-1:	|10101100 1111000- +1010111 11111+11|
Q0:	|01111+1- -00111-+ +1111000 +-01+-01| ok p=0.947266
Q1:	|.-.1.+.1 --....11 .--..0.. +-..+1-.| ok p=0.634766
Q2:	|.-.-...+ .+....11 1-0..-.. .+...--.| ok p=0.942383
Q3:	|.-.-..+. .-.+.-.. .-...+.- .+..-..+|
Saving 2000000 paths...done.
Autobalance parameters: maxcond=162
Verified: 56512 bad out of 3288098
Estimating maxcond for upper bound 8000000 (=2000000 * 4)...
t=3:  0%   10   20   30   40   50   60   70   80   90   100%
      |----|----|----|----|----|----|----|----|----|----|
e     ***************************************************
Found maxcond = 177
t=3:  0%   10   20   30   40   50   60   70   80   90   100%
      |----|----|----|----|----|----|----|----|----|----|
      ***************************************************
Q-3:	|10100100 01110100 01100011 01111001|
Q-2:	|00000000 0111011- +0111111 000+--10|
Q-1:	|10101100 1111000- +1010111 11111+11|
Q0:	|01111+1- -00111-+ +1111000 +-01+-01| ok p=0.963867
Q1:	|.-...+.1 --...10- +1+..1.. 0+..1++.| ok p=0.667969
Q2:	|.-...+.+ .+...-10 .+1..-.. 1+..1--.| ok p=0.782227
Q3:	|.....-.+ 1+...+.1 1+1..+.. --...-0.| ok p=0.785156
Q4:	|.......- .-..-.-. ..-...+. ..+..-.-|
Saving 2000000 paths...done.
Autobalance parameters: maxcond=176
Verified: 0 bad out of 2338250
Estimating maxcond for upper bound 8000000 (=2000000 * 4)...
t=4:  0%   10   20   30   40   50   60   70   80   90   100%
      |----|----|----|----|----|----|----|----|----|----|
e     ***************************************************
Found maxcond = 191
t=4:  0%   10   20   30   40   50   60   70   80   90   100%
      |----|----|----|----|----|----|----|----|----|----|
      ***************************************************
Q-3:	|10100100 01110100 01100011 01111001|
Q-2:	|00000000 0111011- +0111111 000+--10|
Q-1:	|10101100 1111000- +1010111 11111+11|
Q0:	|01111+1- -00111-+ +1111000 +-01+-01| ok p=0.933594
Q1:	|.-.1.+.1 --.V..01 .--..0.V +-..+1-.| ok p=0.703125
Q2:	|.-.+.1.+ 0+....00 0-0..-.1 .+..-0+.| ok p=0.916992
Q3:	|.-.+.1.+ ++.+.... .-0..+.- 0+..-.1.| ok p=0.624023
Q4:	|.....+.. --.0.... .+...+.- ......1.| ok p=0.451172
Q5:	|.+...+.- ...-.... +.....+. .-..+.+.|
Saving 2000000 paths...done.
Autobalance parameters: maxcond=190
Verified: 36 bad out of 2204983
Estimating maxcond for upper bound 8000000 (=2000000 * 4)...
t=5:  0%   10   20   30   40   50   60   70   80   90   100%
      |----|----|----|----|----|----|----|----|----|----|
e     ***************************************************
Found maxcond = 204
t=5:  0%   10   20   30   40   50   60   70   80   90   100%
      |----|----|----|----|----|----|----|----|----|----|
      ***************************************************
Q-3:	|10100100 01110100 01100011 01111001|
Q-2:	|00000000 0111011- +0111111 000+--10|
Q-1:	|10101100 1111000- +1010111 11111+11|
Q0:	|01111+1- -00111-+ +1111000 +-01+-01| ok p=0.969727
Q1:	|.-...+.1 --.V.10- +1+..0.. 0+..+0-.| ok p=0.816406
Q2:	|.-...+.+ .+...-10 .+0..-.. 1+...--.| ok p=0.991211
Q3:	|.-...+.+ 1+.+.001 0+1..+.. --..1-..| ok p=0.59082
Q4:	|.-...+.+ .-.0.1+. .-+..+.. --...-1.| ok p=0.402344
Q5:	|.....+.. .-.1..+. .00..+.. ........| ok p=0.447266
Q6:	|...-.-.. .-..-.+. -.-..-.. +.+..+..|
Saving 2000000 paths...done.
Autobalance parameters: maxcond=203
Verified: 6994 bad out of 2579961
Estimating maxcond for upper bound 8000000 (=2000000 * 4)...
t=6:  0%   10   20   30   40   50   60   70   80   90   100%
      |----|----|----|----|----|----|----|----|----|----|
e     ***************************************************
Found maxcond = 218
t=6:  0%   10   20   30   40   50   60   70   80   90   100%
      |----|----|----|----|----|----|----|----|----|----|
      ***************************************************
Q-3:	|10100100 01110100 01100011 01111001|
Q-2:	|00000000 0111011- +0111111 000+--10|
Q-1:	|10101100 1111000- +1010111 11111+11|
Q0:	|01111+1- -00111-+ +1111000 +-01+-01| ok p=0.944336
Q1:	|.-.1.+.1 --...000 -+-..0.. 0+..0++.| ok p=0.704102
Q2:	|.-.-...+ .+.V.-10 1-1..-.V +-..1--.| ok p=0.78418
Q3:	|.1.-.1.+ 0+...+.. -+1..+.. --V..1+.| ok p=0.650391
Q4:	|.1.....+ .+.-.+.. 0+...+.- 1....0+.| ok p=0.482422
Q5:	|.+.1...+ ...0.+.. 1....+.0 01-..-..| ok p=0.709961
Q6:	|.+.....+ .1.1.... .1.....- ..0..+1.| ok p=0.476562
Q7:	|.-.+.... -....+.. ..-..+.. -..+.+..|
Saving 2000000 paths...done.
Autobalance parameters: maxcond=217
Verified: 126271 bad out of 2338334
Estimating maxcond for upper bound 8000000 (=2000000 * 4)...
t=7:  0%   10   20   30   40   50   60   70   80   90   100%
      |----|----|----|----|----|----|----|----|----|----|
e     ***************************************************
Found maxcond = 231
t=7:  0%   10   20   30   40   50   60   70   80   90   100%
      |----|----|----|----|----|----|----|----|----|----|
      ***************************************************
Q-3:	|10100100 01110100 01100011 01111001|
Q-2:	|00000000 0111011- +0111111 000+--10|
Q-1:	|10101100 1111000- +1010111 11111+11|
Q0:	|01111+1- -00111-+ +1111000 +-01+-01| ok p=0.943359
Q1:	|.-.1.+.1 --...011 1--..0.V 0+..0++.| ok p=0.759766
Q2:	|.-.-...+ .+..V-10 -+1..-.0 1+..1--.| ok p=0.779297
Q3:	|.1.-.1.+ 0+...+.. 1-1..+.- .+V..1+.| ok p=0.550781
Q4:	|.1.+...+ .+..--.. 1+...+.- .....0+.| ok p=0.542969
Q5:	|.+V+...+ V...0+.. .1...+.0 .0-..-..| ok p=0.469727
Q6:	|.0.+...+ .0..0-.. .1...0.- ..0..+0.| ok p=0.535156
Q7:	|.--..... -....+.. .....+.0 ..1..-..| ok p=0.482422
Q8:	|+.-..... ..+..-.. +..+...+ ...+.-.+|
Saving 2000000 paths...done.
Autobalance parameters: maxcond=230
Verified: 26456 bad out of 2363547
Estimating maxcond for upper bound 8000000 (=2000000 * 4)...
t=8:  0%   10   20   30   40   50   60   70   80   90   100%
      |----|----|----|----|----|----|----|----|----|----|
e     ***************************************************
Found maxcond = 244
t=8:  0%   10   20   30   40   50   60   70   80   90   100%
      |----|----|----|----|----|----|----|----|----|----|
      ***************************************************
Q-3:	|10100100 01110100 01100011 01111001|
Q-2:	|00000000 0111011- +0111111 000+--10|
Q-1:	|10101100 1111000- +1010111 11111+11|
Q0:	|01111+1- -00111-+ +1111000 +-01+-01| ok p=0.925781
Q1:	|.-.1.+.1 --..V.01 .--..0.V +-..0++.| ok p=0.647461
Q2:	|.-.+...+ 0+..0.00 0-0..-.0 .+..1--.| ok p=0.917969
Q3:	|.-.+.1.+ ++1.+... .-0..+.- 0+..-10.| ok p=0.799805
Q4:	|V1...... 0+0.-... .+...+0- .0..101.| ok p=0.388672
Q5:	|.+.0...0 0-+.+... .11...1. .-..+.+.| ok p=0.96875
Q6:	|--...... .0-.0... .-0..1-0 .0..-.0.| ok p=0.412109
Q7:	|1-...... .++.0... .-+...+. .1..-.1.| ok p=0.345703
Q8:	|1....... .+1..... ..-...+. ........| ok p=0.861328
Q9:	|..+..+.. ..+..... .-...+.- ........|
Saving 2000000 paths...done.
Autobalance parameters: maxcond=242
Verified: 325665 bad out of 3782929
Estimating maxcond for upper bound 8000000 (=2000000 * 4)...
t=9:  0%   10   20   30   40   50   60   70   80   90   100%
      |----|----|----|----|----|----|----|----|----|----|
e     ***************************************************
Found maxcond = 255
t=9:  0%   10   20   30   40   50   60   70   80   90   100%
      |----|----|----|----|----|----|----|----|----|----|
      ***************************************************
Q-3:	|10100100 01110100 01100011 01111001|
Q-2:	|00000000 0111011- +0111111 000+--10|
Q-1:	|10101100 1111000- +1010111 11111+11|
Q0:	|01111+1- -00111-+ +1111000 +-01+-01| ok p=0.920898
Q1:	|.-.1.+.1 --..V.01 .--..0.V +-..0++.| ok p=0.689453
Q2:	|.-.+...+ 0+..0.00 0-0..-.0 .+..1--.| ok p=0.93457
Q3:	|.-.+.1.+ ++1.+... .-0..+.- 0+..-10.| ok p=0.782227
Q4:	|V1...... 0+0.-... .+...+0- .0..101.| ok p=0.388672
Q5:	|.+.0...0 0-+.+... .10...1. .-..+.+.| ok p=0.969727
Q6:	|--...... .0-.0... .-1..1-0 .0..-.0.| ok p=0.484375
Q7:	|1-...V.. .++.0... .0-...+V .1..-.1.| ok p=0.191406
Q8:	|1....... .+0..... .0-...+. ........| ok p=0.978516
Q9:	|.1...+.. ..+..... .-....++ ....1...| ok p=0.71875
Q10:	|......-. ..+....- .+..+..- ......+.|
Saving 2000000 paths...done.
Autobalance parameters: maxcond=254
Verified: 66805 bad out of 2697940
Estimating maxcond for upper bound 8000000 (=2000000 * 4)...
t=10: 0%   10   20   30   40   50   60   70   80   90   100%
      |----|----|----|----|----|----|----|----|----|----|
e     ***************************************************
Found maxcond = 266
t=10: 0%   10   20   30   40   50   60   70   80   90   100%
      |----|----|----|----|----|----|----|----|----|----|
      ***************************************************
Q-3:	|10100100 01110100 01100011 01111001|
Q-2:	|00000000 0111011- +0111111 000+--10|
Q-1:	|10101100 1111000- +1010111 11111+11|
Q0:	|01111+1- -00111-+ +1111000 +-01+-01| ok p=0.93457
Q1:	|.-.1.+.1 --..V.01 .--..0.V +-..0++.| ok p=0.651367
Q2:	|.-.+...+ 0+..0.00 0-0..-.0 .+..1--.| ok p=0.935547
Q3:	|.-.+.1.+ ++1.+... .-0..+.- 0+..-10.| ok p=0.796875
Q4:	|V1...... 0+0.-... .+...+0- .0..101.| ok p=0.400391
Q5:	|.+.0...0 0-+.+... .10...1. .-..+.+.| ok p=0.970703
Q6:	|--...... .0-.0... .-1..1-0 .0..-.0.| ok p=0.509766
Q7:	|1-...V.. .++.0... .0-...+V .1..-.1.| ok p=0.173828
Q8:	|1.....V. .+0..... V0-...+1 ......V.| ok p=0.985352
Q9:	|.0...+.. ..+..... .-....++ ....1...| ok p=0.976562
Q10:	|.....0-. .1+..... --1...++ ......+.| ok p=0.522461
Q11:	|.+..+.-. ...+...- .-...+.. .......+|
Saving 2000000 paths...done.
Autobalance parameters: maxcond=265
Verified: 414 bad out of 2916940
Runtime: 95.234
Extend MD5 differential paths forward
Copyright (C) 2009 Marc Stevens
http://homepages.cwi.nl/~stevens/

delta_m[11] = [!5!]
Loading workdir5/paths10_0of1...done: 2000000 (work:2000000).
Estimating maxcond for upper bound 2000000 (=500000 * 4)...
t=11: 0%   10   20   30   40   50   60   70   80   90   100%
      |----|----|----|----|----|----|----|----|----|----|
e     ***************************************************
Found maxcond = 277
t=11: 0%   10   20   30   40   50   60   70   80   90   100%
      |----|----|----|----|----|----|----|----|----|----|
      ***************************************************
Q-3:	|10100100 01110100 01100011 01111001|
Q-2:	|00000000 0111011- +0111111 000+--10|
Q-1:	|10101100 1111000- +1010111 11111+11|
Q0:	|01111+1- -00111-+ +1111000 +-01+-01| ok p=0.93457
Q1:	|.-.1.+.1 --..V.01 .--..0.V +-..0++.| ok p=0.662109
Q2:	|.-.+...+ 0+..0.00 0-0..-.0 .+..1--.| ok p=0.9375
Q3:	|.-.+.1.+ ++1.+... .-0..+.- 0+..-10.| ok p=0.789062
Q4:	|V1...... 0+0.-... .+...+0- .0..101.| ok p=0.364258
Q5:	|.+.0...0 0-+.+... .10...1. .-..+.+.| ok p=0.97168
Q6:	|--...... .0-.0... .-1..1-0 .0..-.0.| ok p=0.507812
Q7:	|1-...V.. .++.0... .0-...+V .1..-.1.| ok p=0.181641
Q8:	|1.....0. .+0..... 00-...+1 ......V.| ok p=0.990234
Q9:	|.0...+1. ..+V...V 1-....++ ....1...| ok p=0.978516
Q10:	|.....0-. .1+..... --0...++ ......+.| ok p=0.842773
Q11:	|.....++. ...+...- 0-...... ......0.| ok p=0.719727
Q12:	|.+.+..-. ...+..-. +.-.-... ..-.+..+|
Saving 500000 paths...done.
Autobalance parameters: maxcond=276
Verified: 4188 bad out of 869038
Runtime: 17.2646
