MD5 differential path toolbox
Copyright (C) 2009 Marc Stevens
http://homepages.cwi.nl/~stevens/

IHV1   = {2759091065,2073983061,2901497851,7814926}
IHV1   = 796374a455789e7bfb57f1ac0e3f7700

IHV2   = {2759091065,2115893401,2901465087,7782162}
IHV2   = 796374a499f81d7effd7f0ac12bf7600

dIHV   = {0,41910340,4294934532,4294934532}
NC0: delta c = delta d = [!-2!]
NC0: delta b           = [!-2,-23,-25!]
NC1: delta c = delta d = [!15!]
NC1: delta b           = [!-6,15!]
NC0: prob=-8.43335
NC1: prob=-7.62612
delta m_11 = [!5!]
Q-3:	|10100100 01110100 01100011 01111001|
Q-2:	|00000000 0111011- +0111111 000+--10|
Q-1:	|10101100 1111000- +1010111 11111+11|
Q0:	|01111+1- -00111-+ +1111000 +-01+-01| ok p=0.991211
Q1:	|.-...+.- .+...... -.+..... .+..+.-.|
Saved lower diff. path to 'workdir5/lowerpath.bin.gz'.

Q32:	|........ ........ ........ ........|
Q33:	|........ ........ ........ ........|
Q34:	|........ ........ ........ ........|
Q35:	|........ ........ ........ ........| ok p=1
Q36:	|........ ........ ........ ........| ok p=1
Q37:	|........ ........ ........ ........| ok p=1
Q38:	|........ ........ ........ ........| ok p=1
Q39:	|........ ........ ........ ........| ok p=1
Q40:	|........ ........ ........ ........| ok p=1
Q41:	|........ ........ ........ ........| ok p=1
Q42:	|........ ........ ........ ........| ok p=1
Q43:	|........ ........ ........ ........| ok p=1
Q44:	|........ ........ ........ ........| ok p=1
Q45:	|........ ........ ........ ........| ok p=1
Q46:	|........ ........ ........ ........| ok p=1
Q47:	|........ ........ ........ ........| ok p=1
Q48:	|........ ........ ........ ........| ok p=1
Q49:	|........ ........ ........ ........| ok p=1
Q50:	|........ ........ ........ ........| ok p=1
Q51:	|........ ........ ........ ........| ok p=1
Q52:	|........ ........ ........ ........| ok p=1
Q53:	|........ ........ ........ ........| ok p=1
Q54:	|........ ........ ........ ........| ok p=1
Q55:	|........ ........ ........ ........| ok p=1
Q56:	|........ ........ ........ ........| ok p=1
Q57:	|........ ........ ........ ........| ok p=1
Q58:	|........ ........ ........ ........| ok p=1
Q59:	|........ ........ ........ ........| ok p=1
Q60:	|........ ........ 0....... ........| ok p=1
Q61:	|........ ......10 1....... ........| ok p=1
Q62:	|........ ......1. +....... ........| ok p=1
Q63:	|........ ......+- -....... ........| ok p=1
Q64:	|........ ........ +....... .-......|
Saved upper diff. path to 'workdir5/upperpath.bin.gz'.
Saved 'md5diffpathforward.cfg'.
Saved 'md5diffpathbackward.cfg'.
Saved 'md5diffpathconnect.cfg'.
Saved 'md5diffpathhelper.cfg'.
