MD5 differential path toolbox
Copyright (C) 2009 Marc Stevens
http://homepages.cwi.nl/~stevens/

delta_m[11] = [!17!]
Q-3:	|11000000 10110101 11111000 10111101|
Q-2:	|+001-101 00100110 10001000 101101-+|
Q-1:	|-101-110 00101100 00001000 0011100-|
Q0:	|-10-+0-+ +010+-11 01101101 011011-+| ok p=0.508789
Q1:	|...00-00 -...+-.. .......0 .0..-.+1| ok p=1
Q2:	|0..1-+11 -.1..+.. .......- ^+..-0+0| ok p=1
Q3:	|00..1-.+ 1.101+.. .......0 --...1+.| ok p=1
Q4:	|01..1-.0 -.-1.1.. .......1 0+..1+-.| ok p=1
Q5:	|+0....0- +.-1.0.. ........ 1+!..10.| ok p=1
Q6:	|01...011 -.--.+0. ...^!... -+...01.| ok p=1
Q7:	|0.^...-- +.-0.10! ...-.... -1......| ok p=1
Q8:	|1.+...-0 1.11.0-. ...1.... +00...1.| ok p=1
Q9:	|0.0....0 1.0-.++. ...1.1.. ++1..00.| ok p=1
Q10:	|01111111 001-10-1 .....00. +0.100+.| ok p=1
Q11:	|01-.1000 011-1--1 ^...0-1^ --.01+-^| ok p=1
Q12:	|---.++++ +++0+11+ +^^11--- --.+--0-| ok p=1
Q13:	|-+.0-+++ ++++-1-+ 0--0+++0 --.01100| ok p=1
Q14:	|11101..0 ..101.+1 100-0010 .+.1-1-1| ok p=1
Q15:	|011+110- 0101-.-- 0+1-111. 1-..-.1.| ok p=0.9375
Q16:	|.0+..0.- ..+...+. .0.+.0.. .0..0.+.| ok p=1
Q17:	|.1.^.1.0 ..0.^.1^ .-.-.1.. .+..1.0.| ok p=0.692383
Q18:	|.+^..+.1 ..-...1. ...+.-.. .+....0.| ok p=0.634766
Q19:	|........ ..-.0.-. .^.+.... 0-....-.| ok p=0.998047
Q20:	|0^...^.. ..001... 0..1.^.. 1-..0...| ok p=1
Q21:	|1....0.. ..11-.^. 1..1.... -0..1.^.| ok p=0.354492
Q22:	|-....1.. ...+.... +....... .0..+...| ok p=0.491211
Q23:	|.....+.0 ....^... ...0.... ^.......| ok p=0.956055
Q24:	|^.0....1 ...^.... ^..1...0 ....^...| ok p=0.992188
Q25:	|.....^.- ........ ...-...1 ........| ok p=0.448242
Q26:	|.0+..... ......0. .......- ........| ok p=0.96582
Q27:	|.1+....^ ......1. ...^.... ........| ok p=0.852539
Q28:	|.+-..... ......+. .......^ ........| ok p=0.87793
Q29:	|..0..... ......0. ........ ........| ok p=1
Q30:	|.^1..... ......-. ........ ........| ok p=1
Q31:	|........ ......-. ........ ........| ok p=0.87793
Q32:	|........ ........ ........ ........| ok p=1
Q33:	|........ ......!. ........ ........| ok p=1
Q34:	|........ ........ ........ ........| ok p=1
Q35:	|........ ........ ........ ........| ok p=1
Q36:	|........ ........ ........ ........| ok p=1
Q37:	|........ ........ ........ ........| ok p=1
Q38:	|........ ........ ........ ........| ok p=1
Q39:	|........ ........ ........ ........| ok p=1
Q40:	|........ ........ ........ ........| ok p=1
Q41:	|........ ........ ........ ........| ok p=1
Q42:	|........ ........ ........ ........| ok p=1
Q43:	|........ ........ ........ ........| ok p=1
Q44:	|........ ........ ........ ........| ok p=1
Q45:	|........ ........ ........ ........| ok p=1
Q46:	|........ ........ ........ ........| ok p=1
Q47:	|........ ........ ........ ........| ok p=1
Q48:	|........ ........ ........ ........| ok p=1
Q49:	|........ ........ ........ ........| ok p=1
Q50:	|........ ........ ........ ........| ok p=1
Q51:	|........ ........ ........ ........| ok p=1
Q52:	|........ ........ ........ ........| ok p=1
Q53:	|........ ........ ........ ........| ok p=1
Q54:	|........ ........ ........ ........| ok p=1
Q55:	|........ ........ ........ ........| ok p=1
Q56:	|........ ........ ........ ........| ok p=1
Q57:	|........ ........ ........ ........| ok p=1
Q58:	|........ ........ ........ ........| ok p=1
Q59:	|........ ........ ........ ........| ok p=1
Q60:	|....0... ........ ........ ........| ok p=1
Q61:	|..101... ........ ........ ........| ok p=0.943359
Q62:	|..1.+... ........ ........ ........| ok p=1
Q63:	|..+--... ........ ........ ........| ok p=0.860352
Q64:	|....+... .....-.. ........ ........|
Starting...
20: Q5m5tunnel      = 5
20: Q4m5tunnel      = 1
20: Q14m6Q3m5tunnel = 2
21: Q10m10tunnel    = 3
21: Q9m10tunnel     = 8
22: Q8Q12m15tunnel  = 1
23: Q4m4tunnel      = 14
24: Q9m9tunnel      = 5
25: Q14Q3m14tunnel  = 1
.20: Q5m5tunnel      = 6
20: Q4m5tunnel      = 1
20: Q14m6Q3m5tunnel = 2
21: Q10m10tunnel    = 3
21: Q9m10tunnel     = 7
22: Q8Q12m15tunnel  = 1
23: Q4m4tunnel      = 13
24: Q9m9tunnel      = 6
25: Q14Q3m14tunnel  = 1
.20: Q5m5tunnel      = 5
20: Q4m5tunnel      = 1
20: Q14m6Q3m5tunnel = 2
21: Q10m10tunnel    = 3
21: Q9m10tunnel     = 8
22: Q8Q12m15tunnel  = 1
23: Q4m4tunnel      = 14
24: Q9m9tunnel      = 5
25: Q14Q3m14tunnel  = 1
.20: Q5m5tunnel      = 6
20: Q4m5tunnel      = 1
20: Q14m6Q3m5tunnel = 2
21: Q10m10tunnel    = 3
21: Q9m10tunnel     = 7
22: Q8Q12m15tunnel  = 1
23: Q4m4tunnel      = 13
24: Q9m9tunnel      = 6
25: Q14Q3m14tunnel  = 1
.20: Q5m5tunnel      = 5
20: Q4m5tunnel      = 1
20: Q14m6Q3m5tunnel = 2
21: Q10m10tunnel    = 3
21: Q9m10tunnel     = 8
22: Q8Q12m15tunnel  = 1
23: Q4m4tunnel      = 14
24: Q9m9tunnel      = 5
25: Q14Q3m14tunnel  = 1
.20: Q5m5tunnel      = 5
20: Q4m5tunnel      = 1
20: Q14m6Q3m5tunnel = 2
21: Q10m10tunnel    = 3
21: Q9m10tunnel     = 8
22: Q8Q12m15tunnel  = 1
23: Q4m4tunnel      = 14
24: Q9m9tunnel      = 5
25: Q14Q3m14tunnel  = 1
.20: Q5m5tunnel      = 6
20: Q4m5tunnel      = 1
20: Q14m6Q3m5tunnel = 2
21: Q10m10tunnel    = 3
21: Q9m10tunnel     = 7
22: Q8Q12m15tunnel  = 1
23: Q4m4tunnel      = 13
24: Q9m9tunnel      = 6
25: Q14Q3m14tunnel  = 1
1 0
2 0
4 0
8 0
16 0
32 0
64 0
128 0
256 0
512 0
1024 0
.20: Q5m5tunnel      = 6
20: Q4m5tunnel      = 1
20: Q14m6Q3m5tunnel = 2
21: Q10m10tunnel    = 3
21: Q9m10tunnel     = 7
22: Q8Q12m15tunnel  = 1
23: Q4m4tunnel      = 13
24: Q9m9tunnel      = 6
25: Q14Q3m14tunnel  = 1
.2048 0
20: Q5m5tunnel      = 6
20: Q4m5tunnel      = 1
20: Q14m6Q3m5tunnel = 2
21: Q10m10tunnel    = 3
21: Q9m10tunnel     = 7
22: Q8Q12m15tunnel  = 1
23: Q4m4tunnel      = 13
24: Q9m9tunnel      = 6
25: Q14Q3m14tunnel  = 1
20: Q5m5tunnel      = 6
20: Q4m5tunnel      = 1
20: Q14m6Q3m5tunnel = 2
21: Q10m10tunnel    = 3
21: Q9m10tunnel     = 7
22: Q8Q12m15tunnel  = 1
23: Q4m4tunnel      = 13
24: Q9m9tunnel      = 6
25: Q14Q3m14tunnel  = 1
..20: Q5m5tunnel      = 5
20: Q4m5tunnel      = 1
20: Q14m6Q3m5tunnel = 2
21: Q10m10tunnel    = 3
21: Q9m10tunnel     = 8
22: Q8Q12m15tunnel  = 1
23: Q4m4tunnel      = 14
24: Q9m9tunnel      = 5
25: Q14Q3m14tunnel  = 1
.20: Q5m5tunnel      = 6
20: Q4m5tunnel      = 1
20: Q14m6Q3m5tunnel = 2
21: Q10m10tunnel    = 3
21: Q9m10tunnel     = 7
22: Q8Q12m15tunnel  = 1
23: Q4m4tunnel      = 13
24: Q9m9tunnel      = 6
25: Q14Q3m14tunnel  = 1
4096 0
.8192 0
16384 0
32768 0
65536 0
131072 0
148766 1
262144 1
352396 2
524288 3
567787 4
1008423 8
1048576 8
Block 1: workdir5/coll1_4245443603
a9 7a 20 c8 69 02 a0 2f a1 d2 aa f6 24 92 1d ae 
91 06 06 3d ab ef e2 1e 3d 09 64 77 f1 bb 28 88 
5d 13 b1 e1 1c 9e 4e a3 07 d6 57 cf fd 07 4d 8d 
9d 97 ce 83 80 eb e7 b3 f1 a6 0e ff d2 3d 05 d1 
Block 2: workdir5/coll2_4245443603
a9 7a 20 c8 69 02 a0 2f a1 d2 aa f6 24 92 1d ae 
91 06 06 3d ab ef e2 1e 3d 09 64 77 f1 bb 28 88 
5d 13 b1 e1 1c 9e 4e a3 07 d6 57 cf fd 07 4f 8d 
9d 97 ce 83 80 eb e7 b3 f1 a6 0e ff d2 3d 05 d1 
Found collision!
