Connect MD5 differential paths
Copyright (C) 2009 Marc Stevens
http://homepages.cwi.nl/~stevens/

delta_m[11] = [!-28!]
Loading workdir4/paths16_0of1.bin.gz...done: 500000.
Loading workdir4/paths11_0of1.bin.gz...done: 500000.
t=12: 0%   10   20   30   40   50   60   70   80   90   100%
      |----|----|----|----|----|----|----|----|----|----|
      *Q-3:	|11100100 01001110 10110110 11001110|
Q-2:	|01110010 00011101 -1110101 1+011+11|
Q-1:	|01111110 0101010- +000000+ --00+-11|
Q0:	|001-1--+ -1011-++ +00110+- 1-----11| ok p=0.868164
Q1:	|...-.--0 0...1001 .-0.++0+ -.000.+.| ok p=0.927734
Q2:	|..1..-.- -...-000 0+1.++10 +10000+.| ok p=1
Q3:	|..01.010 -...+.01 .1+...+0 +....0..| ok p=1
Q4:	|!.-..11+ ..!.0.+. .--.0001 +....-1.| ok p=1
Q5:	|!.+..-0+ 0...0.-. .1+...0+ +!.^.0..| ok p=1
Q6:	|..+..1-1 ......-. ^+0...1+ ...-.1..| ok p=1
Q7:	|!.+..+10 ......-. +-0...-. 1..1....| ok p=1
Q8:	|!0...10- ...^..-. 0+....-0 ..^1....| ok p=1
Q9:	|.11..-.+ ...+..0. -0...1-. .!+..0..| ok p=1
Q10:	|1-001+1+ .^0100-. +1.100.0 101.1010| ok p=1
Q11:	|0+100-0+ 1+1001-1 1+^11000 10+10-01| ok p=1
Q12:	|--+--0-- 11++-+-0 +0----1- +-+0-+-+| ok p=1
Q13:	|+00-+-++ --0---0+ +-0+++-- -+.-110+| ok p=1
Q14:	|010-1111 +010.111 .0+1-100 01001011| ok p=1
Q15:	|1+.++011 +00101+0 0-100011 -0.1+..-| ok p=0.577148
Q16:	|.+.0.... -.-...0. ..0.-.1+ ..0.+..-| ok p=0.525391
Q17:	|.0.0^... 1.0...-. .^.0..1. ^.1.0..1| ok p=0.727539
Q18:	|.-.1.... 1.+...-. ...0^.-^ ..-.1..+| ok p=0.631836
Q19:	|.-.-.... -....0+. ...+.... .......+| ok p=0.472656
Q20:	|0+...0.. ..^..1+. .0...0^. ..^....0| ok p=1
Q21:	|1+.^.1.. ^....+0. .1.^.1.. ..0....1| ok p=0.550781
Q22:	|+1...-.. ......0. .-...+.. ..1.....| ok p=0.470703
Q23:	|.0...... 0....^.. ........ ..-.0...| ok p=1
Q24:	|^....^.. 1...0... .^...^.0 ....1...| ok p=0.717773
Q25:	|........ +...1... ........ ..^.+...| ok p=0.477539
Q26:	|...0.... ....+... ......0- ........| ok p=1
Q27:	|...1.... ^....... ......1- ....^...| ok p=0.947266
Q28:	|...-.... ....^... ......-+ ........| ok p=0.947266
Q29:	|...0.... ........ .......0 ........| ok p=0.941406
Q30:	|...+.... ........ ......^1 ........| ok p=1
Q31:	|...+.... ........ ........ ........| ok p=0.943359
Q32:	|........ ........ ........ ........| ok p=1
Q33:	|...!.... ........ ........ ........| ok p=1
Q34:	|........ ........ ........ ........| ok p=1
Q35:	|........ ........ ........ ........| ok p=1
Q36:	|........ ........ ........ ........| ok p=1
Q37:	|........ ........ ........ ........| ok p=1
Q38:	|........ ........ ........ ........| ok p=1
Q39:	|........ ........ ........ ........| ok p=1
Q40:	|........ ........ ........ ........| ok p=1
Q41:	|........ ........ ........ ........| ok p=1
Q42:	|........ ........ ........ ........| ok p=1
Q43:	|........ ........ ........ ........| ok p=1
Q44:	|........ ........ ........ ........| ok p=1
Q45:	|........ ........ ........ ........| ok p=1
Q46:	|........ ........ ........ ........| ok p=1
Q47:	|........ ........ ........ ........| ok p=1
Q48:	|........ ........ ........ ........| ok p=1
Q49:	|........ ........ ........ ........| ok p=1
Q50:	|........ ........ ........ ........| ok p=1
Q51:	|........ ........ ........ ........| ok p=1
Q52:	|........ ........ ........ ........| ok p=1
Q53:	|........ ........ ........ ........| ok p=1
Q54:	|........ ........ ........ ........| ok p=1
Q55:	|........ ........ ........ ........| ok p=1
Q56:	|........ ........ ........ ........| ok p=1
Q57:	|........ ........ ........ ........| ok p=1
Q58:	|........ ........ ........ ........| ok p=1
Q59:	|........ ........ ........ ........| ok p=1
Q60:	|........ ........ ........ .0......| ok p=1
Q61:	|........ ........ ........ 10......| ok p=0.874023
Q62:	|........ ........ ........ 1-......| ok p=1
Q63:	|........ ........ ........ -+......| ok p=0.900391
Q64:	|..+.-... ........ ........ .-......|
Best path: totcompl=-32 tottunnel=31, totcond=569, p=0.00339896
Q-3:	|11100100 01001110 10110110 11001110|
Q-2:	|01110010 00011101 -1110101 1+011+11|
Q-1:	|01111110 0101010- +000000+ --00+-11|
Q0:	|001-1--+ -1011-++ +00110+- 1-----11| ok p=0.875
Q1:	|...-.--0 0...1001 .-0.++0+ -.000.+.| ok p=0.930664
Q2:	|..1..-.- -...-000 0+1.++10 +10000+.| ok p=1
Q3:	|..01.010 -...+.0. 11+...+0 +....1..| ok p=1
Q4:	|.!-..1.+ ..!.0.+. .--.110. +..1.-0.| ok p=1
Q5:	|.!+..-^+ 0.^.-.0. .1+...01 +!.0.1..| ok p=1
Q6:	|!.+..-+1 ..-.+.1. .10....0 0..-.0..| ok p=1
Q7:	|!0+..+10 ..000... ..0....+ 1.00....| ok p=1
Q8:	|11...+0- ..111... .......0 -.1-....| ok p=1
Q9:	|101....- ..1+.... .1..0..0 -!+-....| ok p=1
Q10:	|+11..1.- 01+001.. .0.111.+ +.+001..| ok p=1
Q11:	|+00.01.1 0100101! ^+11+0.0 -0+110^.| ok p=1
Q12:	|1++01+^0 -+++++1^ ++0+1-^- +11++--^| ok p=1
Q13:	|+-+1++++ --0----+ 00+++--0 -+-1001+| ok p=1
Q14:	|111-0.10 +01011+1 101+0+01 00111110| ok p=1
Q15:	|1+0++010 +10011+0 .-0.0011 -11.+..-| ok p=0.30957
Q16:	|.+.0.... -.-...1. ...^.-1- ..0.+..-| ok p=0.537109
Q17:	|.0.0^... 1.0...-. .^.0..0. ^.1.0..1| ok p=0.697266
Q18:	|.-.1.... 1.+...-. ...0.^-^ ..-.1..+| ok p=0.614258
Q19:	|.-.-.... -....0+. ...+.... .......+| ok p=0.493164
Q20:	|0+...0.. ..^..1+. .0...0^. ..^....0| ok p=1
Q21:	|1+.^.1.. ^....+0. .1.^.1.. ..0....1| ok p=0.568359
Q22:	|+1...-.. ......0. .-...+.. ..1.....| ok p=0.480469
Q23:	|.0...... 0....^.. ........ ..-.0...| ok p=1
Q24:	|^....^.. 1...0... .^...^.0 ....1...| ok p=0.72168
Q25:	|........ +...1... ........ ..^.+...| ok p=0.483398
Q26:	|...0.... ....+... ......0- ........| ok p=1
Q27:	|...1.... ^....... ......1- ....^...| ok p=0.938477
Q28:	|...-.... ....^... ......-+ ........| ok p=0.951172
Q29:	|...0.... ........ .......0 ........| ok p=0.929688
Q30:	|...+.... ........ ......^1 ........| ok p=1
Q31:	|...+.... ........ ........ ........| ok p=0.933594
Q32:	|........ ........ ........ ........| ok p=1
Q33:	|...!.... ........ ........ ........| ok p=1
Q34:	|........ ........ ........ ........| ok p=1
Q35:	|........ ........ ........ ........| ok p=1
Q36:	|........ ........ ........ ........| ok p=1
Q37:	|........ ........ ........ ........| ok p=1
Q38:	|........ ........ ........ ........| ok p=1
Q39:	|........ ........ ........ ........| ok p=1
Q40:	|........ ........ ........ ........| ok p=1
Q41:	|........ ........ ........ ........| ok p=1
Q42:	|........ ........ ........ ........| ok p=1
Q43:	|........ ........ ........ ........| ok p=1
Q44:	|........ ........ ........ ........| ok p=1
Q45:	|........ ........ ........ ........| ok p=1
Q46:	|........ ........ ........ ........| ok p=1
Q47:	|........ ........ ........ ........| ok p=1
Q48:	|........ ........ ........ ........| ok p=1
Q49:	|........ ........ ........ ........| ok p=1
Q50:	|........ ........ ........ ........| ok p=1
Q51:	|........ ........ ........ ........| ok p=1
Q52:	|........ ........ ........ ........| ok p=1
Q53:	|........ ........ ........ ........| ok p=1
Q54:	|........ ........ ........ ........| ok p=1
Q55:	|........ ........ ........ ........| ok p=1
Q56:	|........ ........ ........ ........| ok p=1
Q57:	|........ ........ ........ ........| ok p=1
Q58:	|........ ........ ........ ........| ok p=1
Q59:	|........ ........ ........ ........| ok p=1
Q60:	|........ ........ ........ .0......| ok p=1
Q61:	|........ ........ ........ 10......| ok p=0.875977
Q62:	|........ ........ ........ 1-......| ok p=1
Q63:	|........ ........ ........ -+......| ok p=0.894531
Q64:	|..+.-... ........ ........ .-......|
Best path: totcompl=-28 tottunnel=35, totcond=563, p=0.00150467
Q-3:	|11100100 01001110 10110110 11001110|
Q-2:	|01110010 00011101 -1110101 1+011+11|
Q-1:	|01111110 0101010- +000000+ --00+-11|
Q0:	|001-1--+ -1011-++ +00110+- 1-----11| ok p=0.885742
Q1:	|...-.--0 0...1001 .-0.++0+ -.000.+.| ok p=0.938477
Q2:	|..1..-.- -...-000 0+1.++10 +10000+.| ok p=1
Q3:	|..01.010 -...+.01 .1+...+0 +....1..| ok p=1
Q4:	|!.-..1.+ ...!0.+. .--.110. +..1.-0.| ok p=1
Q5:	|.!+..-^+ 0.^.-.0. .1+...01 +.!0.1..| ok p=1
Q6:	|.!+..-+1 ..-.+.1. .10....0 0..-.0..| ok p=1
Q7:	|.!+..+10 ..000... ..0....+ 1.00....| ok p=1
Q8:	|1!0..+0- ..111... .......0 -.1-....| ok p=1
Q9:	|101....- ..1+.... .1..0..0 -!+-....| ok p=1
Q10:	|+11..1.- 01+001.. .0.111.+ +.+001..| ok p=1
Q11:	|+00.01.1 010010.! ^+11+0.0 -0+110^.| ok p=1
Q12:	|1++01+^0 -+++++0^ ++0+1-^- +11++--^| ok p=1
Q13:	|+-+1++++ --0---0- 00+++--0 -+-1001+| ok p=1
Q14:	|111-0.10 +01011+1 101+0+01 00111110| ok p=1
Q15:	|1+0++010 +10011+0 .-0.0011 -11.+..-| ok p=0.324219
Q16:	|.+.0.... -.-...1. ...^.-1- ..0.+..-| ok p=0.513672
Q17:	|.0.0^... 1.0...-. .^.0..0. ^.1.0..1| ok p=0.694336
Q18:	|.-.1.... 1.+...-. ...0.^-^ ..-.1..+| ok p=0.609375
Q19:	|.-.-.... -....0+. ...+.... .......+| ok p=0.496094
Q20:	|0+...0.. ..^..1+. .0...0^. ..^....0| ok p=1
Q21:	|1+.^.1.. ^....+0. .1.^.1.. ..0....1| ok p=0.557617
Q22:	|+1...-.. ......0. .-...+.. ..1.....| ok p=0.458984
Q23:	|.0...... 0....^.. ........ ..-.0...| ok p=1
Q24:	|^....^.. 1...0... .^...^.0 ....1...| ok p=0.697266
Q25:	|........ +...1... ........ ..^.+...| ok p=0.461914
Q26:	|...0.... ....+... ......0- ........| ok p=1
Q27:	|...1.... ^....... ......1- ....^...| ok p=0.935547
Q28:	|...-.... ....^... ......-+ ........| ok p=0.939453
Q29:	|...0.... ........ .......0 ........| ok p=0.936523
Q30:	|...+.... ........ ......^1 ........| ok p=1
Q31:	|...+.... ........ ........ ........| ok p=0.946289
Q32:	|........ ........ ........ ........| ok p=1
Q33:	|...!.... ........ ........ ........| ok p=1
Q34:	|........ ........ ........ ........| ok p=1
Q35:	|........ ........ ........ ........| ok p=1
Q36:	|........ ........ ........ ........| ok p=1
Q37:	|........ ........ ........ ........| ok p=1
Q38:	|........ ........ ........ ........| ok p=1
Q39:	|........ ........ ........ ........| ok p=1
Q40:	|........ ........ ........ ........| ok p=1
Q41:	|........ ........ ........ ........| ok p=1
Q42:	|........ ........ ........ ........| ok p=1
Q43:	|........ ........ ........ ........| ok p=1
Q44:	|........ ........ ........ ........| ok p=1
Q45:	|........ ........ ........ ........| ok p=1
Q46:	|........ ........ ........ ........| ok p=1
Q47:	|........ ........ ........ ........| ok p=1
Q48:	|........ ........ ........ ........| ok p=1
Q49:	|........ ........ ........ ........| ok p=1
Q50:	|........ ........ ........ ........| ok p=1
Q51:	|........ ........ ........ ........| ok p=1
Q52:	|........ ........ ........ ........| ok p=1
Q53:	|........ ........ ........ ........| ok p=1
Q54:	|........ ........ ........ ........| ok p=1
Q55:	|........ ........ ........ ........| ok p=1
Q56:	|........ ........ ........ ........| ok p=1
Q57:	|........ ........ ........ ........| ok p=1
Q58:	|........ ........ ........ ........| ok p=1
Q59:	|........ ........ ........ ........| ok p=1
Q60:	|........ ........ ........ .0......| ok p=1
Q61:	|........ ........ ........ 10......| ok p=0.879883
Q62:	|........ ........ ........ 1-......| ok p=1
Q63:	|........ ........ ........ -+......| ok p=0.901367
Q64:	|..+.-... ........ ........ .-......|
Best path: totcompl=-28 tottunnel=35, totcond=562, p=0.00195685
Q-3:	|11100100 01001110 10110110 11001110|
Q-2:	|01110010 00011101 -1110101 1+011+11|
Q-1:	|01111110 0101010- +000000+ --00+-11|
Q0:	|001-1--+ -1011-++ +00110+- 1-----11| ok p=0.873047
Q1:	|...-.--0 0...1001 .-0.++0+ -.000.+.| ok p=0.928711
Q2:	|..1..-.- -...-000 0+1.++10 +10000+.| ok p=1
Q3:	|..01.010 -...+.01 .1+...+0 +....1..| ok p=1
Q4:	|!.-..1.+ ...!0.+. .--.110. +1.1.-0.| ok p=1
Q5:	|0!+..-^+ 0.^.-.0. .1+...01 +..0.1..| ok p=1
Q6:	|1.+..-+1 ..-.+.1. .10....0 0..-.0..| ok p=1
Q7:	|0.+..+10 ..000... ..0....+ 1.00....| ok p=1
Q8:	|1....+0- ..111... .......0 -.1-....| ok p=1
Q9:	|101!...- ..1+.... .1..0..0 -!+-....| ok p=1
Q10:	|+11..1.- 01+001.. .0.111.+ +.+0011.| ok p=1
Q11:	|+00.01.1 010010.! ^+11+0.0 -.+1101.| ok p=1
Q12:	|1++01+^0 -+++++.^ ++0+1-^- +^0++--^| ok p=1
Q13:	|+-+1++++ --0---1- 00+++--0 -+-100+-| ok p=1
Q14:	|111-0.10 +0101101 101+0+01 00111111| ok p=1
Q15:	|1+0++010 +10100+0 .-0.0011 -11.+.0-| ok p=0.46582
Q16:	|.+.0.... -.-...0. ...^.-1- ..0.+..-| ok p=0.520508
Q17:	|.0.0^... 1.0...-. .^.0..0. ^.1.0..1| ok p=0.724609
Q18:	|.-.1.... 1.+...-. ...0.^-^ ..-.1..+| ok p=0.619141
Q19:	|.-.-.... -....0+. ...+.... .......+| ok p=0.477539
Q20:	|0+...0.. ..^..1+. .0...0^. ..^....0| ok p=1
Q21:	|1+.^.1.. ^....+0. .1.^.1.. ..0....1| ok p=0.560547
Q22:	|+1...-.. ......0. .-...+.. ..1.....| ok p=0.463867
Q23:	|.0...... 0....^.. ........ ..-.0...| ok p=1
Q24:	|^....^.. 1...0... .^...^.0 ....1...| ok p=0.699219
Q25:	|........ +...1... ........ ..^.+...| ok p=0.486328
Q26:	|...0.... ....+... ......0- ........| ok p=1
Q27:	|...1.... ^....... ......1- ....^...| ok p=0.939453
Q28:	|...-.... ....^... ......-+ ........| ok p=0.933594
Q29:	|...0.... ........ .......0 ........| ok p=0.925781
Q30:	|...+.... ........ ......^1 ........| ok p=1
Q31:	|...+.... ........ ........ ........| ok p=0.936523
Q32:	|........ ........ ........ ........| ok p=1
Q33:	|...!.... ........ ........ ........| ok p=1
Q34:	|........ ........ ........ ........| ok p=1
Q35:	|........ ........ ........ ........| ok p=1
Q36:	|........ ........ ........ ........| ok p=1
Q37:	|........ ........ ........ ........| ok p=1
Q38:	|........ ........ ........ ........| ok p=1
Q39:	|........ ........ ........ ........| ok p=1
Q40:	|........ ........ ........ ........| ok p=1
Q41:	|........ ........ ........ ........| ok p=1
Q42:	|........ ........ ........ ........| ok p=1
Q43:	|........ ........ ........ ........| ok p=1
Q44:	|........ ........ ........ ........| ok p=1
Q45:	|........ ........ ........ ........| ok p=1
Q46:	|........ ........ ........ ........| ok p=1
Q47:	|........ ........ ........ ........| ok p=1
Q48:	|........ ........ ........ ........| ok p=1
Q49:	|........ ........ ........ ........| ok p=1
Q50:	|........ ........ ........ ........| ok p=1
Q51:	|........ ........ ........ ........| ok p=1
Q52:	|........ ........ ........ ........| ok p=1
Q53:	|........ ........ ........ ........| ok p=1
Q54:	|........ ........ ........ ........| ok p=1
Q55:	|........ ........ ........ ........| ok p=1
Q56:	|........ ........ ........ ........| ok p=1
Q57:	|........ ........ ........ ........| ok p=1
Q58:	|........ ........ ........ ........| ok p=1
Q59:	|........ ........ ........ ........| ok p=1
Q60:	|........ ........ ........ .0......| ok p=1
Q61:	|........ ........ ........ 10......| ok p=0.873047
Q62:	|........ ........ ........ 1-......| ok p=1
Q63:	|........ ........ ........ -+......| ok p=0.911133
Q64:	|..+.-... ........ ........ .-......|
Best path: totcompl=-27 tottunnel=36, totcond=562, p=0.00255488
Q-3:	|11100100 01001110 10110110 11001110|
Q-2:	|01110010 00011101 -1110101 1+011+11|
Q-1:	|01111110 0101010- +000000+ --00+-11|
Q0:	|001-1--+ -1011-++ +00110+- 1-----11| ok p=0.891602
Q1:	|...-.--0 0...1001 .-0.++0+ -.000.+.| ok p=0.917969
Q2:	|..1..-.- -...-000 0+1.++10 +10000+.| ok p=1
Q3:	|0.01.010 -...+.01 .1+...+0 +....1..| ok p=1
Q4:	|1.-..1.+ ..!.0.+. .--.110. +..1.-0.| ok p=1
Q5:	|0.+..-^+ 0.^.-.0. .1+...01 +.!0.1..| ok p=1
Q6:	|1.+..-+1 ..-.+.1. .10....0 0..-.0..| ok p=1
Q7:	|0.+..+10 ..000... ..0....+ 1.00....| ok p=1
Q8:	|11...+0- ..111... .......0 -.1-....| ok p=1
Q9:	|101....- ..1+.... .1..0..0 -!+-....| ok p=1
Q10:	|+11..1.- .0+001.. .0.111.+ +.+0011.| ok p=1
Q11:	|+00.01.1 000010.! ^+11+0.0 -.+1101.| ok p=1
Q12:	|1++01+^0 0-++++.^ ++0+1-^- +^0++--^| ok p=1
Q13:	|+-+1++++ --0---1- 00+++--0 -+-100+-| ok p=1
Q14:	|111-0.10 +.101101 101+0+01 00111111| ok p=1
Q15:	|1+0++010 +10100+0 .-0.0011 -11.+.0-| ok p=0.485352
Q16:	|.+.0.... -.-...0. ...^.-1- ..0.+..-| ok p=0.525391
Q17:	|.0.0^... 1.0...-. .^.0..0. ^.1.0..1| ok p=0.698242
Q18:	|.-.1.... 1.+...-. ...0.^-^ ..-.1..+| ok p=0.634766
Q19:	|.-.-.... -....0+. ...+.... .......+| ok p=0.523438
Q20:	|0+...0.. ..^..1+. .0...0^. ..^....0| ok p=1
Q21:	|1+.^.1.. ^....+0. .1.^.1.. ..0....1| ok p=0.555664
Q22:	|+1...-.. ......0. .-...+.. ..1.....| ok p=0.479492
Q23:	|.0...... 0....^.. ........ ..-.0...| ok p=1
Q24:	|^....^.. 1...0... .^...^.0 ....1...| ok p=0.709961
Q25:	|........ +...1... ........ ..^.+...| ok p=0.482422
Q26:	|...0.... ....+... ......0- ........| ok p=1
Q27:	|...1.... ^....... ......1- ....^...| ok p=0.930664
Q28:	|...-.... ....^... ......-+ ........| ok p=0.941406
Q29:	|...0.... ........ .......0 ........| ok p=0.921875
Q30:	|...+.... ........ ......^1 ........| ok p=1
Q31:	|...+.... ........ ........ ........| ok p=0.939453
Q32:	|........ ........ ........ ........| ok p=1
Q33:	|...!.... ........ ........ ........| ok p=1
Q34:	|........ ........ ........ ........| ok p=1
Q35:	|........ ........ ........ ........| ok p=1
Q36:	|........ ........ ........ ........| ok p=1
Q37:	|........ ........ ........ ........| ok p=1
Q38:	|........ ........ ........ ........| ok p=1
Q39:	|........ ........ ........ ........| ok p=1
Q40:	|........ ........ ........ ........| ok p=1
Q41:	|........ ........ ........ ........| ok p=1
Q42:	|........ ........ ........ ........| ok p=1
Q43:	|........ ........ ........ ........| ok p=1
Q44:	|........ ........ ........ ........| ok p=1
Q45:	|........ ........ ........ ........| ok p=1
Q46:	|........ ........ ........ ........| ok p=1
Q47:	|........ ........ ........ ........| ok p=1
Q48:	|........ ........ ........ ........| ok p=1
Q49:	|........ ........ ........ ........| ok p=1
Q50:	|........ ........ ........ ........| ok p=1
Q51:	|........ ........ ........ ........| ok p=1
Q52:	|........ ........ ........ ........| ok p=1
Q53:	|........ ........ ........ ........| ok p=1
Q54:	|........ ........ ........ ........| ok p=1
Q55:	|........ ........ ........ ........| ok p=1
Q56:	|........ ........ ........ ........| ok p=1
Q57:	|........ ........ ........ ........| ok p=1
Q58:	|........ ........ ........ ........| ok p=1
Q59:	|........ ........ ........ ........| ok p=1
Q60:	|........ ........ ........ .0......| ok p=1
Q61:	|........ ........ ........ 10......| ok p=0.878906
Q62:	|........ ........ ........ 1-......| ok p=1
Q63:	|........ ........ ........ -+......| ok p=0.902344
Q64:	|..+.-... ........ ........ .-......|
Best path: totcompl=-26 tottunnel=37, totcond=560, p=0.00257018
Best paths: 2
Best paths: 4
Q-3:	|11100100 01001110 10110110 11001110|
Q-2:	|01110010 00011101 -1110101 1+011+11|
Q-1:	|01111110 0101010- +000000+ --00+-11|
Q0:	|001-1--+ -1011-++ +00110+- 1-----11| ok p=0.862305
Q1:	|...-.--0 0...1001 .-0.++0+ -.000.+.| ok p=0.929688
Q2:	|..1..-.- -...-000 0+1.++10 +10000+.| ok p=1
Q3:	|..01.010 -...+.0. 11+...+0 +....1..| ok p=1
Q4:	|!.-..1.+ ..!.0.+. .--.110. +1.1.-0.| ok p=1
Q5:	|.!+..-^+ 0.^.-.0. .1+...01 +..0.1..| ok p=1
Q6:	|0!+..-+1 ..-.+.1. .10....0 0..-.0..| ok p=1
Q7:	|1.+..+10 ..000... ..0....+ 1.00....| ok p=1
Q8:	|0....+0- ..111... .......0 -.1-....| ok p=1
Q9:	|001!...- ..1+.... .1..0..0 -!+-....| ok p=1
Q10:	|-10..1.- .0+001.. .00111.+ +.+0011.| ok p=1
Q11:	|+11.01.1 000010.. ^+11+0.0 -.+1101.| ok p=1
Q12:	|+-+01+^0 0-++++.^ ++0+1-^- +^0++--^| ok p=1
Q13:	|-0-1++++ --0---1- 00+++--0 -+-100+-| ok p=1
Q14:	|011-0.10 +.101101 101+0+01 00111111| ok p=1
Q15:	|1+0++010 +10100+0 .-0.0011 -11.+.0-| ok p=0.46875
Q16:	|.+.0.... -.-...0. ...^.-1- ..0.+..-| ok p=0.53125
Q17:	|.0.0^... 1.0...-. .^.0..0. ^.1.0..1| ok p=0.711914
Q18:	|.-.1.... 1.+...-. ...0.^-^ ..-.1..+| ok p=0.608398
Q19:	|.-.-.... -....0+. ...+.... .......+| ok p=0.507812
Q20:	|0+...0.. ..^..1+. .0...0^. ..^....0| ok p=1
Q21:	|1+.^.1.. ^....+0. .1.^.1.. ..0....1| ok p=0.577148
Q22:	|+1...-.. ......0. .-...+.. ..1.....| ok p=0.467773
Q23:	|.0...... 0....^.. ........ ..-.0...| ok p=1
Q24:	|^....^.. 1...0... .^...^.0 ....1...| ok p=0.730469
Q25:	|........ +...1... ........ ..^.+...| ok p=0.473633
Q26:	|...0.... ....+... ......0- ........| ok p=1
Q27:	|...1.... ^....... ......1- ....^...| ok p=0.933594
Q28:	|...-.... ....^... ......-+ ........| ok p=0.939453
Q29:	|...0.... ........ .......0 ........| ok p=0.927734
Q30:	|...+.... ........ ......^1 ........| ok p=1
Q31:	|...+.... ........ ........ ........| ok p=0.938477
Q32:	|........ ........ ........ ........| ok p=1
Q33:	|...!.... ........ ........ ........| ok p=1
Q34:	|........ ........ ........ ........| ok p=1
Q35:	|........ ........ ........ ........| ok p=1
Q36:	|........ ........ ........ ........| ok p=1
Q37:	|........ ........ ........ ........| ok p=1
Q38:	|........ ........ ........ ........| ok p=1
Q39:	|........ ........ ........ ........| ok p=1
Q40:	|........ ........ ........ ........| ok p=1
Q41:	|........ ........ ........ ........| ok p=1
Q42:	|........ ........ ........ ........| ok p=1
Q43:	|........ ........ ........ ........| ok p=1
Q44:	|........ ........ ........ ........| ok p=1
Q45:	|........ ........ ........ ........| ok p=1
Q46:	|........ ........ ........ ........| ok p=1
Q47:	|........ ........ ........ ........| ok p=1
Q48:	|........ ........ ........ ........| ok p=1
Q49:	|........ ........ ........ ........| ok p=1
Q50:	|........ ........ ........ ........| ok p=1
Q51:	|........ ........ ........ ........| ok p=1
Q52:	|........ ........ ........ ........| ok p=1
Q53:	|........ ........ ........ ........| ok p=1
Q54:	|........ ........ ........ ........| ok p=1
Q55:	|........ ........ ........ ........| ok p=1
Q56:	|........ ........ ........ ........| ok p=1
Q57:	|........ ........ ........ ........| ok p=1
Q58:	|........ ........ ........ ........| ok p=1
Q59:	|........ ........ ........ ........| ok p=1
Q60:	|........ ........ ........ .0......| ok p=1
Q61:	|........ ........ ........ 10......| ok p=0.869141
Q62:	|........ ........ ........ 1-......| ok p=1
Q63:	|........ ........ ........ -+......| ok p=0.90625
Q64:	|..+.-... ........ ........ .-......|
Best path: totcompl=-25 tottunnel=38, totcond=560, p=0.00202364
Q-3:	|11100100 01001110 10110110 11001110|
Q-2:	|01110010 00011101 -1110101 1+011+11|
Q-1:	|01111110 0101010- +000000+ --00+-11|
Q0:	|001-1--+ -1011-++ +00110+- 1-----11| ok p=0.879883
Q1:	|...-.--0 0...1001 .-0.++0+ -.000.+.| ok p=0.922852
Q2:	|..1..-.- -...-000 0+1.++10 +10000+.| ok p=1
Q3:	|..01.010 -...+.0. 11+...+0 +....1..| ok p=1
Q4:	|!.-..1.+ ..!.0.+. .--.110. +1.1.-0.| ok p=1
Q5:	|!.+..-^+ 0.^.-.0. .1+...01 +..0.1..| ok p=1
Q6:	|!.+..-+1 ..-.+.1. .10....0 0..-.0..| ok p=1
Q7:	|1!+..+10 ..000... ..0....+ 1.00....| ok p=1
Q8:	|0.0..+0- ..111... .......0 -.1-....| ok p=1
Q9:	|0.1....- ..1+.... .0..0..0 -!+-....| ok p=1
Q10:	|+00..1.- ..+001.. .11111.+ +.+0011.| ok p=1
Q11:	|+11001.1 000010.. ^+11+0.0 -.+1101.| ok p=1
Q12:	|1++01+^0 01+-++.^ ++0+1-^- +^+++--^| ok p=1
Q13:	|+0-1++++ ---+--1- 00+++--0 -+-100+-| ok p=1
Q14:	|111-0.10 +0101101 101+0+01 00111111| ok p=1
Q15:	|1+0++010 +10100+0 .-0.0011 -10.+.0-| ok p=0.493164
Q16:	|.+.0.... -.-...0. ...^.-1- ..0.+..-| ok p=0.523438
Q17:	|.0.0^... 1.0...-. .^.0..0. ^.1.0..1| ok p=0.711914
Q18:	|.-.1.... 1.+...-. ...0.^-^ ..-.1..+| ok p=0.609375
Q19:	|.-.-.... -....0+. ...+.... .......+| ok p=0.505859
Q20:	|0+...0.. ..^..1+. .0...0^. ..^....0| ok p=1
Q21:	|1+.^.1.. ^....+0. .1.^.1.. ..0....1| ok p=0.541992
Q22:	|+1...-.. ......0. .-...+.. ..1.....| ok p=0.43457
Q23:	|.0...... 0....^.. ........ ..-.0...| ok p=1
Q24:	|^....^.. 1...0... .^...^.0 ....1...| ok p=0.717773
Q25:	|........ +...1... ........ ..^.+...| ok p=0.50293
Q26:	|...0.... ....+... ......0- ........| ok p=1
Q27:	|...1.... ^....... ......1- ....^...| ok p=0.921875
Q28:	|...-.... ....^... ......-+ ........| ok p=0.935547
Q29:	|...0.... ........ .......0 ........| ok p=0.947266
Q30:	|...+.... ........ ......^1 ........| ok p=1
Q31:	|...+.... ........ ........ ........| ok p=0.935547
Q32:	|........ ........ ........ ........| ok p=1
Q33:	|...!.... ........ ........ ........| ok p=1
Q34:	|........ ........ ........ ........| ok p=1
Q35:	|........ ........ ........ ........| ok p=1
Q36:	|........ ........ ........ ........| ok p=1
Q37:	|........ ........ ........ ........| ok p=1
Q38:	|........ ........ ........ ........| ok p=1
Q39:	|........ ........ ........ ........| ok p=1
Q40:	|........ ........ ........ ........| ok p=1
Q41:	|........ ........ ........ ........| ok p=1
Q42:	|........ ........ ........ ........| ok p=1
Q43:	|........ ........ ........ ........| ok p=1
Q44:	|........ ........ ........ ........| ok p=1
Q45:	|........ ........ ........ ........| ok p=1
Q46:	|........ ........ ........ ........| ok p=1
Q47:	|........ ........ ........ ........| ok p=1
Q48:	|........ ........ ........ ........| ok p=1
Q49:	|........ ........ ........ ........| ok p=1
Q50:	|........ ........ ........ ........| ok p=1
Q51:	|........ ........ ........ ........| ok p=1
Q52:	|........ ........ ........ ........| ok p=1
Q53:	|........ ........ ........ ........| ok p=1
Q54:	|........ ........ ........ ........| ok p=1
Q55:	|........ ........ ........ ........| ok p=1
Q56:	|........ ........ ........ ........| ok p=1
Q57:	|........ ........ ........ ........| ok p=1
Q58:	|........ ........ ........ ........| ok p=1
Q59:	|........ ........ ........ ........| ok p=1
Q60:	|........ ........ ........ .0......| ok p=1
Q61:	|........ ........ ........ 10......| ok p=0.87793
Q62:	|........ ........ ........ 1-......| ok p=1
Q63:	|........ ........ ........ -+......| ok p=0.917969
Q64:	|..+.-... ........ ........ .-......|
Best path: totcompl=-24 tottunnel=39, totcond=560, p=0.0023611
Best paths: 2
Q-3:	|11100100 01001110 10110110 11001110|
Q-2:	|01110010 00011101 -1110101 1+011+11|
Q-1:	|01111110 0101010- +000000+ --00+-11|
Q0:	|001-1--+ -1011-++ +00110+- 1-----11| ok p=0.867188
Q1:	|...-.--0 0...1001 .-0.++0+ -.000.+.| ok p=0.924805
Q2:	|..1..-.- -...-000 0+1.++10 +10000+.| ok p=1
Q3:	|..01.010 -...+.01 .1+...+0 +....1..| ok p=1
Q4:	|.!-..1.+ ...!0.+. .--.110. +..1.-0.| ok p=1
Q5:	|!.+..-^+ 0.^.-.0. .1+...01 +..0.1..| ok p=1
Q6:	|!.+..-+1 ..-.+.1. .10....0 0..-.0..| ok p=1
Q7:	|0!+..+10 ..000... ..0....+ 1.00....| ok p=1
Q8:	|1....+0- ..111... .......0 -.1-....| ok p=1
Q9:	|111!...- ..1+.... .0..0..0 -!+-....| ok p=1
Q10:	|-.0..1.- ..+001.. .11111.+ +.+0011.| ok p=1
Q11:	|+01.0110 110010.. ^+11+0.0 -.+1101.| ok p=1
Q12:	|-1-01+00 00+-++.^ ++0+1-^- +^+++--^| ok p=1
Q13:	|+-+1++++ ---+--1- 00+++--0 -+-100+-| ok p=1
Q14:	|111-0.10 +0101101 101+0+01 00111111| ok p=1
Q15:	|1+0++010 +10100+0 .-0.0011 -10.+.0-| ok p=0.513672
Q16:	|.+.0.... -.-...0. ...^.-1- ..0.+..-| ok p=0.506836
Q17:	|.0.0^... 1.0...-. .^.0..0. ^.1.0..1| ok p=0.72168
Q18:	|.-.1.... 1.+...-. ...0.^-^ ..-.1..+| ok p=0.62207
Q19:	|.-.-.... -....0+. ...+.... .......+| ok p=0.5
Q20:	|0+...0.. ..^..1+. .0...0^. ..^....0| ok p=1
Q21:	|1+.^.1.. ^....+0. .1.^.1.. ..0....1| ok p=0.574219
Q22:	|+1...-.. ......0. .-...+.. ..1.....| ok p=0.470703
Q23:	|.0...... 0....^.. ........ ..-.0...| ok p=1
Q24:	|^....^.. 1...0... .^...^.0 ....1...| ok p=0.711914
Q25:	|........ +...1... ........ ..^.+...| ok p=0.485352
Q26:	|...0.... ....+... ......0- ........| ok p=1
Q27:	|...1.... ^....... ......1- ....^...| ok p=0.9375
Q28:	|...-.... ....^... ......-+ ........| ok p=0.933594
Q29:	|...0.... ........ .......0 ........| ok p=0.928711
Q30:	|...+.... ........ ......^1 ........| ok p=1
Q31:	|...+.... ........ ........ ........| ok p=0.925781
Q32:	|........ ........ ........ ........| ok p=1
Q33:	|...!.... ........ ........ ........| ok p=1
Q34:	|........ ........ ........ ........| ok p=1
Q35:	|........ ........ ........ ........| ok p=1
Q36:	|........ ........ ........ ........| ok p=1
Q37:	|........ ........ ........ ........| ok p=1
Q38:	|........ ........ ........ ........| ok p=1
Q39:	|........ ........ ........ ........| ok p=1
Q40:	|........ ........ ........ ........| ok p=1
Q41:	|........ ........ ........ ........| ok p=1
Q42:	|........ ........ ........ ........| ok p=1
Q43:	|........ ........ ........ ........| ok p=1
Q44:	|........ ........ ........ ........| ok p=1
Q45:	|........ ........ ........ ........| ok p=1
Q46:	|........ ........ ........ ........| ok p=1
Q47:	|........ ........ ........ ........| ok p=1
Q48:	|........ ........ ........ ........| ok p=1
Q49:	|........ ........ ........ ........| ok p=1
Q50:	|........ ........ ........ ........| ok p=1
Q51:	|........ ........ ........ ........| ok p=1
Q52:	|........ ........ ........ ........| ok p=1
Q53:	|........ ........ ........ ........| ok p=1
Q54:	|........ ........ ........ ........| ok p=1
Q55:	|........ ........ ........ ........| ok p=1
Q56:	|........ ........ ........ ........| ok p=1
Q57:	|........ ........ ........ ........| ok p=1
Q58:	|........ ........ ........ ........| ok p=1
Q59:	|........ ........ ........ ........| ok p=1
Q60:	|........ ........ ........ .0......| ok p=1
Q61:	|........ ........ ........ 10......| ok p=0.875977
Q62:	|........ ........ ........ 1-......| ok p=1
Q63:	|........ ........ ........ -+......| ok p=0.916992
Q64:	|..+.-... ........ ........ .-......|
Best path: totcompl=-24 tottunnel=39, totcond=559, p=0.00275102
Q-3:	|11100100 01001110 10110110 11001110|
Q-2:	|01110010 00011101 -1110101 1+011+11|
Q-1:	|01111110 0101010- +000000+ --00+-11|
Q0:	|001-1--+ -1011-++ +00110+- 1-----11| ok p=0.886719
Q1:	|...-.--0 0...1001 .-0.++0+ -.000.+.| ok p=0.938477
Q2:	|..1..-.- -...-000 0+1.++10 +10000+.| ok p=1
Q3:	|..01.010 -...+.0. 11+...+0 +....0..| ok p=1
Q4:	|!.-..11+ ...!0.+. .--.0001 +...1-1.| ok p=1
Q5:	|!.+..-0+ 1...0.-. .1+...0+ +!..11..| ok p=1
Q6:	|..+..1-1 ......-. .10...1+ ....-1..| ok p=1
Q7:	|.0+..+00 ......-. ^00...-. 1..0+...| ok p=1
Q8:	|.10..11+ ..!^..-. +1....-0 ...0-...| ok p=1
Q9:	|.11..1.- ...+.... 1-..0.-. ..!++...| ok p=1
Q10:	|.-011+1- ..11..01 --1010.0 ...-+110| ok p=1
Q11:	|1-111-0- 1.0+1.10 -001+101 ^.^+1011| ok p=1
Q12:	|0--++0++ 0^+-0^-- 1---1-0- +.+00+--| ok p=1
Q13:	|-+1-++1- --01--+1 ----0+-- 1.1-+---| ok p=1
Q14:	|110-1101 +110001- 1.0+.000 1.11+1.0| ok p=1
Q15:	|00.++0-0 +11.01+0 01-0.011 -..1+00-| ok p=0.532227
Q16:	|...0..0. -.-...00 ..-0..1+ ..0.+..-| ok p=0.649414
Q17:	|...0^.+. 1.0...-. ..0...1. ^.1.0..1| ok p=0.80957
Q18:	|...1.... 1.+...-. ..1+..-^ ..-.1..+| ok p=0.875977
Q19:	|.0.-..^. -....0+. ...+.... .......+| ok p=1
Q20:	|01...0.. ..^..1+. .0.1.0^. ..^....0| ok p=1
Q21:	|1+.^.1.. ^....+0. .1.0.1.. ..0....1| ok p=0.767578
Q22:	|-....-.. ......0. .-...+.. ..1.....| ok p=0.44043
Q23:	|.^...... 0....^.. ........ ..-.0...| ok p=1
Q24:	|^....^.. 1...0... .^...^.0 ....1...| ok p=0.706055
Q25:	|........ +...1... ........ ..^.+...| ok p=0.496094
Q26:	|...0.... ....+... ......0- ........| ok p=1
Q27:	|...1.... ^....... ......1- ....^...| ok p=0.93457
Q28:	|...-.... ....^... ......-+ ........| ok p=0.928711
Q29:	|...0.... ........ .......0 ........| ok p=0.944336
Q30:	|...+.... ........ ......^1 ........| ok p=1
Q31:	|...+.... ........ ........ ........| ok p=0.922852
Q32:	|........ ........ ........ ........| ok p=1
Q33:	|...!.... ........ ........ ........| ok p=1
Q34:	|........ ........ ........ ........| ok p=1
Q35:	|........ ........ ........ ........| ok p=1
Q36:	|........ ........ ........ ........| ok p=1
Q37:	|........ ........ ........ ........| ok p=1
Q38:	|........ ........ ........ ........| ok p=1
Q39:	|........ ........ ........ ........| ok p=1
Q40:	|........ ........ ........ ........| ok p=1
Q41:	|........ ........ ........ ........| ok p=1
Q42:	|........ ........ ........ ........| ok p=1
Q43:	|........ ........ ........ ........| ok p=1
Q44:	|........ ........ ........ ........| ok p=1
Q45:	|........ ........ ........ ........| ok p=1
Q46:	|........ ........ ........ ........| ok p=1
Q47:	|........ ........ ........ ........| ok p=1
Q48:	|........ ........ ........ ........| ok p=1
Q49:	|........ ........ ........ ........| ok p=1
Q50:	|........ ........ ........ ........| ok p=1
Q51:	|........ ........ ........ ........| ok p=1
Q52:	|........ ........ ........ ........| ok p=1
Q53:	|........ ........ ........ ........| ok p=1
Q54:	|........ ........ ........ ........| ok p=1
Q55:	|........ ........ ........ ........| ok p=1
Q56:	|........ ........ ........ ........| ok p=1
Q57:	|........ ........ ........ ........| ok p=1
Q58:	|........ ........ ........ ........| ok p=1
Q59:	|........ ........ ........ ........| ok p=1
Q60:	|........ ........ ........ .0......| ok p=1
Q61:	|........ ........ ........ 10......| ok p=0.864258
Q62:	|........ ........ ........ 1-......| ok p=1
Q63:	|........ ........ ........ -+......| ok p=0.911133
Q64:	|..+.-... ........ ........ .-......|
Best path: totcompl=-23 tottunnel=39, totcond=559, p=0.0153666
Best paths: 2
Best paths: 4
Q-3:	|11100100 01001110 10110110 11001110|
Q-2:	|01110010 00011101 -1110101 1+011+11|
Q-1:	|01111110 0101010- +000000+ --00+-11|
Q0:	|001-1--+ -1011-++ +00110+- 1-----11| ok p=0.844727
Q1:	|...-.--0 0...1001 .-0.++0+ -.000.+.| ok p=0.935547
Q2:	|..1..-.- -...-000 0+1.++10 +10000+.| ok p=1
Q3:	|..01.010 -..1+.01 .1+...+0 +....1..| ok p=1
Q4:	|.!-..11+ ...00.+. .--.000. +..1.-1.| ok p=1
Q5:	|.!+..-1+ 0..00.-. .+-...0^ -..0.0..| ok p=1
Q6:	|..+..-+0 ...-..-. 0+..!..- 1..-.1..| ok p=1
Q7:	|!.+...+1 ...+.1-. 1+0....1 1..0....| ok p=1
Q8:	|.!...1.+ ...+.0-. -1...0.0 ...-....| ok p=1
Q9:	|.!0...1- ...0.-.. ++..000. .!.+....| ok p=0.998047
Q10:	|.....01- ...-0-00 0-110+1. .^11.010| ok p=1
Q11:	|1.00^1-+ 1.0+0-11 0100+111 ^+1-.101| ok p=1
Q12:	|0^11-+1- 1^00++-- -----0+0 +1+0.+--| ok p=1
Q13:	|--++00-0 -+++--1- ---+0+0+ 1+-11+--| ok p=1
Q14:	|01100010 +1-01000 .0.+1110 101.0..1| ok p=1
Q15:	|1+1++.0. +11001+1 1-0..1.- +11.+010| ok p=0.81543
Q16:	|.+.1.... -.0...0. ...^.-1- ..0.+..-| ok p=0.708008
Q17:	|.0.0^... 1.1...-. .^.0..00 ^.1.0..0| ok p=0.706055
Q18:	|.-.1.... 1.+...-. ...0.^-0 ..-.1..+| ok p=0.664062
Q19:	|.-.-.... -....0+. ...+.... .......+| ok p=0.521484
Q20:	|0+...0.. ..^..1+. .0...0^. ..^....0| ok p=1
Q21:	|1+.^.1.. ^....+0. .1.^.1.. ..0....1| ok p=0.589844
Q22:	|+1...-.. ......0. .-...+.. ..1.....| ok p=0.455078
Q23:	|.0...... 0....^.. ........ ..-.0...| ok p=1
Q24:	|^....^.. 1...0... .^...^.0 ....1...| ok p=0.722656
Q25:	|........ +...1... ........ ..^.+...| ok p=0.458008
Q26:	|...0.... ....+... ......0- ........| ok p=1
Q27:	|...1.... ^....... ......1- ....^...| ok p=0.945312
Q28:	|...-.... ....^... ......-+ ........| ok p=0.951172
Q29:	|...0.... ........ .......0 ........| ok p=0.927734
Q30:	|...+.... ........ ......^1 ........| ok p=1
Q31:	|...+.... ........ ........ ........| ok p=0.9375
Q32:	|........ ........ ........ ........| ok p=1
Q33:	|...!.... ........ ........ ........| ok p=1
Q34:	|........ ........ ........ ........| ok p=1
Q35:	|........ ........ ........ ........| ok p=1
Q36:	|........ ........ ........ ........| ok p=1
Q37:	|........ ........ ........ ........| ok p=1
Q38:	|........ ........ ........ ........| ok p=1
Q39:	|........ ........ ........ ........| ok p=1
Q40:	|........ ........ ........ ........| ok p=1
Q41:	|........ ........ ........ ........| ok p=1
Q42:	|........ ........ ........ ........| ok p=1
Q43:	|........ ........ ........ ........| ok p=1
Q44:	|........ ........ ........ ........| ok p=1
Q45:	|........ ........ ........ ........| ok p=1
Q46:	|........ ........ ........ ........| ok p=1
Q47:	|........ ........ ........ ........| ok p=1
Q48:	|........ ........ ........ ........| ok p=1
Q49:	|........ ........ ........ ........| ok p=1
Q50:	|........ ........ ........ ........| ok p=1
Q51:	|........ ........ ........ ........| ok p=1
Q52:	|........ ........ ........ ........| ok p=1
Q53:	|........ ........ ........ ........| ok p=1
Q54:	|........ ........ ........ ........| ok p=1
Q55:	|........ ........ ........ ........| ok p=1
Q56:	|........ ........ ........ ........| ok p=1
Q57:	|........ ........ ........ ........| ok p=1
Q58:	|........ ........ ........ ........| ok p=1
Q59:	|........ ........ ........ ........| ok p=1
Q60:	|........ ........ ........ .0......| ok p=1
Q61:	|........ ........ ........ 10......| ok p=0.869141
Q62:	|........ ........ ........ 1-......| ok p=1
Q63:	|........ ........ ........ -+......| ok p=0.919922
Q64:	|..+.-... ........ ........ .-......|
Best path: totcompl=-23 tottunnel=40, totcond=557, p=0.00554326
Q-3:	|11100100 01001110 10110110 11001110|
Q-2:	|01110010 00011101 -1110101 1+011+11|
Q-1:	|01111110 0101010- +000000+ --00+-11|
Q0:	|001-1--+ -1011-++ +00110+- 1-----11| ok p=0.878906
Q1:	|...-.--0 0...1001 .-0.++0+ -.000.+.| ok p=0.927734
Q2:	|..1..-.- -...-000 0+1.++10 +10000+.| ok p=1
Q3:	|..01.010 -...+.01 .1+...+0 +....1..| ok p=1
Q4:	|!.-..1.+ ...!0.+. .--.110. +..1.-0.| ok p=1
Q5:	|!.+..-^+ 0.^.-.0. .1+...01 +..0.1..| ok p=1
Q6:	|.!+..-+1 ..-.+.1. .01....0 0..-.0..| ok p=1
Q7:	|!1+..+10 ..000... ..0....+ 1.00....| ok p=1
Q8:	|00...+0- ..111... .......0 -.1-....| ok p=1
Q9:	|011....- ..1+.... .0..0..0 -!+-....| ok p=1
Q10:	|+10..1.- .0+001.. .0.010.+ +.+0111.| ok p=1
Q11:	|-11.0110 000010.. ^+11+1.0 -.+10110| ok p=1
Q12:	|+-+01+00 0-++++.^ ++0+0-.- +^++---1| ok p=1
Q13:	|--+1++++ --0---1- 00++01.0 -+.-+---| ok p=1
Q14:	|01.-0.00 +.101101 001++0.1 00110..1| ok p=1
Q15:	|1+0++010 +10010+0 .-0.0..1 -1.1+000| ok p=0.295898
Q16:	|.+.0.... -.-...0. ...^-.1+ ..0.+..-| ok p=0.598633
Q17:	|.0.0^... 1.0...-. .^.0..1. ^.1.0..0| ok p=0.740234
Q18:	|.-.1.... 1.+...-. ...0^.-^ ..-.1..+| ok p=0.609375
Q19:	|.-.-.... -....0+. ...+.... .......+| ok p=0.486328
Q20:	|0+...0.. ..^..1+. .0...0^. ..^....0| ok p=1
Q21:	|1+.^.1.. ^....+0. .1.^.1.. ..0....1| ok p=0.576172
Q22:	|+1...-.. ......0. .-...+.. ..1.....| ok p=0.464844
Q23:	|.0...... 0....^.. ........ ..-.0...| ok p=1
Q24:	|^....^.. 1...0... .^...^.0 ....1...| ok p=0.706055
Q25:	|........ +...1... ........ ..^.+...| ok p=0.487305
Q26:	|...0.... ....+... ......0- ........| ok p=1
Q27:	|...1.... ^....... ......1- ....^...| ok p=0.938477
Q28:	|...-.... ....^... ......-+ ........| ok p=0.922852
Q29:	|...0.... ........ .......0 ........| ok p=0.94043
Q30:	|...+.... ........ ......^1 ........| ok p=1
Q31:	|...+.... ........ ........ ........| ok p=0.929688
Q32:	|........ ........ ........ ........| ok p=1
Q33:	|...!.... ........ ........ ........| ok p=1
Q34:	|........ ........ ........ ........| ok p=1
Q35:	|........ ........ ........ ........| ok p=1
Q36:	|........ ........ ........ ........| ok p=1
Q37:	|........ ........ ........ ........| ok p=1
Q38:	|........ ........ ........ ........| ok p=1
Q39:	|........ ........ ........ ........| ok p=1
Q40:	|........ ........ ........ ........| ok p=1
Q41:	|........ ........ ........ ........| ok p=1
Q42:	|........ ........ ........ ........| ok p=1
Q43:	|........ ........ ........ ........| ok p=1
Q44:	|........ ........ ........ ........| ok p=1
Q45:	|........ ........ ........ ........| ok p=1
Q46:	|........ ........ ........ ........| ok p=1
Q47:	|........ ........ ........ ........| ok p=1
Q48:	|........ ........ ........ ........| ok p=1
Q49:	|........ ........ ........ ........| ok p=1
Q50:	|........ ........ ........ ........| ok p=1
Q51:	|........ ........ ........ ........| ok p=1
Q52:	|........ ........ ........ ........| ok p=1
Q53:	|........ ........ ........ ........| ok p=1
Q54:	|........ ........ ........ ........| ok p=1
Q55:	|........ ........ ........ ........| ok p=1
Q56:	|........ ........ ........ ........| ok p=1
Q57:	|........ ........ ........ ........| ok p=1
Q58:	|........ ........ ........ ........| ok p=1
Q59:	|........ ........ ........ ........| ok p=1
Q60:	|........ ........ ........ .0......| ok p=1
Q61:	|........ ........ ........ 10......| ok p=0.87207
Q62:	|........ ........ ........ 1-......| ok p=1
Q63:	|........ ........ ........ -+......| ok p=0.90918
Q64:	|..+.-... ........ ........ .-......|
Best path: totcompl=-23 tottunnel=40, totcond=552, p=0.00193934
Best paths: 2
**