Extend MD5 differential paths forward
Copyright (C) 2009 Marc Stevens
http://homepages.cwi.nl/~stevens/

delta_m[11] = [!-28!]
Loading workdir4/lowerpath.bin.gz...done: 1.
Estimating maxcond for upper bound 8000000 (=2000000 * 4)...
t=1:  0%   10   20   30   40   50   60   70   80   90   100%
      |----|----|----|----|----|----|----|----|----|----|
e     ***************************************************
Found maxcond = 2176
t=1:  0%   10   20   30   40   50   60   70   80   90   100%
      |----|----|----|----|----|----|----|----|----|----|
      ***************************************************
Q-3:	|11100100 01001110 10110110 11001110|
Q-2:	|01110010 00011101 -1110101 1+011+11|
Q-1:	|01111110 0101010- +000000+ --00+-11|
Q0:	|001-1--+ -1011-++ +00110+- 1-----11| ok p=0.895508
Q1:	|...-.--0 0....001 ..--..-- -.000.+.| ok p=0.943359
Q2:	|....-..+ ....-... .+.+.-.. +.....+.|
Saving 123904 paths...done.
Autobalance parameters: maxcond=2176
Verified: 0 bad out of 123904
Estimating maxcond for upper bound 8000000 (=2000000 * 4)...
t=2:  0%   10   20   30   40   50   60   70   80   90   100%
      |----|----|----|----|----|----|----|----|----|----|
e     ***************************************************
Found maxcond = 167
t=2:  0%   10   20   30   40   50   60   70   80   90   100%
      |----|----|----|----|----|----|----|----|----|----|
      ***************************************************
Q-3:	|11100100 01001110 10110110 11001110|
Q-2:	|01110010 00011101 -1110101 1+011+11|
Q-1:	|01111110 0101010- +000000+ --00+-11|
Q0:	|001-1--+ -1011-++ +00110+- 1-----11| ok p=1
Q1:	|...-.--0 0...1010 .-.+..-- -.111.+.| ok p=0.921875
Q2:	|.....-.- 1...--11 1+.+..-- -11111+.| ok p=0.911133
Q3:	|....-.+. -....-.. ..+...+. +......+|
Saving 2000000 paths...done.
Autobalance parameters: maxcond=166
Verified: 0 bad out of 2337163
Estimating maxcond for upper bound 8000000 (=2000000 * 4)...
t=3:  0%   10   20   30   40   50   60   70   80   90   100%
      |----|----|----|----|----|----|----|----|----|----|
e     ***************************************************
Found maxcond = 180
t=3:  0%   10   20   30   40   50   60   70   80   90   100%
      |----|----|----|----|----|----|----|----|----|----|
      ***************************************************
Q-3:	|11100100 01001110 10110110 11001110|
Q-2:	|01110010 00011101 -1110101 1+011+11|
Q-1:	|01111110 0101010- +000000+ --00+-11|
Q0:	|001-1--+ -1011-++ +00110+- 1-----11| ok p=0.879883
Q1:	|...-V--1 1...1010 .-V+..-- -.000.+.| ok p=0.845703
Q2:	|.....-.- 1...-000 0+.+..-- -100+0+.| ok p=0.913086
Q3:	|...1-.1+ ....+... .1+..... +...+...| ok p=0.666992
Q4:	|.+...-.. +.....+. -.....-. +....-.-|
Saving 2000000 paths...done.
Autobalance parameters: maxcond=179
Verified: 0 bad out of 2717801
Estimating maxcond for upper bound 8000000 (=2000000 * 4)...
t=4:  0%   10   20   30   40   50   60   70   80   90   100%
      |----|----|----|----|----|----|----|----|----|----|
e     ***************************************************
Found maxcond = 196
t=4:  0%   10   20   30   40   50   60   70   80   90   100%
      |----|----|----|----|----|----|----|----|----|----|
      ***************************************************
Q-3:	|11100100 01001110 10110110 11001110|
Q-2:	|01110010 00011101 -1110101 1+011+11|
Q-1:	|01111110 0101010- +000000+ --00+-11|
Q0:	|001-1--+ -1011-++ +00110+- 1-----11| ok p=1
Q1:	|...-.--1 1...1001 .-V+.-0+ -.011.+.| ok p=0.921875
Q2:	|.....-.- 1...-0-0 0+.+.0-- -011+1+.| ok p=0.910156
Q3:	|...1..1- 1...0.-. .1+..10+ -...+1..| ok p=0.875
Q4:	|.....1.. +...-... .-01..11 .....-1.| ok p=0.461914
Q5:	|+....... -.-...-. .+...+.+ ...-....|
Saving 2000000 paths...done.
Autobalance parameters: maxcond=195
Verified: 0 bad out of 2150098
Estimating maxcond for upper bound 8000000 (=2000000 * 4)...
t=5:  0%   10   20   30   40   50   60   70   80   90   100%
      |----|----|----|----|----|----|----|----|----|----|
e     ***************************************************
Found maxcond = 211
t=5:  0%   10   20   30   40   50   60   70   80   90   100%
      |----|----|----|----|----|----|----|----|----|----|
      ***************************************************
Q-3:	|11100100 01001110 10110110 11001110|
Q-2:	|01110010 00011101 -1110101 1+011+11|
Q-1:	|01111110 0101010- +000000+ --00+-11|
Q0:	|001-1--+ -1011-++ +00110+- 1-----11| ok p=0.87207
Q1:	|...-.--0 0...1001 .-0.++0+ -.000.+.| ok p=0.920898
Q2:	|.V...-.- -...-000 0+1.++1+ -10000+.| ok p=0.632812
Q3:	|...1.+0- -...+..0 .1+...+. +..V.1..| ok p=0.644531
Q4:	|.-...+.. ....0..+ .1-.1101 +....-0.| ok p=0.681641
Q5:	|.0.....1 1...-..- ..+...1. +..-.0..| ok p=0.969727
Q6:	|.....+.+ .-..+..- .+...... +.-.-...|
Saving 2000000 paths...done.
Autobalance parameters: maxcond=210
Verified: 0 bad out of 2960534
Estimating maxcond for upper bound 8000000 (=2000000 * 4)...
t=6:  0%   10   20   30   40   50   60   70   80   90   100%
      |----|----|----|----|----|----|----|----|----|----|
e     ***************************************************
Found maxcond = 224
t=6:  0%   10   20   30   40   50   60   70   80   90   100%
      |----|----|----|----|----|----|----|----|----|----|
      ***************************************************
Q-3:	|11100100 01001110 10110110 11001110|
Q-2:	|01110010 00011101 -1110101 1+011+11|
Q-1:	|01111110 0101010- +000000+ --00+-11|
Q0:	|001-1--+ -1011-++ +00110+- 1-----11| ok p=0.885742
Q1:	|...-.--0 0...1001 .-0.++0+ -.000.+.| ok p=0.924805
Q2:	|..1..-.- -...-000 0+1.++10 +10000+.| ok p=0.839844
Q3:	|..01..10 -...+.0. .1+...+0 +....1..| ok p=0.695312
Q4:	|..-..10+ ...V0.+. .--.000. +V...-0.| ok p=0.770508
Q5:	|..+...-- 0...0.-. .+-...0. +....1..| ok p=0.97168
Q6:	|..+...-0 ...-..-. .1...... .+...1..| ok p=0.540039
Q7:	|+.+..+.. ...-..-. .....-.+ .+.+...+|
Saving 2000000 paths...done.
Autobalance parameters: maxcond=223
Verified: 30632 bad out of 3226850
Estimating maxcond for upper bound 8000000 (=2000000 * 4)...
t=7:  0%   10   20   30   40   50   60   70   80   90   100%
      |----|----|----|----|----|----|----|----|----|----|
e     ***************************************************
Found maxcond = 236
t=7:  0%   10   20   30   40   50   60   70   80   90   100%
      |----|----|----|----|----|----|----|----|----|----|
      ***************************************************
Q-3:	|11100100 01001110 10110110 11001110|
Q-2:	|01110010 00011101 -1110101 1+011+11|
Q-1:	|01111110 0101010- +000000+ --00+-11|
Q0:	|001-1--+ -1011-++ +00110+- 1-----11| ok p=0.861328
Q1:	|...-.--0 0...1001 .-0.++0+ -.000.+.| ok p=0.938477
Q2:	|..1..-.- -...-000 0+1.++10 +10000+.| ok p=0.833984
Q3:	|..01..10 -...+.1. .1+...+0 +....0..| ok p=0.780273
Q4:	|..-..11+ ....0.+. .--.1101 +.V..-1.| ok p=0.736328
Q5:	|..+..V-0 0...-.0. .1+...0+ +.1..1..| ok p=0.946289
Q6:	|..+...-+ ....-.1. .01....+ ..+..1..| ok p=0.936523
Q7:	|..+..+.+ ....-... ..1..... 1.+.....| ok p=0.637695
Q8:	|+....+.. ....-... ......-. +...+...|
Saving 2000000 paths...done.
Autobalance parameters: maxcond=235
Verified: 3560 bad out of 2935032
Estimating maxcond for upper bound 8000000 (=2000000 * 4)...
t=8:  0%   10   20   30   40   50   60   70   80   90   100%
      |----|----|----|----|----|----|----|----|----|----|
e     ***************************************************
Found maxcond = 246
t=8:  0%   10   20   30   40   50   60   70   80   90   100%
      |----|----|----|----|----|----|----|----|----|----|
      ***************************************************
Q-3:	|11100100 01001110 10110110 11001110|
Q-2:	|01110010 00011101 -1110101 1+011+11|
Q-1:	|01111110 0101010- +000000+ --00+-11|
Q0:	|001-1--+ -1011-++ +00110+- 1-----11| ok p=0.879883
Q1:	|...-.--0 0...1001 .-0.++0+ -.000.+.| ok p=0.921875
Q2:	|..1..-.- -...-000 0+1.++10 +10000+.| ok p=0.804688
Q3:	|..01.010 -...+.0. .1+...+0 +....1..| ok p=0.74707
Q4:	|..-..1V+ ....0.+. .--.0001 +..V.-0.| ok p=0.705078
Q5:	|..+..-0+ 0...0.-. .1+...0+ -....1..| ok p=0.901367
Q6:	|..+..-+0 ......-. .10....0 1..-.1..| ok p=0.96875
Q7:	|..+...+0 ......-. ..0....+ 0..0....| ok p=0.989258
Q8:	|..+..1.+ ......-. .......+ ...-....| ok p=0.371094
Q9:	|+.+....- ...+...- .-.....+ ...+...-|
Saving 2000000 paths...done.
Autobalance parameters: maxcond=244
Verified: 20557 bad out of 3483430
Estimating maxcond for upper bound 8000000 (=2000000 * 4)...
t=9:  0%   10   20   30   40   50   60   70   80   90   100%
      |----|----|----|----|----|----|----|----|----|----|
e     ***************************************************
Found maxcond = 257
t=9:  0%   10   20   30   40   50   60   70   80   90   100%
      |----|----|----|----|----|----|----|----|----|----|
      ***************************************************
Q-3:	|11100100 01001110 10110110 11001110|
Q-2:	|01110010 00011101 -1110101 1+011+11|
Q-1:	|01111110 0101010- +000000+ --00+-11|
Q0:	|001-1--+ -1011-++ +00110+- 1-----11| ok p=0.878906
Q1:	|...-.--0 0...1001 .-0.++0+ -.000.+.| ok p=0.920898
Q2:	|..1..-.- -...-000 0+1.++10 +10000+.| ok p=0.829102
Q3:	|..01.010 -...+.0. .1+...+0 +....1..| ok p=0.71582
Q4:	|..-..1V+ ...V0.+. .--.0000 +..V.-1.| ok p=0.691406
Q5:	|..+..-0+ 0..10.-. .1+...0- +....1..| ok p=0.928711
Q6:	|..+..-+1 ...-..-. .01....- ...-.1..| ok p=0.96875
Q7:	|..+.V.+0 ...-..-. .V0..... 1..0....| ok p=0.879883
Q8:	|.....1+- ...-..-. .......1 ...-....| ok p=0.716797
Q9:	|..1.-..- ......-. .-...... ...+....| ok p=0.65625
Q10:	|.-..-..- ...-.-.+ .-....+. ......-.|
Saving 2000000 paths...done.
Autobalance parameters: maxcond=255
Verified: 10069 bad out of 3504964
Estimating maxcond for upper bound 8000000 (=2000000 * 4)...
t=10: 0%   10   20   30   40   50   60   70   80   90   100%
      |----|----|----|----|----|----|----|----|----|----|
e     ***************************************************
Found maxcond = 268
t=10: 0%   10   20   30   40   50   60   70   80   90   100%
      |----|----|----|----|----|----|----|----|----|----|
      ***************************************************
Q-3:	|11100100 01001110 10110110 11001110|
Q-2:	|01110010 00011101 -1110101 1+011+11|
Q-1:	|01111110 0101010- +000000+ --00+-11|
Q0:	|001-1--+ -1011-++ +00110+- 1-----11| ok p=0.883789
Q1:	|...-.--0 0...1001 .-0.++0+ -.000.+.| ok p=0.922852
Q2:	|..1..-.- -...-000 0+1.++10 +10000+.| ok p=0.818359
Q3:	|..01.010 -...+.0. .1+...+0 +....0..| ok p=0.733398
Q4:	|..-..11+ ....0.+. .--.0001 +..V.-1.| ok p=0.708984
Q5:	|.V+..-0+ 0...0.-. .+-...0+ +....1..| ok p=0.860352
Q6:	|..+..-+1 ......-. .0....0+ ...-.1..| ok p=0.509766
Q7:	|.--..+10 ...V..-. .00...-. 1..0....| ok p=0.516602
Q8:	|.10..+0- .....V-. .0....-1 ...-....| ok p=1
Q9:	|.11....+ ...+..-. .-....-. ...-....| ok p=0.731445
Q10:	|.-...1.+ ...0.-.. .-...... ...+....| ok p=0.291992
Q11:	|.+..-..+ ..-..-.- ....+... ....+..-|
Saving 2000000 paths...done.
Autobalance parameters: maxcond=266
Verified: 36728 bad out of 3549040
Runtime: 93.4997
Extend MD5 differential paths forward
Copyright (C) 2009 Marc Stevens
http://homepages.cwi.nl/~stevens/

delta_m[11] = [!-28!]
Loading workdir4/paths10_0of1...done: 2000000 (work:2000000).
Estimating maxcond for upper bound 2000000 (=500000 * 4)...
t=11: 0%   10   20   30   40   50   60   70   80   90   100%
      |----|----|----|----|----|----|----|----|----|----|
e     ***************************************************
Found maxcond = 279
t=11: 0%   10   20   30   40   50   60   70   80   90   100%
      |----|----|----|----|----|----|----|----|----|----|
      ***************************************************
Q-3:	|11100100 01001110 10110110 11001110|
Q-2:	|01110010 00011101 -1110101 1+011+11|
Q-1:	|01111110 0101010- +000000+ --00+-11|
Q0:	|001-1--+ -1011-++ +00110+- 1-----11| ok p=0.857422
Q1:	|...-.--0 0...1001 .-0.++0+ -.000.+.| ok p=0.933594
Q2:	|..1..-.- -...-000 0+1.++10 +10000+.| ok p=0.835938
Q3:	|..01.010 -...+.0. .1+...+0 +....1..| ok p=0.731445
Q4:	|..-..1V+ ...V0.+. .--.000V +..1.-1.| ok p=0.756836
Q5:	|..+..-1+ 0..00.-. .+-...0. -..0.0..| ok p=0.964844
Q6:	|..+..-+0 ...-..-. 0+.....- 1..-.1..| ok p=0.973633
Q7:	|..+...+1 ...+.1-. 1+0....1 1..0....| ok p=0.885742
Q8:	|.....1.+ ...+.0-. -1...V.0 ...-....| ok p=0.751953
Q9:	|..0...1- ...1.-.. ++..V... ...+....| ok p=0.517578
Q10:	|.......- ...-.-0. 0-...+.. ...1....| ok p=0.999023
Q11:	|.......- ...+.-.. 10..+0.. ...+....| ok p=0.945312
Q12:	|.......- ....+... ....+.-. +.......|
Saving 500000 paths...done.
Autobalance parameters: maxcond=278
Verified: 5206 bad out of 574537
Runtime: 18.134
