MD5 differential path toolbox
Copyright (C) 2009 Marc Stevens
http://homepages.cwi.nl/~stevens/

IHV1   = {3830363854,1054611967,2119499975,1914566043}
IHV1   = ceb64ee4ff19dc3ec700557e9bf51d72

IHV2   = {3830363854,693869187,2119467275,1914533343}
IHV2   = ceb64ee4839a5b290b81547edf751d72

dIHV   = {0,3934224516,4294934596,4294934596}
NC0: delta c = delta d = [!-2!]
NC0: delta b           = [!-2,-23,-25!]
NC1: delta c = delta d = [!-6!]
NC1: delta b           = [!-6,-27,29!]
NC2: delta c = delta d = [!15!]
NC2: delta b           = [!-6,15!]
NC0: prob=-8.43496
NC1: prob=-6.46716
NC2: prob=-7.64465
delta m_11 = [!-28!]
Q-3:	|11100100 01001110 10110110 11001110|
Q-2:	|01110010 00011101 -1110101 1+011+11|
Q-1:	|01111110 0101010- +000000+ --00+-11|
Q0:	|001-1--+ -1011-++ +00110+- 1-----11| ok p=0.984375
Q1:	|..-.+.+. ........ .-.+.-.. +.....+.|
Saved lower diff. path to 'workdir4/lowerpath.bin.gz'.

Q32:	|........ ........ ........ ........|
Q33:	|........ ........ ........ ........|
Q34:	|........ ........ ........ ........|
Q35:	|........ ........ ........ ........| ok p=1
Q36:	|........ ........ ........ ........| ok p=1
Q37:	|........ ........ ........ ........| ok p=1
Q38:	|........ ........ ........ ........| ok p=1
Q39:	|........ ........ ........ ........| ok p=1
Q40:	|........ ........ ........ ........| ok p=1
Q41:	|........ ........ ........ ........| ok p=1
Q42:	|........ ........ ........ ........| ok p=1
Q43:	|........ ........ ........ ........| ok p=1
Q44:	|........ ........ ........ ........| ok p=1
Q45:	|........ ........ ........ ........| ok p=1
Q46:	|........ ........ ........ ........| ok p=1
Q47:	|........ ........ ........ ........| ok p=1
Q48:	|........ ........ ........ ........| ok p=1
Q49:	|........ ........ ........ ........| ok p=1
Q50:	|........ ........ ........ ........| ok p=1
Q51:	|........ ........ ........ ........| ok p=1
Q52:	|........ ........ ........ ........| ok p=1
Q53:	|........ ........ ........ ........| ok p=1
Q54:	|........ ........ ........ ........| ok p=1
Q55:	|........ ........ ........ ........| ok p=1
Q56:	|........ ........ ........ ........| ok p=1
Q57:	|........ ........ ........ ........| ok p=1
Q58:	|........ ........ ........ ........| ok p=1
Q59:	|........ ........ ........ ........| ok p=1
Q60:	|........ ........ ........ .0......| ok p=1
Q61:	|........ ........ ........ 10......| ok p=0.882812
Q62:	|........ ........ ........ 1-......| ok p=1
Q63:	|........ ........ ........ -+......| ok p=0.90332
Q64:	|..+.-... ........ ........ .-......|
Saved upper diff. path to 'workdir4/upperpath.bin.gz'.
Saved 'md5diffpathforward.cfg'.
Saved 'md5diffpathbackward.cfg'.
Saved 'md5diffpathconnect.cfg'.
Saved 'md5diffpathhelper.cfg'.
