Extend MD5 differential paths backward
Copyright (C) 2009 Marc Stevens
http://homepages.cwi.nl/~stevens/

delta_m[11] = [!1!]
Loading workdir3/upperpath.bin.gz...done: 1.
Estimating maxcond for upper bound 262144 (=65536 * 4)...
t=34: 0%   10   20   30   40   50   60   70   80   90   100%
      |----|----|----|----|----|----|----|----|----|----|
e     ***************************************************
Found maxcond = 2176
t=34: 0%   10   20   30   40   50   60   70   80   90   100%
      |----|----|----|----|----|----|----|----|----|----|
      ***************************************************
Q31:	|........ ........ ........ ......-.|
Q32:	|........ ........ ........ ........|
Q33:	|........ ........ ........ ........|
Q34:	|........ ........ ........ ........| ok p=1
Q35:	|........ ........ ........ ........| ok p=1
Q36:	|........ ........ ........ ........| ok p=1
Q37:	|........ ........ ........ ........| ok p=1
Q38:	|........ ........ ........ ........| ok p=1
Q39:	|........ ........ ........ ........| ok p=1
Q40:	|........ ........ ........ ........| ok p=1
Q41:	|........ ........ ........ ........| ok p=1
Q42:	|........ ........ ........ ........| ok p=1
Q43:	|........ ........ ........ ........| ok p=1
Q44:	|........ ........ ........ ........| ok p=1
Q45:	|........ ........ ........ ........| ok p=1
Q46:	|........ ........ ........ ........| ok p=1
Q47:	|........ ........ ........ ........| ok p=1
Q48:	|........ ........ ........ ........| ok p=1
Q49:	|........ ........ ........ ........| ok p=1
Q50:	|........ ........ ........ ........| ok p=1
Q51:	|........ ........ ........ ........| ok p=1
Q52:	|........ ........ ........ ........| ok p=1
Q53:	|........ ........ ........ ........| ok p=1
Q54:	|........ ........ ........ ........| ok p=1
Q55:	|........ ........ ........ ........| ok p=1
Q56:	|........ ........ ........ ........| ok p=1
Q57:	|........ ........ ........ ........| ok p=1
Q58:	|........ ........ ........ ........| ok p=1
Q59:	|........ ........ ........ ........| ok p=1
Q60:	|........ ........ ....0... ........| ok p=1
Q61:	|........ ........ ...10... ........| ok p=1
Q62:	|........ ........ ...0+... ........| ok p=1
Q63:	|........ ........ ...+-... ........| ok p=1
Q64:	|........ ........ ....+... .......+|
Saving 1 paths...done.
Autobalance parameters: maxcond=2176
Verified: 0 bad out of 1
Estimating maxcond for upper bound 262144 (=65536 * 4)...
t=33: 0%   10   20   30   40   50   60   70   80   90   100%
      |----|----|----|----|----|----|----|----|----|----|
e     ***************************************************
Found maxcond = 35
t=33: 0%   10   20   30   40   50   60   70   80   90   100%
      |----|----|----|----|----|----|----|----|----|----|
      ***************************************************
Q30:	|........ ........ ........ ......-.|
Q31:	|........ ........ ........ ......-.|
Q32:	|........ ........ ........ ........|
Q33:	|........ ........ ........ ......!.| ok p=1
Q34:	|........ ........ ........ ........| ok p=1
Q35:	|........ ........ ........ ........| ok p=1
Q36:	|........ ........ ........ ........| ok p=1
Q37:	|........ ........ ........ ........| ok p=1
Q38:	|........ ........ ........ ........| ok p=1
Q39:	|........ ........ ........ ........| ok p=1
Q40:	|........ ........ ........ ........| ok p=1
Q41:	|........ ........ ........ ........| ok p=1
Q42:	|........ ........ ........ ........| ok p=1
Q43:	|........ ........ ........ ........| ok p=1
Q44:	|........ ........ ........ ........| ok p=1
Q45:	|........ ........ ........ ........| ok p=1
Q46:	|........ ........ ........ ........| ok p=1
Q47:	|........ ........ ........ ........| ok p=1
Q48:	|........ ........ ........ ........| ok p=1
Q49:	|........ ........ ........ ........| ok p=1
Q50:	|........ ........ ........ ........| ok p=1
Q51:	|........ ........ ........ ........| ok p=1
Q52:	|........ ........ ........ ........| ok p=1
Q53:	|........ ........ ........ ........| ok p=1
Q54:	|........ ........ ........ ........| ok p=1
Q55:	|........ ........ ........ ........| ok p=1
Q56:	|........ ........ ........ ........| ok p=1
Q57:	|........ ........ ........ ........| ok p=1
Q58:	|........ ........ ........ ........| ok p=1
Q59:	|........ ........ ........ ........| ok p=1
Q60:	|........ ........ ....0... ........| ok p=1
Q61:	|........ ........ ...10... ........| ok p=1
Q62:	|........ ........ ...0+... ........| ok p=1
Q63:	|........ ........ ...+-... ........| ok p=1
Q64:	|........ ........ ....+... .......+|
Saving 65536 paths...done.
Autobalance parameters: maxcond=31
Verified: 0 bad out of 65537
Estimating maxcond for upper bound 262144 (=65536 * 4)...
t=32: 0%   10   20   30   40   50   60   70   80   90   100%
      |----|----|----|----|----|----|----|----|----|----|
e     ***************************************************
Found maxcond = 25
t=32: 0%   10   20   30   40   50   60   70   80   90   100%
      |----|----|----|----|----|----|----|----|----|----|
      ***************************************************
Q29:	|........ ........ ........ ........|
Q30:	|........ ........ ........ ......+.|
Q31:	|........ ........ ........ ......-.|
Q32:	|........ ........ ........ ........| ok p=1
Q33:	|........ ........ ........ ......^.| ok p=1
Q34:	|........ ........ ........ ........| ok p=1
Q35:	|........ ........ ........ ........| ok p=1
Q36:	|........ ........ ........ ........| ok p=1
Q37:	|........ ........ ........ ........| ok p=1
Q38:	|........ ........ ........ ........| ok p=1
Q39:	|........ ........ ........ ........| ok p=1
Q40:	|........ ........ ........ ........| ok p=1
Q41:	|........ ........ ........ ........| ok p=1
Q42:	|........ ........ ........ ........| ok p=1
Q43:	|........ ........ ........ ........| ok p=1
Q44:	|........ ........ ........ ........| ok p=1
Q45:	|........ ........ ........ ........| ok p=1
Q46:	|........ ........ ........ ........| ok p=1
Q47:	|........ ........ ........ ........| ok p=1
Q48:	|........ ........ ........ ........| ok p=1
Q49:	|........ ........ ........ ........| ok p=1
Q50:	|........ ........ ........ ........| ok p=1
Q51:	|........ ........ ........ ........| ok p=1
Q52:	|........ ........ ........ ........| ok p=1
Q53:	|........ ........ ........ ........| ok p=1
Q54:	|........ ........ ........ ........| ok p=1
Q55:	|........ ........ ........ ........| ok p=1
Q56:	|........ ........ ........ ........| ok p=1
Q57:	|........ ........ ........ ........| ok p=1
Q58:	|........ ........ ........ ........| ok p=1
Q59:	|........ ........ ........ ........| ok p=1
Q60:	|........ ........ ....0... ........| ok p=1
Q61:	|........ ........ ...10... ........| ok p=1
Q62:	|........ ........ ...0+... ........| ok p=1
Q63:	|........ ........ ...+-... ........| ok p=1
Q64:	|........ ........ ....+... .......+|
Saving 65536 paths...done.
Autobalance parameters: maxcond=22
Verified: 0 bad out of 119985
Estimating maxcond for upper bound 262144 (=65536 * 4)...
t=31: 0%   10   20   30   40   50   60   70   80   90   100%
      |----|----|----|----|----|----|----|----|----|----|
e     ***************************************************
Found maxcond = 22
t=31: 0%   10   20   30   40   50   60   70   80   90   100%
      |----|----|----|----|----|----|----|----|----|----|
      ***************************************************
Q28:	|........ ........ ..+..... ......+.|
Q29:	|........ ........ ........ ........|
Q30:	|........ ........ ........ ......-.|
Q31:	|........ ........ ........ ......-.| ok p=1
Q32:	|........ ........ ........ ........| ok p=1
Q33:	|........ ........ ........ ......!.| ok p=1
Q34:	|........ ........ ........ ........| ok p=1
Q35:	|........ ........ ........ ........| ok p=1
Q36:	|........ ........ ........ ........| ok p=1
Q37:	|........ ........ ........ ........| ok p=1
Q38:	|........ ........ ........ ........| ok p=1
Q39:	|........ ........ ........ ........| ok p=1
Q40:	|........ ........ ........ ........| ok p=1
Q41:	|........ ........ ........ ........| ok p=1
Q42:	|........ ........ ........ ........| ok p=1
Q43:	|........ ........ ........ ........| ok p=1
Q44:	|........ ........ ........ ........| ok p=1
Q45:	|........ ........ ........ ........| ok p=1
Q46:	|........ ........ ........ ........| ok p=1
Q47:	|........ ........ ........ ........| ok p=1
Q48:	|........ ........ ........ ........| ok p=1
Q49:	|........ ........ ........ ........| ok p=1
Q50:	|........ ........ ........ ........| ok p=1
Q51:	|........ ........ ........ ........| ok p=1
Q52:	|........ ........ ........ ........| ok p=1
Q53:	|........ ........ ........ ........| ok p=1
Q54:	|........ ........ ........ ........| ok p=1
Q55:	|........ ........ ........ ........| ok p=1
Q56:	|........ ........ ........ ........| ok p=1
Q57:	|........ ........ ........ ........| ok p=1
Q58:	|........ ........ ........ ........| ok p=1
Q59:	|........ ........ ........ ........| ok p=1
Q60:	|........ ........ ....0... ........| ok p=1
Q61:	|........ ........ ...10... ........| ok p=1
Q62:	|........ ........ ...0+... ........| ok p=1
Q63:	|........ ........ ...+-... ........| ok p=1
Q64:	|........ ........ ....+... .......+|
Saving 65536 paths...done.
Autobalance parameters: maxcond=20
Verified: 0 bad out of 114872
Estimating maxcond for upper bound 262144 (=65536 * 4)...
t=30: 0%   10   20   30   40   50   60   70   80   90   100%
      |----|----|----|----|----|----|----|----|----|----|
e     ***************************************************
Found maxcond = 22
t=30: 0%   10   20   30   40   50   60   70   80   90   100%
      |----|----|----|----|----|----|----|----|----|----|
      ***************************************************
Q27:	|........ ...-.... ........ ........|
Q28:	|........ ........ ..+..... ......-.|
Q29:	|........ ........ ........ ......0.|
Q30:	|........ ........ ..^..... ......+.| ok p=0.999023
Q31:	|........ ........ ........ ......-.| ok p=1
Q32:	|........ ........ ........ ........| ok p=1
Q33:	|........ ........ ........ ......^.| ok p=1
Q34:	|........ ........ ........ ........| ok p=1
Q35:	|........ ........ ........ ........| ok p=1
Q36:	|........ ........ ........ ........| ok p=1
Q37:	|........ ........ ........ ........| ok p=1
Q38:	|........ ........ ........ ........| ok p=1
Q39:	|........ ........ ........ ........| ok p=1
Q40:	|........ ........ ........ ........| ok p=1
Q41:	|........ ........ ........ ........| ok p=1
Q42:	|........ ........ ........ ........| ok p=1
Q43:	|........ ........ ........ ........| ok p=1
Q44:	|........ ........ ........ ........| ok p=1
Q45:	|........ ........ ........ ........| ok p=1
Q46:	|........ ........ ........ ........| ok p=1
Q47:	|........ ........ ........ ........| ok p=1
Q48:	|........ ........ ........ ........| ok p=1
Q49:	|........ ........ ........ ........| ok p=1
Q50:	|........ ........ ........ ........| ok p=1
Q51:	|........ ........ ........ ........| ok p=1
Q52:	|........ ........ ........ ........| ok p=1
Q53:	|........ ........ ........ ........| ok p=1
Q54:	|........ ........ ........ ........| ok p=1
Q55:	|........ ........ ........ ........| ok p=1
Q56:	|........ ........ ........ ........| ok p=1
Q57:	|........ ........ ........ ........| ok p=1
Q58:	|........ ........ ........ ........| ok p=1
Q59:	|........ ........ ........ ........| ok p=1
Q60:	|........ ........ ....0... ........| ok p=1
Q61:	|........ ........ ...10... ........| ok p=1
Q62:	|........ ........ ...0+... ........| ok p=1
Q63:	|........ ........ ...+-... ........| ok p=1
Q64:	|........ ........ ....+... .......+|
Saving 65536 paths...done.
Autobalance parameters: maxcond=19
Verified: 0 bad out of 135105
Runtime: 3.75239
Extend MD5 differential paths backward
Copyright (C) 2009 Marc Stevens
http://homepages.cwi.nl/~stevens/

delta_m[11] = [!1!]
Loading workdir3/paths30_0of1...done: 65536 (work:65536).
Estimating maxcond for upper bound 400000 (=100000 * 4)...
t=29: 0%   10   20   30   40   50   60   70   80   90   100%
      |----|----|----|----|----|----|----|----|----|----|
e     ***************************************************
Found maxcond = 23
t=29: 0%   10   20   30   40   50   60   70   80   90   100%
      |----|----|----|----|----|----|----|----|----|----|
      ***************************************************
Q26:	|.......- ........ ........ ......-.|
Q27:	|........ ........ ..1..... ......+.|
Q28:	|........ ........ ..+..... ......+.|
Q29:	|........ ........ ........ ......1.| ok p=0.996094
Q30:	|........ ........ ..^..... ......-.| ok p=1
Q31:	|........ ........ ........ ......-.| ok p=1
Q32:	|........ ........ ........ ........| ok p=1
Q33:	|........ ........ ........ ......!.| ok p=1
Q34:	|........ ........ ........ ........| ok p=1
Q35:	|........ ........ ........ ........| ok p=1
Q36:	|........ ........ ........ ........| ok p=1
Q37:	|........ ........ ........ ........| ok p=1
Q38:	|........ ........ ........ ........| ok p=1
Q39:	|........ ........ ........ ........| ok p=1
Q40:	|........ ........ ........ ........| ok p=1
Q41:	|........ ........ ........ ........| ok p=1
Q42:	|........ ........ ........ ........| ok p=1
Q43:	|........ ........ ........ ........| ok p=1
Q44:	|........ ........ ........ ........| ok p=1
Q45:	|........ ........ ........ ........| ok p=1
Q46:	|........ ........ ........ ........| ok p=1
Q47:	|........ ........ ........ ........| ok p=1
Q48:	|........ ........ ........ ........| ok p=1
Q49:	|........ ........ ........ ........| ok p=1
Q50:	|........ ........ ........ ........| ok p=1
Q51:	|........ ........ ........ ........| ok p=1
Q52:	|........ ........ ........ ........| ok p=1
Q53:	|........ ........ ........ ........| ok p=1
Q54:	|........ ........ ........ ........| ok p=1
Q55:	|........ ........ ........ ........| ok p=1
Q56:	|........ ........ ........ ........| ok p=1
Q57:	|........ ........ ........ ........| ok p=1
Q58:	|........ ........ ........ ........| ok p=1
Q59:	|........ ........ ........ ........| ok p=1
Q60:	|........ ........ ....0... ........| ok p=1
Q61:	|........ ........ ...10... ........| ok p=1
Q62:	|........ ........ ...0+... ........| ok p=1
Q63:	|........ ........ ...+-... ........| ok p=1
Q64:	|........ ........ ....+... .......+|
Saving 100000 paths...done.
Autobalance parameters: maxcond=21
Verified: 0 bad out of 158832
Estimating maxcond for upper bound 400000 (=100000 * 4)...
t=28: 0%   10   20   30   40   50   60   70   80   90   100%
      |----|----|----|----|----|----|----|----|----|----|
e     ***************************************************
Found maxcond = 25
t=28: 0%   10   20   30   40   50   60   70   80   90   100%
      |----|----|----|----|----|----|----|----|----|----|
      ***************************************************
Q25:	|...-.... ........ .......- ......-.|
Q26:	|.......- ........ ..-..... ......-.|
Q27:	|........ ........ ..0..... ......+.|
Q28:	|.......^ ........ ..+..... ......+.| ok p=0.974609
Q29:	|........ ........ ........ ......1.| ok p=0.998047
Q30:	|........ ........ ..^..... ......-.| ok p=1
Q31:	|........ ........ ........ ......-.| ok p=1
Q32:	|........ ........ ........ ........| ok p=1
Q33:	|........ ........ ........ ......!.| ok p=1
Q34:	|........ ........ ........ ........| ok p=1
Q35:	|........ ........ ........ ........| ok p=1
Q36:	|........ ........ ........ ........| ok p=1
Q37:	|........ ........ ........ ........| ok p=1
Q38:	|........ ........ ........ ........| ok p=1
Q39:	|........ ........ ........ ........| ok p=1
Q40:	|........ ........ ........ ........| ok p=1
Q41:	|........ ........ ........ ........| ok p=1
Q42:	|........ ........ ........ ........| ok p=1
Q43:	|........ ........ ........ ........| ok p=1
Q44:	|........ ........ ........ ........| ok p=1
Q45:	|........ ........ ........ ........| ok p=1
Q46:	|........ ........ ........ ........| ok p=1
Q47:	|........ ........ ........ ........| ok p=1
Q48:	|........ ........ ........ ........| ok p=1
Q49:	|........ ........ ........ ........| ok p=1
Q50:	|........ ........ ........ ........| ok p=1
Q51:	|........ ........ ........ ........| ok p=1
Q52:	|........ ........ ........ ........| ok p=1
Q53:	|........ ........ ........ ........| ok p=1
Q54:	|........ ........ ........ ........| ok p=1
Q55:	|........ ........ ........ ........| ok p=1
Q56:	|........ ........ ........ ........| ok p=1
Q57:	|........ ........ ........ ........| ok p=1
Q58:	|........ ........ ........ ........| ok p=1
Q59:	|........ ........ ........ ........| ok p=1
Q60:	|........ ........ ....0... ........| ok p=1
Q61:	|........ ........ ...10... ........| ok p=1
Q62:	|........ ........ ...0+... ........| ok p=1
Q63:	|........ ........ ...+-... ........| ok p=1
Q64:	|........ ........ ....+... .......+|
Saving 100000 paths...done.
Autobalance parameters: maxcond=23
Verified: 0 bad out of 166138
Estimating maxcond for upper bound 400000 (=100000 * 4)...
t=27: 0%   10   20   30   40   50   60   70   80   90   100%
      |----|----|----|----|----|----|----|----|----|----|
e     ***************************************************
Found maxcond = 28
t=27: 0%   10   20   30   40   50   60   70   80   90   100%
      |----|----|----|----|----|----|----|----|----|----|
      ***************************************************
Q24:	|......+. ........ ..+..... ........|
Q25:	|...-...1 ........ .......- ........|
Q26:	|.......- ........ ..0..... ......0.|
Q27:	|...^.... ........ ..1....^ ......1.| ok p=0.991211
Q28:	|.......^ ........ ..+..... ......+.| ok p=0.917969
Q29:	|........ ........ ........ ......0.| ok p=0.99707
Q30:	|........ ........ ..^..... ......-.| ok p=1
Q31:	|........ ........ ........ ......-.| ok p=1
Q32:	|........ ........ ........ ........| ok p=1
Q33:	|........ ........ ........ ......!.| ok p=1
Q34:	|........ ........ ........ ........| ok p=1
Q35:	|........ ........ ........ ........| ok p=1
Q36:	|........ ........ ........ ........| ok p=1
Q37:	|........ ........ ........ ........| ok p=1
Q38:	|........ ........ ........ ........| ok p=1
Q39:	|........ ........ ........ ........| ok p=1
Q40:	|........ ........ ........ ........| ok p=1
Q41:	|........ ........ ........ ........| ok p=1
Q42:	|........ ........ ........ ........| ok p=1
Q43:	|........ ........ ........ ........| ok p=1
Q44:	|........ ........ ........ ........| ok p=1
Q45:	|........ ........ ........ ........| ok p=1
Q46:	|........ ........ ........ ........| ok p=1
Q47:	|........ ........ ........ ........| ok p=1
Q48:	|........ ........ ........ ........| ok p=1
Q49:	|........ ........ ........ ........| ok p=1
Q50:	|........ ........ ........ ........| ok p=1
Q51:	|........ ........ ........ ........| ok p=1
Q52:	|........ ........ ........ ........| ok p=1
Q53:	|........ ........ ........ ........| ok p=1
Q54:	|........ ........ ........ ........| ok p=1
Q55:	|........ ........ ........ ........| ok p=1
Q56:	|........ ........ ........ ........| ok p=1
Q57:	|........ ........ ........ ........| ok p=1
Q58:	|........ ........ ........ ........| ok p=1
Q59:	|........ ........ ........ ........| ok p=1
Q60:	|........ ........ ....0... ........| ok p=1
Q61:	|........ ........ ...10... ........| ok p=1
Q62:	|........ ........ ...0+... ........| ok p=1
Q63:	|........ ........ ...+-... ........| ok p=1
Q64:	|........ ........ ....+... .......+|
Saving 100000 paths...done.
Autobalance parameters: maxcond=26
Verified: 0 bad out of 173098
Estimating maxcond for upper bound 400000 (=100000 * 4)...
t=26: 0%   10   20   30   40   50   60   70   80   90   100%
      |----|----|----|----|----|----|----|----|----|----|
e     ***************************************************
Found maxcond = 31
t=26: 0%   10   20   30   40   50   60   70   80   90   100%
      |----|----|----|----|----|----|----|----|----|----|
      ***************************************************
Q23:	|........ ...+.... ..+..+.. .....+.-|
Q24:	|...1...+ ........ .......1 ........|
Q25:	|...-...0 ........ ..-....- ......-.|
Q26:	|.......- ........ ..-..... ......-.| ok p=0.986328
Q27:	|...^.... ........ ..+....^ ......+.| ok p=1
Q28:	|.......^ ........ ..+..... ......+.| ok p=0.969727
Q29:	|........ ........ ..1..... ......1.| ok p=0.990234
Q30:	|........ ........ ..0..... ......-.| ok p=1
Q31:	|........ ........ ........ ......-.| ok p=1
Q32:	|........ ........ ........ ........| ok p=1
Q33:	|........ ........ ........ ......!.| ok p=1
Q34:	|........ ........ ........ ........| ok p=1
Q35:	|........ ........ ........ ........| ok p=1
Q36:	|........ ........ ........ ........| ok p=1
Q37:	|........ ........ ........ ........| ok p=1
Q38:	|........ ........ ........ ........| ok p=1
Q39:	|........ ........ ........ ........| ok p=1
Q40:	|........ ........ ........ ........| ok p=1
Q41:	|........ ........ ........ ........| ok p=1
Q42:	|........ ........ ........ ........| ok p=1
Q43:	|........ ........ ........ ........| ok p=1
Q44:	|........ ........ ........ ........| ok p=1
Q45:	|........ ........ ........ ........| ok p=1
Q46:	|........ ........ ........ ........| ok p=1
Q47:	|........ ........ ........ ........| ok p=1
Q48:	|........ ........ ........ ........| ok p=1
Q49:	|........ ........ ........ ........| ok p=1
Q50:	|........ ........ ........ ........| ok p=1
Q51:	|........ ........ ........ ........| ok p=1
Q52:	|........ ........ ........ ........| ok p=1
Q53:	|........ ........ ........ ........| ok p=1
Q54:	|........ ........ ........ ........| ok p=1
Q55:	|........ ........ ........ ........| ok p=1
Q56:	|........ ........ ........ ........| ok p=1
Q57:	|........ ........ ........ ........| ok p=1
Q58:	|........ ........ ........ ........| ok p=1
Q59:	|........ ........ ........ ........| ok p=1
Q60:	|........ ........ ....0... ........| ok p=1
Q61:	|........ ........ ...10... ........| ok p=1
Q62:	|........ ........ ...0+... ........| ok p=1
Q63:	|........ ........ ...+-... ........| ok p=1
Q64:	|........ ........ ....+... .......+|
Saving 100000 paths...done.
Autobalance parameters: maxcond=29
Verified: 0 bad out of 174411
Estimating maxcond for upper bound 400000 (=100000 * 4)...
t=25: 0%   10   20   30   40   50   60   70   80   90   100%
      |----|----|----|----|----|----|----|----|----|----|
e     ***************************************************
Found maxcond = 36
t=25: 0%   10   20   30   40   50   60   70   80   90   100%
      |----|----|----|----|----|----|----|----|----|----|
      ***************************************************
Q22:	|+....... ....+... -....... ...+....|
Q23:	|...+.... ........ .....+.0 ........|
Q24:	|...0...0 ........ ..0....1 ........|
Q25:	|...-...1 ........ .....^.- ........| ok p=0.478516
Q26:	|.......- ........ .0+..... ......0.| ok p=0.993164
Q27:	|...^.... ........ .1+....^ ......1.| ok p=1
Q28:	|.......^ ........ .+-..... ......+.| ok p=0.911133
Q29:	|........ ........ ..0..... ......0.| ok p=0.99707
Q30:	|........ ........ .^1..... ......-.| ok p=1
Q31:	|........ ........ ........ ......-.| ok p=1
Q32:	|........ ........ ........ ........| ok p=1
Q33:	|........ ........ ........ ......!.| ok p=1
Q34:	|........ ........ ........ ........| ok p=1
Q35:	|........ ........ ........ ........| ok p=1
Q36:	|........ ........ ........ ........| ok p=1
Q37:	|........ ........ ........ ........| ok p=1
Q38:	|........ ........ ........ ........| ok p=1
Q39:	|........ ........ ........ ........| ok p=1
Q40:	|........ ........ ........ ........| ok p=1
Q41:	|........ ........ ........ ........| ok p=1
Q42:	|........ ........ ........ ........| ok p=1
Q43:	|........ ........ ........ ........| ok p=1
Q44:	|........ ........ ........ ........| ok p=1
Q45:	|........ ........ ........ ........| ok p=1
Q46:	|........ ........ ........ ........| ok p=1
Q47:	|........ ........ ........ ........| ok p=1
Q48:	|........ ........ ........ ........| ok p=1
Q49:	|........ ........ ........ ........| ok p=1
Q50:	|........ ........ ........ ........| ok p=1
Q51:	|........ ........ ........ ........| ok p=1
Q52:	|........ ........ ........ ........| ok p=1
Q53:	|........ ........ ........ ........| ok p=1
Q54:	|........ ........ ........ ........| ok p=1
Q55:	|........ ........ ........ ........| ok p=1
Q56:	|........ ........ ........ ........| ok p=1
Q57:	|........ ........ ........ ........| ok p=1
Q58:	|........ ........ ........ ........| ok p=1
Q59:	|........ ........ ........ ........| ok p=1
Q60:	|........ ........ ....0... ........| ok p=1
Q61:	|........ ........ ...10... ........| ok p=1
Q62:	|........ ........ ...0+... ........| ok p=1
Q63:	|........ ........ ...+-... ........| ok p=1
Q64:	|........ ........ ....+... .......+|
Saving 100000 paths...done.
Autobalance parameters: maxcond=34
Verified: 0 bad out of 178123
Estimating maxcond for upper bound 400000 (=100000 * 4)...
t=24: 0%   10   20   30   40   50   60   70   80   90   100%
      |----|----|----|----|----|----|----|----|----|----|
e     ***************************************************
Found maxcond = 44
t=24: 0%   10   20   30   40   50   60   70   80   90   100%
      |----|----|----|----|----|----|----|----|----|----|
      ***************************************************
Q21:	|......-. +..-.... ..-...-. ....-...|
Q22:	|+....... ....+... .....1.. .......1|
Q23:	|...0...+ ........ ..+..+.0 .......+|
Q24:	|^..1...+ ....^... ..+....1 ........| ok p=0.930664
Q25:	|...-...- ........ ..-..^.- .......^| ok p=0.505859
Q26:	|.......- ........ ..-..... ......0.| ok p=0.994141
Q27:	|...^...1 ........ ..+....^ ......1.| ok p=1
Q28:	|.......0 ........ ..+..... ......+.| ok p=0.912109
Q29:	|........ ........ ..1..... ......0.| ok p=1
Q30:	|........ ........ ..0..... ......-.| ok p=1
Q31:	|........ ........ ........ ......-.| ok p=1
Q32:	|........ ........ ........ ........| ok p=1
Q33:	|........ ........ ........ ......!.| ok p=1
Q34:	|........ ........ ........ ........| ok p=1
Q35:	|........ ........ ........ ........| ok p=1
Q36:	|........ ........ ........ ........| ok p=1
Q37:	|........ ........ ........ ........| ok p=1
Q38:	|........ ........ ........ ........| ok p=1
Q39:	|........ ........ ........ ........| ok p=1
Q40:	|........ ........ ........ ........| ok p=1
Q41:	|........ ........ ........ ........| ok p=1
Q42:	|........ ........ ........ ........| ok p=1
Q43:	|........ ........ ........ ........| ok p=1
Q44:	|........ ........ ........ ........| ok p=1
Q45:	|........ ........ ........ ........| ok p=1
Q46:	|........ ........ ........ ........| ok p=1
Q47:	|........ ........ ........ ........| ok p=1
Q48:	|........ ........ ........ ........| ok p=1
Q49:	|........ ........ ........ ........| ok p=1
Q50:	|........ ........ ........ ........| ok p=1
Q51:	|........ ........ ........ ........| ok p=1
Q52:	|........ ........ ........ ........| ok p=1
Q53:	|........ ........ ........ ........| ok p=1
Q54:	|........ ........ ........ ........| ok p=1
Q55:	|........ ........ ........ ........| ok p=1
Q56:	|........ ........ ........ ........| ok p=1
Q57:	|........ ........ ........ ........| ok p=1
Q58:	|........ ........ ........ ........| ok p=1
Q59:	|........ ........ ........ ........| ok p=1
Q60:	|........ ........ ....0... ........| ok p=1
Q61:	|........ ........ ...10... ........| ok p=1
Q62:	|........ ........ ...0+... ........| ok p=1
Q63:	|........ ........ ...+-... ........| ok p=1
Q64:	|........ ........ ....+... .......+|
Saving 100000 paths...done.
Autobalance parameters: maxcond=42
Verified: 0 bad out of 175873
Estimating maxcond for upper bound 400000 (=100000 * 4)...
t=23: 0%   10   20   30   40   50   60   70   80   90   100%
      |----|----|----|----|----|----|----|----|----|----|
e     ***************************************************
Found maxcond = 53
t=23: 0%   10   20   30   40   50   60   70   80   90   100%
      |----|----|----|----|----|----|----|----|----|----|
      ***************************************************
Q20:	|...-.... .-...... ......-. ........|
Q21:	|1....... ....1... 1....0.. ...1-...|
Q22:	|+..+.... ....+... -....1.. ...+....|
Q23:	|...+.... ........ .....+.0 ....^...| ok p=0.756836
Q24:	|^..-...0 ....^... ^.0....1 ...^....| ok p=1
Q25:	|...-...1 ........ .....^.- ........| ok p=0.462891
Q26:	|...1...- ........ .0+..... ......0.| ok p=1
Q27:	|...0.... ........ .1+....^ ......1.| ok p=1
Q28:	|.......^ ........ .+-..... ......+.| ok p=0.908203
Q29:	|........ ........ ..0..... ......0.| ok p=1
Q30:	|........ ........ .^1..... ......-.| ok p=1
Q31:	|........ ........ ........ ......-.| ok p=1
Q32:	|........ ........ ........ ........| ok p=1
Q33:	|........ ........ ........ ......!.| ok p=1
Q34:	|........ ........ ........ ........| ok p=1
Q35:	|........ ........ ........ ........| ok p=1
Q36:	|........ ........ ........ ........| ok p=1
Q37:	|........ ........ ........ ........| ok p=1
Q38:	|........ ........ ........ ........| ok p=1
Q39:	|........ ........ ........ ........| ok p=1
Q40:	|........ ........ ........ ........| ok p=1
Q41:	|........ ........ ........ ........| ok p=1
Q42:	|........ ........ ........ ........| ok p=1
Q43:	|........ ........ ........ ........| ok p=1
Q44:	|........ ........ ........ ........| ok p=1
Q45:	|........ ........ ........ ........| ok p=1
Q46:	|........ ........ ........ ........| ok p=1
Q47:	|........ ........ ........ ........| ok p=1
Q48:	|........ ........ ........ ........| ok p=1
Q49:	|........ ........ ........ ........| ok p=1
Q50:	|........ ........ ........ ........| ok p=1
Q51:	|........ ........ ........ ........| ok p=1
Q52:	|........ ........ ........ ........| ok p=1
Q53:	|........ ........ ........ ........| ok p=1
Q54:	|........ ........ ........ ........| ok p=1
Q55:	|........ ........ ........ ........| ok p=1
Q56:	|........ ........ ........ ........| ok p=1
Q57:	|........ ........ ........ ........| ok p=1
Q58:	|........ ........ ........ ........| ok p=1
Q59:	|........ ........ ........ ........| ok p=1
Q60:	|........ ........ ....0... ........| ok p=1
Q61:	|........ ........ ...10... ........| ok p=1
Q62:	|........ ........ ...0+... ........| ok p=1
Q63:	|........ ........ ...+-... ........| ok p=1
Q64:	|........ ........ ....+... .......+|
Saving 100000 paths...done.
Autobalance parameters: maxcond=52
Verified: 0 bad out of 136894
Estimating maxcond for upper bound 400000 (=100000 * 4)...
t=22: 0%   10   20   30   40   50   60   70   80   90   100%
      |----|----|----|----|----|----|----|----|----|----|
e     ***************************************************
Found maxcond = 59
t=22: 0%   10   20   30   40   50   60   70   80   90   100%
      |----|----|----|----|----|----|----|----|----|----|
      ***************************************************
Q19:	|+..+.... .-....-. ........ ..-...+.|
Q20:	|........ 1-..0... 0....... ...-1...|
Q21:	|-....... -...1... 1....0.. ...0-...|
Q22:	|-....... .^..+... -....1.. ...+....| ok p=0.421875
Q23:	|0..0.... ^....... .....+.0 ....^...| ok p=0.994141
Q24:	|1..1...0 ....^... ^.0....1 ...^....| ok p=0.943359
Q25:	|...-...1 ........ .....^.- ........| ok p=0.492188
Q26:	|.......- ........ .0+..... ......0.| ok p=0.991211
Q27:	|...^.... ........ .1+....^ ......1.| ok p=1
Q28:	|.......^ ........ .+-..... ......+.| ok p=0.908203
Q29:	|........ ........ ..0..... ......0.| ok p=0.995117
Q30:	|........ ........ .^1..... ......-.| ok p=1
Q31:	|........ ........ ........ ......-.| ok p=1
Q32:	|........ ........ ........ ........| ok p=1
Q33:	|........ ........ ........ ......!.| ok p=1
Q34:	|........ ........ ........ ........| ok p=1
Q35:	|........ ........ ........ ........| ok p=1
Q36:	|........ ........ ........ ........| ok p=1
Q37:	|........ ........ ........ ........| ok p=1
Q38:	|........ ........ ........ ........| ok p=1
Q39:	|........ ........ ........ ........| ok p=1
Q40:	|........ ........ ........ ........| ok p=1
Q41:	|........ ........ ........ ........| ok p=1
Q42:	|........ ........ ........ ........| ok p=1
Q43:	|........ ........ ........ ........| ok p=1
Q44:	|........ ........ ........ ........| ok p=1
Q45:	|........ ........ ........ ........| ok p=1
Q46:	|........ ........ ........ ........| ok p=1
Q47:	|........ ........ ........ ........| ok p=1
Q48:	|........ ........ ........ ........| ok p=1
Q49:	|........ ........ ........ ........| ok p=1
Q50:	|........ ........ ........ ........| ok p=1
Q51:	|........ ........ ........ ........| ok p=1
Q52:	|........ ........ ........ ........| ok p=1
Q53:	|........ ........ ........ ........| ok p=1
Q54:	|........ ........ ........ ........| ok p=1
Q55:	|........ ........ ........ ........| ok p=1
Q56:	|........ ........ ........ ........| ok p=1
Q57:	|........ ........ ........ ........| ok p=1
Q58:	|........ ........ ........ ........| ok p=1
Q59:	|........ ........ ........ ........| ok p=1
Q60:	|........ ........ ....0... ........| ok p=1
Q61:	|........ ........ ...10... ........| ok p=1
Q62:	|........ ........ ...0+... ........| ok p=1
Q63:	|........ ........ ...+-... ........| ok p=1
Q64:	|........ ........ ....+... .......+|
Saving 100000 paths...done.
Autobalance parameters: maxcond=58
Verified: 0 bad out of 123388
Estimating maxcond for upper bound 400000 (=100000 * 4)...
t=21: 0%   10   20   30   40   50   60   70   80   90   100%
      |----|----|----|----|----|----|----|----|----|----|
e     ***************************************************
Found maxcond = 71
t=21: 0%   10   20   30   40   50   60   70   80   90   100%
      |----|----|----|----|----|----|----|----|----|----|
      ***************************************************
Q18:	|...+.-.. .+...... .+...+.. ..-.-...|
Q19:	|...+.... .1....+. ........ ...--.+.|
Q20:	|0....... -+..0... 0....... ...00...|
Q21:	|1..^.... -0..1.^. 1....0.. ...1-.^.| ok p=0.488281
Q22:	|-....... 11..+... -....1.. ...+....| ok p=0.473633
Q23:	|...0.... ^....... .....+.0 ....^...| ok p=0.996094
Q24:	|^..1...0 ....^... ^.0....1 ...^....| ok p=0.925781
Q25:	|...-...1 ........ .....^.- ........| ok p=0.439453
Q26:	|.......- ........ .0+..... ......0.| ok p=0.991211
Q27:	|...^.... ........ .1+....^ ......1.| ok p=1
Q28:	|.......^ ........ .+-..... ......+.| ok p=0.893555
Q29:	|........ ........ ..0..... ......0.| ok p=0.996094
Q30:	|........ ........ .^1..... ......-.| ok p=1
Q31:	|........ ........ ........ ......-.| ok p=1
Q32:	|........ ........ ........ ........| ok p=1
Q33:	|........ ........ ........ ......!.| ok p=1
Q34:	|........ ........ ........ ........| ok p=1
Q35:	|........ ........ ........ ........| ok p=1
Q36:	|........ ........ ........ ........| ok p=1
Q37:	|........ ........ ........ ........| ok p=1
Q38:	|........ ........ ........ ........| ok p=1
Q39:	|........ ........ ........ ........| ok p=1
Q40:	|........ ........ ........ ........| ok p=1
Q41:	|........ ........ ........ ........| ok p=1
Q42:	|........ ........ ........ ........| ok p=1
Q43:	|........ ........ ........ ........| ok p=1
Q44:	|........ ........ ........ ........| ok p=1
Q45:	|........ ........ ........ ........| ok p=1
Q46:	|........ ........ ........ ........| ok p=1
Q47:	|........ ........ ........ ........| ok p=1
Q48:	|........ ........ ........ ........| ok p=1
Q49:	|........ ........ ........ ........| ok p=1
Q50:	|........ ........ ........ ........| ok p=1
Q51:	|........ ........ ........ ........| ok p=1
Q52:	|........ ........ ........ ........| ok p=1
Q53:	|........ ........ ........ ........| ok p=1
Q54:	|........ ........ ........ ........| ok p=1
Q55:	|........ ........ ........ ........| ok p=1
Q56:	|........ ........ ........ ........| ok p=1
Q57:	|........ ........ ........ ........| ok p=1
Q58:	|........ ........ ........ ........| ok p=1
Q59:	|........ ........ ........ ........| ok p=1
Q60:	|........ ........ ....0... ........| ok p=1
Q61:	|........ ........ ...10... ........| ok p=1
Q62:	|........ ........ ...0+... ........| ok p=1
Q63:	|........ ........ ...+-... ........| ok p=1
Q64:	|........ ........ ....+... .......+|
Saving 100000 paths...done.
Autobalance parameters: maxcond=69
Verified: 0 bad out of 191727
Runtime: 9.90629
Extend MD5 differential paths backward
Copyright (C) 2009 Marc Stevens
http://homepages.cwi.nl/~stevens/

delta_m[11] = [!1!]
Loading workdir3/paths21_0of1...done: 100000 (work:100000).
Estimating maxcond for upper bound 65536 (=16384 * 4)...
t=20: 0%   10   20   30   40   50   60   70   80   90   100%
      |----|----|----|----|----|----|----|----|----|----|
e     ***************************************************
Found maxcond = 83
t=20: 0%   10   20   30   40   50   60   70   80   90   100%
      |----|----|----|----|----|----|----|----|----|----|
      ***************************************************
Q17:	|.-...... .+....-. ........ ........|
Q18:	|...+.-.. ......1. .+...+.. ..-...1.|
Q19:	|...+.... 0-....+. ........ ..-.0.+.|
Q20:	|0..0.^.. 1-..0... 0^...^.. ..001...| ok p=1
Q21:	|1..^.... -1..1.^. 1....0.. ..11-.^.| ok p=0.498047
Q22:	|+....... .^..+... -....1.. ...+....| ok p=0.492188
Q23:	|...0.... ^....... .....+.0 ....^...| ok p=0.995117
Q24:	|^..1...0 ....^... ^.0....1 ...^....| ok p=0.94043
Q25:	|...-...1 ........ .....^.- ........| ok p=0.487305
Q26:	|.......- ........ .0+..... ......0.| ok p=0.993164
Q27:	|...^.... ........ .1+....^ ......1.| ok p=1
Q28:	|.......^ ........ .+-..... ......+.| ok p=0.887695
Q29:	|........ ........ ..0..... ......0.| ok p=0.995117
Q30:	|........ ........ .^1..... ......-.| ok p=1
Q31:	|........ ........ ........ ......-.| ok p=1
Q32:	|........ ........ ........ ........| ok p=1
Q33:	|........ ........ ........ ......!.| ok p=1
Q34:	|........ ........ ........ ........| ok p=1
Q35:	|........ ........ ........ ........| ok p=1
Q36:	|........ ........ ........ ........| ok p=1
Q37:	|........ ........ ........ ........| ok p=1
Q38:	|........ ........ ........ ........| ok p=1
Q39:	|........ ........ ........ ........| ok p=1
Q40:	|........ ........ ........ ........| ok p=1
Q41:	|........ ........ ........ ........| ok p=1
Q42:	|........ ........ ........ ........| ok p=1
Q43:	|........ ........ ........ ........| ok p=1
Q44:	|........ ........ ........ ........| ok p=1
Q45:	|........ ........ ........ ........| ok p=1
Q46:	|........ ........ ........ ........| ok p=1
Q47:	|........ ........ ........ ........| ok p=1
Q48:	|........ ........ ........ ........| ok p=1
Q49:	|........ ........ ........ ........| ok p=1
Q50:	|........ ........ ........ ........| ok p=1
Q51:	|........ ........ ........ ........| ok p=1
Q52:	|........ ........ ........ ........| ok p=1
Q53:	|........ ........ ........ ........| ok p=1
Q54:	|........ ........ ........ ........| ok p=1
Q55:	|........ ........ ........ ........| ok p=1
Q56:	|........ ........ ........ ........| ok p=1
Q57:	|........ ........ ........ ........| ok p=1
Q58:	|........ ........ ........ ........| ok p=1
Q59:	|........ ........ ........ ........| ok p=1
Q60:	|........ ........ ....0... ........| ok p=1
Q61:	|........ ........ ...10... ........| ok p=1
Q62:	|........ ........ ...0+... ........| ok p=1
Q63:	|........ ........ ...+-... ........| ok p=1
Q64:	|........ ........ ....+... .......+|
Saving 16384 paths...done.
Autobalance parameters: maxcond=82
Verified: 0 bad out of 20728
Runtime: 2.48076
Extend MD5 differential paths backward
Copyright (C) 2009 Marc Stevens
http://homepages.cwi.nl/~stevens/

delta_m[11] = [!1!]
Loading workdir3/paths20_0of1...done: 16384 (work:16384).
Estimating maxcond for upper bound 2000000 (=500000 * 4)...
t=19: 0%   10   20   30   40   50   60   70   80   90   100%
      |----|----|----|----|----|----|----|----|----|----|
e     ***************************************************
Found maxcond = 94
t=19: 0%   10   20   30   40   50   60   70   80   90   100%
      |----|----|----|----|----|----|----|----|----|----|
      ***************************************************
Q16:	|...+.... ......+. ..-....- ..+..-..|
Q17:	|.-...1.. ......-. .1...1.. ......-.|
Q18:	|...+.-.. .0....1. .+...+.. ..-...0.|
Q19:	|.^.+.... 00....-. ........ ..-.0.+.| ok p=0.822266
Q20:	|0..0.^.. 1-..0... 0^...^.. ..001...| ok p=1
Q21:	|1..^.... -0..1.^. 1....0.. ..11-.^.| ok p=0.508789
Q22:	|+....... .1..+... -....1.. ...+....| ok p=0.46582
Q23:	|...0.... ^....... .....+.0 ....^...| ok p=0.992188
Q24:	|^..1...0 ....^... ^.0....1 ...^....| ok p=0.922852
Q25:	|...-...1 ........ .....^.- ........| ok p=0.480469
Q26:	|.......- ........ .0+..... ......0.| ok p=0.992188
Q27:	|...^.... ........ .1+....^ ......1.| ok p=1
Q28:	|.......^ ........ .+-..... ......+.| ok p=0.910156
Q29:	|........ ........ ..0..... ......0.| ok p=0.994141
Q30:	|........ ........ .^1..... ......-.| ok p=1
Q31:	|........ ........ ........ ......-.| ok p=1
Q32:	|........ ........ ........ ........| ok p=1
Q33:	|........ ........ ........ ......!.| ok p=1
Q34:	|........ ........ ........ ........| ok p=1
Q35:	|........ ........ ........ ........| ok p=1
Q36:	|........ ........ ........ ........| ok p=1
Q37:	|........ ........ ........ ........| ok p=1
Q38:	|........ ........ ........ ........| ok p=1
Q39:	|........ ........ ........ ........| ok p=1
Q40:	|........ ........ ........ ........| ok p=1
Q41:	|........ ........ ........ ........| ok p=1
Q42:	|........ ........ ........ ........| ok p=1
Q43:	|........ ........ ........ ........| ok p=1
Q44:	|........ ........ ........ ........| ok p=1
Q45:	|........ ........ ........ ........| ok p=1
Q46:	|........ ........ ........ ........| ok p=1
Q47:	|........ ........ ........ ........| ok p=1
Q48:	|........ ........ ........ ........| ok p=1
Q49:	|........ ........ ........ ........| ok p=1
Q50:	|........ ........ ........ ........| ok p=1
Q51:	|........ ........ ........ ........| ok p=1
Q52:	|........ ........ ........ ........| ok p=1
Q53:	|........ ........ ........ ........| ok p=1
Q54:	|........ ........ ........ ........| ok p=1
Q55:	|........ ........ ........ ........| ok p=1
Q56:	|........ ........ ........ ........| ok p=1
Q57:	|........ ........ ........ ........| ok p=1
Q58:	|........ ........ ........ ........| ok p=1
Q59:	|........ ........ ........ ........| ok p=1
Q60:	|........ ........ ....0... ........| ok p=1
Q61:	|........ ........ ...10... ........| ok p=1
Q62:	|........ ........ ...0+... ........| ok p=1
Q63:	|........ ........ ...+-... ........| ok p=1
Q64:	|........ ........ ....+... .......+|
Saving 500000 paths...done.
Autobalance parameters: maxcond=93
Verified: 0 bad out of 634191
Estimating maxcond for upper bound 2000000 (=500000 * 4)...
t=18: 0%   10   20   30   40   50   60   70   80   90   100%
      |----|----|----|----|----|----|----|----|----|----|
e     ***************************************************
Found maxcond = 106
t=18: 0%   10   20   30   40   50   60   70   80   90   100%
      |----|----|----|----|----|----|----|----|----|----|
      ***************************************************
Q15:	|...-.... .-..+... ...+..-. ...-.+.+|
Q16:	|.1.+.+.. ......+. .0-..0.- ..+.....|
Q17:	|.-.-.0.. .+....0. .1...1.. ..0...0.|
Q18:	|...+.-.. .+....0. .+^..+.^ ..-...1.| ok p=0.876953
Q19:	|.^.+.... 1-....-. ........ ..-.0.+.| ok p=0.799805
Q20:	|0..1.^.. 1-..0... 0^...^.. ..001...| ok p=1
Q21:	|1..^.... -0..1.^. 1....0.. ..11-.^.| ok p=0.487305
Q22:	|-....... .^..+... -....1.. ...+....| ok p=0.478516
Q23:	|...0.... ^....... .....+.0 ....^...| ok p=1
Q24:	|^..1...0 ....^... ^.0....1 ...^....| ok p=0.94043
Q25:	|...-...1 ........ .....^.- ........| ok p=0.462891
Q26:	|.......- ........ .0+..... ......0.| ok p=0.994141
Q27:	|...^.... ........ .1+....^ ......1.| ok p=1
Q28:	|.......^ ........ .+-..... ......+.| ok p=0.917969
Q29:	|........ ........ ..0..... ......0.| ok p=0.999023
Q30:	|........ ........ .^1..... ......-.| ok p=1
Q31:	|........ ........ ........ ......-.| ok p=1
Q32:	|........ ........ ........ ........| ok p=1
Q33:	|........ ........ ........ ......!.| ok p=1
Q34:	|........ ........ ........ ........| ok p=1
Q35:	|........ ........ ........ ........| ok p=1
Q36:	|........ ........ ........ ........| ok p=1
Q37:	|........ ........ ........ ........| ok p=1
Q38:	|........ ........ ........ ........| ok p=1
Q39:	|........ ........ ........ ........| ok p=1
Q40:	|........ ........ ........ ........| ok p=1
Q41:	|........ ........ ........ ........| ok p=1
Q42:	|........ ........ ........ ........| ok p=1
Q43:	|........ ........ ........ ........| ok p=1
Q44:	|........ ........ ........ ........| ok p=1
Q45:	|........ ........ ........ ........| ok p=1
Q46:	|........ ........ ........ ........| ok p=1
Q47:	|........ ........ ........ ........| ok p=1
Q48:	|........ ........ ........ ........| ok p=1
Q49:	|........ ........ ........ ........| ok p=1
Q50:	|........ ........ ........ ........| ok p=1
Q51:	|........ ........ ........ ........| ok p=1
Q52:	|........ ........ ........ ........| ok p=1
Q53:	|........ ........ ........ ........| ok p=1
Q54:	|........ ........ ........ ........| ok p=1
Q55:	|........ ........ ........ ........| ok p=1
Q56:	|........ ........ ........ ........| ok p=1
Q57:	|........ ........ ........ ........| ok p=1
Q58:	|........ ........ ........ ........| ok p=1
Q59:	|........ ........ ........ ........| ok p=1
Q60:	|........ ........ ....0... ........| ok p=1
Q61:	|........ ........ ...10... ........| ok p=1
Q62:	|........ ........ ...0+... ........| ok p=1
Q63:	|........ ........ ...+-... ........| ok p=1
Q64:	|........ ........ ....+... .......+|
Saving 500000 paths...done.
Autobalance parameters: maxcond=105
Verified: 0 bad out of 721421
Estimating maxcond for upper bound 2000000 (=500000 * 4)...
t=17: 0%   10   20   30   40   50   60   70   80   90   100%
      |----|----|----|----|----|----|----|----|----|----|
e     ***************************************************
Found maxcond = 121
t=17: 0%   10   20   30   40   50   60   70   80   90   100%
      |----|----|----|----|----|----|----|----|----|----|
      ***************************************************
Q14:	|.+.-.... ...-..-. .-.....+ ......+.|
Q15:	|...-.... ....+.0. ..1+...1 ..+..+.+|
Q16:	|.-.+.0.. .+....1. .0-..0.- ..+.....|
Q17:	|.-.-.1.. .+..^.-. .1.^.1.. ..1..^0^| ok p=0.547852
Q18:	|.0.+.-.. .-....1. .+^..+.^ ..-...1.| ok p=0.905273
Q19:	|.^.+.... 0-....+. ........ ..-.0.+.| ok p=0.834961
Q20:	|0..1.^.. 1-..0... 0^...^.. ..001...| ok p=1
Q21:	|1..^.... -0..1.^. 1....0.. ..11-.^.| ok p=0.464844
Q22:	|-....... .^..+... -....1.. ...+....| ok p=0.453125
Q23:	|...0.... ^....... .....+.0 ....^...| ok p=0.998047
Q24:	|^..1...0 ....^... ^.0....1 ...^....| ok p=0.926758
Q25:	|...-...1 ........ .....^.- ........| ok p=0.464844
Q26:	|.......- ........ .0+..... ......0.| ok p=0.992188
Q27:	|...^.... ........ .1+....^ ......1.| ok p=1
Q28:	|.......^ ........ .+-..... ......+.| ok p=0.90625
Q29:	|........ ........ ..0..... ......0.| ok p=0.998047
Q30:	|........ ........ .^1..... ......-.| ok p=1
Q31:	|........ ........ ........ ......-.| ok p=1
Q32:	|........ ........ ........ ........| ok p=1
Q33:	|........ ........ ........ ......!.| ok p=1
Q34:	|........ ........ ........ ........| ok p=1
Q35:	|........ ........ ........ ........| ok p=1
Q36:	|........ ........ ........ ........| ok p=1
Q37:	|........ ........ ........ ........| ok p=1
Q38:	|........ ........ ........ ........| ok p=1
Q39:	|........ ........ ........ ........| ok p=1
Q40:	|........ ........ ........ ........| ok p=1
Q41:	|........ ........ ........ ........| ok p=1
Q42:	|........ ........ ........ ........| ok p=1
Q43:	|........ ........ ........ ........| ok p=1
Q44:	|........ ........ ........ ........| ok p=1
Q45:	|........ ........ ........ ........| ok p=1
Q46:	|........ ........ ........ ........| ok p=1
Q47:	|........ ........ ........ ........| ok p=1
Q48:	|........ ........ ........ ........| ok p=1
Q49:	|........ ........ ........ ........| ok p=1
Q50:	|........ ........ ........ ........| ok p=1
Q51:	|........ ........ ........ ........| ok p=1
Q52:	|........ ........ ........ ........| ok p=1
Q53:	|........ ........ ........ ........| ok p=1
Q54:	|........ ........ ........ ........| ok p=1
Q55:	|........ ........ ........ ........| ok p=1
Q56:	|........ ........ ........ ........| ok p=1
Q57:	|........ ........ ........ ........| ok p=1
Q58:	|........ ........ ........ ........| ok p=1
Q59:	|........ ........ ........ ........| ok p=1
Q60:	|........ ........ ....0... ........| ok p=1
Q61:	|........ ........ ...10... ........| ok p=1
Q62:	|........ ........ ...0+... ........| ok p=1
Q63:	|........ ........ ...+-... ........| ok p=1
Q64:	|........ ........ ....+... .......+|
Saving 500000 paths...done.
Autobalance parameters: maxcond=120
Verified: 0 bad out of 608082
Estimating maxcond for upper bound 2000000 (=500000 * 4)...
t=16: 0%   10   20   30   40   50   60   70   80   90   100%
      |----|----|----|----|----|----|----|----|----|----|
e     ***************************************************
Found maxcond = 133
t=16: 0%   10   20   30   40   50   60   70   80   90   100%
      |----|----|----|----|----|----|----|----|----|----|
      ***************************************************
Q13:	|..+..-.+ ........ ...-..+. ..-.+..-|
Q14:	|...-.... ..+.+... ..01...+ .....+.+|
Q15:	|.0.-.... ....+.1. ..1+...1 ..+..+.+|
Q16:	|.1.+.0.. ..^.0.1. .0-..0.- ..+..-.0| ok p=0.554688
Q17:	|.-.-.1.. ....1.-. .1.^.1.. ..1..001| ok p=0.504883
Q18:	|.0.+.-.. .0....1. .+^..+.^ ..-..^1.| ok p=0.932617
Q19:	|.1.+.... 00....+. ........ ..-.0.+.| ok p=0.831055
Q20:	|0..1.^.. 0-..0... 0^...^.. ..001...| ok p=1
Q21:	|1..^.... -1..1.^. 1....0.. ..11-.^.| ok p=0.474609
Q22:	|+....... .0..+... -....1.. ...+....| ok p=0.496094
Q23:	|...0.... ^....... .....+.0 ....^...| ok p=0.996094
Q24:	|^..1...0 ....^... ^.0....1 ...^....| ok p=0.922852
Q25:	|...-...1 ........ .....^.- ........| ok p=0.477539
Q26:	|.......- ........ .0+..... ......0.| ok p=0.990234
Q27:	|...^.... ........ .1+....^ ......1.| ok p=1
Q28:	|.......^ ........ .+-..... ......+.| ok p=0.910156
Q29:	|........ ........ ..0..... ......0.| ok p=0.999023
Q30:	|........ ........ .^1..... ......-.| ok p=1
Q31:	|........ ........ ........ ......-.| ok p=1
Q32:	|........ ........ ........ ........| ok p=1
Q33:	|........ ........ ........ ......!.| ok p=1
Q34:	|........ ........ ........ ........| ok p=1
Q35:	|........ ........ ........ ........| ok p=1
Q36:	|........ ........ ........ ........| ok p=1
Q37:	|........ ........ ........ ........| ok p=1
Q38:	|........ ........ ........ ........| ok p=1
Q39:	|........ ........ ........ ........| ok p=1
Q40:	|........ ........ ........ ........| ok p=1
Q41:	|........ ........ ........ ........| ok p=1
Q42:	|........ ........ ........ ........| ok p=1
Q43:	|........ ........ ........ ........| ok p=1
Q44:	|........ ........ ........ ........| ok p=1
Q45:	|........ ........ ........ ........| ok p=1
Q46:	|........ ........ ........ ........| ok p=1
Q47:	|........ ........ ........ ........| ok p=1
Q48:	|........ ........ ........ ........| ok p=1
Q49:	|........ ........ ........ ........| ok p=1
Q50:	|........ ........ ........ ........| ok p=1
Q51:	|........ ........ ........ ........| ok p=1
Q52:	|........ ........ ........ ........| ok p=1
Q53:	|........ ........ ........ ........| ok p=1
Q54:	|........ ........ ........ ........| ok p=1
Q55:	|........ ........ ........ ........| ok p=1
Q56:	|........ ........ ........ ........| ok p=1
Q57:	|........ ........ ........ ........| ok p=1
Q58:	|........ ........ ........ ........| ok p=1
Q59:	|........ ........ ........ ........| ok p=1
Q60:	|........ ........ ....0... ........| ok p=1
Q61:	|........ ........ ...10... ........| ok p=1
Q62:	|........ ........ ...0+... ........| ok p=1
Q63:	|........ ........ ...+-... ........| ok p=1
Q64:	|........ ........ ....+... .......+|
Saving 500000 paths...done.
Autobalance parameters: maxcond=132
Verified: 0 bad out of 519853
Runtime: 25.9916
