Connect MD5 differential paths
Copyright (C) 2009 Marc Stevens
http://homepages.cwi.nl/~stevens/

delta_m[11] = [!1!]
Loading workdir3/paths16_0of1.bin.gz...done: 500000.
Loading workdir3/paths11_0of1.bin.gz...done: 500000.
t=12: 0%   10   20   30   40   50   60   70   80   90   100%
      |----|----|----|----|----|----|----|----|----|----|
      *Q-3:	|00111111 00011011 11000101 11100011|
Q-2:	|+110-001 -1001111 1000-100 1101011-|
Q-1:	|+111-00- +1101010 1110-111 010111-+|
Q0:	|+010-1-+ 101+--01 +-10-011 000011-1| ok p=0.251953
Q1:	|1+..-.0+ 0.-101.. +-.1-1.. 0+...--0| ok p=0.681641
Q2:	|0011-.1. ..-00-.. ...+.+.. --...--+| ok p=1
Q3:	|+01.0.10 ..--1+.. 10!-0+.. 0+0..+.0| ok p=1
Q4:	|+.1.1.-. .0-001^. ...-.1.. 1+1..+00| ok p=1
Q5:	|1^-...0. .0.1.0-. ...+.-.. +0+..1..| ok p=1
Q6:	|0.-.1.1. .+0.^.1. ...1!+.. 11+..-..| ok p=1
Q7:	|1.-.1.+1 .-00+.1. ...01+.. -.0..1..| ok p=1
Q8:	|0...-.+1 .-+10... .^..1-.. -.1..1..| ok p=1
Q9:	|1.0.-.+- .1-.+... .+..++00 -!-.....| ok p=1
Q10:	|0...-.0+ 00+.1.11 1001+1.0 -111.011| ok p=1
Q11:	|1^.1+^0- 0-+10100 0-110-01 +0+0.111| ok p=1
Q12:	|-+^0+-++ +1-000-- -++--01- -+0-.+--| ok p=1
Q13:	|00++.0-- +-0+1+0+ ++++---- 1-++.-+-| ok p=1
Q14:	|110-1-01 .1+0+1-0 0.00.010 1010.+11| ok p=1
Q15:	|.00-.011 1011+110 101+1101 .0+1.---| ok p=0.611328
Q16:	|.1.+.+.. ..1.1.+. .0-..0.- ..+..--.| ok p=0.485352
Q17:	|.-.1.0.. ....1.0. .1.^.1.. ..1..01^| ok p=0.583008
Q18:	|...+.-.. .0....0. .+^..+.^ ..-..11.| ok p=0.879883
Q19:	|.^.+.... 00....-. ........ ..-.0.+.| ok p=0.832031
Q20:	|0..0.^.. 1-..0... 0^...^.. ..001...| ok p=1
Q21:	|1..0.... -0..1.^. 1....0.. ..11-.^.| ok p=0.543945
Q22:	|+....... .1..+... -....1.. ...+....| ok p=0.47168
Q23:	|...0.... ^....... .....+.0 ....^...| ok p=0.998047
Q24:	|^..1...0 ....^... ^.0....1 ...^....| ok p=0.923828
Q25:	|...-...1 ........ .....^.- ........| ok p=0.476562
Q26:	|.......- ........ .0+..... ......0.| ok p=0.992188
Q27:	|...^.... ........ .1+....^ ......1.| ok p=1
Q28:	|.......^ ........ .+-..... ......+.| ok p=0.885742
Q29:	|........ ........ ..0..... ......0.| ok p=0.998047
Q30:	|........ ........ .^1..... ......-.| ok p=1
Q31:	|........ ........ ........ ......-.| ok p=1
Q32:	|........ ........ ........ ........| ok p=1
Q33:	|........ ........ ........ ......!.| ok p=1
Q34:	|........ ........ ........ ........| ok p=1
Q35:	|........ ........ ........ ........| ok p=1
Q36:	|........ ........ ........ ........| ok p=1
Q37:	|........ ........ ........ ........| ok p=1
Q38:	|........ ........ ........ ........| ok p=1
Q39:	|........ ........ ........ ........| ok p=1
Q40:	|........ ........ ........ ........| ok p=1
Q41:	|........ ........ ........ ........| ok p=1
Q42:	|........ ........ ........ ........| ok p=1
Q43:	|........ ........ ........ ........| ok p=1
Q44:	|........ ........ ........ ........| ok p=1
Q45:	|........ ........ ........ ........| ok p=1
Q46:	|........ ........ ........ ........| ok p=1
Q47:	|........ ........ ........ ........| ok p=1
Q48:	|........ ........ ........ ........| ok p=1
Q49:	|........ ........ ........ ........| ok p=1
Q50:	|........ ........ ........ ........| ok p=1
Q51:	|........ ........ ........ ........| ok p=1
Q52:	|........ ........ ........ ........| ok p=1
Q53:	|........ ........ ........ ........| ok p=1
Q54:	|........ ........ ........ ........| ok p=1
Q55:	|........ ........ ........ ........| ok p=1
Q56:	|........ ........ ........ ........| ok p=1
Q57:	|........ ........ ........ ........| ok p=1
Q58:	|........ ........ ........ ........| ok p=1
Q59:	|........ ........ ........ ........| ok p=1
Q60:	|........ ........ ....0... ........| ok p=1
Q61:	|........ ........ ...10... ........| ok p=1
Q62:	|........ ........ ...0+... ........| ok p=1
Q63:	|........ ........ ...+-... ........| ok p=1
Q64:	|........ ........ ....+... .......+|
Best path: totcompl=-29 tottunnel=33, totcond=570, p=0.00235904
Q-3:	|00111111 00011011 11000101 11100011|
Q-2:	|+110-001 -1001111 1000-100 1101011-|
Q-1:	|+111-00- +1101010 1110-111 010111-+|
Q0:	|+010-1-+ 101+--01 +-10-011 000011-1| ok p=0.230469
Q1:	|1+..-.0+ 0.-101.. +-.1-1.. 0+...--0| ok p=0.683594
Q2:	|000.-.1. ..-00-.. 0..+.+.. --...--+| ok p=1
Q3:	|-01...10 ..--.+1. 10.-0+.. 0+0..+.0| ok p=1
Q4:	|-11.1.-. .0-0^10. ...-.1.. 1+1..+00| ok p=1
Q5:	|0.-...01 .1.1.0-. ...+.-.. +0+..0..| ok p=1
Q6:	|0!0...11 .+01..1. ...1!+.. 01+..-..| ok p=1
Q7:	|..1.^..+ .-.+..1. ^..0.+.. 1....1..| ok p=1
Q8:	|!.+.-..+ .1^-..0. -0.+.-.. ..01.1..| ok p=1
Q9:	|!.0.0... .0.-..0. 00.-.-.0 ...0...0| ok p=1
Q10:	|..1.11.0 .+0-1.+. 0-1-1-.1 .11+0110| ok p=1
Q11:	|.^10.1.1 011+10+1 -+0-11.- .00+110-| ok p=1
Q12:	|!-01^+^+ 1---+1.0 00-++1^- .++1+++-| ok p=1
Q13:	|!0++-++- +1-++-1+ +++-+--0 .0-+0-+-| ok p=1
Q14:	|!01-0.10 11+1+010 11+0111+ .110+-11| ok p=1
Q15:	|.00-1101 0.11+011 110+1011 ..+01---| ok p=0.764648
Q16:	|.1.+.0.. ..1.1.+. .0-..0.- ..+.1--.| ok p=0.467773
Q17:	|.-.1.1.. ....1.-. .1.^.1.. ..1..01^| ok p=0.598633
Q18:	|...+.-.. .0....1. .+^..+.^ ..-..11.| ok p=0.868164
Q19:	|.^.+.... 00....-. ........ ..-.0.+.| ok p=0.825195
Q20:	|0..0.^.. 1-..0... 0^...^.. ..001...| ok p=1
Q21:	|1..0.... -0..1.^. 1....0.. ..11-.^.| ok p=0.541016
Q22:	|+....... .1..+... -....1.. ...+....| ok p=0.495117
Q23:	|...0.... ^....... .....+.0 ....^...| ok p=0.995117
Q24:	|^..1...0 ....^... ^.0....1 ...^....| ok p=0.933594
Q25:	|...-...1 ........ .....^.- ........| ok p=0.484375
Q26:	|.......- ........ .0+..... ......0.| ok p=0.988281
Q27:	|...^.... ........ .1+....^ ......1.| ok p=1
Q28:	|.......^ ........ .+-..... ......+.| ok p=0.919922
Q29:	|........ ........ ..0..... ......0.| ok p=0.999023
Q30:	|........ ........ .^1..... ......-.| ok p=1
Q31:	|........ ........ ........ ......-.| ok p=1
Q32:	|........ ........ ........ ........| ok p=1
Q33:	|........ ........ ........ ......!.| ok p=1
Q34:	|........ ........ ........ ........| ok p=1
Q35:	|........ ........ ........ ........| ok p=1
Q36:	|........ ........ ........ ........| ok p=1
Q37:	|........ ........ ........ ........| ok p=1
Q38:	|........ ........ ........ ........| ok p=1
Q39:	|........ ........ ........ ........| ok p=1
Q40:	|........ ........ ........ ........| ok p=1
Q41:	|........ ........ ........ ........| ok p=1
Q42:	|........ ........ ........ ........| ok p=1
Q43:	|........ ........ ........ ........| ok p=1
Q44:	|........ ........ ........ ........| ok p=1
Q45:	|........ ........ ........ ........| ok p=1
Q46:	|........ ........ ........ ........| ok p=1
Q47:	|........ ........ ........ ........| ok p=1
Q48:	|........ ........ ........ ........| ok p=1
Q49:	|........ ........ ........ ........| ok p=1
Q50:	|........ ........ ........ ........| ok p=1
Q51:	|........ ........ ........ ........| ok p=1
Q52:	|........ ........ ........ ........| ok p=1
Q53:	|........ ........ ........ ........| ok p=1
Q54:	|........ ........ ........ ........| ok p=1
Q55:	|........ ........ ........ ........| ok p=1
Q56:	|........ ........ ........ ........| ok p=1
Q57:	|........ ........ ........ ........| ok p=1
Q58:	|........ ........ ........ ........| ok p=1
Q59:	|........ ........ ........ ........| ok p=1
Q60:	|........ ........ ....0... ........| ok p=1
Q61:	|........ ........ ...10... ........| ok p=1
Q62:	|........ ........ ...0+... ........| ok p=1
Q63:	|........ ........ ...+-... ........| ok p=1
Q64:	|........ ........ ....+... .......+|
Best path: totcompl=-25 tottunnel=37, totcond=562, p=0.00248034
Q-3:	|00111111 00011011 11000101 11100011|
Q-2:	|+110-001 -1001111 1000-100 1101011-|
Q-1:	|+111-00- +1101010 1110-111 010111-+|
Q0:	|+010-1-+ 101+--01 +-10-011 000011-1| ok p=0.231445
Q1:	|1+..-.0+ 0.-101.. +-.1-1.. 0+...--0| ok p=0.685547
Q2:	|001.-.1. ..-00-.. .1.+.+.. --...--+| ok p=1
Q3:	|+00...10 ..--.+1. 10.-0+.. 0+0..+.0| ok p=1
Q4:	|+00!1.-. .0-0^10. ...-.1.. 1+1..+00| ok p=1
Q5:	|0.-...01 .1.1.0-. ...+.-.. +0+..0..| ok p=1
Q6:	|0!0...11 .+01..1. ...1!+.. 01+..-..| ok p=1
Q7:	|..1.^..+ .-.+..1. ^..0.+.. 1....1..| ok p=1
Q8:	|.!+.-..+ .1^-..0. -..+.-.. ..01.1..| ok p=1
Q9:	|!.0.0... .0.-..0. 0^.-.-.0 ...0...0| ok p=1
Q10:	|.10.10.1 1+.-1.+. 0-0-.-^1 00.+0010| ok p=1
Q11:	|.11^10.1 000+11+^ 111-.1-- 11.+110-| ok p=1
Q12:	|.-+---^+ -01++00+ ---.^+0+ +-.++++-| ok p=1
Q13:	|!0+1-++- +--1--+0 10-1---1 100-01--| ok p=1
Q14:	|.1.-.010 10++0010 1000111+ 10100001| ok p=1
Q15:	|.00-1101 0111+01. ..1+0101 ..+1.---| ok p=1
Q16:	|.1.+.0.. ..01..+. .0-..0.- ..+..-1.| ok p=0.621094
Q17:	|.-.-.1.. ....^.-. .1.^.1.. ..1..00^| ok p=0.519531
Q18:	|...+.-.. .0....1. .+^..+.^ ..-..11.| ok p=0.898438
Q19:	|.^.+.... 00....-. ........ ..-.0.+.| ok p=0.820312
Q20:	|0..1.^.. 0-..0... 0^...^.. ..001...| ok p=1
Q21:	|1..1.... -1..1.^. 1....0.. ..11-.^.| ok p=0.545898
Q22:	|-....... .0..+... -....1.. ...+....| ok p=0.499023
Q23:	|...0.... ^....... .....+.0 ....^...| ok p=0.998047
Q24:	|^..1...0 ....^... ^.0....1 ...^....| ok p=0.933594
Q25:	|...-...1 ........ .....^.- ........| ok p=0.498047
Q26:	|.......- ........ .0+..... ......0.| ok p=0.996094
Q27:	|...^.... ........ .1+....^ ......1.| ok p=1
Q28:	|.......^ ........ .+-..... ......+.| ok p=0.908203
Q29:	|........ ........ ..0..... ......0.| ok p=0.998047
Q30:	|........ ........ .^1..... ......-.| ok p=1
Q31:	|........ ........ ........ ......-.| ok p=1
Q32:	|........ ........ ........ ........| ok p=1
Q33:	|........ ........ ........ ......!.| ok p=1
Q34:	|........ ........ ........ ........| ok p=1
Q35:	|........ ........ ........ ........| ok p=1
Q36:	|........ ........ ........ ........| ok p=1
Q37:	|........ ........ ........ ........| ok p=1
Q38:	|........ ........ ........ ........| ok p=1
Q39:	|........ ........ ........ ........| ok p=1
Q40:	|........ ........ ........ ........| ok p=1
Q41:	|........ ........ ........ ........| ok p=1
Q42:	|........ ........ ........ ........| ok p=1
Q43:	|........ ........ ........ ........| ok p=1
Q44:	|........ ........ ........ ........| ok p=1
Q45:	|........ ........ ........ ........| ok p=1
Q46:	|........ ........ ........ ........| ok p=1
Q47:	|........ ........ ........ ........| ok p=1
Q48:	|........ ........ ........ ........| ok p=1
Q49:	|........ ........ ........ ........| ok p=1
Q50:	|........ ........ ........ ........| ok p=1
Q51:	|........ ........ ........ ........| ok p=1
Q52:	|........ ........ ........ ........| ok p=1
Q53:	|........ ........ ........ ........| ok p=1
Q54:	|........ ........ ........ ........| ok p=1
Q55:	|........ ........ ........ ........| ok p=1
Q56:	|........ ........ ........ ........| ok p=1
Q57:	|........ ........ ........ ........| ok p=1
Q58:	|........ ........ ........ ........| ok p=1
Q59:	|........ ........ ........ ........| ok p=1
Q60:	|........ ........ ....0... ........| ok p=1
Q61:	|........ ........ ...10... ........| ok p=1
Q62:	|........ ........ ...0+... ........| ok p=1
Q63:	|........ ........ ...+-... ........| ok p=1
Q64:	|........ ........ ....+... .......+|
Best path: totcompl=-25 tottunnel=37, totcond=559, p=0.00444539
Q-3:	|00111111 00011011 11000101 11100011|
Q-2:	|+110-001 -1001111 1000-100 1101011-|
Q-1:	|+111-00- +1101010 1110-111 010111-+|
Q0:	|+010-1-+ 101+--01 +-10-011 000011-1| ok p=0.239258
Q1:	|1+..-.0+ 0.-101.. +-.1-1.. 0+...--0| ok p=0.677734
Q2:	|000.-.1. ..-00-.. 0..+.+.. --...--+| ok p=1
Q3:	|-01...10 ..--1+1. 10.-0+.. 0+0..+.0| ok p=1
Q4:	|-11.1.-. .0-0.10. ...-.1.. 1+1..+00| ok p=1
Q5:	|0.-...01 .1.1.0-. ...+.-.. +0+..0..| ok p=1
Q6:	|0!0...11 .+01..1. ...1!+.. 01+..-..| ok p=1
Q7:	|..1.^..+ .-.+..1. ^..0.+.. 1....1..| ok p=1
Q8:	|.!+.-..+ .1^-..0. -.0+.-.. ..01.1..| ok p=1
Q9:	|.!0.0... .0.-..1. 0.0-.-.0 ...0....| ok p=1
Q10:	|..110..0 0+1-1.+. -.++1-.1 .11+.^0.| ok p=1
Q11:	|..100^.1 110+00+! -0+1001- .10+.+1.| ok p=1
Q12:	|!^----^0 +0+1-10^ 01-1+00- ^-+1.1+.| ok p=1
Q13:	|!+--+0+- +-0+1+++ +++10+-- ++++.--0| ok p=1
Q14:	|.11-0101 .0+0+000 0000111+ 0010.1+0| ok p=1
Q15:	|.00-0101 0111+011 111+.011 01+0.+0+| ok p=0.74707
Q16:	|.1.+.+.. ..1.1.1. .0-..0.- ..+..-0.| ok p=0.636719
Q17:	|.-.1.0.. ....1.-. .1.^.1.. ..1..10^| ok p=0.619141
Q18:	|.0.+.-.. .0....1. .+^..+.^ ..-..11.| ok p=0.927734
Q19:	|.1.+.... 00....+. ........ ..-.0.+.| ok p=0.821289
Q20:	|0..0.^.. 1-..0... 0^...^.. ..001...| ok p=1
Q21:	|1..0.... -0..1.^. 1....0.. ..11-.^.| ok p=0.441406
Q22:	|-....... .1..+... -....1.. ...+....| ok p=0.510742
Q23:	|...0.... ^....... .....+.0 ....^...| ok p=0.99707
Q24:	|^..1...0 ....^... ^.0....1 ...^....| ok p=0.913086
Q25:	|...-...1 ........ .....^.- ........| ok p=0.474609
Q26:	|.......- ........ .0+..... ......0.| ok p=0.995117
Q27:	|...^.... ........ .1+....^ ......1.| ok p=1
Q28:	|.......^ ........ .+-..... ......+.| ok p=0.912109
Q29:	|........ ........ ..0..... ......0.| ok p=0.999023
Q30:	|........ ........ .^1..... ......-.| ok p=1
Q31:	|........ ........ ........ ......-.| ok p=1
Q32:	|........ ........ ........ ........| ok p=1
Q33:	|........ ........ ........ ......!.| ok p=1
Q34:	|........ ........ ........ ........| ok p=1
Q35:	|........ ........ ........ ........| ok p=1
Q36:	|........ ........ ........ ........| ok p=1
Q37:	|........ ........ ........ ........| ok p=1
Q38:	|........ ........ ........ ........| ok p=1
Q39:	|........ ........ ........ ........| ok p=1
Q40:	|........ ........ ........ ........| ok p=1
Q41:	|........ ........ ........ ........| ok p=1
Q42:	|........ ........ ........ ........| ok p=1
Q43:	|........ ........ ........ ........| ok p=1
Q44:	|........ ........ ........ ........| ok p=1
Q45:	|........ ........ ........ ........| ok p=1
Q46:	|........ ........ ........ ........| ok p=1
Q47:	|........ ........ ........ ........| ok p=1
Q48:	|........ ........ ........ ........| ok p=1
Q49:	|........ ........ ........ ........| ok p=1
Q50:	|........ ........ ........ ........| ok p=1
Q51:	|........ ........ ........ ........| ok p=1
Q52:	|........ ........ ........ ........| ok p=1
Q53:	|........ ........ ........ ........| ok p=1
Q54:	|........ ........ ........ ........| ok p=1
Q55:	|........ ........ ........ ........| ok p=1
Q56:	|........ ........ ........ ........| ok p=1
Q57:	|........ ........ ........ ........| ok p=1
Q58:	|........ ........ ........ ........| ok p=1
Q59:	|........ ........ ........ ........| ok p=1
Q60:	|........ ........ ....0... ........| ok p=1
Q61:	|........ ........ ...10... ........| ok p=1
Q62:	|........ ........ ...0+... ........| ok p=1
Q63:	|........ ........ ...+-... ........| ok p=1
Q64:	|........ ........ ....+... .......+|
Best path: totcompl=-25 tottunnel=37, totcond=558, p=0.00293065
Best paths: 2
Q-3:	|00111111 00011011 11000101 11100011|
Q-2:	|+110-001 -1001111 1000-100 1101011-|
Q-1:	|+111-00- +1101010 1110-111 010111-+|
Q0:	|+010-1-+ 101+--01 +-10-011 000011-1| ok p=0.258789
Q1:	|1+..-.0+ 0.-101.. +-.1-1.. 0+...--0| ok p=0.69043
Q2:	|000.-.1. ..-00-.. ...+.+.. --...--+| ok p=1
Q3:	|-01...10 ..--.+1! 10.-0+.. 0+0..+.0| ok p=1
Q4:	|-11!1.-. .0-0^10. ...-.1.. 1+1..+00| ok p=1
Q5:	|0.-...01 .1.1.0-. ...+.-.. +0+..0..| ok p=1
Q6:	|0!0...11 .+01..1. ...1!+.. 01+..-..| ok p=1
Q7:	|..1.^..+ .-.+..1. ^..0.+.. 1....1..| ok p=1
Q8:	|!.+.-..+ .1^-..0. -.1+.-.. ..01.1..| ok p=1
Q9:	|.!0.0... .0.-..1. 0.1-.-.0 ...0....| ok p=1
Q10:	|..110..0 0+0-1.+. -.++0-.1 ..1+.^0.| ok p=1
Q11:	|..001^0. 101+01+! -0+0101- 1.1+.+1.| ok p=1
Q12:	|!.----1^ +1+1-00^ 01-1-00- 0^--^1+.| ok p=1
Q13:	|!.+1-0+- +-0+0+++ +++00+-- +++0+1-0| ok p=1
Q14:	|.!1-.101 .0+00110 0000111+ 00010++0| ok p=1
Q15:	|.00-0101 0111+011 111+.011 00+.1+0+| ok p=0.729492
Q16:	|.1.+.+.. ..1.0.1. .0-..0.- ..+..-0.| ok p=0.450195
Q17:	|.-.1.0.. ....1.-. .1.^.1.. ..1..00^| ok p=0.625
Q18:	|.0.+.-.. .0....1. .+^..+.^ ..-..01.| ok p=0.925781
Q19:	|.1.+.... 00....+. ........ ..-.0.+.| ok p=0.799805
Q20:	|0..0.^.. 1-..0... 0^...^.. ..001...| ok p=1
Q21:	|1..0.... -0..1.^. 1....0.. ..11-.^.| ok p=0.439453
Q22:	|-....... .1..+... -....1.. ...+....| ok p=0.496094
Q23:	|...0.... ^....... .....+.0 ....^...| ok p=0.998047
Q24:	|^..1...0 ....^... ^.0....1 ...^....| ok p=0.952148
Q25:	|...-...1 ........ .....^.- ........| ok p=0.46582
Q26:	|.......- ........ .0+..... ......0.| ok p=0.993164
Q27:	|...^.... ........ .1+....^ ......1.| ok p=1
Q28:	|.......^ ........ .+-..... ......+.| ok p=0.895508
Q29:	|........ ........ ..0..... ......0.| ok p=0.999023
Q30:	|........ ........ .^1..... ......-.| ok p=1
Q31:	|........ ........ ........ ......-.| ok p=1
Q32:	|........ ........ ........ ........| ok p=1
Q33:	|........ ........ ........ ......!.| ok p=1
Q34:	|........ ........ ........ ........| ok p=1
Q35:	|........ ........ ........ ........| ok p=1
Q36:	|........ ........ ........ ........| ok p=1
Q37:	|........ ........ ........ ........| ok p=1
Q38:	|........ ........ ........ ........| ok p=1
Q39:	|........ ........ ........ ........| ok p=1
Q40:	|........ ........ ........ ........| ok p=1
Q41:	|........ ........ ........ ........| ok p=1
Q42:	|........ ........ ........ ........| ok p=1
Q43:	|........ ........ ........ ........| ok p=1
Q44:	|........ ........ ........ ........| ok p=1
Q45:	|........ ........ ........ ........| ok p=1
Q46:	|........ ........ ........ ........| ok p=1
Q47:	|........ ........ ........ ........| ok p=1
Q48:	|........ ........ ........ ........| ok p=1
Q49:	|........ ........ ........ ........| ok p=1
Q50:	|........ ........ ........ ........| ok p=1
Q51:	|........ ........ ........ ........| ok p=1
Q52:	|........ ........ ........ ........| ok p=1
Q53:	|........ ........ ........ ........| ok p=1
Q54:	|........ ........ ........ ........| ok p=1
Q55:	|........ ........ ........ ........| ok p=1
Q56:	|........ ........ ........ ........| ok p=1
Q57:	|........ ........ ........ ........| ok p=1
Q58:	|........ ........ ........ ........| ok p=1
Q59:	|........ ........ ........ ........| ok p=1
Q60:	|........ ........ ....0... ........| ok p=1
Q61:	|........ ........ ...10... ........| ok p=1
Q62:	|........ ........ ...0+... ........| ok p=1
Q63:	|........ ........ ...+-... ........| ok p=1
Q64:	|........ ........ ....+... .......+|
Best path: totcompl=-22 tottunnel=40, totcond=558, p=0.00234052
Q-3:	|00111111 00011011 11000101 11100011|
Q-2:	|+110-001 -1001111 1000-100 1101011-|
Q-1:	|+111-00- +1101010 1110-111 010111-+|
Q0:	|+010-1-+ 101+--01 +-10-011 000011-1| ok p=0.258789
Q1:	|1+..-.0+ 0.-101.. +-.1-1.. 0+...--0| ok p=0.68457
Q2:	|000.-.1. ..-00-.. .1.+.+.. --...--+| ok p=1
Q3:	|-01...10 ..--1+1. 10.-0+.. 0+0..+.0| ok p=1
Q4:	|-11.1.-. .0-0.10. ...-.1.. 1+1..+00| ok p=1
Q5:	|0.-...01 .1.1.0-. ...+.-.. +0+..0..| ok p=1
Q6:	|0!0...11 .+01..1. ...1!+.. 01+..-..| ok p=1
Q7:	|..1.^..+ .-.+..1. ^..0.+.. 1....1..| ok p=1
Q8:	|.!+.-..+ .1^-..0. -.1+.-.. ..01.1..| ok p=1
Q9:	|!.0.0... .0.-..1. 0.1-.-.0 ...0....| ok p=1
Q10:	|..110..0 0+0-1.+. -0++0-.1 ..1+.^0.| ok p=1
Q11:	|..001^0. 101+01+. -1+0101- 1.1+.+1.| ok p=1
Q12:	|.!----1^ +1+1-00^ 10-1-00- 0^--^1+.| ok p=1
Q13:	|.!+1-0+- +-0+0+++ +++00+-- +++0+1-0| ok p=1
Q14:	|.!1-.101 .0+00110 0000111+ 00010++0| ok p=1
Q15:	|.00-0101 0111+011 111+.011 00+.1+0+| ok p=0.745117
Q16:	|.1.+.+.. ..1.0.1. .0-..0.- ..+..-0.| ok p=0.472656
Q17:	|.-.1.0.. ....1.-. .1.^.1.. ..1..00^| ok p=0.636719
Q18:	|.0.+.-.. .0....1. .+^..+.^ ..-..01.| ok p=0.943359
Q19:	|.1.+.... 00....+. ........ ..-.0.+.| ok p=0.788086
Q20:	|0..0.^.. 1-..0... 0^...^.. ..001...| ok p=1
Q21:	|1..0.... -0..1.^. 1....0.. ..11-.^.| ok p=0.424805
Q22:	|-....... .1..+... -....1.. ...+....| ok p=0.459961
Q23:	|...0.... ^....... .....+.0 ....^...| ok p=0.996094
Q24:	|^..1...0 ....^... ^.0....1 ...^....| ok p=0.925781
Q25:	|...-...1 ........ .....^.- ........| ok p=0.476562
Q26:	|.......- ........ .0+..... ......0.| ok p=0.994141
Q27:	|...^.... ........ .1+....^ ......1.| ok p=1
Q28:	|.......^ ........ .+-..... ......+.| ok p=0.899414
Q29:	|........ ........ ..0..... ......0.| ok p=0.998047
Q30:	|........ ........ .^1..... ......-.| ok p=1
Q31:	|........ ........ ........ ......-.| ok p=1
Q32:	|........ ........ ........ ........| ok p=1
Q33:	|........ ........ ........ ......!.| ok p=1
Q34:	|........ ........ ........ ........| ok p=1
Q35:	|........ ........ ........ ........| ok p=1
Q36:	|........ ........ ........ ........| ok p=1
Q37:	|........ ........ ........ ........| ok p=1
Q38:	|........ ........ ........ ........| ok p=1
Q39:	|........ ........ ........ ........| ok p=1
Q40:	|........ ........ ........ ........| ok p=1
Q41:	|........ ........ ........ ........| ok p=1
Q42:	|........ ........ ........ ........| ok p=1
Q43:	|........ ........ ........ ........| ok p=1
Q44:	|........ ........ ........ ........| ok p=1
Q45:	|........ ........ ........ ........| ok p=1
Q46:	|........ ........ ........ ........| ok p=1
Q47:	|........ ........ ........ ........| ok p=1
Q48:	|........ ........ ........ ........| ok p=1
Q49:	|........ ........ ........ ........| ok p=1
Q50:	|........ ........ ........ ........| ok p=1
Q51:	|........ ........ ........ ........| ok p=1
Q52:	|........ ........ ........ ........| ok p=1
Q53:	|........ ........ ........ ........| ok p=1
Q54:	|........ ........ ........ ........| ok p=1
Q55:	|........ ........ ........ ........| ok p=1
Q56:	|........ ........ ........ ........| ok p=1
Q57:	|........ ........ ........ ........| ok p=1
Q58:	|........ ........ ........ ........| ok p=1
Q59:	|........ ........ ........ ........| ok p=1
Q60:	|........ ........ ....0... ........| ok p=1
Q61:	|........ ........ ...10... ........| ok p=1
Q62:	|........ ........ ...0+... ........| ok p=1
Q63:	|........ ........ ...+-... ........| ok p=1
Q64:	|........ ........ ....+... .......+|
Best path: totcompl=-22 tottunnel=40, totcond=557, p=0.00258746
Q-3:	|00111111 00011011 11000101 11100011|
Q-2:	|+110-001 -1001111 1000-100 1101011-|
Q-1:	|+111-00- +1101010 1110-111 010111-+|
Q0:	|+010-1-+ 101+--01 +-10-011 000011-1| ok p=0.267578
Q1:	|1+..-.0+ 0.-101.. +-.1-1.. 0+...--0| ok p=0.673828
Q2:	|000.-.1. ..-00-.. .1.+.+.. --...--+| ok p=1
Q3:	|-01.0.10 ..--1+1. 10.-0+.. 0+0..+.0| ok p=1
Q4:	|-11.1.-. .0-0.10. ...-.1.. 1+1..+00| ok p=1
Q5:	|0.-...01 .1.1.0-. ...+.-.. +0+..0..| ok p=1
Q6:	|0!0...11 .+01..1. ...1!+.. 01+..-..| ok p=1
Q7:	|..1.^..+ .-.+..1. ^..0.+.. 1....1..| ok p=1
Q8:	|!.+.-..+ .1^-..1. -..+.-.. ..01.1..| ok p=1
Q9:	|.!0.0... .0.-..1. 0^1-.-.0 ..00....| ok p=1
Q10:	|.1110010 0+0-0.+. -+1-.-.1 ..0+.00.| ok p=1
Q11:	|.0111111 110+10+. -0+.^1.- ..+-.110| ok p=1
Q12:	|!-+----- -0+1-10. 10-0+1.- ^^--^-+0| ok p=1
Q13:	|!1+-+++- +.-+1++. -++10+.+ ++++-0-+| ok p=1
Q14:	|!1.-001. 1.+0+0-. 100010.+ 11111+1-| ok p=1
Q15:	|.00-1001 0.10+0+. 111+.-.1 01+01+0+| ok p=0.74707
Q16:	|.1.+.0.. ..1.1.0. .0-..1.- ..+..-.1| ok p=0.458008
Q17:	|.-.1.1.. ....1.-. .1.^.1.. ..1..100| ok p=0.700195
Q18:	|.0.+.-.. .0....1. .+^..+.^ ..-..11.| ok p=0.942383
Q19:	|.1.+.... 00....+. ........ ..-.0.+.| ok p=0.775391
Q20:	|0..0.^.. 1-..0... 0^...^.. ..001...| ok p=1
Q21:	|1..0.... -0..1.^. 1....0.. ..11-.^.| ok p=0.416016
Q22:	|-....... .1..+... -....1.. ...+....| ok p=0.46582
Q23:	|...0.... ^....... .....+.0 ....^...| ok p=0.993164
Q24:	|^..1...0 ....^... ^.0....1 ...^....| ok p=0.935547
Q25:	|...-...1 ........ .....^.- ........| ok p=0.458008
Q26:	|.......- ........ .0+..... ......0.| ok p=0.995117
Q27:	|...^.... ........ .1+....^ ......1.| ok p=1
Q28:	|.......^ ........ .+-..... ......+.| ok p=0.904297
Q29:	|........ ........ ..0..... ......0.| ok p=0.999023
Q30:	|........ ........ .^1..... ......-.| ok p=1
Q31:	|........ ........ ........ ......-.| ok p=1
Q32:	|........ ........ ........ ........| ok p=1
Q33:	|........ ........ ........ ......!.| ok p=1
Q34:	|........ ........ ........ ........| ok p=1
Q35:	|........ ........ ........ ........| ok p=1
Q36:	|........ ........ ........ ........| ok p=1
Q37:	|........ ........ ........ ........| ok p=1
Q38:	|........ ........ ........ ........| ok p=1
Q39:	|........ ........ ........ ........| ok p=1
Q40:	|........ ........ ........ ........| ok p=1
Q41:	|........ ........ ........ ........| ok p=1
Q42:	|........ ........ ........ ........| ok p=1
Q43:	|........ ........ ........ ........| ok p=1
Q44:	|........ ........ ........ ........| ok p=1
Q45:	|........ ........ ........ ........| ok p=1
Q46:	|........ ........ ........ ........| ok p=1
Q47:	|........ ........ ........ ........| ok p=1
Q48:	|........ ........ ........ ........| ok p=1
Q49:	|........ ........ ........ ........| ok p=1
Q50:	|........ ........ ........ ........| ok p=1
Q51:	|........ ........ ........ ........| ok p=1
Q52:	|........ ........ ........ ........| ok p=1
Q53:	|........ ........ ........ ........| ok p=1
Q54:	|........ ........ ........ ........| ok p=1
Q55:	|........ ........ ........ ........| ok p=1
Q56:	|........ ........ ........ ........| ok p=1
Q57:	|........ ........ ........ ........| ok p=1
Q58:	|........ ........ ........ ........| ok p=1
Q59:	|........ ........ ........ ........| ok p=1
Q60:	|........ ........ ....0... ........| ok p=1
Q61:	|........ ........ ...10... ........| ok p=1
Q62:	|........ ........ ...0+... ........| ok p=1
Q63:	|........ ........ ...+-... ........| ok p=1
Q64:	|........ ........ ....+... .......+|
Best path: totcompl=-22 tottunnel=40, totcond=555, p=0.00241684
Best paths: 2
Best paths: 4
Q-3:	|00111111 00011011 11000101 11100011|
Q-2:	|+110-001 -1001111 1000-100 1101011-|
Q-1:	|+111-00- +1101010 1110-111 010111-+|
Q0:	|+010-1-+ 101+--01 +-10-011 000011-1| ok p=0.246094
Q1:	|1+..-.0+ 0.-101.. +-.1-1.. 0+...--0| ok p=0.683594
Q2:	|000.-.1. ..-00-.. .1.+.+.. --...--+| ok p=1
Q3:	|-01.0.10 ..--1+1. 10.-0+.. 0+0..+.0| ok p=1
Q4:	|-.1.1.-. .0-0.10. ...-.1.. 1+1..+00| ok p=1
Q5:	|0^-...01 .1.1.0-. ...+.-.. +0+..0..| ok p=1
Q6:	|0!0...11 .+01..1. ...1!+.. 01+..-..| ok p=1
Q7:	|..1.^..+ .-.+..1. ^..0.+.. 1....1..| ok p=1
Q8:	|.!+.-..+ .1^-..1. -..+.-.. ..01.1..| ok p=1
Q9:	|.!0.0... .0.-..1. 0^1-.-.0 ..10....| ok p=1
Q10:	|.1100010 0+0-0.+. -+1-.-.1 ..1+.00.| ok p=1
Q11:	|.0001111 100+10+. -0+.^1.- ..+-.110| ok p=1
Q12:	|.-0+---- -0+1-10. 10-0-1.- ^^--^-+0| ok p=1
Q13:	|.1+-+++- +.-+1++. -++00+.+ ++++-0-+| ok p=1
Q14:	|!10-101. 1.+0+0-. 100010.+ 11111+1-| ok p=1
Q15:	|.00-1001 0.10+0+. 111+.-.1 01+01+0+| ok p=0.737305
Q16:	|.1.+.0.. ..1.1.0. .0-..1.- ..+..-.1| ok p=0.477539
Q17:	|.-.1.1.. ....1.-. .1.^.1.. ..1..100| ok p=0.666016
Q18:	|.0.+.-.. .0....1. .+^..+.^ ..-..11.| ok p=0.942383
Q19:	|.1.+.... 00....+. ........ ..-.0.+.| ok p=0.814453
Q20:	|0..0.^.. 1-..0... 0^...^.. ..001...| ok p=1
Q21:	|1..0.... -0..1.^. 1....0.. ..11-.^.| ok p=0.433594
Q22:	|-....... .1..+... -....1.. ...+....| ok p=0.475586
Q23:	|...0.... ^....... .....+.0 ....^...| ok p=0.994141
Q24:	|^..1...0 ....^... ^.0....1 ...^....| ok p=0.929688
Q25:	|...-...1 ........ .....^.- ........| ok p=0.474609
Q26:	|.......- ........ .0+..... ......0.| ok p=0.987305
Q27:	|...^.... ........ .1+....^ ......1.| ok p=1
Q28:	|.......^ ........ .+-..... ......+.| ok p=0.925781
Q29:	|........ ........ ..0..... ......0.| ok p=0.995117
Q30:	|........ ........ .^1..... ......-.| ok p=1
Q31:	|........ ........ ........ ......-.| ok p=1
Q32:	|........ ........ ........ ........| ok p=1
Q33:	|........ ........ ........ ......!.| ok p=1
Q34:	|........ ........ ........ ........| ok p=1
Q35:	|........ ........ ........ ........| ok p=1
Q36:	|........ ........ ........ ........| ok p=1
Q37:	|........ ........ ........ ........| ok p=1
Q38:	|........ ........ ........ ........| ok p=1
Q39:	|........ ........ ........ ........| ok p=1
Q40:	|........ ........ ........ ........| ok p=1
Q41:	|........ ........ ........ ........| ok p=1
Q42:	|........ ........ ........ ........| ok p=1
Q43:	|........ ........ ........ ........| ok p=1
Q44:	|........ ........ ........ ........| ok p=1
Q45:	|........ ........ ........ ........| ok p=1
Q46:	|........ ........ ........ ........| ok p=1
Q47:	|........ ........ ........ ........| ok p=1
Q48:	|........ ........ ........ ........| ok p=1
Q49:	|........ ........ ........ ........| ok p=1
Q50:	|........ ........ ........ ........| ok p=1
Q51:	|........ ........ ........ ........| ok p=1
Q52:	|........ ........ ........ ........| ok p=1
Q53:	|........ ........ ........ ........| ok p=1
Q54:	|........ ........ ........ ........| ok p=1
Q55:	|........ ........ ........ ........| ok p=1
Q56:	|........ ........ ........ ........| ok p=1
Q57:	|........ ........ ........ ........| ok p=1
Q58:	|........ ........ ........ ........| ok p=1
Q59:	|........ ........ ........ ........| ok p=1
Q60:	|........ ........ ....0... ........| ok p=1
Q61:	|........ ........ ...10... ........| ok p=1
Q62:	|........ ........ ...0+... ........| ok p=1
Q63:	|........ ........ ...+-... ........| ok p=1
Q64:	|........ ........ ....+... .......+|
Best path: totcompl=-22 tottunnel=40, totcond=554, p=0.00271077
Best paths: 2
Best paths: 4
Q-3:	|00111111 00011011 11000101 11100011|
Q-2:	|+110-001 -1001111 1000-100 1101011-|
Q-1:	|+111-00- +1101010 1110-111 010111-+|
Q0:	|+010-1-+ 101+--01 +-10-011 000011-1| ok p=0.244141
Q1:	|1+..-.0+ 0.-101.. +-.1-1.. 0+...--0| ok p=0.685547
Q2:	|000.-.1. ..-00-.. 0..+.+.. --...--+| ok p=1
Q3:	|-01...10 ..--1+1. 10.-0+.. 0+0..+.0| ok p=1
Q4:	|-.1!1.-. .0-0.10. ...-.1.. 1+1..+00| ok p=1
Q5:	|0^-...01 .1.1.0-. ...+.-.. +0+..0..| ok p=1
Q6:	|0!0...11 .+01..1. ...1!+.. 01+..-..| ok p=1
Q7:	|..1.^..+ .-.+..1. ^..0.+.. 1....1..| ok p=1
Q8:	|!.+.-..+ .1^-..1. -..+.-.. ..01.1..| ok p=1
Q9:	|!.0.0... .0.-..1. 0.^-.-.1 ...0....| ok p=1
Q10:	|..1011.0 0+.-1.+. -^++1-.1 !1.+0.1.| ok p=1
Q11:	|...10110 110+1.+. -+1-11.- 001+110.| ok p=1
Q12:	|..^+--0+ -00++^0. 0110-1^- 1-0++0+.| ok p=1
Q13:	|!0-0-++- +-++0++. +-.----0 -++.0++0| ok p=1
Q14:	|.01-.010 11+.01-. 00^0011+ 11111++0| ok p=1
Q15:	|!+0-1010 01.1+0+. 11--0011 01+..0.+| ok p=0.500977
Q16:	|.0.+.0.. ..^.0.0. .1-..0.- ..+..-^.| ok p=0.702148
Q17:	|.-.1.1.. ....1.-. .10^.1.. ..1..10^| ok p=0.737305
Q18:	|.0.+.-.. .0....1. .+0..+.^ ..-..01.| ok p=0.938477
Q19:	|.1.+.... 00....+. ........ ..-.0.+.| ok p=0.811523
Q20:	|0..0.^.. 1-..0... 0^...^.. ..001...| ok p=1
Q21:	|1..0.... -0..1.^. 1....0.. ..11-.^.| ok p=0.431641
Q22:	|-....... .1..+... -....1.. ...+....| ok p=0.479492
Q23:	|...0.... ^....... .....+.0 ....^...| ok p=0.995117
Q24:	|^..1...0 ....^... ^.0....1 ...^....| ok p=0.941406
Q25:	|...-...1 ........ .....^.- ........| ok p=0.466797
Q26:	|.......- ........ .0+..... ......0.| ok p=0.995117
Q27:	|...^.... ........ .1+....^ ......1.| ok p=1
Q28:	|.......^ ........ .+-..... ......+.| ok p=0.905273
Q29:	|........ ........ ..0..... ......0.| ok p=0.996094
Q30:	|........ ........ .^1..... ......-.| ok p=1
Q31:	|........ ........ ........ ......-.| ok p=1
Q32:	|........ ........ ........ ........| ok p=1
Q33:	|........ ........ ........ ......!.| ok p=1
Q34:	|........ ........ ........ ........| ok p=1
Q35:	|........ ........ ........ ........| ok p=1
Q36:	|........ ........ ........ ........| ok p=1
Q37:	|........ ........ ........ ........| ok p=1
Q38:	|........ ........ ........ ........| ok p=1
Q39:	|........ ........ ........ ........| ok p=1
Q40:	|........ ........ ........ ........| ok p=1
Q41:	|........ ........ ........ ........| ok p=1
Q42:	|........ ........ ........ ........| ok p=1
Q43:	|........ ........ ........ ........| ok p=1
Q44:	|........ ........ ........ ........| ok p=1
Q45:	|........ ........ ........ ........| ok p=1
Q46:	|........ ........ ........ ........| ok p=1
Q47:	|........ ........ ........ ........| ok p=1
Q48:	|........ ........ ........ ........| ok p=1
Q49:	|........ ........ ........ ........| ok p=1
Q50:	|........ ........ ........ ........| ok p=1
Q51:	|........ ........ ........ ........| ok p=1
Q52:	|........ ........ ........ ........| ok p=1
Q53:	|........ ........ ........ ........| ok p=1
Q54:	|........ ........ ........ ........| ok p=1
Q55:	|........ ........ ........ ........| ok p=1
Q56:	|........ ........ ........ ........| ok p=1
Q57:	|........ ........ ........ ........| ok p=1
Q58:	|........ ........ ........ ........| ok p=1
Q59:	|........ ........ ........ ........| ok p=1
Q60:	|........ ........ ....0... ........| ok p=1
Q61:	|........ ........ ...10... ........| ok p=1
Q62:	|........ ........ ...0+... ........| ok p=1
Q63:	|........ ........ ...+-... ........| ok p=1
Q64:	|........ ........ ....+... .......+|
Best path: totcompl=-22 tottunnel=40, totcond=552, p=0.00239643
Best paths: 2
Best paths: 4
