Extend MD5 differential paths forward
Copyright (C) 2009 Marc Stevens
http://homepages.cwi.nl/~stevens/

delta_m[11] = [!1!]
Loading workdir3/lowerpath.bin.gz...done: 1.
Estimating maxcond for upper bound 8000000 (=2000000 * 4)...
t=1:  0%   10   20   30   40   50   60   70   80   90   100%
      |----|----|----|----|----|----|----|----|----|----|
e     ***************************************************
Found maxcond = 2176
t=1:  0%   10   20   30   40   50   60   70   80   90   100%
      |----|----|----|----|----|----|----|----|----|----|
      ***************************************************
Q-3:	|00111111 00011011 11000101 11100011|
Q-2:	|+110-001 -1001111 1000-100 1101011-|
Q-1:	|+111-00- +1101010 1110-111 010111-+|
Q0:	|+010-1-+ 101+--01 +-10-011 000011-1| ok p=0.115234
Q1:	|.+..-.0+ 1.-000.. 0+..-... .+...--1| ok p=0.646484
Q2:	|.+.-.+.. ..-..-.. .....+.- .+.-..+.|
Saving 3456 paths...done.
Autobalance parameters: maxcond=2176
Verified: 128 bad out of 3584
Estimating maxcond for upper bound 8000000 (=2000000 * 4)...
t=2:  0%   10   20   30   40   50   60   70   80   90   100%
      |----|----|----|----|----|----|----|----|----|----|
e     ***************************************************
Found maxcond = 164
t=2:  0%   10   20   30   40   50   60   70   80   90   100%
      |----|----|----|----|----|----|----|----|----|----|
      ***************************************************
Q-3:	|00111111 00011011 11000101 11100011|
Q-2:	|+110-001 -1001111 1000-100 1101011-|
Q-1:	|+111-00- +1101010 1110-111 010111-+|
Q0:	|+010-1-+ 101+--01 +-10-011 000011-1| ok p=0.0917969
Q1:	|.+..-.0+ 0.-000.. +-..-.11 .+...--1| ok p=0.637695
Q2:	|1+..-.1. ..-11-.. ......++ .+...--.| ok p=0.439453
Q3:	|+.+.-... +.-.-.-. -.-..+.. .+..-.+.|
Saving 2000000 paths...done.
Autobalance parameters: maxcond=163
Verified: 1023356 bad out of 3361295
Estimating maxcond for upper bound 8000000 (=2000000 * 4)...
t=3:  0%   10   20   30   40   50   60   70   80   90   100%
      |----|----|----|----|----|----|----|----|----|----|
e     ***************************************************
Found maxcond = 180
t=3:  0%   10   20   30   40   50   60   70   80   90   100%
      |----|----|----|----|----|----|----|----|----|----|
      ***************************************************
Q-3:	|00111111 00011011 11000101 11100011|
Q-2:	|+110-001 -1001111 1000-100 1101011-|
Q-1:	|+111-00- +1101010 1110-111 010111-+|
Q0:	|+010-1-+ 101+--01 +-10-011 000011-1| ok p=0.21875
Q1:	|.+..-.0+ 0.-010.. +-.1-1.. 0+..-.+0| ok p=0.342773
Q2:	|0-..-.1. ..-0-+.. ...+.+.. --..-.0+| ok p=0.478516
Q3:	|.+.....1 ..-.--.. 11.-1+.. 0+....+0| ok p=0.545898
Q4:	|.+....-. -..-.... .-.-.-.+ .+.+.+..|
Saving 2000000 paths...done.
Autobalance parameters: maxcond=178
Verified: 304808 bad out of 3965644
Estimating maxcond for upper bound 8000000 (=2000000 * 4)...
t=4:  0%   10   20   30   40   50   60   70   80   90   100%
      |----|----|----|----|----|----|----|----|----|----|
e     ***************************************************
Found maxcond = 193
t=4:  0%   10   20   30   40   50   60   70   80   90   100%
      |----|----|----|----|----|----|----|----|----|----|
      ***************************************************
Q-3:	|00111111 00011011 11000101 11100011|
Q-2:	|+110-001 -1001111 1000-100 1101011-|
Q-1:	|+111-00- +1101010 1110-111 010111-+|
Q0:	|+010-1-+ 101+--01 +-10-011 000011-1| ok p=0.225586
Q1:	|.+..-.0+ 0.-010.. +-.1-1.. 0+..-.+0| ok p=0.348633
Q2:	|0-..-.1. ..-00-.. ...+.+.. --..-.1+| ok p=0.483398
Q3:	|.+....10 ..-.0-.. 01.-0+.. +-..+.+0| ok p=0.533203
Q4:	|.+..1.-. ....-... ...-.-.. +...-.+1| ok p=0.506836
Q5:	|+.+..-.. ..+.-.-. ..-.+.+. -.+.-.-.|
Saving 2000000 paths...done.
Autobalance parameters: maxcond=192
Verified: 46997 bad out of 2269291
Estimating maxcond for upper bound 8000000 (=2000000 * 4)...
t=5:  0%   10   20   30   40   50   60   70   80   90   100%
      |----|----|----|----|----|----|----|----|----|----|
e     ***************************************************
Found maxcond = 208
t=5:  0%   10   20   30   40   50   60   70   80   90   100%
      |----|----|----|----|----|----|----|----|----|----|
      ***************************************************
Q-3:	|00111111 00011011 11000101 11100011|
Q-2:	|+110-001 -1001111 1000-100 1101011-|
Q-1:	|+111-00- +1101010 1110-111 010111-+|
Q0:	|+010-1-+ 101+--01 +-10-011 000011-1| ok p=0.264648
Q1:	|1+..-.0+ 0.-101.. +-.1-1.. 0+...--0| ok p=0.382812
Q2:	|00..-.1. ..-00-.. ...+0+.. --...-.-| ok p=0.520508
Q3:	|-0V...10 ..-.-1.. 10.-+-.. 0+V..+00| ok p=0.736328
Q4:	|-...1.-. ..-.0+.. ...-0-.. 1+...+.+| ok p=0.431641
Q5:	|..-...-. ....10.. ....+... +.+....+| ok p=0.394531
Q6:	|+.+...-. ........ ...+.... ..+..-.+|
Saving 2000000 paths...done.
Autobalance parameters: maxcond=207
Verified: 30730 bad out of 3205426
Estimating maxcond for upper bound 8000000 (=2000000 * 4)...
t=6:  0%   10   20   30   40   50   60   70   80   90   100%
      |----|----|----|----|----|----|----|----|----|----|
e     ***************************************************
Found maxcond = 221
t=6:  0%   10   20   30   40   50   60   70   80   90   100%
      |----|----|----|----|----|----|----|----|----|----|
      ***************************************************
Q-3:	|00111111 00011011 11000101 11100011|
Q-2:	|+110-001 -1001111 1000-100 1101011-|
Q-1:	|+111-00- +1101010 1110-111 010111-+|
Q0:	|+010-1-+ 101+--01 +-10-011 000011-1| ok p=0.248047
Q1:	|1+..-.0+ 0.-101.. +-.1-1.. 0+...--0| ok p=0.363281
Q2:	|00..-.0. ..-00-.. ...+0+.. --...-.-| ok p=0.533203
Q3:	|+0V...00 ..-.-1.. 10.-00.. 0+V..+00| ok p=0.764648
Q4:	|+.1.1.-. ..-.0+.. ...--1.. 1+...+.0| ok p=0.422852
Q5:	|..-...-. ....11.. ....+-.. +.+..1..| ok p=0.62207
Q6:	|1.-...-. ..1..1.. ...11-.. 010..-..| ok p=0.473633
Q7:	|.-.+..-. +...+..+ ....-... .-.-.-..|
Saving 2000000 paths...done.
Autobalance parameters: maxcond=220
Verified: 434857 bad out of 2694646
Estimating maxcond for upper bound 8000000 (=2000000 * 4)...
t=7:  0%   10   20   30   40   50   60   70   80   90   100%
      |----|----|----|----|----|----|----|----|----|----|
e     ***************************************************
Found maxcond = 233
t=7:  0%   10   20   30   40   50   60   70   80   90   100%
      |----|----|----|----|----|----|----|----|----|----|
      ***************************************************
Q-3:	|00111111 00011011 11000101 11100011|
Q-2:	|+110-001 -1001111 1000-100 1101011-|
Q-1:	|+111-00- +1101010 1110-111 010111-+|
Q0:	|+010-1-+ 101+--01 +-10-011 000011-1| ok p=0.230469
Q1:	|1+..-.0+ 0.-101.. +-.1-1.. 0+...--0| ok p=0.682617
Q2:	|00..-.0. ..-00-.. ...+.+.. --...--+| ok p=0.545898
Q3:	|+0V...00 ..--.+1. 10.-00.. 0+0..+.0| ok p=0.727539
Q4:	|+...1.-. ..-0.10. ...-0-.. 1+1..+00| ok p=0.431641
Q5:	|..-...0. ...1.0-. ....+1.. +.+..0..| ok p=0.52832
Q6:	|0.0...1. ..01..0. ...101.. 10+..-..| ok p=0.888672
Q7:	|..-...+. ...+..1. ....1... -....+..| ok p=0.439453
Q8:	|.....-.- .+.-.... ....-... -......-|
Saving 2000000 paths...done.
Autobalance parameters: maxcond=232
Verified: 10934 bad out of 2696738
Estimating maxcond for upper bound 8000000 (=2000000 * 4)...
t=8:  0%   10   20   30   40   50   60   70   80   90   100%
      |----|----|----|----|----|----|----|----|----|----|
e     ***************************************************
Found maxcond = 246
t=8:  0%   10   20   30   40   50   60   70   80   90   100%
      |----|----|----|----|----|----|----|----|----|----|
      ***************************************************
Q-3:	|00111111 00011011 11000101 11100011|
Q-2:	|+110-001 -1001111 1000-100 1101011-|
Q-1:	|+111-00- +1101010 1110-111 010111-+|
Q0:	|+010-1-+ 101+--01 +-10-011 000011-1| ok p=0.231445
Q1:	|1+..-.0+ 0.-101.. +-.1-1.. 0+...--0| ok p=0.693359
Q2:	|00..-.1. ..-00-.. ...+.+.. --...--+| ok p=0.522461
Q3:	|-0V...10 ..--.+1. 10.-0+.. 0+1..+.0| ok p=0.745117
Q4:	|+...1.-. .V-0.10. ...-.1.. 1+0..+01| ok p=0.52832
Q5:	|1.-...0. ...1.0-. ...+.-.. +.-..0..| ok p=0.483398
Q6:	|0.0.V.1. .+11..1. ...1.+.. 10-..-..| ok p=1
Q7:	|..1...+. .0.+..1. ...0.+.. -....1..| ok p=0.493164
Q8:	|....+.+. .+.-.... .....-.. -.1..1..| ok p=0.850586
Q9:	|...+...+ .+..-... .+.-.-.. -..-....|
Saving 2000000 paths...done.
Autobalance parameters: maxcond=245
Verified: 108480 bad out of 3177274
Estimating maxcond for upper bound 8000000 (=2000000 * 4)...
t=9:  0%   10   20   30   40   50   60   70   80   90   100%
      |----|----|----|----|----|----|----|----|----|----|
e     ***************************************************
Found maxcond = 259
t=9:  0%   10   20   30   40   50   60   70   80   90   100%
      |----|----|----|----|----|----|----|----|----|----|
      ***************************************************
Q-3:	|00111111 00011011 11000101 11100011|
Q-2:	|+110-001 -1001111 1000-100 1101011-|
Q-1:	|+111-00- +1101010 1110-111 010111-+|
Q0:	|+010-1-+ 101+--01 +-10-011 000011-1| ok p=0.233398
Q1:	|1+..-.0+ 0.-101.. +-.1-1.. 0+...--0| ok p=0.696289
Q2:	|00..-.1. ..-00-.. ...+.+.. --...--+| ok p=0.516602
Q3:	|+0V...10 ..--.+1. 10.-0+.. 0+0..+.0| ok p=0.71582
Q4:	|+...1.-. .0-0.10. ...-.1.. 1+1..+00| ok p=0.40332
Q5:	|..-...0. .1.1.0-. ...+.-.. +.+..0..| ok p=0.429688
Q6:	|0.0.V.1. .+01..1. ...1.+.. 11+..-..| ok p=1
Q7:	|..1...+. V-.+..1. V..0.+.. 1....1..| ok p=0.466797
Q8:	|..+.-.+. .-.-.... ...+.-.. ..0..1..| ok p=0.957031
Q9:	|..+.0... ++.-.... +..-.-.. ........| ok p=0.984375
Q10:	|..+....+ ...-..+. .+.-.-.. ..+.....|
Saving 2000000 paths...done.
Autobalance parameters: maxcond=258
Verified: 123548 bad out of 3459609
Estimating maxcond for upper bound 8000000 (=2000000 * 4)...
t=10: 0%   10   20   30   40   50   60   70   80   90   100%
      |----|----|----|----|----|----|----|----|----|----|
e     ***************************************************
Found maxcond = 271
t=10: 0%   10   20   30   40   50   60   70   80   90   100%
      |----|----|----|----|----|----|----|----|----|----|
      ***************************************************
Q-3:	|00111111 00011011 11000101 11100011|
Q-2:	|+110-001 -1001111 1000-100 1101011-|
Q-1:	|+111-00- +1101010 1110-111 010111-+|
Q0:	|+010-1-+ 101+--01 +-10-011 000011-1| ok p=0.265625
Q1:	|1+..-.0+ 0.-101.. +-.1-1.. 0+...--0| ok p=1
Q2:	|00..-.0. ..-00-.. ...+1+.. --...--+| ok p=0.923828
Q3:	|-1V...00 ..--.+.. 10.-00.. 0+V..+.1| ok p=1
Q4:	|+.0.1.-. ..0+.1.. ...--+.. 1+0..+01| ok p=0.458984
Q5:	|1.-.V.0. ..++.1.. ...+-1.. +.-..0..| ok p=0.396484
Q6:	|+.+...10 ..++.... ...0.0.. 10-..-.V| ok p=1
Q7:	|-.-.-.+1 .....V.. ..101... 0.-..+..| ok p=0.634766
Q8:	|-.0.1.++ ..10.... ..0+.... ..-..+.-| ok p=0.567383
Q9:	|..+.1.++ .....+.. ..++.... ..-..0.1| ok p=0.979492
Q10:	|1.+...+. .....0.. ..+..... .....+.-| ok p=0.322266
Q11:	|+.....+. -...+..- ..+.-.+. .....+.-|
Saving 2000000 paths...done.
Autobalance parameters: maxcond=270
Verified: 13680 bad out of 2508479
Runtime: 118.357
Extend MD5 differential paths forward
Copyright (C) 2009 Marc Stevens
http://homepages.cwi.nl/~stevens/

delta_m[11] = [!1!]
Loading workdir3/paths10_0of1...done: 2000000 (work:2000000).
Estimating maxcond for upper bound 2000000 (=500000 * 4)...
t=11: 0%   10   20   30   40   50   60   70   80   90   100%
      |----|----|----|----|----|----|----|----|----|----|
e     ***************************************************
Found maxcond = 281
t=11: 0%   10   20   30   40   50   60   70   80   90   100%
      |----|----|----|----|----|----|----|----|----|----|
      ***************************************************
Q-3:	|00111111 00011011 11000101 11100011|
Q-2:	|+110-001 -1001111 1000-100 1101011-|
Q-1:	|+111-00- +1101010 1110-111 010111-+|
Q0:	|+010-1-+ 101+--01 +-10-011 000011-1| ok p=0.256836
Q1:	|1+..-.0+ 0.-101.. +-.1-1.. 0+...--0| ok p=0.698242
Q2:	|00..-.1. ..-00-.. ...+.+.. --...--+| ok p=0.526367
Q3:	|-0V...10 ..--.+1. 10.-0+.. 0+0..+.0| ok p=0.705078
Q4:	|-...1.-. .0-0.10. ...-.1.. 1+1..+00| ok p=0.408203
Q5:	|..-...0. .1.1.0-. ...+.-.. +.+..0..| ok p=0.447266
Q6:	|0.0..V1V .+01..1. ...1.+.. 11+..-..| ok p=1
Q7:	|..1...+. .-.+..1. V.V0.+.. 1....0..| ok p=0.43457
Q8:	|..+..-0- .-.-..V. ..1+.-.. ..1..1..| ok p=0.939453
Q9:	|..+..0+0 .-.-..1. +.-0.-.V ........| ok p=1
Q10:	|..+..1+0 ...-..+. 0.+0.-.. ........| ok p=0.760742
Q11:	|......+. .1.-..+. +.-....+ ........| ok p=0.782227
Q12:	|......+. +.....+. -...+..+ ......+.|
Saving 500000 paths...done.
Autobalance parameters: maxcond=280
Verified: 42 bad out of 660595
Runtime: 15.6082
