MD5 differential path toolbox
Copyright (C) 2009 Marc Stevens
http://homepages.cwi.nl/~stevens/

IHV1   = {1058784739,783117071,2037051230,1775209687}
IHV1   = e3c51b3f0f6bad2e5eef6a79d78ccf69

IHV2   = {1058784739,2779882253,4041926493,3780084950}
IHV2   = e3c51b3f0da3b1a55de7eaf0d6844fe1

dIHV   = {0,1996765182,2004875263,2004875263}
NC0: delta c = delta d = [!0,31!]
NC0: delta b           = [!0,23,31!]
NC1: delta c = delta d = [!11!]
NC1: delta b           = [!0,11!]
NC2: delta c = delta d = [!23!]
NC2: delta b           = [!-14,23!]
NC3: delta c = delta d = [!27!]
NC3: delta b           = [!-18,27!]
NC0: prob=-10.9801
NC1: prob=-5.84169
NC2: prob=-7.64114
NC3: prob=-7.81505
delta m_11 = [!1!]
Q-3:	|00111111 00011011 11000101 11100011|
Q-2:	|+110-001 -1001111 1000-100 1101011-|
Q-1:	|+111-00- +1101010 1110-111 010111-+|
Q0:	|+010-1-+ 101+--01 +-10-011 000011-1| ok p=0.21875
Q1:	|.+..-..+ ..-..... .+..-... .+..-.+.|
Saved lower diff. path to 'workdir3/lowerpath.bin.gz'.

Q32:	|........ ........ ........ ........|
Q33:	|........ ........ ........ ........|
Q34:	|........ ........ ........ ........|
Q35:	|........ ........ ........ ........| ok p=1
Q36:	|........ ........ ........ ........| ok p=1
Q37:	|........ ........ ........ ........| ok p=1
Q38:	|........ ........ ........ ........| ok p=1
Q39:	|........ ........ ........ ........| ok p=1
Q40:	|........ ........ ........ ........| ok p=1
Q41:	|........ ........ ........ ........| ok p=1
Q42:	|........ ........ ........ ........| ok p=1
Q43:	|........ ........ ........ ........| ok p=1
Q44:	|........ ........ ........ ........| ok p=1
Q45:	|........ ........ ........ ........| ok p=1
Q46:	|........ ........ ........ ........| ok p=1
Q47:	|........ ........ ........ ........| ok p=1
Q48:	|........ ........ ........ ........| ok p=1
Q49:	|........ ........ ........ ........| ok p=1
Q50:	|........ ........ ........ ........| ok p=1
Q51:	|........ ........ ........ ........| ok p=1
Q52:	|........ ........ ........ ........| ok p=1
Q53:	|........ ........ ........ ........| ok p=1
Q54:	|........ ........ ........ ........| ok p=1
Q55:	|........ ........ ........ ........| ok p=1
Q56:	|........ ........ ........ ........| ok p=1
Q57:	|........ ........ ........ ........| ok p=1
Q58:	|........ ........ ........ ........| ok p=1
Q59:	|........ ........ ........ ........| ok p=1
Q60:	|........ ........ ....0... ........| ok p=1
Q61:	|........ ........ ...10... ........| ok p=1
Q62:	|........ ........ ...0+... ........| ok p=1
Q63:	|........ ........ ...+-... ........| ok p=1
Q64:	|........ ........ ....+... .......+|
Saved upper diff. path to 'workdir3/upperpath.bin.gz'.
Saved 'md5diffpathforward.cfg'.
Saved 'md5diffpathbackward.cfg'.
Saved 'md5diffpathconnect.cfg'.
Saved 'md5diffpathhelper.cfg'.
