Extend MD5 differential paths backward
Copyright (C) 2009 Marc Stevens
http://homepages.cwi.nl/~stevens/

delta_m[11] = [!-14!]
Loading workdir3/upperpath.bin.gz...done: 1.
Estimating maxcond for upper bound 262144 (=65536 * 4)...
t=34: 0%   10   20   30   40   50   60   70   80   90   100%
      |----|----|----|----|----|----|----|----|----|----|
e     ***************************************************
Found maxcond = 2176
t=34: 0%   10   20   30   40   50   60   70   80   90   100%
      |----|----|----|----|----|----|----|----|----|----|
      ***************************************************
Q31:	|........ ........ .+...... ........|
Q32:	|........ ........ ........ ........|
Q33:	|........ ........ ........ ........|
Q34:	|........ ........ ........ ........| ok p=1
Q35:	|........ ........ ........ ........| ok p=1
Q36:	|........ ........ ........ ........| ok p=1
Q37:	|........ ........ ........ ........| ok p=1
Q38:	|........ ........ ........ ........| ok p=1
Q39:	|........ ........ ........ ........| ok p=1
Q40:	|........ ........ ........ ........| ok p=1
Q41:	|........ ........ ........ ........| ok p=1
Q42:	|........ ........ ........ ........| ok p=1
Q43:	|........ ........ ........ ........| ok p=1
Q44:	|........ ........ ........ ........| ok p=1
Q45:	|........ ........ ........ ........| ok p=1
Q46:	|........ ........ ........ ........| ok p=1
Q47:	|........ ........ ........ ........| ok p=1
Q48:	|........ ........ ........ ........| ok p=1
Q49:	|........ ........ ........ ........| ok p=1
Q50:	|........ ........ ........ ........| ok p=1
Q51:	|........ ........ ........ ........| ok p=1
Q52:	|........ ........ ........ ........| ok p=1
Q53:	|........ ........ ........ ........| ok p=1
Q54:	|........ ........ ........ ........| ok p=1
Q55:	|........ ........ ........ ........| ok p=1
Q56:	|........ ........ ........ ........| ok p=1
Q57:	|........ ........ ........ ........| ok p=1
Q58:	|........ ........ ........ ........| ok p=1
Q59:	|........ ........ ........ ........| ok p=1
Q60:	|.......0 ........ ........ ........| ok p=1
Q61:	|......10 ........ ........ ........| ok p=0.994141
Q62:	|......1- ........ ........ ........| ok p=1
Q63:	|......-+ ........ ........ ........| ok p=0.987305
Q64:	|.......- ........ .++..... ........|
Saving 1 paths...done.
Autobalance parameters: maxcond=2176
Verified: 0 bad out of 1
Estimating maxcond for upper bound 262144 (=65536 * 4)...
t=33: 0%   10   20   30   40   50   60   70   80   90   100%
      |----|----|----|----|----|----|----|----|----|----|
e     ***************************************************
Found maxcond = 35
t=33: 0%   10   20   30   40   50   60   70   80   90   100%
      |----|----|----|----|----|----|----|----|----|----|
      ***************************************************
Q30:	|........ ........ .-...... ........|
Q31:	|........ ........ .+...... ........|
Q32:	|........ ........ ........ ........|
Q33:	|........ ........ .^...... ........| ok p=1
Q34:	|........ ........ ........ ........| ok p=1
Q35:	|........ ........ ........ ........| ok p=1
Q36:	|........ ........ ........ ........| ok p=1
Q37:	|........ ........ ........ ........| ok p=1
Q38:	|........ ........ ........ ........| ok p=1
Q39:	|........ ........ ........ ........| ok p=1
Q40:	|........ ........ ........ ........| ok p=1
Q41:	|........ ........ ........ ........| ok p=1
Q42:	|........ ........ ........ ........| ok p=1
Q43:	|........ ........ ........ ........| ok p=1
Q44:	|........ ........ ........ ........| ok p=1
Q45:	|........ ........ ........ ........| ok p=1
Q46:	|........ ........ ........ ........| ok p=1
Q47:	|........ ........ ........ ........| ok p=1
Q48:	|........ ........ ........ ........| ok p=1
Q49:	|........ ........ ........ ........| ok p=1
Q50:	|........ ........ ........ ........| ok p=1
Q51:	|........ ........ ........ ........| ok p=1
Q52:	|........ ........ ........ ........| ok p=1
Q53:	|........ ........ ........ ........| ok p=1
Q54:	|........ ........ ........ ........| ok p=1
Q55:	|........ ........ ........ ........| ok p=1
Q56:	|........ ........ ........ ........| ok p=1
Q57:	|........ ........ ........ ........| ok p=1
Q58:	|........ ........ ........ ........| ok p=1
Q59:	|........ ........ ........ ........| ok p=1
Q60:	|.......0 ........ ........ ........| ok p=1
Q61:	|......10 ........ ........ ........| ok p=0.995117
Q62:	|......1- ........ ........ ........| ok p=1
Q63:	|......-+ ........ ........ ........| ok p=0.991211
Q64:	|.......- ........ .++..... ........|
Saving 65536 paths...done.
Autobalance parameters: maxcond=31
Verified: 0 bad out of 65537
Estimating maxcond for upper bound 262144 (=65536 * 4)...
t=32: 0%   10   20   30   40   50   60   70   80   90   100%
      |----|----|----|----|----|----|----|----|----|----|
e     ***************************************************
Found maxcond = 25
t=32: 0%   10   20   30   40   50   60   70   80   90   100%
      |----|----|----|----|----|----|----|----|----|----|
      ***************************************************
Q29:	|........ ........ ........ ........|
Q30:	|........ ........ .+...... ........|
Q31:	|........ ........ .+...... ........|
Q32:	|........ ........ ........ ........| ok p=1
Q33:	|........ ........ .!...... ........| ok p=1
Q34:	|........ ........ ........ ........| ok p=1
Q35:	|........ ........ ........ ........| ok p=1
Q36:	|........ ........ ........ ........| ok p=1
Q37:	|........ ........ ........ ........| ok p=1
Q38:	|........ ........ ........ ........| ok p=1
Q39:	|........ ........ ........ ........| ok p=1
Q40:	|........ ........ ........ ........| ok p=1
Q41:	|........ ........ ........ ........| ok p=1
Q42:	|........ ........ ........ ........| ok p=1
Q43:	|........ ........ ........ ........| ok p=1
Q44:	|........ ........ ........ ........| ok p=1
Q45:	|........ ........ ........ ........| ok p=1
Q46:	|........ ........ ........ ........| ok p=1
Q47:	|........ ........ ........ ........| ok p=1
Q48:	|........ ........ ........ ........| ok p=1
Q49:	|........ ........ ........ ........| ok p=1
Q50:	|........ ........ ........ ........| ok p=1
Q51:	|........ ........ ........ ........| ok p=1
Q52:	|........ ........ ........ ........| ok p=1
Q53:	|........ ........ ........ ........| ok p=1
Q54:	|........ ........ ........ ........| ok p=1
Q55:	|........ ........ ........ ........| ok p=1
Q56:	|........ ........ ........ ........| ok p=1
Q57:	|........ ........ ........ ........| ok p=1
Q58:	|........ ........ ........ ........| ok p=1
Q59:	|........ ........ ........ ........| ok p=1
Q60:	|.......0 ........ ........ ........| ok p=1
Q61:	|......10 ........ ........ ........| ok p=0.993164
Q62:	|......1- ........ ........ ........| ok p=1
Q63:	|......-+ ........ ........ ........| ok p=0.992188
Q64:	|.......- ........ .++..... ........|
Saving 65536 paths...done.
Autobalance parameters: maxcond=22
Verified: 0 bad out of 121009
Estimating maxcond for upper bound 262144 (=65536 * 4)...
t=31: 0%   10   20   30   40   50   60   70   80   90   100%
      |----|----|----|----|----|----|----|----|----|----|
e     ***************************************************
Found maxcond = 22
t=31: 0%   10   20   30   40   50   60   70   80   90   100%
      |----|----|----|----|----|----|----|----|----|----|
      ***************************************************
Q28:	|.....-.. ........ .-...... ........|
Q29:	|........ ........ ........ ........|
Q30:	|........ ........ .+...... ........|
Q31:	|........ ........ .+...... ........| ok p=0.981445
Q32:	|........ ........ ........ ........| ok p=1
Q33:	|........ ........ .!...... ........| ok p=1
Q34:	|........ ........ ........ ........| ok p=1
Q35:	|........ ........ ........ ........| ok p=1
Q36:	|........ ........ ........ ........| ok p=1
Q37:	|........ ........ ........ ........| ok p=1
Q38:	|........ ........ ........ ........| ok p=1
Q39:	|........ ........ ........ ........| ok p=1
Q40:	|........ ........ ........ ........| ok p=1
Q41:	|........ ........ ........ ........| ok p=1
Q42:	|........ ........ ........ ........| ok p=1
Q43:	|........ ........ ........ ........| ok p=1
Q44:	|........ ........ ........ ........| ok p=1
Q45:	|........ ........ ........ ........| ok p=1
Q46:	|........ ........ ........ ........| ok p=1
Q47:	|........ ........ ........ ........| ok p=1
Q48:	|........ ........ ........ ........| ok p=1
Q49:	|........ ........ ........ ........| ok p=1
Q50:	|........ ........ ........ ........| ok p=1
Q51:	|........ ........ ........ ........| ok p=1
Q52:	|........ ........ ........ ........| ok p=1
Q53:	|........ ........ ........ ........| ok p=1
Q54:	|........ ........ ........ ........| ok p=1
Q55:	|........ ........ ........ ........| ok p=1
Q56:	|........ ........ ........ ........| ok p=1
Q57:	|........ ........ ........ ........| ok p=1
Q58:	|........ ........ ........ ........| ok p=1
Q59:	|........ ........ ........ ........| ok p=1
Q60:	|.......0 ........ ........ ........| ok p=1
Q61:	|......10 ........ ........ ........| ok p=0.993164
Q62:	|......1- ........ ........ ........| ok p=1
Q63:	|......-+ ........ ........ ........| ok p=0.991211
Q64:	|.......- ........ .++..... ........|
Saving 65536 paths...done.
Autobalance parameters: maxcond=20
Verified: 0 bad out of 115232
Estimating maxcond for upper bound 262144 (=65536 * 4)...
t=30: 0%   10   20   30   40   50   60   70   80   90   100%
      |----|----|----|----|----|----|----|----|----|----|
e     ***************************************************
Found maxcond = 22
t=30: 0%   10   20   30   40   50   60   70   80   90   100%
      |----|----|----|----|----|----|----|----|----|----|
      ***************************************************
Q27:	|........ ........ ........ ......+.|
Q28:	|.....-.. ........ .-...... ........|
Q29:	|........ ........ .1...... ........|
Q30:	|.....^.. ........ .-...... ........| ok p=1
Q31:	|........ ........ .+...... ........| ok p=0.977539
Q32:	|........ ........ ........ ........| ok p=1
Q33:	|........ ........ .^...... ........| ok p=1
Q34:	|........ ........ ........ ........| ok p=1
Q35:	|........ ........ ........ ........| ok p=1
Q36:	|........ ........ ........ ........| ok p=1
Q37:	|........ ........ ........ ........| ok p=1
Q38:	|........ ........ ........ ........| ok p=1
Q39:	|........ ........ ........ ........| ok p=1
Q40:	|........ ........ ........ ........| ok p=1
Q41:	|........ ........ ........ ........| ok p=1
Q42:	|........ ........ ........ ........| ok p=1
Q43:	|........ ........ ........ ........| ok p=1
Q44:	|........ ........ ........ ........| ok p=1
Q45:	|........ ........ ........ ........| ok p=1
Q46:	|........ ........ ........ ........| ok p=1
Q47:	|........ ........ ........ ........| ok p=1
Q48:	|........ ........ ........ ........| ok p=1
Q49:	|........ ........ ........ ........| ok p=1
Q50:	|........ ........ ........ ........| ok p=1
Q51:	|........ ........ ........ ........| ok p=1
Q52:	|........ ........ ........ ........| ok p=1
Q53:	|........ ........ ........ ........| ok p=1
Q54:	|........ ........ ........ ........| ok p=1
Q55:	|........ ........ ........ ........| ok p=1
Q56:	|........ ........ ........ ........| ok p=1
Q57:	|........ ........ ........ ........| ok p=1
Q58:	|........ ........ ........ ........| ok p=1
Q59:	|........ ........ ........ ........| ok p=1
Q60:	|.......0 ........ ........ ........| ok p=1
Q61:	|......10 ........ ........ ........| ok p=0.988281
Q62:	|......1- ........ ........ ........| ok p=1
Q63:	|......-+ ........ ........ ........| ok p=0.986328
Q64:	|.......- ........ .++..... ........|
Saving 65536 paths...done.
Autobalance parameters: maxcond=19
Verified: 0 bad out of 135288
Runtime: 3.76739
Extend MD5 differential paths backward
Copyright (C) 2009 Marc Stevens
http://homepages.cwi.nl/~stevens/

delta_m[11] = [!-14!]
Loading workdir3/paths30_0of1...done: 65536 (work:65536).
Estimating maxcond for upper bound 400000 (=100000 * 4)...
t=29: 0%   10   20   30   40   50   60   70   80   90   100%
      |----|----|----|----|----|----|----|----|----|----|
e     ***************************************************
Found maxcond = 23
t=29: 0%   10   20   30   40   50   60   70   80   90   100%
      |----|----|----|----|----|----|----|----|----|----|
      ***************************************************
Q26:	|........ ........ .+...... ..+.....|
Q27:	|.....1.. ........ .-...... ........|
Q28:	|.....-.. ........ .-...... ........|
Q29:	|........ ........ .1...... ........| ok p=1
Q30:	|.....^.. ........ .+...... ........| ok p=1
Q31:	|........ ........ .+...... ........| ok p=0.987305
Q32:	|........ ........ ........ ........| ok p=1
Q33:	|........ ........ .!...... ........| ok p=1
Q34:	|........ ........ ........ ........| ok p=1
Q35:	|........ ........ ........ ........| ok p=1
Q36:	|........ ........ ........ ........| ok p=1
Q37:	|........ ........ ........ ........| ok p=1
Q38:	|........ ........ ........ ........| ok p=1
Q39:	|........ ........ ........ ........| ok p=1
Q40:	|........ ........ ........ ........| ok p=1
Q41:	|........ ........ ........ ........| ok p=1
Q42:	|........ ........ ........ ........| ok p=1
Q43:	|........ ........ ........ ........| ok p=1
Q44:	|........ ........ ........ ........| ok p=1
Q45:	|........ ........ ........ ........| ok p=1
Q46:	|........ ........ ........ ........| ok p=1
Q47:	|........ ........ ........ ........| ok p=1
Q48:	|........ ........ ........ ........| ok p=1
Q49:	|........ ........ ........ ........| ok p=1
Q50:	|........ ........ ........ ........| ok p=1
Q51:	|........ ........ ........ ........| ok p=1
Q52:	|........ ........ ........ ........| ok p=1
Q53:	|........ ........ ........ ........| ok p=1
Q54:	|........ ........ ........ ........| ok p=1
Q55:	|........ ........ ........ ........| ok p=1
Q56:	|........ ........ ........ ........| ok p=1
Q57:	|........ ........ ........ ........| ok p=1
Q58:	|........ ........ ........ ........| ok p=1
Q59:	|........ ........ ........ ........| ok p=1
Q60:	|.......0 ........ ........ ........| ok p=1
Q61:	|......10 ........ ........ ........| ok p=0.995117
Q62:	|......1- ........ ........ ........| ok p=1
Q63:	|......-+ ........ ........ ........| ok p=0.986328
Q64:	|.......- ........ .++..... ........|
Saving 100000 paths...done.
Autobalance parameters: maxcond=21
Verified: 0 bad out of 158080
Estimating maxcond for upper bound 400000 (=100000 * 4)...
t=28: 0%   10   20   30   40   50   60   70   80   90   100%
      |----|----|----|----|----|----|----|----|----|----|
e     ***************************************************
Found maxcond = 25
t=28: 0%   10   20   30   40   50   60   70   80   90   100%
      |----|----|----|----|----|----|----|----|----|----|
      ***************************************************
Q25:	|........ ..+..... .+....+. ........|
Q26:	|.....+.. ........ .+...... ..+.....|
Q27:	|.....0.. ........ .-...... ........|
Q28:	|.....-.. ........ .-...... ..^.....| ok p=0.97168
Q29:	|........ ........ .1...... ........| ok p=1
Q30:	|.....^.. ........ .+...... ........| ok p=1
Q31:	|........ ........ .+...... ........| ok p=0.979492
Q32:	|........ ........ ........ ........| ok p=1
Q33:	|........ ........ .!...... ........| ok p=1
Q34:	|........ ........ ........ ........| ok p=1
Q35:	|........ ........ ........ ........| ok p=1
Q36:	|........ ........ ........ ........| ok p=1
Q37:	|........ ........ ........ ........| ok p=1
Q38:	|........ ........ ........ ........| ok p=1
Q39:	|........ ........ ........ ........| ok p=1
Q40:	|........ ........ ........ ........| ok p=1
Q41:	|........ ........ ........ ........| ok p=1
Q42:	|........ ........ ........ ........| ok p=1
Q43:	|........ ........ ........ ........| ok p=1
Q44:	|........ ........ ........ ........| ok p=1
Q45:	|........ ........ ........ ........| ok p=1
Q46:	|........ ........ ........ ........| ok p=1
Q47:	|........ ........ ........ ........| ok p=1
Q48:	|........ ........ ........ ........| ok p=1
Q49:	|........ ........ ........ ........| ok p=1
Q50:	|........ ........ ........ ........| ok p=1
Q51:	|........ ........ ........ ........| ok p=1
Q52:	|........ ........ ........ ........| ok p=1
Q53:	|........ ........ ........ ........| ok p=1
Q54:	|........ ........ ........ ........| ok p=1
Q55:	|........ ........ ........ ........| ok p=1
Q56:	|........ ........ ........ ........| ok p=1
Q57:	|........ ........ ........ ........| ok p=1
Q58:	|........ ........ ........ ........| ok p=1
Q59:	|........ ........ ........ ........| ok p=1
Q60:	|.......0 ........ ........ ........| ok p=1
Q61:	|......10 ........ ........ ........| ok p=0.990234
Q62:	|......1- ........ ........ ........| ok p=1
Q63:	|......-+ ........ ........ ........| ok p=0.995117
Q64:	|.......- ........ .++..... ........|
Saving 100000 paths...done.
Autobalance parameters: maxcond=23
Verified: 0 bad out of 166747
Estimating maxcond for upper bound 400000 (=100000 * 4)...
t=27: 0%   10   20   30   40   50   60   70   80   90   100%
      |----|----|----|----|----|----|----|----|----|----|
e     ***************************************************
Found maxcond = 28
t=27: 0%   10   20   30   40   50   60   70   80   90   100%
      |----|----|----|----|----|----|----|----|----|----|
      ***************************************************
Q24:	|.....-.. ........ ........ .-......|
Q25:	|........ ..+..... ......+. ..1.....|
Q26:	|.....0.. ........ .0...... ..+.....|
Q27:	|.....1.. ..^..... .1....^. ........| ok p=0.973633
Q28:	|.....-.. ........ .-...... ..^.....| ok p=0.987305
Q29:	|........ ........ .0...... ........| ok p=1
Q30:	|.....^.. ........ .+...... ........| ok p=1
Q31:	|........ ........ .+...... ........| ok p=0.988281
Q32:	|........ ........ ........ ........| ok p=1
Q33:	|........ ........ .!...... ........| ok p=1
Q34:	|........ ........ ........ ........| ok p=1
Q35:	|........ ........ ........ ........| ok p=1
Q36:	|........ ........ ........ ........| ok p=1
Q37:	|........ ........ ........ ........| ok p=1
Q38:	|........ ........ ........ ........| ok p=1
Q39:	|........ ........ ........ ........| ok p=1
Q40:	|........ ........ ........ ........| ok p=1
Q41:	|........ ........ ........ ........| ok p=1
Q42:	|........ ........ ........ ........| ok p=1
Q43:	|........ ........ ........ ........| ok p=1
Q44:	|........ ........ ........ ........| ok p=1
Q45:	|........ ........ ........ ........| ok p=1
Q46:	|........ ........ ........ ........| ok p=1
Q47:	|........ ........ ........ ........| ok p=1
Q48:	|........ ........ ........ ........| ok p=1
Q49:	|........ ........ ........ ........| ok p=1
Q50:	|........ ........ ........ ........| ok p=1
Q51:	|........ ........ ........ ........| ok p=1
Q52:	|........ ........ ........ ........| ok p=1
Q53:	|........ ........ ........ ........| ok p=1
Q54:	|........ ........ ........ ........| ok p=1
Q55:	|........ ........ ........ ........| ok p=1
Q56:	|........ ........ ........ ........| ok p=1
Q57:	|........ ........ ........ ........| ok p=1
Q58:	|........ ........ ........ ........| ok p=1
Q59:	|........ ........ ........ ........| ok p=1
Q60:	|.......0 ........ ........ ........| ok p=1
Q61:	|......10 ........ ........ ........| ok p=0.991211
Q62:	|......1- ........ ........ ........| ok p=1
Q63:	|......-+ ........ ........ ........| ok p=0.985352
Q64:	|.......- ........ .++..... ........|
Saving 100000 paths...done.
Autobalance parameters: maxcond=26
Verified: 0 bad out of 172667
Estimating maxcond for upper bound 400000 (=100000 * 4)...
t=26: 0%   10   20   30   40   50   60   70   80   90   100%
      |----|----|----|----|----|----|----|----|----|----|
e     ***************************************************
Found maxcond = 31
t=26: 0%   10   20   30   40   50   60   70   80   90   100%
      |----|----|----|----|----|----|----|----|----|----|
      ***************************************************
Q23:	|.....-.. -....... ..-..... ........|
Q24:	|.....-.. ..1..... ......1. ..-.....|
Q25:	|.....+.. ..+..... ......+. ..0.....|
Q26:	|.....+.. ........ .0...... ..+.....| ok p=0.963867
Q27:	|.....-.. ..^..... .1....^. ........| ok p=0.984375
Q28:	|.....-.. ........ .-...... ..^.....| ok p=0.981445
Q29:	|.....1.. ........ .0...... ........| ok p=1
Q30:	|.....0.. ........ .+...... ........| ok p=1
Q31:	|........ ........ .+...... ........| ok p=0.987305
Q32:	|........ ........ ........ ........| ok p=1
Q33:	|........ ........ .!...... ........| ok p=1
Q34:	|........ ........ ........ ........| ok p=1
Q35:	|........ ........ ........ ........| ok p=1
Q36:	|........ ........ ........ ........| ok p=1
Q37:	|........ ........ ........ ........| ok p=1
Q38:	|........ ........ ........ ........| ok p=1
Q39:	|........ ........ ........ ........| ok p=1
Q40:	|........ ........ ........ ........| ok p=1
Q41:	|........ ........ ........ ........| ok p=1
Q42:	|........ ........ ........ ........| ok p=1
Q43:	|........ ........ ........ ........| ok p=1
Q44:	|........ ........ ........ ........| ok p=1
Q45:	|........ ........ ........ ........| ok p=1
Q46:	|........ ........ ........ ........| ok p=1
Q47:	|........ ........ ........ ........| ok p=1
Q48:	|........ ........ ........ ........| ok p=1
Q49:	|........ ........ ........ ........| ok p=1
Q50:	|........ ........ ........ ........| ok p=1
Q51:	|........ ........ ........ ........| ok p=1
Q52:	|........ ........ ........ ........| ok p=1
Q53:	|........ ........ ........ ........| ok p=1
Q54:	|........ ........ ........ ........| ok p=1
Q55:	|........ ........ ........ ........| ok p=1
Q56:	|........ ........ ........ ........| ok p=1
Q57:	|........ ........ ........ ........| ok p=1
Q58:	|........ ........ ........ ........| ok p=1
Q59:	|........ ........ ........ ........| ok p=1
Q60:	|.......0 ........ ........ ........| ok p=1
Q61:	|......10 ........ ........ ........| ok p=0.993164
Q62:	|......1- ........ ........ ........| ok p=1
Q63:	|......-+ ........ ........ ........| ok p=0.983398
Q64:	|.......- ........ .++..... ........|
Saving 100000 paths...done.
Autobalance parameters: maxcond=29
Verified: 0 bad out of 163416
Estimating maxcond for upper bound 400000 (=100000 * 4)...
t=25: 0%   10   20   30   40   50   60   70   80   90   100%
      |----|----|----|----|----|----|----|----|----|----|
e     ***************************************************
Found maxcond = 36
t=25: 0%   10   20   30   40   50   60   70   80   90   100%
      |----|----|----|----|----|----|----|----|----|----|
      ***************************************************
Q22:	|...+.... ......-. ...-.... .......-|
Q23:	|........ -.0..... ......-. ........|
Q24:	|.....0.. ..1..... ......0. ..0.....|
Q25:	|........ ^.+..... ......+. ..1.....| ok p=0.920898
Q26:	|....0-.. ........ .0...... ..+.....| ok p=0.995117
Q27:	|....1-.. ..^..... .1....^. ........| ok p=0.981445
Q28:	|....-+.. ........ .-...... ..^.....| ok p=0.982422
Q29:	|.....0.. ........ .0...... ........| ok p=1
Q30:	|....^1.. ........ .+...... ........| ok p=1
Q31:	|........ ........ .+...... ........| ok p=0.985352
Q32:	|........ ........ ........ ........| ok p=1
Q33:	|........ ........ .!...... ........| ok p=1
Q34:	|........ ........ ........ ........| ok p=1
Q35:	|........ ........ ........ ........| ok p=1
Q36:	|........ ........ ........ ........| ok p=1
Q37:	|........ ........ ........ ........| ok p=1
Q38:	|........ ........ ........ ........| ok p=1
Q39:	|........ ........ ........ ........| ok p=1
Q40:	|........ ........ ........ ........| ok p=1
Q41:	|........ ........ ........ ........| ok p=1
Q42:	|........ ........ ........ ........| ok p=1
Q43:	|........ ........ ........ ........| ok p=1
Q44:	|........ ........ ........ ........| ok p=1
Q45:	|........ ........ ........ ........| ok p=1
Q46:	|........ ........ ........ ........| ok p=1
Q47:	|........ ........ ........ ........| ok p=1
Q48:	|........ ........ ........ ........| ok p=1
Q49:	|........ ........ ........ ........| ok p=1
Q50:	|........ ........ ........ ........| ok p=1
Q51:	|........ ........ ........ ........| ok p=1
Q52:	|........ ........ ........ ........| ok p=1
Q53:	|........ ........ ........ ........| ok p=1
Q54:	|........ ........ ........ ........| ok p=1
Q55:	|........ ........ ........ ........| ok p=1
Q56:	|........ ........ ........ ........| ok p=1
Q57:	|........ ........ ........ ........| ok p=1
Q58:	|........ ........ ........ ........| ok p=1
Q59:	|........ ........ ........ ........| ok p=1
Q60:	|.......0 ........ ........ ........| ok p=1
Q61:	|......10 ........ ........ ........| ok p=0.992188
Q62:	|......1- ........ ........ ........| ok p=1
Q63:	|......-+ ........ ........ ........| ok p=0.987305
Q64:	|.......- ........ .++..... ........|
Saving 100000 paths...done.
Autobalance parameters: maxcond=35
Verified: 0 bad out of 134260
Estimating maxcond for upper bound 400000 (=100000 * 4)...
t=24: 0%   10   20   30   40   50   60   70   80   90   100%
      |----|----|----|----|----|----|----|----|----|----|
e     ***************************************************
Found maxcond = 44
t=24: 0%   10   20   30   40   50   60   70   80   90   100%
      |----|----|----|----|----|----|----|----|----|----|
      ***************************************************
Q21:	|.....+.. .+.....+ ........ .+.-..+.|
Q22:	|........ 1....... ..1-.... .......-|
Q23:	|.....-.. -.0..... ..-...0. ..-.....|
Q24:	|.....-.. ..1..... ...^..1. ..-....^| ok p=0.97168
Q25:	|.....+.. ^.+..... ..^...+. ..+.....| ok p=1
Q26:	|.....+.. ........ .0...... ..+.....| ok p=0.964844
Q27:	|.....-.. ..^..... .1....^. ..1.....| ok p=0.982422
Q28:	|.....-.. ........ .-...... ..0.....| ok p=0.981445
Q29:	|.....1.. ........ .0...... ........| ok p=1
Q30:	|.....0.. ........ .+...... ........| ok p=1
Q31:	|........ ........ .+...... ........| ok p=0.977539
Q32:	|........ ........ ........ ........| ok p=1
Q33:	|........ ........ .!...... ........| ok p=1
Q34:	|........ ........ ........ ........| ok p=1
Q35:	|........ ........ ........ ........| ok p=1
Q36:	|........ ........ ........ ........| ok p=1
Q37:	|........ ........ ........ ........| ok p=1
Q38:	|........ ........ ........ ........| ok p=1
Q39:	|........ ........ ........ ........| ok p=1
Q40:	|........ ........ ........ ........| ok p=1
Q41:	|........ ........ ........ ........| ok p=1
Q42:	|........ ........ ........ ........| ok p=1
Q43:	|........ ........ ........ ........| ok p=1
Q44:	|........ ........ ........ ........| ok p=1
Q45:	|........ ........ ........ ........| ok p=1
Q46:	|........ ........ ........ ........| ok p=1
Q47:	|........ ........ ........ ........| ok p=1
Q48:	|........ ........ ........ ........| ok p=1
Q49:	|........ ........ ........ ........| ok p=1
Q50:	|........ ........ ........ ........| ok p=1
Q51:	|........ ........ ........ ........| ok p=1
Q52:	|........ ........ ........ ........| ok p=1
Q53:	|........ ........ ........ ........| ok p=1
Q54:	|........ ........ ........ ........| ok p=1
Q55:	|........ ........ ........ ........| ok p=1
Q56:	|........ ........ ........ ........| ok p=1
Q57:	|........ ........ ........ ........| ok p=1
Q58:	|........ ........ ........ ........| ok p=1
Q59:	|........ ........ ........ ........| ok p=1
Q60:	|.......0 ........ ........ ........| ok p=1
Q61:	|......10 ........ ........ ........| ok p=0.996094
Q62:	|......1- ........ ........ ........| ok p=1
Q63:	|......-+ ........ ........ ........| ok p=0.984375
Q64:	|.......- ........ .++..... ........|
Saving 100000 paths...done.
Autobalance parameters: maxcond=43
Verified: 0 bad out of 131575
Estimating maxcond for upper bound 400000 (=100000 * 4)...
t=23: 0%   10   20   30   40   50   60   70   80   90   100%
      |----|----|----|----|----|----|----|----|----|----|
e     ***************************************************
Found maxcond = 53
t=23: 0%   10   20   30   40   50   60   70   80   90   100%
      |----|----|----|----|----|----|----|----|----|----|
      ***************************************************
Q20:	|........ ..+..... ........ ...+.-..|
Q21:	|...1.... 0.....1. ...1.... ...+...1|
Q22:	|...+.... 1.-...-. ...-.... .......-|
Q23:	|........ -.-..... ......0. ...^....| ok p=0.990234
Q24:	|...^.0.. ..+...^. ...^..1. ..0....^| ok p=1
Q25:	|........ ^.+..... ......+. ..1.....| ok p=0.921875
Q26:	|....0-.. ..1..... .0...... ..+.....| ok p=0.992188
Q27:	|....1-.. ..0..... .1....^. ........| ok p=0.991211
Q28:	|....-+.. ........ .-...... ..^.....| ok p=0.985352
Q29:	|.....0.. ........ .0...... ........| ok p=1
Q30:	|....^1.. ........ .+...... ........| ok p=1
Q31:	|........ ........ .+...... ........| ok p=0.980469
Q32:	|........ ........ ........ ........| ok p=1
Q33:	|........ ........ .!...... ........| ok p=1
Q34:	|........ ........ ........ ........| ok p=1
Q35:	|........ ........ ........ ........| ok p=1
Q36:	|........ ........ ........ ........| ok p=1
Q37:	|........ ........ ........ ........| ok p=1
Q38:	|........ ........ ........ ........| ok p=1
Q39:	|........ ........ ........ ........| ok p=1
Q40:	|........ ........ ........ ........| ok p=1
Q41:	|........ ........ ........ ........| ok p=1
Q42:	|........ ........ ........ ........| ok p=1
Q43:	|........ ........ ........ ........| ok p=1
Q44:	|........ ........ ........ ........| ok p=1
Q45:	|........ ........ ........ ........| ok p=1
Q46:	|........ ........ ........ ........| ok p=1
Q47:	|........ ........ ........ ........| ok p=1
Q48:	|........ ........ ........ ........| ok p=1
Q49:	|........ ........ ........ ........| ok p=1
Q50:	|........ ........ ........ ........| ok p=1
Q51:	|........ ........ ........ ........| ok p=1
Q52:	|........ ........ ........ ........| ok p=1
Q53:	|........ ........ ........ ........| ok p=1
Q54:	|........ ........ ........ ........| ok p=1
Q55:	|........ ........ ........ ........| ok p=1
Q56:	|........ ........ ........ ........| ok p=1
Q57:	|........ ........ ........ ........| ok p=1
Q58:	|........ ........ ........ ........| ok p=1
Q59:	|........ ........ ........ ........| ok p=1
Q60:	|.......0 ........ ........ ........| ok p=1
Q61:	|......10 ........ ........ ........| ok p=0.99707
Q62:	|......1- ........ ........ ........| ok p=1
Q63:	|......-+ ........ ........ ........| ok p=0.985352
Q64:	|.......- ........ .++..... ........|
Saving 100000 paths...done.
Autobalance parameters: maxcond=52
Verified: 0 bad out of 105816
Estimating maxcond for upper bound 400000 (=100000 * 4)...
t=22: 0%   10   20   30   40   50   60   70   80   90   100%
      |----|----|----|----|----|----|----|----|----|----|
e     ***************************************************
Found maxcond = 60
t=22: 0%   10   20   30   40   50   60   70   80   90   100%
      |----|----|----|----|----|----|----|----|----|----|
      ***************************************************
Q19:	|.+...... .....+.. .-....-. ....+...|
Q20:	|...-.... ......+1 ...0.... ...1+..+|
Q21:	|...0.... 0.....0+ ...1.... ...+...0|
Q22:	|...+.... 1.....-. ...-.... ....^..-| ok p=0.711914
Q23:	|........ -.0....^ ......0. ...^....| ok p=0.996094
Q24:	|...^.0.. ..1...^. ...^..1. ..0....^| ok p=1
Q25:	|........ ^.+..... ......+. ..1.....| ok p=0.931641
Q26:	|....0-.. ........ .0...... ..+.....| ok p=0.99707
Q27:	|....1-.. ..^..... .1....^. ........| ok p=0.981445
Q28:	|....-+.. ........ .-...... ..^.....| ok p=0.988281
Q29:	|.....0.. ........ .0...... ........| ok p=1
Q30:	|....^1.. ........ .+...... ........| ok p=1
Q31:	|........ ........ .+...... ........| ok p=0.981445
Q32:	|........ ........ ........ ........| ok p=1
Q33:	|........ ........ .!...... ........| ok p=1
Q34:	|........ ........ ........ ........| ok p=1
Q35:	|........ ........ ........ ........| ok p=1
Q36:	|........ ........ ........ ........| ok p=1
Q37:	|........ ........ ........ ........| ok p=1
Q38:	|........ ........ ........ ........| ok p=1
Q39:	|........ ........ ........ ........| ok p=1
Q40:	|........ ........ ........ ........| ok p=1
Q41:	|........ ........ ........ ........| ok p=1
Q42:	|........ ........ ........ ........| ok p=1
Q43:	|........ ........ ........ ........| ok p=1
Q44:	|........ ........ ........ ........| ok p=1
Q45:	|........ ........ ........ ........| ok p=1
Q46:	|........ ........ ........ ........| ok p=1
Q47:	|........ ........ ........ ........| ok p=1
Q48:	|........ ........ ........ ........| ok p=1
Q49:	|........ ........ ........ ........| ok p=1
Q50:	|........ ........ ........ ........| ok p=1
Q51:	|........ ........ ........ ........| ok p=1
Q52:	|........ ........ ........ ........| ok p=1
Q53:	|........ ........ ........ ........| ok p=1
Q54:	|........ ........ ........ ........| ok p=1
Q55:	|........ ........ ........ ........| ok p=1
Q56:	|........ ........ ........ ........| ok p=1
Q57:	|........ ........ ........ ........| ok p=1
Q58:	|........ ........ ........ ........| ok p=1
Q59:	|........ ........ ........ ........| ok p=1
Q60:	|.......0 ........ ........ ........| ok p=1
Q61:	|......10 ........ ........ ........| ok p=0.990234
Q62:	|......1- ........ ........ ........| ok p=1
Q63:	|......-+ ........ ........ ........| ok p=0.990234
Q64:	|.......- ........ .++..... ........|
Saving 100000 paths...done.
Autobalance parameters: maxcond=59
Verified: 0 bad out of 117797
Estimating maxcond for upper bound 400000 (=100000 * 4)...
t=21: 0%   10   20   30   40   50   60   70   80   90   100%
      |----|----|----|----|----|----|----|----|----|----|
e     ***************************************************
Found maxcond = 71
t=21: 0%   10   20   30   40   50   60   70   80   90   100%
      |----|----|----|----|----|----|----|----|----|----|
      ***************************************************
Q18:	|....-... -....+.+ ......-. +.-.+...|
Q19:	|.+...... ......++ .-....-. ....1...|
Q20:	|...0.... ......00 ...0.... ...++..0|
Q21:	|.^.1.... 0.....1+ .^.1..^. ...+1..1| ok p=0.892578
Q22:	|...+.... 1.....-. ...-.... ...10..-| ok p=0.680664
Q23:	|........ -.0....^ ......0. ...0....| ok p=0.998047
Q24:	|...^.0.. ..1...^. ...^..1. ..0....^| ok p=1
Q25:	|........ ^.+..... ......+. ..1.....| ok p=0.907227
Q26:	|....0-.. ........ .0...... ..+.....| ok p=0.998047
Q27:	|....1-.. ..^..... .1....^. ........| ok p=0.982422
Q28:	|....-+.. ........ .-...... ..^.....| ok p=0.986328
Q29:	|.....0.. ........ .0...... ........| ok p=1
Q30:	|....^1.. ........ .+...... ........| ok p=1
Q31:	|........ ........ .+...... ........| ok p=0.977539
Q32:	|........ ........ ........ ........| ok p=1
Q33:	|........ ........ .!...... ........| ok p=1
Q34:	|........ ........ ........ ........| ok p=1
Q35:	|........ ........ ........ ........| ok p=1
Q36:	|........ ........ ........ ........| ok p=1
Q37:	|........ ........ ........ ........| ok p=1
Q38:	|........ ........ ........ ........| ok p=1
Q39:	|........ ........ ........ ........| ok p=1
Q40:	|........ ........ ........ ........| ok p=1
Q41:	|........ ........ ........ ........| ok p=1
Q42:	|........ ........ ........ ........| ok p=1
Q43:	|........ ........ ........ ........| ok p=1
Q44:	|........ ........ ........ ........| ok p=1
Q45:	|........ ........ ........ ........| ok p=1
Q46:	|........ ........ ........ ........| ok p=1
Q47:	|........ ........ ........ ........| ok p=1
Q48:	|........ ........ ........ ........| ok p=1
Q49:	|........ ........ ........ ........| ok p=1
Q50:	|........ ........ ........ ........| ok p=1
Q51:	|........ ........ ........ ........| ok p=1
Q52:	|........ ........ ........ ........| ok p=1
Q53:	|........ ........ ........ ........| ok p=1
Q54:	|........ ........ ........ ........| ok p=1
Q55:	|........ ........ ........ ........| ok p=1
Q56:	|........ ........ ........ ........| ok p=1
Q57:	|........ ........ ........ ........| ok p=1
Q58:	|........ ........ ........ ........| ok p=1
Q59:	|........ ........ ........ ........| ok p=1
Q60:	|.......0 ........ ........ ........| ok p=1
Q61:	|......10 ........ ........ ........| ok p=0.99707
Q62:	|......1- ........ ........ ........| ok p=1
Q63:	|......-+ ........ ........ ........| ok p=0.984375
Q64:	|.......- ........ .++..... ........|
Saving 100000 paths...done.
Autobalance parameters: maxcond=70
Verified: 0 bad out of 122650
Runtime: 9.04429
Extend MD5 differential paths backward
Copyright (C) 2009 Marc Stevens
http://homepages.cwi.nl/~stevens/

delta_m[11] = [!-14!]
Loading workdir3/paths21_0of1...done: 100000 (work:100000).
Estimating maxcond for upper bound 65536 (=16384 * 4)...
t=20: 0%   10   20   30   40   50   60   70   80   90   100%
      |----|----|----|----|----|----|----|----|----|----|
e     ***************************************************
Found maxcond = 84
t=20: 0%   10   20   30   40   50   60   70   80   90   100%
      |----|----|----|----|----|----|----|----|----|----|
      ***************************************************
Q17:	|.-...... .....-.+ ....-... ....+..+|
Q18:	|.1..-... -...+..- .1....-. +.......|
Q19:	|.+...... ......++ .-....-. ...0-...|
Q20:	|...0^... ^...^.+0 ...0..0. ^..0-..0| ok p=0.364258
Q21:	|.^.1.... 0.....0+ .^.1..^. ...+1..1| ok p=0.894531
Q22:	|...+.... 1.....-. ...-.... ...0^..-| ok p=0.726562
Q23:	|........ -.0....^ ......0. ...1....| ok p=0.996094
Q24:	|...^.0.. ..1...^. ...^..1. ..0....^| ok p=0.998047
Q25:	|........ ^.+..... ......+. ..1.....| ok p=0.90625
Q26:	|....0-.. ........ .0...... ..+.....| ok p=0.994141
Q27:	|....1-.. ..^..... .1....^. ........| ok p=0.985352
Q28:	|....-+.. ........ .-...... ..^.....| ok p=0.981445
Q29:	|.....0.. ........ .0...... ........| ok p=1
Q30:	|....^1.. ........ .+...... ........| ok p=1
Q31:	|........ ........ .+...... ........| ok p=0.985352
Q32:	|........ ........ ........ ........| ok p=1
Q33:	|........ ........ .!...... ........| ok p=1
Q34:	|........ ........ ........ ........| ok p=1
Q35:	|........ ........ ........ ........| ok p=1
Q36:	|........ ........ ........ ........| ok p=1
Q37:	|........ ........ ........ ........| ok p=1
Q38:	|........ ........ ........ ........| ok p=1
Q39:	|........ ........ ........ ........| ok p=1
Q40:	|........ ........ ........ ........| ok p=1
Q41:	|........ ........ ........ ........| ok p=1
Q42:	|........ ........ ........ ........| ok p=1
Q43:	|........ ........ ........ ........| ok p=1
Q44:	|........ ........ ........ ........| ok p=1
Q45:	|........ ........ ........ ........| ok p=1
Q46:	|........ ........ ........ ........| ok p=1
Q47:	|........ ........ ........ ........| ok p=1
Q48:	|........ ........ ........ ........| ok p=1
Q49:	|........ ........ ........ ........| ok p=1
Q50:	|........ ........ ........ ........| ok p=1
Q51:	|........ ........ ........ ........| ok p=1
Q52:	|........ ........ ........ ........| ok p=1
Q53:	|........ ........ ........ ........| ok p=1
Q54:	|........ ........ ........ ........| ok p=1
Q55:	|........ ........ ........ ........| ok p=1
Q56:	|........ ........ ........ ........| ok p=1
Q57:	|........ ........ ........ ........| ok p=1
Q58:	|........ ........ ........ ........| ok p=1
Q59:	|........ ........ ........ ........| ok p=1
Q60:	|.......0 ........ ........ ........| ok p=1
Q61:	|......10 ........ ........ ........| ok p=0.990234
Q62:	|......1- ........ ........ ........| ok p=1
Q63:	|......-+ ........ ........ ........| ok p=0.992188
Q64:	|.......- ........ .++..... ........|
Saving 16384 paths...done.
Autobalance parameters: maxcond=83
Verified: 0 bad out of 23392
Runtime: 2.49543
Extend MD5 differential paths backward
Copyright (C) 2009 Marc Stevens
http://homepages.cwi.nl/~stevens/

delta_m[11] = [!-14!]
Loading workdir3/paths20_0of1...done: 16384 (work:16384).
Estimating maxcond for upper bound 2000000 (=500000 * 4)...
t=19: 0%   10   20   30   40   50   60   70   80   90   100%
      |----|----|----|----|----|----|----|----|----|----|
e     ***************************************************
Found maxcond = 95
t=19: 0%   10   20   30   40   50   60   70   80   90   100%
      |----|----|----|----|----|----|----|----|----|----|
      ***************************************************
Q16:	|.-...+.. ..+..-.+ ......-. ....+...|
Q17:	|.0..1... 1....... .+..+... 1.......|
Q18:	|.0..-... -....+.. .0....-. +...-...|
Q19:	|.+...... .....+.0 .-..^.-. ...0-...| ok p=0.541992
Q20:	|...0^... ^....001 ...0..0. ^..0+..0| ok p=1
Q21:	|.^.1.... 0....11+ .^.1..^. ...+1..1| ok p=0.887695
Q22:	|...+.... 1.....-. ...-.... ....^..-| ok p=0.685547
Q23:	|........ -.0....^ ......0. ...^....| ok p=0.99707
Q24:	|...^.0.. ..1...^. ...^..1. ..0....^| ok p=0.998047
Q25:	|........ ^.+..... ......+. ..1.....| ok p=0.922852
Q26:	|....0-.. ........ .0...... ..+.....| ok p=0.99707
Q27:	|....1-.. ..^..... .1....^. ........| ok p=0.987305
Q28:	|....-+.. ........ .-...... ..^.....| ok p=0.988281
Q29:	|.....0.. ........ .0...... ........| ok p=1
Q30:	|....^1.. ........ .+...... ........| ok p=1
Q31:	|........ ........ .+...... ........| ok p=0.987305
Q32:	|........ ........ ........ ........| ok p=1
Q33:	|........ ........ .!...... ........| ok p=1
Q34:	|........ ........ ........ ........| ok p=1
Q35:	|........ ........ ........ ........| ok p=1
Q36:	|........ ........ ........ ........| ok p=1
Q37:	|........ ........ ........ ........| ok p=1
Q38:	|........ ........ ........ ........| ok p=1
Q39:	|........ ........ ........ ........| ok p=1
Q40:	|........ ........ ........ ........| ok p=1
Q41:	|........ ........ ........ ........| ok p=1
Q42:	|........ ........ ........ ........| ok p=1
Q43:	|........ ........ ........ ........| ok p=1
Q44:	|........ ........ ........ ........| ok p=1
Q45:	|........ ........ ........ ........| ok p=1
Q46:	|........ ........ ........ ........| ok p=1
Q47:	|........ ........ ........ ........| ok p=1
Q48:	|........ ........ ........ ........| ok p=1
Q49:	|........ ........ ........ ........| ok p=1
Q50:	|........ ........ ........ ........| ok p=1
Q51:	|........ ........ ........ ........| ok p=1
Q52:	|........ ........ ........ ........| ok p=1
Q53:	|........ ........ ........ ........| ok p=1
Q54:	|........ ........ ........ ........| ok p=1
Q55:	|........ ........ ........ ........| ok p=1
Q56:	|........ ........ ........ ........| ok p=1
Q57:	|........ ........ ........ ........| ok p=1
Q58:	|........ ........ ........ ........| ok p=1
Q59:	|........ ........ ........ ........| ok p=1
Q60:	|.......0 ........ ........ ........| ok p=1
Q61:	|......10 ........ ........ ........| ok p=0.99707
Q62:	|......1- ........ ........ ........| ok p=1
Q63:	|......-+ ........ ........ ........| ok p=0.987305
Q64:	|.......- ........ .++..... ........|
Saving 500000 paths...done.
Autobalance parameters: maxcond=93
Verified: 0 bad out of 830459
Estimating maxcond for upper bound 2000000 (=500000 * 4)...
t=18: 0%   10   20   30   40   50   60   70   80   90   100%
      |----|----|----|----|----|----|----|----|----|----|
e     ***************************************************
Found maxcond = 107
t=18: 0%   10   20   30   40   50   60   70   80   90   100%
      |----|----|----|----|----|----|----|----|----|----|
      ***************************************************
Q15:	|......-. .+....+. -.-...+. ....+..-|
Q16:	|.-..0+.. +.+..-.. ....1.-. 0.......|
Q17:	|.0..1... 0....0.. .0..+.+. 1...-...|
Q18:	|.0..-^.. -.^..+.. .1....-. +...-...| ok p=0.717773
Q19:	|.+...... .....+.0 .-..^.-. ...0+...| ok p=0.566406
Q20:	|...0^... ^....001 ...0..1. ^..1+..0| ok p=1
Q21:	|.^.1.... 0....11+ .^.1..^. ...+0..1| ok p=0.895508
Q22:	|...+.... 1.....-. ...-.... ....^..-| ok p=0.711914
Q23:	|........ -.0....^ ......0. ...^....| ok p=0.991211
Q24:	|...^.0.. ..1...^. ...^..1. ..0....^| ok p=1
Q25:	|........ ^.+..... ......+. ..1.....| ok p=0.915039
Q26:	|....0-.. ........ .0...... ..+.....| ok p=0.99707
Q27:	|....1-.. ..^..... .1....^. ........| ok p=0.986328
Q28:	|....-+.. ........ .-...... ..^.....| ok p=0.982422
Q29:	|.....0.. ........ .0...... ........| ok p=1
Q30:	|....^1.. ........ .+...... ........| ok p=1
Q31:	|........ ........ .+...... ........| ok p=0.978516
Q32:	|........ ........ ........ ........| ok p=1
Q33:	|........ ........ .!...... ........| ok p=1
Q34:	|........ ........ ........ ........| ok p=1
Q35:	|........ ........ ........ ........| ok p=1
Q36:	|........ ........ ........ ........| ok p=1
Q37:	|........ ........ ........ ........| ok p=1
Q38:	|........ ........ ........ ........| ok p=1
Q39:	|........ ........ ........ ........| ok p=1
Q40:	|........ ........ ........ ........| ok p=1
Q41:	|........ ........ ........ ........| ok p=1
Q42:	|........ ........ ........ ........| ok p=1
Q43:	|........ ........ ........ ........| ok p=1
Q44:	|........ ........ ........ ........| ok p=1
Q45:	|........ ........ ........ ........| ok p=1
Q46:	|........ ........ ........ ........| ok p=1
Q47:	|........ ........ ........ ........| ok p=1
Q48:	|........ ........ ........ ........| ok p=1
Q49:	|........ ........ ........ ........| ok p=1
Q50:	|........ ........ ........ ........| ok p=1
Q51:	|........ ........ ........ ........| ok p=1
Q52:	|........ ........ ........ ........| ok p=1
Q53:	|........ ........ ........ ........| ok p=1
Q54:	|........ ........ ........ ........| ok p=1
Q55:	|........ ........ ........ ........| ok p=1
Q56:	|........ ........ ........ ........| ok p=1
Q57:	|........ ........ ........ ........| ok p=1
Q58:	|........ ........ ........ ........| ok p=1
Q59:	|........ ........ ........ ........| ok p=1
Q60:	|.......0 ........ ........ ........| ok p=1
Q61:	|......10 ........ ........ ........| ok p=0.994141
Q62:	|......1- ........ ........ ........| ok p=1
Q63:	|......-+ ........ ........ ........| ok p=0.987305
Q64:	|.......- ........ .++..... ........|
Saving 500000 paths...done.
Autobalance parameters: maxcond=106
Verified: 0 bad out of 786246
Estimating maxcond for upper bound 2000000 (=500000 * 4)...
t=17: 0%   10   20   30   40   50   60   70   80   90   100%
      |----|----|----|----|----|----|----|----|----|----|
e     ***************************************************
Found maxcond = 123
t=17: 0%   10   20   30   40   50   60   70   80   90   100%
      |----|----|----|----|----|----|----|----|----|----|
      ***************************************************
Q14:	|.-...... .......- .-...+.. .......-|
Q15:	|.....1+. ..+..... .++...+. ....0..-|
Q16:	|....0+.. 0.+..-.+ .0....-. 0.......|
Q17:	|.0..1.^. 1.0..-1+ .0^...1. 1...-..^| ok p=0.705078
Q18:	|.0..-^.. -.1..+.+ .1....-. -...-...| ok p=0.71582
Q19:	|.+...... .....1++ .-....-. ...0+...| ok p=0.655273
Q20:	|...0^... ^....^++ ...0..0. ^..1+..0| ok p=1
Q21:	|.^.1.... 0.....++ .^.1..^. ...+0..1| ok p=0.884766
Q22:	|...+.... 1.....-1 ...-.... ....^..-| ok p=0.702148
Q23:	|........ -.0...00 ......0. ...^....| ok p=0.996094
Q24:	|...^.0.. ..1...1. ...^..1. ..0....^| ok p=0.999023
Q25:	|........ ^.+..... ......+. ..1.....| ok p=0.919922
Q26:	|....0-.. ........ .0...... ..+.....| ok p=0.99707
Q27:	|....1-.. ..^..... .1....^. ........| ok p=0.986328
Q28:	|....-+.. ........ .-...... ..^.....| ok p=0.987305
Q29:	|.....0.. ........ .0...... ........| ok p=1
Q30:	|....^1.. ........ .+...... ........| ok p=1
Q31:	|........ ........ .+...... ........| ok p=0.982422
Q32:	|........ ........ ........ ........| ok p=1
Q33:	|........ ........ .!...... ........| ok p=1
Q34:	|........ ........ ........ ........| ok p=1
Q35:	|........ ........ ........ ........| ok p=1
Q36:	|........ ........ ........ ........| ok p=1
Q37:	|........ ........ ........ ........| ok p=1
Q38:	|........ ........ ........ ........| ok p=1
Q39:	|........ ........ ........ ........| ok p=1
Q40:	|........ ........ ........ ........| ok p=1
Q41:	|........ ........ ........ ........| ok p=1
Q42:	|........ ........ ........ ........| ok p=1
Q43:	|........ ........ ........ ........| ok p=1
Q44:	|........ ........ ........ ........| ok p=1
Q45:	|........ ........ ........ ........| ok p=1
Q46:	|........ ........ ........ ........| ok p=1
Q47:	|........ ........ ........ ........| ok p=1
Q48:	|........ ........ ........ ........| ok p=1
Q49:	|........ ........ ........ ........| ok p=1
Q50:	|........ ........ ........ ........| ok p=1
Q51:	|........ ........ ........ ........| ok p=1
Q52:	|........ ........ ........ ........| ok p=1
Q53:	|........ ........ ........ ........| ok p=1
Q54:	|........ ........ ........ ........| ok p=1
Q55:	|........ ........ ........ ........| ok p=1
Q56:	|........ ........ ........ ........| ok p=1
Q57:	|........ ........ ........ ........| ok p=1
Q58:	|........ ........ ........ ........| ok p=1
Q59:	|........ ........ ........ ........| ok p=1
Q60:	|.......0 ........ ........ ........| ok p=1
Q61:	|......10 ........ ........ ........| ok p=0.988281
Q62:	|......1- ........ ........ ........| ok p=1
Q63:	|......-+ ........ ........ ........| ok p=0.988281
Q64:	|.......- ........ .++..... ........|
Saving 500000 paths...done.
Autobalance parameters: maxcond=122
Verified: 0 bad out of 801081
Estimating maxcond for upper bound 2000000 (=500000 * 4)...
t=16: 0%   10   20   30   40   50   60   70   80   90   100%
      |----|----|----|----|----|----|----|----|----|----|
e     ***************************************************
Found maxcond = 135
t=16: 0%   10   20   30   40   50   60   70   80   90   100%
      |----|----|----|----|----|----|----|----|----|----|
      ***************************************************
Q13:	|......-. ..-....+ ...+.... ....+...|
Q14:	|.+...-1. ..-....- .11...+. .......-|
Q15:	|.1...1-. ..0...-1 .++...+. ....+..-|
Q16:	|.-..0+.. 0.+..1-- .1....-. 0...+..0| ok p=0.458008
Q17:	|.0..1.^. 1.....1- .0^...1. 1...0..^| ok p=0.673828
Q18:	|.0..-^.. -.^..+^- .1....-. +...-...| ok p=0.68457
Q19:	|.+...... .....+.+ .-....-. ...0-...| ok p=0.527344
Q20:	|...0^... ^....01+ ...0..0. ^..0+..0| ok p=1
Q21:	|.^.1.... 0....11+ .^.1..^. ...+1..1| ok p=0.901367
Q22:	|...+.... 1.....-1 ...-.... ....^..-| ok p=0.696289
Q23:	|........ -.0....0 ......0. ...^....| ok p=0.994141
Q24:	|...^.0.. ..1...^. ...^..1. ..0....^| ok p=1
Q25:	|........ ^.+..... ......+. ..1.....| ok p=0.924805
Q26:	|....0-.. ........ .0...... ..+.....| ok p=0.99707
Q27:	|....1-.. ..^..... .1....^. ........| ok p=0.981445
Q28:	|....-+.. ........ .-...... ..^.....| ok p=0.981445
Q29:	|.....0.. ........ .0...... ........| ok p=1
Q30:	|....^1.. ........ .+...... ........| ok p=1
Q31:	|........ ........ .+...... ........| ok p=0.982422
Q32:	|........ ........ ........ ........| ok p=1
Q33:	|........ ........ .!...... ........| ok p=1
Q34:	|........ ........ ........ ........| ok p=1
Q35:	|........ ........ ........ ........| ok p=1
Q36:	|........ ........ ........ ........| ok p=1
Q37:	|........ ........ ........ ........| ok p=1
Q38:	|........ ........ ........ ........| ok p=1
Q39:	|........ ........ ........ ........| ok p=1
Q40:	|........ ........ ........ ........| ok p=1
Q41:	|........ ........ ........ ........| ok p=1
Q42:	|........ ........ ........ ........| ok p=1
Q43:	|........ ........ ........ ........| ok p=1
Q44:	|........ ........ ........ ........| ok p=1
Q45:	|........ ........ ........ ........| ok p=1
Q46:	|........ ........ ........ ........| ok p=1
Q47:	|........ ........ ........ ........| ok p=1
Q48:	|........ ........ ........ ........| ok p=1
Q49:	|........ ........ ........ ........| ok p=1
Q50:	|........ ........ ........ ........| ok p=1
Q51:	|........ ........ ........ ........| ok p=1
Q52:	|........ ........ ........ ........| ok p=1
Q53:	|........ ........ ........ ........| ok p=1
Q54:	|........ ........ ........ ........| ok p=1
Q55:	|........ ........ ........ ........| ok p=1
Q56:	|........ ........ ........ ........| ok p=1
Q57:	|........ ........ ........ ........| ok p=1
Q58:	|........ ........ ........ ........| ok p=1
Q59:	|........ ........ ........ ........| ok p=1
Q60:	|.......0 ........ ........ ........| ok p=1
Q61:	|......10 ........ ........ ........| ok p=0.994141
Q62:	|......1- ........ ........ ........| ok p=1
Q63:	|......-+ ........ ........ ........| ok p=0.990234
Q64:	|.......- ........ .++..... ........|
Saving 500000 paths...done.
Autobalance parameters: maxcond=134
Verified: 0 bad out of 858640
Runtime: 29.6423
