Connect MD5 differential paths
Copyright (C) 2009 Marc Stevens
http://homepages.cwi.nl/~stevens/

delta_m[11] = [!-14!]
Loading workdir3/paths16_0of1.bin.gz...done: 500000.
Loading workdir3/paths11_0of1.bin.gz...done: 500000.
t=12: 0%   10   20   30   40   50   60   70   80   90   100%
      |----|----|----|----|----|----|----|----|----|----|
      *Q-3:	|01010001 11111111 01001111 00110010|
Q-2:	|01110+-- 00001001 -0110010 0+1+--11|
Q-1:	|1010110+ 0001-+++ +001100+ --010+01|
Q0:	|010-0-11 -10001-+ 00+10110 +010+-11| ok p=0.274414
Q1:	|-..-.0-0 --.-11-+ 0+0.0+.0 +0..++1+| ok p=0.661133
Q2:	|-0...1-1 -1.0...1 .11.++.. -....0+0| ok p=1
Q3:	|01.01..- .0.+^.1+ ^1-.++.. 1...1101| ok p=1
Q4:	|00..1.01 1+^--..- ..-.-... 1.1.0+1-| ok p=1
Q5:	|.1..-..1 .+.+0..- ..+.00.. ..0.-1.0| ok p=1
Q6:	|....-..0 .-.0+.1. ..1.+1^. .^-.--.1| ok p=1
Q7:	|.!..0..0 .1.1-.01 ..0.+.-. .+0.+-..| ok p=1
Q8:	|....1..- .-!.-.-. ......0. .0111+..| ok p=1
Q9:	|!..1+..- .+..+.+. ....00-. .10001..| ok p=1
Q10:	|0.!1+010 .+11+11. 1..111-0 0.-+-10.| ok p=1
Q11:	|11.+000+ 01101010 00^10-00 1.-10-10| ok p=1
Q12:	|-1^+-++1 11+----0 -0-+++1- +^---1+0| ok p=1
Q13:	|++-++++- +--+++0- 0-1--0++ ----1+--| ok p=1
Q14:	|1-1.1-00 1110000- 0-001+00 00..110-| ok p=1
Q15:	|101000+1 +1-011.1 0++000+0 1011011-| ok p=0.939453
Q16:	|.0..0+.. +.+..-.- .0...1-. 0......1| ok p=0.733398
Q17:	|.0..1.^. 0.1..-0+ .0^...1. 1...-..1| ok p=0.695312
Q18:	|.0..-^.. -.0..+.+ .1....-. -...-...| ok p=0.723633
Q19:	|.+...... .....0++ .-....-. ...0+...| ok p=0.650391
Q20:	|...0^... ^....0++ ...0..0. ^..1+..0| ok p=1
Q21:	|.^.1.... 0.....++ .^.1..0. ...+0..1| ok p=0.90918
Q22:	|...+.... 1.....-1 ...-.... ....0..-| ok p=0.740234
Q23:	|........ -.0...00 ......0. ...^....| ok p=0.995117
Q24:	|...^.0.. ..1...1. ...^..1. ..0....^| ok p=1
Q25:	|........ ^.+..... ......+. ..1.....| ok p=0.926758
Q26:	|....0-.. ........ .0...... ..+.....| ok p=0.99707
Q27:	|....1-.. ..^..... .1....^. ........| ok p=0.983398
Q28:	|....-+.. ........ .-...... ..^.....| ok p=0.987305
Q29:	|.....0.. ........ .0...... ........| ok p=1
Q30:	|....^1.. ........ .+...... ........| ok p=1
Q31:	|........ ........ .+...... ........| ok p=0.979492
Q32:	|........ ........ ........ ........| ok p=1
Q33:	|........ ........ .!...... ........| ok p=1
Q34:	|........ ........ ........ ........| ok p=1
Q35:	|........ ........ ........ ........| ok p=1
Q36:	|........ ........ ........ ........| ok p=1
Q37:	|........ ........ ........ ........| ok p=1
Q38:	|........ ........ ........ ........| ok p=1
Q39:	|........ ........ ........ ........| ok p=1
Q40:	|........ ........ ........ ........| ok p=1
Q41:	|........ ........ ........ ........| ok p=1
Q42:	|........ ........ ........ ........| ok p=1
Q43:	|........ ........ ........ ........| ok p=1
Q44:	|........ ........ ........ ........| ok p=1
Q45:	|........ ........ ........ ........| ok p=1
Q46:	|........ ........ ........ ........| ok p=1
Q47:	|........ ........ ........ ........| ok p=1
Q48:	|........ ........ ........ ........| ok p=1
Q49:	|........ ........ ........ ........| ok p=1
Q50:	|........ ........ ........ ........| ok p=1
Q51:	|........ ........ ........ ........| ok p=1
Q52:	|........ ........ ........ ........| ok p=1
Q53:	|........ ........ ........ ........| ok p=1
Q54:	|........ ........ ........ ........| ok p=1
Q55:	|........ ........ ........ ........| ok p=1
Q56:	|........ ........ ........ ........| ok p=1
Q57:	|........ ........ ........ ........| ok p=1
Q58:	|........ ........ ........ ........| ok p=1
Q59:	|........ ........ ........ ........| ok p=1
Q60:	|.......0 ........ ........ ........| ok p=1
Q61:	|......10 ........ ........ ........| ok p=0.990234
Q62:	|......1- ........ ........ ........| ok p=1
Q63:	|......-+ ........ ........ ........| ok p=0.981445
Q64:	|.......- ........ .++..... ........|
Best path: totcompl=-30 tottunnel=33, totcond=581, p=0.0209245
Q-3:	|01010001 11111111 01001111 00110010|
Q-2:	|01110+-- 00001001 -0110010 0+1+--11|
Q-1:	|1010110+ 0001-+++ +001100+ --010+01|
Q0:	|010-0-11 -10001-+ 00+10110 +010+-11| ok p=0.272461
Q1:	|-..-.0-0 --.-11-+ 0+0.0+.0 +0..++1+| ok p=0.65625
Q2:	|-0...1-1 -1.0...1 .11.++.. -....0+0| ok p=1
Q3:	|01.01..- .0.+^.1+ ^1-.++.. 1...1101| ok p=1
Q4:	|0..11.01 1+^--..- ..-.-... 1.1.0+1-| ok p=1
Q5:	|..!.-..1 .+.+0..- ..+.00.. ..0.-1.0| ok p=1
Q6:	|....-..0 .-.0+.1. ..1.+1^. .^-.--.1| ok p=1
Q7:	|.!..0..0 .1.1-.01 ..0.+.-. .+0.+-..| ok p=1
Q8:	|....1..- .-..-!-. ......0. .0111+..| ok p=1
Q9:	|1!.1+..- .+..+.+. ....00-. .10001..| ok p=1
Q10:	|0..1+010 .+11+11. 1..111-. 1.-+-10.| ok p=1
Q11:	|11.+000+ 01101010 00^10-00 0.-10-10| ok p=1
Q12:	|-1^+-++1 11+----0 -0-+++11 -^---1+0| ok p=1
Q13:	|++-++++- +--+++0- 0-1--0++ ----1+--| ok p=1
Q14:	|1-1.1-00 1110000- 0-001+00 .0..110-| ok p=1
Q15:	|101000+1 +1-011.1 0++000+0 1011011-| ok p=0.93457
Q16:	|.0..0+.. +.+..-.- .0...1-. 0......1| ok p=0.751953
Q17:	|.0..1.^. 0.1..-0+ .0^...1. 1...-..1| ok p=0.710938
Q18:	|.0..-^.. -.0..+.+ .1....-. -...-...| ok p=0.707031
Q19:	|.+...... .....0++ .-....-. ...0+...| ok p=0.672852
Q20:	|...0^... ^....0++ ...0..0. ^..1+..0| ok p=1
Q21:	|.^.1.... 0.....++ .^.1..0. ...+0..1| ok p=0.902344
Q22:	|...+.... 1.....-1 ...-.... ....0..-| ok p=0.693359
Q23:	|........ -.0...00 ......0. ...^....| ok p=0.996094
Q24:	|...^.0.. ..1...1. ...^..1. ..0....^| ok p=0.999023
Q25:	|........ ^.+..... ......+. ..1.....| ok p=0.911133
Q26:	|....0-.. ........ .0...... ..+.....| ok p=0.99707
Q27:	|....1-.. ..^..... .1....^. ........| ok p=0.990234
Q28:	|....-+.. ........ .-...... ..^.....| ok p=0.988281
Q29:	|.....0.. ........ .0...... ........| ok p=1
Q30:	|....^1.. ........ .+...... ........| ok p=1
Q31:	|........ ........ .+...... ........| ok p=0.990234
Q32:	|........ ........ ........ ........| ok p=1
Q33:	|........ ........ .!...... ........| ok p=1
Q34:	|........ ........ ........ ........| ok p=1
Q35:	|........ ........ ........ ........| ok p=1
Q36:	|........ ........ ........ ........| ok p=1
Q37:	|........ ........ ........ ........| ok p=1
Q38:	|........ ........ ........ ........| ok p=1
Q39:	|........ ........ ........ ........| ok p=1
Q40:	|........ ........ ........ ........| ok p=1
Q41:	|........ ........ ........ ........| ok p=1
Q42:	|........ ........ ........ ........| ok p=1
Q43:	|........ ........ ........ ........| ok p=1
Q44:	|........ ........ ........ ........| ok p=1
Q45:	|........ ........ ........ ........| ok p=1
Q46:	|........ ........ ........ ........| ok p=1
Q47:	|........ ........ ........ ........| ok p=1
Q48:	|........ ........ ........ ........| ok p=1
Q49:	|........ ........ ........ ........| ok p=1
Q50:	|........ ........ ........ ........| ok p=1
Q51:	|........ ........ ........ ........| ok p=1
Q52:	|........ ........ ........ ........| ok p=1
Q53:	|........ ........ ........ ........| ok p=1
Q54:	|........ ........ ........ ........| ok p=1
Q55:	|........ ........ ........ ........| ok p=1
Q56:	|........ ........ ........ ........| ok p=1
Q57:	|........ ........ ........ ........| ok p=1
Q58:	|........ ........ ........ ........| ok p=1
Q59:	|........ ........ ........ ........| ok p=1
Q60:	|.......0 ........ ........ ........| ok p=1
Q61:	|......10 ........ ........ ........| ok p=0.990234
Q62:	|......1- ........ ........ ........| ok p=1
Q63:	|......-+ ........ ........ ........| ok p=0.991211
Q64:	|.......- ........ .++..... ........|
Best path: totcompl=-30 tottunnel=33, totcond=579, p=0.0218177
Q-3:	|01010001 11111111 01001111 00110010|
Q-2:	|01110+-- 00001001 -0110010 0+1+--11|
Q-1:	|1010110+ 0001-+++ +001100+ --010+01|
Q0:	|010-0-11 -10001-+ 00+10110 +010+-11| ok p=0.282227
Q1:	|-..-.0-0 --.-11-+ 0+0.0+.0 +0..++1+| ok p=0.662109
Q2:	|-0...1-1 -1.0...1 .11.++.. -....0+0| ok p=1
Q3:	|01.01..- .0.+^.1+ ^1-.++.. 1...1101| ok p=1
Q4:	|0..11.01 1+^--..- ..-.-... 1.1.0+1-| ok p=1
Q5:	|1...-..1 .+.+0..- ..+.00.. ..0.-1.0| ok p=1
Q6:	|....-..0 .-.0+.1. ..1.+1^. .^-.--.1| ok p=1
Q7:	|!...0..0 .1.1-.01 ..0.+.-. .+0.+-..| ok p=1
Q8:	|....1..- .-.0-.-. ......0. .0111+..| ok p=1
Q9:	|.!.1+..- .+..+.+. ....00-. .10001..| ok p=1
Q10:	|0!.1+010 .+11+11. 1..011-0 0.-+-10.| ok p=1
Q11:	|11.+000+ 01101010 00.00-00 1.-10-10| ok p=1
Q12:	|-1^+-++1 11+----0 -0.-++1- +^---1+0| ok p=1
Q13:	|++-++++- +--+++0- 0-1--0++ ----1+--| ok p=1
Q14:	|1-1.1-00 1110000- 0-0.1+00 00..110-| ok p=1
Q15:	|101000+1 +1-011.1 0++000+0 1011011-| ok p=0.932617
Q16:	|.0..0+.. +.+..-.- .0...1-. 0......1| ok p=0.751953
Q17:	|.0..1.^. 0.1..-0+ .0^...1. 1...-..1| ok p=0.666016
Q18:	|.0..-^.. -.0..+.+ .1....-. -...-...| ok p=0.713867
Q19:	|.+...... .....0++ .-....-. ...0+...| ok p=0.642578
Q20:	|...0^... ^....0++ ...0..0. ^..1+..0| ok p=1
Q21:	|.^.1.... 0.....++ .^.1..0. ...+0..1| ok p=0.902344
Q22:	|...+.... 1.....-1 ...-.... ....0..-| ok p=0.71582
Q23:	|........ -.0...00 ......0. ...^....| ok p=0.99707
Q24:	|...^.0.. ..1...1. ...^..1. ..0....^| ok p=1
Q25:	|........ ^.+..... ......+. ..1.....| ok p=0.932617
Q26:	|....0-.. ........ .0...... ..+.....| ok p=1
Q27:	|....1-.. ..^..... .1....^. ........| ok p=0.987305
Q28:	|....-+.. ........ .-...... ..^.....| ok p=0.985352
Q29:	|.....0.. ........ .0...... ........| ok p=1
Q30:	|....^1.. ........ .+...... ........| ok p=1
Q31:	|........ ........ .+...... ........| ok p=0.986328
Q32:	|........ ........ ........ ........| ok p=1
Q33:	|........ ........ .!...... ........| ok p=1
Q34:	|........ ........ ........ ........| ok p=1
Q35:	|........ ........ ........ ........| ok p=1
Q36:	|........ ........ ........ ........| ok p=1
Q37:	|........ ........ ........ ........| ok p=1
Q38:	|........ ........ ........ ........| ok p=1
Q39:	|........ ........ ........ ........| ok p=1
Q40:	|........ ........ ........ ........| ok p=1
Q41:	|........ ........ ........ ........| ok p=1
Q42:	|........ ........ ........ ........| ok p=1
Q43:	|........ ........ ........ ........| ok p=1
Q44:	|........ ........ ........ ........| ok p=1
Q45:	|........ ........ ........ ........| ok p=1
Q46:	|........ ........ ........ ........| ok p=1
Q47:	|........ ........ ........ ........| ok p=1
Q48:	|........ ........ ........ ........| ok p=1
Q49:	|........ ........ ........ ........| ok p=1
Q50:	|........ ........ ........ ........| ok p=1
Q51:	|........ ........ ........ ........| ok p=1
Q52:	|........ ........ ........ ........| ok p=1
Q53:	|........ ........ ........ ........| ok p=1
Q54:	|........ ........ ........ ........| ok p=1
Q55:	|........ ........ ........ ........| ok p=1
Q56:	|........ ........ ........ ........| ok p=1
Q57:	|........ ........ ........ ........| ok p=1
Q58:	|........ ........ ........ ........| ok p=1
Q59:	|........ ........ ........ ........| ok p=1
Q60:	|.......0 ........ ........ ........| ok p=1
Q61:	|......10 ........ ........ ........| ok p=0.994141
Q62:	|......1- ........ ........ ........| ok p=1
Q63:	|......-+ ........ ........ ........| ok p=0.986328
Q64:	|.......- ........ .++..... ........|
Best path: totcompl=-29 tottunnel=34, totcond=578, p=0.0233414
Q-3:	|01010001 11111111 01001111 00110010|
Q-2:	|01110+-- 00001001 -0110010 0+1+--11|
Q-1:	|1010110+ 0001-+++ +001100+ --010+01|
Q0:	|010-0-11 -10001-+ 00+10110 +010+-11| ok p=0.271484
Q1:	|-..-.0-0 --.-11-+ 0+0.0+.0 +0..++1+| ok p=0.676758
Q2:	|-0...1-1 -1.0...1 111.++.. -....0+0| ok p=1
Q3:	|01.01..- .0.+^.1+ .1-.++.. 1...1101| ok p=1
Q4:	|0.!.1.01 1+^--..- ..-.-... 1.1.0+1-| ok p=1
Q5:	|.!..-..1 .+.+0..- ..+.00.. ..0.-1.0| ok p=1
Q6:	|....-..0 .-.0+.1. ..1.+1^. .^-.--.1| ok p=1
Q7:	|!...0..0 .1.1-.01 ..0.+.-. .+0.+-..| ok p=1
Q8:	|....1..- .-!.-.-. ......0. .0111+..| ok p=1
Q9:	|.!.1+..- .+..+.+. ....00-. .10001..| ok p=1
Q10:	|0!.1+010 .+11+11. 1..011-. 1.-+-10.| ok p=1
Q11:	|11.+000+ 01101010 00.00-00 0.-10-10| ok p=1
Q12:	|-1^+-++1 11+----0 -0.-++11 -^---1+0| ok p=1
Q13:	|++-++++- +--+++0- 0-1--0++ ----1+--| ok p=1
Q14:	|1-1.1-00 1110000- 0-0.1+00 .0..110-| ok p=1
Q15:	|101000+1 +1-011.1 0++000+0 1011011-| ok p=0.926758
Q16:	|.0..0+.. +.+..-.- .0...1-. 0......1| ok p=0.733398
Q17:	|.0..1.^. 0.1..-0+ .0^...1. 1...-..1| ok p=0.713867
Q18:	|.0..-^.. -.0..+.+ .1....-. -...-...| ok p=0.697266
Q19:	|.+...... .....0++ .-....-. ...0+...| ok p=0.667969
Q20:	|...0^... ^....0++ ...0..0. ^..1+..0| ok p=1
Q21:	|.^.1.... 0.....++ .^.1..0. ...+0..1| ok p=0.900391
Q22:	|...+.... 1.....-1 ...-.... ....0..-| ok p=0.698242
Q23:	|........ -.0...00 ......0. ...^....| ok p=0.998047
Q24:	|...^.0.. ..1...1. ...^..1. ..0....^| ok p=0.99707
Q25:	|........ ^.+..... ......+. ..1.....| ok p=0.9375
Q26:	|....0-.. ........ .0...... ..+.....| ok p=0.998047
Q27:	|....1-.. ..^..... .1....^. ........| ok p=0.987305
Q28:	|....-+.. ........ .-...... ..^.....| ok p=0.983398
Q29:	|.....0.. ........ .0...... ........| ok p=1
Q30:	|....^1.. ........ .+...... ........| ok p=1
Q31:	|........ ........ .+...... ........| ok p=0.977539
Q32:	|........ ........ ........ ........| ok p=1
Q33:	|........ ........ .!...... ........| ok p=1
Q34:	|........ ........ ........ ........| ok p=1
Q35:	|........ ........ ........ ........| ok p=1
Q36:	|........ ........ ........ ........| ok p=1
Q37:	|........ ........ ........ ........| ok p=1
Q38:	|........ ........ ........ ........| ok p=1
Q39:	|........ ........ ........ ........| ok p=1
Q40:	|........ ........ ........ ........| ok p=1
Q41:	|........ ........ ........ ........| ok p=1
Q42:	|........ ........ ........ ........| ok p=1
Q43:	|........ ........ ........ ........| ok p=1
Q44:	|........ ........ ........ ........| ok p=1
Q45:	|........ ........ ........ ........| ok p=1
Q46:	|........ ........ ........ ........| ok p=1
Q47:	|........ ........ ........ ........| ok p=1
Q48:	|........ ........ ........ ........| ok p=1
Q49:	|........ ........ ........ ........| ok p=1
Q50:	|........ ........ ........ ........| ok p=1
Q51:	|........ ........ ........ ........| ok p=1
Q52:	|........ ........ ........ ........| ok p=1
Q53:	|........ ........ ........ ........| ok p=1
Q54:	|........ ........ ........ ........| ok p=1
Q55:	|........ ........ ........ ........| ok p=1
Q56:	|........ ........ ........ ........| ok p=1
Q57:	|........ ........ ........ ........| ok p=1
Q58:	|........ ........ ........ ........| ok p=1
Q59:	|........ ........ ........ ........| ok p=1
Q60:	|.......0 ........ ........ ........| ok p=1
Q61:	|......10 ........ ........ ........| ok p=0.995117
Q62:	|......1- ........ ........ ........| ok p=1
Q63:	|......-+ ........ ........ ........| ok p=0.981445
Q64:	|.......- ........ .++..... ........|
Best path: totcompl=-29 tottunnel=34, totcond=576, p=0.0253814
Q-3:	|01010001 11111111 01001111 00110010|
Q-2:	|01110+-- 00001001 -0110010 0+1+--11|
Q-1:	|1010110+ 0001-+++ +001100+ --010+01|
Q0:	|010-0-11 -10001-+ 00+10110 +010+-11| ok p=0.28418
Q1:	|-..-.0-0 --.-11-+ 0+0.0+.0 +0..++1+| ok p=0.630859
Q2:	|-1...1-1 -1.0...1 111.++.. -....0+0| ok p=1
Q3:	|10.01..- .0.+^.1+ .1-.++.. 1...1101| ok p=1
Q4:	|0...1.01 1+^--..- ..-.-... 1.1.0+1-| ok p=1
Q5:	|1...-..1 .+.+0..- ..+.00.. ..0.-1.0| ok p=1
Q6:	|....-..0 .-.0+.1. ..1.+1^. .^-.--.1| ok p=1
Q7:	|!...0..0 .1.1-.01 ..0.+.-. .+0.+-..| ok p=1
Q8:	|....1..- .-..-!-. ......0. .0111+..| ok p=1
Q9:	|!..1+..- .+..+.+. ....00-. .10001..| ok p=1
Q10:	|0!.1+010 .+11+11. 1...01-. 1.-+-10.| ok p=1
Q11:	|11.+000+ 01101010 00.01-00 0.-10-10| ok p=1
Q12:	|-1^+-++1 11+----0 -0.1-+11 -^---1+0| ok p=1
Q13:	|++-++++- +--+++0- 0-1--0++ ----1+--| ok p=1
Q14:	|1-1.1-00 1110000- 0-01.+00 .0..110-| ok p=1
Q15:	|101000+1 +1-011.1 0++000+0 1011011-| ok p=0.957031
Q16:	|.0..0+.. +.+..-.- .0...1-. 0......1| ok p=0.75
Q17:	|.0..1.^. 0.1..-0+ .0^...1. 1...-..1| ok p=0.664062
Q18:	|.0..-^.. -.0..+.+ .1....-. -...-...| ok p=0.703125
Q19:	|.+...... .....0++ .-....-. ...0+...| ok p=0.636719
Q20:	|...0^... ^....0++ ...0..0. ^..1+..0| ok p=1
Q21:	|.^.1.... 0.....++ .^.1..0. ...+0..1| ok p=0.910156
Q22:	|...+.... 1.....-1 ...-.... ....0..-| ok p=0.702148
Q23:	|........ -.0...00 ......0. ...^....| ok p=0.994141
Q24:	|...^.0.. ..1...1. ...^..1. ..0....^| ok p=0.999023
Q25:	|........ ^.+..... ......+. ..1.....| ok p=0.930664
Q26:	|....0-.. ........ .0...... ..+.....| ok p=0.99707
Q27:	|....1-.. ..^..... .1....^. ........| ok p=0.988281
Q28:	|....-+.. ........ .-...... ..^.....| ok p=0.981445
Q29:	|.....0.. ........ .0...... ........| ok p=1
Q30:	|....^1.. ........ .+...... ........| ok p=1
Q31:	|........ ........ .+...... ........| ok p=0.986328
Q32:	|........ ........ ........ ........| ok p=1
Q33:	|........ ........ .!...... ........| ok p=1
Q34:	|........ ........ ........ ........| ok p=1
Q35:	|........ ........ ........ ........| ok p=1
Q36:	|........ ........ ........ ........| ok p=1
Q37:	|........ ........ ........ ........| ok p=1
Q38:	|........ ........ ........ ........| ok p=1
Q39:	|........ ........ ........ ........| ok p=1
Q40:	|........ ........ ........ ........| ok p=1
Q41:	|........ ........ ........ ........| ok p=1
Q42:	|........ ........ ........ ........| ok p=1
Q43:	|........ ........ ........ ........| ok p=1
Q44:	|........ ........ ........ ........| ok p=1
Q45:	|........ ........ ........ ........| ok p=1
Q46:	|........ ........ ........ ........| ok p=1
Q47:	|........ ........ ........ ........| ok p=1
Q48:	|........ ........ ........ ........| ok p=1
Q49:	|........ ........ ........ ........| ok p=1
Q50:	|........ ........ ........ ........| ok p=1
Q51:	|........ ........ ........ ........| ok p=1
Q52:	|........ ........ ........ ........| ok p=1
Q53:	|........ ........ ........ ........| ok p=1
Q54:	|........ ........ ........ ........| ok p=1
Q55:	|........ ........ ........ ........| ok p=1
Q56:	|........ ........ ........ ........| ok p=1
Q57:	|........ ........ ........ ........| ok p=1
Q58:	|........ ........ ........ ........| ok p=1
Q59:	|........ ........ ........ ........| ok p=1
Q60:	|.......0 ........ ........ ........| ok p=1
Q61:	|......10 ........ ........ ........| ok p=0.989258
Q62:	|......1- ........ ........ ........| ok p=1
Q63:	|......-+ ........ ........ ........| ok p=0.993164
Q64:	|.......- ........ .++..... ........|
Best path: totcompl=-29 tottunnel=34, totcond=574, p=0.0219496
Q-3:	|01010001 11111111 01001111 00110010|
Q-2:	|01110+-- 00001001 -0110010 0+1+--11|
Q-1:	|1010110+ 0001-+++ +001100+ --010+01|
Q0:	|010-0-11 -10001-+ 00+10110 +010+-11| ok p=0.286133
Q1:	|-..-.0-0 --.-11-+ 0+0.0+.0 +0..++1+| ok p=0.668945
Q2:	|-1...1-1 -1.0...1 111.++.. -....0+0| ok p=1
Q3:	|10.01..- .0.+^.1+ .1-.++.. 1...1101| ok p=1
Q4:	|0...1.01 1+^--..- ..-.-... 1.1.0+1-| ok p=1
Q5:	|.!..-..1 .+.+0..- ..+.00.. ..0.-1.0| ok p=1
Q6:	|....-..0 .-.0+.1. ..1.+1^. .^-.--.1| ok p=1
Q7:	|!...0..0 .1.1-.01 ..0.+.-. .+0.+-..| ok p=1
Q8:	|0...1..- .-!.-.-. ......0. .0111+..| ok p=1
Q9:	|1..1+..- .+..+.+. ....00-. .10001..| ok p=1
Q10:	|0..1+010 .+11+11. 1...01-. 1.-+-10.| ok p=1
Q11:	|11.+000+ 01101010 00.01-.0 0.-10-10| ok p=1
Q12:	|-1^+-++1 11+----0 -0.1-+11 -^---1+0| ok p=1
Q13:	|++-++++- +--+++0- 0-1-0-1- ----1+--| ok p=1
Q14:	|1-1.1-00 1110000- 0-010+00 .0..110-| ok p=1
Q15:	|101000+1 +1-011.1 0++0.0+0 1011011-| ok p=0.948242
Q16:	|.0..0+.. +.+..-.- .0...1-. 0......1| ok p=0.762695
Q17:	|.0..1.^. 0.1..-0+ .0^...1. 1...-..1| ok p=0.709961
Q18:	|.0..-^.. -.0..+.+ .1....-. -...-...| ok p=0.714844
Q19:	|.+...... .....0++ .-....-. ...0+...| ok p=0.662109
Q20:	|...0^... ^....0++ ...0..0. ^..1+..0| ok p=1
Q21:	|.^.1.... 0.....++ .^.1..0. ...+0..1| ok p=0.902344
Q22:	|...+.... 1.....-1 ...-.... ....0..-| ok p=0.710938
Q23:	|........ -.0...00 ......0. ...^....| ok p=0.994141
Q24:	|...^.0.. ..1...1. ...^..1. ..0....^| ok p=0.99707
Q25:	|........ ^.+..... ......+. ..1.....| ok p=0.927734
Q26:	|....0-.. ........ .0...... ..+.....| ok p=0.99707
Q27:	|....1-.. ..^..... .1....^. ........| ok p=0.978516
Q28:	|....-+.. ........ .-...... ..^.....| ok p=0.982422
Q29:	|.....0.. ........ .0...... ........| ok p=1
Q30:	|....^1.. ........ .+...... ........| ok p=1
Q31:	|........ ........ .+...... ........| ok p=0.982422
Q32:	|........ ........ ........ ........| ok p=1
Q33:	|........ ........ .!...... ........| ok p=1
Q34:	|........ ........ ........ ........| ok p=1
Q35:	|........ ........ ........ ........| ok p=1
Q36:	|........ ........ ........ ........| ok p=1
Q37:	|........ ........ ........ ........| ok p=1
Q38:	|........ ........ ........ ........| ok p=1
Q39:	|........ ........ ........ ........| ok p=1
Q40:	|........ ........ ........ ........| ok p=1
Q41:	|........ ........ ........ ........| ok p=1
Q42:	|........ ........ ........ ........| ok p=1
Q43:	|........ ........ ........ ........| ok p=1
Q44:	|........ ........ ........ ........| ok p=1
Q45:	|........ ........ ........ ........| ok p=1
Q46:	|........ ........ ........ ........| ok p=1
Q47:	|........ ........ ........ ........| ok p=1
Q48:	|........ ........ ........ ........| ok p=1
Q49:	|........ ........ ........ ........| ok p=1
Q50:	|........ ........ ........ ........| ok p=1
Q51:	|........ ........ ........ ........| ok p=1
Q52:	|........ ........ ........ ........| ok p=1
Q53:	|........ ........ ........ ........| ok p=1
Q54:	|........ ........ ........ ........| ok p=1
Q55:	|........ ........ ........ ........| ok p=1
Q56:	|........ ........ ........ ........| ok p=1
Q57:	|........ ........ ........ ........| ok p=1
Q58:	|........ ........ ........ ........| ok p=1
Q59:	|........ ........ ........ ........| ok p=1
Q60:	|.......0 ........ ........ ........| ok p=1
Q61:	|......10 ........ ........ ........| ok p=0.990234
Q62:	|......1- ........ ........ ........| ok p=1
Q63:	|......-+ ........ ........ ........| ok p=0.991211
Q64:	|.......- ........ .++..... ........|
Best path: totcompl=-28 tottunnel=35, totcond=573, p=0.024426
Best paths: 2
Q-3:	|01010001 11111111 01001111 00110010|
Q-2:	|01110+-- 00001001 -0110010 0+1+--11|
Q-1:	|1010110+ 0001-+++ +001100+ --010+01|
Q0:	|010-0-11 -10001-+ 00+10110 +010+-11| ok p=0.280273
Q1:	|-..-.0-0 --.-11-+ 0+0.0+.0 +0..++1+| ok p=0.660156
Q2:	|-0...1-1 -1.0...1 .11.++.. -....0+0| ok p=1
Q3:	|01.01..- .0.+^.1+ ^1-.++.. 1...1101| ok p=1
Q4:	|0..11.01 1+^--..- ..-.-... 1.1.0+1-| ok p=1
Q5:	|.!..-..1 .+.+0..- ..+.00.. ..0.-1.0| ok p=1
Q6:	|....-..0 .-.0+.1. ..1.+1^. .^-.--.1| ok p=1
Q7:	|!...0..0 .1.1-.01 ..0.+.-. .+0.+-..| ok p=1
Q8:	|....1..- .-.0-.-. ......0. .0111+..| ok p=1
Q9:	|.!.1+..- .+..+.+. ....00-. .10001..| ok p=1
Q10:	|0!.1+100 .+00+11. 1...01-. 1.-+-11.| ok p=1
Q11:	|11.+000+ 01111010 00.01-.0 00-10-0.| ok p=1
Q12:	|-1^+-++1 1+-----0 -0.1-+11 -0---+-1| ok p=1
Q13:	|++-++++- +--+++0- 0-1-0-1- ----1110| ok p=1
Q14:	|1-1.1-00 1110000- 0-010+00 .0..101-| ok p=1
Q15:	|101000+1 +1-011.1 0++0.0+0 10110..-| ok p=0.947266
Q16:	|.0..0+.. +.+..-.- .0...1-. 0......0| ok p=0.776367
Q17:	|.0..1.^. 0.1..-0+ .0^...1. 1...-..0| ok p=0.665039
Q18:	|.0..-^.. -.0..+.+ .1....-. -...-...| ok p=0.738281
Q19:	|.+...... .....0++ .-....-. ...0+...| ok p=0.658203
Q20:	|...0^... ^....0++ ...0..0. ^..1+..0| ok p=1
Q21:	|.^.1.... 0.....++ .^.1..0. ...+0..1| ok p=0.901367
Q22:	|...+.... 1.....-1 ...-.... ....0..-| ok p=0.707031
Q23:	|........ -.0...00 ......0. ...^....| ok p=0.998047
Q24:	|...^.0.. ..1...1. ...^..1. ..0....^| ok p=0.998047
Q25:	|........ ^.+..... ......+. ..1.....| ok p=0.919922
Q26:	|....0-.. ........ .0...... ..+.....| ok p=0.994141
Q27:	|....1-.. ..^..... .1....^. ........| ok p=0.989258
Q28:	|....-+.. ........ .-...... ..^.....| ok p=0.981445
Q29:	|.....0.. ........ .0...... ........| ok p=1
Q30:	|....^1.. ........ .+...... ........| ok p=1
Q31:	|........ ........ .+...... ........| ok p=0.993164
Q32:	|........ ........ ........ ........| ok p=1
Q33:	|........ ........ .!...... ........| ok p=1
Q34:	|........ ........ ........ ........| ok p=1
Q35:	|........ ........ ........ ........| ok p=1
Q36:	|........ ........ ........ ........| ok p=1
Q37:	|........ ........ ........ ........| ok p=1
Q38:	|........ ........ ........ ........| ok p=1
Q39:	|........ ........ ........ ........| ok p=1
Q40:	|........ ........ ........ ........| ok p=1
Q41:	|........ ........ ........ ........| ok p=1
Q42:	|........ ........ ........ ........| ok p=1
Q43:	|........ ........ ........ ........| ok p=1
Q44:	|........ ........ ........ ........| ok p=1
Q45:	|........ ........ ........ ........| ok p=1
Q46:	|........ ........ ........ ........| ok p=1
Q47:	|........ ........ ........ ........| ok p=1
Q48:	|........ ........ ........ ........| ok p=1
Q49:	|........ ........ ........ ........| ok p=1
Q50:	|........ ........ ........ ........| ok p=1
Q51:	|........ ........ ........ ........| ok p=1
Q52:	|........ ........ ........ ........| ok p=1
Q53:	|........ ........ ........ ........| ok p=1
Q54:	|........ ........ ........ ........| ok p=1
Q55:	|........ ........ ........ ........| ok p=1
Q56:	|........ ........ ........ ........| ok p=1
Q57:	|........ ........ ........ ........| ok p=1
Q58:	|........ ........ ........ ........| ok p=1
Q59:	|........ ........ ........ ........| ok p=1
Q60:	|.......0 ........ ........ ........| ok p=1
Q61:	|......10 ........ ........ ........| ok p=0.991211
Q62:	|......1- ........ ........ ........| ok p=1
Q63:	|......-+ ........ ........ ........| ok p=0.987305
Q64:	|.......- ........ .++..... ........|
Best path: totcompl=-28 tottunnel=35, totcond=572, p=0.0180626
Best paths: 2
Q-3:	|01010001 11111111 01001111 00110010|
Q-2:	|01110+-- 00001001 -0110010 0+1+--11|
Q-1:	|1010110+ 0001-+++ +001100+ --010+01|
Q0:	|010-0-11 -10001-+ 00+10110 +010+-11| ok p=0.262695
Q1:	|-..-.0-0 --.-11-+ 0+0.0+.0 +0..++1+| ok p=0.702148
Q2:	|-1...1-1 -1.0...1 .11.++.. -....0+0| ok p=1
Q3:	|10.01..- .0.+^.1+ ^1-.++.. 1...1101| ok p=1
Q4:	|0...1.01 1+^--..- ..-.-... 1.1.0+1-| ok p=1
Q5:	|1...-..1 .+.+0..- ..+.00.. ..0.-1.0| ok p=1
Q6:	|....-..0 .-.0+.1. ..1.+1^. .^-.--.1| ok p=1
Q7:	|!...0..0 .1.1-.01 ..0.+.-. .+0.+-..| ok p=1
Q8:	|1...1..- .-!.-.-. ......0. .0111+..| ok p=1
Q9:	|0..1+..- .+..+.+. ....00-. .10001..| ok p=1
Q10:	|1..1+100 .+00+11. 1...01-. 1.-+-11.| ok p=1
Q11:	|011+000+ 01111010 00.01-.0 00-10-0.| ok p=1
Q12:	|+11+-++1 1+-----0 -0.1-+11 -0---+-1| ok p=1
Q13:	|++-++++- +--+++0- 0-1-0-1- ----1110| ok p=1
Q14:	|.-1.1-00 1110000- 0-010+00 .0..101-| ok p=1
Q15:	|101000+1 +1-011.1 0++0.0+0 10110..-| ok p=0.933594
Q16:	|.0..0+.. +.+..-.- .0...1-. 0......0| ok p=0.748047
Q17:	|.0..1.^. 0.1..-0+ .0^...1. 1...-..0| ok p=0.674805
Q18:	|.0..-^.. -.0..+.+ .1....-. -...-...| ok p=0.711914
Q19:	|.+...... .....0++ .-....-. ...0+...| ok p=0.681641
Q20:	|...0^... ^....0++ ...0..0. ^..1+..0| ok p=1
Q21:	|.^.1.... 0.....++ .^.1..0. ...+0..1| ok p=0.890625
Q22:	|...+.... 1.....-1 ...-.... ....0..-| ok p=0.707031
Q23:	|........ -.0...00 ......0. ...^....| ok p=0.994141
Q24:	|...^.0.. ..1...1. ...^..1. ..0....^| ok p=1
Q25:	|........ ^.+..... ......+. ..1.....| ok p=0.930664
Q26:	|....0-.. ........ .0...... ..+.....| ok p=0.999023
Q27:	|....1-.. ..^..... .1....^. ........| ok p=0.983398
Q28:	|....-+.. ........ .-...... ..^.....| ok p=0.976562
Q29:	|.....0.. ........ .0...... ........| ok p=1
Q30:	|....^1.. ........ .+...... ........| ok p=1
Q31:	|........ ........ .+...... ........| ok p=0.980469
Q32:	|........ ........ ........ ........| ok p=1
Q33:	|........ ........ .!...... ........| ok p=1
Q34:	|........ ........ ........ ........| ok p=1
Q35:	|........ ........ ........ ........| ok p=1
Q36:	|........ ........ ........ ........| ok p=1
Q37:	|........ ........ ........ ........| ok p=1
Q38:	|........ ........ ........ ........| ok p=1
Q39:	|........ ........ ........ ........| ok p=1
Q40:	|........ ........ ........ ........| ok p=1
Q41:	|........ ........ ........ ........| ok p=1
Q42:	|........ ........ ........ ........| ok p=1
Q43:	|........ ........ ........ ........| ok p=1
Q44:	|........ ........ ........ ........| ok p=1
Q45:	|........ ........ ........ ........| ok p=1
Q46:	|........ ........ ........ ........| ok p=1
Q47:	|........ ........ ........ ........| ok p=1
Q48:	|........ ........ ........ ........| ok p=1
Q49:	|........ ........ ........ ........| ok p=1
Q50:	|........ ........ ........ ........| ok p=1
Q51:	|........ ........ ........ ........| ok p=1
Q52:	|........ ........ ........ ........| ok p=1
Q53:	|........ ........ ........ ........| ok p=1
Q54:	|........ ........ ........ ........| ok p=1
Q55:	|........ ........ ........ ........| ok p=1
Q56:	|........ ........ ........ ........| ok p=1
Q57:	|........ ........ ........ ........| ok p=1
Q58:	|........ ........ ........ ........| ok p=1
Q59:	|........ ........ ........ ........| ok p=1
Q60:	|.......0 ........ ........ ........| ok p=1
Q61:	|......10 ........ ........ ........| ok p=0.993164
Q62:	|......1- ........ ........ ........| ok p=1
Q63:	|......-+ ........ ........ ........| ok p=0.988281
Q64:	|.......- ........ .++..... ........|
Best path: totcompl=-28 tottunnel=35, totcond=571, p=0.0197352
Best paths: 2
Best paths: 4
Q-3:	|01010001 11111111 01001111 00110010|
Q-2:	|01110+-- 00001001 -0110010 0+1+--11|
Q-1:	|1010110+ 0001-+++ +001100+ --010+01|
Q0:	|010-0-11 -10001-+ 00+10110 +010+-11| ok p=0.300781
Q1:	|-..-.0-0 --.-11-+ 0+0.0+.0 +0..++1+| ok p=0.65332
Q2:	|-1...1-1 -1.0...1 .11.++.. -....0+0| ok p=1
Q3:	|10.01..- .0.+^.1+ ^1-.++.. 1...1101| ok p=1
Q4:	|0...1.01 1+^--..- ..-.-... 1.1.0+1-| ok p=1
Q5:	|.!..-..1 .+.+0..- ..+.00.. ..0.-1.0| ok p=1
Q6:	|.!..-..1 .-.0+.1. ..1.+1^. .^-.--.1| ok p=1
Q7:	|.!..0..1 .1.1-.01 ..0.+.-. .+0.+-..| ok p=1
Q8:	|....1..- .-.0-.-. ......0. .01.1+..| ok p=1
Q9:	|.!.0+..- .+0.+.+. ....0.-. .1..01..| ok p=1
Q10:	|1011+.01 .+1.+.0. .0001^-. ..^1-0.1| ok p=1
Q11:	|110+110+ 00-^+000 0111-+1^ ^^-00+.1| ok p=1
Q12:	|++--01+- 11-+01-1 1--+11++ ++0+11^+| ok p=1
Q13:	|-+-+++-1 -+00+-1- -1++10-0 00+-+---| ok p=1
Q14:	|0-.11-01 0101010+ 1-0..+10 1110010-| ok p=1
Q15:	|1010+0+. 01+.00.0 0++0.0+. ..00011-| ok p=0.795898
Q16:	|.0..+-.. 0.+..-.- .0...1-. 0......1| ok p=0.748047
Q17:	|.0..1.^. 1.0..-0+ .0^...1. 1...-..1| ok p=0.701172
Q18:	|.0..-^.. -.1..+.+ .1....-. -...-...| ok p=0.71875
Q19:	|.+...... .....0++ .-....-. ...0+...| ok p=0.654297
Q20:	|...0^... ^....0++ ...0..0. ^..1+..0| ok p=1
Q21:	|.^.1.... 0.....++ .^.1..0. ...+0..1| ok p=0.898438
Q22:	|...+.... 1.....-1 ...-.... ....0..-| ok p=0.698242
Q23:	|........ -.0...00 ......0. ...^....| ok p=0.999023
Q24:	|...^.0.. ..1...1. ...^..1. ..0....^| ok p=1
Q25:	|........ ^.+..... ......+. ..1.....| ok p=0.913086
Q26:	|....0-.. ........ .0...... ..+.....| ok p=0.99707
Q27:	|....1-.. ..^..... .1....^. ........| ok p=0.980469
Q28:	|....-+.. ........ .-...... ..^.....| ok p=0.985352
Q29:	|.....0.. ........ .0...... ........| ok p=1
Q30:	|....^1.. ........ .+...... ........| ok p=1
Q31:	|........ ........ .+...... ........| ok p=0.987305
Q32:	|........ ........ ........ ........| ok p=1
Q33:	|........ ........ .!...... ........| ok p=1
Q34:	|........ ........ ........ ........| ok p=1
Q35:	|........ ........ ........ ........| ok p=1
Q36:	|........ ........ ........ ........| ok p=1
Q37:	|........ ........ ........ ........| ok p=1
Q38:	|........ ........ ........ ........| ok p=1
Q39:	|........ ........ ........ ........| ok p=1
Q40:	|........ ........ ........ ........| ok p=1
Q41:	|........ ........ ........ ........| ok p=1
Q42:	|........ ........ ........ ........| ok p=1
Q43:	|........ ........ ........ ........| ok p=1
Q44:	|........ ........ ........ ........| ok p=1
Q45:	|........ ........ ........ ........| ok p=1
Q46:	|........ ........ ........ ........| ok p=1
Q47:	|........ ........ ........ ........| ok p=1
Q48:	|........ ........ ........ ........| ok p=1
Q49:	|........ ........ ........ ........| ok p=1
Q50:	|........ ........ ........ ........| ok p=1
Q51:	|........ ........ ........ ........| ok p=1
Q52:	|........ ........ ........ ........| ok p=1
Q53:	|........ ........ ........ ........| ok p=1
Q54:	|........ ........ ........ ........| ok p=1
Q55:	|........ ........ ........ ........| ok p=1
Q56:	|........ ........ ........ ........| ok p=1
Q57:	|........ ........ ........ ........| ok p=1
Q58:	|........ ........ ........ ........| ok p=1
Q59:	|........ ........ ........ ........| ok p=1
Q60:	|.......0 ........ ........ ........| ok p=1
Q61:	|......10 ........ ........ ........| ok p=0.99707
Q62:	|......1- ........ ........ ........| ok p=1
Q63:	|......-+ ........ ........ ........| ok p=0.981445
Q64:	|.......- ........ .++..... ........|
Best path: totcompl=-28 tottunnel=35, totcond=570, p=0.0184963
Q-3:	|01010001 11111111 01001111 00110010|
Q-2:	|01110+-- 00001001 -0110010 0+1+--11|
Q-1:	|1010110+ 0001-+++ +001100+ --010+01|
Q0:	|010-0-11 -10001-+ 00+10110 +010+-11| ok p=0.28418
Q1:	|-..-.0-0 --.-11-+ 0+0.0+.0 +0..++1+| ok p=0.682617
Q2:	|-1...1-1 -1.0...1 .11.++.. -....0+0| ok p=1
Q3:	|10.01..- .0.+^.1+ ^1-.++.. 1...1101| ok p=1
Q4:	|0...1.01 1+^--..- ..-.-... 1.1.0+1-| ok p=1
Q5:	|.!..-..1 .+.+0..- ..+.00.. ..0.-1.0| ok p=1
Q6:	|.!..-..1 .-.0+.1. ..1.+1^. .^-.--.1| ok p=1
Q7:	|!...0..1 .1.1-.01 ..0.+.-. .+0.+-..| ok p=1
Q8:	|....1..- .-!.-.-. ......0. .01.1+..| ok p=1
Q9:	|.!.0+..- .+0.+.+. ....0.-. .1..01..| ok p=1
Q10:	|1011+.01 .+1.+.0. .0001^-. ..^1-0.1| ok p=1
Q11:	|110+110+ 00-^+000 0111-+1^ ^^-00+.1| ok p=1
Q12:	|++--01+- 11-+01-1 1--+11++ ++0+11^+| ok p=1
Q13:	|-+-+++-1 -+00+-1- -1++10-0 00+1----| ok p=1
Q14:	|0-.11-01 0101010+ 1-0..+10 1110010-| ok p=1
Q15:	|1010+0+. 01+.00.0 0++0.0+. ..0.011-| ok p=0.77832
Q16:	|.0..+-.. 0.+..-.- .0...1-. 0......1| ok p=0.720703
Q17:	|.0..1.^. 1.0..-0+ .0^...1. 1...-..1| ok p=0.707031
Q18:	|.0..-^.. -.1..+.+ .1....-. -...-...| ok p=0.681641
Q19:	|.+...... .....0++ .-....-. ...0+...| ok p=0.665039
Q20:	|...0^... ^....0++ ...0..0. ^..1+..0| ok p=1
Q21:	|.^.1.... 0.....++ .^.1..0. ...+0..1| ok p=0.888672
Q22:	|...+.... 1.....-1 ...-.... ....0..-| ok p=0.709961
Q23:	|........ -.0...00 ......0. ...^....| ok p=0.99707
Q24:	|...^.0.. ..1...1. ...^..1. ..0....^| ok p=1
Q25:	|........ ^.+..... ......+. ..1.....| ok p=0.918945
Q26:	|....0-.. ........ .0...... ..+.....| ok p=0.995117
Q27:	|....1-.. ..^..... .1....^. ........| ok p=0.984375
Q28:	|....-+.. ........ .-...... ..^.....| ok p=0.981445
Q29:	|.....0.. ........ .0...... ........| ok p=1
Q30:	|....^1.. ........ .+...... ........| ok p=1
Q31:	|........ ........ .+...... ........| ok p=0.990234
Q32:	|........ ........ ........ ........| ok p=1
Q33:	|........ ........ .!...... ........| ok p=1
Q34:	|........ ........ ........ ........| ok p=1
Q35:	|........ ........ ........ ........| ok p=1
Q36:	|........ ........ ........ ........| ok p=1
Q37:	|........ ........ ........ ........| ok p=1
Q38:	|........ ........ ........ ........| ok p=1
Q39:	|........ ........ ........ ........| ok p=1
Q40:	|........ ........ ........ ........| ok p=1
Q41:	|........ ........ ........ ........| ok p=1
Q42:	|........ ........ ........ ........| ok p=1
Q43:	|........ ........ ........ ........| ok p=1
Q44:	|........ ........ ........ ........| ok p=1
Q45:	|........ ........ ........ ........| ok p=1
Q46:	|........ ........ ........ ........| ok p=1
Q47:	|........ ........ ........ ........| ok p=1
Q48:	|........ ........ ........ ........| ok p=1
Q49:	|........ ........ ........ ........| ok p=1
Q50:	|........ ........ ........ ........| ok p=1
Q51:	|........ ........ ........ ........| ok p=1
Q52:	|........ ........ ........ ........| ok p=1
Q53:	|........ ........ ........ ........| ok p=1
Q54:	|........ ........ ........ ........| ok p=1
Q55:	|........ ........ ........ ........| ok p=1
Q56:	|........ ........ ........ ........| ok p=1
Q57:	|........ ........ ........ ........| ok p=1
Q58:	|........ ........ ........ ........| ok p=1
Q59:	|........ ........ ........ ........| ok p=1
Q60:	|.......0 ........ ........ ........| ok p=1
Q61:	|......10 ........ ........ ........| ok p=0.992188
Q62:	|......1- ........ ........ ........| ok p=1
Q63:	|......-+ ........ ........ ........| ok p=0.989258
Q64:	|.......- ........ .++..... ........|
Best path: totcompl=-28 tottunnel=35, totcond=569, p=0.0183201
Best paths: 2
Q-3:	|01010001 11111111 01001111 00110010|
Q-2:	|01110+-- 00001001 -0110010 0+1+--11|
Q-1:	|1010110+ 0001-+++ +001100+ --010+01|
Q0:	|010-0-11 -10001-+ 00+10110 +010+-11| ok p=0.272461
Q1:	|-..-.0-0 --.-11-+ 0+0.0+.0 +0..++1+| ok p=0.635742
Q2:	|-1...1-1 -1.0...1 .11.++.. -....0+0| ok p=1
Q3:	|10.01..- .0.+^.1+ ^1-.++.. 1...1101| ok p=1
Q4:	|0...1.01 1+^--..- ..-.-... 1.1.0+1-| ok p=1
Q5:	|.!..-..1 .+.+0..- ..+.00.. ..0.-1.0| ok p=1
Q6:	|.!..-... .-.0+.0. ..1.+1^. .^-.--.1| ok p=1
Q7:	|.!..0..^ .1.1-.01 ..0.+.-. .+0.+-..| ok p=1
Q8:	|....1.^- .-..-!-. ......0. .01.1+..| ok p=1
Q9:	|.!.1+.-0 .+..+.+. ....0.-. .11^01..| ok p=1
Q10:	|1.10+10- .+..+011 11....-1 .01-+1..| ok p=1
Q11:	|000+1000 0-.01101 110.^^-0 ^1-0++.1| ok p=1
Q12:	|-.+-0+.- 0-.1-+0+ +-1^-+0+ +++1-+^0| ok p=1
Q13:	|+^+++01+ ++.-+0++ -++-00+0 1+--1+--| ok p=1
Q14:	|1-.00100 -1^1101+ 0+-01+10 1.001.00| ok p=1
Q15:	|011001+0 00+01.00 0++1.1+. .010010-| ok p=0.796875
Q16:	|.1..0+.. +.+..-.- .11..1-. 0......0| ok p=0.743164
Q17:	|.0..1.^. 0.0..-0+ .00...1. 1...-..1| ok p=0.698242
Q18:	|.0..-^.. -.1..+.+ .1....-. -...-...| ok p=0.705078
Q19:	|.+...... .....0++ .-....-. ...0+...| ok p=0.678711
Q20:	|...0^... ^....0++ ...0..0. ^..1+..0| ok p=1
Q21:	|.^.1.... 0.....++ .^.1..0. ...+0..1| ok p=0.896484
Q22:	|...+.... 1.....-1 ...-.... ....0..-| ok p=0.694336
Q23:	|........ -.0...00 ......0. ...^....| ok p=0.993164
Q24:	|...^.0.. ..1...1. ...^..1. ..0....^| ok p=1
Q25:	|........ ^.+..... ......+. ..1.....| ok p=0.905273
Q26:	|....0-.. ........ .0...... ..+.....| ok p=0.996094
Q27:	|....1-.. ..^..... .1....^. ........| ok p=0.984375
Q28:	|....-+.. ........ .-...... ..^.....| ok p=0.988281
Q29:	|.....0.. ........ .0...... ........| ok p=1
Q30:	|....^1.. ........ .+...... ........| ok p=1
Q31:	|........ ........ .+...... ........| ok p=0.987305
Q32:	|........ ........ ........ ........| ok p=1
Q33:	|........ ........ .!...... ........| ok p=1
Q34:	|........ ........ ........ ........| ok p=1
Q35:	|........ ........ ........ ........| ok p=1
Q36:	|........ ........ ........ ........| ok p=1
Q37:	|........ ........ ........ ........| ok p=1
Q38:	|........ ........ ........ ........| ok p=1
Q39:	|........ ........ ........ ........| ok p=1
Q40:	|........ ........ ........ ........| ok p=1
Q41:	|........ ........ ........ ........| ok p=1
Q42:	|........ ........ ........ ........| ok p=1
Q43:	|........ ........ ........ ........| ok p=1
Q44:	|........ ........ ........ ........| ok p=1
Q45:	|........ ........ ........ ........| ok p=1
Q46:	|........ ........ ........ ........| ok p=1
Q47:	|........ ........ ........ ........| ok p=1
Q48:	|........ ........ ........ ........| ok p=1
Q49:	|........ ........ ........ ........| ok p=1
Q50:	|........ ........ ........ ........| ok p=1
Q51:	|........ ........ ........ ........| ok p=1
Q52:	|........ ........ ........ ........| ok p=1
Q53:	|........ ........ ........ ........| ok p=1
Q54:	|........ ........ ........ ........| ok p=1
Q55:	|........ ........ ........ ........| ok p=1
Q56:	|........ ........ ........ ........| ok p=1
Q57:	|........ ........ ........ ........| ok p=1
Q58:	|........ ........ ........ ........| ok p=1
Q59:	|........ ........ ........ ........| ok p=1
Q60:	|.......0 ........ ........ ........| ok p=1
Q61:	|......10 ........ ........ ........| ok p=0.995117
Q62:	|......1- ........ ........ ........| ok p=1
Q63:	|......-+ ........ ........ ........| ok p=0.987305
Q64:	|.......- ........ .++..... ........|
Best path: totcompl=-27 tottunnel=36, totcond=569, p=0.0170969
Best paths: 2
Best paths: 4
Q-3:	|01010001 11111111 01001111 00110010|
Q-2:	|01110+-- 00001001 -0110010 0+1+--11|
Q-1:	|1010110+ 0001-+++ +001100+ --010+01|
Q0:	|010-0-11 -10001-+ 00+10110 +010+-11| ok p=0.271484
Q1:	|-..-.0-0 --.-11-+ 0+0.0+.0 +0..++1+| ok p=0.649414
Q2:	|-1...1-1 -1.0...1 111.++.. -....0+0| ok p=1
Q3:	|10.01..- .0.+^.1+ .1-.++.. 1...1101| ok p=1
Q4:	|0...1.01 1+^--..- ..-.-... 1.1.0+1-| ok p=1
Q5:	|1...-..1 .+.+0..- ..+.00.. ..0.-1.0| ok p=1
Q6:	|0...-... .-.0+.0. ..1.+1^. .^-.--.1| ok p=1
Q7:	|.!..0..^ .1.1-.01 ..0.+.-. .+0.+-..| ok p=1
Q8:	|....1.^- .-..-!-. ......0. .01.1+..| ok p=1
Q9:	|.!.1+.-0 .+..+.+. ....0.-. .11^01..| ok p=1
Q10:	|1.10+10- .+..+011 11....-1 .01-+1..| ok p=1
Q11:	|000+1000 .-.01101 110.^^-0 ^1-0++.1| ok p=1
Q12:	|-.+-0+0- 1-.1-+0+ +-1^-+0+ +++1-+^0| ok p=1
Q13:	|+^+++0+0 0-.-+0++ -++-00+0 1+--1+--| ok p=1
Q14:	|1-.00100 -.^0001+ 0+-01+10 1.001.00| ok p=1
Q15:	|011001+. 00+01.00 0++1.1+. .010010-| ok p=0.819336
Q16:	|.1..0+.. +.+..-.- .11..1-. 0......0| ok p=0.755859
Q17:	|.0..1.^. 0.0..-0+ .00...1. 1...-..1| ok p=0.686523
Q18:	|.0..-^.. -.1..+.+ .1....-. -...-...| ok p=0.68457
Q19:	|.+...... .....0++ .-....-. ...0+...| ok p=0.666992
Q20:	|...0^... ^....0++ ...0..0. ^..1+..0| ok p=1
Q21:	|.^.1.... 0.....++ .^.1..0. ...+0..1| ok p=0.885742
Q22:	|...+.... 1.....-1 ...-.... ....0..-| ok p=0.695312
Q23:	|........ -.0...00 ......0. ...^....| ok p=0.993164
Q24:	|...^.0.. ..1...1. ...^..1. ..0....^| ok p=1
Q25:	|........ ^.+..... ......+. ..1.....| ok p=0.911133
Q26:	|....0-.. ........ .0...... ..+.....| ok p=0.99707
Q27:	|....1-.. ..^..... .1....^. ........| ok p=0.982422
Q28:	|....-+.. ........ .-...... ..^.....| ok p=0.980469
Q29:	|.....0.. ........ .0...... ........| ok p=1
Q30:	|....^1.. ........ .+...... ........| ok p=1
Q31:	|........ ........ .+...... ........| ok p=0.989258
Q32:	|........ ........ ........ ........| ok p=1
Q33:	|........ ........ .!...... ........| ok p=1
Q34:	|........ ........ ........ ........| ok p=1
Q35:	|........ ........ ........ ........| ok p=1
Q36:	|........ ........ ........ ........| ok p=1
Q37:	|........ ........ ........ ........| ok p=1
Q38:	|........ ........ ........ ........| ok p=1
Q39:	|........ ........ ........ ........| ok p=1
Q40:	|........ ........ ........ ........| ok p=1
Q41:	|........ ........ ........ ........| ok p=1
Q42:	|........ ........ ........ ........| ok p=1
Q43:	|........ ........ ........ ........| ok p=1
Q44:	|........ ........ ........ ........| ok p=1
Q45:	|........ ........ ........ ........| ok p=1
Q46:	|........ ........ ........ ........| ok p=1
Q47:	|........ ........ ........ ........| ok p=1
Q48:	|........ ........ ........ ........| ok p=1
Q49:	|........ ........ ........ ........| ok p=1
Q50:	|........ ........ ........ ........| ok p=1
Q51:	|........ ........ ........ ........| ok p=1
Q52:	|........ ........ ........ ........| ok p=1
Q53:	|........ ........ ........ ........| ok p=1
Q54:	|........ ........ ........ ........| ok p=1
Q55:	|........ ........ ........ ........| ok p=1
Q56:	|........ ........ ........ ........| ok p=1
Q57:	|........ ........ ........ ........| ok p=1
Q58:	|........ ........ ........ ........| ok p=1
Q59:	|........ ........ ........ ........| ok p=1
Q60:	|.......0 ........ ........ ........| ok p=1
Q61:	|......10 ........ ........ ........| ok p=0.99707
Q62:	|......1- ........ ........ ........| ok p=1
Q63:	|......-+ ........ ........ ........| ok p=0.989258
Q64:	|.......- ........ .++..... ........|
Best path: totcompl=-27 tottunnel=36, totcond=567, p=0.0181515
Best paths: 2
Q-3:	|01010001 11111111 01001111 00110010|
Q-2:	|01110+-- 00001001 -0110010 0+1+--11|
Q-1:	|1010110+ 0001-+++ +001100+ --010+01|
Q0:	|010-0-11 -10001-+ 00+10110 +010+-11| ok p=0.30957
Q1:	|-..-.0-0 --.-11-+ 0+0.0+.0 +0..++1+| ok p=0.660156
Q2:	|-1...1-1 -1.0...1 111.++.. -....0+0| ok p=1
Q3:	|10.01..- .0.+^.1+ .1-.++.. 1...1101| ok p=1
Q4:	|0...1.01 1+^--..- ..-.-... 1.1.0+1-| ok p=1
Q5:	|1...-..1 .+.+0..- ..+.00.. ..0.-1.0| ok p=1
Q6:	|0...-.1. .-.1+.1. ..1.+1.^ ^.-.--.1| ok p=1
Q7:	|..!.0.1. .1.1-.00 ..0.+..- -.0.0+..| ok p=1
Q8:	|....1.-. .-.0-.-. ....1..0 0.1.+-..| ok p=1
Q9:	|.!.1+.-. ^+..+.+. ....-..1 0..!10..| ok p=1
Q10:	|.100+^-1 ++..1111 ...0-^10 0.1.-01.| ok p=1
Q11:	|^00+1+10 1-.11001 .101--11 1^101-11| ok p=1
Q12:	|+---00++ -+.01-0+ .01+.1+- +++1++-0| ok p=1
Q13:	|1--++1+0 0-.-+0++ .-+-10+0 01+-00+-| ok p=1
Q14:	|1-.01100 10^00-0+ .101.+10 11.101-0| ok p=1
Q15:	|0.1001+. .0+01+00 ^++0.0+. ..010.1-| ok p=0.703125
Q16:	|.^..0+.. 0.+..0.- .1...0-. 0.....11| ok p=0.738281
Q17:	|.0..1.^. 1.0..-0+ .0^...1. 1...-..0| ok p=0.68457
Q18:	|.0..-^.. -.1..+.+ .1....-. -...-...| ok p=0.709961
Q19:	|.+...... .....1++ .-....-. ...0+...| ok p=0.641602
Q20:	|...0^... ^....1++ ...0..0. ^..1+..0| ok p=1
Q21:	|.^.1.... 0.....++ .^.1..0. ...+0..1| ok p=0.887695
Q22:	|...+.... 1.....-1 ...-.... ....0..-| ok p=0.711914
Q23:	|........ -.0...00 ......0. ...^....| ok p=0.992188
Q24:	|...^.0.. ..1...1. ...^..1. ..0....^| ok p=0.998047
Q25:	|........ ^.+..... ......+. ..1.....| ok p=0.914062
Q26:	|....0-.. ........ .0...... ..+.....| ok p=0.996094
Q27:	|....1-.. ..^..... .1....^. ........| ok p=0.987305
Q28:	|....-+.. ........ .-...... ..^.....| ok p=0.982422
Q29:	|.....0.. ........ .0...... ........| ok p=1
Q30:	|....^1.. ........ .+...... ........| ok p=1
Q31:	|........ ........ .+...... ........| ok p=0.984375
Q32:	|........ ........ ........ ........| ok p=1
Q33:	|........ ........ .!...... ........| ok p=1
Q34:	|........ ........ ........ ........| ok p=1
Q35:	|........ ........ ........ ........| ok p=1
Q36:	|........ ........ ........ ........| ok p=1
Q37:	|........ ........ ........ ........| ok p=1
Q38:	|........ ........ ........ ........| ok p=1
Q39:	|........ ........ ........ ........| ok p=1
Q40:	|........ ........ ........ ........| ok p=1
Q41:	|........ ........ ........ ........| ok p=1
Q42:	|........ ........ ........ ........| ok p=1
Q43:	|........ ........ ........ ........| ok p=1
Q44:	|........ ........ ........ ........| ok p=1
Q45:	|........ ........ ........ ........| ok p=1
Q46:	|........ ........ ........ ........| ok p=1
Q47:	|........ ........ ........ ........| ok p=1
Q48:	|........ ........ ........ ........| ok p=1
Q49:	|........ ........ ........ ........| ok p=1
Q50:	|........ ........ ........ ........| ok p=1
Q51:	|........ ........ ........ ........| ok p=1
Q52:	|........ ........ ........ ........| ok p=1
Q53:	|........ ........ ........ ........| ok p=1
Q54:	|........ ........ ........ ........| ok p=1
Q55:	|........ ........ ........ ........| ok p=1
Q56:	|........ ........ ........ ........| ok p=1
Q57:	|........ ........ ........ ........| ok p=1
Q58:	|........ ........ ........ ........| ok p=1
Q59:	|........ ........ ........ ........| ok p=1
Q60:	|.......0 ........ ........ ........| ok p=1
Q61:	|......10 ........ ........ ........| ok p=0.992188
Q62:	|......1- ........ ........ ........| ok p=1
Q63:	|......-+ ........ ........ ........| ok p=0.987305
Q64:	|.......- ........ .++..... ........|
Best path: totcompl=-27 tottunnel=36, totcond=566, p=0.0187022
**Best paths: 2
Q-3:	|01010001 11111111 01001111 00110010|
Q-2:	|01110+-- 00001001 -0110010 0+1+--11|
Q-1:	|1010110+ 0001-+++ +001100+ --010+01|
Q0:	|010-0-11 -10001-+ 00+10110 +010+-11| ok p=0.282227
Q1:	|-..-.0-0 --.-11-+ 0+0.0+.0 +0..++1+| ok p=0.672852
Q2:	|-1...1-1 -1.0...1 .11.++.. -....0+0| ok p=1
Q3:	|10.01..- .0.+^.1+ ^1-.++.. 1...1101| ok p=1
Q4:	|0...1.01 1+^--..- ..-.-... 1.1.0+1-| ok p=1
Q5:	|..!.-..1 .+.+0..- ..+.00.. ..0.-1.0| ok p=1
Q6:	|.!..-..1 .-.0+.1. ..1.+1^. .^-.--.1| ok p=1
Q7:	|.!..0..1 .1.1-.01 ..0.+.-. .+0.+-..| ok p=1
Q8:	|0...1..- .-..-!-. ....0.0. .01.0+..| ok p=1
Q9:	|1...+..- .+.1+.+. ....-0-. .11.01..| ok p=1
Q10:	|0..1+.10 .+00+00. ...0-0-. 0101-10.| ok p=1
Q11:	|1..0000+ ^-1+0100 ^0.1--1^ 11-10+01| ok p=1
Q12:	|+1^+-1+1 -++-+--0 -0.-.-++ +++-11+0| ok p=1
Q13:	|+0++++1+ 1-00100- 0-1-1+-0 0+--+---| ok p=1
Q14:	|.-0.0-00 1010000- 0-0..+10 011.010-| ok p=1
Q15:	|01011+.- .0-....1 0++0..+. .010001-| ok p=1
Q16:	|.1..0+.. 1.+..-.- .0...^-. 0......1| ok p=0.753906
Q17:	|.0..11.^ 1.1..-0+ .0^...1. 1...-..1| ok p=0.706055
Q18:	|.0..-1.. -.0..+.+ .1....-. -...-...| ok p=0.683594
Q19:	|.+...... .....0++ .-....-. ...0+...| ok p=0.652344
Q20:	|...0^... ^....0++ ...0..0. ^..1+..0| ok p=1
Q21:	|.^.1.... 0.....++ .^.1..0. ...+0..1| ok p=0.899414
Q22:	|...+.... 1.....-1 ...-.... ....0..-| ok p=0.692383
Q23:	|........ -.0...00 ......0. ...^....| ok p=0.995117
Q24:	|...^.0.. ..1...1. ...^..1. ..0....^| ok p=1
Q25:	|........ ^.+..... ......+. ..1.....| ok p=0.910156
Q26:	|....0-.. ........ .0...... ..+.....| ok p=0.99707
Q27:	|....1-.. ..^..... .1....^. ........| ok p=0.984375
Q28:	|....-+.. ........ .-...... ..^.....| ok p=0.988281
Q29:	|.....0.. ........ .0...... ........| ok p=1
Q30:	|....^1.. ........ .+...... ........| ok p=1
Q31:	|........ ........ .+...... ........| ok p=0.989258
Q32:	|........ ........ ........ ........| ok p=1
Q33:	|........ ........ .!...... ........| ok p=1
Q34:	|........ ........ ........ ........| ok p=1
Q35:	|........ ........ ........ ........| ok p=1
Q36:	|........ ........ ........ ........| ok p=1
Q37:	|........ ........ ........ ........| ok p=1
Q38:	|........ ........ ........ ........| ok p=1
Q39:	|........ ........ ........ ........| ok p=1
Q40:	|........ ........ ........ ........| ok p=1
Q41:	|........ ........ ........ ........| ok p=1
Q42:	|........ ........ ........ ........| ok p=1
Q43:	|........ ........ ........ ........| ok p=1
Q44:	|........ ........ ........ ........| ok p=1
Q45:	|........ ........ ........ ........| ok p=1
Q46:	|........ ........ ........ ........| ok p=1
Q47:	|........ ........ ........ ........| ok p=1
Q48:	|........ ........ ........ ........| ok p=1
Q49:	|........ ........ ........ ........| ok p=1
Q50:	|........ ........ ........ ........| ok p=1
Q51:	|........ ........ ........ ........| ok p=1
Q52:	|........ ........ ........ ........| ok p=1
Q53:	|........ ........ ........ ........| ok p=1
Q54:	|........ ........ ........ ........| ok p=1
Q55:	|........ ........ ........ ........| ok p=1
Q56:	|........ ........ ........ ........| ok p=1
Q57:	|........ ........ ........ ........| ok p=1
Q58:	|........ ........ ........ ........| ok p=1
Q59:	|........ ........ ........ ........| ok p=1
Q60:	|.......0 ........ ........ ........| ok p=1
Q61:	|......10 ........ ........ ........| ok p=0.993164
Q62:	|......1- ........ ........ ........| ok p=1
Q63:	|......-+ ........ ........ ........| ok p=0.983398
Q64:	|.......- ........ .++..... ........|
Best path: totcompl=-27 tottunnel=36, totcond=565, p=0.0211329
Best paths: 2
Q-3:	|01010001 11111111 01001111 00110010|
Q-2:	|01110+-- 00001001 -0110010 0+1+--11|
Q-1:	|1010110+ 0001-+++ +001100+ --010+01|
Q0:	|010-0-11 -10001-+ 00+10110 +010+-11| ok p=0.28418
Q1:	|-..-.0-0 --.-11-+ 0+0.0+.0 +0..++1+| ok p=0.646484
Q2:	|-1...1-1 -1.0...1 111.++.. -....0+0| ok p=1
Q3:	|10.01..- .0.+^.1+ .1-.++.. 1...1101| ok p=1
Q4:	|0...1.01 1+^--..- ..-.-... 1.1.0+1-| ok p=1
Q5:	|1...-..1 .+.+0..- ..+.00.. ..0.-1.0| ok p=1
Q6:	|..!.-..1 .-.0+.1. ..1.+1^. .^-.--.1| ok p=1
Q7:	|.!..0..1 .1.1-.01 ..0.+.-. .+0.+-..| ok p=1
Q8:	|0...1..- .-..-!-. ....0.0. .01.0+..| ok p=1
Q9:	|1...+..- .+.1+.+. ....-.-. .11.01..| ok p=1
Q10:	|0..1+.10 .+00+00. ...0-^-. 0101-10.| ok p=1
Q11:	|1..0000+ ^-1+0100 ^0.1--0^ 11-10+01| ok p=1
Q12:	|+1^+-1+1 -++-+--0 -0.-.1-+ +++-11+0| ok p=1
Q13:	|+0++++1+ 1-00100- 0-1-1+-0 0+--+---| ok p=1
Q14:	|.-0.0-00 1010000- 0-0..+10 011.001-| ok p=1
Q15:	|01011+.- .0-....1 0++0..+. .010001-| ok p=1
Q16:	|.1..0+.. 1.+..-.- .0...^-. 0......1| ok p=0.739258
Q17:	|.0..11.^ 1.1..-0+ .0^...1. 1...-..1| ok p=0.697266
Q18:	|.0..-1.. -.0..+.+ .1....-. -...-...| ok p=0.682617
Q19:	|.+...... .....0++ .-....-. ...0+...| ok p=0.647461
Q20:	|...0^... ^....0++ ...0..0. ^..1+..0| ok p=1
Q21:	|.^.1.... 0.....++ .^.1..0. ...+0..1| ok p=0.898438
Q22:	|...+.... 1.....-1 ...-.... ....0..-| ok p=0.700195
Q23:	|........ -.0...00 ......0. ...^....| ok p=0.995117
Q24:	|...^.0.. ..1...1. ...^..1. ..0....^| ok p=1
Q25:	|........ ^.+..... ......+. ..1.....| ok p=0.926758
Q26:	|....0-.. ........ .0...... ..+.....| ok p=0.996094
Q27:	|....1-.. ..^..... .1....^. ........| ok p=0.985352
Q28:	|....-+.. ........ .-...... ..^.....| ok p=0.982422
Q29:	|.....0.. ........ .0...... ........| ok p=1
Q30:	|....^1.. ........ .+...... ........| ok p=1
Q31:	|........ ........ .+...... ........| ok p=0.986328
Q32:	|........ ........ ........ ........| ok p=1
Q33:	|........ ........ .!...... ........| ok p=1
Q34:	|........ ........ ........ ........| ok p=1
Q35:	|........ ........ ........ ........| ok p=1
Q36:	|........ ........ ........ ........| ok p=1
Q37:	|........ ........ ........ ........| ok p=1
Q38:	|........ ........ ........ ........| ok p=1
Q39:	|........ ........ ........ ........| ok p=1
Q40:	|........ ........ ........ ........| ok p=1
Q41:	|........ ........ ........ ........| ok p=1
Q42:	|........ ........ ........ ........| ok p=1
Q43:	|........ ........ ........ ........| ok p=1
Q44:	|........ ........ ........ ........| ok p=1
Q45:	|........ ........ ........ ........| ok p=1
Q46:	|........ ........ ........ ........| ok p=1
Q47:	|........ ........ ........ ........| ok p=1
Q48:	|........ ........ ........ ........| ok p=1
Q49:	|........ ........ ........ ........| ok p=1
Q50:	|........ ........ ........ ........| ok p=1
Q51:	|........ ........ ........ ........| ok p=1
Q52:	|........ ........ ........ ........| ok p=1
Q53:	|........ ........ ........ ........| ok p=1
Q54:	|........ ........ ........ ........| ok p=1
Q55:	|........ ........ ........ ........| ok p=1
Q56:	|........ ........ ........ ........| ok p=1
Q57:	|........ ........ ........ ........| ok p=1
Q58:	|........ ........ ........ ........| ok p=1
Q59:	|........ ........ ........ ........| ok p=1
Q60:	|.......0 ........ ........ ........| ok p=1
Q61:	|......10 ........ ........ ........| ok p=0.994141
Q62:	|......1- ........ ........ ........| ok p=1
Q63:	|......-+ ........ ........ ........| ok p=0.987305
Q64:	|.......- ........ .++..... ........|
Best path: totcompl=-27 tottunnel=36, totcond=564, p=0.022651
Best paths: 2
Q-3:	|01010001 11111111 01001111 00110010|
Q-2:	|01110+-- 00001001 -0110010 0+1+--11|
Q-1:	|1010110+ 0001-+++ +001100+ --010+01|
Q0:	|010-0-11 -10001-+ 00+10110 +010+-11| ok p=0.28418
Q1:	|-..-.0-0 --.-11-+ 0+0.0+.0 +0..++1+| ok p=0.647461
Q2:	|-0...1-1 -1.0...1 .11.++.. -....0+0| ok p=1
Q3:	|01.01..- .0.+^.1+ ^1-.++.. 1...1101| ok p=1
Q4:	|0..11.01 1+^--..- ..-.-... 1.1.0+1-| ok p=1
Q5:	|..!.-..1 .+.+0..- ..+.00.. ..0.-1.0| ok p=1
Q6:	|.!..-..1 .-.0+.1. ..1.+1^. .^-.--.1| ok p=1
Q7:	|.!..0..1 .1.1-.01 ..0.+.-. .+0.+-..| ok p=1
Q8:	|....1..- .-..-!-. ....0.0. .01.0+..| ok p=1
Q9:	|!...+..- .+.1+.+. ....-.-. .11.01..| ok p=1
Q10:	|0..1+.10 .+00+00. ...0-^-. 0101-10.| ok p=1
Q11:	|1..0000+ ^-1+0100 ^0.1--0^ 11-1+-01| ok p=1
Q12:	|+1^+-1+1 -++-+--0 -0.-.1-+ +++-11+0| ok p=1
Q13:	|+0++++1+ 1-00100- 0-1-1+-0 0+--0+--| ok p=1
Q14:	|.-0.0-00 1010000- 0-0..+10 0.11.01-| ok p=1
Q15:	|01011+.- .0-....1 0++0..+. .010001-| ok p=1
Q16:	|.1..0+.. 1.+..-.- .0...^-. 0......1| ok p=0.754883
Q17:	|.0..11.^ 1.1..-0+ .0^...1. 1...-..1| ok p=0.708008
Q18:	|.0..-1.. -.0..+.+ .1....-. -...-...| ok p=0.673828
Q19:	|.+...... .....0++ .-....-. ...0+...| ok p=0.677734
Q20:	|...0^... ^....0++ ...0..0. ^..1+..0| ok p=1
Q21:	|.^.1.... 0.....++ .^.1..0. ...+0..1| ok p=0.897461
Q22:	|...+.... 1.....-1 ...-.... ....0..-| ok p=0.71875
Q23:	|........ -.0...00 ......0. ...^....| ok p=0.99707
Q24:	|...^.0.. ..1...1. ...^..1. ..0....^| ok p=1
Q25:	|........ ^.+..... ......+. ..1.....| ok p=0.921875
Q26:	|....0-.. ........ .0...... ..+.....| ok p=0.998047
Q27:	|....1-.. ..^..... .1....^. ........| ok p=0.991211
Q28:	|....-+.. ........ .-...... ..^.....| ok p=0.981445
Q29:	|.....0.. ........ .0...... ........| ok p=1
Q30:	|....^1.. ........ .+...... ........| ok p=1
Q31:	|........ ........ .+...... ........| ok p=0.981445
Q32:	|........ ........ ........ ........| ok p=1
Q33:	|........ ........ .!...... ........| ok p=1
Q34:	|........ ........ ........ ........| ok p=1
Q35:	|........ ........ ........ ........| ok p=1
Q36:	|........ ........ ........ ........| ok p=1
Q37:	|........ ........ ........ ........| ok p=1
Q38:	|........ ........ ........ ........| ok p=1
Q39:	|........ ........ ........ ........| ok p=1
Q40:	|........ ........ ........ ........| ok p=1
Q41:	|........ ........ ........ ........| ok p=1
Q42:	|........ ........ ........ ........| ok p=1
Q43:	|........ ........ ........ ........| ok p=1
Q44:	|........ ........ ........ ........| ok p=1
Q45:	|........ ........ ........ ........| ok p=1
Q46:	|........ ........ ........ ........| ok p=1
Q47:	|........ ........ ........ ........| ok p=1
Q48:	|........ ........ ........ ........| ok p=1
Q49:	|........ ........ ........ ........| ok p=1
Q50:	|........ ........ ........ ........| ok p=1
Q51:	|........ ........ ........ ........| ok p=1
Q52:	|........ ........ ........ ........| ok p=1
Q53:	|........ ........ ........ ........| ok p=1
Q54:	|........ ........ ........ ........| ok p=1
Q55:	|........ ........ ........ ........| ok p=1
Q56:	|........ ........ ........ ........| ok p=1
Q57:	|........ ........ ........ ........| ok p=1
Q58:	|........ ........ ........ ........| ok p=1
Q59:	|........ ........ ........ ........| ok p=1
Q60:	|.......0 ........ ........ ........| ok p=1
Q61:	|......10 ........ ........ ........| ok p=0.998047
Q62:	|......1- ........ ........ ........| ok p=1
Q63:	|......-+ ........ ........ ........| ok p=0.989258
Q64:	|.......- ........ .++..... ........|
Best path: totcompl=-27 tottunnel=36, totcond=563, p=0.0220666
**Q-3:	|01010001 11111111 01001111 00110010|
Q-2:	|01110+-- 00001001 -0110010 0+1+--11|
Q-1:	|1010110+ 0001-+++ +001100+ --010+01|
Q0:	|010-0-11 -10001-+ 00+10110 +010+-11| ok p=0.294922
Q1:	|-..-.0-0 --.-11-+ 0+0.0+.0 +0..++1+| ok p=0.632812
Q2:	|-0...1-1 -1.0...1 .11.++.. -....0+0| ok p=1
Q3:	|01.01..- .0.+^.1+ ^1-.++.. 1...1101| ok p=1
Q4:	|0..11.01 1+^--..- ..-.-... 1.1.0+1-| ok p=1
Q5:	|.!..-..1 .+.+0..- ..+.00.. ..0.-1.0| ok p=1
Q6:	|.!..-... .-.1+.1. ..1.+1^. ^.-.--.1| ok p=1
Q7:	|!...0..^ 01.1-.00 ..0.+.-. +.1.+-..| ok p=1
Q8:	|!...-..- 0-!.-.-. ......0. 0.1.1+..| ok p=1
Q9:	|!...0..0 --.0+.+. ....10-. 1.0.01..| ok p=1
Q10:	|.11.1.11 -+10+.0. ..00.0-! -01.1-.0| ok p=1
Q11:	|.111+^01 0-0+.101 ^.010-0. 11-1+0^1| ok p=1
Q12:	|^++01.++ 0-+-10.0 -.+-1-0^ 0-+0--++| ok p=1
Q13:	|-+-++.11 -+11.+.- 10++---- --0++01+| ok p=1
Q14:	|10101111 01-0.1.1 01101.+0 1.1000+0| ok p=1
Q15:	|011001-. 00+..-.+ .++101+1 00.1+.0-| ok p=0.800781
Q16:	|.-..0+.. 0.+..-.. .1..1.-. 0...1.0.| ok p=0.324219
Q17:	|.+..1.^. 1.0..1.^ .0^.+.+. 1...-..^| ok p=0.510742
Q18:	|.1..-^.. -.1..+.. .1....-. +...-...| ok p=0.700195
Q19:	|.+...... .....+.0 .-..^.-. ...0+...| ok p=0.55957
Q20:	|...0^... ^....001 ...0..1. ^..1+..0| ok p=1
Q21:	|.^.1.... 0....11+ .^.1..1. ...+0..1| ok p=0.882812
Q22:	|...+.... 1.....-. ...-.... ....0..-| ok p=0.696289
Q23:	|........ -.0....^ ......0. ...^....| ok p=0.998047
Q24:	|...^.0.. ..1...^. ...^..1. ..0....^| ok p=0.999023
Q25:	|........ ^.+..... ......+. ..1.....| ok p=0.930664
Q26:	|....0-.. ........ .0...... ..+.....| ok p=0.999023
Q27:	|....1-.. ..^..... .1....^. ........| ok p=0.989258
Q28:	|....-+.. ........ .-...... ..^.....| ok p=0.984375
Q29:	|.....0.. ........ .0...... ........| ok p=1
Q30:	|....^1.. ........ .+...... ........| ok p=1
Q31:	|........ ........ .+...... ........| ok p=0.981445
Q32:	|........ ........ ........ ........| ok p=1
Q33:	|........ ........ .!...... ........| ok p=1
Q34:	|........ ........ ........ ........| ok p=1
Q35:	|........ ........ ........ ........| ok p=1
Q36:	|........ ........ ........ ........| ok p=1
Q37:	|........ ........ ........ ........| ok p=1
Q38:	|........ ........ ........ ........| ok p=1
Q39:	|........ ........ ........ ........| ok p=1
Q40:	|........ ........ ........ ........| ok p=1
Q41:	|........ ........ ........ ........| ok p=1
Q42:	|........ ........ ........ ........| ok p=1
Q43:	|........ ........ ........ ........| ok p=1
Q44:	|........ ........ ........ ........| ok p=1
Q45:	|........ ........ ........ ........| ok p=1
Q46:	|........ ........ ........ ........| ok p=1
Q47:	|........ ........ ........ ........| ok p=1
Q48:	|........ ........ ........ ........| ok p=1
Q49:	|........ ........ ........ ........| ok p=1
Q50:	|........ ........ ........ ........| ok p=1
Q51:	|........ ........ ........ ........| ok p=1
Q52:	|........ ........ ........ ........| ok p=1
Q53:	|........ ........ ........ ........| ok p=1
Q54:	|........ ........ ........ ........| ok p=1
Q55:	|........ ........ ........ ........| ok p=1
Q56:	|........ ........ ........ ........| ok p=1
Q57:	|........ ........ ........ ........| ok p=1
Q58:	|........ ........ ........ ........| ok p=1
Q59:	|........ ........ ........ ........| ok p=1
Q60:	|.......0 ........ ........ ........| ok p=1
Q61:	|......10 ........ ........ ........| ok p=0.994141
Q62:	|......1- ........ ........ ........| ok p=1
Q63:	|......-+ ........ ........ ........| ok p=0.986328
Q64:	|.......- ........ .++..... ........|
Best path: totcompl=-26 tottunnel=36, totcond=563, p=0.00485342
Q-3:	|01010001 11111111 01001111 00110010|
Q-2:	|01110+-- 00001001 -0110010 0+1+--11|
Q-1:	|1010110+ 0001-+++ +001100+ --010+01|
Q0:	|010-0-11 -10001-+ 00+10110 +010+-11| ok p=0.273438
Q1:	|-..-.0-0 --.-11-+ 0+0.0+.0 +0..++1+| ok p=0.662109
Q2:	|-1...1-1 -1.0...1 111.++.. -....0+0| ok p=1
Q3:	|10.01..- .0.+^.1+ .1-.++.. 1...1101| ok p=1
Q4:	|0...1.01 1+^--..- ..-.-... 1.1.0+1-| ok p=1
Q5:	|.0!.-..1 .+.+0..- ..+.00.. ..0.-1.0| ok p=0.995117
Q6:	|....-... .-.1+.1. ..1.+1^. ^.-.--.1| ok p=1
Q7:	|!...0..^ 01.1-.00 ..0.+.-. +.1.+-..| ok p=1
Q8:	|.!..-..- 0-..-!-. ......0. 0.1.1+..| ok p=1
Q9:	|!...0..0 --.0+.+. ....10-. 1.0.01..| ok p=1
Q10:	|.1101.11 -+10+.0. ..00.0-! -01.1-.0| ok p=1
Q11:	|.111+.01 0-0+.101 ^.010-0. 11-1+0^1| ok p=1
Q12:	|^++01.++ 0-+-10.0 -.+-1-0^ 0-+0--++| ok p=1
Q13:	|++-++.11 -+11.+.- 10++---- --0++01+| ok p=1
Q14:	|10101110 10-0.1.1 01101.+0 1.1000+0| ok p=1
Q15:	|011001-. 00+..-.+ .++101+1 00.1+.0-| ok p=0.824219
Q16:	|.-..0+.. 0.+..-.. .1..1.-. 0...1.0.| ok p=0.298828
Q17:	|.+..1.^. 1.0..1.^ .0^.+.+. 1...-..^| ok p=0.517578
Q18:	|.1..-^.. -.1..+.. .1....-. +...-...| ok p=0.685547
Q19:	|.+...... .....+.0 .-..^.-. ...0+...| ok p=0.591797
Q20:	|...0^... ^....001 ...0..1. ^..1+..0| ok p=1
Q21:	|.^.1.... 0....11+ .^.1..1. ...+0..1| ok p=0.883789
Q22:	|...+.... 1.....-. ...-.... ....0..-| ok p=0.701172
Q23:	|........ -.0....^ ......0. ...^....| ok p=0.995117
Q24:	|...^.0.. ..1...^. ...^..1. ..0....^| ok p=0.999023
Q25:	|........ ^.+..... ......+. ..1.....| ok p=0.923828
Q26:	|....0-.. ........ .0...... ..+.....| ok p=0.996094
Q27:	|....1-.. ..^..... .1....^. ........| ok p=0.990234
Q28:	|....-+.. ........ .-...... ..^.....| ok p=0.979492
Q29:	|.....0.. ........ .0...... ........| ok p=1
Q30:	|....^1.. ........ .+...... ........| ok p=1
Q31:	|........ ........ .+...... ........| ok p=0.984375
Q32:	|........ ........ ........ ........| ok p=1
Q33:	|........ ........ .!...... ........| ok p=1
Q34:	|........ ........ ........ ........| ok p=1
Q35:	|........ ........ ........ ........| ok p=1
Q36:	|........ ........ ........ ........| ok p=1
Q37:	|........ ........ ........ ........| ok p=1
Q38:	|........ ........ ........ ........| ok p=1
Q39:	|........ ........ ........ ........| ok p=1
Q40:	|........ ........ ........ ........| ok p=1
Q41:	|........ ........ ........ ........| ok p=1
Q42:	|........ ........ ........ ........| ok p=1
Q43:	|........ ........ ........ ........| ok p=1
Q44:	|........ ........ ........ ........| ok p=1
Q45:	|........ ........ ........ ........| ok p=1
Q46:	|........ ........ ........ ........| ok p=1
Q47:	|........ ........ ........ ........| ok p=1
Q48:	|........ ........ ........ ........| ok p=1
Q49:	|........ ........ ........ ........| ok p=1
Q50:	|........ ........ ........ ........| ok p=1
Q51:	|........ ........ ........ ........| ok p=1
Q52:	|........ ........ ........ ........| ok p=1
Q53:	|........ ........ ........ ........| ok p=1
Q54:	|........ ........ ........ ........| ok p=1
Q55:	|........ ........ ........ ........| ok p=1
Q56:	|........ ........ ........ ........| ok p=1
Q57:	|........ ........ ........ ........| ok p=1
Q58:	|........ ........ ........ ........| ok p=1
Q59:	|........ ........ ........ ........| ok p=1
Q60:	|.......0 ........ ........ ........| ok p=1
Q61:	|......10 ........ ........ ........| ok p=0.994141
Q62:	|......1- ........ ........ ........| ok p=1
Q63:	|......-+ ........ ........ ........| ok p=0.991211
Q64:	|.......- ........ .++..... ........|
Best path: totcompl=-26 tottunnel=36, totcond=562, p=0.00402251
**Q-3:	|01010001 11111111 01001111 00110010|
Q-2:	|01110+-- 00001001 -0110010 0+1+--11|
Q-1:	|1010110+ 0001-+++ +001100+ --010+01|
Q0:	|010-0-11 -10001-+ 00+10110 +010+-11| ok p=0.28418
Q1:	|-..-.0-0 --.-11-+ 0+0.0+.0 +0..++1+| ok p=0.652344
Q2:	|-0...1-1 -1.0...1 111.++.. -....0+0| ok p=1
Q3:	|01.01..- .0.+^.1+ .1-.++.. 1...1101| ok p=1
Q4:	|0...1!01 1+^--..- ..-.-... 1.1.0+1-| ok p=1
Q5:	|.!..-..1 .+.+0..- ..+.00.. ..0.-1.0| ok p=1
Q6:	|....-..0 .-.0+.1. ..1.+1^. .^-.--.1| ok p=1
Q7:	|.!..0..0 .1.1-.01 ..0.+.-. .+0.+-..| ok p=1
Q8:	|....1..- .-!.-.-. ....0.0. .01.0+..| ok p=1
Q9:	|.!..+..- .+.1+.+. ....-.-. 110.01..| ok p=1
Q10:	|0.!0+..0 .+.0+11. 11.0-^-. 0-+1+1.1| ok p=1
Q11:	|1.001^^1 .1^+0001 01.1--0. 01-10-^0| ok p=1
Q12:	|-11-0+-- .0+-+--0 -+.-.11. -++--+--| ok p=1
Q13:	|-0+++00+ 0+01100- -+1-0+-. +---1111| ok p=1
Q14:	|1-010101 1010111+ .-0.1+1. 010.1011| ok p=1
Q15:	|010001+0 +1-....0 0++0..+. 00110..-| ok p=0.954102
Q16:	|.1..0+.. +.+..-.- .0...^-. 0......0| ok p=0.753906
Q17:	|.0..1.^. 0.1..-0+ .0^...1. 1...-..1| ok p=0.701172
Q18:	|.0..-^.. -.0..+.+ .1....-. -...-...| ok p=0.701172
Q19:	|.+...... .....0++ .-....-. ...0+...| ok p=0.655273
Q20:	|...0^... ^....0++ ...0..0. ^..1+..0| ok p=1
Q21:	|.^.1.... 0.....++ .^.1..0. ...+0..1| ok p=0.907227
Q22:	|...+.... 1.....-1 ...-.... ....0..-| ok p=0.701172
Q23:	|........ -.0...00 ......0. ...^....| ok p=0.998047
Q24:	|...^.0.. ..1...1. ...^..1. ..0....^| ok p=0.999023
Q25:	|........ ^.+..... ......+. ..1.....| ok p=0.933594
Q26:	|....0-.. ........ .0...... ..+.....| ok p=0.991211
Q27:	|....1-.. ..^..... .1....^. ........| ok p=0.983398
Q28:	|....-+.. ........ .-...... ..^.....| ok p=0.985352
Q29:	|.....0.. ........ .0...... ........| ok p=1
Q30:	|....^1.. ........ .+...... ........| ok p=1
Q31:	|........ ........ .+...... ........| ok p=0.990234
Q32:	|........ ........ ........ ........| ok p=1
Q33:	|........ ........ .!...... ........| ok p=1
Q34:	|........ ........ ........ ........| ok p=1
Q35:	|........ ........ ........ ........| ok p=1
Q36:	|........ ........ ........ ........| ok p=1
Q37:	|........ ........ ........ ........| ok p=1
Q38:	|........ ........ ........ ........| ok p=1
Q39:	|........ ........ ........ ........| ok p=1
Q40:	|........ ........ ........ ........| ok p=1
Q41:	|........ ........ ........ ........| ok p=1
Q42:	|........ ........ ........ ........| ok p=1
Q43:	|........ ........ ........ ........| ok p=1
Q44:	|........ ........ ........ ........| ok p=1
Q45:	|........ ........ ........ ........| ok p=1
Q46:	|........ ........ ........ ........| ok p=1
Q47:	|........ ........ ........ ........| ok p=1
Q48:	|........ ........ ........ ........| ok p=1
Q49:	|........ ........ ........ ........| ok p=1
Q50:	|........ ........ ........ ........| ok p=1
Q51:	|........ ........ ........ ........| ok p=1
Q52:	|........ ........ ........ ........| ok p=1
Q53:	|........ ........ ........ ........| ok p=1
Q54:	|........ ........ ........ ........| ok p=1
Q55:	|........ ........ ........ ........| ok p=1
Q56:	|........ ........ ........ ........| ok p=1
Q57:	|........ ........ ........ ........| ok p=1
Q58:	|........ ........ ........ ........| ok p=1
Q59:	|........ ........ ........ ........| ok p=1
Q60:	|.......0 ........ ........ ........| ok p=1
Q61:	|......10 ........ ........ ........| ok p=0.992188
Q62:	|......1- ........ ........ ........| ok p=1
Q63:	|......-+ ........ ........ ........| ok p=0.987305
Q64:	|.......- ........ .++..... ........|
Best path: totcompl=-26 tottunnel=37, totcond=562, p=0.0222188
Q-3:	|01010001 11111111 01001111 00110010|
Q-2:	|01110+-- 00001001 -0110010 0+1+--11|
Q-1:	|1010110+ 0001-+++ +001100+ --010+01|
Q0:	|010-0-11 -10001-+ 00+10110 +010+-11| ok p=0.287109
Q1:	|-..-.0-0 --.-11-+ 0+0.0+.0 +0..++1+| ok p=0.671875
Q2:	|-0...1-1 -1.0...1 111.++.. -....0+0| ok p=1
Q3:	|01.01..- .0.+^.1+ .1-.++.. 1...1101| ok p=1
Q4:	|0...1.01 1+^--..- ..-.-... 1.1.0+1-| ok p=1
Q5:	|.!..-..1 .+.+0..- ..+.00.. ..0.-1.0| ok p=1
Q6:	|....-..0 .-.0+.1. ..1.+1^. .^-.--.1| ok p=1
Q7:	|.!..0..0 .1.1-.01 ..0.+.-. .+0.+-..| ok p=1
Q8:	|....1..- .-.0-.-. ....0.0. .01.0+..| ok p=1
Q9:	|.!..+..- .+.1+.+. ....-.-. 110.01..| ok p=1
Q10:	|0!.0+..0 .+.0+01. 11.0-^-. 0-+1+1.1| ok p=1
Q11:	|1.001^^1 .1^+1101 01.1--0. 01-10-^0| ok p=1
Q12:	|-11-0+-- .0+-+--0 -+.-.11. -++--+--| ok p=1
Q13:	|-0+++00+ 0+01100- -+1-0+-. +---0011| ok p=1
Q14:	|1-010101 1010111+ .-0.1+1. 010.1011| ok p=1
Q15:	|010001+0 +1-....0 0++0..+. 00110..-| ok p=0.952148
Q16:	|.1..0+.. +.+..-.- .0...^-. 0......0| ok p=0.743164
Q17:	|.0..1.^. 0.1..-0+ .0^...1. 1...-..1| ok p=0.698242
Q18:	|.0..-^.. -.0..+.+ .1....-. -...-...| ok p=0.706055
Q19:	|.+...... .....0++ .-....-. ...0+...| ok p=0.65918
Q20:	|...0^... ^....0++ ...0..0. ^..1+..0| ok p=1
Q21:	|.^.1.... 0.....++ .^.1..0. ...+0..1| ok p=0.896484
Q22:	|...+.... 1.....-1 ...-.... ....0..-| ok p=0.685547
Q23:	|........ -.0...00 ......0. ...^....| ok p=0.999023
Q24:	|...^.0.. ..1...1. ...^..1. ..0....^| ok p=0.998047
Q25:	|........ ^.+..... ......+. ..1.....| ok p=0.926758
Q26:	|....0-.. ........ .0...... ..+.....| ok p=0.998047
Q27:	|....1-.. ..^..... .1....^. ........| ok p=0.989258
Q28:	|....-+.. ........ .-...... ..^.....| ok p=0.982422
Q29:	|.....0.. ........ .0...... ........| ok p=1
Q30:	|....^1.. ........ .+...... ........| ok p=1
Q31:	|........ ........ .+...... ........| ok p=0.986328
Q32:	|........ ........ ........ ........| ok p=1
Q33:	|........ ........ .!...... ........| ok p=1
Q34:	|........ ........ ........ ........| ok p=1
Q35:	|........ ........ ........ ........| ok p=1
Q36:	|........ ........ ........ ........| ok p=1
Q37:	|........ ........ ........ ........| ok p=1
Q38:	|........ ........ ........ ........| ok p=1
Q39:	|........ ........ ........ ........| ok p=1
Q40:	|........ ........ ........ ........| ok p=1
Q41:	|........ ........ ........ ........| ok p=1
Q42:	|........ ........ ........ ........| ok p=1
Q43:	|........ ........ ........ ........| ok p=1
Q44:	|........ ........ ........ ........| ok p=1
Q45:	|........ ........ ........ ........| ok p=1
Q46:	|........ ........ ........ ........| ok p=1
Q47:	|........ ........ ........ ........| ok p=1
Q48:	|........ ........ ........ ........| ok p=1
Q49:	|........ ........ ........ ........| ok p=1
Q50:	|........ ........ ........ ........| ok p=1
Q51:	|........ ........ ........ ........| ok p=1
Q52:	|........ ........ ........ ........| ok p=1
Q53:	|........ ........ ........ ........| ok p=1
Q54:	|........ ........ ........ ........| ok p=1
Q55:	|........ ........ ........ ........| ok p=1
Q56:	|........ ........ ........ ........| ok p=1
Q57:	|........ ........ ........ ........| ok p=1
Q58:	|........ ........ ........ ........| ok p=1
Q59:	|........ ........ ........ ........| ok p=1
Q60:	|.......0 ........ ........ ........| ok p=1
Q61:	|......10 ........ ........ ........| ok p=0.991211
Q62:	|......1- ........ ........ ........| ok p=1
Q63:	|......-+ ........ ........ ........| ok p=0.985352
Q64:	|.......- ........ .++..... ........|
Best path: totcompl=-25 tottunnel=38, totcond=561, p=0.0226129
**Best paths: 2
