Extend MD5 differential paths forward
Copyright (C) 2009 Marc Stevens
http://homepages.cwi.nl/~stevens/

delta_m[11] = [!-14!]
Loading workdir3/lowerpath.bin.gz...done: 1.
Estimating maxcond for upper bound 8000000 (=2000000 * 4)...
t=1:  0%   10   20   30   40   50   60   70   80   90   100%
      |----|----|----|----|----|----|----|----|----|----|
e     ***************************************************
Found maxcond = 2176
t=1:  0%   10   20   30   40   50   60   70   80   90   100%
      |----|----|----|----|----|----|----|----|----|----|
      ***************************************************
Q-3:	|01010001 11111111 01001111 00110010|
Q-2:	|01110+-- 00001001 -0110010 0+1+--11|
Q-1:	|1010110+ 0001-+++ +001100+ --010+01|
Q0:	|010-0-11 -10001-+ 00+10110 +010+-11| ok p=0.617188
Q1:	|+..-.-.+ 0.++110. --0..+.1 +1..++.+| ok p=0.323242
Q2:	|+.+...-. -..-.+.. ...+.-.. .-.-.-..|
Saving 353152 paths...done.
Autobalance parameters: maxcond=2176
Verified: 3072 bad out of 356224
Estimating maxcond for upper bound 8000000 (=2000000 * 4)...
t=2:  0%   10   20   30   40   50   60   70   80   90   100%
      |----|----|----|----|----|----|----|----|----|----|
e     ***************************************************
Found maxcond = 167
t=2:  0%   10   20   30   40   50   60   70   80   90   100%
      |----|----|----|----|----|----|----|----|----|----|
      ***************************************************
Q-3:	|01010001 11111111 01001111 00110010|
Q-2:	|01110+-- 00001001 -0110010 0+1+--11|
Q-1:	|1010110+ 0001-+++ +001100+ --010+01|
Q0:	|010-0-11 -10001-+ 00+10110 +010+-11| ok p=0.19043
Q1:	|-..-.-.+ 0.++01-+ 0+1.0+.1 +0.0++.+| ok p=0.294922
Q2:	|0......0 -.0-.... .01.++.. .-.-.-.0| ok p=0.923828
Q3:	|.......+ ....+... ..-.+.-. -.+.+..+|
Saving 2000000 paths...done.
Autobalance parameters: maxcond=166
Verified: 90368 bad out of 2486178
Estimating maxcond for upper bound 8000000 (=2000000 * 4)...
t=3:  0%   10   20   30   40   50   60   70   80   90   100%
      |----|----|----|----|----|----|----|----|----|----|
e     ***************************************************
Found maxcond = 183
t=3:  0%   10   20   30   40   50   60   70   80   90   100%
      |----|----|----|----|----|----|----|----|----|----|
      ***************************************************
Q-3:	|01010001 11111111 01001111 00110010|
Q-2:	|01110+-- 00001001 -0110010 0+1+--11|
Q-1:	|1010110+ 0001-+++ +001100+ --010+01|
Q0:	|010-0-11 -10001-+ 00+10110 +010+-11| ok p=0.630859
Q1:	|+..-.-.+ 1.++01-+ 0+1.0+.0 +00.++.+| ok p=0.451172
Q2:	|0......- +.100... .01.++.. -.+..+.0| ok p=1
Q3:	|1..1.1.+ 0.-1-.11 .1-.+... 0.-.1..+| ok p=0.648438
Q4:	|.+...+.- .-.+.+.- .-..+... .-.-.-..|
Saving 2000000 paths...done.
Autobalance parameters: maxcond=182
Verified: 0 bad out of 2150404
Estimating maxcond for upper bound 8000000 (=2000000 * 4)...
t=4:  0%   10   20   30   40   50   60   70   80   90   100%
      |----|----|----|----|----|----|----|----|----|----|
e     ***************************************************
Found maxcond = 199
t=4:  0%   10   20   30   40   50   60   70   80   90   100%
      |----|----|----|----|----|----|----|----|----|----|
      ***************************************************
Q-3:	|01010001 11111111 01001111 00110010|
Q-2:	|01110+-- 00001001 -0110010 0+1+--11|
Q-1:	|1010110+ 0001-+++ +001100+ --010+01|
Q0:	|010-0-11 -10001-+ 00+10110 +010+-11| ok p=0.435547
Q1:	|+..-.0-0 --.-11-+ 0+0.0+.0 +0..++0+| ok p=0.615234
Q2:	|+....0-0 -1.0V..0 .11.++.. -....0+1| ok p=0.388672
Q3:	|...1...- .1.+..0- .1-.1+.. 1...1110| ok p=0.514648
Q4:	|1.....1+ 1..--..+ ..+.1... -.....++| ok p=0.326172
Q5:	|+.+.-... +....-.+ ..+.+..- .-..-.+.|
Saving 2000000 paths...done.
Autobalance parameters: maxcond=198
Verified: 14720 bad out of 2643329
Estimating maxcond for upper bound 8000000 (=2000000 * 4)...
t=5:  0%   10   20   30   40   50   60   70   80   90   100%
      |----|----|----|----|----|----|----|----|----|----|
e     ***************************************************
Found maxcond = 214
t=5:  0%   10   20   30   40   50   60   70   80   90   100%
      |----|----|----|----|----|----|----|----|----|----|
      ***************************************************
Q-3:	|01010001 11111111 01001111 00110010|
Q-2:	|01110+-- 00001001 -0110010 0+1+--11|
Q-1:	|1010110+ 0001-+++ +001100+ --010+01|
Q0:	|010-0-11 -10001-+ 00+10110 +010+-11| ok p=0.448242
Q1:	|-..-.-.+ 1.++01-+ 0+1.0+.0 +00.++.+| ok p=0.428711
Q2:	|0.....V- +.110..0 .01.++.. -.+..+.0| ok p=1
Q3:	|1.V0.10+ 1.--+.11 .0-.+... 1.0V10.+| ok p=0.227539
Q4:	|......++ 0.--1..- ..-.+0.. 0.-..-.0| ok p=0.484375
Q5:	|..-...-. ....-..- ........ +.0+.+.-| ok p=0.993164
Q6:	|..-..-.+ ..+.+..+ .+.+.... +.+.-...|
Saving 2000000 paths...done.
Autobalance parameters: maxcond=213
Verified: 8650 bad out of 2637690
Estimating maxcond for upper bound 8000000 (=2000000 * 4)...
t=6:  0%   10   20   30   40   50   60   70   80   90   100%
      |----|----|----|----|----|----|----|----|----|----|
e     ***************************************************
Found maxcond = 227
t=6:  0%   10   20   30   40   50   60   70   80   90   100%
      |----|----|----|----|----|----|----|----|----|----|
      ***************************************************
Q-3:	|01010001 11111111 01001111 00110010|
Q-2:	|01110+-- 00001001 -0110010 0+1+--11|
Q-1:	|1010110+ 0001-+++ +001100+ --010+01|
Q0:	|010-0-11 -10001-+ 00+10110 +010+-11| ok p=0.280273
Q1:	|-..-.0-0 --.-11-+ 0+0.0+.0 +0..++1+| ok p=0.643555
Q2:	|-....1-0 -1.0.V.1 .11.++.. -....0+0| ok p=0.379883
Q3:	|...1.1.- .0.+.01+ .1-.++.. 1...0111| ok p=0.525391
Q4:	|0....+1- 0-.-.-.- ..+.-... 0...1.++| ok p=0.900391
Q5:	|.....-.- .-.0.+.- ..+.01.. ....-.1+| ok p=0.272461
Q6:	|.....-.. ...1.-.- ..-.-... ....0.-.| ok p=0.895508
Q7:	|...+.+.. .....-.+ .-.+.+.. -.+...-.|
Saving 2000000 paths...done.
Autobalance parameters: maxcond=226
Verified: 12273 bad out of 2472719
Estimating maxcond for upper bound 8000000 (=2000000 * 4)...
t=7:  0%   10   20   30   40   50   60   70   80   90   100%
      |----|----|----|----|----|----|----|----|----|----|
e     ***************************************************
Found maxcond = 240
t=7:  0%   10   20   30   40   50   60   70   80   90   100%
      |----|----|----|----|----|----|----|----|----|----|
      ***************************************************
Q-3:	|01010001 11111111 01001111 00110010|
Q-2:	|01110+-- 00001001 -0110010 0+1+--11|
Q-1:	|1010110+ 0001-+++ +001100+ --010+01|
Q0:	|010-0-11 -10001-+ 00+10110 +010+-11| ok p=0.24707
Q1:	|-..-.0-0 --.-11-+ 0+0.0+.0 +0..++1+| ok p=0.635742
Q2:	|-....1-1 -1.0V..1 .11.++.. -....0+0| ok p=0.351562
Q3:	|...01..- .0.+..1+ .1-.++.. 1...1111| ok p=0.523438
Q4:	|0...0.0+ 0-.--..- ..-.-... 1V..0+1-| ok p=0.853516
Q5:	|....-..+ .-.+0..- ..+.11.. ....-1.0| ok p=0.758789
Q6:	|....-..- ...1+... ..1.-... .+..++.1| ok p=0.922852
Q7:	|.......- .1.+0..1 ..-.+... .0..1-..| ok p=0.925781
Q8:	|.....+.- .-.+..-. ..+.-.-. .-.-....|
Saving 2000000 paths...done.
Autobalance parameters: maxcond=239
Verified: 125857 bad out of 3273823
Estimating maxcond for upper bound 8000000 (=2000000 * 4)...
t=8:  0%   10   20   30   40   50   60   70   80   90   100%
      |----|----|----|----|----|----|----|----|----|----|
e     ***************************************************
Found maxcond = 252
t=8:  0%   10   20   30   40   50   60   70   80   90   100%
      |----|----|----|----|----|----|----|----|----|----|
      ***************************************************
Q-3:	|01010001 11111111 01001111 00110010|
Q-2:	|01110+-- 00001001 -0110010 0+1+--11|
Q-1:	|1010110+ 0001-+++ +001100+ --010+01|
Q0:	|010-0-11 -10001-+ 00+10110 +010+-11| ok p=0.445312
Q1:	|+..-.0-0 --.-11-+ 0+0.0+.0 +0..++1+| ok p=0.588867
Q2:	|+....0-0 -1.0V..1 .11.++.. -....0+0| ok p=0.393555
Q3:	|..V0.1.- .1.+..1+ .1-.0+.. 1...0001| ok p=0.477539
Q4:	|0.0..+0- 1+.--..- .V+.0... 0...1.0+| ok p=0.799805
Q5:	|..+..-.- .+.10..- ..+.+1.. V...-..0| ok p=0.991211
Q6:	|..+..-.. ...0-..- .-..00.. ....0..-| ok p=0.926758
Q7:	|..+..+.1 .1..-..+ .10.1-.. +...1..-| ok p=0.882812
Q8:	|..+..+.. .......+ .-...+.. 0.......| ok p=0.454102
Q9:	|.-...... -..-.+.+ .-...... -.+...-.|
Saving 2000000 paths...done.
Autobalance parameters: maxcond=251
Verified: 7427 bad out of 2156019
Estimating maxcond for upper bound 8000000 (=2000000 * 4)...
t=9:  0%   10   20   30   40   50   60   70   80   90   100%
      |----|----|----|----|----|----|----|----|----|----|
e     ***************************************************
Found maxcond = 265
t=9:  0%   10   20   30   40   50   60   70   80   90   100%
      |----|----|----|----|----|----|----|----|----|----|
      ***************************************************
Q-3:	|01010001 11111111 01001111 00110010|
Q-2:	|01110+-- 00001001 -0110010 0+1+--11|
Q-1:	|1010110+ 0001-+++ +001100+ --010+01|
Q0:	|010-0-11 -10001-+ 00+10110 +010+-11| ok p=0.264648
Q1:	|-..-.0-0 --.-11-+ 0+0.0+.0 +0..++1+| ok p=0.672852
Q2:	|-....1-0 -1.0V..1 .11.++.. -....0+0| ok p=0.376953
Q3:	|...0V..- .0.+..1+ .1-.++.. 1...1101| ok p=0.507812
Q4:	|0...1.01 1+.--..- ..+.-... 0V..0+1-| ok p=0.84668
Q5:	|....-.00 .+.00..- ..+.10.. .0..-1.1| ok p=0.793945
Q6:	|....-.+- V-.0-.V. ....-... .-..0+.+| ok p=0.966797
Q7:	|......0+ .-..1.00 ..1.-... .+..+-.+| ok p=0.970703
Q8:	|....0.1+ -...1.-. ........ .-..++.-| ok p=0.999023
Q9:	|........ 01..+.+. ....1... .+...+.-| ok p=0.498047
Q10:	|+....... -...+..- .-.+.... ..-...-.|
Saving 2000000 paths...done.
Autobalance parameters: maxcond=264
Verified: 16 bad out of 3120593
Estimating maxcond for upper bound 8000000 (=2000000 * 4)...
t=10: 0%   10   20   30   40   50   60   70   80   90   100%
      |----|----|----|----|----|----|----|----|----|----|
e     ***************************************************
Found maxcond = 277
t=10: 0%   10   20   30   40   50   60   70   80   90   100%
      |----|----|----|----|----|----|----|----|----|----|
      ***************************************************
Q-3:	|01010001 11111111 01001111 00110010|
Q-2:	|01110+-- 00001001 -0110010 0+1+--11|
Q-1:	|1010110+ 0001-+++ +001100+ --010+01|
Q0:	|010-0-11 -10001-+ 00+10110 +010+-11| ok p=0.276367
Q1:	|-..-.0-0 --.-11-+ 0+0.0+.0 +0..++1+| ok p=0.678711
Q2:	|-....1-0 -1.0.V.1 .11.++.. -....0+0| ok p=0.383789
Q3:	|...1.1.- .0.+.01+ .1-.++.. 1...0111| ok p=0.473633
Q4:	|0....+1- 0-.-.-.- ..+.-... 0...1.++| ok p=0.875977
Q5:	|.....-0- .-.0.+.- ..+.10.. V...-.1+| ok p=0.25293
Q6:	|.....--+ .+.0.-.- ..-.-.V. ....0V-.| ok p=0.972656
Q7:	|.....+1- .+..1-.+ ..-.-.0. -...1.-1| ok p=0.992188
Q8:	|.....+10 ....0-.1 ......+. 0....+0.| ok p=1
Q9:	|.....+.1 .0..-..0 ..0.0.-. -....1+.| ok p=0.97168
Q10:	|.......- ....-1.. ......-. -....--.| ok p=0.637695
Q11:	|.-.-.-.+ ...-.+.. ....+.+. ..-..+..|
Saving 2000000 paths...done.
Autobalance parameters: maxcond=275
Verified: 160 bad out of 3504363
Runtime: 126.371
Extend MD5 differential paths forward
Copyright (C) 2009 Marc Stevens
http://homepages.cwi.nl/~stevens/

delta_m[11] = [!-14!]
Loading workdir3/paths10_0of1...done: 2000000 (work:2000000).
Estimating maxcond for upper bound 2000000 (=500000 * 4)...
t=11: 0%   10   20   30   40   50   60   70   80   90   100%
      |----|----|----|----|----|----|----|----|----|----|
e     ***************************************************
Found maxcond = 288
t=11: 0%   10   20   30   40   50   60   70   80   90   100%
      |----|----|----|----|----|----|----|----|----|----|
      ***************************************************
Q-3:	|01010001 11111111 01001111 00110010|
Q-2:	|01110+-- 00001001 -0110010 0+1+--11|
Q-1:	|1010110+ 0001-+++ +001100+ --010+01|
Q0:	|010-0-11 -10001-+ 00+10110 +010+-11| ok p=0.290039
Q1:	|-..-.0-0 --.-11-+ 0+0.0+.0 +0..++1+| ok p=0.641602
Q2:	|-....1-1 -1.0V..1 .11.++.. -....0+0| ok p=0.382812
Q3:	|...0V..- .0.+..1+ .1-.++.. 1...1101| ok p=0.504883
Q4:	|0...1.01 1+.--..- ..-.-... 1.1.0+1-| ok p=0.969727
Q5:	|....-..1 .+.+0..- ..+.00V. .V0.-1.0| ok p=0.800781
Q6:	|....-..V .-.0+.1. ..1.+... ..-.--.1| ok p=0.966797
Q7:	|....0..0 .1.1-.01 ..0.+.-. .+0.+-..| ok p=0.905273
Q8:	|....1..- .-..-.-. ......0. .01.1+..| ok p=0.949219
Q9:	|...V+..- .+..+.+. ....1V-. .11.01..| ok p=0.958984
Q10:	|....+... .-..+.0. ......-. ..-.+1..| ok p=0.951172
Q11:	|...+...1 .+....1. .....-.. ..-.--..| ok p=0.488281
Q12:	|+..+...+ .+....+. .-.-.-.- .+...+..|
Saving 500000 paths...done.
Autobalance parameters: maxcond=287
Verified: 12 bad out of 683534
Runtime: 18.1112
