MD5 differential path toolbox
Copyright (C) 2009 Marc Stevens
http://homepages.cwi.nl/~stevens/

IHV1   = {1375686450,1472599591,2887260369,1930015279}
IHV1   = 324fff512716c657d11818ac2fb20973

IHV2   = {1375686450,1128609451,2904004885,1946759795}
IHV2   = 324fff51ab364543159917ad73320974

dIHV   = {0,3950977156,16744516,16744516}
NC0: delta c = delta d = [!-2!]
NC0: delta b           = [!-2,-23,-25!]
NC1: delta c = delta d = [!-6!]
NC1: delta b           = [!-6,-27,29!]
NC2: delta c = delta d = [!15!]
NC2: delta b           = [!-6,15!]
NC3: delta c = delta d = [!-24!]
NC3: delta b           = [!-13,15,-24!]
NC0: prob=-8.44194
NC1: prob=-6.45698
NC2: prob=-7.63908
NC3: prob=-6.18898
delta m_11 = [!-14!]
Q-3:	|01010001 11111111 01001111 00110010|
Q-2:	|01110+-- 00001001 -0110010 0+1+--11|
Q-1:	|1010110+ 0001-+++ +001100+ --010+01|
Q0:	|010-0-11 -10001-+ 00+10110 +010+-11| ok p=0.539062
Q1:	|+..-.-.+ .+.-...- .+...+.. +..+.-.+|
Saved lower diff. path to 'workdir3/lowerpath.bin.gz'.

Q32:	|........ ........ ........ ........|
Q33:	|........ ........ ........ ........|
Q34:	|........ ........ ........ ........|
Q35:	|........ ........ ........ ........| ok p=1
Q36:	|........ ........ ........ ........| ok p=1
Q37:	|........ ........ ........ ........| ok p=1
Q38:	|........ ........ ........ ........| ok p=1
Q39:	|........ ........ ........ ........| ok p=1
Q40:	|........ ........ ........ ........| ok p=1
Q41:	|........ ........ ........ ........| ok p=1
Q42:	|........ ........ ........ ........| ok p=1
Q43:	|........ ........ ........ ........| ok p=1
Q44:	|........ ........ ........ ........| ok p=1
Q45:	|........ ........ ........ ........| ok p=1
Q46:	|........ ........ ........ ........| ok p=1
Q47:	|........ ........ ........ ........| ok p=1
Q48:	|........ ........ ........ ........| ok p=1
Q49:	|........ ........ ........ ........| ok p=1
Q50:	|........ ........ ........ ........| ok p=1
Q51:	|........ ........ ........ ........| ok p=1
Q52:	|........ ........ ........ ........| ok p=1
Q53:	|........ ........ ........ ........| ok p=1
Q54:	|........ ........ ........ ........| ok p=1
Q55:	|........ ........ ........ ........| ok p=1
Q56:	|........ ........ ........ ........| ok p=1
Q57:	|........ ........ ........ ........| ok p=1
Q58:	|........ ........ ........ ........| ok p=1
Q59:	|........ ........ ........ ........| ok p=1
Q60:	|.......0 ........ ........ ........| ok p=1
Q61:	|......10 ........ ........ ........| ok p=0.995117
Q62:	|......1- ........ ........ ........| ok p=1
Q63:	|......-+ ........ ........ ........| ok p=0.989258
Q64:	|.......- ........ .++..... ........|
Saved upper diff. path to 'workdir3/upperpath.bin.gz'.
Saved 'md5diffpathforward.cfg'.
Saved 'md5diffpathbackward.cfg'.
Saved 'md5diffpathconnect.cfg'.
Saved 'md5diffpathhelper.cfg'.
