MD5 differential path toolbox
Copyright (C) 2009 Marc Stevens
http://homepages.cwi.nl/~stevens/

delta_m[2] = [!8!]
Q-3:	|01100111 01000101 00100011 00000001|
Q-2:	|00010000 00110010 01010100 01110110|
Q-1:	|10011000 10111010 11011100 11111110|
Q0:	|11101111 11001101 10101011 10001001| ok p=1
Q1:	|10110101 01010111 10010010 00011011| ok p=1
Q2:	|01111001 00011001 10101110 10010000| ok p=1
Q3:	|111110+1 10001111 01110100 10110100| ok p=1
Q4:	|1101+--1 11101000 01111010 10001000| ok p=1
Q5:	|001010+0 11001011 11000000 11110110| ok p=1
Q6:	|....1+-. ........ .....1.1 +......0| ok p=1
Q7:	|.....0+. .......! ^0...-.0 +......1| ok p=1
Q8:	|.....1+. ..0!.... +1...-.+ -1.....-| ok p=1
Q9:	|10..0+-. .10..... 0+...-.1 00.....0| ok p=1
Q10:	|11.10++0 11-11111 +-.01-11 +1.11001| ok p=1
Q11:	|+.^0-1-1 1-+10001 1+110011 +0.1011.| ok p=1
Q12:	|-^+++0-- ++1----- ++0+---- 0-^-+++.| ok p=1
Q13:	|--0-0-+0 ----0-+- ---111-+ +++++11.| ok p=1
Q14:	|.010110- 010.0+1. 101011.1 111100-.| ok p=1
Q15:	|01-0.011 0101.-10 000...00 1011+.1.| ok p=0.993164
Q16:	|..-....- .....-.. ........ ......1.| ok p=0.516602
Q17:	|+.0..... .....10. ...0.... ....^.+.| ok p=0.998047
Q18:	|+.1....^ .....01. ...1.... .0......| ok p=0.766602
Q19:	|-....... ......+. ...+.... .1....^.| ok p=0.868164
Q20:	|-....... ........ ........ .-......| ok p=1
Q21:	|-....0.. ......^. ...^.... ........| ok p=1
Q22:	|-....1.. ........ ........ .^......| ok p=0.446289
Q23:	|1....+.. ........ ........ ........| ok p=1
Q24:	|0....... ........ .......0 ........| ok p=1
Q25:	|.....^.. ........ .......1 ........| ok p=0.487305
Q26:	|........ ........ .......- ........| ok p=0.983398
Q27:	|........ ........ ........ ........| ok p=1
Q28:	|........ ........ .......^ ........| ok p=1
Q29:	|........ ........ ........ ........| ok p=1
Q30:	|........ ........ ........ ........| ok p=1
Q31:	|........ ........ ........ ........| ok p=1
Q32:	|........ ........ ........ ........| ok p=1
Q33:	|........ ........ ........ ........| ok p=1
Q34:	|........ ........ ........ ........| ok p=1
Q35:	|........ ........ ........ ........| ok p=1
Q36:	|........ ........ ........ ........| ok p=1
Q37:	|........ ........ ........ ........| ok p=1
Q38:	|........ ........ ........ ........| ok p=1
Q39:	|........ ........ ........ ........| ok p=1
Q40:	|........ ........ ........ ........| ok p=1
Q41:	|........ ........ ........ ........| ok p=1
Q42:	|........ ........ ........ ........| ok p=1
Q43:	|........ ........ ........ ........| ok p=1
Q44:	|........ ........ ........ ........| ok p=1
Q45:	|........ ........ ........ ........| ok p=1
Q46:	|0....... ........ ........ ........| ok p=1
Q47:	|1....... ........ ........ ........| ok p=0.507812
Q48:	|+....... ........ ........ ........| ok p=1
Q49:	|-....... ........ ........ ........| ok p=1
Q50:	|-....... ........ ........ ........| ok p=1
Q51:	|-....... ........ ........ ........| ok p=1
Q52:	|-....... ........ ........ ........| ok p=1
Q53:	|-....... ........ ........ ........| ok p=1
Q54:	|-....... ........ ........ ........| ok p=1
Q55:	|-....... ........ ........ ........| ok p=1
Q56:	|-....... ........ ........ ........| ok p=1
Q57:	|-....... ........ ........ ........| ok p=1
Q58:	|-....... ........ ........ ........| ok p=1
Q59:	|-....... ........ ........ ........| ok p=1
Q60:	|-....... ........ ........ ........| ok p=1
Q61:	|-....... 0....... ........ ........| ok p=1
Q62:	|-....... ........ ........ ........| ok p=0.996094
Q63:	|-....... +....... ........ ........| ok p=1
Q64:	|+....... +....... ........ ........|
Starting...
20: Q5m5tunnel      = 0
20: Q4m5tunnel      = 0
20: Q14m6Q3m5tunnel = 0
21: Q10m10tunnel    = 0
21: Q9m10tunnel     = 6
22: Q8Q12m15tunnel  = 0
23: Q4m4tunnel      = 0
24: Q9m9tunnel      = 6
25: Q14Q3m14tunnel  = 0
.20: Q5m5tunnel      = 0
20: Q4m5tunnel      = 0
20: Q14m6Q3m5tunnel = 0
21: Q10m10tunnel    = 0
21: Q9m10tunnel     = 6
22: Q8Q12m15tunnel  = 0
23: Q4m4tunnel      = 0
24: Q9m9tunnel      = 6
25: Q14Q3m14tunnel  = 0
.20: Q5m5tunnel      = 0
20: Q4m5tunnel      = 0
20: Q14m6Q3m5tunnel = 0
21: Q10m10tunnel    = 0
21: Q9m10tunnel     = 6
22: Q8Q12m15tunnel  = 0
23: Q4m4tunnel      = 0
24: Q9m9tunnel      = 6
25: Q14Q3m14tunnel  = 0
.1 0
2 0
4 0
8 0
16 0
32 0
64 0
128 0
256 0
512 0
1024 0
2048 0
20: Q5m5tunnel      = 0
20: Q4m5tunnel      = 0
20: Q14m6Q3m5tunnel = 0
21: Q10m10tunnel    = 0
21: Q9m10tunnel     = 6
22: Q8Q12m15tunnel  = 0
23: Q4m4tunnel      = 0
24: Q9m9tunnel      = 6
25: Q14Q3m14tunnel  = 0
.20: Q5m5tunnel      = 0
20: Q4m5tunnel      = 0
20: Q14m6Q3m5tunnel = 0
21: Q10m10tunnel    = 0
21: Q9m10tunnel     = 6
22: Q8Q12m15tunnel  = 0
23: Q4m4tunnel      = 0
24: Q9m9tunnel      = 6
25: Q14Q3m14tunnel  = 0
.20: Q5m5tunnel      = 0
20: Q4m5tunnel      = 0
20: Q14m6Q3m5tunnel = 0
21: Q10m10tunnel    = 0
21: Q9m10tunnel     = 6
22: Q8Q12m15tunnel  = 0
23: Q4m4tunnel      = 0
24: Q9m9tunnel      = 6
25: Q14Q3m14tunnel  = 0
.20: Q5m5tunnel      = 0
20: Q4m5tunnel      = 0
20: Q14m6Q3m5tunnel = 0
21: Q10m10tunnel    = 0
21: Q9m10tunnel     = 6
22: Q8Q12m15tunnel  = 0
23: Q4m4tunnel      = 0
24: Q9m9tunnel      = 6
25: Q14Q3m14tunnel  = 0
.4096 0
8192 0
20: Q5m5tunnel      = 0
20: Q4m5tunnel      = 0
20: Q14m6Q3m5tunnel = 0
21: Q10m10tunnel    = 0
21: Q9m10tunnel     = 6
22: Q8Q12m15tunnel  = 0
23: Q4m4tunnel      = 0
24: Q9m9tunnel      = 6
25: Q14Q3m14tunnel  = 0
.20: Q5m5tunnel      = 0
20: Q4m5tunnel      = 0
20: Q14m6Q3m5tunnel = 0
21: Q10m10tunnel    = 0
21: Q9m10tunnel     = 6
22: Q8Q12m15tunnel  = 0
23: Q4m4tunnel      = 0
24: Q9m9tunnel      = 6
25: Q14Q3m14tunnel  = 0
.20: Q5m5tunnel      = 0
20: Q4m5tunnel      = 0
20: Q14m6Q3m5tunnel = 0
21: Q10m10tunnel    = 0
21: Q9m10tunnel     = 6
22: Q8Q12m15tunnel  = 0
23: Q4m4tunnel      = 0
24: Q9m9tunnel      = 6
25: Q14Q3m14tunnel  = 0
.20: Q5m5tunnel      = 0
20: Q4m5tunnel      = 0
20: Q14m6Q3m5tunnel = 0
21: Q10m10tunnel    = 0
21: Q9m10tunnel     = 6
22: Q8Q12m15tunnel  = 0
23: Q4m4tunnel      = 0
24: Q9m9tunnel      = 6
25: Q14Q3m14tunnel  = 0
.16384 0
20: Q5m5tunnel      = 0
20: Q4m5tunnel      = 0
20: Q14m6Q3m5tunnel = 0
21: Q10m10tunnel    = 0
21: Q9m10tunnel     = 6
22: Q8Q12m15tunnel  = 0
23: Q4m4tunnel      = 0
24: Q9m9tunnel      = 6
25: Q14Q3m14tunnel  = 0
.32768 0
65048 1
Block 1: ./data/coll1_1077605359
56 6f 20 4e 68 61 74 20 48 6f 61 6e 67 32 32 35 
32 30 34 38 38 3e bf 2e 17 56 f2 99 09 54 70 58 
65 6c 0b 56 67 30 f5 5a db cf 27 bb a1 6f 35 b7 
44 c4 79 ab bf 94 f8 84 41 f6 96 d1 f9 1d 90 02 
Block 2: ./data/coll2_1077605359
56 6f 20 4e 68 61 74 20 48 70 61 6e 67 32 32 35 
32 30 34 38 38 3e bf 2e 17 56 f2 99 09 54 70 58 
65 6c 0b 56 67 30 f5 5a db cf 27 bb a1 6f 35 b7 
44 c4 79 ab bf 94 f8 84 41 f6 96 d1 f9 1d 90 02 
Found collision!
65536 1
