Connect MD5 differential paths
Copyright (C) 2009 Marc Stevens
http://homepages.cwi.nl/~stevens/

delta_m[2] = [!8!]
Loading upper_1_640000/paths16_0of1.bin.gz...done: 640000.
Loading data/paths11_0of1.bin.gz...done: 160000.
t=12: 0%   10   20   30   40   50   60   70   80   90   100%
      |----|----|----|----|----|----|----|----|----|----|
      *Q-3:	|01100111 01000101 00100011 00000001|
Q-2:	|00010000 00110010 01010100 01110110|
Q-1:	|10011000 10111010 11011100 11111110|
Q0:	|11101111 11001101 10101011 10001001| ok p=1
Q1:	|10110101 01010111 10010010 00011011| ok p=1
Q2:	|01111001 00011001 10101110 10010000| ok p=1
Q3:	|111110+1 10001111 01110100 10110100| ok p=1
Q4:	|1101+--1 11101000 01111010 10001000| ok p=1
Q5:	|001010+0 11001011 11000000 11110110| ok p=1
Q6:	|....1+-. ........ .....1.1 +......0| ok p=1
Q7:	|.....0+. ..1....! ^0...-.0 +......1| ok p=1
Q8:	|.....1+. ..0..... +1...-.+ -......-| ok p=1
Q9:	|1..10+-. .10..... 0+...-.1 0!0....0| ok p=1
Q10:	|11100++0 11-11111 +-.01-01 +1101001| ok p=1
Q11:	|+001-1-1 1-+10001 1+110001 +010011.| ok p=1
Q12:	|0--++0-- ++1----- ++0+---- 0--++++.| ok p=1
Q13:	|1+1-1-+0 ----0-+- ---11-++ +++++11.| ok p=1
Q14:	|1001110- 010.0+1. 10101.11 111.00-.| ok p=1
Q15:	|00-0.011 0101.-10 000..000 1011+.1.| ok p=0.989258
Q16:	|..-....- .....-.. ........ ......1.| ok p=0.503906
Q17:	|-.0..... .....10. ...0.... ....^.+.| ok p=0.993164
Q18:	|-.1....^ .....01. ...1.... .0......| ok p=0.736328
Q19:	|+....... ......+. ...+.... .1....^.| ok p=0.896484
Q20:	|+....... ........ ........ .-......| ok p=1
Q21:	|+....0.. ......^. ...^.... ........| ok p=1
Q22:	|+....1.. ........ ........ .^......| ok p=0.500977
Q23:	|1....+.. ........ ........ ........| ok p=1
Q24:	|0....... ........ .......0 ........| ok p=1
Q25:	|.....^.. ........ .......1 ........| ok p=0.490234
Q26:	|........ ........ .......- ........| ok p=0.986328
Q27:	|........ ........ ........ ........| ok p=1
Q28:	|........ ........ .......^ ........| ok p=1
Q29:	|........ ........ ........ ........| ok p=1
Q30:	|........ ........ ........ ........| ok p=1
Q31:	|........ ........ ........ ........| ok p=1
Q32:	|........ ........ ........ ........| ok p=1
Q33:	|........ ........ ........ ........| ok p=1
Q34:	|........ ........ ........ ........| ok p=1
Q35:	|........ ........ ........ ........| ok p=1
Q36:	|........ ........ ........ ........| ok p=1
Q37:	|........ ........ ........ ........| ok p=1
Q38:	|........ ........ ........ ........| ok p=1
Q39:	|........ ........ ........ ........| ok p=1
Q40:	|........ ........ ........ ........| ok p=1
Q41:	|........ ........ ........ ........| ok p=1
Q42:	|........ ........ ........ ........| ok p=1
Q43:	|........ ........ ........ ........| ok p=1
Q44:	|........ ........ ........ ........| ok p=1
Q45:	|........ ........ ........ ........| ok p=1
Q46:	|0....... ........ ........ ........| ok p=1
Q47:	|1....... ........ ........ ........| ok p=0.491211
Q48:	|+....... ........ ........ ........| ok p=1
Q49:	|+....... ........ ........ ........| ok p=1
Q50:	|-....... ........ ........ ........| ok p=1
Q51:	|+....... ........ ........ ........| ok p=1
Q52:	|-....... ........ ........ ........| ok p=1
Q53:	|+....... ........ ........ ........| ok p=1
Q54:	|-....... ........ ........ ........| ok p=1
Q55:	|+....... ........ ........ ........| ok p=1
Q56:	|-....... ........ ........ ........| ok p=1
Q57:	|+....... ........ ........ ........| ok p=1
Q58:	|-....... ........ ........ ........| ok p=1
Q59:	|+....... ........ ........ ........| ok p=1
Q60:	|-....... ........ ........ ........| ok p=1
Q61:	|+....... 0....... ........ ........| ok p=1
Q62:	|-....... ........ ........ ........| ok p=1
Q63:	|+....... +....... ........ ........| ok p=1
Q64:	|+....... +....... ........ ........|
Best path: totcompl=-41 tottunnel=8, totcond=568, p=0.0399802
Q-3:	|01100111 01000101 00100011 00000001|
Q-2:	|00010000 00110010 01010100 01110110|
Q-1:	|10011000 10111010 11011100 11111110|
Q0:	|11101111 11001101 10101011 10001001| ok p=1
Q1:	|10110101 01010111 10010010 00011011| ok p=1
Q2:	|01111001 00011001 10101110 10010000| ok p=1
Q3:	|111110+1 10001111 01110100 10110100| ok p=1
Q4:	|1101+--1 11101000 01111010 10001000| ok p=1
Q5:	|001010+0 11001011 11000000 11110110| ok p=1
Q6:	|....1+-. ........ .....1.1 +......0| ok p=1
Q7:	|.....0+. .......! ^0...-.0 +......1| ok p=1
Q8:	|.....1+. ..0.!... +1...-.+ -.1....-| ok p=1
Q9:	|1.0.0+-. .10..... 0+...-.1 0.0....0| ok p=1
Q10:	|11100++0 11-11111 +-.01-01 +1101001| ok p=1
Q11:	|+001-1-1 1-+10001 1+110001 +010011.| ok p=1
Q12:	|0--++0-- ++1----- ++0+---- 0--++++.| ok p=1
Q13:	|1+1-1-+0 ----0-+- ---11-++ +++++11.| ok p=1
Q14:	|1001110- 010.0+1. 10101.11 111.00-.| ok p=1
Q15:	|00-0.011 0101.-10 000..000 1011+.1.| ok p=0.992188
Q16:	|..-....- .....-.. ........ ......1.| ok p=0.517578
Q17:	|+.0..... .....10. ...0.... ....^.+.| ok p=0.988281
Q18:	|+.1....^ .....01. ...1.... .0......| ok p=0.755859
Q19:	|-....... ......+. ...+.... .1....^.| ok p=0.87793
Q20:	|-....... ........ ........ .-......| ok p=1
Q21:	|-....0.. ......^. ...^.... ........| ok p=1
Q22:	|-....1.. ........ ........ .^......| ok p=0.455078
Q23:	|1....+.. ........ ........ ........| ok p=1
Q24:	|0....... ........ .......0 ........| ok p=1
Q25:	|.....^.. ........ .......1 ........| ok p=0.480469
Q26:	|........ ........ .......- ........| ok p=0.991211
Q27:	|........ ........ ........ ........| ok p=1
Q28:	|........ ........ .......^ ........| ok p=1
Q29:	|........ ........ ........ ........| ok p=1
Q30:	|........ ........ ........ ........| ok p=1
Q31:	|........ ........ ........ ........| ok p=1
Q32:	|........ ........ ........ ........| ok p=1
Q33:	|........ ........ ........ ........| ok p=1
Q34:	|........ ........ ........ ........| ok p=1
Q35:	|........ ........ ........ ........| ok p=1
Q36:	|........ ........ ........ ........| ok p=1
Q37:	|........ ........ ........ ........| ok p=1
Q38:	|........ ........ ........ ........| ok p=1
Q39:	|........ ........ ........ ........| ok p=1
Q40:	|........ ........ ........ ........| ok p=1
Q41:	|........ ........ ........ ........| ok p=1
Q42:	|........ ........ ........ ........| ok p=1
Q43:	|........ ........ ........ ........| ok p=1
Q44:	|........ ........ ........ ........| ok p=1
Q45:	|........ ........ ........ ........| ok p=1
Q46:	|0....... ........ ........ ........| ok p=1
Q47:	|1....... ........ ........ ........| ok p=0.522461
Q48:	|+....... ........ ........ ........| ok p=1
Q49:	|-....... ........ ........ ........| ok p=1
Q50:	|-....... ........ ........ ........| ok p=1
Q51:	|-....... ........ ........ ........| ok p=1
Q52:	|-....... ........ ........ ........| ok p=1
Q53:	|-....... ........ ........ ........| ok p=1
Q54:	|-....... ........ ........ ........| ok p=1
Q55:	|-....... ........ ........ ........| ok p=1
Q56:	|-....... ........ ........ ........| ok p=1
Q57:	|-....... ........ ........ ........| ok p=1
Q58:	|-....... ........ ........ ........| ok p=1
Q59:	|-....... ........ ........ ........| ok p=1
Q60:	|-....... ........ ........ ........| ok p=1
Q61:	|-....... 0....... ........ ........| ok p=1
Q62:	|-....... ........ ........ ........| ok p=0.99707
Q63:	|-....... +....... ........ ........| ok p=1
Q64:	|+....... +....... ........ ........|
Best path: totcompl=-40 tottunnel=9, totcond=568, p=0.0392826
Q-3:	|01100111 01000101 00100011 00000001|
Q-2:	|00010000 00110010 01010100 01110110|
Q-1:	|10011000 10111010 11011100 11111110|
Q0:	|11101111 11001101 10101011 10001001| ok p=1
Q1:	|10110101 01010111 10010010 00011011| ok p=1
Q2:	|01111001 00011001 10101110 10010000| ok p=1
Q3:	|111110+1 10001111 01110100 10110100| ok p=1
Q4:	|1101+--1 11101000 01111010 10001000| ok p=1
Q5:	|001010+0 11001011 11000000 11110110| ok p=1
Q6:	|....1+-. ........ .1...1.1 +......0| ok p=1
Q7:	|.....0+. ........ ^0...-.0 +......1| ok p=1
Q8:	|.....1+. ..0!.... +1...-.+ -......-| ok p=1
Q9:	|1..10+-. .10..... 0+..0-.1 0!.....0| ok p=1
Q10:	|11100++0 11-11111 +-.01-01 +1.11001| ok p=1
Q11:	|+001-1-1 1-+10001 1+110001 +0.1011.| ok p=1
Q12:	|0--++0-- ++1----- ++0+---- 0-^-+++.| ok p=1
Q13:	|1+1-1-+0 ----0-+- ---11-++ +++++11.| ok p=1
Q14:	|1001110- 010.0+1. 10101.11 111100-.| ok p=1
Q15:	|00-0.011 0101.-10 000..000 1011+.1.| ok p=0.992188
Q16:	|..-....- .....-.. ........ ......1.| ok p=0.505859
Q17:	|-.0..... .....10. ...0.... ....^.+.| ok p=0.998047
Q18:	|-.1....^ .....01. ...1.... .0......| ok p=0.751953
Q19:	|+....... ......+. ...+.... .1....^.| ok p=0.866211
Q20:	|+....... ........ ........ .-......| ok p=1
Q21:	|+....0.. ......^. ...^.... ........| ok p=1
Q22:	|+....1.. ........ ........ .^......| ok p=0.475586
Q23:	|1....+.. ........ ........ ........| ok p=1
Q24:	|0....... ........ .......0 ........| ok p=1
Q25:	|.....^.. ........ .......1 ........| ok p=0.495117
Q26:	|........ ........ .......- ........| ok p=0.981445
Q27:	|........ ........ ........ ........| ok p=1
Q28:	|........ ........ .......^ ........| ok p=1
Q29:	|........ ........ ........ ........| ok p=1
Q30:	|........ ........ ........ ........| ok p=1
Q31:	|........ ........ ........ ........| ok p=1
Q32:	|........ ........ ........ ........| ok p=1
Q33:	|........ ........ ........ ........| ok p=1
Q34:	|........ ........ ........ ........| ok p=1
Q35:	|........ ........ ........ ........| ok p=1
Q36:	|........ ........ ........ ........| ok p=1
Q37:	|........ ........ ........ ........| ok p=1
Q38:	|........ ........ ........ ........| ok p=1
Q39:	|........ ........ ........ ........| ok p=1
Q40:	|........ ........ ........ ........| ok p=1
Q41:	|........ ........ ........ ........| ok p=1
Q42:	|........ ........ ........ ........| ok p=1
Q43:	|........ ........ ........ ........| ok p=1
Q44:	|........ ........ ........ ........| ok p=1
Q45:	|........ ........ ........ ........| ok p=1
Q46:	|0....... ........ ........ ........| ok p=1
Q47:	|1....... ........ ........ ........| ok p=0.496094
Q48:	|+....... ........ ........ ........| ok p=1
Q49:	|+....... ........ ........ ........| ok p=1
Q50:	|-....... ........ ........ ........| ok p=1
Q51:	|+....... ........ ........ ........| ok p=1
Q52:	|-....... ........ ........ ........| ok p=1
Q53:	|+....... ........ ........ ........| ok p=1
Q54:	|-....... ........ ........ ........| ok p=1
Q55:	|+....... ........ ........ ........| ok p=1
Q56:	|-....... ........ ........ ........| ok p=1
Q57:	|+....... ........ ........ ........| ok p=1
Q58:	|-....... ........ ........ ........| ok p=1
Q59:	|+....... ........ ........ ........| ok p=1
Q60:	|-....... ........ ........ ........| ok p=1
Q61:	|+....... 0....... ........ ........| ok p=1
Q62:	|-....... ........ ........ ........| ok p=1
Q63:	|+....... +....... ........ ........| ok p=1
Q64:	|+....... +....... ........ ........|
Best path: totcompl=-39 tottunnel=10, totcond=567, p=0.0394435
Best paths: 2
Q-3:	|01100111 01000101 00100011 00000001|
Q-2:	|00010000 00110010 01010100 01110110|
Q-1:	|10011000 10111010 11011100 11111110|
Q0:	|11101111 11001101 10101011 10001001| ok p=1
Q1:	|10110101 01010111 10010010 00011011| ok p=1
Q2:	|01111001 00011001 10101110 10010000| ok p=1
Q3:	|111110+1 10001111 01110100 10110100| ok p=1
Q4:	|1101+--1 11101000 01111010 10001000| ok p=1
Q5:	|001010+0 11001011 11000000 11110110| ok p=1
Q6:	|....1+-. ........ .....1.1 +......0| ok p=1
Q7:	|.....0+. .......! ^0...-.0 +......1| ok p=1
Q8:	|.....1+. ..0!.... +1...-.+ -......-| ok p=1
Q9:	|1.0.0+-. .10..... 0+..0-.1 0.!....0| ok p=1
Q10:	|11100++0 11-11111 +-.01-01 +1.10.11| ok p=1
Q11:	|+001-1-1 1-+10001 1+110001 +0.10^0.| ok p=1
Q12:	|0--++0-- ++1----- ++0+---- 0-^-+++.| ok p=1
Q13:	|1+1-1-+0 ----0-+- ---11-++ +++++11.| ok p=1
Q14:	|1001110- 010.0+1. 10101.11 111100-.| ok p=1
Q15:	|00-0.011 0101.-10 000..000 1011+.1.| ok p=0.991211
Q16:	|..-....- .....-.. ........ ......1.| ok p=0.516602
Q17:	|-.0..... .....10. ...0.... ....^.+.| ok p=0.994141
Q18:	|-.1....^ .....01. ...1.... .0......| ok p=0.730469
Q19:	|+....... ......+. ...+.... .1....^.| ok p=0.87793
Q20:	|+....... ........ ........ .-......| ok p=1
Q21:	|+....0.. ......^. ...^.... ........| ok p=1
Q22:	|+....1.. ........ ........ .^......| ok p=0.509766
Q23:	|1....+.. ........ ........ ........| ok p=1
Q24:	|0....... ........ .......0 ........| ok p=1
Q25:	|.....^.. ........ .......1 ........| ok p=0.494141
Q26:	|........ ........ .......- ........| ok p=0.983398
Q27:	|........ ........ ........ ........| ok p=1
Q28:	|........ ........ .......^ ........| ok p=1
Q29:	|........ ........ ........ ........| ok p=1
Q30:	|........ ........ ........ ........| ok p=1
Q31:	|........ ........ ........ ........| ok p=1
Q32:	|........ ........ ........ ........| ok p=1
Q33:	|........ ........ ........ ........| ok p=1
Q34:	|........ ........ ........ ........| ok p=1
Q35:	|........ ........ ........ ........| ok p=1
Q36:	|........ ........ ........ ........| ok p=1
Q37:	|........ ........ ........ ........| ok p=1
Q38:	|........ ........ ........ ........| ok p=1
Q39:	|........ ........ ........ ........| ok p=1
Q40:	|........ ........ ........ ........| ok p=1
Q41:	|........ ........ ........ ........| ok p=1
Q42:	|........ ........ ........ ........| ok p=1
Q43:	|........ ........ ........ ........| ok p=1
Q44:	|........ ........ ........ ........| ok p=1
Q45:	|........ ........ ........ ........| ok p=1
Q46:	|0....... ........ ........ ........| ok p=1
Q47:	|1....... ........ ........ ........| ok p=0.512695
Q48:	|+....... ........ ........ ........| ok p=1
Q49:	|+....... ........ ........ ........| ok p=1
Q50:	|-....... ........ ........ ........| ok p=1
Q51:	|+....... ........ ........ ........| ok p=1
Q52:	|-....... ........ ........ ........| ok p=1
Q53:	|+....... ........ ........ ........| ok p=1
Q54:	|-....... ........ ........ ........| ok p=1
Q55:	|+....... ........ ........ ........| ok p=1
Q56:	|-....... ........ ........ ........| ok p=1
Q57:	|+....... ........ ........ ........| ok p=1
Q58:	|-....... ........ ........ ........| ok p=1
Q59:	|+....... ........ ........ ........| ok p=1
Q60:	|-....... ........ ........ ........| ok p=1
Q61:	|+....... 0....... ........ ........| ok p=1
Q62:	|-....... ........ ........ ........| ok p=1
Q63:	|+....... +....... ........ ........| ok p=1
Q64:	|+....... +....... ........ ........|
Best path: totcompl=-39 tottunnel=10, totcond=566, p=0.0402381
Q-3:	|01100111 01000101 00100011 00000001|
Q-2:	|00010000 00110010 01010100 01110110|
Q-1:	|10011000 10111010 11011100 11111110|
Q0:	|11101111 11001101 10101011 10001001| ok p=1
Q1:	|10110101 01010111 10010010 00011011| ok p=1
Q2:	|01111001 00011001 10101110 10010000| ok p=1
Q3:	|111110+1 10001111 01110100 10110100| ok p=1
Q4:	|1101+--1 11101000 01111010 10001000| ok p=1
Q5:	|001010+0 11001011 11000000 11110110| ok p=1
Q6:	|....1+-. ........ .....1.1 +......0| ok p=1
Q7:	|.....0+. .......! ^0...-.0 +......1| ok p=1
Q8:	|.....1+. ..0!.... +1...-.+ -......-| ok p=1
Q9:	|10..0+-. .10..... 0+...-01 0!.....0| ok p=1
Q10:	|11100++0 11-11111 +-.01-11 +1.11001| ok p=1
Q11:	|+001-1-1 1-+10001 1+110011 +0.1011.| ok p=1
Q12:	|0--++0-- ++1----- ++0+---- 0-^-+++.| ok p=1
Q13:	|1+1-1-+0 ----0-+- ---111-+ +++++11.| ok p=1
Q14:	|1001110- 010.0+1. 101011.1 111100-.| ok p=1
Q15:	|00-0.011 0101.-10 000...00 1011+.1.| ok p=0.989258
Q16:	|..-....- .....-.. ........ ......1.| ok p=0.481445
Q17:	|+.0..... .....10. ...0.... ....^.+.| ok p=0.999023
Q18:	|+.1....^ .....01. ...1.... .0......| ok p=0.75
Q19:	|-....... ......+. ...+.... .1....^.| ok p=0.852539
Q20:	|-....... ........ ........ .-......| ok p=1
Q21:	|-....0.. ......^. ...^.... ........| ok p=1
Q22:	|-....1.. ........ ........ .^......| ok p=0.479492
Q23:	|1....+.. ........ ........ ........| ok p=1
Q24:	|0....... ........ .......0 ........| ok p=1
Q25:	|.....^.. ........ .......1 ........| ok p=0.50293
Q26:	|........ ........ .......- ........| ok p=0.981445
Q27:	|........ ........ ........ ........| ok p=1
Q28:	|........ ........ .......^ ........| ok p=1
Q29:	|........ ........ ........ ........| ok p=1
Q30:	|........ ........ ........ ........| ok p=1
Q31:	|........ ........ ........ ........| ok p=1
Q32:	|........ ........ ........ ........| ok p=1
Q33:	|........ ........ ........ ........| ok p=1
Q34:	|........ ........ ........ ........| ok p=1
Q35:	|........ ........ ........ ........| ok p=1
Q36:	|........ ........ ........ ........| ok p=1
Q37:	|........ ........ ........ ........| ok p=1
Q38:	|........ ........ ........ ........| ok p=1
Q39:	|........ ........ ........ ........| ok p=1
Q40:	|........ ........ ........ ........| ok p=1
Q41:	|........ ........ ........ ........| ok p=1
Q42:	|........ ........ ........ ........| ok p=1
Q43:	|........ ........ ........ ........| ok p=1
Q44:	|........ ........ ........ ........| ok p=1
Q45:	|........ ........ ........ ........| ok p=1
Q46:	|0....... ........ ........ ........| ok p=1
Q47:	|1....... ........ ........ ........| ok p=0.475586
Q48:	|+....... ........ ........ ........| ok p=1
Q49:	|-....... ........ ........ ........| ok p=1
Q50:	|-....... ........ ........ ........| ok p=1
Q51:	|-....... ........ ........ ........| ok p=1
Q52:	|-....... ........ ........ ........| ok p=1
Q53:	|-....... ........ ........ ........| ok p=1
Q54:	|-....... ........ ........ ........| ok p=1
Q55:	|-....... ........ ........ ........| ok p=1
Q56:	|-....... ........ ........ ........| ok p=1
Q57:	|-....... ........ ........ ........| ok p=1
Q58:	|-....... ........ ........ ........| ok p=1
Q59:	|-....... ........ ........ ........| ok p=1
Q60:	|-....... ........ ........ ........| ok p=1
Q61:	|-....... 0....... ........ ........| ok p=1
Q62:	|-....... ........ ........ ........| ok p=0.998047
Q63:	|-....... +....... ........ ........| ok p=1
Q64:	|+....... +....... ........ ........|
Best path: totcompl=-38 tottunnel=11, totcond=566, p=0.0421614
Q-3:	|01100111 01000101 00100011 00000001|
Q-2:	|00010000 00110010 01010100 01110110|
Q-1:	|10011000 10111010 11011100 11111110|
Q0:	|11101111 11001101 10101011 10001001| ok p=1
Q1:	|10110101 01010111 10010010 00011011| ok p=1
Q2:	|01111001 00011001 10101110 10010000| ok p=1
Q3:	|111110+1 10001111 01110100 10110100| ok p=1
Q4:	|1101+--1 11101000 01111010 10001000| ok p=1
Q5:	|001010+0 11001011 11000000 11110110| ok p=1
Q6:	|....1+-. ........ .1...1.1 +......0| ok p=1
Q7:	|.....0+. ..1..... ^0...-.0 +......1| ok p=1
Q8:	|.....1+. ..0..... +1...-.+ -......-| ok p=1
Q9:	|10..0+-. .10..... 0+..0-.1 0!.....0| ok p=1
Q10:	|11100++0 11-11111 +-.01-11 +1.11001| ok p=1
Q11:	|+001-1-1 1-+10001 1+110011 +0.1011.| ok p=1
Q12:	|0--++0-- ++1----- ++0+---- 0-^-+++.| ok p=1
Q13:	|1+1-1-+0 ----0-+- ---111-+ +++++11.| ok p=1
Q14:	|1001110- 010.0+1. 101011.1 111100-.| ok p=1
Q15:	|00-0.011 0101.-10 000...00 1011+.1.| ok p=0.986328
Q16:	|..-....- .....-.. ........ ......1.| ok p=0.522461
Q17:	|-.0..... .....10. ...0.... ....^.+.| ok p=0.999023
Q18:	|-.1....^ .....01. ...1.... .0......| ok p=0.75
Q19:	|+....... ......+. ...+.... .1....^.| ok p=0.848633
Q20:	|+....... ........ ........ .-......| ok p=1
Q21:	|+....0.. ......^. ...^.... ........| ok p=1
Q22:	|+....1.. ........ ........ .^......| ok p=0.458984
Q23:	|1....+.. ........ ........ ........| ok p=1
Q24:	|0....... ........ .......0 ........| ok p=1
Q25:	|.....^.. ........ .......1 ........| ok p=0.494141
Q26:	|........ ........ .......- ........| ok p=0.972656
Q27:	|........ ........ ........ ........| ok p=1
Q28:	|........ ........ .......^ ........| ok p=1
Q29:	|........ ........ ........ ........| ok p=1
Q30:	|........ ........ ........ ........| ok p=1
Q31:	|........ ........ ........ ........| ok p=1
Q32:	|........ ........ ........ ........| ok p=1
Q33:	|........ ........ ........ ........| ok p=1
Q34:	|........ ........ ........ ........| ok p=1
Q35:	|........ ........ ........ ........| ok p=1
Q36:	|........ ........ ........ ........| ok p=1
Q37:	|........ ........ ........ ........| ok p=1
Q38:	|........ ........ ........ ........| ok p=1
Q39:	|........ ........ ........ ........| ok p=1
Q40:	|........ ........ ........ ........| ok p=1
Q41:	|........ ........ ........ ........| ok p=1
Q42:	|........ ........ ........ ........| ok p=1
Q43:	|........ ........ ........ ........| ok p=1
Q44:	|........ ........ ........ ........| ok p=1
Q45:	|........ ........ ........ ........| ok p=1
Q46:	|0....... ........ ........ ........| ok p=1
Q47:	|1....... ........ ........ ........| ok p=0.512695
Q48:	|+....... ........ ........ ........| ok p=1
Q49:	|+....... ........ ........ ........| ok p=1
Q50:	|-....... ........ ........ ........| ok p=1
Q51:	|+....... ........ ........ ........| ok p=1
Q52:	|-....... ........ ........ ........| ok p=1
Q53:	|+....... ........ ........ ........| ok p=1
Q54:	|-....... ........ ........ ........| ok p=1
Q55:	|+....... ........ ........ ........| ok p=1
Q56:	|-....... ........ ........ ........| ok p=1
Q57:	|+....... ........ ........ ........| ok p=1
Q58:	|-....... ........ ........ ........| ok p=1
Q59:	|+....... ........ ........ ........| ok p=1
Q60:	|-....... ........ ........ ........| ok p=1
Q61:	|+....... 0....... ........ ........| ok p=1
Q62:	|-....... ........ ........ ........| ok p=1
Q63:	|+....... +....... ........ ........| ok p=1
Q64:	|+....... +....... ........ ........|
Best path: totcompl=-37 tottunnel=12, totcond=566, p=0.0346897
Q-3:	|01100111 01000101 00100011 00000001|
Q-2:	|00010000 00110010 01010100 01110110|
Q-1:	|10011000 10111010 11011100 11111110|
Q0:	|11101111 11001101 10101011 10001001| ok p=1
Q1:	|10110101 01010111 10010010 00011011| ok p=1
Q2:	|01111001 00011001 10101110 10010000| ok p=1
Q3:	|111110+1 10001111 01110100 10110100| ok p=1
Q4:	|1101+--1 11101000 01111010 10001000| ok p=1
Q5:	|001010+0 11001011 11000000 11110110| ok p=1
Q6:	|....1+-. ........ .1...1.1 +......0| ok p=1
Q7:	|.....0+. ........ ^0...-.0 +......1| ok p=1
Q8:	|.....1+. ..0!.... +1...-.+ -......-| ok p=1
Q9:	|0.0.0+-. .10..... 0+..0-.1 0.!....0| ok p=1
Q10:	|00100++0 11-11111 +-.01-11 +1.10.11| ok p=1
Q11:	|+101-1-1 1-+10001 1+110011 +0.10^0.| ok p=1
Q12:	|1--++0-- ++1----- ++0+---- 0-^-+++.| ok p=1
Q13:	|--1-1-+0 ----0-+- ---111-+ +++++11.| ok p=1
Q14:	|0101110- 010.0+1. 101011.1 111100-.| ok p=1
Q15:	|00-0.011 0101.-10 000...00 1011+.1.| ok p=0.991211
Q16:	|..-....- .....-.. ........ ......1.| ok p=0.5
Q17:	|-.0..... .....10. ...0.... ....^.+.| ok p=0.99707
Q18:	|-.1....^ .....01. ...1.... .0......| ok p=0.733398
Q19:	|+....... ......+. ...+.... .1....^.| ok p=0.875
Q20:	|+....... ........ ........ .-......| ok p=1
Q21:	|+....0.. ......^. ...^.... ........| ok p=1
Q22:	|+....1.. ........ ........ .^......| ok p=0.474609
Q23:	|1....+.. ........ ........ ........| ok p=1
Q24:	|0....... ........ .......0 ........| ok p=1
Q25:	|.....^.. ........ .......1 ........| ok p=0.458984
Q26:	|........ ........ .......- ........| ok p=0.983398
Q27:	|........ ........ ........ ........| ok p=1
Q28:	|........ ........ .......^ ........| ok p=1
Q29:	|........ ........ ........ ........| ok p=1
Q30:	|........ ........ ........ ........| ok p=1
Q31:	|........ ........ ........ ........| ok p=1
Q32:	|........ ........ ........ ........| ok p=1
Q33:	|........ ........ ........ ........| ok p=1
Q34:	|........ ........ ........ ........| ok p=1
Q35:	|........ ........ ........ ........| ok p=1
Q36:	|........ ........ ........ ........| ok p=1
Q37:	|........ ........ ........ ........| ok p=1
Q38:	|........ ........ ........ ........| ok p=1
Q39:	|........ ........ ........ ........| ok p=1
Q40:	|........ ........ ........ ........| ok p=1
Q41:	|........ ........ ........ ........| ok p=1
Q42:	|........ ........ ........ ........| ok p=1
Q43:	|........ ........ ........ ........| ok p=1
Q44:	|........ ........ ........ ........| ok p=1
Q45:	|........ ........ ........ ........| ok p=1
Q46:	|0....... ........ ........ ........| ok p=1
Q47:	|1....... ........ ........ ........| ok p=0.5
Q48:	|+....... ........ ........ ........| ok p=1
Q49:	|+....... ........ ........ ........| ok p=1
Q50:	|-....... ........ ........ ........| ok p=1
Q51:	|+....... ........ ........ ........| ok p=1
Q52:	|-....... ........ ........ ........| ok p=1
Q53:	|+....... ........ ........ ........| ok p=1
Q54:	|-....... ........ ........ ........| ok p=1
Q55:	|+....... ........ ........ ........| ok p=1
Q56:	|-....... ........ ........ ........| ok p=1
Q57:	|+....... ........ ........ ........| ok p=1
Q58:	|-....... ........ ........ ........| ok p=1
Q59:	|+....... ........ ........ ........| ok p=1
Q60:	|-....... ........ ........ ........| ok p=1
Q61:	|+....... 0....... ........ ........| ok p=1
Q62:	|-....... ........ ........ ........| ok p=1
Q63:	|+....... +....... ........ ........| ok p=1
Q64:	|+....... +....... ........ ........|
Best path: totcompl=-37 tottunnel=12, totcond=565, p=0.0379035
Best paths: 2
Best paths: 4
Q-3:	|01100111 01000101 00100011 00000001|
Q-2:	|00010000 00110010 01010100 01110110|
Q-1:	|10011000 10111010 11011100 11111110|
Q0:	|11101111 11001101 10101011 10001001| ok p=1
Q1:	|10110101 01010111 10010010 00011011| ok p=1
Q2:	|01111001 00011001 10101110 10010000| ok p=1
Q3:	|111110+1 10001111 01110100 10110100| ok p=1
Q4:	|1101+--1 11101000 01111010 10001000| ok p=1
Q5:	|001010+0 11001011 11000000 11110110| ok p=1
Q6:	|....1+-. ........ .1...1.1 +......0| ok p=1
Q7:	|.....0+. ........ ^0...-.0 +......1| ok p=1
Q8:	|.....1+. ..0!.... +1...-.+ -......-| ok p=1
Q9:	|10..0+-. .00..... 0+..0-.1 0!.....0| ok p=1
Q10:	|11.10++0 10-10111 +-.01-11 +1.11001| ok p=1
Q11:	|+.^0-1-1 1-+01001 1+110011 +0.1011.| ok p=1
Q12:	|-^+++0-- ++-+---- ++0+---- 0-^-+++.| ok p=1
Q13:	|--0--++0 ----0-+- ---111-+ +++++11.| ok p=1
Q14:	|.010101- 01.00+1. 101011.1 111100-.| ok p=1
Q15:	|01-00011 0101.-10 000...00 1011+.1.| ok p=0.993164
Q16:	|..-....- .....-.. ........ ......1.| ok p=0.530273
Q17:	|+.0..... .....10. ...0.... ....^.+.| ok p=0.994141
Q18:	|+.1....^ .....01. ...1.... .0......| ok p=0.738281
Q19:	|-....... ......+. ...+.... .1....^.| ok p=0.860352
Q20:	|-....... ........ ........ .-......| ok p=1
Q21:	|-....0.. ......^. ...^.... ........| ok p=1
Q22:	|-....1.. ........ ........ .^......| ok p=0.458984
Q23:	|1....+.. ........ ........ ........| ok p=1
Q24:	|0....... ........ .......0 ........| ok p=1
Q25:	|.....^.. ........ .......1 ........| ok p=0.492188
Q26:	|........ ........ .......- ........| ok p=0.989258
Q27:	|........ ........ ........ ........| ok p=1
Q28:	|........ ........ .......^ ........| ok p=1
Q29:	|........ ........ ........ ........| ok p=1
Q30:	|........ ........ ........ ........| ok p=1
Q31:	|........ ........ ........ ........| ok p=1
Q32:	|........ ........ ........ ........| ok p=1
Q33:	|........ ........ ........ ........| ok p=1
Q34:	|........ ........ ........ ........| ok p=1
Q35:	|........ ........ ........ ........| ok p=1
Q36:	|........ ........ ........ ........| ok p=1
Q37:	|........ ........ ........ ........| ok p=1
Q38:	|........ ........ ........ ........| ok p=1
Q39:	|........ ........ ........ ........| ok p=1
Q40:	|........ ........ ........ ........| ok p=1
Q41:	|........ ........ ........ ........| ok p=1
Q42:	|........ ........ ........ ........| ok p=1
Q43:	|........ ........ ........ ........| ok p=1
Q44:	|........ ........ ........ ........| ok p=1
Q45:	|........ ........ ........ ........| ok p=1
Q46:	|0....... ........ ........ ........| ok p=1
Q47:	|1....... ........ ........ ........| ok p=0.481445
Q48:	|+....... ........ ........ ........| ok p=1
Q49:	|-....... ........ ........ ........| ok p=1
Q50:	|-....... ........ ........ ........| ok p=1
Q51:	|-....... ........ ........ ........| ok p=1
Q52:	|-....... ........ ........ ........| ok p=1
Q53:	|-....... ........ ........ ........| ok p=1
Q54:	|-....... ........ ........ ........| ok p=1
Q55:	|-....... ........ ........ ........| ok p=1
Q56:	|-....... ........ ........ ........| ok p=1
Q57:	|-....... ........ ........ ........| ok p=1
Q58:	|-....... ........ ........ ........| ok p=1
Q59:	|-....... ........ ........ ........| ok p=1
Q60:	|-....... ........ ........ ........| ok p=1
Q61:	|-....... 0....... ........ ........| ok p=1
Q62:	|-....... ........ ........ ........| ok p=0.994141
Q63:	|-....... +....... ........ ........| ok p=1
Q64:	|+....... +....... ........ ........|
Best path: totcompl=-37 tottunnel=12, totcond=564, p=0.0335553
Best paths: 2
Best paths: 4
Q-3:	|01100111 01000101 00100011 00000001|
Q-2:	|00010000 00110010 01010100 01110110|
Q-1:	|10011000 10111010 11011100 11111110|
Q0:	|11101111 11001101 10101011 10001001| ok p=1
Q1:	|10110101 01010111 10010010 00011011| ok p=1
Q2:	|01111001 00011001 10101110 10010000| ok p=1
Q3:	|111110+1 10001111 01110100 10110100| ok p=1
Q4:	|1101+--1 11101000 01111010 10001000| ok p=1
Q5:	|001010+0 11001011 11000000 11110110| ok p=1
Q6:	|....1+-. ........ .....1.1 +......0| ok p=1
Q7:	|.....0+. .......! ^0...-.0 +......1| ok p=1
Q8:	|.....1+. ..0!.... +1...-.+ -1.....-| ok p=1
Q9:	|10..0+-. .10..... 0+...-.1 00.....0| ok p=1
Q10:	|11.10++0 11-11111 +-.01-11 +1.11001| ok p=1
Q11:	|+.^0-1-1 1-+10001 1+110011 +0.1011.| ok p=1
Q12:	|-^+++0-- ++1----- ++0+---- 0-^-+++.| ok p=1
Q13:	|--0-0-+0 ----0-+- ---111-+ +++++11.| ok p=1
Q14:	|.010110- 010.0+1. 101011.1 111100-.| ok p=1
Q15:	|01-0.011 0101.-10 000...00 1011+.1.| ok p=0.981445
Q16:	|..-....- .....-.. ........ ......1.| ok p=0.503906
Q17:	|+.0..... .....10. ...0.... ....^.+.| ok p=1
Q18:	|+.1....^ .....01. ...1.... .0......| ok p=0.742188
Q19:	|-....... ......+. ...+.... .1....^.| ok p=0.861328
Q20:	|-....... ........ ........ .-......| ok p=1
Q21:	|-....0.. ......^. ...^.... ........| ok p=1
Q22:	|-....1.. ........ ........ .^......| ok p=0.50293
Q23:	|1....+.. ........ ........ ........| ok p=1
Q24:	|0....... ........ .......0 ........| ok p=1
Q25:	|.....^.. ........ .......1 ........| ok p=0.50293
Q26:	|........ ........ .......- ........| ok p=0.992188
Q27:	|........ ........ ........ ........| ok p=1
Q28:	|........ ........ .......^ ........| ok p=1
Q29:	|........ ........ ........ ........| ok p=1
Q30:	|........ ........ ........ ........| ok p=1
Q31:	|........ ........ ........ ........| ok p=1
Q32:	|........ ........ ........ ........| ok p=1
Q33:	|........ ........ ........ ........| ok p=1
Q34:	|........ ........ ........ ........| ok p=1
Q35:	|........ ........ ........ ........| ok p=1
Q36:	|........ ........ ........ ........| ok p=1
Q37:	|........ ........ ........ ........| ok p=1
Q38:	|........ ........ ........ ........| ok p=1
Q39:	|........ ........ ........ ........| ok p=1
Q40:	|........ ........ ........ ........| ok p=1
Q41:	|........ ........ ........ ........| ok p=1
Q42:	|........ ........ ........ ........| ok p=1
Q43:	|........ ........ ........ ........| ok p=1
Q44:	|........ ........ ........ ........| ok p=1
Q45:	|........ ........ ........ ........| ok p=1
Q46:	|0....... ........ ........ ........| ok p=1
Q47:	|1....... ........ ........ ........| ok p=0.480469
Q48:	|+....... ........ ........ ........| ok p=1
Q49:	|-....... ........ ........ ........| ok p=1
Q50:	|-....... ........ ........ ........| ok p=1
Q51:	|-....... ........ ........ ........| ok p=1
Q52:	|-....... ........ ........ ........| ok p=1
Q53:	|-....... ........ ........ ........| ok p=1
Q54:	|-....... ........ ........ ........| ok p=1
Q55:	|-....... ........ ........ ........| ok p=1
Q56:	|-....... ........ ........ ........| ok p=1
Q57:	|-....... ........ ........ ........| ok p=1
Q58:	|-....... ........ ........ ........| ok p=1
Q59:	|-....... ........ ........ ........| ok p=1
Q60:	|-....... ........ ........ ........| ok p=1
Q61:	|-....... 0....... ........ ........| ok p=1
Q62:	|-....... ........ ........ ........| ok p=0.99707
Q63:	|-....... +....... ........ ........| ok p=1
Q64:	|+....... +....... ........ ........|
Best path: totcompl=-37 tottunnel=12, totcond=563, p=0.0395843
Best paths: 2
