Connect MD5 differential paths
Copyright (C) 2009 Marc Stevens
http://homepages.cwi.nl/~stevens/

delta_m[2] = [!8!]
Loading upper_1_640000/paths16_0of1.bin.gz...done: 640000.
Loading data/paths11_0of1.bin.gz...done: 160000.
t=12: 0%   10   20   30   40   50   60   70   80   90   100%
      |----|----|----|----|----|----|----|----|----|----|
      ***Q-3:	|+1111101 10111010 00111111 01111010|
Q-2:	|-0101101 10100111 00000001 10111001|
Q-1:	|+001010- +1111001 11110100 01110001|
Q0:	|-01111-+ +0110100 00001111 11101100| ok p=0.391602
Q1:	|0.....00 -..0.... ..00.... 0-..0.-+| ok p=1
Q2:	|00....10 -..0.... ..0-.... -+..-.0-| ok p=1
Q3:	|.1....+. ...+.... ..-+.1.. ++.1-.1-| ok p=1
Q4:	|.1!...1. 1.!-1... ..++.1.. ++.0-..-| ok p=1
Q5:	|!-....1. ..1-01.. ..++.-.. .-.-+...| ok p=1
Q6:	|.-1...1. ..01-1.. ...+!-.. 0-.-0..0| ok p=1
Q7:	|!.1...+. ..+++-.! .11+.0.. .-.10..0| ok p=1
Q8:	|!1+...-. ..-1+-.. .1.0.+.. .-.+...-| ok p=1
Q9:	|.0+...-1 ..101.1. .-.011.. .-!-...1| ok p=1
Q10:	|!0-01011 0100-011 1-.-0-01 0-.-0..-| ok p=1
Q11:	|^011011- 0011-.-0 10^-0-11 0-^+1^.-| ok p=1
Q12:	|+++-++++ -+-++^-- +1-+-1-- -0++++..| ok p=1
Q13:	|10++11++ +---0-0- --1----- --1.0010| ok p=1
Q14:	|000100.- 01.1110. 0101+0-. .000111.| ok p=1
Q15:	|01-1..01 0010.0-0 10.001.0 00....-.| ok p=0.77832
Q16:	|..+....- ......-. ....-.^. ......0.| ok p=0.606445
Q17:	|+.1..... ......+. ...1.... ......+.| ok p=0.995117
Q18:	|+.0....^ ......-. ...1^... .0......| ok p=0.263672
Q19:	|0....... ......-. ...+.... .1....^.| ok p=0.4375
Q20:	|+....... ......1. ........ .-......| ok p=1
Q21:	|+....0.. ......0. ...^.... ........| ok p=1
Q22:	|-....1.. ........ ........ .^......| ok p=0.511719
Q23:	|0....+.. ........ ........ ........| ok p=1
Q24:	|1....... ........ .......0 ........| ok p=1
Q25:	|.....^.. ........ .......1 ........| ok p=0.49707
Q26:	|........ ........ .......- ........| ok p=0.983398
Q27:	|........ ........ ........ ........| ok p=1
Q28:	|........ ........ .......^ ........| ok p=1
Q29:	|........ ........ ........ ........| ok p=1
Q30:	|........ ........ ........ ........| ok p=1
Q31:	|........ ........ ........ ........| ok p=1
Q32:	|........ ........ ........ ........| ok p=1
Q33:	|........ ........ ........ ........| ok p=1
Q34:	|........ ........ ........ ........| ok p=1
Q35:	|........ ........ ........ ........| ok p=1
Q36:	|........ ........ ........ ........| ok p=1
Q37:	|........ ........ ........ ........| ok p=1
Q38:	|........ ........ ........ ........| ok p=1
Q39:	|........ ........ ........ ........| ok p=1
Q40:	|........ ........ ........ ........| ok p=1
Q41:	|........ ........ ........ ........| ok p=1
Q42:	|........ ........ ........ ........| ok p=1
Q43:	|........ ........ ........ ........| ok p=1
Q44:	|........ ........ ........ ........| ok p=1
Q45:	|........ ........ ........ ........| ok p=1
Q46:	|0....... ........ ........ ........| ok p=1
Q47:	|1....... ........ ........ ........| ok p=0.509766
Q48:	|-....... ........ ........ ........| ok p=1
Q49:	|-....... ........ ........ ........| ok p=1
Q50:	|+....... ........ ........ ........| ok p=1
Q51:	|-....... ........ ........ ........| ok p=1
Q52:	|+....... ........ ........ ........| ok p=1
Q53:	|-....... ........ ........ ........| ok p=1
Q54:	|+....... ........ ........ ........| ok p=1
Q55:	|-....... ........ ........ ........| ok p=1
Q56:	|+....... ........ ........ ........| ok p=1
Q57:	|-....... ........ ........ ........| ok p=1
Q58:	|+....... ........ ........ ........| ok p=1
Q59:	|-....... ........ ........ ........| ok p=1
Q60:	|+....... ........ ........ ........| ok p=1
Q61:	|-....... 0....... ........ ........| ok p=1
Q62:	|+....... ........ ........ ........| ok p=1
Q63:	|-....... +....... ........ ........| ok p=1
Q64:	|+....... +....... ........ ........|
Best path: totcompl=-17 tottunnel=33, totcond=484, p=0.00231213
Q-3:	|+1111101 10111010 00111111 01111010|
Q-2:	|-0101101 10100111 00000001 10111001|
Q-1:	|+001010- +1111001 11110100 01110001|
Q0:	|-01111-+ +0110100 00001111 11101100| ok p=0.374023
Q1:	|0.....00 -..0.... ..00.... 0-..0.-+| ok p=1
Q2:	|0.....10 -..0.... ..0-.... -+..-.0-| ok p=1
Q3:	|.1!...+. ...+.... ..-+.1.. ++.1-.1-| ok p=1
Q4:	|.1!...1. 1.!-1... ..++.1.. ++.0-..-| ok p=1
Q5:	|!-....1. ..1-01.. ..++.-.. .-.-+...| ok p=1
Q6:	|.-1...1. ..01-1.. ...+!-.. 0-.-0..0| ok p=1
Q7:	|!.1...+. ..+++-.! .11+.0.. .-.10..0| ok p=1
Q8:	|!1+...-. ..-1+-.. .1.0.+.. .-.+...-| ok p=1
Q9:	|10+...-1 ..101.1. .-.011.. .-!-...1| ok p=1
Q10:	|0.-01011 0100-011 1-.-0-01 .-.-0..-| ok p=1
Q11:	|0^11011- 0011-.-0 10^-0-11 .-^+1^.-| ok p=1
Q12:	|+++-++++ -+-++^-- +1-+-1-- ^--+++..| ok p=1
Q13:	|10++11++ +---0-0- --1----- --110010| ok p=1
Q14:	|000100.- 01.1110. 0101+0-. 0.00111.| ok p=1
Q15:	|0.-1.101 0010.0-0 10.001.0 00....-.| ok p=0.766602
Q16:	|..+....- ......-. ....-.^. ......0.| ok p=0.588867
Q17:	|+.1..... ......+. ...1.... ......+.| ok p=0.998047
Q18:	|+.0....^ ......-. ...1^... .0......| ok p=0.262695
Q19:	|0....... ......-. ...+.... .1....^.| ok p=0.450195
Q20:	|+....... ......1. ........ .-......| ok p=1
Q21:	|+....0.. ......0. ...^.... ........| ok p=1
Q22:	|-....1.. ........ ........ .^......| ok p=0.49707
Q23:	|0....+.. ........ ........ ........| ok p=1
Q24:	|1....... ........ .......0 ........| ok p=1
Q25:	|.....^.. ........ .......1 ........| ok p=0.496094
Q26:	|........ ........ .......- ........| ok p=0.981445
Q27:	|........ ........ ........ ........| ok p=1
Q28:	|........ ........ .......^ ........| ok p=1
Q29:	|........ ........ ........ ........| ok p=1
Q30:	|........ ........ ........ ........| ok p=1
Q31:	|........ ........ ........ ........| ok p=1
Q32:	|........ ........ ........ ........| ok p=1
Q33:	|........ ........ ........ ........| ok p=1
Q34:	|........ ........ ........ ........| ok p=1
Q35:	|........ ........ ........ ........| ok p=1
Q36:	|........ ........ ........ ........| ok p=1
Q37:	|........ ........ ........ ........| ok p=1
Q38:	|........ ........ ........ ........| ok p=1
Q39:	|........ ........ ........ ........| ok p=1
Q40:	|........ ........ ........ ........| ok p=1
Q41:	|........ ........ ........ ........| ok p=1
Q42:	|........ ........ ........ ........| ok p=1
Q43:	|........ ........ ........ ........| ok p=1
Q44:	|........ ........ ........ ........| ok p=1
Q45:	|........ ........ ........ ........| ok p=1
Q46:	|0....... ........ ........ ........| ok p=1
Q47:	|1....... ........ ........ ........| ok p=0.519531
Q48:	|-....... ........ ........ ........| ok p=1
Q49:	|-....... ........ ........ ........| ok p=1
Q50:	|+....... ........ ........ ........| ok p=1
Q51:	|-....... ........ ........ ........| ok p=1
Q52:	|+....... ........ ........ ........| ok p=1
Q53:	|-....... ........ ........ ........| ok p=1
Q54:	|+....... ........ ........ ........| ok p=1
Q55:	|-....... ........ ........ ........| ok p=1
Q56:	|+....... ........ ........ ........| ok p=1
Q57:	|-....... ........ ........ ........| ok p=1
Q58:	|+....... ........ ........ ........| ok p=1
Q59:	|-....... ........ ........ ........| ok p=1
Q60:	|+....... ........ ........ ........| ok p=1
Q61:	|-....... 0....... ........ ........| ok p=1
Q62:	|+....... ........ ........ ........| ok p=1
Q63:	|-....... +....... ........ ........| ok p=1
Q64:	|+....... +....... ........ ........|
Best path: totcompl=-16 tottunnel=34, totcond=483, p=0.00267034
Best paths: 2
Q-3:	|+1111101 10111010 00111111 01111010|
Q-2:	|-0101101 10100111 00000001 10111001|
Q-1:	|+001010- +1111001 11110100 01110001|
Q0:	|-01111-+ +0110100 00001111 11101100| ok p=0.368164
Q1:	|0.....00 -..0.... ..00.... 0-..0.-+| ok p=1
Q2:	|0.....10 -..0.... ..0-.... -+..-.0-| ok p=1
Q3:	|.1!...+. ...+.... ..-+.1.. ++.1-.1-| ok p=1
Q4:	|.1.!..1. 1.!-1... ..++.1.. ++.0-..-| ok p=1
Q5:	|!-....1. ..1-01.. ..++.-.. .-.-+...| ok p=1
Q6:	|.-1...1. ..01-1.. ...+.-!. 0-.-0..0| ok p=1
Q7:	|!.1...+. ..+++-.. !11+.0.. .-.10..0| ok p=1
Q8:	|!1+...-. ..-1+-.. .1.0.+.. .-.+...-| ok p=1
Q9:	|.0+...-1 ..101.1. .-.011.. .-!-...1| ok p=1
Q10:	|!0-01011 0100-011 1-.-0-01 .-.-0..-| ok p=1
Q11:	|^011011- 0011-.-0 10^-0-11 .-.+1^.-| ok p=1
Q12:	|+++-++++ -+-++^-- +1-+-1-- ^-.-++..| ok p=1
Q13:	|10++11++ +---0-0- --1----- --!10010| ok p=1
Q14:	|000100.- 01.1110. 0101+0-. 0..0111.| ok p=1
Q15:	|0.-1.101 0010.0-0 10.001.0 00....-.| ok p=0.768555
Q16:	|..+....- ......-. ....-.^. ......0.| ok p=0.626953
Q17:	|+.1..... ......+. ...1.... ......+.| ok p=0.993164
Q18:	|+.0....^ ......-. ...1^... .0......| ok p=0.289062
Q19:	|0....... ......-. ...+.... .1....^.| ok p=0.47168
Q20:	|+....... ......1. ........ .-......| ok p=1
Q21:	|+....0.. ......0. ...^.... ........| ok p=1
Q22:	|-....1.. ........ ........ .^......| ok p=0.496094
Q23:	|0....+.. ........ ........ ........| ok p=1
Q24:	|1....... ........ .......0 ........| ok p=1
Q25:	|.....^.. ........ .......1 ........| ok p=0.499023
Q26:	|........ ........ .......- ........| ok p=0.991211
Q27:	|........ ........ ........ ........| ok p=1
Q28:	|........ ........ .......^ ........| ok p=1
Q29:	|........ ........ ........ ........| ok p=1
Q30:	|........ ........ ........ ........| ok p=1
Q31:	|........ ........ ........ ........| ok p=1
Q32:	|........ ........ ........ ........| ok p=1
Q33:	|........ ........ ........ ........| ok p=1
Q34:	|........ ........ ........ ........| ok p=1
Q35:	|........ ........ ........ ........| ok p=1
Q36:	|........ ........ ........ ........| ok p=1
Q37:	|........ ........ ........ ........| ok p=1
Q38:	|........ ........ ........ ........| ok p=1
Q39:	|........ ........ ........ ........| ok p=1
Q40:	|........ ........ ........ ........| ok p=1
Q41:	|........ ........ ........ ........| ok p=1
Q42:	|........ ........ ........ ........| ok p=1
Q43:	|........ ........ ........ ........| ok p=1
Q44:	|........ ........ ........ ........| ok p=1
Q45:	|........ ........ ........ ........| ok p=1
Q46:	|0....... ........ ........ ........| ok p=1
Q47:	|1....... ........ ........ ........| ok p=0.49707
Q48:	|-....... ........ ........ ........| ok p=1
Q49:	|-....... ........ ........ ........| ok p=1
Q50:	|+....... ........ ........ ........| ok p=1
Q51:	|-....... ........ ........ ........| ok p=1
Q52:	|+....... ........ ........ ........| ok p=1
Q53:	|-....... ........ ........ ........| ok p=1
Q54:	|+....... ........ ........ ........| ok p=1
Q55:	|-....... ........ ........ ........| ok p=1
Q56:	|+....... ........ ........ ........| ok p=1
Q57:	|-....... ........ ........ ........| ok p=1
Q58:	|+....... ........ ........ ........| ok p=1
Q59:	|-....... ........ ........ ........| ok p=1
Q60:	|+....... ........ ........ ........| ok p=1
Q61:	|-....... 0....... ........ ........| ok p=1
Q62:	|+....... ........ ........ ........| ok p=1
Q63:	|-....... +....... ........ ........| ok p=1
Q64:	|+....... +....... ........ ........|
Best path: totcompl=-14 tottunnel=36, totcond=480, p=0.00236771
Q-3:	|+1111101 10111010 00111111 01111010|
Q-2:	|-0101101 10100111 00000001 10111001|
Q-1:	|+001010- +1111001 11110100 01110001|
Q0:	|-01111-+ +0110100 00001111 11101100| ok p=0.386719
Q1:	|0.....00 -..0.... ..00.... 0-..0.-+| ok p=1
Q2:	|00....10 -..0.... ..0-.... -+..-.0-| ok p=1
Q3:	|.1....+. ...+.... ..-+.1.. ++.1-.1-| ok p=1
Q4:	|!1....1. 1.!-1... ..++.1.. ++.0-..-| ok p=1
Q5:	|!-....1. ..1-01.. ..++.-.. .-.-+...| ok p=1
Q6:	|0-1...1. ..01-1.. ...+.-!. 0-.-0..0| ok p=1
Q7:	|1.1...+. ..+++-.! .11+.0.. .-.10..0| ok p=1
Q8:	|01+...-. ..-1+-.. .1.0.+.. .-.+...-| ok p=1
Q9:	|1.+...-1 ..101.1. .-.011.. .-!-...1| ok p=1
Q10:	|0.-0.101 0100-011 .-.-0-10 .-.-0..-| ok p=1
Q11:	|0^11^00- 0011-.-0 00^-0-11 .-.+1^.-| ok p=1
Q12:	|+++-++++ -+-++^-- 11-+-1-- ^-.-++.0| ok p=1
Q13:	|10++1+-+ +---0--+ --1----- --.10010| ok p=1
Q14:	|00010.0- 01.11100 0010+0-. 0..0111.| ok p=1
Q15:	|01-1.001 0010.0-1 00.001.0 00....-.| ok p=0.762695
Q16:	|..+....- ......-. ....-.^. ......0.| ok p=0.619141
Q17:	|-.1..... ......+. ...0.... ......+.| ok p=0.998047
Q18:	|-.0....^ ......-. ...1^... .0......| ok p=0.47168
Q19:	|0....... ......-. ...+.... .1....^.| ok p=0.478516
Q20:	|-....... ......1. ........ .-......| ok p=1
Q21:	|+....0.. ......0. ...^.... ........| ok p=1
Q22:	|-....1.. ........ ........ .^......| ok p=0.520508
Q23:	|0....+.. ........ ........ ........| ok p=1
Q24:	|1....... ........ .......0 ........| ok p=1
Q25:	|.....^.. ........ .......1 ........| ok p=0.508789
Q26:	|........ ........ .......- ........| ok p=0.980469
Q27:	|........ ........ ........ ........| ok p=1
Q28:	|........ ........ .......^ ........| ok p=1
Q29:	|........ ........ ........ ........| ok p=1
Q30:	|........ ........ ........ ........| ok p=1
Q31:	|........ ........ ........ ........| ok p=1
Q32:	|........ ........ ........ ........| ok p=1
Q33:	|........ ........ ........ ........| ok p=1
Q34:	|........ ........ ........ ........| ok p=1
Q35:	|........ ........ ........ ........| ok p=1
Q36:	|........ ........ ........ ........| ok p=1
Q37:	|........ ........ ........ ........| ok p=1
Q38:	|........ ........ ........ ........| ok p=1
Q39:	|........ ........ ........ ........| ok p=1
Q40:	|........ ........ ........ ........| ok p=1
Q41:	|........ ........ ........ ........| ok p=1
Q42:	|........ ........ ........ ........| ok p=1
Q43:	|........ ........ ........ ........| ok p=1
Q44:	|........ ........ ........ ........| ok p=1
Q45:	|........ ........ ........ ........| ok p=1
Q46:	|0....... ........ ........ ........| ok p=1
Q47:	|1....... ........ ........ ........| ok p=0.521484
Q48:	|-....... ........ ........ ........| ok p=1
Q49:	|+....... ........ ........ ........| ok p=1
Q50:	|+....... ........ ........ ........| ok p=1
Q51:	|+....... ........ ........ ........| ok p=1
Q52:	|+....... ........ ........ ........| ok p=1
Q53:	|+....... ........ ........ ........| ok p=1
Q54:	|+....... ........ ........ ........| ok p=1
Q55:	|+....... ........ ........ ........| ok p=1
Q56:	|+....... ........ ........ ........| ok p=1
Q57:	|+....... ........ ........ ........| ok p=1
Q58:	|+....... ........ ........ ........| ok p=1
Q59:	|+....... ........ ........ ........| ok p=1
Q60:	|+....... ........ ........ ........| ok p=1
Q61:	|+....... 0....... ........ ........| ok p=1
Q62:	|+....... ........ ........ ........| ok p=0.995117
Q63:	|+....... +....... ........ ........| ok p=1
Q64:	|+....... +....... ........ ........|
Best path: totcompl=-13 tottunnel=37, totcond=480, p=0.00396134
Q-3:	|+1111101 10111010 00111111 01111010|
Q-2:	|-0101101 10100111 00000001 10111001|
Q-1:	|+001010- +1111001 11110100 01110001|
Q0:	|-01111-+ +0110100 00001111 11101100| ok p=0.364258
Q1:	|0.....00 -..0.... ..00.... 0-..0.-+| ok p=1
Q2:	|0.....10 -..0.... ..0-.... -+..-.0-| ok p=1
Q3:	|.1!...+. ...+.... ..-+.1.. ++.1-.1-| ok p=1
Q4:	|.1.!..1. 1.!-1... ..++.1.. ++.0-..-| ok p=1
Q5:	|!-....1. ..1-01.. ..++.-.. .-.-+...| ok p=1
Q6:	|.-1...1. ..01-1.. ...+!-.. 0-.-0..0| ok p=1
Q7:	|!01...+. ..+++-.. !11+.0.. .-.10..0| ok p=1
Q8:	|.1+...-. ..-1+-.. .1.0.+.. .-.+...-| ok p=1
Q9:	|1.+!..-1 ..101.1. .-.011.. .-!-...1| ok p=1
Q10:	|0.-0.101 0100-011 .-.-0-10 .-.-0..-| ok p=1
Q11:	|0^11^00- 00.1-.-0 10^-0-11 .-.+1^.-| ok p=1
Q12:	|+++-++++ -+^-+^-- 01-+-1-- ^-.-++..| ok p=1
Q13:	|10++1+-+ +---1-0- --1----- --!10010| ok p=1
Q14:	|00010.0- 011.110. 0010+0-. 0..0111.| ok p=1
Q15:	|0.-11001 0010.0-1 000001.0 00....-.| ok p=0.768555
Q16:	|..+....- ......-. ....-.^. ......0.| ok p=0.586914
Q17:	|-.1..... ......+. ...0.... ......+.| ok p=0.99707
Q18:	|-.0....^ ......-. ...1^... .0......| ok p=0.466797
Q19:	|0....... ......-. ...+.... .1....^.| ok p=0.429688
Q20:	|-....... ......1. ........ .-......| ok p=1
Q21:	|+....0.. ......0. ...^.... ........| ok p=1
Q22:	|-....1.. ........ ........ .^......| ok p=0.484375
Q23:	|0....+.. ........ ........ ........| ok p=1
Q24:	|1....... ........ .......0 ........| ok p=1
Q25:	|.....^.. ........ .......1 ........| ok p=0.527344
Q26:	|........ ........ .......- ........| ok p=0.980469
Q27:	|........ ........ ........ ........| ok p=1
Q28:	|........ ........ .......^ ........| ok p=1
Q29:	|........ ........ ........ ........| ok p=1
Q30:	|........ ........ ........ ........| ok p=1
Q31:	|........ ........ ........ ........| ok p=1
Q32:	|........ ........ ........ ........| ok p=1
Q33:	|........ ........ ........ ........| ok p=1
Q34:	|........ ........ ........ ........| ok p=1
Q35:	|........ ........ ........ ........| ok p=1
Q36:	|........ ........ ........ ........| ok p=1
Q37:	|........ ........ ........ ........| ok p=1
Q38:	|........ ........ ........ ........| ok p=1
Q39:	|........ ........ ........ ........| ok p=1
Q40:	|........ ........ ........ ........| ok p=1
Q41:	|........ ........ ........ ........| ok p=1
Q42:	|........ ........ ........ ........| ok p=1
Q43:	|........ ........ ........ ........| ok p=1
Q44:	|........ ........ ........ ........| ok p=1
Q45:	|........ ........ ........ ........| ok p=1
Q46:	|0....... ........ ........ ........| ok p=1
Q47:	|1....... ........ ........ ........| ok p=0.492188
Q48:	|-....... ........ ........ ........| ok p=1
Q49:	|+....... ........ ........ ........| ok p=1
Q50:	|+....... ........ ........ ........| ok p=1
Q51:	|+....... ........ ........ ........| ok p=1
Q52:	|+....... ........ ........ ........| ok p=1
Q53:	|+....... ........ ........ ........| ok p=1
Q54:	|+....... ........ ........ ........| ok p=1
Q55:	|+....... ........ ........ ........| ok p=1
Q56:	|+....... ........ ........ ........| ok p=1
Q57:	|+....... ........ ........ ........| ok p=1
Q58:	|+....... ........ ........ ........| ok p=1
Q59:	|+....... ........ ........ ........| ok p=1
Q60:	|+....... ........ ........ ........| ok p=1
Q61:	|+....... 0....... ........ ........| ok p=1
Q62:	|+....... ........ ........ ........| ok p=0.99707
Q63:	|+....... +....... ........ ........| ok p=1
Q64:	|+....... +....... ........ ........|
Best path: totcompl=-13 tottunnel=37, totcond=479, p=0.00401982
