MD5 differential path toolbox
Copyright (C) 2009 Marc Stevens
http://homepages.cwi.nl/~stevens/

delta_m[2] = [!8!]
In-block prefix words: 5
WARNING!: truncating by 2 bytes!

Parsed path:
Q-3:	|01100111 01000101 00100011 00000001|
Q-2:	|00010000 00110010 01010100 01110110|
Q-1:	|10011000 10111010 11011100 11111110|
Q0:	|11101111 11001101 10101011 10001001| ok p=1
Q1:	|10110101 01010111 10010010 00011011| ok p=1
Q2:	|01111001 00011001 10101110 10010000| ok p=1
Q3:	|111110+1 10001111 01110100 10110100| ok p=1
Q4:	|1101+--1 11101000 01111010 10001000| ok p=1
Q5:	|001010+0 11001011 11000000 11110110| ok p=0.995117
Q6:	|......+. ........ ........ +.......|
Saving data/path_prefix.bin...done.
Extend MD5 differential paths forward
Copyright (C) 2009 Marc Stevens
http://homepages.cwi.nl/~stevens/

delta_m[2] = [!8!]
Loading data/path_prefix.bin...done: 1.
Estimating maxcond for upper bound 640000 (=160000 * 4)...
t=6:  0%   10   20   30   40   50   60   70   80   90   100%
      |----|----|----|----|----|----|----|----|----|----|
e     ***************************************************
Found maxcond = 2176
t=6:  0%   10   20   30   40   50   60   70   80   90   100%
      |----|----|----|----|----|----|----|----|----|----|
      ***************************************************
Q-3:	|01100111 01000101 00100011 00000001|
Q-2:	|00010000 00110010 01010100 01110110|
Q-1:	|10011000 10111010 11011100 11111110|
Q0:	|11101111 11001101 10101011 10001001| ok p=1
Q1:	|10110101 01010111 10010010 00011011| ok p=1
Q2:	|01111001 00011001 10101110 10010000| ok p=1
Q3:	|111110+1 10001111 01110100 10110100| ok p=1
Q4:	|1101+--1 11101000 01111010 10001000| ok p=1
Q5:	|001010+0 11001011 11000000 11110110| ok p=0.995117
Q6:	|....11+. ........ ........ +.......| ok p=0.995117
Q7:	|......+. ........ .....+.. +.......|
Saving 17 paths...done.
Autobalance parameters: maxcond=2176
Verified: 0 bad out of 17
Estimating maxcond for upper bound 640000 (=160000 * 4)...
t=7:  0%   10   20   30   40   50   60   70   80   90   100%
      |----|----|----|----|----|----|----|----|----|----|
e     ***************************************************
Found maxcond = 2176
t=7:  0%   10   20   30   40   50   60   70   80   90   100%
      |----|----|----|----|----|----|----|----|----|----|
      ***************************************************
Q-3:	|01100111 01000101 00100011 00000001|
Q-2:	|00010000 00110010 01010100 01110110|
Q-1:	|10011000 10111010 11011100 11111110|
Q0:	|11101111 11001101 10101011 10001001| ok p=1
Q1:	|10110101 01010111 10010010 00011011| ok p=1
Q2:	|01111001 00011001 10101110 10010000| ok p=1
Q3:	|111110+1 10001111 01110100 10110100| ok p=1
Q4:	|1101+--1 11101000 01111010 10001000| ok p=1
Q5:	|001010+0 11001011 11000000 11110110| ok p=0.986328
Q6:	|....11+. ........ .....0.. +.......| ok p=0.994141
Q7:	|......+. ........ .....+.. +.......| ok p=0.989258
Q8:	|......+. .......+ .....+.. +.......|
Saving 1119 paths...done.
Autobalance parameters: maxcond=2176
Verified: 0 bad out of 1119
Estimating maxcond for upper bound 640000 (=160000 * 4)...
t=8:  0%   10   20   30   40   50   60   70   80   90   100%
      |----|----|----|----|----|----|----|----|----|----|
e     ***************************************************
Found maxcond = 315
t=8:  0%   10   20   30   40   50   60   70   80   90   100%
      |----|----|----|----|----|----|----|----|----|----|
      ***************************************************
Q-3:	|01100111 01000101 00100011 00000001|
Q-2:	|00010000 00110010 01010100 01110110|
Q-1:	|10011000 10111010 11011100 11111110|
Q0:	|11101111 11001101 10101011 10001001| ok p=1
Q1:	|10110101 01010111 10010010 00011011| ok p=1
Q2:	|01111001 00011001 10101110 10010000| ok p=1
Q3:	|111110+1 10001111 01110100 10110100| ok p=1
Q4:	|1101+--1 11101000 01111010 10001000| ok p=1
Q5:	|001010+0 11001011 11000000 11110110| ok p=0.988281
Q6:	|....11+. .......V .....0.. +.......| ok p=0.979492
Q7:	|......+. ........ .....+.. +.......| ok p=0.981445
Q8:	|......+. .......+ .....+.. +.......| ok p=0.985352
Q9:	|......+. .....+.- .+...+.. +.....+.|
Saving 160000 paths...done.
Autobalance parameters: maxcond=313
Verified: 72 bad out of 267712
Estimating maxcond for upper bound 640000 (=160000 * 4)...
t=9:  0%   10   20   30   40   50   60   70   80   90   100%
      |----|----|----|----|----|----|----|----|----|----|
e     ***************************************************
Found maxcond = 320
t=9:  0%   10   20   30   40   50   60   70   80   90   100%
      |----|----|----|----|----|----|----|----|----|----|
      ***************************************************
Q-3:	|01100111 01000101 00100011 00000001|
Q-2:	|00010000 00110010 01010100 01110110|
Q-1:	|10011000 10111010 11011100 11111110|
Q0:	|11101111 11001101 10101011 10001001| ok p=1
Q1:	|10110101 01010111 10010010 00011011| ok p=1
Q2:	|01111001 00011001 10101110 10010000| ok p=1
Q3:	|111110+1 10001111 01110100 10110100| ok p=1
Q4:	|1101+--1 11101000 01111010 10001000| ok p=1
Q5:	|001010+0 11001011 11000000 11110110| ok p=0.993164
Q6:	|....10+. .......V .....0.. +.......| ok p=0.987305
Q7:	|......+. .......0 .V...-.. +.....V.| ok p=0.990234
Q8:	|......+. .......+ .....-.. +.......| ok p=0.988281
Q9:	|......+. .......- .+...-.. +.....+.| ok p=0.970703
Q10:	|......+. .-.+...- .+...-.+ .-....+.|
Saving 160000 paths...done.
Autobalance parameters: maxcond=318
Verified: 0 bad out of 281960
Estimating maxcond for upper bound 640000 (=160000 * 4)...
t=10: 0%   10   20   30   40   50   60   70   80   90   100%
      |----|----|----|----|----|----|----|----|----|----|
e     ***************************************************
Found maxcond = 330
t=10: 0%   10   20   30   40   50   60   70   80   90   100%
      |----|----|----|----|----|----|----|----|----|----|
      ***************************************************
Q-3:	|01100111 01000101 00100011 00000001|
Q-2:	|00010000 00110010 01010100 01110110|
Q-1:	|10011000 10111010 11011100 11111110|
Q0:	|11101111 11001101 10101011 10001001| ok p=1
Q1:	|10110101 01010111 10010010 00011011| ok p=1
Q2:	|01111001 00011001 10101110 10010000| ok p=1
Q3:	|111110+1 10001111 01110100 10110100| ok p=1
Q4:	|1101+--1 11101000 01111010 10001000| ok p=1
Q5:	|001010+0 11001011 11000000 11110110| ok p=0.991211
Q6:	|....10+. .......V .....0.. +.......| ok p=0.980469
Q7:	|......+. .......0 .V...-.. +.....V.| ok p=0.992188
Q8:	|......+. .V.V...+ .1...-.. +V....1.| ok p=0.959961
Q9:	|......+. .......- .+...-.. +.....+.| ok p=0.949219
Q10:	|......+. .-.+...- .+...-.. ++....+.| ok p=0.898438
Q11:	|...-.+.. .-.+...- .+...+.+ .-....+.|
Saving 160000 paths...done.
Autobalance parameters: maxcond=329
Verified: 0 bad out of 257549
Estimating maxcond for upper bound 640000 (=160000 * 4)...
t=11: 0%   10   20   30   40   50   60   70   80   90   100%
      |----|----|----|----|----|----|----|----|----|----|
e     ***************************************************
Found maxcond = 341
t=11: 0%   10   20   30   40   50   60   70   80   90   100%
      |----|----|----|----|----|----|----|----|----|----|
      ***************************************************
Q-3:	|01100111 01000101 00100011 00000001|
Q-2:	|00010000 00110010 01010100 01110110|
Q-1:	|10011000 10111010 11011100 11111110|
Q0:	|11101111 11001101 10101011 10001001| ok p=1
Q1:	|10110101 01010111 10010010 00011011| ok p=1
Q2:	|01111001 00011001 10101110 10010000| ok p=1
Q3:	|111110+1 10001111 01110100 10110100| ok p=1
Q4:	|1101+--1 11101000 01111010 10001000| ok p=1
Q5:	|001010+0 11001011 11000000 11110110| ok p=1
Q6:	|....10+. .......V .....1+- -......0| ok p=0.979492
Q7:	|......-. ........ .V...-0+ -......1| ok p=0.984375
Q8:	|......-. ..V....+ .1...-10 +......-| ok p=0.982422
Q9:	|...V..-. ..1....0 .+.V.-.0 1......0| ok p=0.999023
Q10:	|......-. ..-....1 .+...-.. 0......1| ok p=0.920898
Q11:	|...-.... ..-..... .+.-.+.. ........| ok p=0.880859
Q12:	|...+.... -.+....- .+.-.+.. .+.+..-.|
Saving 160000 paths...done.
Autobalance parameters: maxcond=340
Verified: 12 bad out of 188859
Runtime: 12.3242
