MD5 differential path toolbox
Copyright (C) 2009 Marc Stevens
http://homepages.cwi.nl/~stevens/

delta_m[2] = [!8!]
In-block prefix words: 0

Parsed path:
Q-3:	|+1111101 10111010 00111111 01111010|
Q-2:	|-0101101 10100111 00000001 10111001|
Q-1:	|+001010- +1111001 11110100 01110001|
Q0:	|-01111-+ +0110100 00001111 11101100| ok p=0.34082
Q1:	|........ -....... ........ .-.....-|
Saving data/path_2nc.bin...done.
Extend MD5 differential paths forward
Copyright (C) 2009 Marc Stevens
http://homepages.cwi.nl/~stevens/

delta_m[2] = [!8!]
Loading data/path_2nc.bin...done: 1.
Estimating maxcond for upper bound 640000 (=160000 * 4)...
t=1:  0%   10   20   30   40   50   60   70   80   90   100%
      |----|----|----|----|----|----|----|----|----|----|
e     ***************************************************
Found maxcond = 2176
t=1:  0%   10   20   30   40   50   60   70   80   90   100%
      |----|----|----|----|----|----|----|----|----|----|
      ***************************************************
Q-3:	|+1111101 10111010 00111111 01111010|
Q-2:	|-0101101 10100111 00000001 10111001|
Q-1:	|+001010- +1111001 11110100 01110001|
Q0:	|-01111-+ +0110100 00001111 11101100| ok p=0.34375
Q1:	|0.....01 -....... ........ .-.....-| ok p=0.996094
Q2:	|........ -....... ...+.... ..-.-..-|
Saving 28 paths...done.
Autobalance parameters: maxcond=2176
Verified: 0 bad out of 28
Estimating maxcond for upper bound 640000 (=160000 * 4)...
t=2:  0%   10   20   30   40   50   60   70   80   90   100%
      |----|----|----|----|----|----|----|----|----|----|
e     ***************************************************
Found maxcond = 2176
t=2:  0%   10   20   30   40   50   60   70   80   90   100%
      |----|----|----|----|----|----|----|----|----|----|
      ***************************************************
Q-3:	|+1111101 10111010 00111111 01111010|
Q-2:	|-0101101 10100111 00000001 10111001|
Q-1:	|+001010- +1111001 11110100 01110001|
Q0:	|-01111-+ +0110100 00001111 11101100| ok p=0.333008
Q1:	|1.....11 -....... ...0.... .-..1..-| ok p=0.994141
Q2:	|1.....11 -....... ...+.... .-..-..-| ok p=0.504883
Q3:	|......+. -......- ...+...- .-..-..-|
Saving 64416 paths...done.
Autobalance parameters: maxcond=2176
Verified: 14784 bad out of 79200
Estimating maxcond for upper bound 640000 (=160000 * 4)...
t=3:  0%   10   20   30   40   50   60   70   80   90   100%
      |----|----|----|----|----|----|----|----|----|----|
e     **************************************************Found maxcond = 160
t=3:  0%   10   20   30   40   50   60   70   80   90   100%
      |----|----|----|----|----|----|----|----|----|----|
      **************************************************Q-3:	|+1111101 10111010 00111111 01111010|
Q-2:	|-0101101 10100111 00000001 10111001|
Q-1:	|+001010- +1111001 11110100 01110001|
Q0:	|-01111-+ +0110100 00001111 11101100| ok p=0.293945
Q1:	|0.....0- +.....V. ...0.... .-..1..-| ok p=0.996094
Q2:	|0.....1- +....... ...+.... .-..+..-| ok p=0.991211
Q3:	|.......+ +.....-. ...+.... .-..+..-| ok p=0.484375
Q4:	|...-..+. -.-...-. .-.+.... .-.+.-.-|
Saving 160000 paths...done.
Autobalance parameters: maxcond=159
Verified: 1061 bad out of 237250
Estimating maxcond for upper bound 640000 (=160000 * 4)...
t=4:  0%   10   20   30   40   50   60   70   80   90   100%
      |----|----|----|----|----|----|----|----|----|----|
e     ***************************************************
Found maxcond = 172
t=4:  0%   10   20   30   40   50   60   70   80   90   100%
      |----|----|----|----|----|----|----|----|----|----|
      ***************************************************
Q-3:	|+1111101 10111010 00111111 01111010|
Q-2:	|-0101101 10100111 00000001 10111001|
Q-1:	|+001010- +1111001 11110100 01110001|
Q0:	|-01111-+ +0110100 00001111 11101100| ok p=0.322266
Q1:	|1.....0- +......1 ..10.... .-..1..-| ok p=0.993164
Q2:	|1..V..1- +.V....0 ..0+.... .-..+..-| ok p=0.355469
Q3:	|.......+ +......- ..+-.... .-..+..-| ok p=0.477539
Q4:	|...-...+ +.-....- ..--.... .......-| ok p=0.995117
Q5:	|...-...+ ..-...-. +..+.+.- .......-|
Saving 160000 paths...done.
Autobalance parameters: maxcond=171
Verified: 1566 bad out of 243374
Estimating maxcond for upper bound 640000 (=160000 * 4)...
t=5:  0%   10   20   30   40   50   60   70   80   90   100%
      |----|----|----|----|----|----|----|----|----|----|
e     ***************************************************
Found maxcond = 185
t=5:  0%   10   20   30   40   50   60   70   80   90   100%
      |----|----|----|----|----|----|----|----|----|----|
      ***************************************************
Q-3:	|+1111101 10111010 00111111 01111010|
Q-2:	|-0101101 10100111 00000001 10111001|
Q-1:	|+001010- +1111001 11110100 01110001|
Q0:	|-01111-+ +0110100 00001111 11101100| ok p=0.317383
Q1:	|1.....00 -....... ..10.... 0-..1.-+| ok p=1
Q2:	|0.....10 -.V..... ..0-.... -+..-.0-| ok p=0.992188
Q3:	|V.....+. ..1..... ..-+.V.. ++..-.1-| ok p=0.511719
Q4:	|......+. 0.-..... ..++.... ++.....-| ok p=0.484375
Q5:	|+.....+. ..-..... ..++.-.. .-..1..-| ok p=0.987305
Q6:	|+.....+. ..-.+... -..+.-.. ..-.-..-|
Saving 160000 paths...done.
Autobalance parameters: maxcond=184
Verified: 2931 bad out of 220344
Estimating maxcond for upper bound 640000 (=160000 * 4)...
t=6:  0%   10   20   30   40   50   60   70   80   90   100%
      |----|----|----|----|----|----|----|----|----|----|
e     ***************************************************
Found maxcond = 197
t=6:  0%   10   20   30   40   50   60   70   80   90   100%
      |----|----|----|----|----|----|----|----|----|----|
      ***************************************************
Q-3:	|+1111101 10111010 00111111 01111010|
Q-2:	|-0101101 10100111 00000001 10111001|
Q-1:	|+001010- +1111001 11110100 01110001|
Q0:	|-01111-+ +0110100 00001111 11101100| ok p=0.376953
Q1:	|0.....00 -..V.... ..V0.... 0-..0.-+| ok p=1
Q2:	|0.....10 -..0.... ..0-.... -+..-.0-| ok p=0.989258
Q3:	|.1....+. ...+.... ..-+.V.. ++..-.1-| ok p=0.493164
Q4:	|.0....1. 1..-V..V ..++.... ++.V-..-| ok p=0.737305
Q5:	|.-....0. ...-.... ..++.-.. .-..-...| ok p=0.710938
Q6:	|.-...... ....-..- ...+.0.. 1-.+...1| ok p=0.573242
Q7:	|.......+ .+.+.+.. +..+.+.. .-.+....|
Saving 160000 paths...done.
Autobalance parameters: maxcond=196
Verified: 0 bad out of 174623
Estimating maxcond for upper bound 640000 (=160000 * 4)...
t=7:  0%   10   20   30   40   50   60   70   80   90   100%
      |----|----|----|----|----|----|----|----|----|----|
e     ***************************************************
Found maxcond = 211
t=7:  0%   10   20   30   40   50   60   70   80   90   100%
      |----|----|----|----|----|----|----|----|----|----|
      ***************************************************
Q-3:	|+1111101 10111010 00111111 01111010|
Q-2:	|-0101101 10100111 00000001 10111001|
Q-1:	|+001010- +1111001 11110100 01110001|
Q0:	|-01111-+ +0110100 00001111 11101100| ok p=0.367188
Q1:	|1.....00 -..V.... ..V0.... 0-..0.-+| ok p=1
Q2:	|0.....10 -..0.... ..0-.... -+..-.0-| ok p=0.984375
Q3:	|.V....+. ...+.... ..-+.V.. ++.1-.1-| ok p=0.496094
Q4:	|.1....1. 1..-1... ..++.1.. ++.0-..-| ok p=0.756836
Q5:	|.-....1V .V.-0.V. ..++.-.. .-.-+...| ok p=0.983398
Q6:	|.-...... ....-... ...+.-.. 1-.-0..1| ok p=0.735352
Q7:	|.......+ .+.1-.-. ..1+.... .-..1...| ok p=0.658203
Q8:	|..+..-.- ..-.+.-. ....+.+. .-.+...-|
Saving 160000 paths...done.
Autobalance parameters: maxcond=210
Verified: 0 bad out of 169073
Estimating maxcond for upper bound 640000 (=160000 * 4)...
t=8:  0%   10   20   30   40   50   60   70   80   90   100%
      |----|----|----|----|----|----|----|----|----|----|
e     ***************************************************
Found maxcond = 226
t=8:  0%   10   20   30   40   50   60   70   80   90   100%
      |----|----|----|----|----|----|----|----|----|----|
      ***************************************************
Q-3:	|+1111101 10111010 00111111 01111010|
Q-2:	|-0101101 10100111 00000001 10111001|
Q-1:	|+001010- +1111001 11110100 01110001|
Q0:	|-01111-+ +0110100 00001111 11101100| ok p=0.384766
Q1:	|0.....00 -..V.... ..V0.... 0-..0.-+| ok p=1
Q2:	|0.....10 -..0.... ..0-.... -+..-.0-| ok p=0.981445
Q3:	|.V....+. ...+.... ..-+.V.. ++.1-.1-| ok p=0.489258
Q4:	|.1....1. 1..-V... ..++.1.. ++.0-..-| ok p=0.737305
Q5:	|.-....1. ..1-.V.. ..++.-.. .-.-+...| ok p=0.991211
Q6:	|.-V...1. ..0-+1.. ...+.-.. 0-.-0..0| ok p=0.710938
Q7:	|......+. ..++0+.. ..1+.... .-.-0..0| ok p=0.888672
Q8:	|.1+...-. ..-11+.. .....1.. .-.....-| ok p=0.743164
Q9:	|..+...-. ......+. .-.-.+.. -.+.....|
Saving 160000 paths...done.
Autobalance parameters: maxcond=225
Verified: 384 bad out of 192938
Estimating maxcond for upper bound 640000 (=160000 * 4)...
t=9:  0%   10   20   30   40   50   60   70   80   90   100%
      |----|----|----|----|----|----|----|----|----|----|
e     ***************************************************
Found maxcond = 239
t=9:  0%   10   20   30   40   50   60   70   80   90   100%
      |----|----|----|----|----|----|----|----|----|----|
      ***************************************************
Q-3:	|+1111101 10111010 00111111 01111010|
Q-2:	|-0101101 10100111 00000001 10111001|
Q-1:	|+001010- +1111001 11110100 01110001|
Q0:	|-01111-+ +0110100 00001111 11101100| ok p=0.381836
Q1:	|1.....00 -..V.... ..V0.... 0-..0.-+| ok p=1
Q2:	|0.....10 -..0.... ..0-.... -+..-.0-| ok p=0.987305
Q3:	|.V....+. ...+.... ..-+.V.. ++.1-.1-| ok p=0.488281
Q4:	|.1....1. 1..-V... ..++.1.. ++.0-..-| ok p=0.735352
Q5:	|.-....1. ..0-.V.. ..++.-.. .-.-+...| ok p=0.983398
Q6:	|.-1...1. ..10-1.. ...+.-.. 0-.-0..0| ok p=0.725586
Q7:	|..0...+. ..++0+.. .V1+.0.. .-.-0..0| ok p=0.894531
Q8:	|.0+...-. ..-00+.. ...+.0.. .-.0...-| ok p=0.584961
Q9:	|..+...+. ..01.... .-...+.. ...-...0| ok p=0.665039
Q10:	|..-..+.. .-..-..- .-....+. ...-..+.|
Saving 160000 paths...done.
Autobalance parameters: maxcond=238
Verified: 192 bad out of 207572
Estimating maxcond for upper bound 640000 (=160000 * 4)...
t=10: 0%   10   20   30   40   50   60   70   80   90   100%
      |----|----|----|----|----|----|----|----|----|----|
e     ***************************************************
Found maxcond = 252
t=10: 0%   10   20   30   40   50   60   70   80   90   100%
      |----|----|----|----|----|----|----|----|----|----|
      ***************************************************
Q-3:	|+1111101 10111010 00111111 01111010|
Q-2:	|-0101101 10100111 00000001 10111001|
Q-1:	|+001010- +1111001 11110100 01110001|
Q0:	|-01111-+ +0110100 00001111 11101100| ok p=0.396484
Q1:	|1.....00 -..V.... ..V0.... 0-..0.-+| ok p=1
Q2:	|0.....10 -..0.... ..0-.... -+..-.0-| ok p=0.985352
Q3:	|.V....+. ...+.... ..-+.V.. ++.1-.1-| ok p=0.480469
Q4:	|.1....1. 1..-V... ..++.1.. ++.0-..-| ok p=0.74707
Q5:	|.-....1. ..V-0.V. ..++.-.. .-.-+...| ok p=0.977539
Q6:	|.-V...1. ...1-.1. ...+.-.. 0-.-0..1| ok p=0.734375
Q7:	|..1...+. ..+++.-. .V1+.1.. .-.-0..0| ok p=0.892578
Q8:	|.0+...-. .V0--.-. .1.+.-.. .-.....-| ok p=0.475586
Q9:	|..+...-. ..010.+. .-...0.. ...0...0| ok p=0.666016
Q10:	|........ .-.1-.1. .-.1.-.. .1.....+| ok p=0.773438
Q11:	|..+....- ..+.-.-. .....-.. +..-...+|
Saving 160000 paths...done.
Autobalance parameters: maxcond=251
Verified: 32 bad out of 226088
Estimating maxcond for upper bound 640000 (=160000 * 4)...
t=11: 0%   10   20   30   40   50   60   70   80   90   100%
      |----|----|----|----|----|----|----|----|----|----|
e     ***************************************************
Found maxcond = 264
t=11: 0%   10   20   30   40   50   60   70   80   90   100%
      |----|----|----|----|----|----|----|----|----|----|
      ***************************************************
Q-3:	|+1111101 10111010 00111111 01111010|
Q-2:	|-0101101 10100111 00000001 10111001|
Q-1:	|+001010- +1111001 11110100 01110001|
Q0:	|-01111-+ +0110100 00001111 11101100| ok p=0.393555
Q1:	|0.....00 -..V.... ..V0.... 0-..0.-+| ok p=1
Q2:	|0.....10 -..0.... ..0-.... -+..-.0-| ok p=0.987305
Q3:	|.V....+. ...+.... ..-+.V.. ++.1-.1-| ok p=0.493164
Q4:	|.1....1. 1..-1... ..++.1.. ++.0-..-| ok p=0.759766
Q5:	|.-....1. ..1-0V.. ..++.-.. .-.-+...| ok p=0.990234
Q6:	|.-V...1. ..01-1.. ...+.-.. 0-.-0..0| ok p=0.724609
Q7:	|..1...+. ..+++-.. .V1+.0.. .-.10..0| ok p=0.876953
Q8:	|.1+...-. ..-1+-.. .1...+.. .-.+...-| ok p=0.485352
Q9:	|..+...-V ..101... .-.0.1.. .-.-...0| ok p=0.571289
Q10:	|..-..... ..1.-0.. .-...-.. .-.-...-| ok p=0.756836
Q11:	|..0...1- ....-... .....-.. ...+...-| ok p=0.654297
Q12:	|..-...-. +...+... -..-.+.+ ........|
Saving 160000 paths...done.
Autobalance parameters: maxcond=263
Verified: 0 bad out of 261926
Runtime: 21.0931
