Extend MD5 differential paths backward
Copyright (C) 2009 Marc Stevens
http://homepages.cwi.nl/~stevens/

delta_m[11] = [!-28!]
Loading workdir0/upperpath.bin.gz...done: 1.
Estimating maxcond for upper bound 262144 (=65536 * 4)...
t=34: 0%   10   20   30   40   50   60   70   80   90   100%
      |----|----|----|----|----|----|----|----|----|----|
e     ***************************************************
Found maxcond = 2176
t=34: 0%   10   20   30   40   50   60   70   80   90   100%
      |----|----|----|----|----|----|----|----|----|----|
      ***************************************************
Q31:	|...+.... ........ ........ ........|
Q32:	|........ ........ ........ ........|
Q33:	|........ ........ ........ ........|
Q34:	|........ ........ ........ ........| ok p=1
Q35:	|........ ........ ........ ........| ok p=1
Q36:	|........ ........ ........ ........| ok p=1
Q37:	|........ ........ ........ ........| ok p=1
Q38:	|........ ........ ........ ........| ok p=1
Q39:	|........ ........ ........ ........| ok p=1
Q40:	|........ ........ ........ ........| ok p=1
Q41:	|........ ........ ........ ........| ok p=1
Q42:	|........ ........ ........ ........| ok p=1
Q43:	|........ ........ ........ ........| ok p=1
Q44:	|........ ........ ........ ........| ok p=1
Q45:	|........ ........ ........ ........| ok p=1
Q46:	|........ ........ ........ ........| ok p=1
Q47:	|........ ........ ........ ........| ok p=1
Q48:	|........ ........ ........ ........| ok p=1
Q49:	|........ ........ ........ ........| ok p=1
Q50:	|........ ........ ........ ........| ok p=1
Q51:	|........ ........ ........ ........| ok p=1
Q52:	|........ ........ ........ ........| ok p=1
Q53:	|........ ........ ........ ........| ok p=1
Q54:	|........ ........ ........ ........| ok p=1
Q55:	|........ ........ ........ ........| ok p=1
Q56:	|........ ........ ........ ........| ok p=1
Q57:	|........ ........ ........ ........| ok p=1
Q58:	|........ ........ ........ ........| ok p=1
Q59:	|........ ........ ........ ........| ok p=1
Q60:	|........ ........ ........ .0......| ok p=1
Q61:	|........ ........ ........ .0......| ok p=0.919922
Q62:	|........ ........ ........ .-......| ok p=1
Q63:	|........ ........ ........ .-......| ok p=0.96875
Q64:	|....+... ........ ........ .-......|
Saving 1 paths...done.
Autobalance parameters: maxcond=2176
Verified: 0 bad out of 1
Estimating maxcond for upper bound 262144 (=65536 * 4)...
t=33: 0%   10   20   30   40   50   60   70   80   90   100%
      |----|----|----|----|----|----|----|----|----|----|
e     ***************************************************
Found maxcond = 2176
t=33: 0%   10   20   30   40   50   60   70   80   90   100%
      |----|----|----|----|----|----|----|----|----|----|
      ***************************************************
Q30:	|...-.... ........ ........ ........|
Q31:	|...+.... ........ ........ ........|
Q32:	|........ ........ ........ ........|
Q33:	|...^.... ........ ........ ........| ok p=1
Q34:	|........ ........ ........ ........| ok p=1
Q35:	|........ ........ ........ ........| ok p=1
Q36:	|........ ........ ........ ........| ok p=1
Q37:	|........ ........ ........ ........| ok p=1
Q38:	|........ ........ ........ ........| ok p=1
Q39:	|........ ........ ........ ........| ok p=1
Q40:	|........ ........ ........ ........| ok p=1
Q41:	|........ ........ ........ ........| ok p=1
Q42:	|........ ........ ........ ........| ok p=1
Q43:	|........ ........ ........ ........| ok p=1
Q44:	|........ ........ ........ ........| ok p=1
Q45:	|........ ........ ........ ........| ok p=1
Q46:	|........ ........ ........ ........| ok p=1
Q47:	|........ ........ ........ ........| ok p=1
Q48:	|........ ........ ........ ........| ok p=1
Q49:	|........ ........ ........ ........| ok p=1
Q50:	|........ ........ ........ ........| ok p=1
Q51:	|........ ........ ........ ........| ok p=1
Q52:	|........ ........ ........ ........| ok p=1
Q53:	|........ ........ ........ ........| ok p=1
Q54:	|........ ........ ........ ........| ok p=1
Q55:	|........ ........ ........ ........| ok p=1
Q56:	|........ ........ ........ ........| ok p=1
Q57:	|........ ........ ........ ........| ok p=1
Q58:	|........ ........ ........ ........| ok p=1
Q59:	|........ ........ ........ ........| ok p=1
Q60:	|........ ........ ........ .0......| ok p=1
Q61:	|........ ........ ........ .0......| ok p=0.938477
Q62:	|........ ........ ........ .-......| ok p=1
Q63:	|........ ........ ........ .-......| ok p=0.96875
Q64:	|....+... ........ ........ .-......|
Saving 46 paths...done.
Autobalance parameters: maxcond=2176
Verified: 0 bad out of 46
Estimating maxcond for upper bound 262144 (=65536 * 4)...
t=32: 0%   10   20   30   40   50   60   70   80   90   100%
      |----|----|----|----|----|----|----|----|----|----|
e     ***************************************************
Found maxcond = 2176
t=32: 0%   10   20   30   40   50   60   70   80   90   100%
      |----|----|----|----|----|----|----|----|----|----|
      ***************************************************
Q29:	|........ ........ ........ ........|
Q30:	|...-.... ........ ........ ........|
Q31:	|...+.... ........ ........ ........|
Q32:	|........ ........ ........ ........| ok p=1
Q33:	|...^.... ........ ........ ........| ok p=1
Q34:	|........ ........ ........ ........| ok p=1
Q35:	|........ ........ ........ ........| ok p=1
Q36:	|........ ........ ........ ........| ok p=1
Q37:	|........ ........ ........ ........| ok p=1
Q38:	|........ ........ ........ ........| ok p=1
Q39:	|........ ........ ........ ........| ok p=1
Q40:	|........ ........ ........ ........| ok p=1
Q41:	|........ ........ ........ ........| ok p=1
Q42:	|........ ........ ........ ........| ok p=1
Q43:	|........ ........ ........ ........| ok p=1
Q44:	|........ ........ ........ ........| ok p=1
Q45:	|........ ........ ........ ........| ok p=1
Q46:	|........ ........ ........ ........| ok p=1
Q47:	|........ ........ ........ ........| ok p=1
Q48:	|........ ........ ........ ........| ok p=1
Q49:	|........ ........ ........ ........| ok p=1
Q50:	|........ ........ ........ ........| ok p=1
Q51:	|........ ........ ........ ........| ok p=1
Q52:	|........ ........ ........ ........| ok p=1
Q53:	|........ ........ ........ ........| ok p=1
Q54:	|........ ........ ........ ........| ok p=1
Q55:	|........ ........ ........ ........| ok p=1
Q56:	|........ ........ ........ ........| ok p=1
Q57:	|........ ........ ........ ........| ok p=1
Q58:	|........ ........ ........ ........| ok p=1
Q59:	|........ ........ ........ ........| ok p=1
Q60:	|........ ........ ........ .0......| ok p=1
Q61:	|........ ........ ........ .0......| ok p=0.9375
Q62:	|........ ........ ........ .-......| ok p=1
Q63:	|........ ........ ........ .-......| ok p=0.962891
Q64:	|....+... ........ ........ .-......|
Saving 806 paths...done.
Autobalance parameters: maxcond=2176
Verified: 0 bad out of 806
Estimating maxcond for upper bound 262144 (=65536 * 4)...
t=31: 0%   10   20   30   40   50   60   70   80   90   100%
      |----|----|----|----|----|----|----|----|----|----|
e     ***************************************************
Found maxcond = 2176
t=31: 0%   10   20   30   40   50   60   70   80   90   100%
      |----|----|----|----|----|----|----|----|----|----|
      ***************************************************
Q28:	|...-.... ........ .......- ........|
Q29:	|........ ........ ........ ........|
Q30:	|...+.... ........ ........ ........|
Q31:	|...+.... ........ ........ ........| ok p=0.926758
Q32:	|........ ........ ........ ........| ok p=1
Q33:	|...!.... ........ ........ ........| ok p=1
Q34:	|........ ........ ........ ........| ok p=1
Q35:	|........ ........ ........ ........| ok p=1
Q36:	|........ ........ ........ ........| ok p=1
Q37:	|........ ........ ........ ........| ok p=1
Q38:	|........ ........ ........ ........| ok p=1
Q39:	|........ ........ ........ ........| ok p=1
Q40:	|........ ........ ........ ........| ok p=1
Q41:	|........ ........ ........ ........| ok p=1
Q42:	|........ ........ ........ ........| ok p=1
Q43:	|........ ........ ........ ........| ok p=1
Q44:	|........ ........ ........ ........| ok p=1
Q45:	|........ ........ ........ ........| ok p=1
Q46:	|........ ........ ........ ........| ok p=1
Q47:	|........ ........ ........ ........| ok p=1
Q48:	|........ ........ ........ ........| ok p=1
Q49:	|........ ........ ........ ........| ok p=1
Q50:	|........ ........ ........ ........| ok p=1
Q51:	|........ ........ ........ ........| ok p=1
Q52:	|........ ........ ........ ........| ok p=1
Q53:	|........ ........ ........ ........| ok p=1
Q54:	|........ ........ ........ ........| ok p=1
Q55:	|........ ........ ........ ........| ok p=1
Q56:	|........ ........ ........ ........| ok p=1
Q57:	|........ ........ ........ ........| ok p=1
Q58:	|........ ........ ........ ........| ok p=1
Q59:	|........ ........ ........ ........| ok p=1
Q60:	|........ ........ ........ .0......| ok p=1
Q61:	|........ ........ ........ .0......| ok p=0.943359
Q62:	|........ ........ ........ .-......| ok p=1
Q63:	|........ ........ ........ .-......| ok p=0.969727
Q64:	|....+... ........ ........ .-......|
Saving 24087 paths...done.
Autobalance parameters: maxcond=2176
Verified: 0 bad out of 24087
Estimating maxcond for upper bound 262144 (=65536 * 4)...
t=30: 0%   10   20   30   40   50   60   70   80   90   100%
      |----|----|----|----|----|----|----|----|----|----|
e     **************************************************Found maxcond = 21
t=30: 0%   10   20   30   40   50   60   70   80   90   100%
      |----|----|----|----|----|----|----|----|----|----|
      **************************************************Q27:	|........ ........ +....... ........|
Q28:	|...+.... ........ .......- ........|
Q29:	|...0.... ........ ........ ........|
Q30:	|...-.... ........ .......^ ........| ok p=0.866211
Q31:	|...+.... ........ ........ ........| ok p=0.926758
Q32:	|........ ........ ........ ........| ok p=1
Q33:	|...^.... ........ ........ ........| ok p=1
Q34:	|........ ........ ........ ........| ok p=1
Q35:	|........ ........ ........ ........| ok p=1
Q36:	|........ ........ ........ ........| ok p=1
Q37:	|........ ........ ........ ........| ok p=1
Q38:	|........ ........ ........ ........| ok p=1
Q39:	|........ ........ ........ ........| ok p=1
Q40:	|........ ........ ........ ........| ok p=1
Q41:	|........ ........ ........ ........| ok p=1
Q42:	|........ ........ ........ ........| ok p=1
Q43:	|........ ........ ........ ........| ok p=1
Q44:	|........ ........ ........ ........| ok p=1
Q45:	|........ ........ ........ ........| ok p=1
Q46:	|........ ........ ........ ........| ok p=1
Q47:	|........ ........ ........ ........| ok p=1
Q48:	|........ ........ ........ ........| ok p=1
Q49:	|........ ........ ........ ........| ok p=1
Q50:	|........ ........ ........ ........| ok p=1
Q51:	|........ ........ ........ ........| ok p=1
Q52:	|........ ........ ........ ........| ok p=1
Q53:	|........ ........ ........ ........| ok p=1
Q54:	|........ ........ ........ ........| ok p=1
Q55:	|........ ........ ........ ........| ok p=1
Q56:	|........ ........ ........ ........| ok p=1
Q57:	|........ ........ ........ ........| ok p=1
Q58:	|........ ........ ........ ........| ok p=1
Q59:	|........ ........ ........ ........| ok p=1
Q60:	|........ ........ ........ .0......| ok p=1
Q61:	|........ ........ ........ .0......| ok p=0.938477
Q62:	|........ ........ ........ .-......| ok p=1
Q63:	|........ ........ ........ .-......| ok p=0.972656
Q64:	|....+... ........ ........ .-......|
Saving 65536 paths...done.
Autobalance parameters: maxcond=19
Verified: 1164 bad out of 123514
Runtime: 2.14167
Extend MD5 differential paths backward
Copyright (C) 2009 Marc Stevens
http://homepages.cwi.nl/~stevens/

delta_m[11] = [!-28!]
Loading workdir0/paths30_0of1...done: 65536 (work:65536).
Estimating maxcond for upper bound 400000 (=100000 * 4)...
t=29: 0%   10   20   30   40   50   60   70   80   90   100%
      |----|----|----|----|----|----|----|----|----|----|
e     ***************************************************
Found maxcond = 23
t=29: 0%   10   20   30   40   50   60   70   80   90   100%
      |----|----|----|----|----|----|----|----|----|----|
      ***************************************************
Q26:	|...+.... ....+... ........ ........|
Q27:	|...-.... ........ .......1 ........|
Q28:	|...-.... ........ .......- ........|
Q29:	|...1.... ........ ........ ........| ok p=0.935547
Q30:	|...+.... ........ .......^ ........| ok p=1
Q31:	|...+.... ........ ........ ........| ok p=0.945312
Q32:	|........ ........ ........ ........| ok p=1
Q33:	|...!.... ........ ........ ........| ok p=1
Q34:	|........ ........ ........ ........| ok p=1
Q35:	|........ ........ ........ ........| ok p=1
Q36:	|........ ........ ........ ........| ok p=1
Q37:	|........ ........ ........ ........| ok p=1
Q38:	|........ ........ ........ ........| ok p=1
Q39:	|........ ........ ........ ........| ok p=1
Q40:	|........ ........ ........ ........| ok p=1
Q41:	|........ ........ ........ ........| ok p=1
Q42:	|........ ........ ........ ........| ok p=1
Q43:	|........ ........ ........ ........| ok p=1
Q44:	|........ ........ ........ ........| ok p=1
Q45:	|........ ........ ........ ........| ok p=1
Q46:	|........ ........ ........ ........| ok p=1
Q47:	|........ ........ ........ ........| ok p=1
Q48:	|........ ........ ........ ........| ok p=1
Q49:	|........ ........ ........ ........| ok p=1
Q50:	|........ ........ ........ ........| ok p=1
Q51:	|........ ........ ........ ........| ok p=1
Q52:	|........ ........ ........ ........| ok p=1
Q53:	|........ ........ ........ ........| ok p=1
Q54:	|........ ........ ........ ........| ok p=1
Q55:	|........ ........ ........ ........| ok p=1
Q56:	|........ ........ ........ ........| ok p=1
Q57:	|........ ........ ........ ........| ok p=1
Q58:	|........ ........ ........ ........| ok p=1
Q59:	|........ ........ ........ ........| ok p=1
Q60:	|........ ........ ........ .0......| ok p=1
Q61:	|........ ........ ........ .0......| ok p=0.925781
Q62:	|........ ........ ........ .-......| ok p=1
Q63:	|........ ........ ........ .-......| ok p=0.969727
Q64:	|....+... ........ ........ .-......|
Saving 100000 paths...done.
Autobalance parameters: maxcond=21
Verified: 1592 bad out of 171964
Estimating maxcond for upper bound 400000 (=100000 * 4)...
t=28: 0%   10   20   30   40   50   60   70   80   90   100%
      |----|----|----|----|----|----|----|----|----|----|
e     ***************************************************
Found maxcond = 25
t=28: 0%   10   20   30   40   50   60   70   80   90   100%
      |----|----|----|----|----|----|----|----|----|----|
      ***************************************************
Q25:	|...+.... +....... ........ ....+...|
Q26:	|...+.... ....+... .......+ ........|
Q27:	|...-.... ........ .......0 ........|
Q28:	|...-.... ....^... .......- ........| ok p=0.936523
Q29:	|...1.... ........ ........ ........| ok p=0.93457
Q30:	|...+.... ........ .......^ ........| ok p=1
Q31:	|...+.... ........ ........ ........| ok p=0.9375
Q32:	|........ ........ ........ ........| ok p=1
Q33:	|...!.... ........ ........ ........| ok p=1
Q34:	|........ ........ ........ ........| ok p=1
Q35:	|........ ........ ........ ........| ok p=1
Q36:	|........ ........ ........ ........| ok p=1
Q37:	|........ ........ ........ ........| ok p=1
Q38:	|........ ........ ........ ........| ok p=1
Q39:	|........ ........ ........ ........| ok p=1
Q40:	|........ ........ ........ ........| ok p=1
Q41:	|........ ........ ........ ........| ok p=1
Q42:	|........ ........ ........ ........| ok p=1
Q43:	|........ ........ ........ ........| ok p=1
Q44:	|........ ........ ........ ........| ok p=1
Q45:	|........ ........ ........ ........| ok p=1
Q46:	|........ ........ ........ ........| ok p=1
Q47:	|........ ........ ........ ........| ok p=1
Q48:	|........ ........ ........ ........| ok p=1
Q49:	|........ ........ ........ ........| ok p=1
Q50:	|........ ........ ........ ........| ok p=1
Q51:	|........ ........ ........ ........| ok p=1
Q52:	|........ ........ ........ ........| ok p=1
Q53:	|........ ........ ........ ........| ok p=1
Q54:	|........ ........ ........ ........| ok p=1
Q55:	|........ ........ ........ ........| ok p=1
Q56:	|........ ........ ........ ........| ok p=1
Q57:	|........ ........ ........ ........| ok p=1
Q58:	|........ ........ ........ ........| ok p=1
Q59:	|........ ........ ........ ........| ok p=1
Q60:	|........ ........ ........ .0......| ok p=1
Q61:	|........ ........ ........ .0......| ok p=0.944336
Q62:	|........ ........ ........ .-......| ok p=1
Q63:	|........ ........ ........ .-......| ok p=0.966797
Q64:	|....+... ........ ........ .-......|
Saving 100000 paths...done.
Autobalance parameters: maxcond=23
Verified: 0 bad out of 168428
Estimating maxcond for upper bound 400000 (=100000 * 4)...
t=27: 0%   10   20   30   40   50   60   70   80   90   100%
      |----|----|----|----|----|----|----|----|----|----|
e     ***************************************************
Found maxcond = 28
t=27: 0%   10   20   30   40   50   60   70   80   90   100%
      |----|----|----|----|----|----|----|----|----|----|
      ***************************************************
Q24:	|........ ...-.... .......- ........|
Q25:	|........ +...1... ........ ....+...|
Q26:	|...0.... ....+... .......0 ........|
Q27:	|...1.... ^....... .......1 ....^...| ok p=0.941406
Q28:	|...-.... ....^... .......- ........| ok p=0.942383
Q29:	|...0.... ........ ........ ........| ok p=0.933594
Q30:	|...+.... ........ .......^ ........| ok p=1
Q31:	|...+.... ........ ........ ........| ok p=0.946289
Q32:	|........ ........ ........ ........| ok p=1
Q33:	|...!.... ........ ........ ........| ok p=1
Q34:	|........ ........ ........ ........| ok p=1
Q35:	|........ ........ ........ ........| ok p=1
Q36:	|........ ........ ........ ........| ok p=1
Q37:	|........ ........ ........ ........| ok p=1
Q38:	|........ ........ ........ ........| ok p=1
Q39:	|........ ........ ........ ........| ok p=1
Q40:	|........ ........ ........ ........| ok p=1
Q41:	|........ ........ ........ ........| ok p=1
Q42:	|........ ........ ........ ........| ok p=1
Q43:	|........ ........ ........ ........| ok p=1
Q44:	|........ ........ ........ ........| ok p=1
Q45:	|........ ........ ........ ........| ok p=1
Q46:	|........ ........ ........ ........| ok p=1
Q47:	|........ ........ ........ ........| ok p=1
Q48:	|........ ........ ........ ........| ok p=1
Q49:	|........ ........ ........ ........| ok p=1
Q50:	|........ ........ ........ ........| ok p=1
Q51:	|........ ........ ........ ........| ok p=1
Q52:	|........ ........ ........ ........| ok p=1
Q53:	|........ ........ ........ ........| ok p=1
Q54:	|........ ........ ........ ........| ok p=1
Q55:	|........ ........ ........ ........| ok p=1
Q56:	|........ ........ ........ ........| ok p=1
Q57:	|........ ........ ........ ........| ok p=1
Q58:	|........ ........ ........ ........| ok p=1
Q59:	|........ ........ ........ ........| ok p=1
Q60:	|........ ........ ........ .0......| ok p=1
Q61:	|........ ........ ........ .0......| ok p=0.935547
Q62:	|........ ........ ........ .-......| ok p=1
Q63:	|........ ........ ........ .-......| ok p=0.964844
Q64:	|....+... ........ ........ .-......|
Saving 100000 paths...done.
Autobalance parameters: maxcond=26
Verified: 0 bad out of 172945
Estimating maxcond for upper bound 400000 (=100000 * 4)...
t=26: 0%   10   20   30   40   50   60   70   80   90   100%
      |----|----|----|----|----|----|----|----|----|----|
e     ***************************************************
Found maxcond = 31
t=26: 0%   10   20   30   40   50   60   70   80   90   100%
      |----|----|----|----|----|----|----|----|----|----|
      ***************************************************
Q23:	|....-... ........ .......- ..-.....|
Q24:	|........ 1...-... .......- ....1...|
Q25:	|........ +...0... .......+ ....+...|
Q26:	|...0.... ....+... .......+ ........| ok p=0.964844
Q27:	|...1.... ^....... .......- ....^...| ok p=0.935547
Q28:	|...-.... ....^... .......- ........| ok p=0.93457
Q29:	|...0.... ........ .......1 ........| ok p=0.935547
Q30:	|...+.... ........ .......0 ........| ok p=1
Q31:	|...+.... ........ ........ ........| ok p=0.9375
Q32:	|........ ........ ........ ........| ok p=1
Q33:	|...!.... ........ ........ ........| ok p=1
Q34:	|........ ........ ........ ........| ok p=1
Q35:	|........ ........ ........ ........| ok p=1
Q36:	|........ ........ ........ ........| ok p=1
Q37:	|........ ........ ........ ........| ok p=1
Q38:	|........ ........ ........ ........| ok p=1
Q39:	|........ ........ ........ ........| ok p=1
Q40:	|........ ........ ........ ........| ok p=1
Q41:	|........ ........ ........ ........| ok p=1
Q42:	|........ ........ ........ ........| ok p=1
Q43:	|........ ........ ........ ........| ok p=1
Q44:	|........ ........ ........ ........| ok p=1
Q45:	|........ ........ ........ ........| ok p=1
Q46:	|........ ........ ........ ........| ok p=1
Q47:	|........ ........ ........ ........| ok p=1
Q48:	|........ ........ ........ ........| ok p=1
Q49:	|........ ........ ........ ........| ok p=1
Q50:	|........ ........ ........ ........| ok p=1
Q51:	|........ ........ ........ ........| ok p=1
Q52:	|........ ........ ........ ........| ok p=1
Q53:	|........ ........ ........ ........| ok p=1
Q54:	|........ ........ ........ ........| ok p=1
Q55:	|........ ........ ........ ........| ok p=1
Q56:	|........ ........ ........ ........| ok p=1
Q57:	|........ ........ ........ ........| ok p=1
Q58:	|........ ........ ........ ........| ok p=1
Q59:	|........ ........ ........ ........| ok p=1
Q60:	|........ ........ ........ .0......| ok p=1
Q61:	|........ ........ ........ .0......| ok p=0.9375
Q62:	|........ ........ ........ .-......| ok p=1
Q63:	|........ ........ ........ .-......| ok p=0.964844
Q64:	|....+... ........ ........ .-......|
Saving 100000 paths...done.
Autobalance parameters: maxcond=29
Verified: 0 bad out of 165094
Estimating maxcond for upper bound 400000 (=100000 * 4)...
t=25: 0%   10   20   30   40   50   60   70   80   90   100%
      |----|----|----|----|----|----|----|----|----|----|
e     ***************************************************
Found maxcond = 36
t=25: 0%   10   20   30   40   50   60   70   80   90   100%
      |----|----|----|----|----|----|----|----|----|----|
      ***************************************************
Q22:	|.....-.. ........ .-...+.. ........|
Q23:	|....-... 0....... .......- ..-.0...|
Q24:	|........ 1...0... .......- ....1...|
Q25:	|....^... +...1... .......+ ..^.+...| ok p=0.96875
Q26:	|...0.... ....+... .......+ ........| ok p=0.96582
Q27:	|...1.... ^....... .......- ....^...| ok p=0.944336
Q28:	|...-.... ....^... .......- ........| ok p=0.945312
Q29:	|...0.... ........ .......1 ........| ok p=0.936523
Q30:	|...+.... ........ .......0 ........| ok p=1
Q31:	|...+.... ........ ........ ........| ok p=0.931641
Q32:	|........ ........ ........ ........| ok p=1
Q33:	|...!.... ........ ........ ........| ok p=1
Q34:	|........ ........ ........ ........| ok p=1
Q35:	|........ ........ ........ ........| ok p=1
Q36:	|........ ........ ........ ........| ok p=1
Q37:	|........ ........ ........ ........| ok p=1
Q38:	|........ ........ ........ ........| ok p=1
Q39:	|........ ........ ........ ........| ok p=1
Q40:	|........ ........ ........ ........| ok p=1
Q41:	|........ ........ ........ ........| ok p=1
Q42:	|........ ........ ........ ........| ok p=1
Q43:	|........ ........ ........ ........| ok p=1
Q44:	|........ ........ ........ ........| ok p=1
Q45:	|........ ........ ........ ........| ok p=1
Q46:	|........ ........ ........ ........| ok p=1
Q47:	|........ ........ ........ ........| ok p=1
Q48:	|........ ........ ........ ........| ok p=1
Q49:	|........ ........ ........ ........| ok p=1
Q50:	|........ ........ ........ ........| ok p=1
Q51:	|........ ........ ........ ........| ok p=1
Q52:	|........ ........ ........ ........| ok p=1
Q53:	|........ ........ ........ ........| ok p=1
Q54:	|........ ........ ........ ........| ok p=1
Q55:	|........ ........ ........ ........| ok p=1
Q56:	|........ ........ ........ ........| ok p=1
Q57:	|........ ........ ........ ........| ok p=1
Q58:	|........ ........ ........ ........| ok p=1
Q59:	|........ ........ ........ ........| ok p=1
Q60:	|........ ........ ........ .0......| ok p=1
Q61:	|........ ........ ........ .0......| ok p=0.930664
Q62:	|........ ........ ........ .-......| ok p=1
Q63:	|........ ........ ........ .-......| ok p=0.96582
Q64:	|....+... ........ ........ .-......|
Saving 100000 paths...done.
Autobalance parameters: maxcond=35
Verified: 0 bad out of 159609
Estimating maxcond for upper bound 400000 (=100000 * 4)...
t=24: 0%   10   20   30   40   50   60   70   80   90   100%
      |----|----|----|----|----|----|----|----|----|----|
e     ***************************************************
Found maxcond = 44
t=24: 0%   10   20   30   40   50   60   70   80   90   100%
      |----|----|----|----|----|----|----|----|----|----|
      ***************************************************
Q21:	|.+...... ...+.-.. +......+ ...+....|
Q22:	|....1-.. ........ .-...... ..1.....|
Q23:	|....-... 0...-... .......- ..-.0...|
Q24:	|.....^.. 1...-... .^.....- ....1...| ok p=0.722656
Q25:	|....^... +...+... .......+ ..^.+...| ok p=0.970703
Q26:	|...0.... ....+... .......+ ........| ok p=0.978516
Q27:	|...1.... ^...1... .......- ....^...| ok p=0.950195
Q28:	|...-.... ....0... .......- ........| ok p=0.9375
Q29:	|...0.... ........ .......1 ........| ok p=0.931641
Q30:	|...+.... ........ .......0 ........| ok p=1
Q31:	|...+.... ........ ........ ........| ok p=0.944336
Q32:	|........ ........ ........ ........| ok p=1
Q33:	|...!.... ........ ........ ........| ok p=1
Q34:	|........ ........ ........ ........| ok p=1
Q35:	|........ ........ ........ ........| ok p=1
Q36:	|........ ........ ........ ........| ok p=1
Q37:	|........ ........ ........ ........| ok p=1
Q38:	|........ ........ ........ ........| ok p=1
Q39:	|........ ........ ........ ........| ok p=1
Q40:	|........ ........ ........ ........| ok p=1
Q41:	|........ ........ ........ ........| ok p=1
Q42:	|........ ........ ........ ........| ok p=1
Q43:	|........ ........ ........ ........| ok p=1
Q44:	|........ ........ ........ ........| ok p=1
Q45:	|........ ........ ........ ........| ok p=1
Q46:	|........ ........ ........ ........| ok p=1
Q47:	|........ ........ ........ ........| ok p=1
Q48:	|........ ........ ........ ........| ok p=1
Q49:	|........ ........ ........ ........| ok p=1
Q50:	|........ ........ ........ ........| ok p=1
Q51:	|........ ........ ........ ........| ok p=1
Q52:	|........ ........ ........ ........| ok p=1
Q53:	|........ ........ ........ ........| ok p=1
Q54:	|........ ........ ........ ........| ok p=1
Q55:	|........ ........ ........ ........| ok p=1
Q56:	|........ ........ ........ ........| ok p=1
Q57:	|........ ........ ........ ........| ok p=1
Q58:	|........ ........ ........ ........| ok p=1
Q59:	|........ ........ ........ ........| ok p=1
Q60:	|........ ........ ........ .0......| ok p=1
Q61:	|........ ........ ........ .0......| ok p=0.933594
Q62:	|........ ........ ........ .-......| ok p=1
Q63:	|........ ........ ........ .-......| ok p=0.977539
Q64:	|....+... ........ ........ .-......|
Saving 100000 paths...done.
Autobalance parameters: maxcond=43
Verified: 0 bad out of 142636
Estimating maxcond for upper bound 400000 (=100000 * 4)...
t=23: 0%   10   20   30   40   50   60   70   80   90   100%
      |----|----|----|----|----|----|----|----|----|----|
e     ***************************************************
Found maxcond = 53
t=23: 0%   10   20   30   40   50   60   70   80   90   100%
      |----|----|----|----|----|----|----|----|----|----|
      ***************************************************
Q20:	|........ ......+. ........ ........|
Q21:	|1+...1.. .....+.. .1...1.. ..+.....|
Q22:	|+....-.. ........ .-...+.. ..0.....|
Q23:	|.^...... 0....^.. ........ ..-.0...| ok p=1
Q24:	|^....^.. 1...0... .^...^.0 ....1...| ok p=0.732422
Q25:	|........ +...1... ........ ..^.+...| ok p=0.481445
Q26:	|...0.... ....+... ......0- ........| ok p=1
Q27:	|...1.... ^....... ......1- ....^...| ok p=0.94043
Q28:	|...-.... ....^... ......-+ ........| ok p=0.936523
Q29:	|...0.... ........ .......0 ........| ok p=0.933594
Q30:	|...+.... ........ ......^1 ........| ok p=1
Q31:	|...+.... ........ ........ ........| ok p=0.9375
Q32:	|........ ........ ........ ........| ok p=1
Q33:	|...!.... ........ ........ ........| ok p=1
Q34:	|........ ........ ........ ........| ok p=1
Q35:	|........ ........ ........ ........| ok p=1
Q36:	|........ ........ ........ ........| ok p=1
Q37:	|........ ........ ........ ........| ok p=1
Q38:	|........ ........ ........ ........| ok p=1
Q39:	|........ ........ ........ ........| ok p=1
Q40:	|........ ........ ........ ........| ok p=1
Q41:	|........ ........ ........ ........| ok p=1
Q42:	|........ ........ ........ ........| ok p=1
Q43:	|........ ........ ........ ........| ok p=1
Q44:	|........ ........ ........ ........| ok p=1
Q45:	|........ ........ ........ ........| ok p=1
Q46:	|........ ........ ........ ........| ok p=1
Q47:	|........ ........ ........ ........| ok p=1
Q48:	|........ ........ ........ ........| ok p=1
Q49:	|........ ........ ........ ........| ok p=1
Q50:	|........ ........ ........ ........| ok p=1
Q51:	|........ ........ ........ ........| ok p=1
Q52:	|........ ........ ........ ........| ok p=1
Q53:	|........ ........ ........ ........| ok p=1
Q54:	|........ ........ ........ ........| ok p=1
Q55:	|........ ........ ........ ........| ok p=1
Q56:	|........ ........ ........ ........| ok p=1
Q57:	|........ ........ ........ ........| ok p=1
Q58:	|........ ........ ........ ........| ok p=1
Q59:	|........ ........ ........ ........| ok p=1
Q60:	|........ ........ ........ .0......| ok p=1
Q61:	|........ ........ ........ .0......| ok p=0.925781
Q62:	|........ ........ ........ .-......| ok p=1
Q63:	|........ ........ ........ .-......| ok p=0.96582
Q64:	|....+... ........ ........ .-......|
Saving 100000 paths...done.
Autobalance parameters: maxcond=52
Verified: 0 bad out of 149016
Estimating maxcond for upper bound 400000 (=100000 * 4)...
t=22: 0%   10   20   30   40   50   60   70   80   90   100%
      |----|----|----|----|----|----|----|----|----|----|
e     ***************************************************
Found maxcond = 59
t=22: 0%   10   20   30   40   50   60   70   80   90   100%
      |----|----|----|----|----|----|----|----|----|----|
      ***************************************************
Q19:	|+..-.... -.....-. ...+.... .......+|
Q20:	|.1...+.. .....1+. .0...0.. ........|
Q21:	|+-...0.. .....+.. .1...1.. ..0.....|
Q22:	|+....-.. ......^. .-...+.. ..1.....| ok p=0.505859
Q23:	|0^...... 0....^.. ........ ..-.0...| ok p=1
Q24:	|^....^.. 1...0... .^...^.0 ....1...| ok p=0.736328
Q25:	|........ +...1... ........ ..^.+...| ok p=0.459961
Q26:	|...0.... ....+... ......0- ........| ok p=1
Q27:	|...1.... ^....... ......1- ....^...| ok p=0.941406
Q28:	|...-.... ....^... ......-+ ........| ok p=0.945312
Q29:	|...0.... ........ .......0 ........| ok p=0.922852
Q30:	|...+.... ........ ......^1 ........| ok p=1
Q31:	|...+.... ........ ........ ........| ok p=0.936523
Q32:	|........ ........ ........ ........| ok p=1
Q33:	|...!.... ........ ........ ........| ok p=1
Q34:	|........ ........ ........ ........| ok p=1
Q35:	|........ ........ ........ ........| ok p=1
Q36:	|........ ........ ........ ........| ok p=1
Q37:	|........ ........ ........ ........| ok p=1
Q38:	|........ ........ ........ ........| ok p=1
Q39:	|........ ........ ........ ........| ok p=1
Q40:	|........ ........ ........ ........| ok p=1
Q41:	|........ ........ ........ ........| ok p=1
Q42:	|........ ........ ........ ........| ok p=1
Q43:	|........ ........ ........ ........| ok p=1
Q44:	|........ ........ ........ ........| ok p=1
Q45:	|........ ........ ........ ........| ok p=1
Q46:	|........ ........ ........ ........| ok p=1
Q47:	|........ ........ ........ ........| ok p=1
Q48:	|........ ........ ........ ........| ok p=1
Q49:	|........ ........ ........ ........| ok p=1
Q50:	|........ ........ ........ ........| ok p=1
Q51:	|........ ........ ........ ........| ok p=1
Q52:	|........ ........ ........ ........| ok p=1
Q53:	|........ ........ ........ ........| ok p=1
Q54:	|........ ........ ........ ........| ok p=1
Q55:	|........ ........ ........ ........| ok p=1
Q56:	|........ ........ ........ ........| ok p=1
Q57:	|........ ........ ........ ........| ok p=1
Q58:	|........ ........ ........ ........| ok p=1
Q59:	|........ ........ ........ ........| ok p=1
Q60:	|........ ........ ........ .0......| ok p=1
Q61:	|........ ........ ........ .0......| ok p=0.9375
Q62:	|........ ........ ........ .-......| ok p=1
Q63:	|........ ........ ........ .-......| ok p=0.964844
Q64:	|....+... ........ ........ .-......|
Saving 100000 paths...done.
Autobalance parameters: maxcond=58
Verified: 7035 bad out of 139840
Estimating maxcond for upper bound 400000 (=100000 * 4)...
t=21: 0%   10   20   30   40   50   60   70   80   90   100%
      |----|----|----|----|----|----|----|----|----|----|
e     ***************************************************
Found maxcond = 71
t=21: 0%   10   20   30   40   50   60   70   80   90   100%
      |----|----|----|----|----|----|----|----|----|----|
      ***************************************************
Q18:	|.-...... ..+...-. ......-. ..-...+.|
Q19:	|.+.-.... -....+1. ...+.... .......+|
Q20:	|10...0.. .....1+. .0...0.. ........|
Q21:	|1+.^.1.. ^....+1. .1.^.1.. ..0....^| ok p=0.769531
Q22:	|-....-.. ......0. .-...+.. ..1.....| ok p=0.422852
Q23:	|.^...... 0....^.. ........ ..-.0...| ok p=1
Q24:	|^....^.. 1...0... .^...^.0 ....1...| ok p=0.733398
Q25:	|........ +...1... ........ ..^.+...| ok p=0.485352
Q26:	|...0.... ....+... ......0- ........| ok p=1
Q27:	|...1.... ^....... ......1- ....^...| ok p=0.935547
Q28:	|...-.... ....^... ......-+ ........| ok p=0.946289
Q29:	|...0.... ........ .......0 ........| ok p=0.93457
Q30:	|...+.... ........ ......^1 ........| ok p=1
Q31:	|...+.... ........ ........ ........| ok p=0.928711
Q32:	|........ ........ ........ ........| ok p=1
Q33:	|...!.... ........ ........ ........| ok p=1
Q34:	|........ ........ ........ ........| ok p=1
Q35:	|........ ........ ........ ........| ok p=1
Q36:	|........ ........ ........ ........| ok p=1
Q37:	|........ ........ ........ ........| ok p=1
Q38:	|........ ........ ........ ........| ok p=1
Q39:	|........ ........ ........ ........| ok p=1
Q40:	|........ ........ ........ ........| ok p=1
Q41:	|........ ........ ........ ........| ok p=1
Q42:	|........ ........ ........ ........| ok p=1
Q43:	|........ ........ ........ ........| ok p=1
Q44:	|........ ........ ........ ........| ok p=1
Q45:	|........ ........ ........ ........| ok p=1
Q46:	|........ ........ ........ ........| ok p=1
Q47:	|........ ........ ........ ........| ok p=1
Q48:	|........ ........ ........ ........| ok p=1
Q49:	|........ ........ ........ ........| ok p=1
Q50:	|........ ........ ........ ........| ok p=1
Q51:	|........ ........ ........ ........| ok p=1
Q52:	|........ ........ ........ ........| ok p=1
Q53:	|........ ........ ........ ........| ok p=1
Q54:	|........ ........ ........ ........| ok p=1
Q55:	|........ ........ ........ ........| ok p=1
Q56:	|........ ........ ........ ........| ok p=1
Q57:	|........ ........ ........ ........| ok p=1
Q58:	|........ ........ ........ ........| ok p=1
Q59:	|........ ........ ........ ........| ok p=1
Q60:	|........ ........ ........ .0......| ok p=1
Q61:	|........ ........ ........ .0......| ok p=0.9375
Q62:	|........ ........ ........ .-......| ok p=1
Q63:	|........ ........ ........ .-......| ok p=0.96875
Q64:	|....+... ........ ........ .-......|
Saving 100000 paths...done.
Autobalance parameters: maxcond=70
Verified: 0 bad out of 107337
Runtime: 9.43089
Extend MD5 differential paths backward
Copyright (C) 2009 Marc Stevens
http://homepages.cwi.nl/~stevens/

delta_m[11] = [!-28!]
Loading workdir0/paths21_0of1...done: 100000 (work:100000).
Estimating maxcond for upper bound 65536 (=16384 * 4)...
t=20: 0%   10   20   30   40   50   60   70   80   90   100%
      |----|----|----|----|----|----|----|----|----|----|
e     ***************************************************
Found maxcond = 83
t=20: 0%   10   20   30   40   50   60   70   80   90   100%
      |----|----|----|----|----|----|----|----|----|----|
      ***************************************************
Q17:	|......+. ........ ...+.... ........|
Q18:	|...1.... 1.+...-. ...1..-. ..-....+|
Q19:	|.0.-.... -....0-. ...+.... .......+|
Q20:	|01...0.. ..^..0+. .0...0^. ..^....0| ok p=1
Q21:	|1+.^.1.. ^....+1. .1.^.1.. ..0....1| ok p=0.746094
Q22:	|-....-.. ......^. .-...+.. ..1.....| ok p=0.40625
Q23:	|.^...... 0....^.. ........ ..-.0...| ok p=0.999023
Q24:	|^....^.. 1...0... .^...^.0 ....1...| ok p=0.71582
Q25:	|........ +...1... ........ ..^.+...| ok p=0.491211
Q26:	|...0.... ....+... ......0- ........| ok p=1
Q27:	|...1.... ^....... ......1- ....^...| ok p=0.936523
Q28:	|...-.... ....^... ......-+ ........| ok p=0.9375
Q29:	|...0.... ........ .......0 ........| ok p=0.938477
Q30:	|...+.... ........ ......^1 ........| ok p=1
Q31:	|...+.... ........ ........ ........| ok p=0.942383
Q32:	|........ ........ ........ ........| ok p=1
Q33:	|...!.... ........ ........ ........| ok p=1
Q34:	|........ ........ ........ ........| ok p=1
Q35:	|........ ........ ........ ........| ok p=1
Q36:	|........ ........ ........ ........| ok p=1
Q37:	|........ ........ ........ ........| ok p=1
Q38:	|........ ........ ........ ........| ok p=1
Q39:	|........ ........ ........ ........| ok p=1
Q40:	|........ ........ ........ ........| ok p=1
Q41:	|........ ........ ........ ........| ok p=1
Q42:	|........ ........ ........ ........| ok p=1
Q43:	|........ ........ ........ ........| ok p=1
Q44:	|........ ........ ........ ........| ok p=1
Q45:	|........ ........ ........ ........| ok p=1
Q46:	|........ ........ ........ ........| ok p=1
Q47:	|........ ........ ........ ........| ok p=1
Q48:	|........ ........ ........ ........| ok p=1
Q49:	|........ ........ ........ ........| ok p=1
Q50:	|........ ........ ........ ........| ok p=1
Q51:	|........ ........ ........ ........| ok p=1
Q52:	|........ ........ ........ ........| ok p=1
Q53:	|........ ........ ........ ........| ok p=1
Q54:	|........ ........ ........ ........| ok p=1
Q55:	|........ ........ ........ ........| ok p=1
Q56:	|........ ........ ........ ........| ok p=1
Q57:	|........ ........ ........ ........| ok p=1
Q58:	|........ ........ ........ ........| ok p=1
Q59:	|........ ........ ........ ........| ok p=1
Q60:	|........ ........ ........ .0......| ok p=1
Q61:	|........ ........ ........ .0......| ok p=0.941406
Q62:	|........ ........ ........ .-......| ok p=1
Q63:	|........ ........ ........ .-......| ok p=0.956055
Q64:	|....+... ........ ........ .-......|
Saving 16384 paths...done.
Autobalance parameters: maxcond=82
Verified: 416 bad out of 18743
Runtime: 2.45085
Extend MD5 differential paths backward
Copyright (C) 2009 Marc Stevens
http://homepages.cwi.nl/~stevens/

delta_m[11] = [!-28!]
Loading workdir0/paths20_0of1...done: 16384 (work:16384).
Estimating maxcond for upper bound 2000000 (=500000 * 4)...
t=19: 0%   10   20   30   40   50   60   70   80   90   100%
      |----|----|----|----|----|----|----|----|----|----|
e     ***************************************************
Found maxcond = 93
t=19: 0%   10   20   30   40   50   60   70   80   90   100%
      |----|----|----|----|----|----|----|----|----|----|
      ***************************************************
Q16:	|.+.....- ......+. ..-....+ ....+..-|
Q17:	|...+..+. +.1..... ......1. ..1.....|
Q18:	|...0.... 0.+...-. ...+..-. ..-....+|
Q19:	|.0.-..^. -....0-. ...+.... .......+| ok p=0.508789
Q20:	|01...0.. ..^..0+. .0.1.0^. ..^....0| ok p=1
Q21:	|1+.^.1.. ^....+1. .1.0.1.. ..0....1| ok p=0.793945
Q22:	|+....-.. ......^. .-...+.. ..1.....| ok p=0.473633
Q23:	|.^...... 0....^.. ........ ..-.0...| ok p=1
Q24:	|^....^.. 1...0... .^...^.0 ....1...| ok p=0.736328
Q25:	|........ +...1... ........ ..^.+...| ok p=0.457031
Q26:	|...0.... ....+... ......0- ........| ok p=1
Q27:	|...1.... ^....... ......1- ....^...| ok p=0.948242
Q28:	|...-.... ....^... ......-+ ........| ok p=0.93457
Q29:	|...0.... ........ .......0 ........| ok p=0.939453
Q30:	|...+.... ........ ......^1 ........| ok p=1
Q31:	|...+.... ........ ........ ........| ok p=0.935547
Q32:	|........ ........ ........ ........| ok p=1
Q33:	|...!.... ........ ........ ........| ok p=1
Q34:	|........ ........ ........ ........| ok p=1
Q35:	|........ ........ ........ ........| ok p=1
Q36:	|........ ........ ........ ........| ok p=1
Q37:	|........ ........ ........ ........| ok p=1
Q38:	|........ ........ ........ ........| ok p=1
Q39:	|........ ........ ........ ........| ok p=1
Q40:	|........ ........ ........ ........| ok p=1
Q41:	|........ ........ ........ ........| ok p=1
Q42:	|........ ........ ........ ........| ok p=1
Q43:	|........ ........ ........ ........| ok p=1
Q44:	|........ ........ ........ ........| ok p=1
Q45:	|........ ........ ........ ........| ok p=1
Q46:	|........ ........ ........ ........| ok p=1
Q47:	|........ ........ ........ ........| ok p=1
Q48:	|........ ........ ........ ........| ok p=1
Q49:	|........ ........ ........ ........| ok p=1
Q50:	|........ ........ ........ ........| ok p=1
Q51:	|........ ........ ........ ........| ok p=1
Q52:	|........ ........ ........ ........| ok p=1
Q53:	|........ ........ ........ ........| ok p=1
Q54:	|........ ........ ........ ........| ok p=1
Q55:	|........ ........ ........ ........| ok p=1
Q56:	|........ ........ ........ ........| ok p=1
Q57:	|........ ........ ........ ........| ok p=1
Q58:	|........ ........ ........ ........| ok p=1
Q59:	|........ ........ ........ ........| ok p=1
Q60:	|........ ........ ........ .0......| ok p=1
Q61:	|........ ........ ........ .0......| ok p=0.930664
Q62:	|........ ........ ........ .-......| ok p=1
Q63:	|........ ........ ........ .-......| ok p=0.982422
Q64:	|....+... ........ ........ .-......|
Saving 500000 paths...done.
Autobalance parameters: maxcond=92
Verified: 5488 bad out of 660616
Estimating maxcond for upper bound 2000000 (=500000 * 4)...
t=18: 0%   10   20   30   40   50   60   70   80   90   100%
      |----|----|----|----|----|----|----|----|----|----|
e     ***************************************************
Found maxcond = 106
t=18: 0%   10   20   30   40   50   60   70   80   90   100%
      |----|----|----|----|----|----|----|----|----|----|
      ***************************************************
Q15:	|+.+.-... +....... .-....-. -..+....|
Q16:	|........ -.-..... ...-..++ ..+.+..-|
Q17:	|.-.0.... 1.0...-. ...+..0. ..0....0|
Q18:	|.-.1.... 1.+...-. ...1..-^ ..-.^..+| ok p=0.375977
Q19:	|.+.-.... -....0+. ...+.... .......+| ok p=0.871094
Q20:	|1+...0.. ..^..1+. .0...0^. ..^....0| ok p=1
Q21:	|1+.^.1.. ^....+0. .1.^.1.. ..0....1| ok p=1
Q22:	|-1...-.. ......^. .-...+.. ..1.....| ok p=0.492188
Q23:	|.0...... 0....^.. ........ ..-.0...| ok p=1
Q24:	|^....^.. 1...0... .^...^.0 ....1...| ok p=0.729492
Q25:	|........ +...1... ........ ..^.+...| ok p=0.480469
Q26:	|...0.... ....+... ......0- ........| ok p=1
Q27:	|...1.... ^....... ......1- ....^...| ok p=0.932617
Q28:	|...-.... ....^... ......-+ ........| ok p=0.933594
Q29:	|...0.... ........ .......0 ........| ok p=0.94043
Q30:	|...+.... ........ ......^1 ........| ok p=1
Q31:	|...+.... ........ ........ ........| ok p=0.930664
Q32:	|........ ........ ........ ........| ok p=1
Q33:	|...!.... ........ ........ ........| ok p=1
Q34:	|........ ........ ........ ........| ok p=1
Q35:	|........ ........ ........ ........| ok p=1
Q36:	|........ ........ ........ ........| ok p=1
Q37:	|........ ........ ........ ........| ok p=1
Q38:	|........ ........ ........ ........| ok p=1
Q39:	|........ ........ ........ ........| ok p=1
Q40:	|........ ........ ........ ........| ok p=1
Q41:	|........ ........ ........ ........| ok p=1
Q42:	|........ ........ ........ ........| ok p=1
Q43:	|........ ........ ........ ........| ok p=1
Q44:	|........ ........ ........ ........| ok p=1
Q45:	|........ ........ ........ ........| ok p=1
Q46:	|........ ........ ........ ........| ok p=1
Q47:	|........ ........ ........ ........| ok p=1
Q48:	|........ ........ ........ ........| ok p=1
Q49:	|........ ........ ........ ........| ok p=1
Q50:	|........ ........ ........ ........| ok p=1
Q51:	|........ ........ ........ ........| ok p=1
Q52:	|........ ........ ........ ........| ok p=1
Q53:	|........ ........ ........ ........| ok p=1
Q54:	|........ ........ ........ ........| ok p=1
Q55:	|........ ........ ........ ........| ok p=1
Q56:	|........ ........ ........ ........| ok p=1
Q57:	|........ ........ ........ ........| ok p=1
Q58:	|........ ........ ........ ........| ok p=1
Q59:	|........ ........ ........ ........| ok p=1
Q60:	|........ ........ ........ .0......| ok p=1
Q61:	|........ ........ ........ .0......| ok p=0.947266
Q62:	|........ ........ ........ .-......| ok p=1
Q63:	|........ ........ ........ .-......| ok p=0.962891
Q64:	|....+... ........ ........ .-......|
Saving 500000 paths...done.
Autobalance parameters: maxcond=105
Verified: 0 bad out of 779741
Estimating maxcond for upper bound 2000000 (=500000 * 4)...
t=17: 0%   10   20   30   40   50   60   70   80   90   100%
      |----|----|----|----|----|----|----|----|----|----|
e     ***************************************************
Found maxcond = 122
t=17: 0%   10   20   30   40   50   60   70   80   90   100%
      |----|----|----|----|----|----|----|----|----|----|
      ***************************************************
Q14:	|...-.... +....... .......- ....-...|
Q15:	|.--.-... +.....1. .-.1...1 -...1..-|
Q16:	|.+...... -.0...+. ...-..1+ ..0.+..-|
Q17:	|.-^0^... 1.1...1. .^.+..1. ^.1....1| ok p=0.880859
Q18:	|.-.1.... 1.+...-. ...1..-^ ..-.^..+| ok p=0.355469
Q19:	|.+.-.... -....0-. ...+.... .......+| ok p=0.869141
Q20:	|1+...0.. ..^..1+. .0...0^. ..^....0| ok p=1
Q21:	|1+.^.1.. ^....+1. .1.^.1.. ..0....1| ok p=0.554688
Q22:	|+1...-.. ......^. .-...+.. ..1.....| ok p=0.478516
Q23:	|.0...... 0....^.. ........ ..-.0...| ok p=1
Q24:	|^....^.. 1...0... .^...^.0 ....1...| ok p=0.725586
Q25:	|........ +...1... ........ ..^.+...| ok p=0.495117
Q26:	|...0.... ....+... ......0- ........| ok p=1
Q27:	|...1.... ^....... ......1- ....^...| ok p=0.932617
Q28:	|...-.... ....^... ......-+ ........| ok p=0.938477
Q29:	|...0.... ........ .......0 ........| ok p=0.938477
Q30:	|...+.... ........ ......^1 ........| ok p=1
Q31:	|...+.... ........ ........ ........| ok p=0.944336
Q32:	|........ ........ ........ ........| ok p=1
Q33:	|...!.... ........ ........ ........| ok p=1
Q34:	|........ ........ ........ ........| ok p=1
Q35:	|........ ........ ........ ........| ok p=1
Q36:	|........ ........ ........ ........| ok p=1
Q37:	|........ ........ ........ ........| ok p=1
Q38:	|........ ........ ........ ........| ok p=1
Q39:	|........ ........ ........ ........| ok p=1
Q40:	|........ ........ ........ ........| ok p=1
Q41:	|........ ........ ........ ........| ok p=1
Q42:	|........ ........ ........ ........| ok p=1
Q43:	|........ ........ ........ ........| ok p=1
Q44:	|........ ........ ........ ........| ok p=1
Q45:	|........ ........ ........ ........| ok p=1
Q46:	|........ ........ ........ ........| ok p=1
Q47:	|........ ........ ........ ........| ok p=1
Q48:	|........ ........ ........ ........| ok p=1
Q49:	|........ ........ ........ ........| ok p=1
Q50:	|........ ........ ........ ........| ok p=1
Q51:	|........ ........ ........ ........| ok p=1
Q52:	|........ ........ ........ ........| ok p=1
Q53:	|........ ........ ........ ........| ok p=1
Q54:	|........ ........ ........ ........| ok p=1
Q55:	|........ ........ ........ ........| ok p=1
Q56:	|........ ........ ........ ........| ok p=1
Q57:	|........ ........ ........ ........| ok p=1
Q58:	|........ ........ ........ ........| ok p=1
Q59:	|........ ........ ........ ........| ok p=1
Q60:	|........ ........ ........ .0......| ok p=1
Q61:	|........ ........ ........ .0......| ok p=0.933594
Q62:	|........ ........ ........ .-......| ok p=1
Q63:	|........ ........ ........ .-......| ok p=0.969727
Q64:	|....+... ........ ........ .-......|
Saving 500000 paths...done.
Autobalance parameters: maxcond=121
Verified: 0 bad out of 677119
Estimating maxcond for upper bound 2000000 (=500000 * 4)...
t=16: 0%   10   20   30   40   50   60   70   80   90   100%
      |----|----|----|----|----|----|----|----|----|----|
e     ***************************************************
Found maxcond = 132
t=16: 0%   10   20   30   40   50   60   70   80   90   100%
      |----|----|----|----|----|----|----|----|----|----|
      ***************************************************
Q13:	|.-..-.-. .....+.. ...+...+ ...-...+|
Q14:	|1..-1... +....... ...+...0 1.......|
Q15:	|-0.++... +.....0. ..-....1 -...+..-|
Q16:	|...0.... -.0..... ..-^..1+ ..0.+..-| ok p=0.356445
Q17:	|^-.0^... 1.1...-. ..01..1. ^.1.0..1| ok p=0.804688
Q18:	|.-.1.... 1.+...-. ..10..-^ ..-.1..+| ok p=0.357422
Q19:	|.+.-.... -....0+. ...+.... .......+| ok p=0.874023
Q20:	|1+...0.. ..^..1+. .0...0^. ..^....0| ok p=1
Q21:	|1+.^.1.. ^....+0. .1.^.1.. ..0....1| ok p=1
Q22:	|-1...-.. ......^. .-...+.. ..1.....| ok p=0.428711
Q23:	|.0...... 0....^.. ........ ..-.0...| ok p=1
Q24:	|^....^.. 1...0... .^...^.0 ....1...| ok p=0.71875
Q25:	|........ +...1... ........ ..^.+...| ok p=0.47168
Q26:	|...0.... ....+... ......0- ........| ok p=1
Q27:	|...1.... ^....... ......1- ....^...| ok p=0.938477
Q28:	|...-.... ....^... ......-+ ........| ok p=0.926758
Q29:	|...0.... ........ .......0 ........| ok p=0.927734
Q30:	|...+.... ........ ......^1 ........| ok p=1
Q31:	|...+.... ........ ........ ........| ok p=0.936523
Q32:	|........ ........ ........ ........| ok p=1
Q33:	|...!.... ........ ........ ........| ok p=1
Q34:	|........ ........ ........ ........| ok p=1
Q35:	|........ ........ ........ ........| ok p=1
Q36:	|........ ........ ........ ........| ok p=1
Q37:	|........ ........ ........ ........| ok p=1
Q38:	|........ ........ ........ ........| ok p=1
Q39:	|........ ........ ........ ........| ok p=1
Q40:	|........ ........ ........ ........| ok p=1
Q41:	|........ ........ ........ ........| ok p=1
Q42:	|........ ........ ........ ........| ok p=1
Q43:	|........ ........ ........ ........| ok p=1
Q44:	|........ ........ ........ ........| ok p=1
Q45:	|........ ........ ........ ........| ok p=1
Q46:	|........ ........ ........ ........| ok p=1
Q47:	|........ ........ ........ ........| ok p=1
Q48:	|........ ........ ........ ........| ok p=1
Q49:	|........ ........ ........ ........| ok p=1
Q50:	|........ ........ ........ ........| ok p=1
Q51:	|........ ........ ........ ........| ok p=1
Q52:	|........ ........ ........ ........| ok p=1
Q53:	|........ ........ ........ ........| ok p=1
Q54:	|........ ........ ........ ........| ok p=1
Q55:	|........ ........ ........ ........| ok p=1
Q56:	|........ ........ ........ ........| ok p=1
Q57:	|........ ........ ........ ........| ok p=1
Q58:	|........ ........ ........ ........| ok p=1
Q59:	|........ ........ ........ ........| ok p=1
Q60:	|........ ........ ........ .0......| ok p=1
Q61:	|........ ........ ........ .0......| ok p=0.958008
Q62:	|........ ........ ........ .-......| ok p=1
Q63:	|........ ........ ........ .-......| ok p=0.969727
Q64:	|....+... ........ ........ .-......|
Saving 500000 paths...done.
Autobalance parameters: maxcond=130
Verified: 3304 bad out of 900099
Runtime: 30.0075
