Connect MD5 differential paths
Copyright (C) 2009 Marc Stevens
http://homepages.cwi.nl/~stevens/

delta_m[11] = [!-28!]
Loading workdir0/paths16_0of1.bin.gz...done: 500000.
Loading workdir0/paths11_0of1.bin.gz...done: 500000.
t=12: 0%   10   20   30   40   50   60   70   80   90   100%
      |----|----|----|----|----|----|----|----|----|----|
      *Q-3:	|01110011 01110101 01011010 00001100|
Q-2:	|0++++010 -0-01001 1-0++100 10++++++|
Q-1:	|-000-000 --0+++++ +++0-000 +-00-+++|
Q0:	|+11-10-+ 00-10+00 10+10001 0+010--0| ok p=1
Q1:	|0+1-+.0+ 10+1-111 0+1.-.0. 1-..010-| ok p=0.629883
Q2:	|01110.01 +.+.0-.. .--.-.+. .+...0+1| ok p=1
Q3:	|.--01..+ 1.01++.! .-+.+.1. .1....+0| ok p=1
Q4:	|^+0....0 0.-01+.. ..1.+.-. .0....1+| ok p=1
Q5:	|!0+.1^.1 ..-+00.. .10.+1-. ...!.^-0| ok p=1
Q6:	|^--.1-.. ...+.+.. ..+.0.0. .....+1+| ok p=1
Q7:	|^+0.-01. ..1+.+.. .!-.0.+. .....0--| ok p=1
Q8:	|.+0.-11. ..1-.-.. ..-...1. ^....001| ok p=1
Q9:	|.+..-+-. ...-.0.1 ..-...00 +...1.10| ok p=1
Q10:	|!-00-1+. ..1+11.0 11+100-1 00.010+.| ok p=1
Q11:	|^+010+-. 000+01.- 100011+1 1000+1+0| ok p=1
Q12:	|+1-----^ 11+1-0^1 0-++++0+ 0+1-++-1| ok p=1
Q13:	|00++0++- ++1---+- +0------ --++11+-| ok p=1
Q14:	|01-11110 +110.100 100+101- 10111010| ok p=1
Q15:	|+00++001 +0101001 1-110100 -101+.0-| ok p=0.195312
Q16:	|..0+.... -.-..... ...-..1+ ..0.+..-| ok p=0.270508
Q17:	|^-.1^... 1.0...-. .^.0..1. ^.1.0..1| ok p=0.820312
Q18:	|.-.1.... 1.+...-. ...0..-^ ..-.1..+| ok p=0.348633
Q19:	|.+.-.... -....0+. ...+.... .......+| ok p=0.87793
Q20:	|1+...0.. ..^..1+. .0...0^. ..^....0| ok p=1
Q21:	|1+.^.1.. ^....+0. .1.^.1.. ..0....1| ok p=1
Q22:	|-1...-.. ......0. .-...+.. ..1.....| ok p=0.447266
Q23:	|.0...... 0....^.. ........ ..-.0...| ok p=1
Q24:	|^....^.. 1...0... .^...^.0 ....1...| ok p=0.726562
Q25:	|........ +...1... ........ ..^.+...| ok p=0.466797
Q26:	|...0.... ....+... ......0- ........| ok p=1
Q27:	|...1.... ^....... ......1- ....^...| ok p=0.939453
Q28:	|...-.... ....^... ......-+ ........| ok p=0.935547
Q29:	|...0.... ........ .......0 ........| ok p=0.933594
Q30:	|...+.... ........ ......^1 ........| ok p=1
Q31:	|...+.... ........ ........ ........| ok p=0.944336
Q32:	|........ ........ ........ ........| ok p=1
Q33:	|...!.... ........ ........ ........| ok p=1
Q34:	|........ ........ ........ ........| ok p=1
Q35:	|........ ........ ........ ........| ok p=1
Q36:	|........ ........ ........ ........| ok p=1
Q37:	|........ ........ ........ ........| ok p=1
Q38:	|........ ........ ........ ........| ok p=1
Q39:	|........ ........ ........ ........| ok p=1
Q40:	|........ ........ ........ ........| ok p=1
Q41:	|........ ........ ........ ........| ok p=1
Q42:	|........ ........ ........ ........| ok p=1
Q43:	|........ ........ ........ ........| ok p=1
Q44:	|........ ........ ........ ........| ok p=1
Q45:	|........ ........ ........ ........| ok p=1
Q46:	|........ ........ ........ ........| ok p=1
Q47:	|........ ........ ........ ........| ok p=1
Q48:	|........ ........ ........ ........| ok p=1
Q49:	|........ ........ ........ ........| ok p=1
Q50:	|........ ........ ........ ........| ok p=1
Q51:	|........ ........ ........ ........| ok p=1
Q52:	|........ ........ ........ ........| ok p=1
Q53:	|........ ........ ........ ........| ok p=1
Q54:	|........ ........ ........ ........| ok p=1
Q55:	|........ ........ ........ ........| ok p=1
Q56:	|........ ........ ........ ........| ok p=1
Q57:	|........ ........ ........ ........| ok p=1
Q58:	|........ ........ ........ ........| ok p=1
Q59:	|........ ........ ........ ........| ok p=1
Q60:	|........ ........ ........ .0......| ok p=1
Q61:	|........ ........ ........ .0......| ok p=0.93457
Q62:	|........ ........ ........ .-......| ok p=1
Q63:	|........ ........ ........ .-......| ok p=0.969727
Q64:	|....+... ........ ........ .-......|
Best path: totcompl=-32 tottunnel=28, totcond=579, p=0.00103739
Best paths: 2
Q-3:	|01110011 01110101 01011010 00001100|
Q-2:	|0++++010 -0-01001 1-0++100 10++++++|
Q-1:	|-000-000 --0+++++ +++0-000 +-00-+++|
Q0:	|+11-10-+ 00-10+00 10+10001 0+010--0| ok p=1
Q1:	|0+1-+.0+ 10+1-111 0+1.-.0. 1-..010-| ok p=0.630859
Q2:	|01110.01 +.+.0-.. .--.-.+. .+...0+1| ok p=1
Q3:	|.--01..+ 1.01++.! .-+.+.1. .1....+0| ok p=1
Q4:	|^+0....0 0.-01+.. ..1.+.-. .0....1+| ok p=1
Q5:	|!0+.1^.1 ..-+00.. .10.+1-. .1...^-0| ok p=1
Q6:	|^--.1-.. ...+.+.. ..+.0.0. .....+1+| ok p=1
Q7:	|^+0.-01. ..1+.+.. .!-.0.+. .....0--| ok p=1
Q8:	|.+0.-11. ..1-.-.. ..-...1. ^....001| ok p=1
Q9:	|.+..-+-. ...-.0.1 ..-.1.0. +...0.10| ok p=1
Q10:	|!-00-1+. ..1+11.0 11+100-1 00..00+.| ok p=1
Q11:	|^+010+-. 000+01.- 100011+1 1000+1+0| ok p=1
Q12:	|+1-----^ 11+1-0^1 0-++++0+ 0+11-+-1| ok p=1
Q13:	|00++0++- ++1---+- +0------ --++11+-| ok p=1
Q14:	|01-11110 +110.100 100+101- 10111010| ok p=1
Q15:	|+00++001 +0101001 1-110100 -101+.0-| ok p=0.243164
Q16:	|..0+.... -.-..... ...-..1+ ..0.+..-| ok p=0.253906
Q17:	|^-.1^... 1.0...-. .^.0..1. ^.1.0..1| ok p=0.820312
Q18:	|.-.1.... 1.+...-. ...0..-^ ..-.1..+| ok p=0.355469
Q19:	|.+.-.... -....0+. ...+.... .......+| ok p=0.869141
Q20:	|1+...0.. ..^..1+. .0...0^. ..^....0| ok p=1
Q21:	|1+.^.1.. ^....+0. .1.^.1.. ..0....1| ok p=1
Q22:	|-1...-.. ......0. .-...+.. ..1.....| ok p=0.499023
Q23:	|.0...... 0....^.. ........ ..-.0...| ok p=1
Q24:	|^....^.. 1...0... .^...^.0 ....1...| ok p=0.754883
Q25:	|........ +...1... ........ ..^.+...| ok p=0.493164
Q26:	|...0.... ....+... ......0- ........| ok p=1
Q27:	|...1.... ^....... ......1- ....^...| ok p=0.93457
Q28:	|...-.... ....^... ......-+ ........| ok p=0.932617
Q29:	|...0.... ........ .......0 ........| ok p=0.943359
Q30:	|...+.... ........ ......^1 ........| ok p=1
Q31:	|...+.... ........ ........ ........| ok p=0.943359
Q32:	|........ ........ ........ ........| ok p=1
Q33:	|...!.... ........ ........ ........| ok p=1
Q34:	|........ ........ ........ ........| ok p=1
Q35:	|........ ........ ........ ........| ok p=1
Q36:	|........ ........ ........ ........| ok p=1
Q37:	|........ ........ ........ ........| ok p=1
Q38:	|........ ........ ........ ........| ok p=1
Q39:	|........ ........ ........ ........| ok p=1
Q40:	|........ ........ ........ ........| ok p=1
Q41:	|........ ........ ........ ........| ok p=1
Q42:	|........ ........ ........ ........| ok p=1
Q43:	|........ ........ ........ ........| ok p=1
Q44:	|........ ........ ........ ........| ok p=1
Q45:	|........ ........ ........ ........| ok p=1
Q46:	|........ ........ ........ ........| ok p=1
Q47:	|........ ........ ........ ........| ok p=1
Q48:	|........ ........ ........ ........| ok p=1
Q49:	|........ ........ ........ ........| ok p=1
Q50:	|........ ........ ........ ........| ok p=1
Q51:	|........ ........ ........ ........| ok p=1
Q52:	|........ ........ ........ ........| ok p=1
Q53:	|........ ........ ........ ........| ok p=1
Q54:	|........ ........ ........ ........| ok p=1
Q55:	|........ ........ ........ ........| ok p=1
Q56:	|........ ........ ........ ........| ok p=1
Q57:	|........ ........ ........ ........| ok p=1
Q58:	|........ ........ ........ ........| ok p=1
Q59:	|........ ........ ........ ........| ok p=1
Q60:	|........ ........ ........ .0......| ok p=1
Q61:	|........ ........ ........ .0......| ok p=0.927734
Q62:	|........ ........ ........ .-......| ok p=1
Q63:	|........ ........ ........ .-......| ok p=0.969727
Q64:	|....+... ........ ........ .-......|
Best path: totcompl=-31 tottunnel=29, totcond=578, p=0.000876583
Q-3:	|01110011 01110101 01011010 00001100|
Q-2:	|0++++010 -0-01001 1-0++100 10++++++|
Q-1:	|-000-000 --0+++++ +++0-000 +-00-+++|
Q0:	|+11-10-+ 00-10+00 10+10001 0+010--0| ok p=1
Q1:	|0+.-+.0+ 10+1-111 0+1.-.0. 1-..010-| ok p=0.329102
Q2:	|01^.0.01 +.+.0-.. .--.-.+. .+...0+1| ok p=1
Q3:	|1--01..+ 1.01++.. !-+.+.1. .1....+0| ok p=1
Q4:	|1+0....0 0.-01+.. ..1.+.-. .0....1+| ok p=1
Q5:	|00+.1^.1 ..-+00.. .10.+1-. .1...^-0| ok p=1
Q6:	|0--.1-.. ...+.+.. ..+.0.0. .....+1+| ok p=1
Q7:	|0+0.-01. ..1+.+.. .!-.0.+. .....0--| ok p=1
Q8:	|.+0.-11. ..1-.-.. ..-...1. ^....001| ok p=1
Q9:	|.+..-+-. ...-.0.1 ..-...00 +...1.10| ok p=1
Q10:	|!-00-1+. ..1+11.0 11+100-1 011110+.| ok p=1
Q11:	|^+010+-. 000+01.- 100011+1 1111+1+0| ok p=1
Q12:	|+1-----^ 11+1-0^1 0-++++0+ 0+-+++-1| ok p=1
Q13:	|00++0++- ++1---+- +0------ --++01+-| ok p=1
Q14:	|01-11110 +110.100 100+101- 101.0100| ok p=1
Q15:	|+00++001 +0101001 1-110100 -101+.0-| ok p=0.18457
Q16:	|..0+.... -.-..... ...-..1+ ..0.+..-| ok p=0.267578
Q17:	|^-.1^... 1.0...-. .^.0..1. ^.1.0..1| ok p=0.802734
Q18:	|.-.1.... 1.+...-. ...0..-^ ..-.1..+| ok p=0.334961
Q19:	|.+.-.... -....0+. ...+.... .......+| ok p=0.860352
Q20:	|1+...0.. ..^..1+. .0...0^. ..^....0| ok p=1
Q21:	|1+.^.1.. ^....+0. .1.^.1.. ..0....1| ok p=1
Q22:	|-1...-.. ......0. .-...+.. ..1.....| ok p=0.483398
Q23:	|.0...... 0....^.. ........ ..-.0...| ok p=1
Q24:	|^....^.. 1...0... .^...^.0 ....1...| ok p=0.717773
Q25:	|........ +...1... ........ ..^.+...| ok p=0.479492
Q26:	|...0.... ....+... ......0- ........| ok p=1
Q27:	|...1.... ^....... ......1- ....^...| ok p=0.932617
Q28:	|...-.... ....^... ......-+ ........| ok p=0.945312
Q29:	|...0.... ........ .......0 ........| ok p=0.94043
Q30:	|...+.... ........ ......^1 ........| ok p=1
Q31:	|...+.... ........ ........ ........| ok p=0.933594
Q32:	|........ ........ ........ ........| ok p=1
Q33:	|...!.... ........ ........ ........| ok p=1
Q34:	|........ ........ ........ ........| ok p=1
Q35:	|........ ........ ........ ........| ok p=1
Q36:	|........ ........ ........ ........| ok p=1
Q37:	|........ ........ ........ ........| ok p=1
Q38:	|........ ........ ........ ........| ok p=1
Q39:	|........ ........ ........ ........| ok p=1
Q40:	|........ ........ ........ ........| ok p=1
Q41:	|........ ........ ........ ........| ok p=1
Q42:	|........ ........ ........ ........| ok p=1
Q43:	|........ ........ ........ ........| ok p=1
Q44:	|........ ........ ........ ........| ok p=1
Q45:	|........ ........ ........ ........| ok p=1
Q46:	|........ ........ ........ ........| ok p=1
Q47:	|........ ........ ........ ........| ok p=1
Q48:	|........ ........ ........ ........| ok p=1
Q49:	|........ ........ ........ ........| ok p=1
Q50:	|........ ........ ........ ........| ok p=1
Q51:	|........ ........ ........ ........| ok p=1
Q52:	|........ ........ ........ ........| ok p=1
Q53:	|........ ........ ........ ........| ok p=1
Q54:	|........ ........ ........ ........| ok p=1
Q55:	|........ ........ ........ ........| ok p=1
Q56:	|........ ........ ........ ........| ok p=1
Q57:	|........ ........ ........ ........| ok p=1
Q58:	|........ ........ ........ ........| ok p=1
Q59:	|........ ........ ........ ........| ok p=1
Q60:	|........ ........ ........ .0......| ok p=1
Q61:	|........ ........ ........ .0......| ok p=0.9375
Q62:	|........ ........ ........ .-......| ok p=1
Q63:	|........ ........ ........ .-......| ok p=0.970703
Q64:	|....+... ........ ........ .-......|
Best path: totcompl=-29 tottunnel=31, totcond=578, p=0.000499579
Q-3:	|01110011 01110101 01011010 00001100|
Q-2:	|0++++010 -0-01001 1-0++100 10++++++|
Q-1:	|-000-000 --0+++++ +++0-000 +-00-+++|
Q0:	|+11-10-+ 00-10+00 10+10001 0+010--0| ok p=1
Q1:	|1+1-+.0+ 10+1-111 0+1.-.0. 1-..010-| ok p=0.640625
Q2:	|01110.01 +.+.0-.. .--.-.+. .+...0+1| ok p=1
Q3:	|.--01..+ 1.01++.. !-+.+.1. .1....+0| ok p=1
Q4:	|^+0....0 0.-01+.. ..1.+.-. .0....1+| ok p=1
Q5:	|!0+.1^.1 ..-+00.. .10.+.-. .1...^-0| ok p=1
Q6:	|^--.1-.. ...+.+.. ..+.0^0. .....+1+| ok p=1
Q7:	|^+0.-00. ..1+.+.. .!-.0.+. .....0--| ok p=1
Q8:	|.+0.-10. ..1-.-.. ..-...1. ^....001| ok p=1
Q9:	|1+1.-+-. ...-.0.. ..-..10. +....010| ok p=1
Q10:	|0-1.0--0 0.0+001^ 1.+110-1 0...00+.| ok p=1
Q11:	|0+0.10+1 111+010- 1^1100+0 00..1+-1| ok p=1
Q12:	|+1-.+-0- -0+-++-0 -.-+++0+ .1.^+--0| ok p=1
Q13:	|-+1.-0-1 -+----00 +0------ 0-0+01+-| ok p=1
Q14:	|11-^1100 +01.111. 100+101- 00001010| ok p=1
Q15:	|-01++.0. +010100. 1-110100 -0+0+.0-| ok p=0.642578
Q16:	|..1+.... -.0..... ...-..1+ ..1.+..-| ok p=0.286133
Q17:	|^-.1^... 1.1...-. .^.0..1. ^.1.0..1| ok p=0.81543
Q18:	|.-.1.... 1.+...-. ...0..-^ ..-.1..+| ok p=0.345703
Q19:	|.+.-.... -....0+. ...+.... .......+| ok p=0.870117
Q20:	|1+...0.. ..^..1+. .0...0^. ..^....0| ok p=1
Q21:	|1+.^.1.. ^....+0. .1.^.1.. ..0....1| ok p=1
Q22:	|-1...-.. ......0. .-...+.. ..1.....| ok p=0.463867
Q23:	|.0...... 0....^.. ........ ..-.0...| ok p=1
Q24:	|^....^.. 1...0... .^...^.0 ....1...| ok p=0.714844
Q25:	|........ +...1... ........ ..^.+...| ok p=0.469727
Q26:	|...0.... ....+... ......0- ........| ok p=1
Q27:	|...1.... ^....... ......1- ....^...| ok p=0.948242
Q28:	|...-.... ....^... ......-+ ........| ok p=0.943359
Q29:	|...0.... ........ .......0 ........| ok p=0.928711
Q30:	|...+.... ........ ......^1 ........| ok p=1
Q31:	|...+.... ........ ........ ........| ok p=0.930664
Q32:	|........ ........ ........ ........| ok p=1
Q33:	|...!.... ........ ........ ........| ok p=1
Q34:	|........ ........ ........ ........| ok p=1
Q35:	|........ ........ ........ ........| ok p=1
Q36:	|........ ........ ........ ........| ok p=1
Q37:	|........ ........ ........ ........| ok p=1
Q38:	|........ ........ ........ ........| ok p=1
Q39:	|........ ........ ........ ........| ok p=1
Q40:	|........ ........ ........ ........| ok p=1
Q41:	|........ ........ ........ ........| ok p=1
Q42:	|........ ........ ........ ........| ok p=1
Q43:	|........ ........ ........ ........| ok p=1
Q44:	|........ ........ ........ ........| ok p=1
Q45:	|........ ........ ........ ........| ok p=1
Q46:	|........ ........ ........ ........| ok p=1
Q47:	|........ ........ ........ ........| ok p=1
Q48:	|........ ........ ........ ........| ok p=1
Q49:	|........ ........ ........ ........| ok p=1
Q50:	|........ ........ ........ ........| ok p=1
Q51:	|........ ........ ........ ........| ok p=1
Q52:	|........ ........ ........ ........| ok p=1
Q53:	|........ ........ ........ ........| ok p=1
Q54:	|........ ........ ........ ........| ok p=1
Q55:	|........ ........ ........ ........| ok p=1
Q56:	|........ ........ ........ ........| ok p=1
Q57:	|........ ........ ........ ........| ok p=1
Q58:	|........ ........ ........ ........| ok p=1
Q59:	|........ ........ ........ ........| ok p=1
Q60:	|........ ........ ........ .0......| ok p=1
Q61:	|........ ........ ........ .0......| ok p=0.939453
Q62:	|........ ........ ........ .-......| ok p=1
Q63:	|........ ........ ........ .-......| ok p=0.976562
Q64:	|....+... ........ ........ .-......|
Best path: totcompl=-28 tottunnel=32, totcond=569, p=0.00308471
Q-3:	|01110011 01110101 01011010 00001100|
Q-2:	|0++++010 -0-01001 1-0++100 10++++++|
Q-1:	|-000-000 --0+++++ +++0-000 +-00-+++|
Q0:	|+11-10-+ 00-10+00 10+10001 0+010--0| ok p=1
Q1:	|1+1-+.0+ 10+1-111 0+1.-.0. 1-..010-| ok p=0.629883
Q2:	|01110.01 +.+.0-.. .--.-.+. .+...0+1| ok p=1
Q3:	|.--01..+ 1.01++.! .-+.+.1. .1....+0| ok p=1
Q4:	|^+0....0 0.-01+.. ..1.+.-. .0....1+| ok p=1
Q5:	|!0+.1^.1 ..-+00.. .10.+1-. ...!.^-0| ok p=1
Q6:	|^--.1-.. ...+.+.. ..+.0.0. .....+1+| ok p=1
Q7:	|^+0.-00. ..1+.+.. !.-.0.+. .....0--| ok p=1
Q8:	|0+0.-10. ..1-.-.. ..-...1. ^....001| ok p=1
Q9:	|1+..-+-. ...-.0.1 ..-..10. +....010| ok p=1
Q10:	|0-1.0--0 0.0+0011 1.+.00-1 0...00+.| ok p=1
Q11:	|0+0.10+1 111+010- 1^1110+0 00..1+-1| ok p=1
Q12:	|+1-.+-0- -0+-++-0 -.10-+0+ .1.^+--0| ok p=1
Q13:	|-+1.-0-1 -+----00 +0------ 0-0+01+-| ok p=1
Q14:	|11-^1100 +01.111. 101+.01- 00001100| ok p=1
Q15:	|-01++.0. +010100! 1-110100 -0+0+.0-| ok p=0.638672
Q16:	|..1+.... -.0..... ...-..1+ ..1.+..-| ok p=0.275391
Q17:	|^-.1^... 1.1...-. .^.0..1. ^.1.0..1| ok p=0.802734
Q18:	|.-.1.... 1.+...-. ...0..-^ ..-.1..+| ok p=0.345703
Q19:	|.+.-.... -....0+. ...+.... .......+| ok p=0.878906
Q20:	|1+...0.. ..^..1+. .0...0^. ..^....0| ok p=1
Q21:	|1+.^.1.. ^....+0. .1.^.1.. ..0....1| ok p=1
Q22:	|-1...-.. ......0. .-...+.. ..1.....| ok p=0.483398
Q23:	|.0...... 0....^.. ........ ..-.0...| ok p=1
Q24:	|^....^.. 1...0... .^...^.0 ....1...| ok p=0.696289
Q25:	|........ +...1... ........ ..^.+...| ok p=0.50293
Q26:	|...0.... ....+... ......0- ........| ok p=1
Q27:	|...1.... ^....... ......1- ....^...| ok p=0.950195
Q28:	|...-.... ....^... ......-+ ........| ok p=0.938477
Q29:	|...0.... ........ .......0 ........| ok p=0.9375
Q30:	|...+.... ........ ......^1 ........| ok p=1
Q31:	|...+.... ........ ........ ........| ok p=0.926758
Q32:	|........ ........ ........ ........| ok p=1
Q33:	|...!.... ........ ........ ........| ok p=1
Q34:	|........ ........ ........ ........| ok p=1
Q35:	|........ ........ ........ ........| ok p=1
Q36:	|........ ........ ........ ........| ok p=1
Q37:	|........ ........ ........ ........| ok p=1
Q38:	|........ ........ ........ ........| ok p=1
Q39:	|........ ........ ........ ........| ok p=1
Q40:	|........ ........ ........ ........| ok p=1
Q41:	|........ ........ ........ ........| ok p=1
Q42:	|........ ........ ........ ........| ok p=1
Q43:	|........ ........ ........ ........| ok p=1
Q44:	|........ ........ ........ ........| ok p=1
Q45:	|........ ........ ........ ........| ok p=1
Q46:	|........ ........ ........ ........| ok p=1
Q47:	|........ ........ ........ ........| ok p=1
Q48:	|........ ........ ........ ........| ok p=1
Q49:	|........ ........ ........ ........| ok p=1
Q50:	|........ ........ ........ ........| ok p=1
Q51:	|........ ........ ........ ........| ok p=1
Q52:	|........ ........ ........ ........| ok p=1
Q53:	|........ ........ ........ ........| ok p=1
Q54:	|........ ........ ........ ........| ok p=1
Q55:	|........ ........ ........ ........| ok p=1
Q56:	|........ ........ ........ ........| ok p=1
Q57:	|........ ........ ........ ........| ok p=1
Q58:	|........ ........ ........ ........| ok p=1
Q59:	|........ ........ ........ ........| ok p=1
Q60:	|........ ........ ........ .0......| ok p=1
Q61:	|........ ........ ........ .0......| ok p=0.927734
Q62:	|........ ........ ........ .-......| ok p=1
Q63:	|........ ........ ........ .-......| ok p=0.96582
Q64:	|....+... ........ ........ .-......|
Best path: totcompl=-27 tottunnel=33, totcond=569, p=0.00299974
Best paths: 2
Q-3:	|01110011 01110101 01011010 00001100|
Q-2:	|0++++010 -0-01001 1-0++100 10++++++|
Q-1:	|-000-000 --0+++++ +++0-000 +-00-+++|
Q0:	|+11-10-+ 00-10+00 10+10001 0+010--0| ok p=1
Q1:	|1+1-+.0+ 10+1-111 0+1.-.0. 1-..010-| ok p=0.62793
Q2:	|01110.01 +.+.0-.. .--.-.+. .+...0+1| ok p=1
Q3:	|.--01..+ 1.01++.! .-+.+.1. .1....+0| ok p=1
Q4:	|^+0....0 0.-01+.. ..1.+.-. .0....1+| ok p=1
Q5:	|!0+.1^.1 ..-+00.. .10.+1-. ..!..^-0| ok p=1
Q6:	|^--.1-.. ...+.+.. ..+.0.0. .....+1+| ok p=1
Q7:	|^+0.-00. ..1+.+.! ..-.0.+. .....0--| ok p=1
Q8:	|.+0.-10. ..1-.-.. ..-...1. ^....001| ok p=1
Q9:	|1+1.-+-. ...-.0.1 ..-...00 +....010| ok p=1
Q10:	|0-1.0--0 0.0+0011 1.+.00-1 0...00+.| ok p=1
Q11:	|0+0.10+1 111+100- 1^1110+0 00..1+-1| ok p=1
Q12:	|+1-.+-0- -0+-+1+0 -.10-+0+ .1.^+--0| ok p=1
Q13:	|-+1.-0-1 -+----00 +0------ 0-0+01+-| ok p=1
Q14:	|11-^1100 +01.111. 101+001- 00001100| ok p=1
Q15:	|-01++.0. +010100. 1-110100 -0+0+.0-| ok p=0.65918
Q16:	|..1+.... -.0..... ...-..1+ ..1.+..-| ok p=0.283203
Q17:	|^-.1^... 1.1...-. .^.0..1. ^.1.0..1| ok p=0.785156
Q18:	|.-.1.... 1.+...-. ...0..-^ ..-.1..+| ok p=0.353516
Q19:	|.+.-.... -....0+. ...+.... .......+| ok p=0.866211
Q20:	|1+...0.. ..^..1+. .0...0^. ..^....0| ok p=1
Q21:	|1+.^.1.. ^....+0. .1.^.1.. ..0....1| ok p=1
Q22:	|-1...-.. ......0. .-...+.. ..1.....| ok p=0.485352
Q23:	|.0...... 0....^.. ........ ..-.0...| ok p=1
Q24:	|^....^.. 1...0... .^...^.0 ....1...| ok p=0.732422
Q25:	|........ +...1... ........ ..^.+...| ok p=0.504883
Q26:	|...0.... ....+... ......0- ........| ok p=1
Q27:	|...1.... ^....... ......1- ....^...| ok p=0.935547
Q28:	|...-.... ....^... ......-+ ........| ok p=0.946289
Q29:	|...0.... ........ .......0 ........| ok p=0.935547
Q30:	|...+.... ........ ......^1 ........| ok p=1
Q31:	|...+.... ........ ........ ........| ok p=0.939453
Q32:	|........ ........ ........ ........| ok p=1
Q33:	|...!.... ........ ........ ........| ok p=1
Q34:	|........ ........ ........ ........| ok p=1
Q35:	|........ ........ ........ ........| ok p=1
Q36:	|........ ........ ........ ........| ok p=1
Q37:	|........ ........ ........ ........| ok p=1
Q38:	|........ ........ ........ ........| ok p=1
Q39:	|........ ........ ........ ........| ok p=1
Q40:	|........ ........ ........ ........| ok p=1
Q41:	|........ ........ ........ ........| ok p=1
Q42:	|........ ........ ........ ........| ok p=1
Q43:	|........ ........ ........ ........| ok p=1
Q44:	|........ ........ ........ ........| ok p=1
Q45:	|........ ........ ........ ........| ok p=1
Q46:	|........ ........ ........ ........| ok p=1
Q47:	|........ ........ ........ ........| ok p=1
Q48:	|........ ........ ........ ........| ok p=1
Q49:	|........ ........ ........ ........| ok p=1
Q50:	|........ ........ ........ ........| ok p=1
Q51:	|........ ........ ........ ........| ok p=1
Q52:	|........ ........ ........ ........| ok p=1
Q53:	|........ ........ ........ ........| ok p=1
Q54:	|........ ........ ........ ........| ok p=1
Q55:	|........ ........ ........ ........| ok p=1
Q56:	|........ ........ ........ ........| ok p=1
Q57:	|........ ........ ........ ........| ok p=1
Q58:	|........ ........ ........ ........| ok p=1
Q59:	|........ ........ ........ ........| ok p=1
Q60:	|........ ........ ........ .0......| ok p=1
Q61:	|........ ........ ........ .0......| ok p=0.9375
Q62:	|........ ........ ........ .-......| ok p=1
Q63:	|........ ........ ........ .-......| ok p=0.969727
Q64:	|....+... ........ ........ .-......|
Best path: totcompl=-26 tottunnel=34, totcond=569, p=0.00283355
Best paths: 2
Q-3:	|01110011 01110101 01011010 00001100|
Q-2:	|0++++010 -0-01001 1-0++100 10++++++|
Q-1:	|-000-000 --0+++++ +++0-000 +-00-+++|
Q0:	|+11-10-+ 00-10+00 10+10001 0+010--0| ok p=1
Q1:	|0+.-+.0+ 10+1-111 0+1.-.0. 1-..010-| ok p=0.320312
Q2:	|01^.0.01 +.+.0-.. .--.-.+. .+...0+1| ok p=1
Q3:	|1--01..+ 1.01++.! .-+.+.1. .1....+0| ok p=1
Q4:	|1+0....0 0.-01+.. ..1.+.-. .0....1+| ok p=1
Q5:	|00+.1^.1 ..-+00.. .10.+.-. ...!.^-0| ok p=1
Q6:	|0--.1-.. ...+.+.. ..+.0^0. .....+1+| ok p=1
Q7:	|0+0.-00. ..1+.+.. .!-.0.+. .....0--| ok p=1
Q8:	|0+0.-10. ..1-.-.. ..-...1. ^....001| ok p=1
Q9:	|1+..-+-. ...-.0.1 ..-..10. +....010| ok p=1
Q10:	|0-1.0--0 0.0+0011 1.+.00-1 0...00+.| ok p=1
Q11:	|0+0.10+1 101+100- 1^1110+0 00..1+-1| ok p=1
Q12:	|+1-.+-0- -1+-+1+0 -.10-+0+ .1.^+--0| ok p=1
Q13:	|-+1.-0-1 0-----00 +0------ 0-0+01+-| ok p=1
Q14:	|11-^1100 +01.111. 101+.01- 00001010| ok p=1
Q15:	|-01++.0. +010100! 1-110100 -0+0+.0-| ok p=0.648438
Q16:	|..1+.... -.0..... ...-..1+ ..1.+..-| ok p=0.260742
Q17:	|^-.1^... 1.1...-. .^.0..1. ^.1.0..1| ok p=0.810547
Q18:	|.-.1.... 1.+...-. ...0..-^ ..-.1..+| ok p=0.350586
Q19:	|.+.-.... -....0+. ...+.... .......+| ok p=0.874023
Q20:	|1+...0.. ..^..1+. .0...0^. ..^....0| ok p=1
Q21:	|1+.^.1.. ^....+0. .1.^.1.. ..0....1| ok p=1
Q22:	|-1...-.. ......0. .-...+.. ..1.....| ok p=0.458008
Q23:	|.0...... 0....^.. ........ ..-.0...| ok p=0.999023
Q24:	|^....^.. 1...0... .^...^.0 ....1...| ok p=0.709961
Q25:	|........ +...1... ........ ..^.+...| ok p=0.493164
Q26:	|...0.... ....+... ......0- ........| ok p=1
Q27:	|...1.... ^....... ......1- ....^...| ok p=0.943359
Q28:	|...-.... ....^... ......-+ ........| ok p=0.936523
Q29:	|...0.... ........ .......0 ........| ok p=0.932617
Q30:	|...+.... ........ ......^1 ........| ok p=1
Q31:	|...+.... ........ ........ ........| ok p=0.931641
Q32:	|........ ........ ........ ........| ok p=1
Q33:	|...!.... ........ ........ ........| ok p=1
Q34:	|........ ........ ........ ........| ok p=1
Q35:	|........ ........ ........ ........| ok p=1
Q36:	|........ ........ ........ ........| ok p=1
Q37:	|........ ........ ........ ........| ok p=1
Q38:	|........ ........ ........ ........| ok p=1
Q39:	|........ ........ ........ ........| ok p=1
Q40:	|........ ........ ........ ........| ok p=1
Q41:	|........ ........ ........ ........| ok p=1
Q42:	|........ ........ ........ ........| ok p=1
Q43:	|........ ........ ........ ........| ok p=1
Q44:	|........ ........ ........ ........| ok p=1
Q45:	|........ ........ ........ ........| ok p=1
Q46:	|........ ........ ........ ........| ok p=1
Q47:	|........ ........ ........ ........| ok p=1
Q48:	|........ ........ ........ ........| ok p=1
Q49:	|........ ........ ........ ........| ok p=1
Q50:	|........ ........ ........ ........| ok p=1
Q51:	|........ ........ ........ ........| ok p=1
Q52:	|........ ........ ........ ........| ok p=1
Q53:	|........ ........ ........ ........| ok p=1
Q54:	|........ ........ ........ ........| ok p=1
Q55:	|........ ........ ........ ........| ok p=1
Q56:	|........ ........ ........ ........| ok p=1
Q57:	|........ ........ ........ ........| ok p=1
Q58:	|........ ........ ........ ........| ok p=1
Q59:	|........ ........ ........ ........| ok p=1
Q60:	|........ ........ ........ .0......| ok p=1
Q61:	|........ ........ ........ .0......| ok p=0.931641
Q62:	|........ ........ ........ .-......| ok p=1
Q63:	|........ ........ ........ .-......| ok p=0.958984
Q64:	|....+... ........ ........ .-......|
Best path: totcompl=-26 tottunnel=34, totcond=568, p=0.00162811
Q-3:	|01110011 01110101 01011010 00001100|
Q-2:	|0++++010 -0-01001 1-0++100 10++++++|
Q-1:	|-000-000 --0+++++ +++0-000 +-00-+++|
Q0:	|+11-10-+ 00-10+00 10+10001 0+010--0| ok p=1
Q1:	|0+1-+.0+ 10+1-111 0+1.-.0. 1-..010-| ok p=0.62793
Q2:	|01110.01 +.+.0-.. .--.-.+. .+...0+1| ok p=1
Q3:	|.--01..+ 1.01++.. !-+.+.1. .1....+0| ok p=1
Q4:	|^+0....0 0.-01+.. ..1.+.-. .0....1+| ok p=1
Q5:	|!0+.1^.1 ..-+00.. .10.+.-. ...!.^-0| ok p=1
Q6:	|^--.1-.. ...+.+.. ..+.0^0. .....+1+| ok p=1
Q7:	|^+0.-00. ..1+.+.. .!-.0.+. .....0--| ok p=1
Q8:	|.+0.-10. ..1-.-.. ..-...1. ^....001| ok p=1
Q9:	|1+1.-+-. ...-.0.1 ..-...00 +....010| ok p=1
Q10:	|0-1.1--. 0.0+.001 10+100-1 0...00+.| ok p=1
Q11:	|0+0^01+. 101+.11- 1.1100+0 00..1+-1| ok p=1
Q12:	|+1-+---. +1+-^++0 -.-+++0+ .1.^+--0| ok p=1
Q13:	|-+11--+. -+----00 +0------ 0-0+01+-| ok p=1
Q14:	|11-11.1. +10.111. 10.+101- 00001010| ok p=1
Q15:	|-01++00. +010110! 1-110100 -0+0+.0-| ok p=0.623047
Q16:	|..1+.... -.0..... ...-..1+ ..1.+..-| ok p=0.275391
Q17:	|^-.1^... 1.1...-. .^.0..1. ^.1.0..1| ok p=0.813477
Q18:	|.-.1.... 1.+...-. ...0..-^ ..-.1..+| ok p=0.365234
Q19:	|.+.-.... -....0+. ...+.... .......+| ok p=0.873047
Q20:	|1+...0.. ..^..1+. .0...0^. ..^....0| ok p=1
Q21:	|1+.^.1.. ^....+0. .1.^.1.. ..0....1| ok p=1
Q22:	|-1...-.. ......0. .-...+.. ..1.....| ok p=0.47168
Q23:	|.0...... 0....^.. ........ ..-.0...| ok p=0.999023
Q24:	|^....^.. 1...0... .^...^.0 ....1...| ok p=0.719727
Q25:	|........ +...1... ........ ..^.+...| ok p=0.464844
Q26:	|...0.... ....+... ......0- ........| ok p=1
Q27:	|...1.... ^....... ......1- ....^...| ok p=0.939453
Q28:	|...-.... ....^... ......-+ ........| ok p=0.942383
Q29:	|...0.... ........ .......0 ........| ok p=0.9375
Q30:	|...+.... ........ ......^1 ........| ok p=1
Q31:	|...+.... ........ ........ ........| ok p=0.931641
Q32:	|........ ........ ........ ........| ok p=1
Q33:	|...!.... ........ ........ ........| ok p=1
Q34:	|........ ........ ........ ........| ok p=1
Q35:	|........ ........ ........ ........| ok p=1
Q36:	|........ ........ ........ ........| ok p=1
Q37:	|........ ........ ........ ........| ok p=1
Q38:	|........ ........ ........ ........| ok p=1
Q39:	|........ ........ ........ ........| ok p=1
Q40:	|........ ........ ........ ........| ok p=1
Q41:	|........ ........ ........ ........| ok p=1
Q42:	|........ ........ ........ ........| ok p=1
Q43:	|........ ........ ........ ........| ok p=1
Q44:	|........ ........ ........ ........| ok p=1
Q45:	|........ ........ ........ ........| ok p=1
Q46:	|........ ........ ........ ........| ok p=1
Q47:	|........ ........ ........ ........| ok p=1
Q48:	|........ ........ ........ ........| ok p=1
Q49:	|........ ........ ........ ........| ok p=1
Q50:	|........ ........ ........ ........| ok p=1
Q51:	|........ ........ ........ ........| ok p=1
Q52:	|........ ........ ........ ........| ok p=1
Q53:	|........ ........ ........ ........| ok p=1
Q54:	|........ ........ ........ ........| ok p=1
Q55:	|........ ........ ........ ........| ok p=1
Q56:	|........ ........ ........ ........| ok p=1
Q57:	|........ ........ ........ ........| ok p=1
Q58:	|........ ........ ........ ........| ok p=1
Q59:	|........ ........ ........ ........| ok p=1
Q60:	|........ ........ ........ .0......| ok p=1
Q61:	|........ ........ ........ .0......| ok p=0.929688
Q62:	|........ ........ ........ .-......| ok p=1
Q63:	|........ ........ ........ .-......| ok p=0.974609
Q64:	|....+... ........ ........ .-......|
Best path: totcompl=-26 tottunnel=34, totcond=566, p=0.00324648
Q-3:	|01110011 01110101 01011010 00001100|
Q-2:	|0++++010 -0-01001 1-0++100 10++++++|
Q-1:	|-000-000 --0+++++ +++0-000 +-00-+++|
Q0:	|+11-10-+ 00-10+00 10+10001 0+010--0| ok p=1
Q1:	|0+.-+.0+ 10+1-111 0+1.-.0. 1-..010-| ok p=0.317383
Q2:	|01^.0.01 +.+.0-.. .--.-.+. .+...0+1| ok p=1
Q3:	|1--01..+ 1.01++.. !-+.+.1. .1....+0| ok p=1
Q4:	|1+0....0 0.-01+.. ..1.+.-. .0....1+| ok p=1
Q5:	|00+.1^.1 ..-+00.. .10.+.-. ..!..^-0| ok p=1
Q6:	|0--.1-.. ...+.+.. ..+.0^0. .....+1+| ok p=1
Q7:	|0+0.-00. ..1+.+.. !.-.0.+. .....0--| ok p=1
Q8:	|.+0.-10. ..1-.-.. ..-...1. ^....001| ok p=1
Q9:	|1+1.-+-. ...-.0.1 ..-...00 +....010| ok p=1
Q10:	|0-1.1--. 0.0+.001 1.+100-1 0...00+.| ok p=1
Q11:	|0+0^01+. 101+.11- 1^1100+0 00..1+-1| ok p=1
Q12:	|+1-+---. +1+-^++0 -.-+++0+ .1.^+--0| ok p=1
Q13:	|-+11--+. -+----00 +0------ 0-0+01+-| ok p=1
Q14:	|11-11.1. +10.111. 100+101- 00001100| ok p=1
Q15:	|-01++00. +010110. 1-110100 -0+0+.0-| ok p=0.620117
Q16:	|..1+.... -.0..... ...-..1+ ..1.+..-| ok p=0.270508
Q17:	|^-.1^... 1.1...-. .^.0..1. ^.1.0..1| ok p=0.804688
Q18:	|.-.1.... 1.+...-. ...0..-^ ..-.1..+| ok p=0.347656
Q19:	|.+.-.... -....0+. ...+.... .......+| ok p=0.884766
Q20:	|1+...0.. ..^..1+. .0...0^. ..^....0| ok p=1
Q21:	|1+.^.1.. ^....+0. .1.^.1.. ..0....1| ok p=1
Q22:	|-1...-.. ......0. .-...+.. ..1.....| ok p=0.461914
Q23:	|.0...... 0....^.. ........ ..-.0...| ok p=1
Q24:	|^....^.. 1...0... .^...^.0 ....1...| ok p=0.717773
Q25:	|........ +...1... ........ ..^.+...| ok p=0.473633
Q26:	|...0.... ....+... ......0- ........| ok p=1
Q27:	|...1.... ^....... ......1- ....^...| ok p=0.944336
Q28:	|...-.... ....^... ......-+ ........| ok p=0.928711
Q29:	|...0.... ........ .......0 ........| ok p=0.936523
Q30:	|...+.... ........ ......^1 ........| ok p=1
Q31:	|...+.... ........ ........ ........| ok p=0.930664
Q32:	|........ ........ ........ ........| ok p=1
Q33:	|...!.... ........ ........ ........| ok p=1
Q34:	|........ ........ ........ ........| ok p=1
Q35:	|........ ........ ........ ........| ok p=1
Q36:	|........ ........ ........ ........| ok p=1
Q37:	|........ ........ ........ ........| ok p=1
Q38:	|........ ........ ........ ........| ok p=1
Q39:	|........ ........ ........ ........| ok p=1
Q40:	|........ ........ ........ ........| ok p=1
Q41:	|........ ........ ........ ........| ok p=1
Q42:	|........ ........ ........ ........| ok p=1
Q43:	|........ ........ ........ ........| ok p=1
Q44:	|........ ........ ........ ........| ok p=1
Q45:	|........ ........ ........ ........| ok p=1
Q46:	|........ ........ ........ ........| ok p=1
Q47:	|........ ........ ........ ........| ok p=1
Q48:	|........ ........ ........ ........| ok p=1
Q49:	|........ ........ ........ ........| ok p=1
Q50:	|........ ........ ........ ........| ok p=1
Q51:	|........ ........ ........ ........| ok p=1
Q52:	|........ ........ ........ ........| ok p=1
Q53:	|........ ........ ........ ........| ok p=1
Q54:	|........ ........ ........ ........| ok p=1
Q55:	|........ ........ ........ ........| ok p=1
Q56:	|........ ........ ........ ........| ok p=1
Q57:	|........ ........ ........ ........| ok p=1
Q58:	|........ ........ ........ ........| ok p=1
Q59:	|........ ........ ........ ........| ok p=1
Q60:	|........ ........ ........ .0......| ok p=1
Q61:	|........ ........ ........ .0......| ok p=0.928711
Q62:	|........ ........ ........ .-......| ok p=1
Q63:	|........ ........ ........ .-......| ok p=0.969727
Q64:	|....+... ........ ........ .-......|
Best path: totcompl=-25 tottunnel=35, totcond=565, p=0.00147302
Q-3:	|01110011 01110101 01011010 00001100|
Q-2:	|0++++010 -0-01001 1-0++100 10++++++|
Q-1:	|-000-000 --0+++++ +++0-000 +-00-+++|
Q0:	|+11-10-+ 00-10+00 10+10001 0+010--0| ok p=1
Q1:	|0+1-+.0+ 10+1-111 0+1.-.0. 1-..010-| ok p=0.623047
Q2:	|01110.01 +.+.0-.. .--.-.+. .+...0+1| ok p=1
Q3:	|.--01..+ 1.01++.. !-+.+.1. .1....+0| ok p=1
Q4:	|^+0....0 0.-01+.. ..1.+.-. .0....1+| ok p=1
Q5:	|!0+.1^.1 ..-+00.. .10.+.-. ..!..^-0| ok p=1
Q6:	|^--.1-.. ...+.+.. ..+.0^0. .....+1+| ok p=1
Q7:	|^+0.-00. ..1+.+.. !.-.0.+. .....0--| ok p=1
Q8:	|.+0.-10. ..1-.-.. ..-...1. ^....001| ok p=1
Q9:	|1+1.-+-. ...-.0.1 ..-...00 +....010| ok p=1
Q10:	|0-1.1--. 0.0+.001 1.+..1-1 0...00+.| ok p=1
Q11:	|0+0^01+. 101+.11- 1^11.1+0 00..1+-1| ok p=1
Q12:	|+1-+---. +1+-^++0 -.10^-0+ .1.^+--0| ok p=1
Q13:	|-+11--+. -+----00 +0------ 0-0+01+-| ok p=1
Q14:	|11-11.1. +10.111. 101+001- 00001010| ok p=1
Q15:	|-01++00. +010110. 1-110100 -0+0+.0-| ok p=0.638672
Q16:	|..1+.... -.0..... ...-..1+ ..1.+..-| ok p=0.273438
Q17:	|^-.1^... 1.1...-. .^.0..1. ^.1.0..1| ok p=0.805664
Q18:	|.-.1.... 1.+...-. ...0..-^ ..-.1..+| ok p=0.355469
Q19:	|.+.-.... -....0+. ...+.... .......+| ok p=0.859375
Q20:	|1+...0.. ..^..1+. .0...0^. ..^....0| ok p=1
Q21:	|1+.^.1.. ^....+0. .1.^.1.. ..0....1| ok p=1
Q22:	|-1...-.. ......0. .-...+.. ..1.....| ok p=0.479492
Q23:	|.0...... 0....^.. ........ ..-.0...| ok p=1
Q24:	|^....^.. 1...0... .^...^.0 ....1...| ok p=0.703125
Q25:	|........ +...1... ........ ..^.+...| ok p=0.475586
Q26:	|...0.... ....+... ......0- ........| ok p=1
Q27:	|...1.... ^....... ......1- ....^...| ok p=0.929688
Q28:	|...-.... ....^... ......-+ ........| ok p=0.932617
Q29:	|...0.... ........ .......0 ........| ok p=0.932617
Q30:	|...+.... ........ ......^1 ........| ok p=1
Q31:	|...+.... ........ ........ ........| ok p=0.927734
Q32:	|........ ........ ........ ........| ok p=1
Q33:	|...!.... ........ ........ ........| ok p=1
Q34:	|........ ........ ........ ........| ok p=1
Q35:	|........ ........ ........ ........| ok p=1
Q36:	|........ ........ ........ ........| ok p=1
Q37:	|........ ........ ........ ........| ok p=1
Q38:	|........ ........ ........ ........| ok p=1
Q39:	|........ ........ ........ ........| ok p=1
Q40:	|........ ........ ........ ........| ok p=1
Q41:	|........ ........ ........ ........| ok p=1
Q42:	|........ ........ ........ ........| ok p=1
Q43:	|........ ........ ........ ........| ok p=1
Q44:	|........ ........ ........ ........| ok p=1
Q45:	|........ ........ ........ ........| ok p=1
Q46:	|........ ........ ........ ........| ok p=1
Q47:	|........ ........ ........ ........| ok p=1
Q48:	|........ ........ ........ ........| ok p=1
Q49:	|........ ........ ........ ........| ok p=1
Q50:	|........ ........ ........ ........| ok p=1
Q51:	|........ ........ ........ ........| ok p=1
Q52:	|........ ........ ........ ........| ok p=1
Q53:	|........ ........ ........ ........| ok p=1
Q54:	|........ ........ ........ ........| ok p=1
Q55:	|........ ........ ........ ........| ok p=1
Q56:	|........ ........ ........ ........| ok p=1
Q57:	|........ ........ ........ ........| ok p=1
Q58:	|........ ........ ........ ........| ok p=1
Q59:	|........ ........ ........ ........| ok p=1
Q60:	|........ ........ ........ .0......| ok p=1
Q61:	|........ ........ ........ .0......| ok p=0.935547
Q62:	|........ ........ ........ .-......| ok p=1
Q63:	|........ ........ ........ .-......| ok p=0.96875
Q64:	|....+... ........ ........ .-......|
Best path: totcompl=-23 tottunnel=37, totcond=563, p=0.00276572
Best paths: 2
**********Q-3:	|01110011 01110101 01011010 00001100|
Q-2:	|0++++010 -0-01001 1-0++100 10++++++|
Q-1:	|-000-000 --0+++++ +++0-000 +-00-+++|
Q0:	|+11-10-+ 00-10+00 10+10001 0+010--0| ok p=1
Q1:	|0+1-+.0+ 10+1-111 0+1.-.0. 1-..010-| ok p=0.612305
Q2:	|01110.01 +.+.0-.. .--.-.+. .+...0+1| ok p=1
Q3:	|.--01..+ 1.01++.. !-+.+.1. .1....+0| ok p=1
Q4:	|^+0....0 0.-01+.. ..1.+.-. .0....1+| ok p=1
Q5:	|!0+.1^.1 ..-+00.. .10.+.-. ...!.^-0| ok p=1
Q6:	|^--.1-.. ...+.+.. ..+.0^0. .....+1+| ok p=1
Q7:	|^+0.-00. ..1+.+.. .!-.0.+. .....0--| ok p=1
Q8:	|0+0.-10. ..1-.-.. ..-...1. ^....001| ok p=1
Q9:	|1+..-+-. ...-.0.1 ..-...00 +....110| ok p=1
Q10:	|0-1.1--. 0.0+.001 1.+..1-1 0...0+-.| ok p=1
Q11:	|0+0^01+. 101+.11- 1^11.1+0 00..11+0| ok p=1
Q12:	|+1-+---. +1+-^++0 -.10^-0+ .1.^+--1| ok p=1
Q13:	|-+11--+. -+----00 +0------ 0-0+01+-| ok p=1
Q14:	|11-11.1. +10.111. 101+0.1- 00001010| ok p=1
Q15:	|-01++00. +010110! 1-110100 -0+0+.0-| ok p=0.615234
Q16:	|..1+.... -.0..... ...-..1+ ..1.+..-| ok p=0.274414
Q17:	|^-.1^... 1.1...-. .^.0..1. ^.1.0..1| ok p=0.797852
Q18:	|.-.1.... 1.+...-. ...0..-^ ..-.1..+| ok p=0.34668
Q19:	|.+.-.... -....0+. ...+.... .......+| ok p=0.867188
Q20:	|1+...0.. ..^..1+. .0...0^. ..^....0| ok p=1
Q21:	|1+.^.1.. ^....+0. .1.^.1.. ..0....1| ok p=1
Q22:	|-1...-.. ......0. .-...+.. ..1.....| ok p=0.458984
Q23:	|.0...... 0....^.. ........ ..-.0...| ok p=1
Q24:	|^....^.. 1...0... .^...^.0 ....1...| ok p=0.733398
Q25:	|........ +...1... ........ ..^.+...| ok p=0.488281
Q26:	|...0.... ....+... ......0- ........| ok p=1
Q27:	|...1.... ^....... ......1- ....^...| ok p=0.944336
Q28:	|...-.... ....^... ......-+ ........| ok p=0.9375
Q29:	|...0.... ........ .......0 ........| ok p=0.94043
Q30:	|...+.... ........ ......^1 ........| ok p=1
Q31:	|...+.... ........ ........ ........| ok p=0.930664
Q32:	|........ ........ ........ ........| ok p=1
Q33:	|...!.... ........ ........ ........| ok p=1
Q34:	|........ ........ ........ ........| ok p=1
Q35:	|........ ........ ........ ........| ok p=1
Q36:	|........ ........ ........ ........| ok p=1
Q37:	|........ ........ ........ ........| ok p=1
Q38:	|........ ........ ........ ........| ok p=1
Q39:	|........ ........ ........ ........| ok p=1
Q40:	|........ ........ ........ ........| ok p=1
Q41:	|........ ........ ........ ........| ok p=1
Q42:	|........ ........ ........ ........| ok p=1
Q43:	|........ ........ ........ ........| ok p=1
Q44:	|........ ........ ........ ........| ok p=1
Q45:	|........ ........ ........ ........| ok p=1
Q46:	|........ ........ ........ ........| ok p=1
Q47:	|........ ........ ........ ........| ok p=1
Q48:	|........ ........ ........ ........| ok p=1
Q49:	|........ ........ ........ ........| ok p=1
Q50:	|........ ........ ........ ........| ok p=1
Q51:	|........ ........ ........ ........| ok p=1
Q52:	|........ ........ ........ ........| ok p=1
Q53:	|........ ........ ........ ........| ok p=1
Q54:	|........ ........ ........ ........| ok p=1
Q55:	|........ ........ ........ ........| ok p=1
Q56:	|........ ........ ........ ........| ok p=1
Q57:	|........ ........ ........ ........| ok p=1
Q58:	|........ ........ ........ ........| ok p=1
Q59:	|........ ........ ........ ........| ok p=1
Q60:	|........ ........ ........ .0......| ok p=1
Q61:	|........ ........ ........ .0......| ok p=0.955078
Q62:	|........ ........ ........ .-......| ok p=1
Q63:	|........ ........ ........ .-......| ok p=0.96582
Q64:	|....+... ........ ........ .-......|
Best path: totcompl=-21 tottunnel=39, totcond=563, p=0.00279622
**********************************