Extend MD5 differential paths forward
Copyright (C) 2009 Marc Stevens
http://homepages.cwi.nl/~stevens/

delta_m[11] = [!-28!]
Loading workdir0/lowerpath.bin.gz...done: 1.
Estimating maxcond for upper bound 8000000 (=2000000 * 4)...
t=1:  0%   10   20   30   40   50   60   70   80   90   100%
      |----|----|----|----|----|----|----|----|----|----|
e     ***************************************************
Found maxcond = 2176
t=1:  0%   10   20   30   40   50   60   70   80   90   100%
      |----|----|----|----|----|----|----|----|----|----|
      ***************************************************
Q-3:	|01110011 01110101 01011010 00001100|
Q-2:	|0++++010 -0-01001 1-0++100 10++++++|
Q-1:	|-000-000 --0+++++ +++0-000 +-00-+++|
Q0:	|+11-10-+ 00-10+00 10+10001 0+010--0| ok p=0.49707
Q1:	|1+.1-.0+ 110++.11 1+..-... 1-..100-| ok p=0.600586
Q2:	|+...-... +.+..-.. +.+.-.+. .-..+.-.|
Saving 124928 paths...done.
Autobalance parameters: maxcond=2176
Verified: 30720 bad out of 155648
Estimating maxcond for upper bound 8000000 (=2000000 * 4)...
t=2:  0%   10   20   30   40   50   60   70   80   90   100%
      |----|----|----|----|----|----|----|----|----|----|
e     ***************************************************
Found maxcond = 169
t=2:  0%   10   20   30   40   50   60   70   80   90   100%
      |----|----|----|----|----|----|----|----|----|----|
      ***************************************************
Q-3:	|01110011 01110101 01011010 00001100|
Q-2:	|0++++010 -0-01001 1-0++100 10++++++|
Q-1:	|-000-000 --0+++++ +++0-000 +-00-+++|
Q0:	|+11-10-+ 00-10+00 10+10001 0+010--0| ok p=0.731445
Q1:	|+-.1-.0+ 10+1-000 1+0.-.0. 0-..110-| ok p=0.794922
Q2:	|.+.--.1. +.+.0+.. .0+.-.+. .-...1+0| ok p=0.328125
Q3:	|.-..+..+ ..+...-. -..-.-.. -.....+.|
Saving 2000000 paths...done.
Autobalance parameters: maxcond=169
Verified: 0 bad out of 2160384
Estimating maxcond for upper bound 8000000 (=2000000 * 4)...
t=3:  0%   10   20   30   40   50   60   70   80   90   100%
      |----|----|----|----|----|----|----|----|----|----|
e     ***************************************************
Found maxcond = 186
t=3:  0%   10   20   30   40   50   60   70   80   90   100%
      |----|----|----|----|----|----|----|----|----|----|
      ***************************************************
Q-3:	|01110011 01110101 01011010 00001100|
Q-2:	|0++++010 -0-01001 1-0++100 10++++++|
Q-1:	|-000-000 --0+++++ +++0-000 +-00-+++|
Q0:	|+11-10-+ 00-10+00 10+10001 0+010--0| ok p=1
Q1:	|0+.-+.0+ 10+1-111 1+1.-.0. 1-..000-| ok p=0.15918
Q2:	|00.1-.00 +.+.0-.. .+-.-.+. .+...0+1| ok p=0.925781
Q3:	|.1.++..+ 0...++.. ..0.-.0. .1....+1| ok p=0.544922
Q4:	|.+..-... ..+.+... .-..-.-. ..+.-...|
Saving 2000000 paths...done.
Autobalance parameters: maxcond=185
Verified: 51136 bad out of 2115841
Estimating maxcond for upper bound 8000000 (=2000000 * 4)...
t=4:  0%   10   20   30   40   50   60   70   80   90   100%
      |----|----|----|----|----|----|----|----|----|----|
e     ***************************************************
Found maxcond = 200
t=4:  0%   10   20   30   40   50   60   70   80   90   100%
      |----|----|----|----|----|----|----|----|----|----|
      ***************************************************
Q-3:	|01110011 01110101 01011010 00001100|
Q-2:	|0++++010 -0-01001 1-0++100 10++++++|
Q-1:	|-000-000 --0+++++ +++0-000 +-00-+++|
Q0:	|+11-10-+ 00-10+00 10+10001 0+010--0| ok p=1
Q1:	|0+.-+.0+ 10+1-011 1+1.-.0. 0-..111-| ok p=0.192383
Q2:	|00.1-.01 +.+.0+.. .1-.-.+. .+...1+1| ok p=0.883789
Q3:	|.1.++..+ 1.+.01.. .-1.-.0. .0....+0| ok p=0.55957
Q4:	|...++..0 -....-.. .0-.-.1. .1......| ok p=0.451172
Q5:	|.-.-.+.. -....+.. .-..-... +.+..-.+|
Saving 2000000 paths...done.
Autobalance parameters: maxcond=199
Verified: 4068 bad out of 2483903
Estimating maxcond for upper bound 8000000 (=2000000 * 4)...
t=5:  0%   10   20   30   40   50   60   70   80   90   100%
      |----|----|----|----|----|----|----|----|----|----|
e     ***************************************************
Found maxcond = 215
t=5:  0%   10   20   30   40   50   60   70   80   90   100%
      |----|----|----|----|----|----|----|----|----|----|
      ***************************************************
Q-3:	|01110011 01110101 01011010 00001100|
Q-2:	|0++++010 -0-01001 1-0++100 10++++++|
Q-1:	|-000-000 --0+++++ +++0-000 +-00-+++|
Q0:	|+11-10-+ 00-10+00 10+10001 0+010--0| ok p=0.5
Q1:	|1+V-+.0+ 10+1-111 0+1.-.0. 1-..010-| ok p=0.605469
Q2:	|01..0.01 +.+.0-.. .--.-.+. .+...0+1| ok p=0.484375
Q3:	|.--01..+ 0.0.++.. .-+.+.1. .1....+0| ok p=0.385742
Q4:	|.+0....0 0.-.+-.. ..-.+.-. .0....1+| ok p=0.96582
Q5:	|.1+....1 ..-..0.. .1-.+.-. ......-0| ok p=0.40918
Q6:	|+.+.-.+. .....+.. ....+... ....+.-.|
Saving 2000000 paths...done.
Autobalance parameters: maxcond=214
Verified: 41776 bad out of 2114389
Estimating maxcond for upper bound 8000000 (=2000000 * 4)...
t=6:  0%   10   20   30   40   50   60   70   80   90   100%
      |----|----|----|----|----|----|----|----|----|----|
e     ***************************************************
Found maxcond = 228
t=6:  0%   10   20   30   40   50   60   70   80   90   100%
      |----|----|----|----|----|----|----|----|----|----|
      ***************************************************
Q-3:	|01110011 01110101 01011010 00001100|
Q-2:	|0++++010 -0-01001 1-0++100 10++++++|
Q-1:	|-000-000 --0+++++ +++0-000 +-00-+++|
Q0:	|+11-10-+ 00-10+00 10+10001 0+010--0| ok p=0.485352
Q1:	|1+V-+.0+ 10+1-111 0+1.-.0. 1-..010-| ok p=0.620117
Q2:	|01..0.01 +.+.0-.. .--.-.+. .+...0+1| ok p=0.452148
Q3:	|.--01..+ 0.0.++.. .-+.+.1. .1....+0| ok p=0.373047
Q4:	|.+0.V.V0 0.-.+-.. ..-.+.-. .0...V1+| ok p=0.636719
Q5:	|.0+....1 ..-..0.. .0-.+.-. ......-0| ok p=0.332031
Q6:	|.--.-.-. ....1+.. ........ .....++1| ok p=0.46875
Q7:	|.+.-..+. .....+.. .-....+. ..-.-.-.|
Saving 2000000 paths...done.
Autobalance parameters: maxcond=227
Verified: 19797 bad out of 2725401
Estimating maxcond for upper bound 8000000 (=2000000 * 4)...
t=7:  0%   10   20   30   40   50   60   70   80   90   100%
      |----|----|----|----|----|----|----|----|----|----|
e     ***************************************************
Found maxcond = 241
t=7:  0%   10   20   30   40   50   60   70   80   90   100%
      |----|----|----|----|----|----|----|----|----|----|
      ***************************************************
Q-3:	|01110011 01110101 01011010 00001100|
Q-2:	|0++++010 -0-01001 1-0++100 10++++++|
Q-1:	|-000-000 --0+++++ +++0-000 +-00-+++|
Q0:	|+11-10-+ 00-10+00 10+10001 0+010--0| ok p=1
Q1:	|0+V-+.0+ 10+1-111 0+1.-.0. 1-..010-| ok p=0.287109
Q2:	|01..0.01 +.+.0-.. .--.-.+. .+...0+1| ok p=0.443359
Q3:	|.--01..+ 0.0.++.. .-+.+.1. .1....+0| ok p=0.387695
Q4:	|.+0..V.0 0.-.+-.. .0-.+.-. .1..V.0+| ok p=0.696289
Q5:	|.0+.V..1 ..-..1.. .-0.+.-. ...V..-0| ok p=0.56543
Q6:	|.0+..-.. ....0+.. .01...1. ....+.-1| ok p=0.855469
Q7:	|....-0.. ..1..+.. .1..1.+. ...-0.-.| ok p=0.294922
Q8:	|+...-... ..-..-.. .....-.- ..-.+..-|
Saving 2000000 paths...done.
Autobalance parameters: maxcond=240
Verified: 1072 bad out of 2075706
Estimating maxcond for upper bound 8000000 (=2000000 * 4)...
t=8:  0%   10   20   30   40   50   60   70   80   90   100%
      |----|----|----|----|----|----|----|----|----|----|
e     ***************************************************
Found maxcond = 256
t=8:  0%   10   20   30   40   50   60   70   80   90   100%
      |----|----|----|----|----|----|----|----|----|----|
      ***************************************************
Q-3:	|01110011 01110101 01011010 00001100|
Q-2:	|0++++010 -0-01001 1-0++100 10++++++|
Q-1:	|-000-000 --0+++++ +++0-000 +-00-+++|
Q0:	|+11-10-+ 00-10+00 10+10001 0+010--0| ok p=1
Q1:	|0+.-+.0+ 10+1-011 1+1.-.0. 0-..111-| ok p=0.558594
Q2:	|00.0-.01 +.+.0+.. .1-.-.+. .+...1+1| ok p=0.84375
Q3:	|.1.++V.+ 1.+.01.. .-1.-.1. .1....+0| ok p=0.293945
Q4:	|.-.-+..1 -.1.-1.. .1-.-.1. .0....1+| ok p=0.71875
Q5:	|.-.+.+.- +.-.01.. .1-.-... ......-0| ok p=0.766602
Q6:	|.1.+01.1 +.1.1+V. .0..-... ......01| ok p=0.841797
Q7:	|.+.-.1.1 +.1.+0.. .-1..... ......0-| ok p=0.762695
Q8:	|.+.-.... ....0--. .-..1... ......++| ok p=0.785156
Q9:	|..+...+. .-..+.-. .-....-. +..-.-.+|
Saving 2000000 paths...done.
Autobalance parameters: maxcond=255
Verified: 10833 bad out of 3060912
Estimating maxcond for upper bound 8000000 (=2000000 * 4)...
t=9:  0%   10   20   30   40   50   60   70   80   90   100%
      |----|----|----|----|----|----|----|----|----|----|
e     ***************************************************
Found maxcond = 268
t=9:  0%   10   20   30   40   50   60   70   80   90   100%
      |----|----|----|----|----|----|----|----|----|----|
      ***************************************************
Q-3:	|01110011 01110101 01011010 00001100|
Q-2:	|0++++010 -0-01001 1-0++100 10++++++|
Q-1:	|-000-000 --0+++++ +++0-000 +-00-+++|
Q0:	|+11-10-+ 00-10+00 10+10001 0+010--0| ok p=1
Q1:	|0+.-+.0+ 10+1-011 1+1.-.0. 0-..111-| ok p=0.574219
Q2:	|00.0-.01 +.+.0+.. .1-.-.+. .+...1+1| ok p=0.837891
Q3:	|.1.++V.+ 1.+.01.. .-1.-.1. .1....+0| ok p=0.317383
Q4:	|.-.-+..1 -.1.-1.. .0-.-.1. .0....0+| ok p=0.728516
Q5:	|.-.+.+.- +.0.01.. .1-.-... ......-0| ok p=0.868164
Q6:	|.0.+00.+ -.+.1+V. ..+.-... ....V.+1| ok p=0.754883
Q7:	|.+.-.1.1 +.+.+01. ..-.-... ......+-| ok p=0.495117
Q8:	|.+.-...1 +...+1+. ..0..... ....-.--| ok p=0.724609
Q9:	|........ +.1...+. ..1.1... ....0.0-| ok p=0.569336
Q10:	|.-....+. ......+. .+.-.+.. ...+..+.|
Saving 2000000 paths...done.
Autobalance parameters: maxcond=267
Verified: 74079 bad out of 2952159
Estimating maxcond for upper bound 8000000 (=2000000 * 4)...
t=10: 0%   10   20   30   40   50   60   70   80   90   100%
      |----|----|----|----|----|----|----|----|----|----|
e     ***************************************************
Found maxcond = 280
t=10: 0%   10   20   30   40   50   60   70   80   90   100%
      |----|----|----|----|----|----|----|----|----|----|
      ***************************************************
Q-3:	|01110011 01110101 01011010 00001100|
Q-2:	|0++++010 -0-01001 1-0++100 10++++++|
Q-1:	|-000-000 --0+++++ +++0-000 +-00-+++|
Q0:	|+11-10-+ 00-10+00 10+10001 0+010--0| ok p=1
Q1:	|0+V-+.0+ 10+1-111 0+1.-.0. 1-..010-| ok p=0.308594
Q2:	|01..0.01 +.+.0-.. .--.-.+. .+...0+1| ok p=0.5
Q3:	|.--01..+ 0.0.++.. .-+.+.1. .1....+0| ok p=0.383789
Q4:	|.+0.0.10 0.-.+-.. ..-.+.-. .0...11+| ok p=1
Q5:	|.1+.1.01 ..-..1.. .1-.+.-. ..V..0-1| ok p=1
Q6:	|.0+.-.+. ..0.1+.. ..+.-.0. ..1..++1| ok p=0.5625
Q7:	|.-..-.-. ..1..-V. ..1.+.-. ..-..0-.| ok p=0.328125
Q8:	|.+0.-.-. ..+..+.. ..0.0.1V ..-..10.| ok p=0.792969
Q9:	|.+..-.-. ..+..0+. ....0.0. .....-0.| ok p=0.907227
Q10:	|.+..-... .....10. .......+ ..1..-..| ok p=0.847656
Q11:	|.+...+.. .-...-.. ..-.-..+ .+.-.+..|
Saving 2000000 paths...done.
Autobalance parameters: maxcond=279
Verified: 14010 bad out of 3131275
Runtime: 120.048
Extend MD5 differential paths forward
Copyright (C) 2009 Marc Stevens
http://homepages.cwi.nl/~stevens/

delta_m[11] = [!-28!]
Loading workdir0/paths10_0of1...done: 2000000 (work:2000000).
Estimating maxcond for upper bound 2000000 (=500000 * 4)...
t=11: 0%   10   20   30   40   50   60   70   80   90   100%
      |----|----|----|----|----|----|----|----|----|----|
e     ***************************************************
Found maxcond = 290
t=11: 0%   10   20   30   40   50   60   70   80   90   100%
      |----|----|----|----|----|----|----|----|----|----|
      ***************************************************
Q-3:	|01110011 01110101 01011010 00001100|
Q-2:	|0++++010 -0-01001 1-0++100 10++++++|
Q-1:	|-000-000 --0+++++ +++0-000 +-00-+++|
Q0:	|+11-10-+ 00-10+00 10+10001 0+010--0| ok p=1
Q1:	|0+V-+.0+ 10+1-111 0+1.-.0. 1-..010-| ok p=0.330078
Q2:	|01..0.01 +.+.0-.. .--.-.+. .+...0+1| ok p=0.480469
Q3:	|.--01..+ 1.0V++.. .-+.+.1. .1....+0| ok p=0.254883
Q4:	|.+0..V.0 0.-01+.. ..1.+.-. .0...V1+| ok p=0.668945
Q5:	|.0+.V..1 ..-+00.. .10.+.-. ......-0| ok p=0.28418
Q6:	|.--..-V. V..+.+.. ..+...1. .....++1| ok p=0.436523
Q7:	|.+0.-0.. 1.1+.+.. ..-.1.+. .....1-.| ok p=0.258789
Q8:	|.-0.0--. -..-.-.. ..-.V.1V .....10.| ok p=0.923828
Q9:	|.-..0-0. -..-.0.. ..-...1. ......0.| ok p=0.257812
Q10:	|.+...-1. -..-.0.. ..+.-..+ ......+.| ok p=0.457031
Q11:	|.-...... -..-.-.. ..1.0..0 ......+.| ok p=0.513672
Q12:	|.-...... .-.+.+.+ .+..-..- ......+.|
Saving 500000 paths...done.
Autobalance parameters: maxcond=289
Verified: 11016 bad out of 556556
Runtime: 15.3826
