MD5 differential path toolbox
Copyright (C) 2009 Marc Stevens
http://homepages.cwi.nl/~stevens/

IHV1   = {1937070604,2050003222,2294286408,44680320}
IHV1   = 0c5a75731691307a4808c08880c4a902

IHV2   = {1937070604,3910447440,2089095,2047450303}
IHV2   = 0c5a757350b114e987e01f00bf9c097a

dIHV   = {0,1860444218,2002769983,2002769983}
NC0: delta c = delta d = [!0,31!]
NC0: delta b           = [!0,23,31!]
NC1: delta c = delta d = [!-6!]
NC1: delta b           = [!-6,27!]
NC2: delta c = delta d = [!11!]
NC2: delta b           = [!0,11!]
NC3: delta c = delta d = [!13!]
NC3: delta b           = [!2,13!]
NC4: delta c = delta d = [!21!]
NC4: delta b           = [!-11,21!]
NC5: delta c = delta d = [!23!]
NC5: delta b           = [!-14,23!]
NC6: delta c = delta d = [!27!]
NC6: delta b           = [!-18,27!]
NC0: prob=-10.9821
NC1: prob=-3.38732
NC2: prob=-5.83971
NC3: prob=-5.84402
NC4: prob=-4.92886
NC5: prob=-7.66283
NC6: prob=-7.80771
delta m_11 = [!-28!]
Q-3:	|01110011 01110101 01011010 00001100|
Q-2:	|0++++010 -0-01001 1-0++100 10++++++|
Q-1:	|-000-000 --0+++++ +++0-000 +-00-+++|
Q0:	|+11-10-+ 00-10+00 10+10001 0+010--0| ok p=0.613281
Q1:	|.+..-..+ ..+.-... .+..-... .-.....-|
Saved lower diff. path to 'workdir0/lowerpath.bin.gz'.

Q32:	|........ ........ ........ ........|
Q33:	|........ ........ ........ ........|
Q34:	|........ ........ ........ ........|
Q35:	|........ ........ ........ ........| ok p=1
Q36:	|........ ........ ........ ........| ok p=1
Q37:	|........ ........ ........ ........| ok p=1
Q38:	|........ ........ ........ ........| ok p=1
Q39:	|........ ........ ........ ........| ok p=1
Q40:	|........ ........ ........ ........| ok p=1
Q41:	|........ ........ ........ ........| ok p=1
Q42:	|........ ........ ........ ........| ok p=1
Q43:	|........ ........ ........ ........| ok p=1
Q44:	|........ ........ ........ ........| ok p=1
Q45:	|........ ........ ........ ........| ok p=1
Q46:	|........ ........ ........ ........| ok p=1
Q47:	|........ ........ ........ ........| ok p=1
Q48:	|........ ........ ........ ........| ok p=1
Q49:	|........ ........ ........ ........| ok p=1
Q50:	|........ ........ ........ ........| ok p=1
Q51:	|........ ........ ........ ........| ok p=1
Q52:	|........ ........ ........ ........| ok p=1
Q53:	|........ ........ ........ ........| ok p=1
Q54:	|........ ........ ........ ........| ok p=1
Q55:	|........ ........ ........ ........| ok p=1
Q56:	|........ ........ ........ ........| ok p=1
Q57:	|........ ........ ........ ........| ok p=1
Q58:	|........ ........ ........ ........| ok p=1
Q59:	|........ ........ ........ ........| ok p=1
Q60:	|........ ........ ........ .0......| ok p=1
Q61:	|........ ........ ........ .0......| ok p=0.942383
Q62:	|........ ........ ........ .-......| ok p=1
Q63:	|........ ........ ........ .-......| ok p=0.970703
Q64:	|....+... ........ ........ .-......|
Saved upper diff. path to 'workdir0/upperpath.bin.gz'.
Saved 'md5diffpathforward.cfg'.
Saved 'md5diffpathbackward.cfg'.
Saved 'md5diffpathconnect.cfg'.
Saved 'md5diffpathhelper.cfg'.
