Connect MD5 differential paths
Copyright (C) 2009 Marc Stevens
http://homepages.cwi.nl/~stevens/

delta_m[2] = [!8!]
Loading upper_1_640000/paths16_0of1.bin.gz...done: 640000.
Loading data/paths11_0of1.bin.gz...done: 160000.
t=12: 0%   10   20   30   40   50   60   70   80   90   100%
      |----|----|----|----|----|----|----|----|----|----|
      *Q-3:	|+1001110 01001010 01000100 10100011|
Q-2:	|+0111100 00000101 01110011 10001000|
Q-1:	|-1000110 -1101000 10010010 00101011|
Q0:	|-1011101 -1001111 10001001 01000001| ok p=0.738281
Q1:	|.+.....0 -...10.. ........ -+..0...| ok p=1
Q2:	|0+0....1 -...+-.. ......^. 1-..-...| ok p=1
Q3:	|.+0!...+ ....1+.. !.....-. 0-..0...| ok p=1
Q4:	|!0+....+ 1.!.--.. .....10. -+1.1...| ok p=1
Q5:	|.1-..0.+ ....--.. ^....11. 010.1...| ok p=1
Q6:	|.0+..11+ ....--.. -...^+1^ 00..+...| ok p=1
Q7:	|..+^.-0. ....--.! 0...+01. ....-...| ok p=1
Q8:	|.!.+.1-0 ..!..-.. -...1+-. ....-.0.| ok p=1
Q9:	|.!00.1+. ..^.1... -.1.10+0 ..!1-.0^| ok p=1
Q10:	|101-00+0 01+01100 -1101++1 0.01+.-+| ok p=1
Q11:	|010111+0 10011001 10-111-0 1.0-0.-1| ok p=1
Q12:	|-+++++0+ ++-+++++ +++-++11 +^++1..0| ok p=1
Q13:	|0+-+11++ +++--+-1 0+--+--- -----.1.| ok p=1
Q14:	|000.0001 .+100.+1 1.1..111 01000...| ok p=1
Q15:	|01-1..0- 101111-. .0110100 0100-.0.| ok p=0.492188
Q16:	|0.+....- .1....-. ........ ......1.| ok p=0.615234
Q17:	|+.1....1 ......1. ...0.... ....^.+.| ok p=0.748047
Q18:	|1.0....0 ......1. ...1.... .0......| ok p=0.467773
Q19:	|+....... ......-. ...+.... .1....^.| ok p=0.864258
Q20:	|+....... ........ ........ .-......| ok p=1
Q21:	|-....0.. ......^. ...^.... ........| ok p=1
Q22:	|-....1.. ........ ........ .^......| ok p=0.53418
Q23:	|1....+.. ........ ........ ........| ok p=1
Q24:	|0....... ........ .......0 ........| ok p=1
Q25:	|.....^.. ........ .......1 ........| ok p=0.5
Q26:	|........ ........ .......- ........| ok p=0.993164
Q27:	|........ ........ ........ ........| ok p=1
Q28:	|........ ........ .......^ ........| ok p=1
Q29:	|........ ........ ........ ........| ok p=1
Q30:	|........ ........ ........ ........| ok p=1
Q31:	|........ ........ ........ ........| ok p=1
Q32:	|........ ........ ........ ........| ok p=1
Q33:	|........ ........ ........ ........| ok p=1
Q34:	|........ ........ ........ ........| ok p=1
Q35:	|........ ........ ........ ........| ok p=1
Q36:	|........ ........ ........ ........| ok p=1
Q37:	|........ ........ ........ ........| ok p=1
Q38:	|........ ........ ........ ........| ok p=1
Q39:	|........ ........ ........ ........| ok p=1
Q40:	|........ ........ ........ ........| ok p=1
Q41:	|........ ........ ........ ........| ok p=1
Q42:	|........ ........ ........ ........| ok p=1
Q43:	|........ ........ ........ ........| ok p=1
Q44:	|........ ........ ........ ........| ok p=1
Q45:	|........ ........ ........ ........| ok p=1
Q46:	|0....... ........ ........ ........| ok p=1
Q47:	|1....... ........ ........ ........| ok p=0.482422
Q48:	|+....... ........ ........ ........| ok p=1
Q49:	|+....... ........ ........ ........| ok p=1
Q50:	|-....... ........ ........ ........| ok p=1
Q51:	|+....... ........ ........ ........| ok p=1
Q52:	|-....... ........ ........ ........| ok p=1
Q53:	|+....... ........ ........ ........| ok p=1
Q54:	|-....... ........ ........ ........| ok p=1
Q55:	|+....... ........ ........ ........| ok p=1
Q56:	|-....... ........ ........ ........| ok p=1
Q57:	|+....... ........ ........ ........| ok p=1
Q58:	|-....... ........ ........ ........| ok p=1
Q59:	|+....... ........ ........ ........| ok p=1
Q60:	|-....... ........ ........ ........| ok p=1
Q61:	|+....... 0....... ........ ........| ok p=1
Q62:	|-....... ........ ........ ........| ok p=1
Q63:	|+....... +....... ........ ........| ok p=1
Q64:	|+....... +....... ........ ........|
Best path: totcompl=-12 tottunnel=36, totcond=475, p=0.00725627
Q-3:	|+1001110 01001010 01000100 10100011|
Q-2:	|+0111100 00000101 01110011 10001000|
Q-1:	|-1000110 -1101000 10010010 00101011|
Q0:	|-1011101 -1001111 10001001 01000001| ok p=0.766602
Q1:	|.+.....0 -...10.. ........ -+..0...| ok p=1
Q2:	|0+0....1 -...+-.. ......^. 1-..-...| ok p=1
Q3:	|.+0!...+ ....1+.! ......-. 0-..0...| ok p=1
Q4:	|!0+....+ 1.!.--.. .....10. -+1.1...| ok p=1
Q5:	|.1-..0.+ ....--.. ^....11. 010.1...| ok p=1
Q6:	|!.+..11+ ....--.. -...^+1^ 00..+...| ok p=1
Q7:	|..+^.-0. ....--.! 0...+01. ....-...| ok p=1
Q8:	|!1.+.1-0 ..!..-.. -...1+-. ....-.1.| ok p=1
Q9:	|.000.1+. ..^.1... -.0.10+. ..!1-.1^| ok p=1
Q10:	|110-00+. .0+00100 -0010++. 0.01+.-+| ok p=1
Q11:	|011111+0 .1010001 00-001-0 1.0-0.-1| ok p=1
Q12:	|-++++++1 ^+-+++++ +++-++11 +^++1..0| ok p=1
Q13:	|0+00--+- --01++-1 0+--+--- -----.1.| ok p=1
Q14:	|000000.0 0+00..+1 1.1..111 01000...| ok p=1
Q15:	|01-.110- 01..11-. .0110100 0100-.0.| ok p=0.486328
Q16:	|0.+....- .0....-. ........ ......1.| ok p=0.385742
Q17:	|-.1....1 ......1. ...0.... ....^.+.| ok p=0.241211
Q18:	|1.0....0 ......1. ...1.... .0......| ok p=0.257812
Q19:	|-....... ......-. ...+.... .1....^.| ok p=0.883789
Q20:	|+....... ........ ........ .-......| ok p=1
Q21:	|-....0.. ......^. ...^.... ........| ok p=1
Q22:	|-....1.. ........ ........ .^......| ok p=0.521484
Q23:	|1....+.. ........ ........ ........| ok p=1
Q24:	|0....... ........ .......0 ........| ok p=1
Q25:	|.....^.. ........ .......1 ........| ok p=0.513672
Q26:	|........ ........ .......- ........| ok p=0.980469
Q27:	|........ ........ ........ ........| ok p=1
Q28:	|........ ........ .......^ ........| ok p=1
Q29:	|........ ........ ........ ........| ok p=1
Q30:	|........ ........ ........ ........| ok p=1
Q31:	|........ ........ ........ ........| ok p=1
Q32:	|........ ........ ........ ........| ok p=1
Q33:	|........ ........ ........ ........| ok p=1
Q34:	|........ ........ ........ ........| ok p=1
Q35:	|........ ........ ........ ........| ok p=1
Q36:	|........ ........ ........ ........| ok p=1
Q37:	|........ ........ ........ ........| ok p=1
Q38:	|........ ........ ........ ........| ok p=1
Q39:	|........ ........ ........ ........| ok p=1
Q40:	|........ ........ ........ ........| ok p=1
Q41:	|........ ........ ........ ........| ok p=1
Q42:	|........ ........ ........ ........| ok p=1
Q43:	|........ ........ ........ ........| ok p=1
Q44:	|........ ........ ........ ........| ok p=1
Q45:	|........ ........ ........ ........| ok p=1
Q46:	|0....... ........ ........ ........| ok p=1
Q47:	|1....... ........ ........ ........| ok p=0.509766
Q48:	|+....... ........ ........ ........| ok p=1
Q49:	|+....... ........ ........ ........| ok p=1
Q50:	|-....... ........ ........ ........| ok p=1
Q51:	|+....... ........ ........ ........| ok p=1
Q52:	|-....... ........ ........ ........| ok p=1
Q53:	|+....... ........ ........ ........| ok p=1
Q54:	|-....... ........ ........ ........| ok p=1
Q55:	|+....... ........ ........ ........| ok p=1
Q56:	|-....... ........ ........ ........| ok p=1
Q57:	|+....... ........ ........ ........| ok p=1
Q58:	|-....... ........ ........ ........| ok p=1
Q59:	|+....... ........ ........ ........| ok p=1
Q60:	|-....... ........ ........ ........| ok p=1
Q61:	|+....... 0....... ........ ........| ok p=1
Q62:	|-....... ........ ........ ........| ok p=1
Q63:	|+....... +....... ........ ........| ok p=1
Q64:	|+....... +....... ........ ........|
Best path: totcompl=-12 tottunnel=36, totcond=470, p=0.00108868
Best paths: 2
Q-3:	|+1001110 01001010 01000100 10100011|
Q-2:	|+0111100 00000101 01110011 10001000|
Q-1:	|-1000110 -1101000 10010010 00101011|
Q0:	|-1011101 -1001111 10001001 01000001| ok p=0.703125
Q1:	|.+.....0 -...10.. ........ -+..0...| ok p=1
Q2:	|0+0....1 -...+-.. ......^. 1-..-...| ok p=1
Q3:	|.+0.!..+ ....1+.! ......-. 0-..0...| ok p=1
Q4:	|!0+....+ 1.!.--.. .....10. -+1.1...| ok p=1
Q5:	|.1-..0.+ ....--.. ^....11. 010.1...| ok p=1
Q6:	|.0+..11+ ....--.. -...^+1^ 00..+...| ok p=1
Q7:	|..+^.-0. ....--.! 0...+01. ....-...| ok p=1
Q8:	|.!.+.1-0 ...!.-.. -...1+-. ....-.1.| ok p=1
Q9:	|!000.1+. ..^.1... -.0.10+. ..!1-.1^| ok p=1
Q10:	|110-00+. .0+00100 -0010++. 0.01+.-+| ok p=1
Q11:	|011111+0 .1010001 00-001-0 1.0-0.-1| ok p=1
Q12:	|-++++++1 ^+-+++++ +++-++11 +^++1..0| ok p=1
Q13:	|0+00--+- --01++-1 0+--+--- -----.1.| ok p=1
Q14:	|0.000010 0+00..+1 1.1..111 00100...| ok p=1
Q15:	|01-.110- 01..11-. .0110100 0100-.0.| ok p=0.505859
Q16:	|0.+....- .0....-. ........ ......1.| ok p=0.378906
Q17:	|-.1....1 ......1. ...0.... ....^.+.| ok p=0.235352
Q18:	|1.0....0 ......1. ...1.... .0......| ok p=0.270508
Q19:	|-....... ......-. ...+.... .1....^.| ok p=0.867188
Q20:	|+....... ........ ........ .-......| ok p=1
Q21:	|-....0.. ......^. ...^.... ........| ok p=1
Q22:	|-....1.. ........ ........ .^......| ok p=0.527344
Q23:	|1....+.. ........ ........ ........| ok p=1
Q24:	|0....... ........ .......0 ........| ok p=1
Q25:	|.....^.. ........ .......1 ........| ok p=0.482422
Q26:	|........ ........ .......- ........| ok p=0.989258
Q27:	|........ ........ ........ ........| ok p=1
Q28:	|........ ........ .......^ ........| ok p=1
Q29:	|........ ........ ........ ........| ok p=1
Q30:	|........ ........ ........ ........| ok p=1
Q31:	|........ ........ ........ ........| ok p=1
Q32:	|........ ........ ........ ........| ok p=1
Q33:	|........ ........ ........ ........| ok p=1
Q34:	|........ ........ ........ ........| ok p=1
Q35:	|........ ........ ........ ........| ok p=1
Q36:	|........ ........ ........ ........| ok p=1
Q37:	|........ ........ ........ ........| ok p=1
Q38:	|........ ........ ........ ........| ok p=1
Q39:	|........ ........ ........ ........| ok p=1
Q40:	|........ ........ ........ ........| ok p=1
Q41:	|........ ........ ........ ........| ok p=1
Q42:	|........ ........ ........ ........| ok p=1
Q43:	|........ ........ ........ ........| ok p=1
Q44:	|........ ........ ........ ........| ok p=1
Q45:	|........ ........ ........ ........| ok p=1
Q46:	|0....... ........ ........ ........| ok p=1
Q47:	|1....... ........ ........ ........| ok p=0.508789
Q48:	|+....... ........ ........ ........| ok p=1
Q49:	|+....... ........ ........ ........| ok p=1
Q50:	|-....... ........ ........ ........| ok p=1
Q51:	|+....... ........ ........ ........| ok p=1
Q52:	|-....... ........ ........ ........| ok p=1
Q53:	|+....... ........ ........ ........| ok p=1
Q54:	|-....... ........ ........ ........| ok p=1
Q55:	|+....... ........ ........ ........| ok p=1
Q56:	|-....... ........ ........ ........| ok p=1
Q57:	|+....... ........ ........ ........| ok p=1
Q58:	|-....... ........ ........ ........| ok p=1
Q59:	|+....... ........ ........ ........| ok p=1
Q60:	|-....... ........ ........ ........| ok p=1
Q61:	|+....... 0....... ........ ........| ok p=1
Q62:	|-....... ........ ........ ........| ok p=1
Q63:	|+....... +....... ........ ........| ok p=1
Q64:	|+....... +....... ........ ........|
Best path: totcompl=-11 tottunnel=37, totcond=470, p=0.00120062
Best paths: 2
Q-3:	|+1001110 01001010 01000100 10100011|
Q-2:	|+0111100 00000101 01110011 10001000|
Q-1:	|-1000110 -1101000 10010010 00101011|
Q0:	|-1011101 -1001111 10001001 01000001| ok p=0.727539
Q1:	|.+.....0 -...10.. ........ -+..0...| ok p=1
Q2:	|0+0....1 -...+-.. ......^. 1-..-...| ok p=1
Q3:	|.+0!...+ ....1+.! ......-. 0-..0...| ok p=1
Q4:	|!.+....+ 1..!--.. .....10. -+1.1...| ok p=1
Q5:	|!1-..0.+ ....--.. ^....111 010.1...| ok p=1
Q6:	|!.+..11+ ....--.. -...^+1. 00..+...| ok p=1
Q7:	|0.+^.-0. ....--.! 0...+01. ....-...| ok p=1
Q8:	|1..+.1-0 ...!.-.. -...1+-. ....-.1.| ok p=1
Q9:	|0.00.1+. ..^.1... -.0.10+. .!.1-.1^| ok p=1
Q10:	|110-00+. .0+00100 -0010++. 0.01+.-+| ok p=1
Q11:	|011111+0 .1010001 00-001-0 1.0-0.-1| ok p=1
Q12:	|-++++++1 ^+-+++++ +++-++11 +^++1..0| ok p=1
Q13:	|0+00--+- --01++-1 0+--+--- -----.1.| ok p=1
Q14:	|000000.0 0+00..+1 1.1..110 11000...| ok p=1
Q15:	|01-.110- 01..11-. .0110100 0100-.0.| ok p=0.492188
Q16:	|0.+....- .0....-. ........ ......1.| ok p=0.428711
Q17:	|-.1....1 ......1. ...0.... ....^.+.| ok p=0.262695
Q18:	|1.0....0 ......1. ...1.... .0......| ok p=0.280273
Q19:	|-....... ......-. ...+.... .1....^.| ok p=0.875977
Q20:	|+....... ........ ........ .-......| ok p=1
Q21:	|-....0.. ......^. ...^.... ........| ok p=1
Q22:	|-....1.. ........ ........ .^......| ok p=0.518555
Q23:	|1....+.. ........ ........ ........| ok p=1
Q24:	|0....... ........ .......0 ........| ok p=1
Q25:	|.....^.. ........ .......1 ........| ok p=0.505859
Q26:	|........ ........ .......- ........| ok p=0.987305
Q27:	|........ ........ ........ ........| ok p=1
Q28:	|........ ........ .......^ ........| ok p=1
Q29:	|........ ........ ........ ........| ok p=1
Q30:	|........ ........ ........ ........| ok p=1
Q31:	|........ ........ ........ ........| ok p=1
Q32:	|........ ........ ........ ........| ok p=1
Q33:	|........ ........ ........ ........| ok p=1
Q34:	|........ ........ ........ ........| ok p=1
Q35:	|........ ........ ........ ........| ok p=1
Q36:	|........ ........ ........ ........| ok p=1
Q37:	|........ ........ ........ ........| ok p=1
Q38:	|........ ........ ........ ........| ok p=1
Q39:	|........ ........ ........ ........| ok p=1
Q40:	|........ ........ ........ ........| ok p=1
Q41:	|........ ........ ........ ........| ok p=1
Q42:	|........ ........ ........ ........| ok p=1
Q43:	|........ ........ ........ ........| ok p=1
Q44:	|........ ........ ........ ........| ok p=1
Q45:	|........ ........ ........ ........| ok p=1
Q46:	|0....... ........ ........ ........| ok p=1
Q47:	|1....... ........ ........ ........| ok p=0.503906
Q48:	|+....... ........ ........ ........| ok p=1
Q49:	|+....... ........ ........ ........| ok p=1
Q50:	|-....... ........ ........ ........| ok p=1
Q51:	|+....... ........ ........ ........| ok p=1
Q52:	|-....... ........ ........ ........| ok p=1
Q53:	|+....... ........ ........ ........| ok p=1
Q54:	|-....... ........ ........ ........| ok p=1
Q55:	|+....... ........ ........ ........| ok p=1
Q56:	|-....... ........ ........ ........| ok p=1
Q57:	|+....... ........ ........ ........| ok p=1
Q58:	|-....... ........ ........ ........| ok p=1
Q59:	|+....... ........ ........ ........| ok p=1
Q60:	|-....... ........ ........ ........| ok p=1
Q61:	|+....... 0....... ........ ........| ok p=1
Q62:	|-....... ........ ........ ........| ok p=1
Q63:	|+....... +....... ........ ........| ok p=1
Q64:	|+....... +....... ........ ........|
Best path: totcompl=-10 tottunnel=38, totcond=470, p=0.00120862
Q-3:	|+1001110 01001010 01000100 10100011|
Q-2:	|+0111100 00000101 01110011 10001000|
Q-1:	|-1000110 -1101000 10010010 00101011|
Q0:	|-1011101 -1001111 10001001 01000001| ok p=0.735352
Q1:	|.+.....0 -...10.. ........ -+..0...| ok p=1
Q2:	|0+0....1 -...+-.. ......^. 1-..-...| ok p=1
Q3:	|1+0....+ ....1+.! ......-. 0-..0...| ok p=1
Q4:	|0.+....+ 1.!.--.. .....10. -+1.1...| ok p=1
Q5:	|11-..0.+ ....--.. ^....11. 010.1...| ok p=1
Q6:	|.0+..11+ ....--.. -...^+1^ 00..+...| ok p=1
Q7:	|0.+^.-0. ....--.! 0...+01. ....-...| ok p=1
Q8:	|1..+.1-0 ...!.-.. -...1+-. ....-.0.| ok p=1
Q9:	|0.00.1+. ..^.1... -.0.10+0 ..!0-.0^| ok p=1
Q10:	|10.-.1+. .1+.01.1 -00.1++1 0.10+.-+| ok p=1
Q11:	|01^0^0+. 001.1010 00-^01-1 1.0-0.-1| ok p=1
Q12:	|-++++++. 1-0^+-0- ++++--00 +^++1..0| ok p=1
Q13:	|0+0-1+.0 -++-0--1 0+-0---- -----.1.| ok p=1
Q14:	|00000.01 0-001.+1 1.11..11 00000...| ok p=1
Q15:	|01-1.0.- 0111.0-. .01.1100 0100-.0.| ok p=0.489258
Q16:	|0.+....- .0....-. ........ ......1.| ok p=0.365234
Q17:	|-.1....1 ......1. ...0.... ....^.+.| ok p=0.733398
Q18:	|1.0....0 ......1. ...1.... .0......| ok p=0.289062
Q19:	|-....... ......-. ...+.... .1....^.| ok p=0.883789
Q20:	|+....... ........ ........ .-......| ok p=1
Q21:	|-....0.. ......^. ...^.... ........| ok p=1
Q22:	|-....1.. ........ ........ .^......| ok p=0.536133
Q23:	|1....+.. ........ ........ ........| ok p=1
Q24:	|0....... ........ .......0 ........| ok p=1
Q25:	|.....^.. ........ .......1 ........| ok p=0.529297
Q26:	|........ ........ .......- ........| ok p=0.983398
Q27:	|........ ........ ........ ........| ok p=1
Q28:	|........ ........ .......^ ........| ok p=1
Q29:	|........ ........ ........ ........| ok p=1
Q30:	|........ ........ ........ ........| ok p=1
Q31:	|........ ........ ........ ........| ok p=1
Q32:	|........ ........ ........ ........| ok p=1
Q33:	|........ ........ ........ ........| ok p=1
Q34:	|........ ........ ........ ........| ok p=1
Q35:	|........ ........ ........ ........| ok p=1
Q36:	|........ ........ ........ ........| ok p=1
Q37:	|........ ........ ........ ........| ok p=1
Q38:	|........ ........ ........ ........| ok p=1
Q39:	|........ ........ ........ ........| ok p=1
Q40:	|........ ........ ........ ........| ok p=1
Q41:	|........ ........ ........ ........| ok p=1
Q42:	|........ ........ ........ ........| ok p=1
Q43:	|........ ........ ........ ........| ok p=1
Q44:	|........ ........ ........ ........| ok p=1
Q45:	|........ ........ ........ ........| ok p=1
Q46:	|0....... ........ ........ ........| ok p=1
Q47:	|1....... ........ ........ ........| ok p=0.447266
Q48:	|-....... ........ ........ ........| ok p=1
Q49:	|+....... ........ ........ ........| ok p=1
Q50:	|+....... ........ ........ ........| ok p=1
Q51:	|+....... ........ ........ ........| ok p=1
Q52:	|+....... ........ ........ ........| ok p=1
Q53:	|+....... ........ ........ ........| ok p=1
Q54:	|+....... ........ ........ ........| ok p=1
Q55:	|+....... ........ ........ ........| ok p=1
Q56:	|+....... ........ ........ ........| ok p=1
Q57:	|+....... ........ ........ ........| ok p=1
Q58:	|+....... ........ ........ ........| ok p=1
Q59:	|+....... ........ ........ ........| ok p=1
Q60:	|+....... ........ ........ ........| ok p=1
Q61:	|+....... 0....... ........ ........| ok p=1
Q62:	|+....... ........ ........ ........| ok p=0.996094
Q63:	|+....... +....... ........ ........| ok p=1
Q64:	|+....... +....... ........ ........|
Best path: totcompl=-10 tottunnel=38, totcond=464, p=0.00365957
Best paths: 2
Best paths: 4
Q-3:	|+1001110 01001010 01000100 10100011|
Q-2:	|+0111100 00000101 01110011 10001000|
Q-1:	|-1000110 -1101000 10010010 00101011|
Q0:	|-1011101 -1001111 10001001 01000001| ok p=0.733398
Q1:	|.+.....0 -...10.. ........ -+..0...| ok p=1
Q2:	|0+0....1 -...+-.. ......^. 1-..-...| ok p=1
Q3:	|.+0.!..+ ....1+.. !.....-. 0-..0...| ok p=1
Q4:	|!0+....+ 1.!.--.. .....10. -+1.1...| ok p=1
Q5:	|.1-..0.+ ....--.. ^....11. 010.1...| ok p=1
Q6:	|.0+..11+ ....--.. -...^+1^ 00..+...| ok p=1
Q7:	|..+^.-0. ....--.! 0...+01. ....-...| ok p=1
Q8:	|.!.+.1-0 ..!..-.. -...1+-. ....-.0.| ok p=1
Q9:	|!.00.1+. ..^.1... -.0.10+0 ...0-.0^| ok p=1
Q10:	|001-.1+. .1+.01.1 -00.1++1 0000+.-+| ok p=1
Q11:	|1110^0+. 001.1010 00-^01-1 101-0.-1| ok p=1
Q12:	|-++++++. 1-0^+-0- ++++--00 ++-+1..0| ok p=1
Q13:	|0+0-1+.0 -++-0--1 0+-0---- -----.1.| ok p=1
Q14:	|00000.01 0-001.+1 1.11..11 00.00...| ok p=1
Q15:	|01-1.0.- 0111.0-. .01.1100 0100-.0.| ok p=0.485352
Q16:	|0.+....- .0....-. ........ ......1.| ok p=0.390625
Q17:	|-.1....1 ......1. ...0.... ....^.+.| ok p=0.755859
Q18:	|1.0....0 ......1. ...1.... .0......| ok p=0.266602
Q19:	|-....... ......-. ...+.... .1....^.| ok p=0.878906
Q20:	|+....... ........ ........ .-......| ok p=1
Q21:	|-....0.. ......^. ...^.... ........| ok p=1
Q22:	|-....1.. ........ ........ .^......| ok p=0.535156
Q23:	|1....+.. ........ ........ ........| ok p=1
Q24:	|0....... ........ .......0 ........| ok p=1
Q25:	|.....^.. ........ .......1 ........| ok p=0.49707
Q26:	|........ ........ .......- ........| ok p=0.980469
Q27:	|........ ........ ........ ........| ok p=1
Q28:	|........ ........ .......^ ........| ok p=1
Q29:	|........ ........ ........ ........| ok p=1
Q30:	|........ ........ ........ ........| ok p=1
Q31:	|........ ........ ........ ........| ok p=1
Q32:	|........ ........ ........ ........| ok p=1
Q33:	|........ ........ ........ ........| ok p=1
Q34:	|........ ........ ........ ........| ok p=1
Q35:	|........ ........ ........ ........| ok p=1
Q36:	|........ ........ ........ ........| ok p=1
Q37:	|........ ........ ........ ........| ok p=1
Q38:	|........ ........ ........ ........| ok p=1
Q39:	|........ ........ ........ ........| ok p=1
Q40:	|........ ........ ........ ........| ok p=1
Q41:	|........ ........ ........ ........| ok p=1
Q42:	|........ ........ ........ ........| ok p=1
Q43:	|........ ........ ........ ........| ok p=1
Q44:	|........ ........ ........ ........| ok p=1
Q45:	|........ ........ ........ ........| ok p=1
Q46:	|0....... ........ ........ ........| ok p=1
Q47:	|1....... ........ ........ ........| ok p=0.490234
Q48:	|+....... ........ ........ ........| ok p=1
Q49:	|+....... ........ ........ ........| ok p=1
Q50:	|-....... ........ ........ ........| ok p=1
Q51:	|+....... ........ ........ ........| ok p=1
Q52:	|-....... ........ ........ ........| ok p=1
Q53:	|+....... ........ ........ ........| ok p=1
Q54:	|-....... ........ ........ ........| ok p=1
Q55:	|+....... ........ ........ ........| ok p=1
Q56:	|-....... ........ ........ ........| ok p=1
Q57:	|+....... ........ ........ ........| ok p=1
Q58:	|-....... ........ ........ ........| ok p=1
Q59:	|+....... ........ ........ ........| ok p=1
Q60:	|-....... ........ ........ ........| ok p=1
Q61:	|+....... 0....... ........ ........| ok p=1
Q62:	|-....... ........ ........ ........| ok p=1
Q63:	|+....... +....... ........ ........| ok p=1
Q64:	|+....... +....... ........ ........|
Best path: totcompl=-8 tottunnel=40, totcond=464, p=0.00398956
Q-3:	|+1001110 01001010 01000100 10100011|
Q-2:	|+0111100 00000101 01110011 10001000|
Q-1:	|-1000110 -1101000 10010010 00101011|
Q0:	|-1011101 -1001111 10001001 01000001| ok p=0.732422
Q1:	|.+.....0 -....1.. ........ -+..0...| ok p=1
Q2:	|0+1....- +...1+.. ........ 1-..-...| ok p=1
Q3:	|.+0....+ 1...1+.. ........ 0-.1-...| ok p=1
Q4:	|!0+....- 1..!--.. .....^.. -+10-...| ok p=1
Q5:	|.1-....+ ....--.. 0....-.. 010--...| ok p=1
Q6:	|.0+....+ ....--.. 1....0^^ 00-1....| ok p=1
Q7:	|..+!.1.. ....--.! +.1..0+. ..--0..^| ok p=1
Q8:	|.!..^1.0 ...!1-.. +.1..-1. ..0-...-| ok p=1
Q9:	|.!0.--.. 1...1-.. -.-1001. ..1-...0| ok p=1
Q10:	|.1101-.0 0101-1.. +0-01+00 ..11.1.-| ok p=1
Q11:	|1010-1.1 -010-0^. +10+0+11 ^^-0.0.0| ok p=1
Q12:	|1-++10^- +--++-+^ 0-10---- ++++^+.1| ok p=1
Q13:	|-00-+--+ 1+---+0- ----0101 0110+0..| ok p=1
Q14:	|01010110 10.11010 1.001011 110101..| ok p=1
Q15:	|-1+10110 .1000010 0110.... ....-.0.| ok p=0.800781
Q16:	|0.+....- ......-. ........ ......1.| ok p=0.383789
Q17:	|+.0..... ......1. ...0.... ....^.+.| ok p=0.995117
Q18:	|+.1....^ ......1. ...1.... .0......| ok p=0.739258
Q19:	|-....... ......-. ...+.... .1....^.| ok p=0.860352
Q20:	|-....... ........ ........ .-......| ok p=1
Q21:	|-....0.. ......^. ...^.... ........| ok p=1
Q22:	|-....1.. ........ ........ .^......| ok p=0.539062
Q23:	|1....+.. ........ ........ ........| ok p=1
Q24:	|0....... ........ .......0 ........| ok p=1
Q25:	|.....^.. ........ .......1 ........| ok p=0.517578
Q26:	|........ ........ .......- ........| ok p=0.981445
Q27:	|........ ........ ........ ........| ok p=1
Q28:	|........ ........ .......^ ........| ok p=1
Q29:	|........ ........ ........ ........| ok p=1
Q30:	|........ ........ ........ ........| ok p=1
Q31:	|........ ........ ........ ........| ok p=1
Q32:	|........ ........ ........ ........| ok p=1
Q33:	|........ ........ ........ ........| ok p=1
Q34:	|........ ........ ........ ........| ok p=1
Q35:	|........ ........ ........ ........| ok p=1
Q36:	|........ ........ ........ ........| ok p=1
Q37:	|........ ........ ........ ........| ok p=1
Q38:	|........ ........ ........ ........| ok p=1
Q39:	|........ ........ ........ ........| ok p=1
Q40:	|........ ........ ........ ........| ok p=1
Q41:	|........ ........ ........ ........| ok p=1
Q42:	|........ ........ ........ ........| ok p=1
Q43:	|........ ........ ........ ........| ok p=1
Q44:	|........ ........ ........ ........| ok p=1
Q45:	|........ ........ ........ ........| ok p=1
Q46:	|0....... ........ ........ ........| ok p=1
Q47:	|1....... ........ ........ ........| ok p=0.503906
Q48:	|-....... ........ ........ ........| ok p=1
Q49:	|-....... ........ ........ ........| ok p=1
Q50:	|+....... ........ ........ ........| ok p=1
Q51:	|-....... ........ ........ ........| ok p=1
Q52:	|+....... ........ ........ ........| ok p=1
Q53:	|-....... ........ ........ ........| ok p=1
Q54:	|+....... ........ ........ ........| ok p=1
Q55:	|-....... ........ ........ ........| ok p=1
Q56:	|+....... ........ ........ ........| ok p=1
Q57:	|-....... ........ ........ ........| ok p=1
Q58:	|+....... ........ ........ ........| ok p=1
Q59:	|-....... ........ ........ ........| ok p=1
Q60:	|+....... ........ ........ ........| ok p=1
Q61:	|-....... 0....... ........ ........| ok p=1
Q62:	|+....... ........ ........ ........| ok p=1
Q63:	|-....... +....... ........ ........| ok p=1
Q64:	|+....... +....... ........ ........|
Best path: totcompl=-8 tottunnel=40, totcond=461, p=0.0199602
Best paths: 2
Q-3:	|+1001110 01001010 01000100 10100011|
Q-2:	|+0111100 00000101 01110011 10001000|
Q-1:	|-1000110 -1101000 10010010 00101011|
Q0:	|-1011101 -1001111 10001001 01000001| ok p=0.733398
Q1:	|.+.....0 -....1.. ........ -+..0...| ok p=1
Q2:	|0+1....- +...1+.. ........ 1-..-...| ok p=1
Q3:	|.+0....+ 1...1+.. ........ 0-.1-...| ok p=1
Q4:	|!0+....- 1..!--.. .....^.. -+10-...| ok p=1
Q5:	|.1-....+ ....--.. 0....-.1 010--...| ok p=1
Q6:	|.0+....+ ....--.. 1....0^. 00-1....| ok p=1
Q7:	|..+!.1.. ....--.! +.1..0+. ..--0..^| ok p=1
Q8:	|.!..^1.0 ...!1-.. +.1..-1. ..0-...-| ok p=1
Q9:	|.!0.--.. ....1-.. -.-0001. ..1-...0| ok p=1
Q10:	|!1.11-.1 ^.11-1.. +0-11+00 .011.1.-| ok p=1
Q11:	|.0^1-1.0 -.00-0^. +1+-0+11 ^1-0.0.0| ok p=1
Q12:	|1-++10^- 0^+++-+^ -00++--- ++++^+.1| ok p=1
Q13:	|0+0++--+ +----+0- ----1001 0110+0..| ok p=1
Q14:	|1-+.0110 01111010 .1001011 110101..| ok p=1
Q15:	|0--10110 11000010 1000.... ....-.0.| ok p=0.46582
Q16:	|.1+....- ......-. ........ ......1.| ok p=0.601562
Q17:	|-10..... ......1. ...0.... ....^.+.| ok p=0.998047
Q18:	|-.1....^ ......1. ...1.... .0......| ok p=0.740234
Q19:	|+....... ......-. ...+.... .1....^.| ok p=0.886719
Q20:	|+....... ........ ........ .-......| ok p=1
Q21:	|+....0.. ......^. ...^.... ........| ok p=1
Q22:	|+....1.. ........ ........ .^......| ok p=0.498047
Q23:	|1....+.. ........ ........ ........| ok p=1
Q24:	|0....... ........ .......0 ........| ok p=1
Q25:	|.....^.. ........ .......1 ........| ok p=0.496094
Q26:	|........ ........ .......- ........| ok p=0.990234
Q27:	|........ ........ ........ ........| ok p=1
Q28:	|........ ........ .......^ ........| ok p=1
Q29:	|........ ........ ........ ........| ok p=1
Q30:	|........ ........ ........ ........| ok p=1
Q31:	|........ ........ ........ ........| ok p=1
Q32:	|........ ........ ........ ........| ok p=1
Q33:	|........ ........ ........ ........| ok p=1
Q34:	|........ ........ ........ ........| ok p=1
Q35:	|........ ........ ........ ........| ok p=1
Q36:	|........ ........ ........ ........| ok p=1
Q37:	|........ ........ ........ ........| ok p=1
Q38:	|........ ........ ........ ........| ok p=1
Q39:	|........ ........ ........ ........| ok p=1
Q40:	|........ ........ ........ ........| ok p=1
Q41:	|........ ........ ........ ........| ok p=1
Q42:	|........ ........ ........ ........| ok p=1
Q43:	|........ ........ ........ ........| ok p=1
Q44:	|........ ........ ........ ........| ok p=1
Q45:	|........ ........ ........ ........| ok p=1
Q46:	|0....... ........ ........ ........| ok p=1
Q47:	|1....... ........ ........ ........| ok p=0.479492
Q48:	|-....... ........ ........ ........| ok p=1
Q49:	|-....... ........ ........ ........| ok p=1
Q50:	|+....... ........ ........ ........| ok p=1
Q51:	|-....... ........ ........ ........| ok p=1
Q52:	|+....... ........ ........ ........| ok p=1
Q53:	|-....... ........ ........ ........| ok p=1
Q54:	|+....... ........ ........ ........| ok p=1
Q55:	|-....... ........ ........ ........| ok p=1
Q56:	|+....... ........ ........ ........| ok p=1
Q57:	|-....... ........ ........ ........| ok p=1
Q58:	|+....... ........ ........ ........| ok p=1
Q59:	|-....... ........ ........ ........| ok p=1
Q60:	|+....... ........ ........ ........| ok p=1
Q61:	|-....... 0....... ........ ........| ok p=1
Q62:	|+....... ........ ........ ........| ok p=1
Q63:	|-....... +....... ........ ........| ok p=1
Q64:	|+....... +....... ........ ........|
Best path: totcompl=-8 tottunnel=40, totcond=460, p=0.0172342
Q-3:	|+1001110 01001010 01000100 10100011|
Q-2:	|+0111100 00000101 01110011 10001000|
Q-1:	|-1000110 -1101000 10010010 00101011|
Q0:	|-1011101 -1001111 10001001 01000001| ok p=0.726562
Q1:	|.+.....0 -....1.. ........ -+..0...| ok p=1
Q2:	|0+1....- +...1+.. ........ 1-..-...| ok p=1
Q3:	|.+0....+ 1...1+.. ........ 0-.1-...| ok p=1
Q4:	|!0+....- 1..!--.. .....^.. -+10-...| ok p=1
Q5:	|.1-....+ ....--.. 0....-.1 010--...| ok p=1
Q6:	|.0+....+ ....--.. 1....0^. 00-1....| ok p=1
Q7:	|..+!.1.. ....--.! +.1..0+. ..--0..^| ok p=1
Q8:	|.!..^1.0 ...!1-.. +.1..-1. ...-...-| ok p=1
Q9:	|!00.--.. ....1-.. -.-0001. .!1-...0| ok p=1
Q10:	|.1.11-.1 ^.11-1.. +0-11+0. 0111.1.-| ok p=1
Q11:	|.0^1-1.0 -.00-0^. +1+-0+1. 10-000.0| ok p=1
Q12:	|1-++10^- 0^+++-+^ -00++--. -+++0+.1| ok p=1
Q13:	|0+0++--+ +----+0- ----100. 1000+0^1| ok p=1
Q14:	|1-+.0110 01111010 .100101. 110101..| ok p=1
Q15:	|0--10110 11000010 1000.... ....-.0.| ok p=0.474609
Q16:	|.1+....- ......-. ........ ......1.| ok p=0.626953
Q17:	|-10..... ......1. ...0.... ....^.+.| ok p=0.99707
Q18:	|-.1....^ ......1. ...1.... .0......| ok p=0.726562
Q19:	|+....... ......-. ...+.... .1....^.| ok p=0.883789
Q20:	|+....... ........ ........ .-......| ok p=1
Q21:	|+....0.. ......^. ...^.... ........| ok p=1
Q22:	|+....1.. ........ ........ .^......| ok p=0.495117
Q23:	|1....+.. ........ ........ ........| ok p=1
Q24:	|0....... ........ .......0 ........| ok p=1
Q25:	|.....^.. ........ .......1 ........| ok p=0.469727
Q26:	|........ ........ .......- ........| ok p=0.986328
Q27:	|........ ........ ........ ........| ok p=1
Q28:	|........ ........ .......^ ........| ok p=1
Q29:	|........ ........ ........ ........| ok p=1
Q30:	|........ ........ ........ ........| ok p=1
Q31:	|........ ........ ........ ........| ok p=1
Q32:	|........ ........ ........ ........| ok p=1
Q33:	|........ ........ ........ ........| ok p=1
Q34:	|........ ........ ........ ........| ok p=1
Q35:	|........ ........ ........ ........| ok p=1
Q36:	|........ ........ ........ ........| ok p=1
Q37:	|........ ........ ........ ........| ok p=1
Q38:	|........ ........ ........ ........| ok p=1
Q39:	|........ ........ ........ ........| ok p=1
Q40:	|........ ........ ........ ........| ok p=1
Q41:	|........ ........ ........ ........| ok p=1
Q42:	|........ ........ ........ ........| ok p=1
Q43:	|........ ........ ........ ........| ok p=1
Q44:	|........ ........ ........ ........| ok p=1
Q45:	|........ ........ ........ ........| ok p=1
Q46:	|0....... ........ ........ ........| ok p=1
Q47:	|1....... ........ ........ ........| ok p=0.514648
Q48:	|-....... ........ ........ ........| ok p=1
Q49:	|-....... ........ ........ ........| ok p=1
Q50:	|+....... ........ ........ ........| ok p=1
Q51:	|-....... ........ ........ ........| ok p=1
Q52:	|+....... ........ ........ ........| ok p=1
Q53:	|-....... ........ ........ ........| ok p=1
Q54:	|+....... ........ ........ ........| ok p=1
Q55:	|-....... ........ ........ ........| ok p=1
Q56:	|+....... ........ ........ ........| ok p=1
Q57:	|-....... ........ ........ ........| ok p=1
Q58:	|+....... ........ ........ ........| ok p=1
Q59:	|-....... ........ ........ ........| ok p=1
Q60:	|+....... ........ ........ ........| ok p=1
Q61:	|-....... 0....... ........ ........| ok p=1
Q62:	|+....... ........ ........ ........| ok p=1
Q63:	|-....... +....... ........ ........| ok p=1
Q64:	|+....... +....... ........ ........|
Best path: totcompl=-8 tottunnel=40, totcond=459, p=0.0182527
Best paths: 2
