Connect MD5 differential paths
Copyright (C) 2009 Marc Stevens
http://homepages.cwi.nl/~stevens/

delta_m[2] = [!8!]
Loading upper_1_640000/paths16_0of1.bin.gz...done: 640000.
Loading data/paths11_0of1.bin.gz...done: 160000.
t=12: 0%   10   20   30   40   50   60   70   80   90   100%
      |----|----|----|----|----|----|----|----|----|----|
      *Q-3:	|11110011 11011100 00101101 11001001|
Q-2:	|11101011 11000000 11110110 01011010|
Q-1:	|10101010 01000010 11011000 11010000|
Q0:	|10011010 11111100 01110010 11011110| ok p=1
Q1:	|......0. ........ ........ ........| ok p=1
Q2:	|.....00. ........ ........ ........| ok p=1
Q3:	|!....0+. ........ ........ ........| ok p=1
Q4:	|....^+-. ........ ........ ........| ok p=1
Q5:	|....+--. ........ ........ ........| ok p=1
Q6:	|....0+-. ........ ........ ........| ok p=1
Q7:	|....+--. ........ ........ .....0..| ok p=1
Q8:	|....1+-. ........ .0...... .....1..| ok p=1
Q9:	|....1+-. ........ 10..0... .!...+..| ok p=1
Q10:	|...011+. .1.1.100 0+.01110 000.0+..| ok p=1
Q11:	|..0101+1 ^0^0^000 +-01+100 10111+^.| ok p=1
Q12:	|.^0+--10 -------- -+1+--++ +++0+1-.| ok p=1
Q13:	|.+-0+++- 011+00-- ----++++ ++++1+1.| ok p=1
Q14:	|!0101110 111101.. .01000.. ...10-+.| ok p=1
Q15:	|01-.0000 ...1.111 00000111 1101+11.| ok p=0.961914
Q16:	|..-....- .....-.. ........ .....01.| ok p=0.52832
Q17:	|-.0..... ......0. ...0.... ....^.+.| ok p=0.998047
Q18:	|-.1....^ .....^1. ...1.... .0......| ok p=0.748047
Q19:	|+....... ......+. ...+.... .1....^.| ok p=0.862305
Q20:	|+....... ........ ........ .-......| ok p=1
Q21:	|+....0.. ......^. ...^.... ........| ok p=1
Q22:	|+....1.. ........ ........ .^......| ok p=0.491211
Q23:	|1....+.. ........ ........ ........| ok p=1
Q24:	|0....... ........ .......0 ........| ok p=1
Q25:	|.....^.. ........ .......1 ........| ok p=0.518555
Q26:	|........ ........ .......- ........| ok p=0.984375
Q27:	|........ ........ ........ ........| ok p=1
Q28:	|........ ........ .......^ ........| ok p=1
Q29:	|........ ........ ........ ........| ok p=1
Q30:	|........ ........ ........ ........| ok p=1
Q31:	|........ ........ ........ ........| ok p=1
Q32:	|........ ........ ........ ........| ok p=1
Q33:	|........ ........ ........ ........| ok p=1
Q34:	|........ ........ ........ ........| ok p=1
Q35:	|........ ........ ........ ........| ok p=1
Q36:	|........ ........ ........ ........| ok p=1
Q37:	|........ ........ ........ ........| ok p=1
Q38:	|........ ........ ........ ........| ok p=1
Q39:	|........ ........ ........ ........| ok p=1
Q40:	|........ ........ ........ ........| ok p=1
Q41:	|........ ........ ........ ........| ok p=1
Q42:	|........ ........ ........ ........| ok p=1
Q43:	|........ ........ ........ ........| ok p=1
Q44:	|........ ........ ........ ........| ok p=1
Q45:	|........ ........ ........ ........| ok p=1
Q46:	|0....... ........ ........ ........| ok p=1
Q47:	|1....... ........ ........ ........| ok p=0.482422
Q48:	|-....... ........ ........ ........| ok p=1
Q49:	|-....... ........ ........ ........| ok p=1
Q50:	|+....... ........ ........ ........| ok p=1
Q51:	|-....... ........ ........ ........| ok p=1
Q52:	|+....... ........ ........ ........| ok p=1
Q53:	|-....... ........ ........ ........| ok p=1
Q54:	|+....... ........ ........ ........| ok p=1
Q55:	|-....... ........ ........ ........| ok p=1
Q56:	|+....... ........ ........ ........| ok p=1
Q57:	|-....... ........ ........ ........| ok p=1
Q58:	|+....... ........ ........ ........| ok p=1
Q59:	|-....... ........ ........ ........| ok p=1
Q60:	|+....... ........ ........ ........| ok p=1
Q61:	|-....... 0....... ........ ........| ok p=1
Q62:	|+....... ........ ........ ........| ok p=1
Q63:	|-....... +....... ........ ........| ok p=1
Q64:	|+....... +....... ........ ........|
Best path: totcompl=12 tottunnel=61, totcond=381, p=0.0402505
Q-3:	|11110011 11011100 00101101 11001001|
Q-2:	|11101011 11000000 11110110 01011010|
Q-1:	|10101010 01000010 11011000 11010000|
Q0:	|10011010 11111100 01110010 11011110| ok p=1
Q1:	|......0. ........ ........ ........| ok p=1
Q2:	|.....00. ........ ........ ........| ok p=1
Q3:	|.!...0+. ........ ........ ........| ok p=1
Q4:	|....^+-. ........ ........ ........| ok p=1
Q5:	|....+--. ........ ........ ........| ok p=1
Q6:	|....0+-. ........ ........ ........| ok p=1
Q7:	|....+--. ........ ........ .....0..| ok p=1
Q8:	|....1+-. ........ .0...... .....1..| ok p=1
Q9:	|....1+-. ........ 10..0... .!...+..| ok p=1
Q10:	|...011+. .1.1.100 0+.01.00 000.0+..| ok p=1
Q11:	|.1.101+1 ^0^0^000 +-01+.10 10111+^.| ok p=1
Q12:	|.1^+--10 -------- -+1+-^-+ +++0+1-.| ok p=1
Q13:	|.+-0+++- 011+00-- ----++++ ++++1+1.| ok p=1
Q14:	|!0101110 111101.. .010000. ...10-+.| ok p=1
Q15:	|01-.0000 ...1.111 00000111 1101+11.| ok p=0.956055
Q16:	|..-....- .....-.. ........ .....01.| ok p=0.510742
Q17:	|-.0..... ......0. ...0.... ....^.+.| ok p=0.999023
Q18:	|-.1....^ .....^1. ...1.... .0......| ok p=0.734375
Q19:	|+....... ......+. ...+.... .1....^.| ok p=0.87793
Q20:	|+....... ........ ........ .-......| ok p=1
Q21:	|+....0.. ......^. ...^.... ........| ok p=1
Q22:	|+....1.. ........ ........ .^......| ok p=0.505859
Q23:	|1....+.. ........ ........ ........| ok p=1
Q24:	|0....... ........ .......0 ........| ok p=1
Q25:	|.....^.. ........ .......1 ........| ok p=0.506836
Q26:	|........ ........ .......- ........| ok p=0.978516
Q27:	|........ ........ ........ ........| ok p=1
Q28:	|........ ........ .......^ ........| ok p=1
Q29:	|........ ........ ........ ........| ok p=1
Q30:	|........ ........ ........ ........| ok p=1
Q31:	|........ ........ ........ ........| ok p=1
Q32:	|........ ........ ........ ........| ok p=1
Q33:	|........ ........ ........ ........| ok p=1
Q34:	|........ ........ ........ ........| ok p=1
Q35:	|........ ........ ........ ........| ok p=1
Q36:	|........ ........ ........ ........| ok p=1
Q37:	|........ ........ ........ ........| ok p=1
Q38:	|........ ........ ........ ........| ok p=1
Q39:	|........ ........ ........ ........| ok p=1
Q40:	|........ ........ ........ ........| ok p=1
Q41:	|........ ........ ........ ........| ok p=1
Q42:	|........ ........ ........ ........| ok p=1
Q43:	|........ ........ ........ ........| ok p=1
Q44:	|........ ........ ........ ........| ok p=1
Q45:	|........ ........ ........ ........| ok p=1
Q46:	|0....... ........ ........ ........| ok p=1
Q47:	|1....... ........ ........ ........| ok p=0.483398
Q48:	|-....... ........ ........ ........| ok p=1
Q49:	|-....... ........ ........ ........| ok p=1
Q50:	|+....... ........ ........ ........| ok p=1
Q51:	|-....... ........ ........ ........| ok p=1
Q52:	|+....... ........ ........ ........| ok p=1
Q53:	|-....... ........ ........ ........| ok p=1
Q54:	|+....... ........ ........ ........| ok p=1
Q55:	|-....... ........ ........ ........| ok p=1
Q56:	|+....... ........ ........ ........| ok p=1
Q57:	|-....... ........ ........ ........| ok p=1
Q58:	|+....... ........ ........ ........| ok p=1
Q59:	|-....... ........ ........ ........| ok p=1
Q60:	|+....... ........ ........ ........| ok p=1
Q61:	|-....... 0....... ........ ........| ok p=1
Q62:	|+....... ........ ........ ........| ok p=1
Q63:	|-....... +....... ........ ........| ok p=1
Q64:	|+....... +....... ........ ........|
Best path: totcompl=12 tottunnel=61, totcond=380, p=0.0385507
Q-3:	|11110011 11011100 00101101 11001001|
Q-2:	|11101011 11000000 11110110 01011010|
Q-1:	|10101010 01000010 11011000 11010000|
Q0:	|10011010 11111100 01110010 11011110| ok p=1
Q1:	|......0. ........ ........ ........| ok p=1
Q2:	|.....00. ........ ........ ........| ok p=1
Q3:	|.!...0+. ........ ........ ........| ok p=1
Q4:	|....^+-. ........ ........ ........| ok p=1
Q5:	|....+--. ........ ........ ........| ok p=1
Q6:	|....0+-. ........ ........ ........| ok p=1
Q7:	|....+--. ........ ........ ........| ok p=1
Q8:	|....0+-. ........ ........ ........| ok p=1
Q9:	|....+--. ........ ..10.... ........| ok p=1
Q10:	|....1+-. 0100.11. .0011100 0101....| ok p=1
Q11:	|.1.^0+-. 1111^001 .1+-0000 01111^0.| ok p=1
Q12:	|.1^+---. +------0 ^01+-+++ ++++0+1.| ok p=1
Q13:	|.+-0+++. ----0-+- ---0-+++ +++++1+.| ok p=1
Q14:	|!0101110 0...+-00 0011.... ....1+-.| ok p=1
Q15:	|01-.0000 11110001 110.0111 11110++.| ok p=0.852539
Q16:	|..-....- ....0-.. ........ .....10.| ok p=0.614258
Q17:	|+.0..... ......0. ...0.... .....0+.| ok p=0.998047
Q18:	|+.1....^ .....^1. ...1.... .0......| ok p=0.768555
Q19:	|-....... ......+. ...+.... .1....^.| ok p=0.871094
Q20:	|-....... ........ ........ .-......| ok p=1
Q21:	|-....0.. ......^. ...^.... ........| ok p=1
Q22:	|-....1.. ........ ........ .^......| ok p=0.46582
Q23:	|1....+.. ........ ........ ........| ok p=1
Q24:	|0....... ........ .......0 ........| ok p=1
Q25:	|.....^.. ........ .......1 ........| ok p=0.493164
Q26:	|........ ........ .......- ........| ok p=0.985352
Q27:	|........ ........ ........ ........| ok p=1
Q28:	|........ ........ .......^ ........| ok p=1
Q29:	|........ ........ ........ ........| ok p=1
Q30:	|........ ........ ........ ........| ok p=1
Q31:	|........ ........ ........ ........| ok p=1
Q32:	|........ ........ ........ ........| ok p=1
Q33:	|........ ........ ........ ........| ok p=1
Q34:	|........ ........ ........ ........| ok p=1
Q35:	|........ ........ ........ ........| ok p=1
Q36:	|........ ........ ........ ........| ok p=1
Q37:	|........ ........ ........ ........| ok p=1
Q38:	|........ ........ ........ ........| ok p=1
Q39:	|........ ........ ........ ........| ok p=1
Q40:	|........ ........ ........ ........| ok p=1
Q41:	|........ ........ ........ ........| ok p=1
Q42:	|........ ........ ........ ........| ok p=1
Q43:	|........ ........ ........ ........| ok p=1
Q44:	|........ ........ ........ ........| ok p=1
Q45:	|........ ........ ........ ........| ok p=1
Q46:	|0....... ........ ........ ........| ok p=1
Q47:	|1....... ........ ........ ........| ok p=0.511719
Q48:	|+....... ........ ........ ........| ok p=1
Q49:	|+....... ........ ........ ........| ok p=1
Q50:	|-....... ........ ........ ........| ok p=1
Q51:	|+....... ........ ........ ........| ok p=1
Q52:	|-....... ........ ........ ........| ok p=1
Q53:	|+....... ........ ........ ........| ok p=1
Q54:	|-....... ........ ........ ........| ok p=1
Q55:	|+....... ........ ........ ........| ok p=1
Q56:	|-....... ........ ........ ........| ok p=1
Q57:	|+....... ........ ........ ........| ok p=1
Q58:	|-....... ........ ........ ........| ok p=1
Q59:	|+....... ........ ........ ........| ok p=1
Q60:	|-....... ........ ........ ........| ok p=1
Q61:	|+....... 0....... ........ ........| ok p=1
Q62:	|-....... ........ ........ ........| ok p=1
Q63:	|+....... +....... ........ ........| ok p=1
Q64:	|+....... +....... ........ ........|
Best path: totcompl=20 tottunnel=69, totcond=371, p=0.0364204
Q-3:	|11110011 11011100 00101101 11001001|
Q-2:	|11101011 11000000 11110110 01011010|
Q-1:	|10101010 01000010 11011000 11010000|
Q0:	|10011010 11111100 01110010 11011110| ok p=1
Q1:	|......0. ........ ........ ........| ok p=1
Q2:	|.....00. ........ ........ ........| ok p=1
Q3:	|!....0+. ........ ........ ........| ok p=1
Q4:	|....^+-. ........ ........ ........| ok p=1
Q5:	|....+--. ........ ........ ........| ok p=1
Q6:	|....0+-. ........ ........ ........| ok p=1
Q7:	|....+--. ........ ........ ........| ok p=1
Q8:	|....0+-. ........ ........ ........| ok p=1
Q9:	|....+--. ........ ..10.... ........| ok p=1
Q10:	|....1+-. 01001.0. ..011100 0101....| ok p=1
Q11:	|..0^0+-. 11110^11 !1+-0000 01111^0.| ok p=1
Q12:	|.^0+---. +------0 ^01+-+++ ++++0+1.| ok p=1
Q13:	|.+-0+++. ----01-- ---0-+++ +++++1+.| ok p=1
Q14:	|!0101110 0...+-.0 0011.... ....1+-.| ok p=1
Q15:	|01-.0000 11110001 110.0111 11110++.| ok p=0.874023
Q16:	|..-....- ....0-.. ........ .....10.| ok p=0.608398
Q17:	|+.0..... ......0. ...0.... .....0+.| ok p=0.99707
Q18:	|+.1....^ .....^1. ...1.... .0......| ok p=0.741211
Q19:	|-....... ......+. ...+.... .1....^.| ok p=0.852539
Q20:	|-....... ........ ........ .-......| ok p=1
Q21:	|-....0.. ......^. ...^.... ........| ok p=1
Q22:	|-....1.. ........ ........ .^......| ok p=0.47168
Q23:	|1....+.. ........ ........ ........| ok p=1
Q24:	|0....... ........ .......0 ........| ok p=1
Q25:	|.....^.. ........ .......1 ........| ok p=0.53125
Q26:	|........ ........ .......- ........| ok p=0.984375
Q27:	|........ ........ ........ ........| ok p=1
Q28:	|........ ........ .......^ ........| ok p=1
Q29:	|........ ........ ........ ........| ok p=1
Q30:	|........ ........ ........ ........| ok p=1
Q31:	|........ ........ ........ ........| ok p=1
Q32:	|........ ........ ........ ........| ok p=1
Q33:	|........ ........ ........ ........| ok p=1
Q34:	|........ ........ ........ ........| ok p=1
Q35:	|........ ........ ........ ........| ok p=1
Q36:	|........ ........ ........ ........| ok p=1
Q37:	|........ ........ ........ ........| ok p=1
Q38:	|........ ........ ........ ........| ok p=1
Q39:	|........ ........ ........ ........| ok p=1
Q40:	|........ ........ ........ ........| ok p=1
Q41:	|........ ........ ........ ........| ok p=1
Q42:	|........ ........ ........ ........| ok p=1
Q43:	|........ ........ ........ ........| ok p=1
Q44:	|........ ........ ........ ........| ok p=1
Q45:	|........ ........ ........ ........| ok p=1
Q46:	|0....... ........ ........ ........| ok p=1
Q47:	|1....... ........ ........ ........| ok p=0.535156
Q48:	|+....... ........ ........ ........| ok p=1
Q49:	|+....... ........ ........ ........| ok p=1
Q50:	|-....... ........ ........ ........| ok p=1
Q51:	|+....... ........ ........ ........| ok p=1
Q52:	|-....... ........ ........ ........| ok p=1
Q53:	|+....... ........ ........ ........| ok p=1
Q54:	|-....... ........ ........ ........| ok p=1
Q55:	|+....... ........ ........ ........| ok p=1
Q56:	|-....... ........ ........ ........| ok p=1
Q57:	|+....... ........ ........ ........| ok p=1
Q58:	|-....... ........ ........ ........| ok p=1
Q59:	|+....... ........ ........ ........| ok p=1
Q60:	|-....... ........ ........ ........| ok p=1
Q61:	|+....... 0....... ........ ........| ok p=1
Q62:	|-....... ........ ........ ........| ok p=1
Q63:	|+....... +....... ........ ........| ok p=1
Q64:	|+....... +....... ........ ........|
Best path: totcompl=21 tottunnel=70, totcond=370, p=0.0438057
Q-3:	|11110011 11011100 00101101 11001001|
Q-2:	|11101011 11000000 11110110 01011010|
Q-1:	|10101010 01000010 11011000 11010000|
Q0:	|10011010 11111100 01110010 11011110| ok p=1
Q1:	|......0. ........ ........ ........| ok p=1
Q2:	|.....00. ........ ........ ........| ok p=1
Q3:	|.!..^0+. ........ ........ ........| ok p=1
Q4:	|....+--. ........ ........ ........| ok p=1
Q5:	|....0+-. ........ ........ ........| ok p=1
Q6:	|....+--. ........ ........ ........| ok p=1
Q7:	|....0+-. ........ ........ ........| ok p=1
Q8:	|...^+--. ........ ........ ........| ok p=1
Q9:	|...+---. ........ ..0.1... ........| ok p=1
Q10:	|...01.+. 0010.11. 10101011 00001...| ok p=1
Q11:	|...010+. 1101^00^ 11-1+100 0111111.| ok p=1
Q12:	|.^.0.1+. +------+ +0-+--++ +++++00.| ok p=1
Q13:	|!+.-.-+. ----0-01 +---++++ ++++++-.| ok p=1
Q14:	|.0^0.1.0 0...+-00 .1.100.. ....010.| ok p=1
Q15:	|01-1.000 11110-.. 01111111 1111+0-.| ok p=0.981445
Q16:	|..-....- ....0-.. ........ ......0.| ok p=0.597656
Q17:	|+.0..... .....10. ...0.... ....^.+.| ok p=0.99707
Q18:	|+.1....^ .....01. ...1.... .0......| ok p=0.754883
Q19:	|-....... ......+. ...+.... .1....^.| ok p=0.864258
Q20:	|-....... ........ ........ .-......| ok p=1
Q21:	|-....0.. ......^. ...^.... ........| ok p=1
Q22:	|-....1.. ........ ........ .^......| ok p=0.484375
Q23:	|1....+.. ........ ........ ........| ok p=1
Q24:	|0....... ........ .......0 ........| ok p=1
Q25:	|.....^.. ........ .......1 ........| ok p=0.486328
Q26:	|........ ........ .......- ........| ok p=0.981445
Q27:	|........ ........ ........ ........| ok p=1
Q28:	|........ ........ .......^ ........| ok p=1
Q29:	|........ ........ ........ ........| ok p=1
Q30:	|........ ........ ........ ........| ok p=1
Q31:	|........ ........ ........ ........| ok p=1
Q32:	|........ ........ ........ ........| ok p=1
Q33:	|........ ........ ........ ........| ok p=1
Q34:	|........ ........ ........ ........| ok p=1
Q35:	|........ ........ ........ ........| ok p=1
Q36:	|........ ........ ........ ........| ok p=1
Q37:	|........ ........ ........ ........| ok p=1
Q38:	|........ ........ ........ ........| ok p=1
Q39:	|........ ........ ........ ........| ok p=1
Q40:	|........ ........ ........ ........| ok p=1
Q41:	|........ ........ ........ ........| ok p=1
Q42:	|........ ........ ........ ........| ok p=1
Q43:	|........ ........ ........ ........| ok p=1
Q44:	|........ ........ ........ ........| ok p=1
Q45:	|........ ........ ........ ........| ok p=1
Q46:	|0....... ........ ........ ........| ok p=1
Q47:	|1....... ........ ........ ........| ok p=0.480469
Q48:	|-....... ........ ........ ........| ok p=1
Q49:	|-....... ........ ........ ........| ok p=1
Q50:	|+....... ........ ........ ........| ok p=1
Q51:	|-....... ........ ........ ........| ok p=1
Q52:	|+....... ........ ........ ........| ok p=1
Q53:	|-....... ........ ........ ........| ok p=1
Q54:	|+....... ........ ........ ........| ok p=1
Q55:	|-....... ........ ........ ........| ok p=1
Q56:	|+....... ........ ........ ........| ok p=1
Q57:	|-....... ........ ........ ........| ok p=1
Q58:	|+....... ........ ........ ........| ok p=1
Q59:	|-....... ........ ........ ........| ok p=1
Q60:	|+....... ........ ........ ........| ok p=1
Q61:	|-....... 0....... ........ ........| ok p=1
Q62:	|+....... ........ ........ ........| ok p=1
Q63:	|-....... +....... ........ ........| ok p=1
Q64:	|+....... +....... ........ ........|
Best path: totcompl=21 tottunnel=70, totcond=369, p=0.0416212
Best paths: 2
Q-3:	|11110011 11011100 00101101 11001001|
Q-2:	|11101011 11000000 11110110 01011010|
Q-1:	|10101010 01000010 11011000 11010000|
Q0:	|10011010 11111100 01110010 11011110| ok p=1
Q1:	|......0. ........ ........ ........| ok p=1
Q2:	|.....00. ........ ........ ........| ok p=1
Q3:	|.!..^0+. ........ ........ ........| ok p=1
Q4:	|....+--. ........ ........ ........| ok p=1
Q5:	|....0+-. ........ ........ ........| ok p=1
Q6:	|....+--. ........ ........ ........| ok p=1
Q7:	|....0+-. ........ ........ ........| ok p=1
Q8:	|...^+--. ........ ........ ........| ok p=1
Q9:	|...+---. ........ ..0.1... ........| ok p=1
Q10:	|...01.+. 0011000. 1.111011 00001...| ok p=1
Q11:	|...010+. 1101101^ 11-0+100 0111111.| ok p=1
Q12:	|.^.0.1+. +------+ +00---++ +++++00.| ok p=1
Q13:	|!+.-.-+. ----0-01 +--1-+++ ++++++-.| ok p=1
Q14:	|.0^0.1.0 0...+-00 .110.0.. ....010.| ok p=1
Q15:	|01-1.000 11110-.. 011.1111 1111+0-.| ok p=0.979492
Q16:	|..-....- ....0-.. ........ ......0.| ok p=0.586914
Q17:	|+.0..... .....10. ...0.... ....^.+.| ok p=0.994141
Q18:	|+.1....^ .....01. ...1.... .0......| ok p=0.74707
Q19:	|-....... ......+. ...+.... .1....^.| ok p=0.871094
Q20:	|-....... ........ ........ .-......| ok p=1
Q21:	|-....0.. ......^. ...^.... ........| ok p=1
Q22:	|-....1.. ........ ........ .^......| ok p=0.458984
Q23:	|1....+.. ........ ........ ........| ok p=1
Q24:	|0....... ........ .......0 ........| ok p=1
Q25:	|.....^.. ........ .......1 ........| ok p=0.458984
Q26:	|........ ........ .......- ........| ok p=0.989258
Q27:	|........ ........ ........ ........| ok p=1
Q28:	|........ ........ .......^ ........| ok p=1
Q29:	|........ ........ ........ ........| ok p=1
Q30:	|........ ........ ........ ........| ok p=1
Q31:	|........ ........ ........ ........| ok p=1
Q32:	|........ ........ ........ ........| ok p=1
Q33:	|........ ........ ........ ........| ok p=1
Q34:	|........ ........ ........ ........| ok p=1
Q35:	|........ ........ ........ ........| ok p=1
Q36:	|........ ........ ........ ........| ok p=1
Q37:	|........ ........ ........ ........| ok p=1
Q38:	|........ ........ ........ ........| ok p=1
Q39:	|........ ........ ........ ........| ok p=1
Q40:	|........ ........ ........ ........| ok p=1
Q41:	|........ ........ ........ ........| ok p=1
Q42:	|........ ........ ........ ........| ok p=1
Q43:	|........ ........ ........ ........| ok p=1
Q44:	|........ ........ ........ ........| ok p=1
Q45:	|........ ........ ........ ........| ok p=1
Q46:	|0....... ........ ........ ........| ok p=1
Q47:	|1....... ........ ........ ........| ok p=0.512695
Q48:	|-....... ........ ........ ........| ok p=1
Q49:	|-....... ........ ........ ........| ok p=1
Q50:	|+....... ........ ........ ........| ok p=1
Q51:	|-....... ........ ........ ........| ok p=1
Q52:	|+....... ........ ........ ........| ok p=1
Q53:	|-....... ........ ........ ........| ok p=1
Q54:	|+....... ........ ........ ........| ok p=1
Q55:	|-....... ........ ........ ........| ok p=1
Q56:	|+....... ........ ........ ........| ok p=1
Q57:	|-....... ........ ........ ........| ok p=1
Q58:	|+....... ........ ........ ........| ok p=1
Q59:	|-....... ........ ........ ........| ok p=1
Q60:	|+....... ........ ........ ........| ok p=1
Q61:	|-....... 0....... ........ ........| ok p=1
Q62:	|+....... ........ ........ ........| ok p=1
Q63:	|-....... +....... ........ ........| ok p=1
Q64:	|+....... +....... ........ ........|
Best path: totcompl=21 tottunnel=70, totcond=368, p=0.0428924
