MD5 differential path toolbox
Copyright (C) 2009 Marc Stevens
http://homepages.cwi.nl/~stevens/

delta_m[2] = [!8!]
In-block prefix words: 0

Parsed path:
Q-3:	|11110011 11011100 00101101 11001001|
Q-2:	|11101011 11000000 11110110 01011010|
Q-1:	|10101010 01000010 11011000 11010000|
Q0:	|10011010 11111100 01110010 11011110| ok p=1
Q1:	|........ ........ ........ ........|
Saving data/path_prefix.bin...done.
Extend MD5 differential paths forward
Copyright (C) 2009 Marc Stevens
http://homepages.cwi.nl/~stevens/

delta_m[2] = [!8!]
Loading data/path_prefix.bin...done: 1.
Estimating maxcond for upper bound 640000 (=160000 * 4)...
t=1:  0%   10   20   30   40   50   60   70   80   90   100%
      |----|----|----|----|----|----|----|----|----|----|
e     ***************************************************
Found maxcond = 2176
t=1:  0%   10   20   30   40   50   60   70   80   90   100%
      |----|----|----|----|----|----|----|----|----|----|
      ***************************************************
Q-3:	|11110011 11011100 00101101 11001001|
Q-2:	|11101011 11000000 11110110 01011010|
Q-1:	|10101010 01000010 11011000 11010000|
Q0:	|10011010 11111100 01110010 11011110| ok p=1
Q1:	|........ ........ ........ ........| ok p=1
Q2:	|........ ........ ........ ........|
Saving 1 paths...done.
Autobalance parameters: maxcond=2176
Verified: 0 bad out of 1
Estimating maxcond for upper bound 640000 (=160000 * 4)...
t=2:  0%   10   20   30   40   50   60   70   80   90   100%
      |----|----|----|----|----|----|----|----|----|----|
e     ***************************************************
Found maxcond = 2176
t=2:  0%   10   20   30   40   50   60   70   80   90   100%
      |----|----|----|----|----|----|----|----|----|----|
      ***************************************************
Q-3:	|11110011 11011100 00101101 11001001|
Q-2:	|11101011 11000000 11110110 01011010|
Q-1:	|10101010 01000010 11011000 11010000|
Q0:	|10011010 11111100 01110010 11011110| ok p=1
Q1:	|........ ........ ........ ........| ok p=1
Q2:	|........ ........ ........ ........| ok p=0.993164
Q3:	|......+. ........ ........ ........|
Saving 1 paths...done.
Autobalance parameters: maxcond=2176
Verified: 0 bad out of 1
Estimating maxcond for upper bound 640000 (=160000 * 4)...
t=3:  0%   10   20   30   40   50   60   70   80   90   100%
      |----|----|----|----|----|----|----|----|----|----|
e     ***************************************************
Found maxcond = 2176
t=3:  0%   10   20   30   40   50   60   70   80   90   100%
      |----|----|----|----|----|----|----|----|----|----|
      ***************************************************
Q-3:	|11110011 11011100 00101101 11001001|
Q-2:	|11101011 11000000 11110110 01011010|
Q-1:	|10101010 01000010 11011000 11010000|
Q0:	|10011010 11111100 01110010 11011110| ok p=1
Q1:	|......V. ........ ........ ........| ok p=1
Q2:	|........ ........ ........ ........| ok p=0.991211
Q3:	|......+. ........ ........ ........| ok p=1
Q4:	|......+. ........ ........ ........|
Saving 5466 paths...done.
Autobalance parameters: maxcond=2176
Verified: 0 bad out of 5466
Estimating maxcond for upper bound 640000 (=160000 * 4)...
t=4:  0%   10   20   30   40   50   60   70   80   90   100%
      |----|----|----|----|----|----|----|----|----|----|
e     ***************************************************
Found maxcond = 154
t=4:  0%   10   20   30   40   50   60   70   80   90   100%
      |----|----|----|----|----|----|----|----|----|----|
      ***************************************************
Q-3:	|11110011 11011100 00101101 11001001|
Q-2:	|11101011 11000000 11110110 01011010|
Q-1:	|10101010 01000010 11011000 11010000|
Q0:	|10011010 11111100 01110010 11011110| ok p=1
Q1:	|......V. ........ ........ ........| ok p=1
Q2:	|......1. ........ ........ ........| ok p=0.993164
Q3:	|......+. ........ ........ ........| ok p=1
Q4:	|......+. ........ ........ ........| ok p=1
Q5:	|......+. ........ ........ ........|
Saving 160000 paths...done.
Autobalance parameters: maxcond=152
Verified: 0 bad out of 281586
Estimating maxcond for upper bound 640000 (=160000 * 4)...
t=5:  0%   10   20   30   40   50   60   70   80   90   100%
      |----|----|----|----|----|----|----|----|----|----|
e     ***************************************************
Found maxcond = 153
t=5:  0%   10   20   30   40   50   60   70   80   90   100%
      |----|----|----|----|----|----|----|----|----|----|
      ***************************************************
Q-3:	|11110011 11011100 00101101 11001001|
Q-2:	|11101011 11000000 11110110 01011010|
Q-1:	|10101010 01000010 11011000 11010000|
Q0:	|10011010 11111100 01110010 11011110| ok p=1
Q1:	|......V. ........ ........ ........| ok p=1
Q2:	|......1. ........ ........ ........| ok p=0.993164
Q3:	|......+. ........ ........ ........| ok p=1
Q4:	|......+. ........ ........ ........| ok p=1
Q5:	|......+. ........ ........ ........| ok p=0.989258
Q6:	|......+. ........ ........ ..+.....|
Saving 160000 paths...done.
Autobalance parameters: maxcond=151
Verified: 0 bad out of 293112
Estimating maxcond for upper bound 640000 (=160000 * 4)...
t=6:  0%   10   20   30   40   50   60   70   80   90   100%
      |----|----|----|----|----|----|----|----|----|----|
e     ***************************************************
Found maxcond = 154
t=6:  0%   10   20   30   40   50   60   70   80   90   100%
      |----|----|----|----|----|----|----|----|----|----|
      ***************************************************
Q-3:	|11110011 11011100 00101101 11001001|
Q-2:	|11101011 11000000 11110110 01011010|
Q-1:	|10101010 01000010 11011000 11010000|
Q0:	|10011010 11111100 01110010 11011110| ok p=1
Q1:	|......V. ........ ........ ........| ok p=1
Q2:	|......1. ........ ........ ........| ok p=0.990234
Q3:	|......+. ........ ........ ........| ok p=1
Q4:	|......+. ........ ........ ..V.....| ok p=1
Q5:	|......+. ........ ........ ........| ok p=0.994141
Q6:	|......+. ........ ........ ..+.....| ok p=0.989258
Q7:	|......+. ........ ....+... ..+.....|
Saving 160000 paths...done.
Autobalance parameters: maxcond=152
Verified: 0 bad out of 278621
Estimating maxcond for upper bound 640000 (=160000 * 4)...
t=7:  0%   10   20   30   40   50   60   70   80   90   100%
      |----|----|----|----|----|----|----|----|----|----|
e     ***************************************************
Found maxcond = 156
t=7:  0%   10   20   30   40   50   60   70   80   90   100%
      |----|----|----|----|----|----|----|----|----|----|
      ***************************************************
Q-3:	|11110011 11011100 00101101 11001001|
Q-2:	|11101011 11000000 11110110 01011010|
Q-1:	|10101010 01000010 11011000 11010000|
Q0:	|10011010 11111100 01110010 11011110| ok p=1
Q1:	|......V. ........ ........ ........| ok p=1
Q2:	|......1. ........ ........ ........| ok p=0.992188
Q3:	|......+. ........ ........ ........| ok p=1
Q4:	|......+. ........ ........ ..V.....| ok p=1
Q5:	|......+. ........ ....V... ..1.....| ok p=0.989258
Q6:	|......+. ........ ........ ..+.....| ok p=0.979492
Q7:	|......+. ........ ....+... ..+.....| ok p=0.984375
Q8:	|......+. .......+ ....+... ..+.....|
Saving 160000 paths...done.
Autobalance parameters: maxcond=153
Verified: 0 bad out of 308796
Estimating maxcond for upper bound 640000 (=160000 * 4)...
t=8:  0%   10   20   30   40   50   60   70   80   90   100%
      |----|----|----|----|----|----|----|----|----|----|
e     ***************************************************
Found maxcond = 158
t=8:  0%   10   20   30   40   50   60   70   80   90   100%
      |----|----|----|----|----|----|----|----|----|----|
      ***************************************************
Q-3:	|11110011 11011100 00101101 11001001|
Q-2:	|11101011 11000000 11110110 01011010|
Q-1:	|10101010 01000010 11011000 11010000|
Q0:	|10011010 11111100 01110010 11011110| ok p=1
Q1:	|......V. ........ ........ ........| ok p=1
Q2:	|.....V0. ........ ........ ........| ok p=0.987305
Q3:	|......+. ........ ........ ........| ok p=1
Q4:	|.....+-. ........ ........ ........| ok p=1
Q5:	|.....0+. ........ .....V.. ........| ok p=1
Q6:	|.....1+. .......V .....1.. ........| ok p=0.979492
Q7:	|......+. ........ .....+.. ........| ok p=0.982422
Q8:	|......+. .......+ .....+.. ........| ok p=0.980469
Q9:	|......+. .......+ .....+.. ......+.|
Saving 160000 paths...done.
Autobalance parameters: maxcond=156
Verified: 0 bad out of 250761
Estimating maxcond for upper bound 640000 (=160000 * 4)...
t=9:  0%   10   20   30   40   50   60   70   80   90   100%
      |----|----|----|----|----|----|----|----|----|----|
e     ***************************************************
Found maxcond = 162
t=9:  0%   10   20   30   40   50   60   70   80   90   100%
      |----|----|----|----|----|----|----|----|----|----|
      ***************************************************
Q-3:	|11110011 11011100 00101101 11001001|
Q-2:	|11101011 11000000 11110110 01011010|
Q-1:	|10101010 01000010 11011000 11010000|
Q0:	|10011010 11111100 01110010 11011110| ok p=1
Q1:	|......V. ........ ........ ........| ok p=1
Q2:	|.....V0. ........ ........ ........| ok p=0.992188
Q3:	|....V0+. ........ ........ ........| ok p=1
Q4:	|.....+-. ........ ........ ........| ok p=1
Q5:	|....+--. ........ ........ ........| ok p=1
Q6:	|....0+-. ........ ........ ........| ok p=1
Q7:	|....1+-. ........ ........ ......V.| ok p=1
Q8:	|......+. ........ ........ ........| ok p=0.984375
Q9:	|.....1+. ........ ........ ......+.| ok p=0.993164
Q10:	|......+. ........ ........ ..+...+.|
Saving 160000 paths...done.
Autobalance parameters: maxcond=160
Verified: 0 bad out of 270696
Estimating maxcond for upper bound 640000 (=160000 * 4)...
t=10: 0%   10   20   30   40   50   60   70   80   90   100%
      |----|----|----|----|----|----|----|----|----|----|
e     ***************************************************
Found maxcond = 167
t=10: 0%   10   20   30   40   50   60   70   80   90   100%
      |----|----|----|----|----|----|----|----|----|----|
      ***************************************************
Q-3:	|11110011 11011100 00101101 11001001|
Q-2:	|11101011 11000000 11110110 01011010|
Q-1:	|10101010 01000010 11011000 11010000|
Q0:	|10011010 11111100 01110010 11011110| ok p=1
Q1:	|......V. ........ ........ ........| ok p=1
Q2:	|.....V0. ........ ........ ........| ok p=0.987305
Q3:	|....V0+. ........ ........ ........| ok p=1
Q4:	|.....+-. ........ ........ ........| ok p=1
Q5:	|....+--. ........ ........ ........| ok p=1
Q6:	|....0+-. ........ ........ ........| ok p=1
Q7:	|....+--. ........ ........ ........| ok p=1
Q8:	|....0+-. ........ ........ ........| ok p=1
Q9:	|....1+-. ........ ........ ........| ok p=1
Q10:	|......+. ........ ........ ........| ok p=0.977539
Q11:	|......+. ........ ....+... ........|
Saving 160000 paths...done.
Autobalance parameters: maxcond=165
Verified: 0 bad out of 275859
Estimating maxcond for upper bound 640000 (=160000 * 4)...
t=11: 0%   10   20   30   40   50   60   70   80   90   100%
      |----|----|----|----|----|----|----|----|----|----|
e     ***************************************************
Found maxcond = 170
t=11: 0%   10   20   30   40   50   60   70   80   90   100%
      |----|----|----|----|----|----|----|----|----|----|
      ***************************************************
Q-3:	|11110011 11011100 00101101 11001001|
Q-2:	|11101011 11000000 11110110 01011010|
Q-1:	|10101010 01000010 11011000 11010000|
Q0:	|10011010 11111100 01110010 11011110| ok p=1
Q1:	|......V. ........ ........ ........| ok p=1
Q2:	|.....V0. ........ ........ ........| ok p=0.981445
Q3:	|....V0+. ........ ........ ........| ok p=1
Q4:	|.....+-. ........ ........ ........| ok p=1
Q5:	|....+--. ........ ........ ........| ok p=1
Q6:	|....0+-. ........ ........ ........| ok p=1
Q7:	|....+--. ........ ........ ........| ok p=1
Q8:	|....0+-. ........ ........ ........| ok p=1
Q9:	|....1+-. ........ ....V... ........| ok p=1
Q10:	|......+. ........ ........ ........| ok p=0.987305
Q11:	|.....1+. ........ ....+... ........| ok p=0.992188
Q12:	|......+. ........ +...+... ........|
Saving 160000 paths...done.
Autobalance parameters: maxcond=168
Verified: 0 bad out of 249130
Runtime: 5.2707
