MD5 differential path toolbox
Copyright (C) 2009 Marc Stevens
http://homepages.cwi.nl/~stevens/

delta_m[2] = [!8!]
In-block prefix words: 0

Parsed path:
Q-3:	|+1001110 01001010 01000100 10100011|
Q-2:	|+0111100 00000101 01110011 10001000|
Q-1:	|-1000110 -1101000 10010010 00101011|
Q0:	|-1011101 -1001111 10001001 01000001| ok p=0.00878906
Q1:	|.+...... -....... ........ .-......|
Saving data/path_2nc.bin...done.
Extend MD5 differential paths forward
Copyright (C) 2009 Marc Stevens
http://homepages.cwi.nl/~stevens/

delta_m[2] = [!8!]
Loading data/path_2nc.bin...done: 1.
Estimating maxcond for upper bound 640000 (=160000 * 4)...
t=1:  0%   10   20   30   40   50   60   70   80   90   100%
      |----|----|----|----|----|----|----|----|----|----|
e     ***************************************************
Found maxcond = 2176
t=1:  0%   10   20   30   40   50   60   70   80   90   100%
      |----|----|----|----|----|----|----|----|----|----|
      ***************************************************
Q-3:	|+1001110 01001010 01000100 10100011|
Q-2:	|+0111100 00000101 01110011 10001000|
Q-1:	|-1000110 -1101000 10010010 00101011|
Q0:	|-1011101 -1001111 10001001 01000001| ok p=0.0078125
Q1:	|.+...... -....... ........ .-......| ok p=0.996094
Q2:	|.+...... -....-.. ........ .-..-...|
Saving 2 paths...done.
Autobalance parameters: maxcond=2176
Verified: 3 bad out of 5
Estimating maxcond for upper bound 640000 (=160000 * 4)...
t=2:  0%   10   20   30   40   50   60   70   80   90   100%
      |----|----|----|----|----|----|----|----|----|----|
e     ***************************************************
Found maxcond = 2176
t=2:  0%   10   20   30   40   50   60   70   80   90   100%
      |----|----|----|----|----|----|----|----|----|----|
      ***************************************************
Q-3:	|+1001110 01001010 01000100 10100011|
Q-2:	|+0111100 00000101 01110011 10001000|
Q-1:	|-1000110 -1101000 10010010 00101011|
Q0:	|-1011101 -1001111 10001001 01000001| ok p=0.0234375
Q1:	|.+...... -....1.. ........ .-..0...| ok p=0.995117
Q2:	|1+...... -....-.. ........ .-..-...| ok p=0.478516
Q3:	|.+....+. -....-.+ ......-. .-..-...|
Saving 191 paths...done.
Autobalance parameters: maxcond=2176
Verified: 49 bad out of 240
Estimating maxcond for upper bound 640000 (=160000 * 4)...
t=3:  0%   10   20   30   40   50   60   70   80   90   100%
      |----|----|----|----|----|----|----|----|----|----|
e     ***************************************************
Found maxcond = 160
t=3:  0%   10   20   30   40   50   60   70   80   90   100%
      |----|----|----|----|----|----|----|----|----|----|
      ***************************************************
Q-3:	|+1001110 01001010 01000100 10100011|
Q-2:	|+0111100 00000101 01110011 10001000|
Q-1:	|-1000110 -1101000 10010010 00101011|
Q0:	|-1011101 -1001111 10001001 01000001| ok p=0.0283203
Q1:	|.+.....0 -....0.. ........ .-..0...| ok p=0.996094
Q2:	|0+.....- +....-.. ........ .-..-...| ok p=0.984375
Q3:	|.+.....+ +....-.. ........ .-..0...| ok p=0.663086
Q4:	|.+.-..+. -..-.-.. ..-....- .-......|
Saving 160000 paths...done.
Autobalance parameters: maxcond=157
Verified: 13897 bad out of 340350
Estimating maxcond for upper bound 640000 (=160000 * 4)...
t=4:  0%   10   20   30   40   50   60   70   80   90   100%
      |----|----|----|----|----|----|----|----|----|----|
e     ***************************************************
Found maxcond = 166
t=4:  0%   10   20   30   40   50   60   70   80   90   100%
      |----|----|----|----|----|----|----|----|----|----|
      ***************************************************
Q-3:	|+1001110 01001010 01000100 10100011|
Q-2:	|+0111100 00000101 01110011 10001000|
Q-1:	|-1000110 -1101000 10010010 00101011|
Q0:	|-1011101 -1001111 10001001 01000001| ok p=0.730469
Q1:	|.+.....0 -....1.. ........ -+..0...| ok p=1
Q2:	|0+.....- +...V+.. ........ 1-..-...| ok p=0.987305
Q3:	|.+.....+ 1....+.. ........ 1-..-...| ok p=0.742188
Q4:	|.+.....- 1...--.. ........ .-..-...| ok p=0.384766
Q5:	|.......+ ...-.+.. .-...-.. ....-...|
Saving 160000 paths...done.
Autobalance parameters: maxcond=165
Verified: 6649 bad out of 213496
Estimating maxcond for upper bound 640000 (=160000 * 4)...
t=5:  0%   10   20   30   40   50   60   70   80   90   100%
      |----|----|----|----|----|----|----|----|----|----|
e     ***************************************************
Found maxcond = 176
t=5:  0%   10   20   30   40   50   60   70   80   90   100%
      |----|----|----|----|----|----|----|----|----|----|
      ***************************************************
Q-3:	|+1001110 01001010 01000100 10100011|
Q-2:	|+0111100 00000101 01110011 10001000|
Q-1:	|-1000110 -1101000 10010010 00101011|
Q0:	|-1011101 -1001111 10001001 01000001| ok p=0.727539
Q1:	|.+.....0 -....1.. ........ -+..0...| ok p=1
Q2:	|0+.....- +...V+.. ........ 1-..-...| ok p=0.984375
Q3:	|.+.....+ 1...1+.. .V...V.. 1-..-...| ok p=0.745117
Q4:	|.+.....- 1...--.. ........ .-..-...| ok p=0.362305
Q5:	|.......+ ....--.. .-...-.. ....-...| ok p=0.385742
Q6:	|.+.....+ ...-.-.- .-...+.. ...-....|
Saving 160000 paths...done.
Autobalance parameters: maxcond=174
Verified: 5199 bad out of 291541
Estimating maxcond for upper bound 640000 (=160000 * 4)...
t=6:  0%   10   20   30   40   50   60   70   80   90   100%
      |----|----|----|----|----|----|----|----|----|----|
e     ***************************************************
Found maxcond = 186
t=6:  0%   10   20   30   40   50   60   70   80   90   100%
      |----|----|----|----|----|----|----|----|----|----|
      ***************************************************
Q-3:	|+1001110 01001010 01000100 10100011|
Q-2:	|+0111100 00000101 01110011 10001000|
Q-1:	|-1000110 -1101000 10010010 00101011|
Q0:	|-1011101 -1001111 10001001 01000001| ok p=0.749023
Q1:	|.+.....0 -....1.. ........ -+..0...| ok p=1
Q2:	|0+.....- +...V+.. ........ 1-..-...| ok p=0.976562
Q3:	|.+.....+ 1...0+.. .V...V.. 1-..-...| ok p=0.710938
Q4:	|.+.....- 0..V--.V .1...0.. .-.V-...| ok p=0.489258
Q5:	|.+.....+ ....--.. .-...-.. ....-...| ok p=0.392578
Q6:	|.......+ ...-.-.- .-...+.. .1.-....| ok p=0.52832
Q7:	|........ .+..+.+. .-..+.-. ..-.....|
Saving 160000 paths...done.
Autobalance parameters: maxcond=185
Verified: 1428 bad out of 201231
Estimating maxcond for upper bound 640000 (=160000 * 4)...
t=7:  0%   10   20   30   40   50   60   70   80   90   100%
      |----|----|----|----|----|----|----|----|----|----|
e     ***************************************************
Found maxcond = 199
t=7:  0%   10   20   30   40   50   60   70   80   90   100%
      |----|----|----|----|----|----|----|----|----|----|
      ***************************************************
Q-3:	|+1001110 01001010 01000100 10100011|
Q-2:	|+0111100 00000101 01110011 10001000|
Q-1:	|-1000110 -1101000 10010010 00101011|
Q0:	|-1011101 -1001111 10001001 01000001| ok p=0.755859
Q1:	|.+.....0 -....1.. ........ -+..0...| ok p=1
Q2:	|0+.....- +..V.+.. ........ 1-..-...| ok p=0.989258
Q3:	|.+.....+ 1...0+.. .V...V.. 1-.1-...| ok p=0.75293
Q4:	|.+.....- 1..-1+.. .1...0.. .-.0-...| ok p=0.374023
Q5:	|.......+ .V.0--.. .-...-V. ...-+...| ok p=0.501953
Q6:	|.1.....+ ...--+.. .-...+.. .0.-0...| ok p=0.732422
Q7:	|........ .-.-.-.. .+...++. ....-...| ok p=0.716797
Q8:	|...-.-.. .-...-.. .+...-.+ ..-.+...|
Saving 160000 paths...done.
Autobalance parameters: maxcond=197
Verified: 18988 bad out of 308695
Estimating maxcond for upper bound 640000 (=160000 * 4)...
t=8:  0%   10   20   30   40   50   60   70   80   90   100%
      |----|----|----|----|----|----|----|----|----|----|
e     ***************************************************
Found maxcond = 211
t=8:  0%   10   20   30   40   50   60   70   80   90   100%
      |----|----|----|----|----|----|----|----|----|----|
      ***************************************************
Q-3:	|+1001110 01001010 01000100 10100011|
Q-2:	|+0111100 00000101 01110011 10001000|
Q-1:	|-1000110 -1101000 10010010 00101011|
Q0:	|-1011101 -1001111 10001001 01000001| ok p=0.750977
Q1:	|.+.....0 -....1.. ........ -+.V0...| ok p=1
Q2:	|0+V....- +...0+.. ........ 1-..-...| ok p=0.970703
Q3:	|.+0....+ 1...1+.. ........ 0-.-+...| ok p=0.666992
Q4:	|..+....+ 1...--.. V....V.. -+.0-...| ok p=0.197266
Q5:	|.1-....- ....--.. .....1V. 01.-+...| ok p=0.481445
Q6:	|..+V...- ....--.. -....+.. 10.01...| ok p=0.75293
Q7:	|..+....- ....--.. 0....++. ...-0...| ok p=0.822266
Q8:	|...+...- .....-.. 1.....0. ...-....| ok p=0.941406
Q9:	|.....+.- ......-. ...-.+.. ...-...-|
Saving 160000 paths...done.
Autobalance parameters: maxcond=210
Verified: 4302 bad out of 226816
Estimating maxcond for upper bound 640000 (=160000 * 4)...
t=9:  0%   10   20   30   40   50   60   70   80   90   100%
      |----|----|----|----|----|----|----|----|----|----|
e     ***************************************************
Found maxcond = 222
t=9:  0%   10   20   30   40   50   60   70   80   90   100%
      |----|----|----|----|----|----|----|----|----|----|
      ***************************************************
Q-3:	|+1001110 01001010 01000100 10100011|
Q-2:	|+0111100 00000101 01110011 10001000|
Q-1:	|-1000110 -1101000 10010010 00101011|
Q0:	|-1011101 -1001111 10001001 01000001| ok p=0.719727
Q1:	|.+....0. -...10.. ......V. -+..0...| ok p=1
Q2:	|0+....1. -...+-.. .V...... 0-..-...| ok p=0.976562
Q3:	|.+....+. ....1+.. ......-. 1-..1...| ok p=0.741211
Q4:	|.+...10. 1..1--.. V+..V.0. .-..1...| ok p=0.395508
Q5:	|.0...01. V..0--.. .1...V1. ....0...| ok p=0.387695
Q6:	|.+.V.+.. 0..-.-.. -0..+... .1..-...| ok p=0.414062
Q7:	|.-V..0.. -..01-.. 1...0+.. ....+...| ok p=0.482422
Q8:	|.-.-.1.. -..+.-.. 1...00.. ....-...| ok p=0.500977
Q9:	|.++0.... -..+.... .....1.. ....-...| ok p=0.487305
Q10:	|..-.-... ...+.... -....... .+.-...-|
Saving 160000 paths...done.
Autobalance parameters: maxcond=221
Verified: 100 bad out of 173074
Estimating maxcond for upper bound 640000 (=160000 * 4)...
t=10: 0%   10   20   30   40   50   60   70   80   90   100%
      |----|----|----|----|----|----|----|----|----|----|
e     ***************************************************
Found maxcond = 235
t=10: 0%   10   20   30   40   50   60   70   80   90   100%
      |----|----|----|----|----|----|----|----|----|----|
      ***************************************************
Q-3:	|+1001110 01001010 01000100 10100011|
Q-2:	|+0111100 00000101 01110011 10001000|
Q-1:	|-1000110 -1101000 10010010 00101011|
Q0:	|-1011101 -1001111 10001001 01000001| ok p=0.736328
Q1:	|.+.....0 -...10.. ......V. -+..0...| ok p=1
Q2:	|0+V....1 -...+-.. ........ 1-..-...| ok p=0.969727
Q3:	|.+0....+ ....1+.. ......-. 0-..0...| ok p=0.65625
Q4:	|..+....+ 1...--.. V....V0. -+..1...| ok p=0.351562
Q5:	|.1-..0.+ ....--.. ....V.1. 01..1...| ok p=0.388672
Q6:	|..+V.1.+ ....--.. -....+V. 10..+...| ok p=0.707031
Q7:	|..+..-.+ ....--.. 0...+01. ....-..V| ok p=0.851562
Q8:	|...+.1.- .....-.. -...1+-. ....-.V.| ok p=0.941406
Q9:	|..10.+.- ....1... -...0+-. ....-..-| ok p=0.706055
Q10:	|...-.+.. .....1.. -....+.. ....+.-0| ok p=0.768555
Q11:	|....+... ..-..... ..-..-.. ...-.-.+|
Saving 160000 paths...done.
Autobalance parameters: maxcond=234
Verified: 2082 bad out of 273479
Estimating maxcond for upper bound 640000 (=160000 * 4)...
t=11: 0%   10   20   30   40   50   60   70   80   90   100%
      |----|----|----|----|----|----|----|----|----|----|
e     ***************************************************
Found maxcond = 247
t=11: 0%   10   20   30   40   50   60   70   80   90   100%
      |----|----|----|----|----|----|----|----|----|----|
      ***************************************************
Q-3:	|+1001110 01001010 01000100 10100011|
Q-2:	|+0111100 00000101 01110011 10001000|
Q-1:	|-1000110 -1101000 10010010 00101011|
Q0:	|-1011101 -1001111 10001001 01000001| ok p=0.762695
Q1:	|.+.....0 -....1.. ........ -+..0...| ok p=1
Q2:	|0+1....- +...V+.. ........ 1-..-...| ok p=1
Q3:	|.+0....+ 1...1+.. .....V.. 0-.1-...| ok p=0.65918
Q4:	|..+....- 1...--.. ........ -+10-...| ok p=0.71875
Q5:	|.1-....+ ....--.. 0....-V. 010--...| ok p=0.649414
Q6:	|..+....+ ....--.. 1....0.. 00-1...V| ok p=0.728516
Q7:	|..+.VV.. ....--.. +.V..0+. ..--0...| ok p=0.761719
Q8:	|.....0.0 ....1-.. +.1..-1. ...-...-| ok p=0.918945
Q9:	|..0.--.. V...1-.. -.-..01. ..1-...0| ok p=0.580078
Q10:	|....0-.. ....-... +.-..+.. ..1....-| ok p=0.749023
Q11:	|....-... -...-1.. +.+..-.. ..-1...0| ok p=0.939453
Q12:	|...-.+.- .+..-... -.+..-.- ....-..-|
Saving 160000 paths...done.
Autobalance parameters: maxcond=246
Verified: 624 bad out of 173108
Runtime: 9.02114
