Extend MD5 differential paths backward
Copyright (C) 2009 Marc Stevens
http://homepages.cwi.nl/~stevens/

delta_m[11] = [!17!]
Loading workdir5/upperpath.bin.gz...done: 1.
Estimating maxcond for upper bound 262144 (=65536 * 4)...
t=34: 0%   10   20   30   40   50   60   70   80   90   100%
      |----|----|----|----|----|----|----|----|----|----|
e     ***************************************************
Found maxcond = 2176
t=34: 0%   10   20   30   40   50   60   70   80   90   100%
      |----|----|----|----|----|----|----|----|----|----|
      ***************************************************
Q31:	|........ ......-. ........ ........|
Q32:	|........ ........ ........ ........|
Q33:	|........ ........ ........ ........|
Q34:	|........ ........ ........ ........| ok p=1
Q35:	|........ ........ ........ ........| ok p=1
Q36:	|........ ........ ........ ........| ok p=1
Q37:	|........ ........ ........ ........| ok p=1
Q38:	|........ ........ ........ ........| ok p=1
Q39:	|........ ........ ........ ........| ok p=1
Q40:	|........ ........ ........ ........| ok p=1
Q41:	|........ ........ ........ ........| ok p=1
Q42:	|........ ........ ........ ........| ok p=1
Q43:	|........ ........ ........ ........| ok p=1
Q44:	|........ ........ ........ ........| ok p=1
Q45:	|........ ........ ........ ........| ok p=1
Q46:	|........ ........ ........ ........| ok p=1
Q47:	|........ ........ ........ ........| ok p=1
Q48:	|........ ........ ........ ........| ok p=1
Q49:	|........ ........ ........ ........| ok p=1
Q50:	|........ ........ ........ ........| ok p=1
Q51:	|........ ........ ........ ........| ok p=1
Q52:	|........ ........ ........ ........| ok p=1
Q53:	|........ ........ ........ ........| ok p=1
Q54:	|........ ........ ........ ........| ok p=1
Q55:	|........ ........ ........ ........| ok p=1
Q56:	|........ ........ ........ ........| ok p=1
Q57:	|........ ........ ........ ........| ok p=1
Q58:	|........ ........ ........ ........| ok p=1
Q59:	|........ ........ ........ ........| ok p=1
Q60:	|....0... ........ ........ ........| ok p=1
Q61:	|..101... ........ ........ ........| ok p=0.923828
Q62:	|..1.+... ........ ........ ........| ok p=1
Q63:	|..+--... ........ ........ ........| ok p=0.871094
Q64:	|....+... .....-.. ........ ........|
Saving 1 paths...done.
Autobalance parameters: maxcond=2176
Verified: 0 bad out of 1
Estimating maxcond for upper bound 262144 (=65536 * 4)...
t=33: 0%   10   20   30   40   50   60   70   80   90   100%
      |----|----|----|----|----|----|----|----|----|----|
e     ***************************************************
Found maxcond = 2176
t=33: 0%   10   20   30   40   50   60   70   80   90   100%
      |----|----|----|----|----|----|----|----|----|----|
      ***************************************************
Q30:	|........ ......-. ........ ........|
Q31:	|........ ......-. ........ ........|
Q32:	|........ ........ ........ ........|
Q33:	|........ ......!. ........ ........| ok p=1
Q34:	|........ ........ ........ ........| ok p=1
Q35:	|........ ........ ........ ........| ok p=1
Q36:	|........ ........ ........ ........| ok p=1
Q37:	|........ ........ ........ ........| ok p=1
Q38:	|........ ........ ........ ........| ok p=1
Q39:	|........ ........ ........ ........| ok p=1
Q40:	|........ ........ ........ ........| ok p=1
Q41:	|........ ........ ........ ........| ok p=1
Q42:	|........ ........ ........ ........| ok p=1
Q43:	|........ ........ ........ ........| ok p=1
Q44:	|........ ........ ........ ........| ok p=1
Q45:	|........ ........ ........ ........| ok p=1
Q46:	|........ ........ ........ ........| ok p=1
Q47:	|........ ........ ........ ........| ok p=1
Q48:	|........ ........ ........ ........| ok p=1
Q49:	|........ ........ ........ ........| ok p=1
Q50:	|........ ........ ........ ........| ok p=1
Q51:	|........ ........ ........ ........| ok p=1
Q52:	|........ ........ ........ ........| ok p=1
Q53:	|........ ........ ........ ........| ok p=1
Q54:	|........ ........ ........ ........| ok p=1
Q55:	|........ ........ ........ ........| ok p=1
Q56:	|........ ........ ........ ........| ok p=1
Q57:	|........ ........ ........ ........| ok p=1
Q58:	|........ ........ ........ ........| ok p=1
Q59:	|........ ........ ........ ........| ok p=1
Q60:	|....0... ........ ........ ........| ok p=1
Q61:	|..101... ........ ........ ........| ok p=0.9375
Q62:	|..1.+... ........ ........ ........| ok p=1
Q63:	|..+--... ........ ........ ........| ok p=0.87793
Q64:	|....+... .....-.. ........ ........|
Saving 65536 paths...done.
Autobalance parameters: maxcond=29
Verified: 0 bad out of 65537
Estimating maxcond for upper bound 262144 (=65536 * 4)...
t=32: 0%   10   20   30   40   50   60   70   80   90   100%
      |----|----|----|----|----|----|----|----|----|----|
e     ***************************************************
Found maxcond = 25
t=32: 0%   10   20   30   40   50   60   70   80   90   100%
      |----|----|----|----|----|----|----|----|----|----|
      ***************************************************
Q29:	|........ ........ ........ ........|
Q30:	|........ ......+. ........ ........|
Q31:	|........ ......-. ........ ........|
Q32:	|........ ........ ........ ........| ok p=1
Q33:	|........ ......^. ........ ........| ok p=1
Q34:	|........ ........ ........ ........| ok p=1
Q35:	|........ ........ ........ ........| ok p=1
Q36:	|........ ........ ........ ........| ok p=1
Q37:	|........ ........ ........ ........| ok p=1
Q38:	|........ ........ ........ ........| ok p=1
Q39:	|........ ........ ........ ........| ok p=1
Q40:	|........ ........ ........ ........| ok p=1
Q41:	|........ ........ ........ ........| ok p=1
Q42:	|........ ........ ........ ........| ok p=1
Q43:	|........ ........ ........ ........| ok p=1
Q44:	|........ ........ ........ ........| ok p=1
Q45:	|........ ........ ........ ........| ok p=1
Q46:	|........ ........ ........ ........| ok p=1
Q47:	|........ ........ ........ ........| ok p=1
Q48:	|........ ........ ........ ........| ok p=1
Q49:	|........ ........ ........ ........| ok p=1
Q50:	|........ ........ ........ ........| ok p=1
Q51:	|........ ........ ........ ........| ok p=1
Q52:	|........ ........ ........ ........| ok p=1
Q53:	|........ ........ ........ ........| ok p=1
Q54:	|........ ........ ........ ........| ok p=1
Q55:	|........ ........ ........ ........| ok p=1
Q56:	|........ ........ ........ ........| ok p=1
Q57:	|........ ........ ........ ........| ok p=1
Q58:	|........ ........ ........ ........| ok p=1
Q59:	|........ ........ ........ ........| ok p=1
Q60:	|....0... ........ ........ ........| ok p=1
Q61:	|..101... ........ ........ ........| ok p=0.922852
Q62:	|..1.+... ........ ........ ........| ok p=1
Q63:	|..+--... ........ ........ ........| ok p=0.873047
Q64:	|....+... .....-.. ........ ........|
Saving 65536 paths...done.
Autobalance parameters: maxcond=22
Verified: 0 bad out of 121678
Estimating maxcond for upper bound 262144 (=65536 * 4)...
t=31: 0%   10   20   30   40   50   60   70   80   90   100%
      |----|----|----|----|----|----|----|----|----|----|
e     ***************************************************
Found maxcond = 22
t=31: 0%   10   20   30   40   50   60   70   80   90   100%
      |----|----|----|----|----|----|----|----|----|----|
      ***************************************************
Q28:	|..+..... ......+. ........ ........|
Q29:	|........ ........ ........ ........|
Q30:	|........ ......-. ........ ........|
Q31:	|........ ......-. ........ ........| ok p=0.870117
Q32:	|........ ........ ........ ........| ok p=1
Q33:	|........ ......!. ........ ........| ok p=1
Q34:	|........ ........ ........ ........| ok p=1
Q35:	|........ ........ ........ ........| ok p=1
Q36:	|........ ........ ........ ........| ok p=1
Q37:	|........ ........ ........ ........| ok p=1
Q38:	|........ ........ ........ ........| ok p=1
Q39:	|........ ........ ........ ........| ok p=1
Q40:	|........ ........ ........ ........| ok p=1
Q41:	|........ ........ ........ ........| ok p=1
Q42:	|........ ........ ........ ........| ok p=1
Q43:	|........ ........ ........ ........| ok p=1
Q44:	|........ ........ ........ ........| ok p=1
Q45:	|........ ........ ........ ........| ok p=1
Q46:	|........ ........ ........ ........| ok p=1
Q47:	|........ ........ ........ ........| ok p=1
Q48:	|........ ........ ........ ........| ok p=1
Q49:	|........ ........ ........ ........| ok p=1
Q50:	|........ ........ ........ ........| ok p=1
Q51:	|........ ........ ........ ........| ok p=1
Q52:	|........ ........ ........ ........| ok p=1
Q53:	|........ ........ ........ ........| ok p=1
Q54:	|........ ........ ........ ........| ok p=1
Q55:	|........ ........ ........ ........| ok p=1
Q56:	|........ ........ ........ ........| ok p=1
Q57:	|........ ........ ........ ........| ok p=1
Q58:	|........ ........ ........ ........| ok p=1
Q59:	|........ ........ ........ ........| ok p=1
Q60:	|....0... ........ ........ ........| ok p=1
Q61:	|..101... ........ ........ ........| ok p=0.949219
Q62:	|..1.+... ........ ........ ........| ok p=1
Q63:	|..+--... ........ ........ ........| ok p=0.879883
Q64:	|....+... .....-.. ........ ........|
Saving 65536 paths...done.
Autobalance parameters: maxcond=20
Verified: 0 bad out of 114970
Estimating maxcond for upper bound 262144 (=65536 * 4)...
t=30: 0%   10   20   30   40   50   60   70   80   90   100%
      |----|----|----|----|----|----|----|----|----|----|
e     ***************************************************
Found maxcond = 22
t=30: 0%   10   20   30   40   50   60   70   80   90   100%
      |----|----|----|----|----|----|----|----|----|----|
      ***************************************************
Q27:	|........ ........ ........ ...-....|
Q28:	|..+..... ......-. ........ ........|
Q29:	|........ ......0. ........ ........|
Q30:	|..^..... ......+. ........ ........| ok p=1
Q31:	|........ ......-. ........ ........| ok p=0.875977
Q32:	|........ ........ ........ ........| ok p=1
Q33:	|........ ......^. ........ ........| ok p=1
Q34:	|........ ........ ........ ........| ok p=1
Q35:	|........ ........ ........ ........| ok p=1
Q36:	|........ ........ ........ ........| ok p=1
Q37:	|........ ........ ........ ........| ok p=1
Q38:	|........ ........ ........ ........| ok p=1
Q39:	|........ ........ ........ ........| ok p=1
Q40:	|........ ........ ........ ........| ok p=1
Q41:	|........ ........ ........ ........| ok p=1
Q42:	|........ ........ ........ ........| ok p=1
Q43:	|........ ........ ........ ........| ok p=1
Q44:	|........ ........ ........ ........| ok p=1
Q45:	|........ ........ ........ ........| ok p=1
Q46:	|........ ........ ........ ........| ok p=1
Q47:	|........ ........ ........ ........| ok p=1
Q48:	|........ ........ ........ ........| ok p=1
Q49:	|........ ........ ........ ........| ok p=1
Q50:	|........ ........ ........ ........| ok p=1
Q51:	|........ ........ ........ ........| ok p=1
Q52:	|........ ........ ........ ........| ok p=1
Q53:	|........ ........ ........ ........| ok p=1
Q54:	|........ ........ ........ ........| ok p=1
Q55:	|........ ........ ........ ........| ok p=1
Q56:	|........ ........ ........ ........| ok p=1
Q57:	|........ ........ ........ ........| ok p=1
Q58:	|........ ........ ........ ........| ok p=1
Q59:	|........ ........ ........ ........| ok p=1
Q60:	|....0... ........ ........ ........| ok p=1
Q61:	|..101... ........ ........ ........| ok p=0.939453
Q62:	|..1.+... ........ ........ ........| ok p=1
Q63:	|..+--... ........ ........ ........| ok p=0.864258
Q64:	|....+... .....-.. ........ ........|
Saving 65536 paths...done.
Autobalance parameters: maxcond=19
Verified: 0 bad out of 135613
Runtime: 3.77365
Extend MD5 differential paths backward
Copyright (C) 2009 Marc Stevens
http://homepages.cwi.nl/~stevens/

delta_m[11] = [!17!]
Loading workdir5/paths30_0of1...done: 65536 (work:65536).
Estimating maxcond for upper bound 400000 (=100000 * 4)...
t=29: 0%   10   20   30   40   50   60   70   80   90   100%
      |----|----|----|----|----|----|----|----|----|----|
e     ***************************************************
Found maxcond = 23
t=29: 0%   10   20   30   40   50   60   70   80   90   100%
      |----|----|----|----|----|----|----|----|----|----|
      ***************************************************
Q26:	|........ ......-. .......- ........|
Q27:	|..1..... ......+. ........ ........|
Q28:	|..+..... ......+. ........ ........|
Q29:	|........ ......1. ........ ........| ok p=1
Q30:	|..^..... ......-. ........ ........| ok p=1
Q31:	|........ ......-. ........ ........| ok p=0.875977
Q32:	|........ ........ ........ ........| ok p=1
Q33:	|........ ......!. ........ ........| ok p=1
Q34:	|........ ........ ........ ........| ok p=1
Q35:	|........ ........ ........ ........| ok p=1
Q36:	|........ ........ ........ ........| ok p=1
Q37:	|........ ........ ........ ........| ok p=1
Q38:	|........ ........ ........ ........| ok p=1
Q39:	|........ ........ ........ ........| ok p=1
Q40:	|........ ........ ........ ........| ok p=1
Q41:	|........ ........ ........ ........| ok p=1
Q42:	|........ ........ ........ ........| ok p=1
Q43:	|........ ........ ........ ........| ok p=1
Q44:	|........ ........ ........ ........| ok p=1
Q45:	|........ ........ ........ ........| ok p=1
Q46:	|........ ........ ........ ........| ok p=1
Q47:	|........ ........ ........ ........| ok p=1
Q48:	|........ ........ ........ ........| ok p=1
Q49:	|........ ........ ........ ........| ok p=1
Q50:	|........ ........ ........ ........| ok p=1
Q51:	|........ ........ ........ ........| ok p=1
Q52:	|........ ........ ........ ........| ok p=1
Q53:	|........ ........ ........ ........| ok p=1
Q54:	|........ ........ ........ ........| ok p=1
Q55:	|........ ........ ........ ........| ok p=1
Q56:	|........ ........ ........ ........| ok p=1
Q57:	|........ ........ ........ ........| ok p=1
Q58:	|........ ........ ........ ........| ok p=1
Q59:	|........ ........ ........ ........| ok p=1
Q60:	|....0... ........ ........ ........| ok p=1
Q61:	|..101... ........ ........ ........| ok p=0.929688
Q62:	|..1.+... ........ ........ ........| ok p=1
Q63:	|..+--... ........ ........ ........| ok p=0.885742
Q64:	|....+... .....-.. ........ ........|
Saving 100000 paths...done.
Autobalance parameters: maxcond=21
Verified: 0 bad out of 166282
Estimating maxcond for upper bound 400000 (=100000 * 4)...
t=28: 0%   10   20   30   40   50   60   70   80   90   100%
      |----|----|----|----|----|----|----|----|----|----|
e     ***************************************************
Found maxcond = 25
t=28: 0%   10   20   30   40   50   60   70   80   90   100%
      |----|----|----|----|----|----|----|----|----|----|
      ***************************************************
Q25:	|.......- ......-. ...-.... ........|
Q26:	|..-..... ......-. .......- ........|
Q27:	|..0..... ......+. ........ ........|
Q28:	|..+..... ......+. .......^ ........| ok p=0.892578
Q29:	|........ ......1. ........ ........| ok p=1
Q30:	|..^..... ......-. ........ ........| ok p=1
Q31:	|........ ......-. ........ ........| ok p=0.862305
Q32:	|........ ........ ........ ........| ok p=1
Q33:	|........ ......!. ........ ........| ok p=1
Q34:	|........ ........ ........ ........| ok p=1
Q35:	|........ ........ ........ ........| ok p=1
Q36:	|........ ........ ........ ........| ok p=1
Q37:	|........ ........ ........ ........| ok p=1
Q38:	|........ ........ ........ ........| ok p=1
Q39:	|........ ........ ........ ........| ok p=1
Q40:	|........ ........ ........ ........| ok p=1
Q41:	|........ ........ ........ ........| ok p=1
Q42:	|........ ........ ........ ........| ok p=1
Q43:	|........ ........ ........ ........| ok p=1
Q44:	|........ ........ ........ ........| ok p=1
Q45:	|........ ........ ........ ........| ok p=1
Q46:	|........ ........ ........ ........| ok p=1
Q47:	|........ ........ ........ ........| ok p=1
Q48:	|........ ........ ........ ........| ok p=1
Q49:	|........ ........ ........ ........| ok p=1
Q50:	|........ ........ ........ ........| ok p=1
Q51:	|........ ........ ........ ........| ok p=1
Q52:	|........ ........ ........ ........| ok p=1
Q53:	|........ ........ ........ ........| ok p=1
Q54:	|........ ........ ........ ........| ok p=1
Q55:	|........ ........ ........ ........| ok p=1
Q56:	|........ ........ ........ ........| ok p=1
Q57:	|........ ........ ........ ........| ok p=1
Q58:	|........ ........ ........ ........| ok p=1
Q59:	|........ ........ ........ ........| ok p=1
Q60:	|....0... ........ ........ ........| ok p=1
Q61:	|..101... ........ ........ ........| ok p=0.939453
Q62:	|..1.+... ........ ........ ........| ok p=1
Q63:	|..+--... ........ ........ ........| ok p=0.890625
Q64:	|....+... .....-.. ........ ........|
Saving 100000 paths...done.
Autobalance parameters: maxcond=23
Verified: 0 bad out of 185503
Estimating maxcond for upper bound 400000 (=100000 * 4)...
t=27: 0%   10   20   30   40   50   60   70   80   90   100%
      |----|----|----|----|----|----|----|----|----|----|
e     ***************************************************
Found maxcond = 28
t=27: 0%   10   20   30   40   50   60   70   80   90   100%
      |----|----|----|----|----|----|----|----|----|----|
      ***************************************************
Q24:	|..+..... ........ ......+. ........|
Q25:	|.......- ........ ...-...1 ........|
Q26:	|..0..... ......0. .......- ........|
Q27:	|..1....^ ......1. ...^.... ........| ok p=0.763672
Q28:	|..+..... ......+. .......^ ........| ok p=0.868164
Q29:	|........ ......0. ........ ........| ok p=1
Q30:	|..^..... ......-. ........ ........| ok p=1
Q31:	|........ ......-. ........ ........| ok p=0.875
Q32:	|........ ........ ........ ........| ok p=1
Q33:	|........ ......!. ........ ........| ok p=1
Q34:	|........ ........ ........ ........| ok p=1
Q35:	|........ ........ ........ ........| ok p=1
Q36:	|........ ........ ........ ........| ok p=1
Q37:	|........ ........ ........ ........| ok p=1
Q38:	|........ ........ ........ ........| ok p=1
Q39:	|........ ........ ........ ........| ok p=1
Q40:	|........ ........ ........ ........| ok p=1
Q41:	|........ ........ ........ ........| ok p=1
Q42:	|........ ........ ........ ........| ok p=1
Q43:	|........ ........ ........ ........| ok p=1
Q44:	|........ ........ ........ ........| ok p=1
Q45:	|........ ........ ........ ........| ok p=1
Q46:	|........ ........ ........ ........| ok p=1
Q47:	|........ ........ ........ ........| ok p=1
Q48:	|........ ........ ........ ........| ok p=1
Q49:	|........ ........ ........ ........| ok p=1
Q50:	|........ ........ ........ ........| ok p=1
Q51:	|........ ........ ........ ........| ok p=1
Q52:	|........ ........ ........ ........| ok p=1
Q53:	|........ ........ ........ ........| ok p=1
Q54:	|........ ........ ........ ........| ok p=1
Q55:	|........ ........ ........ ........| ok p=1
Q56:	|........ ........ ........ ........| ok p=1
Q57:	|........ ........ ........ ........| ok p=1
Q58:	|........ ........ ........ ........| ok p=1
Q59:	|........ ........ ........ ........| ok p=1
Q60:	|....0... ........ ........ ........| ok p=1
Q61:	|..101... ........ ........ ........| ok p=0.929688
Q62:	|..1.+... ........ ........ ........| ok p=1
Q63:	|..+--... ........ ........ ........| ok p=0.861328
Q64:	|....+... .....-.. ........ ........|
Saving 100000 paths...done.
Autobalance parameters: maxcond=26
Verified: 116 bad out of 173220
Estimating maxcond for upper bound 400000 (=100000 * 4)...
t=26: 0%   10   20   30   40   50   60   70   80   90   100%
      |----|----|----|----|----|----|----|----|----|----|
e     ***************************************************
Found maxcond = 31
t=26: 0%   10   20   30   40   50   60   70   80   90   100%
      |----|----|----|----|----|----|----|----|----|----|
      ***************************************************
Q23:	|..+..+.. .....+.- ........ ...+....|
Q24:	|.......1 ........ ...1...+ ........|
Q25:	|..-....- ......-. ...-...0 ........|
Q26:	|..-..... ......-. .......- ........| ok p=0.737305
Q27:	|..+....^ ......+. ...^.... ........| ok p=1
Q28:	|..+..... ......+. .......^ ........| ok p=0.865234
Q29:	|..1..... ......1. ........ ........| ok p=1
Q30:	|..0..... ......-. ........ ........| ok p=1
Q31:	|........ ......-. ........ ........| ok p=0.859375
Q32:	|........ ........ ........ ........| ok p=1
Q33:	|........ ......!. ........ ........| ok p=1
Q34:	|........ ........ ........ ........| ok p=1
Q35:	|........ ........ ........ ........| ok p=1
Q36:	|........ ........ ........ ........| ok p=1
Q37:	|........ ........ ........ ........| ok p=1
Q38:	|........ ........ ........ ........| ok p=1
Q39:	|........ ........ ........ ........| ok p=1
Q40:	|........ ........ ........ ........| ok p=1
Q41:	|........ ........ ........ ........| ok p=1
Q42:	|........ ........ ........ ........| ok p=1
Q43:	|........ ........ ........ ........| ok p=1
Q44:	|........ ........ ........ ........| ok p=1
Q45:	|........ ........ ........ ........| ok p=1
Q46:	|........ ........ ........ ........| ok p=1
Q47:	|........ ........ ........ ........| ok p=1
Q48:	|........ ........ ........ ........| ok p=1
Q49:	|........ ........ ........ ........| ok p=1
Q50:	|........ ........ ........ ........| ok p=1
Q51:	|........ ........ ........ ........| ok p=1
Q52:	|........ ........ ........ ........| ok p=1
Q53:	|........ ........ ........ ........| ok p=1
Q54:	|........ ........ ........ ........| ok p=1
Q55:	|........ ........ ........ ........| ok p=1
Q56:	|........ ........ ........ ........| ok p=1
Q57:	|........ ........ ........ ........| ok p=1
Q58:	|........ ........ ........ ........| ok p=1
Q59:	|........ ........ ........ ........| ok p=1
Q60:	|....0... ........ ........ ........| ok p=1
Q61:	|..101... ........ ........ ........| ok p=0.933594
Q62:	|..1.+... ........ ........ ........| ok p=1
Q63:	|..+--... ........ ........ ........| ok p=0.875
Q64:	|....+... .....-.. ........ ........|
Saving 100000 paths...done.
Autobalance parameters: maxcond=29
Verified: 0 bad out of 164316
Estimating maxcond for upper bound 400000 (=100000 * 4)...
t=25: 0%   10   20   30   40   50   60   70   80   90   100%
      |----|----|----|----|----|----|----|----|----|----|
e     ***************************************************
Found maxcond = 36
t=25: 0%   10   20   30   40   50   60   70   80   90   100%
      |----|----|----|----|----|----|----|----|----|----|
      ***************************************************
Q22:	|+....... ........ +....... ....+..-|
Q23:	|..+..+.0 .......+ ...0.... ........|
Q24:	|..+....1 ........ ...1...0 ........|
Q25:	|..-..^.- .......^ ...-...1 ........| ok p=0.505859
Q26:	|..-..... ......0. .......- ........| ok p=0.728516
Q27:	|..+....^ ......1. ...^.... ........| ok p=0.862305
Q28:	|..+..... ......+. .......^ ........| ok p=0.881836
Q29:	|..1..... ......0. ........ ........| ok p=1
Q30:	|..0..... ......-. ........ ........| ok p=1
Q31:	|........ ......-. ........ ........| ok p=0.871094
Q32:	|........ ........ ........ ........| ok p=1
Q33:	|........ ......!. ........ ........| ok p=1
Q34:	|........ ........ ........ ........| ok p=1
Q35:	|........ ........ ........ ........| ok p=1
Q36:	|........ ........ ........ ........| ok p=1
Q37:	|........ ........ ........ ........| ok p=1
Q38:	|........ ........ ........ ........| ok p=1
Q39:	|........ ........ ........ ........| ok p=1
Q40:	|........ ........ ........ ........| ok p=1
Q41:	|........ ........ ........ ........| ok p=1
Q42:	|........ ........ ........ ........| ok p=1
Q43:	|........ ........ ........ ........| ok p=1
Q44:	|........ ........ ........ ........| ok p=1
Q45:	|........ ........ ........ ........| ok p=1
Q46:	|........ ........ ........ ........| ok p=1
Q47:	|........ ........ ........ ........| ok p=1
Q48:	|........ ........ ........ ........| ok p=1
Q49:	|........ ........ ........ ........| ok p=1
Q50:	|........ ........ ........ ........| ok p=1
Q51:	|........ ........ ........ ........| ok p=1
Q52:	|........ ........ ........ ........| ok p=1
Q53:	|........ ........ ........ ........| ok p=1
Q54:	|........ ........ ........ ........| ok p=1
Q55:	|........ ........ ........ ........| ok p=1
Q56:	|........ ........ ........ ........| ok p=1
Q57:	|........ ........ ........ ........| ok p=1
Q58:	|........ ........ ........ ........| ok p=1
Q59:	|........ ........ ........ ........| ok p=1
Q60:	|....0... ........ ........ ........| ok p=1
Q61:	|..101... ........ ........ ........| ok p=0.941406
Q62:	|..1.+... ........ ........ ........| ok p=1
Q63:	|..+--... ........ ........ ........| ok p=0.885742
Q64:	|....+... .....-.. ........ ........|
Saving 100000 paths...done.
Autobalance parameters: maxcond=34
Verified: 0 bad out of 172426
Estimating maxcond for upper bound 400000 (=100000 * 4)...
t=24: 0%   10   20   30   40   50   60   70   80   90   100%
      |----|----|----|----|----|----|----|----|----|----|
e     ***************************************************
Found maxcond = 44
t=24: 0%   10   20   30   40   50   60   70   80   90   100%
      |----|----|----|----|----|----|----|----|----|----|
      ***************************************************
Q21:	|..-...-. ....-... ......-. +..-....|
Q22:	|.....1.. .......1 +....... ....+...|
Q23:	|..+..+.0 .......+ ...0...+ ........|
Q24:	|..+....1 ........ ^..1...+ ....^...| ok p=0.749023
Q25:	|..-..^.- .......^ ...-...- ........| ok p=0.995117
Q26:	|..-..... ......0. .......- ........| ok p=0.74707
Q27:	|..+....^ ......1. ...^...1 ........| ok p=0.854492
Q28:	|..+..... ......+. .......0 ........| ok p=0.871094
Q29:	|..1..... ......0. ........ ........| ok p=1
Q30:	|..0..... ......-. ........ ........| ok p=1
Q31:	|........ ......-. ........ ........| ok p=0.864258
Q32:	|........ ........ ........ ........| ok p=1
Q33:	|........ ......!. ........ ........| ok p=1
Q34:	|........ ........ ........ ........| ok p=1
Q35:	|........ ........ ........ ........| ok p=1
Q36:	|........ ........ ........ ........| ok p=1
Q37:	|........ ........ ........ ........| ok p=1
Q38:	|........ ........ ........ ........| ok p=1
Q39:	|........ ........ ........ ........| ok p=1
Q40:	|........ ........ ........ ........| ok p=1
Q41:	|........ ........ ........ ........| ok p=1
Q42:	|........ ........ ........ ........| ok p=1
Q43:	|........ ........ ........ ........| ok p=1
Q44:	|........ ........ ........ ........| ok p=1
Q45:	|........ ........ ........ ........| ok p=1
Q46:	|........ ........ ........ ........| ok p=1
Q47:	|........ ........ ........ ........| ok p=1
Q48:	|........ ........ ........ ........| ok p=1
Q49:	|........ ........ ........ ........| ok p=1
Q50:	|........ ........ ........ ........| ok p=1
Q51:	|........ ........ ........ ........| ok p=1
Q52:	|........ ........ ........ ........| ok p=1
Q53:	|........ ........ ........ ........| ok p=1
Q54:	|........ ........ ........ ........| ok p=1
Q55:	|........ ........ ........ ........| ok p=1
Q56:	|........ ........ ........ ........| ok p=1
Q57:	|........ ........ ........ ........| ok p=1
Q58:	|........ ........ ........ ........| ok p=1
Q59:	|........ ........ ........ ........| ok p=1
Q60:	|....0... ........ ........ ........| ok p=1
Q61:	|..101... ........ ........ ........| ok p=0.944336
Q62:	|..1.+... ........ ........ ........| ok p=1
Q63:	|..+--... ........ ........ ........| ok p=0.878906
Q64:	|....+... .....-.. ........ ........|
Saving 100000 paths...done.
Autobalance parameters: maxcond=43
Verified: 0 bad out of 175792
Estimating maxcond for upper bound 400000 (=100000 * 4)...
t=23: 0%   10   20   30   40   50   60   70   80   90   100%
      |----|----|----|----|----|----|----|----|----|----|
e     ***************************************************
Found maxcond = 53
t=23: 0%   10   20   30   40   50   60   70   80   90   100%
      |----|----|----|----|----|----|----|----|----|----|
      ***************************************************
Q20:	|........ ........ ........ .-......|
Q21:	|1....0.. ...1-... 1....... -...1...|
Q22:	|+....1.. ...+.... +....... ....+...|
Q23:	|.....+.0 ....^... ...0.... ^.......| ok p=0.969727
Q24:	|^.0....1 ...^.... ^..1...0 ....^...| ok p=0.99707
Q25:	|.....^.- ........ ...-...1 ........| ok p=0.456055
Q26:	|.0+..... ......0. .......- ........| ok p=0.964844
Q27:	|.1+....^ ......1. ...^.... ........| ok p=0.867188
Q28:	|.+-..... ......+. .......^ ........| ok p=0.870117
Q29:	|..0..... ......0. ........ ........| ok p=1
Q30:	|.^1..... ......-. ........ ........| ok p=1
Q31:	|........ ......-. ........ ........| ok p=0.883789
Q32:	|........ ........ ........ ........| ok p=1
Q33:	|........ ......!. ........ ........| ok p=1
Q34:	|........ ........ ........ ........| ok p=1
Q35:	|........ ........ ........ ........| ok p=1
Q36:	|........ ........ ........ ........| ok p=1
Q37:	|........ ........ ........ ........| ok p=1
Q38:	|........ ........ ........ ........| ok p=1
Q39:	|........ ........ ........ ........| ok p=1
Q40:	|........ ........ ........ ........| ok p=1
Q41:	|........ ........ ........ ........| ok p=1
Q42:	|........ ........ ........ ........| ok p=1
Q43:	|........ ........ ........ ........| ok p=1
Q44:	|........ ........ ........ ........| ok p=1
Q45:	|........ ........ ........ ........| ok p=1
Q46:	|........ ........ ........ ........| ok p=1
Q47:	|........ ........ ........ ........| ok p=1
Q48:	|........ ........ ........ ........| ok p=1
Q49:	|........ ........ ........ ........| ok p=1
Q50:	|........ ........ ........ ........| ok p=1
Q51:	|........ ........ ........ ........| ok p=1
Q52:	|........ ........ ........ ........| ok p=1
Q53:	|........ ........ ........ ........| ok p=1
Q54:	|........ ........ ........ ........| ok p=1
Q55:	|........ ........ ........ ........| ok p=1
Q56:	|........ ........ ........ ........| ok p=1
Q57:	|........ ........ ........ ........| ok p=1
Q58:	|........ ........ ........ ........| ok p=1
Q59:	|........ ........ ........ ........| ok p=1
Q60:	|....0... ........ ........ ........| ok p=1
Q61:	|..101... ........ ........ ........| ok p=0.9375
Q62:	|..1.+... ........ ........ ........| ok p=1
Q63:	|..+--... ........ ........ ........| ok p=0.873047
Q64:	|....+... .....-.. ........ ........|
Saving 100000 paths...done.
Autobalance parameters: maxcond=52
Verified: 0 bad out of 136197
Estimating maxcond for upper bound 400000 (=100000 * 4)...
t=22: 0%   10   20   30   40   50   60   70   80   90   100%
      |----|----|----|----|----|----|----|----|----|----|
e     ***************************************************
Found maxcond = 59
t=22: 0%   10   20   30   40   50   60   70   80   90   100%
      |----|----|----|----|----|----|----|----|----|----|
      ***************************************************
Q19:	|........ ..-...-. ...+.... .-....-.|
Q20:	|0....... ...-1... -....... 1-..-...|
Q21:	|1....0.. ...0-... 0....... -...0...|
Q22:	|+....1.. ...+.... +....... .^..+...| ok p=0.515625
Q23:	|.....+.0 ....^... ...0.... ^.......| ok p=0.96875
Q24:	|^.0....1 ...^.... ^..1...0 ....^...| ok p=0.996094
Q25:	|.....^.- ........ ...-...1 ........| ok p=0.441406
Q26:	|.0+..... ......0. .......- ........| ok p=0.969727
Q27:	|.1+....^ ......1. ...^.... ........| ok p=0.860352
Q28:	|.+-..... ......+. .......^ ........| ok p=0.864258
Q29:	|..0..... ......0. ........ ........| ok p=1
Q30:	|.^1..... ......-. ........ ........| ok p=1
Q31:	|........ ......-. ........ ........| ok p=0.870117
Q32:	|........ ........ ........ ........| ok p=1
Q33:	|........ ......!. ........ ........| ok p=1
Q34:	|........ ........ ........ ........| ok p=1
Q35:	|........ ........ ........ ........| ok p=1
Q36:	|........ ........ ........ ........| ok p=1
Q37:	|........ ........ ........ ........| ok p=1
Q38:	|........ ........ ........ ........| ok p=1
Q39:	|........ ........ ........ ........| ok p=1
Q40:	|........ ........ ........ ........| ok p=1
Q41:	|........ ........ ........ ........| ok p=1
Q42:	|........ ........ ........ ........| ok p=1
Q43:	|........ ........ ........ ........| ok p=1
Q44:	|........ ........ ........ ........| ok p=1
Q45:	|........ ........ ........ ........| ok p=1
Q46:	|........ ........ ........ ........| ok p=1
Q47:	|........ ........ ........ ........| ok p=1
Q48:	|........ ........ ........ ........| ok p=1
Q49:	|........ ........ ........ ........| ok p=1
Q50:	|........ ........ ........ ........| ok p=1
Q51:	|........ ........ ........ ........| ok p=1
Q52:	|........ ........ ........ ........| ok p=1
Q53:	|........ ........ ........ ........| ok p=1
Q54:	|........ ........ ........ ........| ok p=1
Q55:	|........ ........ ........ ........| ok p=1
Q56:	|........ ........ ........ ........| ok p=1
Q57:	|........ ........ ........ ........| ok p=1
Q58:	|........ ........ ........ ........| ok p=1
Q59:	|........ ........ ........ ........| ok p=1
Q60:	|....0... ........ ........ ........| ok p=1
Q61:	|..101... ........ ........ ........| ok p=0.93457
Q62:	|..1.+... ........ ........ ........| ok p=1
Q63:	|..+--... ........ ........ ........| ok p=0.857422
Q64:	|....+... .....-.. ........ ........|
Saving 100000 paths...done.
Autobalance parameters: maxcond=58
Verified: 0 bad out of 125251
Estimating maxcond for upper bound 400000 (=100000 * 4)...
t=21: 0%   10   20   30   40   50   60   70   80   90   100%
      |----|----|----|----|----|----|----|----|----|----|
e     ***************************************************
Found maxcond = 71
t=21: 0%   10   20   30   40   50   60   70   80   90   100%
      |----|----|----|----|----|----|----|----|----|----|
      ***************************************************
Q18:	|.+...+.. ..-.-... ...+.-.+ .-......|
Q19:	|........ ...--.-. ...+.... .+....-.|
Q20:	|0....... ...00... 0....... --..0...|
Q21:	|1....0.. ...1-.^. 1..^.... -1..1.^.| ok p=0.330078
Q22:	|-....1.. ...+.... +....... 1^..+...| ok p=0.522461
Q23:	|.....+.0 ....^... ...0.... 0.......| ok p=0.970703
Q24:	|^.0....1 ...^.... ^..1...0 ....^...| ok p=0.994141
Q25:	|.....^.- ........ ...-...1 ........| ok p=0.43457
Q26:	|.0+..... ......0. .......- ........| ok p=0.96582
Q27:	|.1+....^ ......1. ...^.... ........| ok p=0.857422
Q28:	|.+-..... ......+. .......^ ........| ok p=0.873047
Q29:	|..0..... ......0. ........ ........| ok p=1
Q30:	|.^1..... ......-. ........ ........| ok p=1
Q31:	|........ ......-. ........ ........| ok p=0.867188
Q32:	|........ ........ ........ ........| ok p=1
Q33:	|........ ......!. ........ ........| ok p=1
Q34:	|........ ........ ........ ........| ok p=1
Q35:	|........ ........ ........ ........| ok p=1
Q36:	|........ ........ ........ ........| ok p=1
Q37:	|........ ........ ........ ........| ok p=1
Q38:	|........ ........ ........ ........| ok p=1
Q39:	|........ ........ ........ ........| ok p=1
Q40:	|........ ........ ........ ........| ok p=1
Q41:	|........ ........ ........ ........| ok p=1
Q42:	|........ ........ ........ ........| ok p=1
Q43:	|........ ........ ........ ........| ok p=1
Q44:	|........ ........ ........ ........| ok p=1
Q45:	|........ ........ ........ ........| ok p=1
Q46:	|........ ........ ........ ........| ok p=1
Q47:	|........ ........ ........ ........| ok p=1
Q48:	|........ ........ ........ ........| ok p=1
Q49:	|........ ........ ........ ........| ok p=1
Q50:	|........ ........ ........ ........| ok p=1
Q51:	|........ ........ ........ ........| ok p=1
Q52:	|........ ........ ........ ........| ok p=1
Q53:	|........ ........ ........ ........| ok p=1
Q54:	|........ ........ ........ ........| ok p=1
Q55:	|........ ........ ........ ........| ok p=1
Q56:	|........ ........ ........ ........| ok p=1
Q57:	|........ ........ ........ ........| ok p=1
Q58:	|........ ........ ........ ........| ok p=1
Q59:	|........ ........ ........ ........| ok p=1
Q60:	|....0... ........ ........ ........| ok p=1
Q61:	|..101... ........ ........ ........| ok p=0.923828
Q62:	|..1.+... ........ ........ ........| ok p=1
Q63:	|..+--... ........ ........ ........| ok p=0.875
Q64:	|....+... .....-.. ........ ........|
Saving 100000 paths...done.
Autobalance parameters: maxcond=69
Verified: 0 bad out of 192025
Runtime: 9.9386
Extend MD5 differential paths backward
Copyright (C) 2009 Marc Stevens
http://homepages.cwi.nl/~stevens/

delta_m[11] = [!17!]
Loading workdir5/paths21_0of1...done: 100000 (work:100000).
Estimating maxcond for upper bound 65536 (=16384 * 4)...
t=20: 0%   10   20   30   40   50   60   70   80   90   100%
      |----|----|----|----|----|----|----|----|----|----|
e     ***************************************************
Found maxcond = 84
t=20: 0%   10   20   30   40   50   60   70   80   90   100%
      |----|----|----|----|----|----|----|----|----|----|
      ***************************************************
Q17:	|........ ..+.-... .+...... .+....-.|
Q18:	|.+...+.. .+..+.1. ...+.-.. +.....1.|
Q19:	|........ ...--.-. ...+.... +-....-.|
Q20:	|0^...^.. .^.-0... 0..0.^.. 0-..0...| ok p=1
Q21:	|1....0.. ...0-.^. 1..^.... -1..1.^.| ok p=0.323242
Q22:	|+....1.. ...+.... +....... .^..+...| ok p=0.527344
Q23:	|.....+.0 ....^... ...0.... ^.......| ok p=0.960938
Q24:	|^.0....1 ...^.... ^..1...0 ....^...| ok p=0.991211
Q25:	|.....^.- ........ ...-...1 ........| ok p=0.439453
Q26:	|.0+..... ......0. .......- ........| ok p=0.96582
Q27:	|.1+....^ ......1. ...^.... ........| ok p=0.883789
Q28:	|.+-..... ......+. .......^ ........| ok p=0.880859
Q29:	|..0..... ......0. ........ ........| ok p=1
Q30:	|.^1..... ......-. ........ ........| ok p=1
Q31:	|........ ......-. ........ ........| ok p=0.855469
Q32:	|........ ........ ........ ........| ok p=1
Q33:	|........ ......!. ........ ........| ok p=1
Q34:	|........ ........ ........ ........| ok p=1
Q35:	|........ ........ ........ ........| ok p=1
Q36:	|........ ........ ........ ........| ok p=1
Q37:	|........ ........ ........ ........| ok p=1
Q38:	|........ ........ ........ ........| ok p=1
Q39:	|........ ........ ........ ........| ok p=1
Q40:	|........ ........ ........ ........| ok p=1
Q41:	|........ ........ ........ ........| ok p=1
Q42:	|........ ........ ........ ........| ok p=1
Q43:	|........ ........ ........ ........| ok p=1
Q44:	|........ ........ ........ ........| ok p=1
Q45:	|........ ........ ........ ........| ok p=1
Q46:	|........ ........ ........ ........| ok p=1
Q47:	|........ ........ ........ ........| ok p=1
Q48:	|........ ........ ........ ........| ok p=1
Q49:	|........ ........ ........ ........| ok p=1
Q50:	|........ ........ ........ ........| ok p=1
Q51:	|........ ........ ........ ........| ok p=1
Q52:	|........ ........ ........ ........| ok p=1
Q53:	|........ ........ ........ ........| ok p=1
Q54:	|........ ........ ........ ........| ok p=1
Q55:	|........ ........ ........ ........| ok p=1
Q56:	|........ ........ ........ ........| ok p=1
Q57:	|........ ........ ........ ........| ok p=1
Q58:	|........ ........ ........ ........| ok p=1
Q59:	|........ ........ ........ ........| ok p=1
Q60:	|....0... ........ ........ ........| ok p=1
Q61:	|..101... ........ ........ ........| ok p=0.936523
Q62:	|..1.+... ........ ........ ........| ok p=1
Q63:	|..+--... ........ ........ ........| ok p=0.87793
Q64:	|....+... .....-.. ........ ........|
Saving 16384 paths...done.
Autobalance parameters: maxcond=82
Verified: 0 bad out of 32721
Runtime: 2.56242
Extend MD5 differential paths backward
Copyright (C) 2009 Marc Stevens
http://homepages.cwi.nl/~stevens/

delta_m[11] = [!17!]
Loading workdir5/paths20_0of1...done: 16384 (work:16384).
Estimating maxcond for upper bound 2000000 (=500000 * 4)...
t=19: 0%   10   20   30   40   50   60   70   80   90   100%
      |----|----|----|----|----|----|----|----|----|----|
e     ***************************************************
Found maxcond = 95
t=19: 0%   10   20   30   40   50   60   70   80   90   100%
      |----|----|----|----|----|----|----|----|----|----|
      ***************************************************
Q16:	|..-....- ..+.-... ...+.... .-....+.|
Q17:	|.1...1.. ......-. .-...1.. ......-.|
Q18:	|.+...+.. ..-...0. ...+.-.. .+....1.|
Q19:	|........ ..-.0.+. .^.+.... 0+....-.| ok p=0.998047
Q20:	|0^...^.. ..001... 0..0.^.. 0-..0...| ok p=1
Q21:	|1....0.. ..11-.^. 1..^.... -1..1.^.| ok p=0.339844
Q22:	|-....1.. ...+.... +....... .^..+...| ok p=0.466797
Q23:	|.....+.0 ....^... ...0.... ^.......| ok p=0.973633
Q24:	|^.0....1 ...^.... ^..1...0 ....^...| ok p=0.988281
Q25:	|.....^.- ........ ...-...1 ........| ok p=0.431641
Q26:	|.0+..... ......0. .......- ........| ok p=0.97168
Q27:	|.1+....^ ......1. ...^.... ........| ok p=0.874023
Q28:	|.+-..... ......+. .......^ ........| ok p=0.863281
Q29:	|..0..... ......0. ........ ........| ok p=1
Q30:	|.^1..... ......-. ........ ........| ok p=1
Q31:	|........ ......-. ........ ........| ok p=0.880859
Q32:	|........ ........ ........ ........| ok p=1
Q33:	|........ ......!. ........ ........| ok p=1
Q34:	|........ ........ ........ ........| ok p=1
Q35:	|........ ........ ........ ........| ok p=1
Q36:	|........ ........ ........ ........| ok p=1
Q37:	|........ ........ ........ ........| ok p=1
Q38:	|........ ........ ........ ........| ok p=1
Q39:	|........ ........ ........ ........| ok p=1
Q40:	|........ ........ ........ ........| ok p=1
Q41:	|........ ........ ........ ........| ok p=1
Q42:	|........ ........ ........ ........| ok p=1
Q43:	|........ ........ ........ ........| ok p=1
Q44:	|........ ........ ........ ........| ok p=1
Q45:	|........ ........ ........ ........| ok p=1
Q46:	|........ ........ ........ ........| ok p=1
Q47:	|........ ........ ........ ........| ok p=1
Q48:	|........ ........ ........ ........| ok p=1
Q49:	|........ ........ ........ ........| ok p=1
Q50:	|........ ........ ........ ........| ok p=1
Q51:	|........ ........ ........ ........| ok p=1
Q52:	|........ ........ ........ ........| ok p=1
Q53:	|........ ........ ........ ........| ok p=1
Q54:	|........ ........ ........ ........| ok p=1
Q55:	|........ ........ ........ ........| ok p=1
Q56:	|........ ........ ........ ........| ok p=1
Q57:	|........ ........ ........ ........| ok p=1
Q58:	|........ ........ ........ ........| ok p=1
Q59:	|........ ........ ........ ........| ok p=1
Q60:	|....0... ........ ........ ........| ok p=1
Q61:	|..101... ........ ........ ........| ok p=0.947266
Q62:	|..1.+... ........ ........ ........| ok p=1
Q63:	|..+--... ........ ........ ........| ok p=0.87793
Q64:	|....+... .....-.. ........ ........|
Saving 500000 paths...done.
Autobalance parameters: maxcond=93
Verified: 544 bad out of 890116
Estimating maxcond for upper bound 2000000 (=500000 * 4)...
t=18: 0%   10   20   30   40   50   60   70   80   90   100%
      |----|----|----|----|----|----|----|----|----|----|
e     ***************************************************
Found maxcond = 106
t=18: 0%   10   20   30   40   50   60   70   80   90   100%
      |----|----|----|----|----|----|----|----|----|----|
      ***************************************************
Q15:	|...+..-. ...-.+.+ ...-.... .-..-...|
Q16:	|.0+..-.- ..+..... .1.+.0.. ......+.|
Q17:	|.1...0.. ..0...0. .-.-.1.. .+....0.|
Q18:	|.+^..+.^ ..-...1. ...+.-.. .+....0.| ok p=0.636719
Q19:	|........ ..-.0.-. .^.+.... 0-....-.| ok p=0.99707
Q20:	|0^...^.. ..001... 0..1.^.. 1-..0...| ok p=1
Q21:	|1....0.. ..11-.^. 1..^.... -0..1.^.| ok p=0.316406
Q22:	|-....1.. ...+.... +....... .^..+...| ok p=0.526367
Q23:	|.....+.0 ....^... ...0.... ^.......| ok p=0.966797
Q24:	|^.0....1 ...^.... ^..1...0 ....^...| ok p=0.993164
Q25:	|.....^.- ........ ...-...1 ........| ok p=0.432617
Q26:	|.0+..... ......0. .......- ........| ok p=0.964844
Q27:	|.1+....^ ......1. ...^.... ........| ok p=0.87793
Q28:	|.+-..... ......+. .......^ ........| ok p=0.868164
Q29:	|..0..... ......0. ........ ........| ok p=1
Q30:	|.^1..... ......-. ........ ........| ok p=1
Q31:	|........ ......-. ........ ........| ok p=0.885742
Q32:	|........ ........ ........ ........| ok p=1
Q33:	|........ ......!. ........ ........| ok p=1
Q34:	|........ ........ ........ ........| ok p=1
Q35:	|........ ........ ........ ........| ok p=1
Q36:	|........ ........ ........ ........| ok p=1
Q37:	|........ ........ ........ ........| ok p=1
Q38:	|........ ........ ........ ........| ok p=1
Q39:	|........ ........ ........ ........| ok p=1
Q40:	|........ ........ ........ ........| ok p=1
Q41:	|........ ........ ........ ........| ok p=1
Q42:	|........ ........ ........ ........| ok p=1
Q43:	|........ ........ ........ ........| ok p=1
Q44:	|........ ........ ........ ........| ok p=1
Q45:	|........ ........ ........ ........| ok p=1
Q46:	|........ ........ ........ ........| ok p=1
Q47:	|........ ........ ........ ........| ok p=1
Q48:	|........ ........ ........ ........| ok p=1
Q49:	|........ ........ ........ ........| ok p=1
Q50:	|........ ........ ........ ........| ok p=1
Q51:	|........ ........ ........ ........| ok p=1
Q52:	|........ ........ ........ ........| ok p=1
Q53:	|........ ........ ........ ........| ok p=1
Q54:	|........ ........ ........ ........| ok p=1
Q55:	|........ ........ ........ ........| ok p=1
Q56:	|........ ........ ........ ........| ok p=1
Q57:	|........ ........ ........ ........| ok p=1
Q58:	|........ ........ ........ ........| ok p=1
Q59:	|........ ........ ........ ........| ok p=1
Q60:	|....0... ........ ........ ........| ok p=1
Q61:	|..101... ........ ........ ........| ok p=0.948242
Q62:	|..1.+... ........ ........ ........| ok p=1
Q63:	|..+--... ........ ........ ........| ok p=0.861328
Q64:	|....+... .....-.. ........ ........|
Saving 500000 paths...done.
Autobalance parameters: maxcond=105
Verified: 0 bad out of 624597
Estimating maxcond for upper bound 2000000 (=500000 * 4)...
t=17: 0%   10   20   30   40   50   60   70   80   90   100%
      |----|----|----|----|----|----|----|----|----|----|
e     ***************************************************
Found maxcond = 123
t=17: 0%   10   20   30   40   50   60   70   80   90   100%
      |----|----|----|----|----|----|----|----|----|----|
      ***************************************************
Q14:	|+.-..... ..-...+. .-.+.... .+.-..-.|
Q15:	|.+1+...1 ...-...- ..-..+.. --..+...|
Q16:	|.--..0.- ...01... ..1+.-.. .-......|
Q17:	|.0.^.1.. ...+..0^ ..++.0.. ^1..^.0.| ok p=0.661133
Q18:	|0-^..+.^ ...+-.1. ...+.-.. .+....0.| ok p=0.564453
Q19:	|........ ...--.+. ..^+.... 0+....-.| ok p=0.333008
Q20:	|-^...^.. ...-0... 0..1.^.. 0-..0...| ok p=1
Q21:	|-....0.. ...0-.^. 1..^.... -1..1.^.| ok p=0.71875
Q22:	|+....1.. ...+.... +....... .^..+...| ok p=0.485352
Q23:	|0....+.0 ....^... ...0.... ^.......| ok p=1
Q24:	|1.0....1 ...^.... ^..1...0 ....^...| ok p=0.988281
Q25:	|.....^.- ........ ...-...1 ........| ok p=0.414062
Q26:	|.0+..... ......0. .......- ........| ok p=0.967773
Q27:	|.1+....^ ......1. ...^.... ........| ok p=0.870117
Q28:	|.+-..... ......+. .......^ ........| ok p=0.878906
Q29:	|..0..... ......0. ........ ........| ok p=1
Q30:	|.^1..... ......-. ........ ........| ok p=1
Q31:	|........ ......-. ........ ........| ok p=0.876953
Q32:	|........ ........ ........ ........| ok p=1
Q33:	|........ ......!. ........ ........| ok p=1
Q34:	|........ ........ ........ ........| ok p=1
Q35:	|........ ........ ........ ........| ok p=1
Q36:	|........ ........ ........ ........| ok p=1
Q37:	|........ ........ ........ ........| ok p=1
Q38:	|........ ........ ........ ........| ok p=1
Q39:	|........ ........ ........ ........| ok p=1
Q40:	|........ ........ ........ ........| ok p=1
Q41:	|........ ........ ........ ........| ok p=1
Q42:	|........ ........ ........ ........| ok p=1
Q43:	|........ ........ ........ ........| ok p=1
Q44:	|........ ........ ........ ........| ok p=1
Q45:	|........ ........ ........ ........| ok p=1
Q46:	|........ ........ ........ ........| ok p=1
Q47:	|........ ........ ........ ........| ok p=1
Q48:	|........ ........ ........ ........| ok p=1
Q49:	|........ ........ ........ ........| ok p=1
Q50:	|........ ........ ........ ........| ok p=1
Q51:	|........ ........ ........ ........| ok p=1
Q52:	|........ ........ ........ ........| ok p=1
Q53:	|........ ........ ........ ........| ok p=1
Q54:	|........ ........ ........ ........| ok p=1
Q55:	|........ ........ ........ ........| ok p=1
Q56:	|........ ........ ........ ........| ok p=1
Q57:	|........ ........ ........ ........| ok p=1
Q58:	|........ ........ ........ ........| ok p=1
Q59:	|........ ........ ........ ........| ok p=1
Q60:	|....0... ........ ........ ........| ok p=1
Q61:	|..101... ........ ........ ........| ok p=0.9375
Q62:	|..1.+... ........ ........ ........| ok p=1
Q63:	|..+--... ........ ........ ........| ok p=0.866211
Q64:	|....+... .....-.. ........ ........|
Saving 500000 paths...done.
Autobalance parameters: maxcond=122
Verified: 0 bad out of 517384
Estimating maxcond for upper bound 2000000 (=500000 * 4)...
t=16: 0%   10   20   30   40   50   60   70   80   90   100%
      |----|----|----|----|----|----|----|----|----|----|
e     ***************************************************
Found maxcond = 135
t=16: 0%   10   20   30   40   50   60   70   80   90   100%
      |----|----|----|----|----|----|----|----|----|----|
      ***************************************************
Q13:	|...-.... ..-.+..- .....-.+ .+......|
Q14:	|..-1.... ....1.11 ...-.... .+..-.-.|
Q15:	|..0+...- ..+.-.-- .0.-.... .-..-.1.|
Q16:	|.0+..0.- ..+...1. .1.+.0.. .0..0.+.| ok p=1
Q17:	|.1.^.1.0 ..1.^.0^ .-.-.1.. .+..1.0.| ok p=0.704102
Q18:	|.+^..+.1 ..-...1. ...+.-.. .+....0.| ok p=0.636719
Q19:	|........ ..-.0.-. .^.+.... 0-....-.| ok p=0.996094
Q20:	|0^...^.. ..001... 0..1.^.. 1-..0...| ok p=1
Q21:	|1....0.. ..11-.^. 1..^.... -0..1.^.| ok p=0.323242
Q22:	|-....1.. ...+.... +....... .^..+...| ok p=0.518555
Q23:	|.....+.0 ....^... ...0.... ^.......| ok p=0.963867
Q24:	|^.0....1 ...^.... ^..1...0 ....^...| ok p=0.989258
Q25:	|.....^.- ........ ...-...1 ........| ok p=0.425781
Q26:	|.0+..... ......0. .......- ........| ok p=0.96582
Q27:	|.1+....^ ......1. ...^.... ........| ok p=0.857422
Q28:	|.+-..... ......+. .......^ ........| ok p=0.863281
Q29:	|..0..... ......0. ........ ........| ok p=1
Q30:	|.^1..... ......-. ........ ........| ok p=1
Q31:	|........ ......-. ........ ........| ok p=0.87793
Q32:	|........ ........ ........ ........| ok p=1
Q33:	|........ ......!. ........ ........| ok p=1
Q34:	|........ ........ ........ ........| ok p=1
Q35:	|........ ........ ........ ........| ok p=1
Q36:	|........ ........ ........ ........| ok p=1
Q37:	|........ ........ ........ ........| ok p=1
Q38:	|........ ........ ........ ........| ok p=1
Q39:	|........ ........ ........ ........| ok p=1
Q40:	|........ ........ ........ ........| ok p=1
Q41:	|........ ........ ........ ........| ok p=1
Q42:	|........ ........ ........ ........| ok p=1
Q43:	|........ ........ ........ ........| ok p=1
Q44:	|........ ........ ........ ........| ok p=1
Q45:	|........ ........ ........ ........| ok p=1
Q46:	|........ ........ ........ ........| ok p=1
Q47:	|........ ........ ........ ........| ok p=1
Q48:	|........ ........ ........ ........| ok p=1
Q49:	|........ ........ ........ ........| ok p=1
Q50:	|........ ........ ........ ........| ok p=1
Q51:	|........ ........ ........ ........| ok p=1
Q52:	|........ ........ ........ ........| ok p=1
Q53:	|........ ........ ........ ........| ok p=1
Q54:	|........ ........ ........ ........| ok p=1
Q55:	|........ ........ ........ ........| ok p=1
Q56:	|........ ........ ........ ........| ok p=1
Q57:	|........ ........ ........ ........| ok p=1
Q58:	|........ ........ ........ ........| ok p=1
Q59:	|........ ........ ........ ........| ok p=1
Q60:	|....0... ........ ........ ........| ok p=1
Q61:	|..101... ........ ........ ........| ok p=0.923828
Q62:	|..1.+... ........ ........ ........| ok p=1
Q63:	|..+--... ........ ........ ........| ok p=0.882812
Q64:	|....+... .....-.. ........ ........|
Saving 500000 paths...done.
Autobalance parameters: maxcond=134
Verified: 0 bad out of 533462
Runtime: 27.6897
