Connect MD5 differential paths
Copyright (C) 2009 Marc Stevens
http://homepages.cwi.nl/~stevens/

delta_m[11] = [!17!]
Loading workdir5/paths16_0of1.bin.gz...done: 500000.
Loading workdir5/paths11_0of1.bin.gz...done: 500000.
t=12: 0%   10   20   30   40   50   60   70   80   90   100%
      |----|----|----|----|----|----|----|----|----|----|
      *Q-3:	|11000000 10110101 11111000 10111101|
Q-2:	|+001-101 00100110 10001000 101101-+|
Q-1:	|-101-110 00101100 00001000 0011100-|
Q0:	|-10-+0-+ +010+-11 01101101 011011-+| ok p=0.495117
Q1:	|...00-00 -...+-.. .......0 .0..-.+1| ok p=1
Q2:	|0..1-+11 -.1..+.. .......- ^+..-0+0| ok p=1
Q3:	|0...1-.+ 1.1.1+.. .......0 --...1+.| ok p=1
Q4:	|00!.1-.0 -.-^11.. .......1 0+..1+-.| ok p=1
Q5:	|-1....0- +.-^.0.. ........ 1+!..10.| ok p=1
Q6:	|00...011 -.--.+0. ...^.!.. -+...01.| ok p=1
Q7:	|0.^...-- +.-0.10. !.1-.... -0......| ok p=1
Q8:	|.!+...-0 1.11.0-. ..10.... +11....0| ok p=1
Q9:	|.!0....0 1.1...-. ..-1.1.. ++0..^.0| ok p=1
Q10:	|!0+0..10 11..01-0 0.-100.0 +00.1+0+| ok p=1
Q11:	|!0000110 01..00-1 1^-11-01 --1^110+| ok p=1
Q12:	|^+0+100+ +-^^+-0+ +-+-++1- 1--++0+.| ok p=1
Q13:	|---1---- ++++-+-- 00--0-+0 --11++-0| ok p=1
Q14:	|01110010 .1011+01 001-1110 1+1-00-.| ok p=1
Q15:	|11--000- 10+1-.-- 0+0-.00. 0-.0-11.| ok p=0.488281
Q16:	|.1-..0.- ..+..^-. .0.+.0.. .-.0..+.| ok p=0.804688
Q17:	|.00^.1.0 ..1.^.1^ .-.-.1.. .+..^.0.| ok p=0.688477
Q18:	|.+0..+.0 ..-...1. ...+.-.. .+....0.| ok p=0.666992
Q19:	|........ ..-.0.-. .^.+.... 01....-.| ok p=0.998047
Q20:	|0^...^.. ..001... 0..1.^.. 0-..0...| ok p=1
Q21:	|1....0.. ..11-.^. 1..1.... -1..1.^.| ok p=0.373047
Q22:	|-....1.. ...+.... +....... .0..+...| ok p=0.503906
Q23:	|.....+.0 ....^... ...0.... ^.......| ok p=0.967773
Q24:	|^.0....1 ...^.... ^..1...0 ....^...| ok p=0.995117
Q25:	|.....^.- ........ ...-...1 ........| ok p=0.421875
Q26:	|.0+..... ......0. .......- ........| ok p=0.975586
Q27:	|.1+....^ ......1. ...^.... ........| ok p=0.875
Q28:	|.+-..... ......+. .......^ ........| ok p=0.873047
Q29:	|..0..... ......0. ........ ........| ok p=1
Q30:	|.^1..... ......-. ........ ........| ok p=1
Q31:	|........ ......-. ........ ........| ok p=0.855469
Q32:	|........ ........ ........ ........| ok p=1
Q33:	|........ ......!. ........ ........| ok p=1
Q34:	|........ ........ ........ ........| ok p=1
Q35:	|........ ........ ........ ........| ok p=1
Q36:	|........ ........ ........ ........| ok p=1
Q37:	|........ ........ ........ ........| ok p=1
Q38:	|........ ........ ........ ........| ok p=1
Q39:	|........ ........ ........ ........| ok p=1
Q40:	|........ ........ ........ ........| ok p=1
Q41:	|........ ........ ........ ........| ok p=1
Q42:	|........ ........ ........ ........| ok p=1
Q43:	|........ ........ ........ ........| ok p=1
Q44:	|........ ........ ........ ........| ok p=1
Q45:	|........ ........ ........ ........| ok p=1
Q46:	|........ ........ ........ ........| ok p=1
Q47:	|........ ........ ........ ........| ok p=1
Q48:	|........ ........ ........ ........| ok p=1
Q49:	|........ ........ ........ ........| ok p=1
Q50:	|........ ........ ........ ........| ok p=1
Q51:	|........ ........ ........ ........| ok p=1
Q52:	|........ ........ ........ ........| ok p=1
Q53:	|........ ........ ........ ........| ok p=1
Q54:	|........ ........ ........ ........| ok p=1
Q55:	|........ ........ ........ ........| ok p=1
Q56:	|........ ........ ........ ........| ok p=1
Q57:	|........ ........ ........ ........| ok p=1
Q58:	|........ ........ ........ ........| ok p=1
Q59:	|........ ........ ........ ........| ok p=1
Q60:	|....0... ........ ........ ........| ok p=1
Q61:	|..101... ........ ........ ........| ok p=0.929688
Q62:	|..1.+... ........ ........ ........| ok p=1
Q63:	|..+--... ........ ........ ........| ok p=0.902344
Q64:	|....+... .....-.. ........ ........|
Best path: totcompl=-25 tottunnel=39, totcond=558, p=0.00407964
Q-3:	|11000000 10110101 11111000 10111101|
Q-2:	|+001-101 00100110 10001000 101101-+|
Q-1:	|-101-110 00101100 00001000 0011100-|
Q0:	|-10-+0-+ +010+-11 01101101 011011-+| ok p=0.520508
Q1:	|...00-00 -...+-.. .......0 .0..-.+1| ok p=1
Q2:	|0..1-+11 -.1..+.. .......- ^+..-0+0| ok p=1
Q3:	|0...1-.+ 1.101+.. .......0 --...1+.| ok p=1
Q4:	|00!.1-.0 -.-1.1.. .......1 0+..1+-.| ok p=1
Q5:	|-1....0- +.-1.0.. ........ 1+!..10.| ok p=1
Q6:	|00...011 -.--.+0. ...^.!.. -+...01.| ok p=1
Q7:	|0.^...-- +.-0.10. !.1-.... -0......| ok p=1
Q8:	|1.+...-0 1.11.0-. ..10.... +11....0| ok p=1
Q9:	|010....0 1.1...-. ..-1.1.. ++0..^.0| ok p=1
Q10:	|.0+01.10 11..01-0 0.-100.0 +00.1+0+| ok p=1
Q11:	|.0000110 01..00-1 1^-11-01 --1^110+| ok p=1
Q12:	|^+0+100+ +-^^+-0+ +-+-++1- 1--++0+.| ok p=1
Q13:	|---1---- ++++-+-- 00--01-0 --11++-0| ok p=1
Q14:	|01110010 .1011+01 001-1110 1+1-00-.| ok p=1
Q15:	|11--000- 10+1-.-- 0+0-..0. 0-.0-11.| ok p=0.500977
Q16:	|.1-..0.- ..+..^-. .0.+.0.. .-.0..+.| ok p=0.81543
Q17:	|.00^.1.0 ..1.^.1^ .-.-.1.. .+..^.0.| ok p=0.691406
Q18:	|.+0..+.0 ..-...1. ...+.-.. .+....0.| ok p=0.642578
Q19:	|........ ..-.0.-. .^.+.... 01....-.| ok p=0.996094
Q20:	|0^...^.. ..001... 0..1.^.. 0-..0...| ok p=1
Q21:	|1....0.. ..11-.^. 1..1.... -1..1.^.| ok p=0.364258
Q22:	|-....1.. ...+.... +....... .0..+...| ok p=0.520508
Q23:	|.....+.0 ....^... ...0.... ^.......| ok p=0.969727
Q24:	|^.0....1 ...^.... ^..1...0 ....^...| ok p=0.994141
Q25:	|.....^.- ........ ...-...1 ........| ok p=0.410156
Q26:	|.0+..... ......0. .......- ........| ok p=0.96582
Q27:	|.1+....^ ......1. ...^.... ........| ok p=0.858398
Q28:	|.+-..... ......+. .......^ ........| ok p=0.879883
Q29:	|..0..... ......0. ........ ........| ok p=1
Q30:	|.^1..... ......-. ........ ........| ok p=1
Q31:	|........ ......-. ........ ........| ok p=0.87207
Q32:	|........ ........ ........ ........| ok p=1
Q33:	|........ ......!. ........ ........| ok p=1
Q34:	|........ ........ ........ ........| ok p=1
Q35:	|........ ........ ........ ........| ok p=1
Q36:	|........ ........ ........ ........| ok p=1
Q37:	|........ ........ ........ ........| ok p=1
Q38:	|........ ........ ........ ........| ok p=1
Q39:	|........ ........ ........ ........| ok p=1
Q40:	|........ ........ ........ ........| ok p=1
Q41:	|........ ........ ........ ........| ok p=1
Q42:	|........ ........ ........ ........| ok p=1
Q43:	|........ ........ ........ ........| ok p=1
Q44:	|........ ........ ........ ........| ok p=1
Q45:	|........ ........ ........ ........| ok p=1
Q46:	|........ ........ ........ ........| ok p=1
Q47:	|........ ........ ........ ........| ok p=1
Q48:	|........ ........ ........ ........| ok p=1
Q49:	|........ ........ ........ ........| ok p=1
Q50:	|........ ........ ........ ........| ok p=1
Q51:	|........ ........ ........ ........| ok p=1
Q52:	|........ ........ ........ ........| ok p=1
Q53:	|........ ........ ........ ........| ok p=1
Q54:	|........ ........ ........ ........| ok p=1
Q55:	|........ ........ ........ ........| ok p=1
Q56:	|........ ........ ........ ........| ok p=1
Q57:	|........ ........ ........ ........| ok p=1
Q58:	|........ ........ ........ ........| ok p=1
Q59:	|........ ........ ........ ........| ok p=1
Q60:	|....0... ........ ........ ........| ok p=1
Q61:	|..101... ........ ........ ........| ok p=0.926758
Q62:	|..1.+... ........ ........ ........| ok p=1
Q63:	|..+--... ........ ........ ........| ok p=0.859375
Q64:	|....+... .....-.. ........ ........|
Best path: totcompl=-25 tottunnel=39, totcond=557, p=0.00354993
Q-3:	|11000000 10110101 11111000 10111101|
Q-2:	|+001-101 00100110 10001000 101101-+|
Q-1:	|-101-110 00101100 00001000 0011100-|
Q0:	|-10-+0-+ +010+-11 01101101 011011-+| ok p=0.513672
Q1:	|...00-00 -...+-.. .......0 .0..-.+1| ok p=1
Q2:	|0..1-+11 -.1..+.. .......- ^+..-0+0| ok p=1
Q3:	|0...1-.+ 1.101+.. .......0 --...1+.| ok p=1
Q4:	|00!.1-.0 -.-.11.. .......1 0+..1+-.| ok p=1
Q5:	|-1....0- +.-^.0.. ........ 1+!..10.| ok p=1
Q6:	|00...011 -.--.+0. ...^!... -+...01.| ok p=1
Q7:	|01^...-- +.-0.10. !.1-.... -0......| ok p=1
Q8:	|.0+...-0 1.11.0-. ..10.... +11....0| ok p=1
Q9:	|.10....0 1.1...-. ..-1.1.. ++0..^.0| ok p=1
Q10:	|.0+0..10 11..01-0 0.-.10.0 +00.1+0+| ok p=1
Q11:	|!0000110 01..00-1 1^-00-01 --1^110+| ok p=1
Q12:	|^+0+100+ +-^^+-0+ +-+0-+1- 1--++0+.| ok p=1
Q13:	|---1---- ++++-+-- 00--0-+0 --11++-0| ok p=1
Q14:	|01110010 .1011+01 001-1110 1+1-00-.| ok p=1
Q15:	|11--000- 10+1-.-- 0+0-.00. 0-.0-11.| ok p=0.5
Q16:	|.1-..0.- ..+..^-. .0.+.0.. .-.0..+.| ok p=0.807617
Q17:	|.00^.1.0 ..1.^.1^ .-.-.1.. .+..^.0.| ok p=0.681641
Q18:	|.+0..+.0 ..-...1. ...+.-.. .+....0.| ok p=0.640625
Q19:	|........ ..-.0.-. .^.+.... 01....-.| ok p=0.998047
Q20:	|0^...^.. ..001... 0..1.^.. 0-..0...| ok p=1
Q21:	|1....0.. ..11-.^. 1..1.... -1..1.^.| ok p=0.366211
Q22:	|-....1.. ...+.... +....... .0..+...| ok p=0.487305
Q23:	|.....+.0 ....^... ...0.... ^.......| ok p=0.96582
Q24:	|^.0....1 ...^.... ^..1...0 ....^...| ok p=0.994141
Q25:	|.....^.- ........ ...-...1 ........| ok p=0.435547
Q26:	|.0+..... ......0. .......- ........| ok p=0.955078
Q27:	|.1+....^ ......1. ...^.... ........| ok p=0.853516
Q28:	|.+-..... ......+. .......^ ........| ok p=0.852539
Q29:	|..0..... ......0. ........ ........| ok p=1
Q30:	|.^1..... ......-. ........ ........| ok p=1
Q31:	|........ ......-. ........ ........| ok p=0.861328
Q32:	|........ ........ ........ ........| ok p=1
Q33:	|........ ......!. ........ ........| ok p=1
Q34:	|........ ........ ........ ........| ok p=1
Q35:	|........ ........ ........ ........| ok p=1
Q36:	|........ ........ ........ ........| ok p=1
Q37:	|........ ........ ........ ........| ok p=1
Q38:	|........ ........ ........ ........| ok p=1
Q39:	|........ ........ ........ ........| ok p=1
Q40:	|........ ........ ........ ........| ok p=1
Q41:	|........ ........ ........ ........| ok p=1
Q42:	|........ ........ ........ ........| ok p=1
Q43:	|........ ........ ........ ........| ok p=1
Q44:	|........ ........ ........ ........| ok p=1
Q45:	|........ ........ ........ ........| ok p=1
Q46:	|........ ........ ........ ........| ok p=1
Q47:	|........ ........ ........ ........| ok p=1
Q48:	|........ ........ ........ ........| ok p=1
Q49:	|........ ........ ........ ........| ok p=1
Q50:	|........ ........ ........ ........| ok p=1
Q51:	|........ ........ ........ ........| ok p=1
Q52:	|........ ........ ........ ........| ok p=1
Q53:	|........ ........ ........ ........| ok p=1
Q54:	|........ ........ ........ ........| ok p=1
Q55:	|........ ........ ........ ........| ok p=1
Q56:	|........ ........ ........ ........| ok p=1
Q57:	|........ ........ ........ ........| ok p=1
Q58:	|........ ........ ........ ........| ok p=1
Q59:	|........ ........ ........ ........| ok p=1
Q60:	|....0... ........ ........ ........| ok p=1
Q61:	|..101... ........ ........ ........| ok p=0.930664
Q62:	|..1.+... ........ ........ ........| ok p=1
Q63:	|..+--... ........ ........ ........| ok p=0.859375
Q64:	|....+... .....-.. ........ ........|
Best path: totcompl=-24 tottunnel=40, totcond=557, p=0.00395492
Best paths: 2
Best paths: 4
Q-3:	|11000000 10110101 11111000 10111101|
Q-2:	|+001-101 00100110 10001000 101101-+|
Q-1:	|-101-110 00101100 00001000 0011100-|
Q0:	|-10-+0-+ +010+-11 01101101 011011-+| ok p=0.488281
Q1:	|...00-00 -...+-.. .......0 .0..-.+1| ok p=1
Q2:	|0..1-+11 -.1..+.. .......- ^+..-0+0| ok p=1
Q3:	|01..1-.+ 1.1.1+.. .......0 --...1+.| ok p=1
Q4:	|00..1-.0 -.-^11.. .......1 0+..1+-.| ok p=1
Q5:	|-1....0- +.-^.0.. ........ 1+!..10.| ok p=1
Q6:	|00...011 -.--.+0. ...^!... -+...01.| ok p=1
Q7:	|01^...-- +.-0.10! ..1-.... -0......| ok p=1
Q8:	|.0+...-0 1.11.0-. ..10.... +11....0| ok p=1
Q9:	|.10....0 1.1...-. ..-1.1.1 ++0..^.0| ok p=1
Q10:	|.0+...1. .1.000-1 11-100.1 +01.0+0+| ok p=1
Q11:	|!00.011. .0.110-1 01-11-0- 0+0^000+| ok p=1
Q12:	|^+0^100. ^+^+--0+ +-+-++1- -1+++0+.| ok p=1
Q13:	|---0+--1 -+++-+-+ ----01-- +-01++-0| ok p=1
Q14:	|01100000 1.0.1+10 011-111. 0+1-00-.| ok p=1
Q15:	|11--000- 10+1-.-- 1+0-..00 0-.0-11.| ok p=0.480469
Q16:	|.1-..0.- ..+..^-. .0.+.0.. .-.0..+.| ok p=0.817383
Q17:	|.00^.1.0 ..1.^.1^ .-.-.1.. .+..^.0.| ok p=0.686523
Q18:	|.+0..+.0 ..-...1. ...+.-.. .+....0.| ok p=0.657227
Q19:	|........ ..-.0.-. .^.+.... 01....-.| ok p=0.996094
Q20:	|0^...^.. ..001... 0..1.^.. 0-..0...| ok p=1
Q21:	|1....0.. ..11-.^. 1..1.... -1..1.^.| ok p=0.339844
Q22:	|-....1.. ...+.... +....... .0..+...| ok p=0.509766
Q23:	|.....+.0 ....^... ...0.... ^.......| ok p=0.970703
Q24:	|^.0....1 ...^.... ^..1...0 ....^...| ok p=0.994141
Q25:	|.....^.- ........ ...-...1 ........| ok p=0.407227
Q26:	|.0+..... ......0. .......- ........| ok p=0.975586
Q27:	|.1+....^ ......1. ...^.... ........| ok p=0.886719
Q28:	|.+-..... ......+. .......^ ........| ok p=0.886719
Q29:	|..0..... ......0. ........ ........| ok p=1
Q30:	|.^1..... ......-. ........ ........| ok p=1
Q31:	|........ ......-. ........ ........| ok p=0.87207
Q32:	|........ ........ ........ ........| ok p=1
Q33:	|........ ......!. ........ ........| ok p=1
Q34:	|........ ........ ........ ........| ok p=1
Q35:	|........ ........ ........ ........| ok p=1
Q36:	|........ ........ ........ ........| ok p=1
Q37:	|........ ........ ........ ........| ok p=1
Q38:	|........ ........ ........ ........| ok p=1
Q39:	|........ ........ ........ ........| ok p=1
Q40:	|........ ........ ........ ........| ok p=1
Q41:	|........ ........ ........ ........| ok p=1
Q42:	|........ ........ ........ ........| ok p=1
Q43:	|........ ........ ........ ........| ok p=1
Q44:	|........ ........ ........ ........| ok p=1
Q45:	|........ ........ ........ ........| ok p=1
Q46:	|........ ........ ........ ........| ok p=1
Q47:	|........ ........ ........ ........| ok p=1
Q48:	|........ ........ ........ ........| ok p=1
Q49:	|........ ........ ........ ........| ok p=1
Q50:	|........ ........ ........ ........| ok p=1
Q51:	|........ ........ ........ ........| ok p=1
Q52:	|........ ........ ........ ........| ok p=1
Q53:	|........ ........ ........ ........| ok p=1
Q54:	|........ ........ ........ ........| ok p=1
Q55:	|........ ........ ........ ........| ok p=1
Q56:	|........ ........ ........ ........| ok p=1
Q57:	|........ ........ ........ ........| ok p=1
Q58:	|........ ........ ........ ........| ok p=1
Q59:	|........ ........ ........ ........| ok p=1
Q60:	|....0... ........ ........ ........| ok p=1
Q61:	|..101... ........ ........ ........| ok p=0.93457
Q62:	|..1.+... ........ ........ ........| ok p=1
Q63:	|..+--... ........ ........ ........| ok p=0.885742
Q64:	|....+... .....-.. ........ ........|
Best path: totcompl=-24 tottunnel=40, totcond=553, p=0.00331795
Q-3:	|11000000 10110101 11111000 10111101|
Q-2:	|+001-101 00100110 10001000 101101-+|
Q-1:	|-101-110 00101100 00001000 0011100-|
Q0:	|-10-+0-+ +010+-11 01101101 011011-+| ok p=0.511719
Q1:	|...00-00 -...+-.. .......0 .0..-.+1| ok p=1
Q2:	|0..1-+11 -.1..+.. .......- ^+..-0+0| ok p=1
Q3:	|01..1-.+ 1.101+.. .......0 --...1+.| ok p=1
Q4:	|00..1-.0 -.-1.1.. .......1 0+..1+-.| ok p=1
Q5:	|-1....0- +.-1.0.. ........ 1+..010.| ok p=1
Q6:	|00...011 -.--.+0. ...^!... -+...01.| ok p=1
Q7:	|01^...-- +.-0.10! ..1-.... -0......| ok p=1
Q8:	|.0+...-0 1.11.0-. ..10.... +11....0| ok p=1
Q9:	|.10....0 1.1...-. ..-1.1.. ++0..^.0| ok p=1
Q10:	|.0+...1. .1.000-1 11-.10.^ +01.0+0+| ok p=1
Q11:	|!00.011. .0.110-1 01-00-^- 1+0^000+| ok p=1
Q12:	|^+0^100. ^+^+--0+ +-+0-0+0 +1+++0+.| ok p=1
Q13:	|---0+--1 -+++-+-+ ----0-1+ +-01++-0| ok p=1
Q14:	|01100000 1.0.1+10 011-1110 .+1-00-.| ok p=1
Q15:	|11--000- 10+1-.-- 1+0-.0.0 0-.0-11.| ok p=0.496094
Q16:	|.1-..0.- ..+..^-. .0.+.0.. .-.0..+.| ok p=0.824219
Q17:	|.00^.1.0 ..1.^.1^ .-.-.1.. .+..^.0.| ok p=0.678711
Q18:	|.+0..+.0 ..-...1. ...+.-.. .+....0.| ok p=0.62207
Q19:	|........ ..-.0.-. .^.+.... 01....-.| ok p=0.998047
Q20:	|0^...^.. ..001... 0..1.^.. 0-..0...| ok p=1
Q21:	|1....0.. ..11-.^. 1..1.... -1..1.^.| ok p=0.339844
Q22:	|-....1.. ...+.... +....... .0..+...| ok p=0.503906
Q23:	|.....+.0 ....^... ...0.... ^.......| ok p=0.963867
Q24:	|^.0....1 ...^.... ^..1...0 ....^...| ok p=0.994141
Q25:	|.....^.- ........ ...-...1 ........| ok p=0.420898
Q26:	|.0+..... ......0. .......- ........| ok p=0.961914
Q27:	|.1+....^ ......1. ...^.... ........| ok p=0.87207
Q28:	|.+-..... ......+. .......^ ........| ok p=0.869141
Q29:	|..0..... ......0. ........ ........| ok p=1
Q30:	|.^1..... ......-. ........ ........| ok p=1
Q31:	|........ ......-. ........ ........| ok p=0.875
Q32:	|........ ........ ........ ........| ok p=1
Q33:	|........ ......!. ........ ........| ok p=1
Q34:	|........ ........ ........ ........| ok p=1
Q35:	|........ ........ ........ ........| ok p=1
Q36:	|........ ........ ........ ........| ok p=1
Q37:	|........ ........ ........ ........| ok p=1
Q38:	|........ ........ ........ ........| ok p=1
Q39:	|........ ........ ........ ........| ok p=1
Q40:	|........ ........ ........ ........| ok p=1
Q41:	|........ ........ ........ ........| ok p=1
Q42:	|........ ........ ........ ........| ok p=1
Q43:	|........ ........ ........ ........| ok p=1
Q44:	|........ ........ ........ ........| ok p=1
Q45:	|........ ........ ........ ........| ok p=1
Q46:	|........ ........ ........ ........| ok p=1
Q47:	|........ ........ ........ ........| ok p=1
Q48:	|........ ........ ........ ........| ok p=1
Q49:	|........ ........ ........ ........| ok p=1
Q50:	|........ ........ ........ ........| ok p=1
Q51:	|........ ........ ........ ........| ok p=1
Q52:	|........ ........ ........ ........| ok p=1
Q53:	|........ ........ ........ ........| ok p=1
Q54:	|........ ........ ........ ........| ok p=1
Q55:	|........ ........ ........ ........| ok p=1
Q56:	|........ ........ ........ ........| ok p=1
Q57:	|........ ........ ........ ........| ok p=1
Q58:	|........ ........ ........ ........| ok p=1
Q59:	|........ ........ ........ ........| ok p=1
Q60:	|....0... ........ ........ ........| ok p=1
Q61:	|..101... ........ ........ ........| ok p=0.927734
Q62:	|..1.+... ........ ........ ........| ok p=1
Q63:	|..+--... ........ ........ ........| ok p=0.863281
Q64:	|....+... .....-.. ........ ........|
Best path: totcompl=-24 tottunnel=40, totcond=551, p=0.00399937
Q-3:	|11000000 10110101 11111000 10111101|
Q-2:	|+001-101 00100110 10001000 101101-+|
Q-1:	|-101-110 00101100 00001000 0011100-|
Q0:	|-10-+0-+ +010+-11 01101101 011011-+| ok p=0.501953
Q1:	|...00-00 -...+-.. .......0 .0..-.+1| ok p=1
Q2:	|0..1-+11 -.1..+.. .......- ^+..-0+0| ok p=1
Q3:	|00..1-.+ 1.1.1+.. .......0 --...1+.| ok p=1
Q4:	|01..1-.0 -.-^11.. .......1 0+..1+-.| ok p=1
Q5:	|+0....0- +.-^.0.. ........ 1+..010.| ok p=1
Q6:	|01...011 -.--.+0. ...^!... -+...01.| ok p=1
Q7:	|0.^...-- +.-0.10! ...-.... -1......| ok p=1
Q8:	|.!+...-0 1.11.0-. ...1.... +00..01.| ok p=1
Q9:	|!.0....0 1.0-.++. ...10..0 ++1..10.| ok p=1
Q10:	|.1101111 .11-10-0 ..1.1^10 +01.1+-.| ok p=1
Q11:	|.1-01011 .0001--1 0^0^1-0- 0+0^0+-.| ok p=1
Q12:	|!+--++++ ^++++01+ 1++++1+- -0-----.| ok p=1
Q13:	|!-++---- ++++-1-+ -1+0+++- +-00110.| ok p=0.413086
Q14:	|.1+00000 1.0.1.+1 10.-.1.. 0000-1-.| ok p=0.0263672
Q15:	|.10+001- 11+0-.-- 1+1-1110 1-..-.1.| ok p=0.630859
Q16:	|.0-..0.- ..+...+. .0.+.0.. .1..0.+.| ok p=0.737305
Q17:	|.0.^.1.0 ..1.^.1^ .-.-.1.. .+..1.0.| ok p=0.689453
Q18:	|.+^..+.1 ..-...1. ...+.-.. .+....0.| ok p=0.680664
Q19:	|........ ..-.0.-. .^.+.... 0-....-.| ok p=1
Q20:	|0^...^.. ..001... 0..1.^.. 1-..0...| ok p=1
Q21:	|1....0.. ..11-.^. 1..1.... -0..1.^.| ok p=0.353516
Q22:	|-....1.. ...+.... +....... .0..+...| ok p=0.499023
Q23:	|.....+.0 ....^... ...0.... ^.......| ok p=0.969727
Q24:	|^.0....1 ...^.... ^..1...0 ....^...| ok p=0.99707
Q25:	|.....^.- ........ ...-...1 ........| ok p=0.426758
Q26:	|.0+..... ......0. .......- ........| ok p=0.97168
Q27:	|.1+....^ ......1. ...^.... ........| ok p=0.882812
Q28:	|.+-..... ......+. .......^ ........| ok p=0.864258
Q29:	|..0..... ......0. ........ ........| ok p=1
Q30:	|.^1..... ......-. ........ ........| ok p=1
Q31:	|........ ......-. ........ ........| ok p=0.862305
Q32:	|........ ........ ........ ........| ok p=1
Q33:	|........ ......!. ........ ........| ok p=1
Q34:	|........ ........ ........ ........| ok p=1
Q35:	|........ ........ ........ ........| ok p=1
Q36:	|........ ........ ........ ........| ok p=1
Q37:	|........ ........ ........ ........| ok p=1
Q38:	|........ ........ ........ ........| ok p=1
Q39:	|........ ........ ........ ........| ok p=1
Q40:	|........ ........ ........ ........| ok p=1
Q41:	|........ ........ ........ ........| ok p=1
Q42:	|........ ........ ........ ........| ok p=1
Q43:	|........ ........ ........ ........| ok p=1
Q44:	|........ ........ ........ ........| ok p=1
Q45:	|........ ........ ........ ........| ok p=1
Q46:	|........ ........ ........ ........| ok p=1
Q47:	|........ ........ ........ ........| ok p=1
Q48:	|........ ........ ........ ........| ok p=1
Q49:	|........ ........ ........ ........| ok p=1
Q50:	|........ ........ ........ ........| ok p=1
Q51:	|........ ........ ........ ........| ok p=1
Q52:	|........ ........ ........ ........| ok p=1
Q53:	|........ ........ ........ ........| ok p=1
Q54:	|........ ........ ........ ........| ok p=1
Q55:	|........ ........ ........ ........| ok p=1
Q56:	|........ ........ ........ ........| ok p=1
Q57:	|........ ........ ........ ........| ok p=1
Q58:	|........ ........ ........ ........| ok p=1
Q59:	|........ ........ ........ ........| ok p=1
Q60:	|....0... ........ ........ ........| ok p=1
Q61:	|..101... ........ ........ ........| ok p=0.93457
Q62:	|..1.+... ........ ........ ........| ok p=1
Q63:	|..+--... ........ ........ ........| ok p=0.881836
Q64:	|....+... .....-.. ........ ........|
Best path: totcompl=-23 tottunnel=41, totcond=547, p=5.77807e-05
Q-3:	|11000000 10110101 11111000 10111101|
Q-2:	|+001-101 00100110 10001000 101101-+|
Q-1:	|-101-110 00101100 00001000 0011100-|
Q0:	|-10-+0-+ +010+-11 01101101 011011-+| ok p=0.523438
Q1:	|...00-00 -...+-.. .......0 .0..-.+1| ok p=1
Q2:	|0..1-+11 -.1..+.. .......- ^+..-0+0| ok p=1
Q3:	|00..1-.+ 1.101+.. .......0 --...1+.| ok p=1
Q4:	|01..1-.0 -.-.11.. .......1 0+..1+-.| ok p=1
Q5:	|+0....0- +.-^.0.. ........ 1+!..10.| ok p=1
Q6:	|01...011 -.--.+0. ...^.!.. -+...01.| ok p=1
Q7:	|0.^...-- +.-0.10. !..-.... -1......| ok p=1
Q8:	|.!+...-0 1.11.0-. ...1.... +00..01.| ok p=1
Q9:	|.!0....0 1.0-.++. ...10..0 ++1..10.| ok p=1
Q10:	|.11..011 .11-10-0 ..1.1^10 +01.1+-.| ok p=1
Q11:	|!1-.0111 .0001--1 0^0^1-0- 0+0^0+-.| ok p=1
Q12:	|!+-.1-++ ^++++01+ 1++++1+- -0-----.| ok p=1
Q13:	|!-+1+--- ++++-1-+ -1+0+++- +-00110.| ok p=0.429688
Q14:	|.1+00.00 1.0.1.+1 10.-.1.. 0000-1-.| ok p=0.046875
Q15:	|.10+001- 11+0-.-- 1+1-1110 1-..-.1.| ok p=0.649414
Q16:	|.0-..0.- ..+...+. .0.+.0.. .1..0.+.| ok p=0.739258
Q17:	|.0.^.1.0 ..1.^.1^ .-.-.1.. .+..1.0.| ok p=0.702148
Q18:	|.+^..+.1 ..-...1. ...+.-.. .+....0.| ok p=0.673828
Q19:	|........ ..-.0.-. .^.+.... 0-....-.| ok p=0.99707
Q20:	|0^...^.. ..001... 0..1.^.. 1-..0...| ok p=1
Q21:	|1....0.. ..11-.^. 1..1.... -0..1.^.| ok p=0.303711
Q22:	|-....1.. ...+.... +....... .0..+...| ok p=0.477539
Q23:	|.....+.0 ....^... ...0.... ^.......| ok p=0.975586
Q24:	|^.0....1 ...^.... ^..1...0 ....^...| ok p=0.995117
Q25:	|.....^.- ........ ...-...1 ........| ok p=0.433594
Q26:	|.0+..... ......0. .......- ........| ok p=0.975586
Q27:	|.1+....^ ......1. ...^.... ........| ok p=0.885742
Q28:	|.+-..... ......+. .......^ ........| ok p=0.865234
Q29:	|..0..... ......0. ........ ........| ok p=1
Q30:	|.^1..... ......-. ........ ........| ok p=1
Q31:	|........ ......-. ........ ........| ok p=0.876953
Q32:	|........ ........ ........ ........| ok p=1
Q33:	|........ ......!. ........ ........| ok p=1
Q34:	|........ ........ ........ ........| ok p=1
Q35:	|........ ........ ........ ........| ok p=1
Q36:	|........ ........ ........ ........| ok p=1
Q37:	|........ ........ ........ ........| ok p=1
Q38:	|........ ........ ........ ........| ok p=1
Q39:	|........ ........ ........ ........| ok p=1
Q40:	|........ ........ ........ ........| ok p=1
Q41:	|........ ........ ........ ........| ok p=1
Q42:	|........ ........ ........ ........| ok p=1
Q43:	|........ ........ ........ ........| ok p=1
Q44:	|........ ........ ........ ........| ok p=1
Q45:	|........ ........ ........ ........| ok p=1
Q46:	|........ ........ ........ ........| ok p=1
Q47:	|........ ........ ........ ........| ok p=1
Q48:	|........ ........ ........ ........| ok p=1
Q49:	|........ ........ ........ ........| ok p=1
Q50:	|........ ........ ........ ........| ok p=1
Q51:	|........ ........ ........ ........| ok p=1
Q52:	|........ ........ ........ ........| ok p=1
Q53:	|........ ........ ........ ........| ok p=1
Q54:	|........ ........ ........ ........| ok p=1
Q55:	|........ ........ ........ ........| ok p=1
Q56:	|........ ........ ........ ........| ok p=1
Q57:	|........ ........ ........ ........| ok p=1
Q58:	|........ ........ ........ ........| ok p=1
Q59:	|........ ........ ........ ........| ok p=1
Q60:	|....0... ........ ........ ........| ok p=1
Q61:	|..101... ........ ........ ........| ok p=0.951172
Q62:	|..1.+... ........ ........ ........| ok p=1
Q63:	|..+--... ........ ........ ........| ok p=0.875
Q64:	|....+... .....-.. ........ ........|
Best path: totcompl=-21 tottunnel=43, totcond=543, p=8.58436e-05
**Best paths: 2
**Best paths: 4
Q-3:	|11000000 10110101 11111000 10111101|
Q-2:	|+001-101 00100110 10001000 101101-+|
Q-1:	|-101-110 00101100 00001000 0011100-|
Q0:	|-10-+0-+ +010+-11 01101101 011011-+| ok p=0.493164
Q1:	|...00-00 -...+-.. .......0 .0..-.+1| ok p=1
Q2:	|0..1-+11 -.1..+.. .......- ^+..-0+0| ok p=1
Q3:	|00..1-.+ 1.101+.. .......0 --...1+.| ok p=1
Q4:	|01..1-.0 -.-1.1.. .......1 0+..1+-.| ok p=1
Q5:	|+0....0- +.-1.0.. ........ 1+!..10.| ok p=1
Q6:	|01...011 -.--.+0. ...^!... -+...01.| ok p=1
Q7:	|0.^...-- +.-0.10! ...-.... -1......| ok p=1
Q8:	|1.+...-0 1.11.0-. ...1.... +00...1.| ok p=1
Q9:	|0.0....0 1.0-.++. ...1.1.. ++1..00.| ok p=1
Q10:	|01111111 001-10-1 .....00. +0.100+.| ok p=1
Q11:	|01-.1000 011-1--1 ^...0-1^ --.01+-^| ok p=1
Q12:	|---.++++ +++0+11+ +^^11--- --.+--0-| ok p=1
Q13:	|-+.0-+++ ++++-1-+ 0--0+++0 --.01100| ok p=1
Q14:	|11101..0 ..101.+1 100-0010 .+.1-1-1| ok p=1
Q15:	|011+110- 0101-.-- 0+1-111. 1-..-.1.| ok p=0.942383
Q16:	|.0+..0.- ..+...+. .0.+.0.. .0..0.+.| ok p=1
Q17:	|.1.^.1.0 ..0.^.1^ .-.-.1.. .+..1.0.| ok p=0.713867
Q18:	|.+^..+.1 ..-...1. ...+.-.. .+....0.| ok p=0.679688
Q19:	|........ ..-.0.-. .^.+.... 0-....-.| ok p=0.999023
Q20:	|0^...^.. ..001... 0..1.^.. 1-..0...| ok p=1
Q21:	|1....0.. ..11-.^. 1..1.... -0..1.^.| ok p=0.322266
Q22:	|-....1.. ...+.... +....... .0..+...| ok p=0.536133
Q23:	|.....+.0 ....^... ...0.... ^.......| ok p=0.975586
Q24:	|^.0....1 ...^.... ^..1...0 ....^...| ok p=0.990234
Q25:	|.....^.- ........ ...-...1 ........| ok p=0.431641
Q26:	|.0+..... ......0. .......- ........| ok p=0.958984
Q27:	|.1+....^ ......1. ...^.... ........| ok p=0.889648
Q28:	|.+-..... ......+. .......^ ........| ok p=0.862305
Q29:	|..0..... ......0. ........ ........| ok p=1
Q30:	|.^1..... ......-. ........ ........| ok p=1
Q31:	|........ ......-. ........ ........| ok p=0.885742
Q32:	|........ ........ ........ ........| ok p=1
Q33:	|........ ......!. ........ ........| ok p=1
Q34:	|........ ........ ........ ........| ok p=1
Q35:	|........ ........ ........ ........| ok p=1
Q36:	|........ ........ ........ ........| ok p=1
Q37:	|........ ........ ........ ........| ok p=1
Q38:	|........ ........ ........ ........| ok p=1
Q39:	|........ ........ ........ ........| ok p=1
Q40:	|........ ........ ........ ........| ok p=1
Q41:	|........ ........ ........ ........| ok p=1
Q42:	|........ ........ ........ ........| ok p=1
Q43:	|........ ........ ........ ........| ok p=1
Q44:	|........ ........ ........ ........| ok p=1
Q45:	|........ ........ ........ ........| ok p=1
Q46:	|........ ........ ........ ........| ok p=1
Q47:	|........ ........ ........ ........| ok p=1
Q48:	|........ ........ ........ ........| ok p=1
Q49:	|........ ........ ........ ........| ok p=1
Q50:	|........ ........ ........ ........| ok p=1
Q51:	|........ ........ ........ ........| ok p=1
Q52:	|........ ........ ........ ........| ok p=1
Q53:	|........ ........ ........ ........| ok p=1
Q54:	|........ ........ ........ ........| ok p=1
Q55:	|........ ........ ........ ........| ok p=1
Q56:	|........ ........ ........ ........| ok p=1
Q57:	|........ ........ ........ ........| ok p=1
Q58:	|........ ........ ........ ........| ok p=1
Q59:	|........ ........ ........ ........| ok p=1
Q60:	|....0... ........ ........ ........| ok p=1
Q61:	|..101... ........ ........ ........| ok p=0.947266
Q62:	|..1.+... ........ ........ ........| ok p=1
Q63:	|..+--... ........ ........ ........| ok p=0.864258
Q64:	|....+... .....-.. ........ ........|
Best path: totcompl=-19 tottunnel=45, totcond=542, p=0.00783435
******Best paths: 2
****************