Extend MD5 differential paths forward
Copyright (C) 2009 Marc Stevens
http://homepages.cwi.nl/~stevens/

delta_m[11] = [!17!]
Loading workdir5/lowerpath.bin.gz...done: 1.
Estimating maxcond for upper bound 8000000 (=2000000 * 4)...
t=1:  0%   10   20   30   40   50   60   70   80   90   100%
      |----|----|----|----|----|----|----|----|----|----|
e     ***************************************************
Found maxcond = 2176
t=1:  0%   10   20   30   40   50   60   70   80   90   100%
      |----|----|----|----|----|----|----|----|----|----|
      ***************************************************
Q-3:	|11000000 10110101 11111000 10111101|
Q-2:	|+001-101 00100110 10001000 101101-+|
Q-1:	|-101-110 00101100 00001000 0011100-|
Q0:	|-10-+0-+ +010+-11 01101101 011011-+| ok p=0.460938
Q1:	|...01-00 -...0+.. ........ .....--1| ok p=0.755859
Q2:	|.-...-.. -....+.. -.+..... .+..-.+.|
Saving 448 paths...done.
Autobalance parameters: maxcond=2176
Verified: 0 bad out of 448
Estimating maxcond for upper bound 8000000 (=2000000 * 4)...
t=2:  0%   10   20   30   40   50   60   70   80   90   100%
      |----|----|----|----|----|----|----|----|----|----|
e     ***************************************************
Found maxcond = 160
t=2:  0%   10   20   30   40   50   60   70   80   90   100%
      |----|----|----|----|----|----|----|----|----|----|
      ***************************************************
Q-3:	|11000000 10110101 11111000 10111101|
Q-2:	|+001-101 00100110 10001000 101101-+|
Q-1:	|-101-110 00101100 00001000 0011100-|
Q0:	|-10-+0-+ +010+-11 01101101 011011-+| ok p=0.5
Q1:	|...01-00 -...+-.. ........ .1..-.+1| ok p=0.982422
Q2:	|1..11-11 -....+.. ........ .+..-.+1| ok p=0.582031
Q3:	|.....-.. -....+.- ..-.+... .+....+.|
Saving 2000000 paths...done.
Autobalance parameters: maxcond=158
Verified: 245521 bad out of 3579999
Estimating maxcond for upper bound 8000000 (=2000000 * 4)...
t=3:  0%   10   20   30   40   50   60   70   80   90   100%
      |----|----|----|----|----|----|----|----|----|----|
e     ***************************************************
Found maxcond = 169
t=3:  0%   10   20   30   40   50   60   70   80   90   100%
      |----|----|----|----|----|----|----|----|----|----|
      ***************************************************
Q-3:	|11000000 10110101 11111000 10111101|
Q-2:	|+001-101 00100110 10001000 101101-+|
Q-1:	|-101-110 00101100 00001000 0011100-|
Q0:	|-10-+0-+ +010+-11 01101101 011011-+| ok p=0.490234
Q1:	|...01-00 -...+-.. ....V... .0..-.+1| ok p=0.974609
Q2:	|0..10-11 -....+.. ........ .+..-.+0| ok p=0.981445
Q3:	|.....-.- ....1+.. ....-... .+....+.| ok p=0.511719
Q4:	|....+.+. -.-..... +...-..+ .+....+.|
Saving 2000000 paths...done.
Autobalance parameters: maxcond=167
Verified: 4276 bad out of 3342126
Estimating maxcond for upper bound 8000000 (=2000000 * 4)...
t=4:  0%   10   20   30   40   50   60   70   80   90   100%
      |----|----|----|----|----|----|----|----|----|----|
e     ***************************************************
Found maxcond = 180
t=4:  0%   10   20   30   40   50   60   70   80   90   100%
      |----|----|----|----|----|----|----|----|----|----|
      ***************************************************
Q-3:	|11000000 10110101 11111000 10111101|
Q-2:	|+001-101 00100110 10001000 101101-+|
Q-1:	|-101-110 00101100 00001000 0011100-|
Q0:	|-10-+0-+ +010+-11 01101101 011011-+| ok p=0.492188
Q1:	|...00-00 -...+-.. .......1 .1..-.+1| ok p=0.958008
Q2:	|0..1-+11 -.V..+.. .V.....- .+..-.+0| ok p=1
Q3:	|....-+1. -...1+.. .......- .+....+.| ok p=0.566406
Q4:	|.....--. ..-..... .-...... .+..1.+.| ok p=0.47168
Q5:	|+.....-. ..-..... -.-...-. .+....-.|
Saving 2000000 paths...done.
Autobalance parameters: maxcond=179
Verified: 9314 bad out of 2396355
Estimating maxcond for upper bound 8000000 (=2000000 * 4)...
t=5:  0%   10   20   30   40   50   60   70   80   90   100%
      |----|----|----|----|----|----|----|----|----|----|
e     ***************************************************
Found maxcond = 192
t=5:  0%   10   20   30   40   50   60   70   80   90   100%
      |----|----|----|----|----|----|----|----|----|----|
      ***************************************************
Q-3:	|11000000 10110101 11111000 10111101|
Q-2:	|+001-101 00100110 10001000 101101-+|
Q-1:	|-101-110 00101100 00001000 0011100-|
Q0:	|-10-+0-+ +010+-11 01101101 011011-+| ok p=0.479492
Q1:	|...00-00 -...+-.. .......0 V0..-.+1| ok p=1
Q2:	|0..1-+11 -.V..+.. .......- .+..-.+0| ok p=1
Q3:	|....1-.+ 0.1.1+.. .......0 --....+.| ok p=0.441406
Q4:	|....1-.- +.-..... .......1 0+..1.+.| ok p=0.982422
Q5:	|.......0 -.-..1.. .......- --......| ok p=0.723633
Q6:	|.+.....- .+...+.. .-....-. .-..+...|
Saving 2000000 paths...done.
Autobalance parameters: maxcond=191
Verified: 2208 bad out of 2283587
Estimating maxcond for upper bound 8000000 (=2000000 * 4)...
t=6:  0%   10   20   30   40   50   60   70   80   90   100%
      |----|----|----|----|----|----|----|----|----|----|
e     ***************************************************
Found maxcond = 204
t=6:  0%   10   20   30   40   50   60   70   80   90   100%
      |----|----|----|----|----|----|----|----|----|----|
      ***************************************************
Q-3:	|11000000 10110101 11111000 10111101|
Q-2:	|+001-101 00100110 10001000 101101-+|
Q-1:	|-101-110 00101100 00001000 0011100-|
Q0:	|-10-+0-+ +010+-11 01101101 011011-+| ok p=0.486328
Q1:	|...00-00 -...+-.. .......0 V0..-.+1| ok p=1
Q2:	|0..1-+11 -.V..+.. .......- 0+..-.+0| ok p=1
Q3:	|.1..1-.+ 0.1.1+.. .......0 --....+.| ok p=0.432617
Q4:	|.0..1-.0 -V-..... .V.....1 +-..1.+.| ok p=0.705078
Q5:	|.-.....0 -.-..0.. .......- --......| ok p=0.413086
Q6:	|.+...1.. --...... .-.....+ ++....1.| ok p=0.94043
Q7:	|.+...-.- .+...+.. .-..-.+. +...+...|
Saving 2000000 paths...done.
Autobalance parameters: maxcond=203
Verified: 1224 bad out of 2993132
Estimating maxcond for upper bound 8000000 (=2000000 * 4)...
t=7:  0%   10   20   30   40   50   60   70   80   90   100%
      |----|----|----|----|----|----|----|----|----|----|
e     ***************************************************
Found maxcond = 216
t=7:  0%   10   20   30   40   50   60   70   80   90   100%
      |----|----|----|----|----|----|----|----|----|----|
      ***************************************************
Q-3:	|11000000 10110101 11111000 10111101|
Q-2:	|+001-101 00100110 10001000 101101-+|
Q-1:	|-101-110 00101100 00001000 0011100-|
Q0:	|-10-+0-+ +010+-11 01101101 011011-+| ok p=0.504883
Q1:	|...00-00 -...+-.. .......0 V0..-V+1| ok p=1
Q2:	|0..1-+11 -.V..+.. .......- .+..-.+0| ok p=1
Q3:	|.V..1-.+ 0.1.1+.. .......0 --...+-.| ok p=0.34375
Q4:	|....1-.0 -1-..0.. .......1 0+..11+.| ok p=0.768555
Q5:	|.-....V0 -0-..1.. ...V...- 0+...01.| ok p=0.693359
Q6:	|.0...0.. --...-.. .......- .-....1.| ok p=0.974609
Q7:	|.1....-. .+1..0.. ...-.... .0......| ok p=0.863281
Q8:	|..-....- .-....-. +.+.+... ........|
Saving 2000000 paths...done.
Autobalance parameters: maxcond=215
Verified: 2407 bad out of 2681264
Estimating maxcond for upper bound 8000000 (=2000000 * 4)...
t=8:  0%   10   20   30   40   50   60   70   80   90   100%
      |----|----|----|----|----|----|----|----|----|----|
e     ***************************************************
Found maxcond = 228
t=8:  0%   10   20   30   40   50   60   70   80   90   100%
      |----|----|----|----|----|----|----|----|----|----|
      ***************************************************
Q-3:	|11000000 10110101 11111000 10111101|
Q-2:	|+001-101 00100110 10001000 101101-+|
Q-1:	|-101-110 00101100 00001000 0011100-|
Q0:	|-10-+0-+ +010+-11 01101101 011011-+| ok p=0.500977
Q1:	|...00-00 -...+-.. .......0 V0..-V+1| ok p=1
Q2:	|0..1-+11 -.V..+.. .......- .+..-.+0| ok p=1
Q3:	|....1-.+ 0.1.1+.. .......0 --...+-.| ok p=0.339844
Q4:	|.V..1-.- +1-..0.. .......1 0+..11+.| ok p=0.976562
Q5:	|.1.....- +0-..1.. ....V..- 0+...01.| ok p=0.625977
Q6:	|.+...1.1 --...-.V V......- .-....1.| ok p=0.918945
Q7:	|.+.....- --1..0.. ....-... .1......| ok p=0.764648
Q8:	|.......- .-...1.- -...0..1 .1......| ok p=0.540039
Q9:	|.+.+...- .-....-. ..+..... ..+....-|
Saving 2000000 paths...done.
Autobalance parameters: maxcond=227
Verified: 10190 bad out of 3070697
Estimating maxcond for upper bound 8000000 (=2000000 * 4)...
t=9:  0%   10   20   30   40   50   60   70   80   90   100%
      |----|----|----|----|----|----|----|----|----|----|
e     ***************************************************
Found maxcond = 240
t=9:  0%   10   20   30   40   50   60   70   80   90   100%
      |----|----|----|----|----|----|----|----|----|----|
      ***************************************************
Q-3:	|11000000 10110101 11111000 10111101|
Q-2:	|+001-101 00100110 10001000 101101-+|
Q-1:	|-101-110 00101100 00001000 0011100-|
Q0:	|-10-+0-+ +010+-11 01101101 011011-+| ok p=0.498047
Q1:	|...00-00 -...+-.. .......0 V0..-V+1| ok p=1
Q2:	|0..1-+11 -.V..+.. .......- .+..-.+0| ok p=1
Q3:	|.V..1-.+ 0.1.1+.. .......0 --...+-.| ok p=0.336914
Q4:	|....1-.0 -1-..0.. .......1 0+..11+.| ok p=0.779297
Q5:	|.-....00 -0-..1.. ...V...- 0+...01.| ok p=0.69043
Q6:	|.0...01. --...-1. ...0...- .-....1.| ok p=0.956055
Q7:	|.1.V..-. +-0..00. V..-.... .1......| ok p=0.761719
Q8:	|.-....-. ++...1-. ...+...1 .0......| ok p=0.251953
Q9:	|.+.+.... .-....-. -..+.... .+......| ok p=0.464844
Q10:	|...-.... -.+.+.-. -..+.-.. ..+..-..|
Saving 2000000 paths...done.
Autobalance parameters: maxcond=239
Verified: 4290 bad out of 2416316
Estimating maxcond for upper bound 8000000 (=2000000 * 4)...
t=10: 0%   10   20   30   40   50   60   70   80   90   100%
      |----|----|----|----|----|----|----|----|----|----|
e     ***************************************************
Found maxcond = 253
t=10: 0%   10   20   30   40   50   60   70   80   90   100%
      |----|----|----|----|----|----|----|----|----|----|
      ***************************************************
Q-3:	|11000000 10110101 11111000 10111101|
Q-2:	|+001-101 00100110 10001000 101101-+|
Q-1:	|-101-110 00101100 00001000 0011100-|
Q0:	|-10-+0-+ +010+-11 01101101 011011-+| ok p=0.513672
Q1:	|...00-00 -...+-.. .......0 V0..-.+1| ok p=1
Q2:	|0..1-+11 -.V..+.. .......- .+..-0+0| ok p=1
Q3:	|V...1-.+ 1.1.1+.. .......0 --...1+.| ok p=0.478516
Q4:	|....1-.0 -.-V.1.. .......1 0+..1+-.| ok p=0.516602
Q5:	|-.....0- +.-..0.. ...V.... 1+...10.| ok p=0.462891
Q6:	|0.V..011 -.--.+V. ........ -+...01.| ok p=0.96582
Q7:	|0.....-- +.-0.11. ...-.... -1......| ok p=0.454102
Q8:	|..+...-0 1..1.0-. ...1.... +0....V.| ok p=0.444336
Q9:	|..0....0 1.0-.++. ...1.... ++......| ok p=0.858398
Q10:	|..-...1. ...-.0-. ........ +0....+.| ok p=0.797852
Q11:	|.-...... ...-..-. .+...-.- .+....+.|
Saving 2000000 paths...done.
Autobalance parameters: maxcond=252
Verified: 121848 bad out of 2689888
Runtime: 81.2068
Extend MD5 differential paths forward
Copyright (C) 2009 Marc Stevens
http://homepages.cwi.nl/~stevens/

delta_m[11] = [!17!]
Loading workdir5/paths10_0of1...done: 2000000 (work:2000000).
Estimating maxcond for upper bound 2000000 (=500000 * 4)...
t=11: 0%   10   20   30   40   50   60   70   80   90   100%
      |----|----|----|----|----|----|----|----|----|----|
e     ***************************************************
Found maxcond = 263
t=11: 0%   10   20   30   40   50   60   70   80   90   100%
      |----|----|----|----|----|----|----|----|----|----|
      ***************************************************
Q-3:	|11000000 10110101 11111000 10111101|
Q-2:	|+001-101 00100110 10001000 101101-+|
Q-1:	|-101-110 00101100 00001000 0011100-|
Q0:	|-10-+0-+ +010+-11 01101101 011011-+| ok p=0.476562
Q1:	|...00-00 -...+-.. .......0 V0..-.+1| ok p=1
Q2:	|0..1-+11 -.V..+.. .......- .+..-0+0| ok p=1
Q3:	|V...1-.+ 1.1.1+.. .......0 --...1+.| ok p=0.464844
Q4:	|....1-.0 -.-V.1.. .......1 0+..1+-.| ok p=0.516602
Q5:	|+.....0- +.-..0.. ...V.... 1+...10.| ok p=0.507812
Q6:	|0.V..011 -.--.+V. ........ -+...01.| ok p=0.963867
Q7:	|0.....-- +.-0.10. ...-.... -0......| ok p=0.442383
Q8:	|..+...-0 1..1.0-. ...0.... +0....V0| ok p=0.475586
Q9:	|..0....0 1.0..0-. ...1.V.. ++.....1| ok p=0.810547
Q10:	|..+...1. .....--. ........ +0....++| ok p=0.875977
Q11:	|..0..... .....-.. .....-.. --....0-| ok p=0.594727
Q12:	|.+.+.... .+...+.. -...-.+. .-.....-|
Saving 500000 paths...done.
Autobalance parameters: maxcond=261
Verified: 971 bad out of 891589
Runtime: 15.9095
