MD5 differential path toolbox
Copyright (C) 2009 Marc Stevens
http://homepages.cwi.nl/~stevens/

IHV1   = {3233151165,3525799278,3727427641,489064630}
IHV1   = bdf8b5c06e6d27d239082cdeb688261d

IHV2   = {3233151165,1235971437,1445726264,2502330549}
IHV2   = bdf8b5c06d6dab4938082c56b5882695

dIHV   = {0,2005139455,2013265919,2013265919}
NC0: delta c = delta d = [!0,31!]
NC0: delta b           = [!0,23,31!]
NC1: delta c = delta d = [!27!]
NC1: delta b           = [!-18,27!]
NC0: prob=-10.9491
NC1: prob=-7.81962
delta m_11 = [!17!]
Q-3:	|11000000 10110101 11111000 10111101|
Q-2:	|+001-101 00100110 10001000 101101-+|
Q-1:	|-101-110 00101100 00001000 0011100-|
Q0:	|-10-+0-+ +010+-11 01101101 011011-+| ok p=0.521484
Q1:	|.....-.. -....+.. ........ ....-.+.|
Saved lower diff. path to 'workdir5/lowerpath.bin.gz'.

Q32:	|........ ........ ........ ........|
Q33:	|........ ........ ........ ........|
Q34:	|........ ........ ........ ........|
Q35:	|........ ........ ........ ........| ok p=1
Q36:	|........ ........ ........ ........| ok p=1
Q37:	|........ ........ ........ ........| ok p=1
Q38:	|........ ........ ........ ........| ok p=1
Q39:	|........ ........ ........ ........| ok p=1
Q40:	|........ ........ ........ ........| ok p=1
Q41:	|........ ........ ........ ........| ok p=1
Q42:	|........ ........ ........ ........| ok p=1
Q43:	|........ ........ ........ ........| ok p=1
Q44:	|........ ........ ........ ........| ok p=1
Q45:	|........ ........ ........ ........| ok p=1
Q46:	|........ ........ ........ ........| ok p=1
Q47:	|........ ........ ........ ........| ok p=1
Q48:	|........ ........ ........ ........| ok p=1
Q49:	|........ ........ ........ ........| ok p=1
Q50:	|........ ........ ........ ........| ok p=1
Q51:	|........ ........ ........ ........| ok p=1
Q52:	|........ ........ ........ ........| ok p=1
Q53:	|........ ........ ........ ........| ok p=1
Q54:	|........ ........ ........ ........| ok p=1
Q55:	|........ ........ ........ ........| ok p=1
Q56:	|........ ........ ........ ........| ok p=1
Q57:	|........ ........ ........ ........| ok p=1
Q58:	|........ ........ ........ ........| ok p=1
Q59:	|........ ........ ........ ........| ok p=1
Q60:	|....0... ........ ........ ........| ok p=1
Q61:	|..101... ........ ........ ........| ok p=0.943359
Q62:	|..1.+... ........ ........ ........| ok p=1
Q63:	|..+--... ........ ........ ........| ok p=0.875977
Q64:	|....+... .....-.. ........ ........|
Saved upper diff. path to 'workdir5/upperpath.bin.gz'.
Saved 'md5diffpathforward.cfg'.
Saved 'md5diffpathbackward.cfg'.
Saved 'md5diffpathconnect.cfg'.
Saved 'md5diffpathhelper.cfg'.
